[2024-06-07T07:54:26.015+0000] {processor.py:161} INFO - Started process (PID=48) to work on /home/airflow/.local/lib/python3.12/site-packages/airflow/example_dags/example_sla_dag.py
[2024-06-07T07:54:26.017+0000] {processor.py:830} INFO - Processing file /home/airflow/.local/lib/python3.12/site-packages/airflow/example_dags/example_sla_dag.py for tasks to queue
[2024-06-07T07:54:26.026+0000] {logging_mixin.py:188} INFO - [2024-06-07T07:54:26.026+0000] {dagbag.py:545} INFO - Filling up the DagBag from /home/airflow/.local/lib/python3.12/site-packages/airflow/example_dags/example_sla_dag.py
[2024-06-07T07:54:26.055+0000] {processor.py:840} INFO - DAG(s) 'example_sla_dag' retrieved from /home/airflow/.local/lib/python3.12/site-packages/airflow/example_dags/example_sla_dag.py
[2024-06-07T07:54:26.758+0000] {logging_mixin.py:188} INFO - [2024-06-07T07:54:26.756+0000] {override.py:1829} INFO - Created Permission View: can delete on DAG:example_sla_dag
[2024-06-07T07:54:26.900+0000] {logging_mixin.py:188} INFO - [2024-06-07T07:54:26.899+0000] {override.py:1829} INFO - Created Permission View: can read on DAG:example_sla_dag
[2024-06-07T07:54:27.028+0000] {logging_mixin.py:188} INFO - [2024-06-07T07:54:27.027+0000] {override.py:1829} INFO - Created Permission View: can edit on DAG:example_sla_dag
[2024-06-07T07:54:27.029+0000] {logging_mixin.py:188} INFO - [2024-06-07T07:54:27.029+0000] {dag.py:3096} INFO - Sync 1 DAGs
[2024-06-07T07:54:27.065+0000] {logging_mixin.py:188} INFO - [2024-06-07T07:54:27.064+0000] {dag.py:3118} INFO - Creating ORM DAG for example_sla_dag
[2024-06-07T07:54:27.109+0000] {logging_mixin.py:188} INFO - [2024-06-07T07:54:27.108+0000] {dag.py:3954} INFO - Setting next_dagrun for example_sla_dag to 2024-06-07 07:52:00+00:00, run_after=2024-06-07 07:54:00+00:00
[2024-06-07T07:54:27.369+0000] {processor.py:183} INFO - Processing /home/airflow/.local/lib/python3.12/site-packages/airflow/example_dags/example_sla_dag.py took 1.369 seconds
[2024-06-07T07:55:27.225+0000] {processor.py:161} INFO - Started process (PID=113) to work on /home/airflow/.local/lib/python3.12/site-packages/airflow/example_dags/example_sla_dag.py
[2024-06-07T07:55:27.228+0000] {processor.py:830} INFO - Processing file /home/airflow/.local/lib/python3.12/site-packages/airflow/example_dags/example_sla_dag.py for tasks to queue
[2024-06-07T07:55:27.234+0000] {logging_mixin.py:188} INFO - [2024-06-07T07:55:27.233+0000] {dagbag.py:545} INFO - Filling up the DagBag from /home/airflow/.local/lib/python3.12/site-packages/airflow/example_dags/example_sla_dag.py
[2024-06-07T07:55:27.372+0000] {processor.py:840} INFO - DAG(s) 'example_sla_dag' retrieved from /home/airflow/.local/lib/python3.12/site-packages/airflow/example_dags/example_sla_dag.py
[2024-06-07T07:55:27.440+0000] {logging_mixin.py:188} INFO - [2024-06-07T07:55:27.439+0000] {dag.py:3096} INFO - Sync 1 DAGs
[2024-06-07T07:55:27.531+0000] {logging_mixin.py:188} INFO - [2024-06-07T07:55:27.531+0000] {dag.py:3954} INFO - Setting next_dagrun for example_sla_dag to 2024-06-07 07:52:00+00:00, run_after=2024-06-07 07:54:00+00:00
[2024-06-07T07:55:27.732+0000] {processor.py:183} INFO - Processing /home/airflow/.local/lib/python3.12/site-packages/airflow/example_dags/example_sla_dag.py took 0.526 seconds
[2024-06-07T07:55:58.988+0000] {processor.py:161} INFO - Started process (PID=169) to work on /home/airflow/.local/lib/python3.12/site-packages/airflow/example_dags/example_sla_dag.py
[2024-06-07T07:55:59.021+0000] {processor.py:830} INFO - Processing file /home/airflow/.local/lib/python3.12/site-packages/airflow/example_dags/example_sla_dag.py for tasks to queue
[2024-06-07T07:55:59.038+0000] {logging_mixin.py:188} INFO - [2024-06-07T07:55:59.037+0000] {dagbag.py:545} INFO - Filling up the DagBag from /home/airflow/.local/lib/python3.12/site-packages/airflow/example_dags/example_sla_dag.py
[2024-06-07T07:55:59.136+0000] {processor.py:840} INFO - DAG(s) 'example_sla_dag' retrieved from /home/airflow/.local/lib/python3.12/site-packages/airflow/example_dags/example_sla_dag.py
[2024-06-07T07:55:59.340+0000] {logging_mixin.py:188} INFO - [2024-06-07T07:55:59.329+0000] {dag.py:3096} INFO - Sync 1 DAGs
[2024-06-07T07:55:59.778+0000] {logging_mixin.py:188} INFO - [2024-06-07T07:55:59.777+0000] {dag.py:3954} INFO - Setting next_dagrun for example_sla_dag to 2024-06-07 07:52:00+00:00, run_after=2024-06-07 07:54:00+00:00
[2024-06-07T07:56:00.262+0000] {processor.py:183} INFO - Processing /home/airflow/.local/lib/python3.12/site-packages/airflow/example_dags/example_sla_dag.py took 1.331 seconds
[2024-06-07T07:56:30.911+0000] {processor.py:161} INFO - Started process (PID=227) to work on /home/airflow/.local/lib/python3.12/site-packages/airflow/example_dags/example_sla_dag.py
[2024-06-07T07:56:30.926+0000] {processor.py:830} INFO - Processing file /home/airflow/.local/lib/python3.12/site-packages/airflow/example_dags/example_sla_dag.py for tasks to queue
[2024-06-07T07:56:30.944+0000] {logging_mixin.py:188} INFO - [2024-06-07T07:56:30.943+0000] {dagbag.py:545} INFO - Filling up the DagBag from /home/airflow/.local/lib/python3.12/site-packages/airflow/example_dags/example_sla_dag.py
[2024-06-07T07:56:31.102+0000] {processor.py:840} INFO - DAG(s) 'example_sla_dag' retrieved from /home/airflow/.local/lib/python3.12/site-packages/airflow/example_dags/example_sla_dag.py
[2024-06-07T07:56:31.533+0000] {logging_mixin.py:188} INFO - [2024-06-07T07:56:31.532+0000] {dag.py:3096} INFO - Sync 1 DAGs
[2024-06-07T07:56:32.128+0000] {logging_mixin.py:188} INFO - [2024-06-07T07:56:32.127+0000] {dag.py:3954} INFO - Setting next_dagrun for example_sla_dag to 2024-06-07 07:54:00+00:00, run_after=2024-06-07 07:56:00+00:00
[2024-06-07T07:56:32.409+0000] {processor.py:183} INFO - Processing /home/airflow/.local/lib/python3.12/site-packages/airflow/example_dags/example_sla_dag.py took 1.579 seconds
[2024-06-07T07:57:05.928+0000] {processor.py:161} INFO - Started process (PID=273) to work on /home/airflow/.local/lib/python3.12/site-packages/airflow/example_dags/example_sla_dag.py
[2024-06-07T07:57:05.939+0000] {processor.py:830} INFO - Processing file /home/airflow/.local/lib/python3.12/site-packages/airflow/example_dags/example_sla_dag.py for tasks to queue
[2024-06-07T07:57:05.964+0000] {logging_mixin.py:188} INFO - [2024-06-07T07:57:05.957+0000] {dagbag.py:545} INFO - Filling up the DagBag from /home/airflow/.local/lib/python3.12/site-packages/airflow/example_dags/example_sla_dag.py
[2024-06-07T07:57:05.993+0000] {processor.py:840} INFO - DAG(s) 'example_sla_dag' retrieved from /home/airflow/.local/lib/python3.12/site-packages/airflow/example_dags/example_sla_dag.py
[2024-06-07T07:57:06.091+0000] {logging_mixin.py:188} INFO - [2024-06-07T07:57:06.090+0000] {dag.py:3096} INFO - Sync 1 DAGs
[2024-06-07T07:57:06.238+0000] {logging_mixin.py:188} INFO - [2024-06-07T07:57:06.237+0000] {dag.py:3954} INFO - Setting next_dagrun for example_sla_dag to 2024-06-07 07:54:00+00:00, run_after=2024-06-07 07:56:00+00:00
[2024-06-07T07:57:06.650+0000] {processor.py:183} INFO - Processing /home/airflow/.local/lib/python3.12/site-packages/airflow/example_dags/example_sla_dag.py took 0.762 seconds
[2024-06-07T07:57:39.654+0000] {processor.py:161} INFO - Started process (PID=330) to work on /home/airflow/.local/lib/python3.12/site-packages/airflow/example_dags/example_sla_dag.py
[2024-06-07T07:57:39.662+0000] {processor.py:830} INFO - Processing file /home/airflow/.local/lib/python3.12/site-packages/airflow/example_dags/example_sla_dag.py for tasks to queue
[2024-06-07T07:57:39.679+0000] {logging_mixin.py:188} INFO - [2024-06-07T07:57:39.677+0000] {dagbag.py:545} INFO - Filling up the DagBag from /home/airflow/.local/lib/python3.12/site-packages/airflow/example_dags/example_sla_dag.py
[2024-06-07T07:57:39.895+0000] {processor.py:840} INFO - DAG(s) 'example_sla_dag' retrieved from /home/airflow/.local/lib/python3.12/site-packages/airflow/example_dags/example_sla_dag.py
[2024-06-07T07:57:40.032+0000] {logging_mixin.py:188} INFO - [2024-06-07T07:57:40.031+0000] {dag.py:3096} INFO - Sync 1 DAGs
[2024-06-07T07:57:40.132+0000] {logging_mixin.py:188} INFO - [2024-06-07T07:57:40.131+0000] {dag.py:3954} INFO - Setting next_dagrun for example_sla_dag to 2024-06-07 07:54:00+00:00, run_after=2024-06-07 07:56:00+00:00
[2024-06-07T07:57:40.464+0000] {processor.py:183} INFO - Processing /home/airflow/.local/lib/python3.12/site-packages/airflow/example_dags/example_sla_dag.py took 0.888 seconds
[2024-06-07T07:58:15.708+0000] {processor.py:161} INFO - Started process (PID=389) to work on /home/airflow/.local/lib/python3.12/site-packages/airflow/example_dags/example_sla_dag.py
[2024-06-07T07:58:15.719+0000] {processor.py:830} INFO - Processing file /home/airflow/.local/lib/python3.12/site-packages/airflow/example_dags/example_sla_dag.py for tasks to queue
[2024-06-07T07:58:15.725+0000] {logging_mixin.py:188} INFO - [2024-06-07T07:58:15.724+0000] {dagbag.py:545} INFO - Filling up the DagBag from /home/airflow/.local/lib/python3.12/site-packages/airflow/example_dags/example_sla_dag.py
[2024-06-07T07:58:15.756+0000] {processor.py:840} INFO - DAG(s) 'example_sla_dag' retrieved from /home/airflow/.local/lib/python3.12/site-packages/airflow/example_dags/example_sla_dag.py
[2024-06-07T07:58:15.808+0000] {logging_mixin.py:188} INFO - [2024-06-07T07:58:15.807+0000] {dag.py:3096} INFO - Sync 1 DAGs
[2024-06-07T07:58:15.869+0000] {logging_mixin.py:188} INFO - [2024-06-07T07:58:15.869+0000] {dag.py:3954} INFO - Setting next_dagrun for example_sla_dag to 2024-06-07 07:56:00+00:00, run_after=2024-06-07 07:58:00+00:00
[2024-06-07T07:58:16.095+0000] {processor.py:183} INFO - Processing /home/airflow/.local/lib/python3.12/site-packages/airflow/example_dags/example_sla_dag.py took 0.408 seconds
[2024-06-07T07:58:47.422+0000] {processor.py:161} INFO - Started process (PID=437) to work on /home/airflow/.local/lib/python3.12/site-packages/airflow/example_dags/example_sla_dag.py
[2024-06-07T07:58:47.426+0000] {processor.py:830} INFO - Processing file /home/airflow/.local/lib/python3.12/site-packages/airflow/example_dags/example_sla_dag.py for tasks to queue
[2024-06-07T07:58:47.431+0000] {logging_mixin.py:188} INFO - [2024-06-07T07:58:47.430+0000] {dagbag.py:545} INFO - Filling up the DagBag from /home/airflow/.local/lib/python3.12/site-packages/airflow/example_dags/example_sla_dag.py
[2024-06-07T07:58:47.462+0000] {processor.py:840} INFO - DAG(s) 'example_sla_dag' retrieved from /home/airflow/.local/lib/python3.12/site-packages/airflow/example_dags/example_sla_dag.py
[2024-06-07T07:58:48.133+0000] {logging_mixin.py:188} INFO - [2024-06-07T07:58:48.133+0000] {dag.py:3096} INFO - Sync 1 DAGs
[2024-06-07T07:58:48.327+0000] {logging_mixin.py:188} INFO - [2024-06-07T07:58:48.327+0000] {dag.py:3954} INFO - Setting next_dagrun for example_sla_dag to 2024-06-07 07:56:00+00:00, run_after=2024-06-07 07:58:00+00:00
[2024-06-07T07:58:49.356+0000] {processor.py:183} INFO - Processing /home/airflow/.local/lib/python3.12/site-packages/airflow/example_dags/example_sla_dag.py took 1.964 seconds
[2024-06-07T07:59:22.258+0000] {processor.py:161} INFO - Started process (PID=493) to work on /home/airflow/.local/lib/python3.12/site-packages/airflow/example_dags/example_sla_dag.py
[2024-06-07T07:59:22.281+0000] {processor.py:830} INFO - Processing file /home/airflow/.local/lib/python3.12/site-packages/airflow/example_dags/example_sla_dag.py for tasks to queue
[2024-06-07T07:59:22.297+0000] {logging_mixin.py:188} INFO - [2024-06-07T07:59:22.296+0000] {dagbag.py:545} INFO - Filling up the DagBag from /home/airflow/.local/lib/python3.12/site-packages/airflow/example_dags/example_sla_dag.py
[2024-06-07T07:59:22.459+0000] {processor.py:840} INFO - DAG(s) 'example_sla_dag' retrieved from /home/airflow/.local/lib/python3.12/site-packages/airflow/example_dags/example_sla_dag.py
[2024-06-07T07:59:22.813+0000] {logging_mixin.py:188} INFO - [2024-06-07T07:59:22.812+0000] {dag.py:3096} INFO - Sync 1 DAGs
[2024-06-07T07:59:23.079+0000] {logging_mixin.py:188} INFO - [2024-06-07T07:59:23.079+0000] {dag.py:3954} INFO - Setting next_dagrun for example_sla_dag to 2024-06-07 07:56:00+00:00, run_after=2024-06-07 07:58:00+00:00
[2024-06-07T07:59:23.392+0000] {processor.py:183} INFO - Processing /home/airflow/.local/lib/python3.12/site-packages/airflow/example_dags/example_sla_dag.py took 1.271 seconds
[2024-06-07T07:59:54.722+0000] {processor.py:161} INFO - Started process (PID=555) to work on /home/airflow/.local/lib/python3.12/site-packages/airflow/example_dags/example_sla_dag.py
[2024-06-07T07:59:54.738+0000] {processor.py:830} INFO - Processing file /home/airflow/.local/lib/python3.12/site-packages/airflow/example_dags/example_sla_dag.py for tasks to queue
[2024-06-07T07:59:54.746+0000] {logging_mixin.py:188} INFO - [2024-06-07T07:59:54.745+0000] {dagbag.py:545} INFO - Filling up the DagBag from /home/airflow/.local/lib/python3.12/site-packages/airflow/example_dags/example_sla_dag.py
[2024-06-07T07:59:54.993+0000] {processor.py:840} INFO - DAG(s) 'example_sla_dag' retrieved from /home/airflow/.local/lib/python3.12/site-packages/airflow/example_dags/example_sla_dag.py
[2024-06-07T07:59:55.267+0000] {logging_mixin.py:188} INFO - [2024-06-07T07:59:55.266+0000] {dag.py:3096} INFO - Sync 1 DAGs
[2024-06-07T07:59:55.617+0000] {logging_mixin.py:188} INFO - [2024-06-07T07:59:55.614+0000] {dag.py:3954} INFO - Setting next_dagrun for example_sla_dag to 2024-06-07 07:56:00+00:00, run_after=2024-06-07 07:58:00+00:00
[2024-06-07T07:59:56.035+0000] {processor.py:183} INFO - Processing /home/airflow/.local/lib/python3.12/site-packages/airflow/example_dags/example_sla_dag.py took 1.434 seconds
[2024-06-07T08:00:48.013+0000] {processor.py:161} INFO - Started process (PID=610) to work on /home/airflow/.local/lib/python3.12/site-packages/airflow/example_dags/example_sla_dag.py
[2024-06-07T08:00:48.016+0000] {processor.py:830} INFO - Processing file /home/airflow/.local/lib/python3.12/site-packages/airflow/example_dags/example_sla_dag.py for tasks to queue
[2024-06-07T08:00:48.021+0000] {logging_mixin.py:188} INFO - [2024-06-07T08:00:48.020+0000] {dagbag.py:545} INFO - Filling up the DagBag from /home/airflow/.local/lib/python3.12/site-packages/airflow/example_dags/example_sla_dag.py
[2024-06-07T08:00:48.146+0000] {processor.py:840} INFO - DAG(s) 'example_sla_dag' retrieved from /home/airflow/.local/lib/python3.12/site-packages/airflow/example_dags/example_sla_dag.py
[2024-06-07T08:00:48.307+0000] {logging_mixin.py:188} INFO - [2024-06-07T08:00:48.295+0000] {dag.py:3096} INFO - Sync 1 DAGs
[2024-06-07T08:00:48.447+0000] {logging_mixin.py:188} INFO - [2024-06-07T08:00:48.446+0000] {dag.py:3954} INFO - Setting next_dagrun for example_sla_dag to 2024-06-07 07:58:00+00:00, run_after=2024-06-07 08:00:00+00:00
[2024-06-07T08:00:49.559+0000] {processor.py:183} INFO - Processing /home/airflow/.local/lib/python3.12/site-packages/airflow/example_dags/example_sla_dag.py took 1.586 seconds
[2024-06-07T08:01:21.504+0000] {processor.py:161} INFO - Started process (PID=668) to work on /home/airflow/.local/lib/python3.12/site-packages/airflow/example_dags/example_sla_dag.py
[2024-06-07T08:01:21.524+0000] {processor.py:830} INFO - Processing file /home/airflow/.local/lib/python3.12/site-packages/airflow/example_dags/example_sla_dag.py for tasks to queue
[2024-06-07T08:01:21.546+0000] {logging_mixin.py:188} INFO - [2024-06-07T08:01:21.544+0000] {dagbag.py:545} INFO - Filling up the DagBag from /home/airflow/.local/lib/python3.12/site-packages/airflow/example_dags/example_sla_dag.py
[2024-06-07T08:01:21.630+0000] {processor.py:840} INFO - DAG(s) 'example_sla_dag' retrieved from /home/airflow/.local/lib/python3.12/site-packages/airflow/example_dags/example_sla_dag.py
[2024-06-07T08:01:22.155+0000] {logging_mixin.py:188} INFO - [2024-06-07T08:01:22.107+0000] {dag.py:3096} INFO - Sync 1 DAGs
[2024-06-07T08:01:22.546+0000] {logging_mixin.py:188} INFO - [2024-06-07T08:01:22.545+0000] {dag.py:3954} INFO - Setting next_dagrun for example_sla_dag to 2024-06-07 07:58:00+00:00, run_after=2024-06-07 08:00:00+00:00
[2024-06-07T08:01:22.939+0000] {processor.py:183} INFO - Processing /home/airflow/.local/lib/python3.12/site-packages/airflow/example_dags/example_sla_dag.py took 1.464 seconds
[2024-06-07T08:02:12.389+0000] {processor.py:161} INFO - Started process (PID=723) to work on /home/airflow/.local/lib/python3.12/site-packages/airflow/example_dags/example_sla_dag.py
[2024-06-07T08:02:12.392+0000] {processor.py:830} INFO - Processing file /home/airflow/.local/lib/python3.12/site-packages/airflow/example_dags/example_sla_dag.py for tasks to queue
[2024-06-07T08:02:12.412+0000] {logging_mixin.py:188} INFO - [2024-06-07T08:02:12.411+0000] {dagbag.py:545} INFO - Filling up the DagBag from /home/airflow/.local/lib/python3.12/site-packages/airflow/example_dags/example_sla_dag.py
[2024-06-07T08:02:12.585+0000] {processor.py:840} INFO - DAG(s) 'example_sla_dag' retrieved from /home/airflow/.local/lib/python3.12/site-packages/airflow/example_dags/example_sla_dag.py
[2024-06-07T08:02:14.294+0000] {logging_mixin.py:188} INFO - [2024-06-07T08:02:14.293+0000] {dag.py:3096} INFO - Sync 1 DAGs
[2024-06-07T08:02:14.623+0000] {logging_mixin.py:188} INFO - [2024-06-07T08:02:14.622+0000] {dag.py:3954} INFO - Setting next_dagrun for example_sla_dag to 2024-06-07 08:00:00+00:00, run_after=2024-06-07 08:02:00+00:00
[2024-06-07T08:02:15.012+0000] {processor.py:183} INFO - Processing /home/airflow/.local/lib/python3.12/site-packages/airflow/example_dags/example_sla_dag.py took 2.781 seconds
[2024-06-07T08:02:52.078+0000] {processor.py:161} INFO - Started process (PID=780) to work on /home/airflow/.local/lib/python3.12/site-packages/airflow/example_dags/example_sla_dag.py
[2024-06-07T08:02:52.080+0000] {processor.py:830} INFO - Processing file /home/airflow/.local/lib/python3.12/site-packages/airflow/example_dags/example_sla_dag.py for tasks to queue
[2024-06-07T08:02:52.086+0000] {logging_mixin.py:188} INFO - [2024-06-07T08:02:52.084+0000] {dagbag.py:545} INFO - Filling up the DagBag from /home/airflow/.local/lib/python3.12/site-packages/airflow/example_dags/example_sla_dag.py
[2024-06-07T08:02:52.112+0000] {processor.py:840} INFO - DAG(s) 'example_sla_dag' retrieved from /home/airflow/.local/lib/python3.12/site-packages/airflow/example_dags/example_sla_dag.py
[2024-06-07T08:02:52.172+0000] {logging_mixin.py:188} INFO - [2024-06-07T08:02:52.169+0000] {dag.py:3096} INFO - Sync 1 DAGs
[2024-06-07T08:02:52.307+0000] {logging_mixin.py:188} INFO - [2024-06-07T08:02:52.306+0000] {dag.py:3954} INFO - Setting next_dagrun for example_sla_dag to 2024-06-07 08:00:00+00:00, run_after=2024-06-07 08:02:00+00:00
[2024-06-07T08:02:52.486+0000] {processor.py:183} INFO - Processing /home/airflow/.local/lib/python3.12/site-packages/airflow/example_dags/example_sla_dag.py took 0.420 seconds
[2024-06-07T08:03:26.417+0000] {processor.py:161} INFO - Started process (PID=845) to work on /home/airflow/.local/lib/python3.12/site-packages/airflow/example_dags/example_sla_dag.py
[2024-06-07T08:03:26.419+0000] {processor.py:830} INFO - Processing file /home/airflow/.local/lib/python3.12/site-packages/airflow/example_dags/example_sla_dag.py for tasks to queue
[2024-06-07T08:03:26.423+0000] {logging_mixin.py:188} INFO - [2024-06-07T08:03:26.423+0000] {dagbag.py:545} INFO - Filling up the DagBag from /home/airflow/.local/lib/python3.12/site-packages/airflow/example_dags/example_sla_dag.py
[2024-06-07T08:03:26.442+0000] {processor.py:840} INFO - DAG(s) 'example_sla_dag' retrieved from /home/airflow/.local/lib/python3.12/site-packages/airflow/example_dags/example_sla_dag.py
[2024-06-07T08:03:26.505+0000] {logging_mixin.py:188} INFO - [2024-06-07T08:03:26.504+0000] {dag.py:3096} INFO - Sync 1 DAGs
[2024-06-07T08:03:26.635+0000] {logging_mixin.py:188} INFO - [2024-06-07T08:03:26.634+0000] {dag.py:3954} INFO - Setting next_dagrun for example_sla_dag to 2024-06-07 08:00:00+00:00, run_after=2024-06-07 08:02:00+00:00
[2024-06-07T08:03:26.796+0000] {processor.py:183} INFO - Processing /home/airflow/.local/lib/python3.12/site-packages/airflow/example_dags/example_sla_dag.py took 0.396 seconds
[2024-06-07T08:03:57.120+0000] {processor.py:161} INFO - Started process (PID=902) to work on /home/airflow/.local/lib/python3.12/site-packages/airflow/example_dags/example_sla_dag.py
[2024-06-07T08:03:57.122+0000] {processor.py:830} INFO - Processing file /home/airflow/.local/lib/python3.12/site-packages/airflow/example_dags/example_sla_dag.py for tasks to queue
[2024-06-07T08:03:57.126+0000] {logging_mixin.py:188} INFO - [2024-06-07T08:03:57.125+0000] {dagbag.py:545} INFO - Filling up the DagBag from /home/airflow/.local/lib/python3.12/site-packages/airflow/example_dags/example_sla_dag.py
[2024-06-07T08:03:57.157+0000] {processor.py:840} INFO - DAG(s) 'example_sla_dag' retrieved from /home/airflow/.local/lib/python3.12/site-packages/airflow/example_dags/example_sla_dag.py
[2024-06-07T08:03:57.218+0000] {logging_mixin.py:188} INFO - [2024-06-07T08:03:57.217+0000] {dag.py:3096} INFO - Sync 1 DAGs
[2024-06-07T08:03:57.296+0000] {logging_mixin.py:188} INFO - [2024-06-07T08:03:57.295+0000] {dag.py:3954} INFO - Setting next_dagrun for example_sla_dag to 2024-06-07 08:00:00+00:00, run_after=2024-06-07 08:02:00+00:00
[2024-06-07T08:03:57.541+0000] {processor.py:183} INFO - Processing /home/airflow/.local/lib/python3.12/site-packages/airflow/example_dags/example_sla_dag.py took 0.433 seconds
[2024-06-07T08:04:27.779+0000] {processor.py:161} INFO - Started process (PID=958) to work on /home/airflow/.local/lib/python3.12/site-packages/airflow/example_dags/example_sla_dag.py
[2024-06-07T08:04:27.780+0000] {processor.py:830} INFO - Processing file /home/airflow/.local/lib/python3.12/site-packages/airflow/example_dags/example_sla_dag.py for tasks to queue
[2024-06-07T08:04:27.784+0000] {logging_mixin.py:188} INFO - [2024-06-07T08:04:27.783+0000] {dagbag.py:545} INFO - Filling up the DagBag from /home/airflow/.local/lib/python3.12/site-packages/airflow/example_dags/example_sla_dag.py
[2024-06-07T08:04:27.808+0000] {processor.py:840} INFO - DAG(s) 'example_sla_dag' retrieved from /home/airflow/.local/lib/python3.12/site-packages/airflow/example_dags/example_sla_dag.py
[2024-06-07T08:04:27.865+0000] {logging_mixin.py:188} INFO - [2024-06-07T08:04:27.864+0000] {dag.py:3096} INFO - Sync 1 DAGs
[2024-06-07T08:04:27.949+0000] {logging_mixin.py:188} INFO - [2024-06-07T08:04:27.948+0000] {dag.py:3954} INFO - Setting next_dagrun for example_sla_dag to 2024-06-07 08:02:00+00:00, run_after=2024-06-07 08:04:00+00:00
[2024-06-07T08:04:28.338+0000] {processor.py:183} INFO - Processing /home/airflow/.local/lib/python3.12/site-packages/airflow/example_dags/example_sla_dag.py took 0.571 seconds
[2024-06-07T08:04:58.561+0000] {processor.py:161} INFO - Started process (PID=1014) to work on /home/airflow/.local/lib/python3.12/site-packages/airflow/example_dags/example_sla_dag.py
[2024-06-07T08:04:58.576+0000] {processor.py:830} INFO - Processing file /home/airflow/.local/lib/python3.12/site-packages/airflow/example_dags/example_sla_dag.py for tasks to queue
[2024-06-07T08:04:58.592+0000] {logging_mixin.py:188} INFO - [2024-06-07T08:04:58.591+0000] {dagbag.py:545} INFO - Filling up the DagBag from /home/airflow/.local/lib/python3.12/site-packages/airflow/example_dags/example_sla_dag.py
[2024-06-07T08:04:58.673+0000] {processor.py:840} INFO - DAG(s) 'example_sla_dag' retrieved from /home/airflow/.local/lib/python3.12/site-packages/airflow/example_dags/example_sla_dag.py
[2024-06-07T08:04:58.836+0000] {logging_mixin.py:188} INFO - [2024-06-07T08:04:58.835+0000] {dag.py:3096} INFO - Sync 1 DAGs
[2024-06-07T08:04:59.210+0000] {logging_mixin.py:188} INFO - [2024-06-07T08:04:59.209+0000] {dag.py:3954} INFO - Setting next_dagrun for example_sla_dag to 2024-06-07 08:02:00+00:00, run_after=2024-06-07 08:04:00+00:00
[2024-06-07T08:04:59.410+0000] {processor.py:183} INFO - Processing /home/airflow/.local/lib/python3.12/site-packages/airflow/example_dags/example_sla_dag.py took 0.897 seconds
[2024-06-07T08:05:29.616+0000] {processor.py:161} INFO - Started process (PID=1072) to work on /home/airflow/.local/lib/python3.12/site-packages/airflow/example_dags/example_sla_dag.py
[2024-06-07T08:05:29.617+0000] {processor.py:830} INFO - Processing file /home/airflow/.local/lib/python3.12/site-packages/airflow/example_dags/example_sla_dag.py for tasks to queue
[2024-06-07T08:05:29.621+0000] {logging_mixin.py:188} INFO - [2024-06-07T08:05:29.620+0000] {dagbag.py:545} INFO - Filling up the DagBag from /home/airflow/.local/lib/python3.12/site-packages/airflow/example_dags/example_sla_dag.py
[2024-06-07T08:05:29.646+0000] {processor.py:840} INFO - DAG(s) 'example_sla_dag' retrieved from /home/airflow/.local/lib/python3.12/site-packages/airflow/example_dags/example_sla_dag.py
[2024-06-07T08:05:29.683+0000] {logging_mixin.py:188} INFO - [2024-06-07T08:05:29.682+0000] {dag.py:3096} INFO - Sync 1 DAGs
[2024-06-07T08:05:29.808+0000] {logging_mixin.py:188} INFO - [2024-06-07T08:05:29.807+0000] {dag.py:3954} INFO - Setting next_dagrun for example_sla_dag to 2024-06-07 08:02:00+00:00, run_after=2024-06-07 08:04:00+00:00
[2024-06-07T08:05:29.943+0000] {processor.py:183} INFO - Processing /home/airflow/.local/lib/python3.12/site-packages/airflow/example_dags/example_sla_dag.py took 0.342 seconds
[2024-06-07T08:06:00.230+0000] {processor.py:161} INFO - Started process (PID=1130) to work on /home/airflow/.local/lib/python3.12/site-packages/airflow/example_dags/example_sla_dag.py
[2024-06-07T08:06:00.232+0000] {processor.py:830} INFO - Processing file /home/airflow/.local/lib/python3.12/site-packages/airflow/example_dags/example_sla_dag.py for tasks to queue
[2024-06-07T08:06:00.250+0000] {logging_mixin.py:188} INFO - [2024-06-07T08:06:00.249+0000] {dagbag.py:545} INFO - Filling up the DagBag from /home/airflow/.local/lib/python3.12/site-packages/airflow/example_dags/example_sla_dag.py
[2024-06-07T08:06:00.285+0000] {processor.py:840} INFO - DAG(s) 'example_sla_dag' retrieved from /home/airflow/.local/lib/python3.12/site-packages/airflow/example_dags/example_sla_dag.py
[2024-06-07T08:06:00.362+0000] {logging_mixin.py:188} INFO - [2024-06-07T08:06:00.361+0000] {dag.py:3096} INFO - Sync 1 DAGs
[2024-06-07T08:06:00.632+0000] {logging_mixin.py:188} INFO - [2024-06-07T08:06:00.631+0000] {dag.py:3954} INFO - Setting next_dagrun for example_sla_dag to 2024-06-07 08:04:00+00:00, run_after=2024-06-07 08:06:00+00:00
[2024-06-07T08:06:00.822+0000] {processor.py:183} INFO - Processing /home/airflow/.local/lib/python3.12/site-packages/airflow/example_dags/example_sla_dag.py took 0.620 seconds
[2024-06-07T08:06:32.055+0000] {processor.py:161} INFO - Started process (PID=1197) to work on /home/airflow/.local/lib/python3.12/site-packages/airflow/example_dags/example_sla_dag.py
[2024-06-07T08:06:32.058+0000] {processor.py:830} INFO - Processing file /home/airflow/.local/lib/python3.12/site-packages/airflow/example_dags/example_sla_dag.py for tasks to queue
[2024-06-07T08:06:32.070+0000] {logging_mixin.py:188} INFO - [2024-06-07T08:06:32.069+0000] {dagbag.py:545} INFO - Filling up the DagBag from /home/airflow/.local/lib/python3.12/site-packages/airflow/example_dags/example_sla_dag.py
[2024-06-07T08:06:32.106+0000] {processor.py:840} INFO - DAG(s) 'example_sla_dag' retrieved from /home/airflow/.local/lib/python3.12/site-packages/airflow/example_dags/example_sla_dag.py
[2024-06-07T08:06:32.220+0000] {logging_mixin.py:188} INFO - [2024-06-07T08:06:32.220+0000] {dag.py:3096} INFO - Sync 1 DAGs
[2024-06-07T08:06:32.304+0000] {logging_mixin.py:188} INFO - [2024-06-07T08:06:32.304+0000] {dag.py:3954} INFO - Setting next_dagrun for example_sla_dag to 2024-06-07 08:04:00+00:00, run_after=2024-06-07 08:06:00+00:00
[2024-06-07T08:06:32.664+0000] {processor.py:183} INFO - Processing /home/airflow/.local/lib/python3.12/site-packages/airflow/example_dags/example_sla_dag.py took 0.658 seconds
[2024-06-07T08:07:11.442+0000] {processor.py:161} INFO - Started process (PID=1231) to work on /home/airflow/.local/lib/python3.12/site-packages/airflow/example_dags/example_sla_dag.py
[2024-06-07T08:07:11.586+0000] {processor.py:830} INFO - Processing file /home/airflow/.local/lib/python3.12/site-packages/airflow/example_dags/example_sla_dag.py for tasks to queue
[2024-06-07T08:07:11.623+0000] {logging_mixin.py:188} INFO - [2024-06-07T08:07:11.622+0000] {dagbag.py:545} INFO - Filling up the DagBag from /home/airflow/.local/lib/python3.12/site-packages/airflow/example_dags/example_sla_dag.py
[2024-06-07T08:07:11.664+0000] {processor.py:840} INFO - DAG(s) 'example_sla_dag' retrieved from /home/airflow/.local/lib/python3.12/site-packages/airflow/example_dags/example_sla_dag.py
[2024-06-07T08:07:11.708+0000] {logging_mixin.py:188} INFO - [2024-06-07T08:07:11.707+0000] {dag.py:3096} INFO - Sync 1 DAGs
[2024-06-07T08:07:11.762+0000] {logging_mixin.py:188} INFO - [2024-06-07T08:07:11.762+0000] {dag.py:3954} INFO - Setting next_dagrun for example_sla_dag to 2024-06-07 08:04:00+00:00, run_after=2024-06-07 08:06:00+00:00
[2024-06-07T08:07:12.388+0000] {processor.py:183} INFO - Processing /home/airflow/.local/lib/python3.12/site-packages/airflow/example_dags/example_sla_dag.py took 1.082 seconds
[2024-06-07T08:07:45.241+0000] {processor.py:161} INFO - Started process (PID=1270) to work on /home/airflow/.local/lib/python3.12/site-packages/airflow/example_dags/example_sla_dag.py
[2024-06-07T08:07:45.242+0000] {processor.py:830} INFO - Processing file /home/airflow/.local/lib/python3.12/site-packages/airflow/example_dags/example_sla_dag.py for tasks to queue
[2024-06-07T08:07:45.247+0000] {logging_mixin.py:188} INFO - [2024-06-07T08:07:45.246+0000] {dagbag.py:545} INFO - Filling up the DagBag from /home/airflow/.local/lib/python3.12/site-packages/airflow/example_dags/example_sla_dag.py
[2024-06-07T08:07:45.293+0000] {processor.py:840} INFO - DAG(s) 'example_sla_dag' retrieved from /home/airflow/.local/lib/python3.12/site-packages/airflow/example_dags/example_sla_dag.py
[2024-06-07T08:07:45.380+0000] {logging_mixin.py:188} INFO - [2024-06-07T08:07:45.379+0000] {dag.py:3096} INFO - Sync 1 DAGs
[2024-06-07T08:07:45.509+0000] {logging_mixin.py:188} INFO - [2024-06-07T08:07:45.508+0000] {dag.py:3954} INFO - Setting next_dagrun for example_sla_dag to 2024-06-07 08:04:00+00:00, run_after=2024-06-07 08:06:00+00:00
[2024-06-07T08:07:45.783+0000] {processor.py:183} INFO - Processing /home/airflow/.local/lib/python3.12/site-packages/airflow/example_dags/example_sla_dag.py took 0.558 seconds
[2024-06-07T08:08:30.444+0000] {processor.py:161} INFO - Started process (PID=1332) to work on /home/airflow/.local/lib/python3.12/site-packages/airflow/example_dags/example_sla_dag.py
[2024-06-07T08:08:30.446+0000] {processor.py:830} INFO - Processing file /home/airflow/.local/lib/python3.12/site-packages/airflow/example_dags/example_sla_dag.py for tasks to queue
[2024-06-07T08:08:30.450+0000] {logging_mixin.py:188} INFO - [2024-06-07T08:08:30.449+0000] {dagbag.py:545} INFO - Filling up the DagBag from /home/airflow/.local/lib/python3.12/site-packages/airflow/example_dags/example_sla_dag.py
[2024-06-07T08:08:30.467+0000] {processor.py:840} INFO - DAG(s) 'example_sla_dag' retrieved from /home/airflow/.local/lib/python3.12/site-packages/airflow/example_dags/example_sla_dag.py
[2024-06-07T08:08:30.491+0000] {logging_mixin.py:188} INFO - [2024-06-07T08:08:30.491+0000] {dag.py:3096} INFO - Sync 1 DAGs
[2024-06-07T08:08:30.549+0000] {logging_mixin.py:188} INFO - [2024-06-07T08:08:30.548+0000] {dag.py:3954} INFO - Setting next_dagrun for example_sla_dag to 2024-06-07 08:06:00+00:00, run_after=2024-06-07 08:08:00+00:00
[2024-06-07T08:08:30.745+0000] {processor.py:183} INFO - Processing /home/airflow/.local/lib/python3.12/site-packages/airflow/example_dags/example_sla_dag.py took 0.313 seconds
[2024-06-07T08:09:46.030+0000] {processor.py:161} INFO - Started process (PID=1394) to work on /home/airflow/.local/lib/python3.12/site-packages/airflow/example_dags/example_sla_dag.py
[2024-06-07T08:09:46.032+0000] {processor.py:830} INFO - Processing file /home/airflow/.local/lib/python3.12/site-packages/airflow/example_dags/example_sla_dag.py for tasks to queue
[2024-06-07T08:09:46.037+0000] {logging_mixin.py:188} INFO - [2024-06-07T08:09:46.036+0000] {dagbag.py:545} INFO - Filling up the DagBag from /home/airflow/.local/lib/python3.12/site-packages/airflow/example_dags/example_sla_dag.py
[2024-06-07T08:09:46.059+0000] {processor.py:840} INFO - DAG(s) 'example_sla_dag' retrieved from /home/airflow/.local/lib/python3.12/site-packages/airflow/example_dags/example_sla_dag.py
[2024-06-07T08:09:46.424+0000] {logging_mixin.py:188} INFO - [2024-06-07T08:09:46.424+0000] {dag.py:3096} INFO - Sync 1 DAGs
[2024-06-07T08:13:21.694+0000] {processor.py:161} INFO - Started process (PID=1455) to work on /home/airflow/.local/lib/python3.12/site-packages/airflow/example_dags/example_sla_dag.py
[2024-06-07T08:13:21.698+0000] {processor.py:830} INFO - Processing file /home/airflow/.local/lib/python3.12/site-packages/airflow/example_dags/example_sla_dag.py for tasks to queue
[2024-06-07T08:13:21.702+0000] {logging_mixin.py:188} INFO - [2024-06-07T08:13:21.700+0000] {dagbag.py:545} INFO - Filling up the DagBag from /home/airflow/.local/lib/python3.12/site-packages/airflow/example_dags/example_sla_dag.py
[2024-06-07T08:13:21.735+0000] {processor.py:840} INFO - DAG(s) 'example_sla_dag' retrieved from /home/airflow/.local/lib/python3.12/site-packages/airflow/example_dags/example_sla_dag.py
[2024-06-07T08:13:22.442+0000] {logging_mixin.py:188} INFO - [2024-06-07T08:13:22.442+0000] {dag.py:3096} INFO - Sync 1 DAGs
[2024-06-07T08:13:22.554+0000] {logging_mixin.py:188} INFO - [2024-06-07T08:13:22.553+0000] {dag.py:3954} INFO - Setting next_dagrun for example_sla_dag to 2024-06-07 08:10:00+00:00, run_after=2024-06-07 08:12:00+00:00
[2024-06-07T08:13:23.099+0000] {processor.py:183} INFO - Processing /home/airflow/.local/lib/python3.12/site-packages/airflow/example_dags/example_sla_dag.py took 1.422 seconds
[2024-06-07T08:13:53.224+0000] {processor.py:161} INFO - Started process (PID=1511) to work on /home/airflow/.local/lib/python3.12/site-packages/airflow/example_dags/example_sla_dag.py
[2024-06-07T08:13:53.226+0000] {processor.py:830} INFO - Processing file /home/airflow/.local/lib/python3.12/site-packages/airflow/example_dags/example_sla_dag.py for tasks to queue
[2024-06-07T08:13:53.228+0000] {logging_mixin.py:188} INFO - [2024-06-07T08:13:53.227+0000] {dagbag.py:545} INFO - Filling up the DagBag from /home/airflow/.local/lib/python3.12/site-packages/airflow/example_dags/example_sla_dag.py
[2024-06-07T08:13:53.251+0000] {processor.py:840} INFO - DAG(s) 'example_sla_dag' retrieved from /home/airflow/.local/lib/python3.12/site-packages/airflow/example_dags/example_sla_dag.py
[2024-06-07T08:13:53.336+0000] {logging_mixin.py:188} INFO - [2024-06-07T08:13:53.336+0000] {dag.py:3096} INFO - Sync 1 DAGs
[2024-06-07T08:13:53.408+0000] {logging_mixin.py:188} INFO - [2024-06-07T08:13:53.407+0000] {dag.py:3954} INFO - Setting next_dagrun for example_sla_dag to 2024-06-07 08:10:00+00:00, run_after=2024-06-07 08:12:00+00:00
[2024-06-07T08:13:53.524+0000] {processor.py:183} INFO - Processing /home/airflow/.local/lib/python3.12/site-packages/airflow/example_dags/example_sla_dag.py took 0.331 seconds
[2024-06-07T08:14:25.173+0000] {processor.py:161} INFO - Started process (PID=1568) to work on /home/airflow/.local/lib/python3.12/site-packages/airflow/example_dags/example_sla_dag.py
[2024-06-07T08:14:25.175+0000] {processor.py:830} INFO - Processing file /home/airflow/.local/lib/python3.12/site-packages/airflow/example_dags/example_sla_dag.py for tasks to queue
[2024-06-07T08:14:25.177+0000] {logging_mixin.py:188} INFO - [2024-06-07T08:14:25.176+0000] {dagbag.py:545} INFO - Filling up the DagBag from /home/airflow/.local/lib/python3.12/site-packages/airflow/example_dags/example_sla_dag.py
[2024-06-07T08:14:25.195+0000] {processor.py:840} INFO - DAG(s) 'example_sla_dag' retrieved from /home/airflow/.local/lib/python3.12/site-packages/airflow/example_dags/example_sla_dag.py
[2024-06-07T08:14:25.247+0000] {logging_mixin.py:188} INFO - [2024-06-07T08:14:25.246+0000] {dag.py:3096} INFO - Sync 1 DAGs
[2024-06-07T08:14:25.313+0000] {logging_mixin.py:188} INFO - [2024-06-07T08:14:25.313+0000] {dag.py:3954} INFO - Setting next_dagrun for example_sla_dag to 2024-06-07 08:12:00+00:00, run_after=2024-06-07 08:14:00+00:00
[2024-06-07T08:14:25.825+0000] {processor.py:183} INFO - Processing /home/airflow/.local/lib/python3.12/site-packages/airflow/example_dags/example_sla_dag.py took 0.669 seconds
[2024-06-07T08:14:58.729+0000] {processor.py:161} INFO - Started process (PID=1626) to work on /home/airflow/.local/lib/python3.12/site-packages/airflow/example_dags/example_sla_dag.py
[2024-06-07T08:14:58.731+0000] {processor.py:830} INFO - Processing file /home/airflow/.local/lib/python3.12/site-packages/airflow/example_dags/example_sla_dag.py for tasks to queue
[2024-06-07T08:14:58.733+0000] {logging_mixin.py:188} INFO - [2024-06-07T08:14:58.733+0000] {dagbag.py:545} INFO - Filling up the DagBag from /home/airflow/.local/lib/python3.12/site-packages/airflow/example_dags/example_sla_dag.py
[2024-06-07T08:14:58.758+0000] {processor.py:840} INFO - DAG(s) 'example_sla_dag' retrieved from /home/airflow/.local/lib/python3.12/site-packages/airflow/example_dags/example_sla_dag.py
[2024-06-07T08:14:58.834+0000] {logging_mixin.py:188} INFO - [2024-06-07T08:14:58.833+0000] {dag.py:3096} INFO - Sync 1 DAGs
[2024-06-07T08:14:58.923+0000] {logging_mixin.py:188} INFO - [2024-06-07T08:14:58.923+0000] {dag.py:3954} INFO - Setting next_dagrun for example_sla_dag to 2024-06-07 08:12:00+00:00, run_after=2024-06-07 08:14:00+00:00
[2024-06-07T08:14:59.211+0000] {processor.py:183} INFO - Processing /home/airflow/.local/lib/python3.12/site-packages/airflow/example_dags/example_sla_dag.py took 0.495 seconds
[2024-06-07T08:15:33.385+0000] {processor.py:161} INFO - Started process (PID=1682) to work on /home/airflow/.local/lib/python3.12/site-packages/airflow/example_dags/example_sla_dag.py
[2024-06-07T08:15:33.418+0000] {processor.py:830} INFO - Processing file /home/airflow/.local/lib/python3.12/site-packages/airflow/example_dags/example_sla_dag.py for tasks to queue
[2024-06-07T08:15:33.422+0000] {logging_mixin.py:188} INFO - [2024-06-07T08:15:33.420+0000] {dagbag.py:545} INFO - Filling up the DagBag from /home/airflow/.local/lib/python3.12/site-packages/airflow/example_dags/example_sla_dag.py
[2024-06-07T08:15:33.480+0000] {processor.py:840} INFO - DAG(s) 'example_sla_dag' retrieved from /home/airflow/.local/lib/python3.12/site-packages/airflow/example_dags/example_sla_dag.py
[2024-06-07T08:15:33.630+0000] {logging_mixin.py:188} INFO - [2024-06-07T08:15:33.629+0000] {dag.py:3096} INFO - Sync 1 DAGs
[2024-06-07T08:15:33.788+0000] {logging_mixin.py:188} INFO - [2024-06-07T08:15:33.787+0000] {dag.py:3954} INFO - Setting next_dagrun for example_sla_dag to 2024-06-07 08:12:00+00:00, run_after=2024-06-07 08:14:00+00:00
[2024-06-07T08:15:36.910+0000] {processor.py:183} INFO - Processing /home/airflow/.local/lib/python3.12/site-packages/airflow/example_dags/example_sla_dag.py took 3.560 seconds
[2024-06-07T08:16:07.406+0000] {processor.py:161} INFO - Started process (PID=1740) to work on /home/airflow/.local/lib/python3.12/site-packages/airflow/example_dags/example_sla_dag.py
[2024-06-07T08:16:07.412+0000] {processor.py:830} INFO - Processing file /home/airflow/.local/lib/python3.12/site-packages/airflow/example_dags/example_sla_dag.py for tasks to queue
[2024-06-07T08:16:07.425+0000] {logging_mixin.py:188} INFO - [2024-06-07T08:16:07.424+0000] {dagbag.py:545} INFO - Filling up the DagBag from /home/airflow/.local/lib/python3.12/site-packages/airflow/example_dags/example_sla_dag.py
[2024-06-07T08:16:07.573+0000] {processor.py:840} INFO - DAG(s) 'example_sla_dag' retrieved from /home/airflow/.local/lib/python3.12/site-packages/airflow/example_dags/example_sla_dag.py
[2024-06-07T08:16:07.788+0000] {logging_mixin.py:188} INFO - [2024-06-07T08:16:07.787+0000] {dag.py:3096} INFO - Sync 1 DAGs
[2024-06-07T08:16:08.070+0000] {logging_mixin.py:188} INFO - [2024-06-07T08:16:08.070+0000] {dag.py:3954} INFO - Setting next_dagrun for example_sla_dag to 2024-06-07 08:14:00+00:00, run_after=2024-06-07 08:16:00+00:00
[2024-06-07T08:16:08.519+0000] {processor.py:183} INFO - Processing /home/airflow/.local/lib/python3.12/site-packages/airflow/example_dags/example_sla_dag.py took 1.218 seconds
[2024-06-07T08:16:39.549+0000] {processor.py:161} INFO - Started process (PID=1800) to work on /home/airflow/.local/lib/python3.12/site-packages/airflow/example_dags/example_sla_dag.py
[2024-06-07T08:16:39.551+0000] {processor.py:830} INFO - Processing file /home/airflow/.local/lib/python3.12/site-packages/airflow/example_dags/example_sla_dag.py for tasks to queue
[2024-06-07T08:16:39.555+0000] {logging_mixin.py:188} INFO - [2024-06-07T08:16:39.554+0000] {dagbag.py:545} INFO - Filling up the DagBag from /home/airflow/.local/lib/python3.12/site-packages/airflow/example_dags/example_sla_dag.py
[2024-06-07T08:16:39.599+0000] {processor.py:840} INFO - DAG(s) 'example_sla_dag' retrieved from /home/airflow/.local/lib/python3.12/site-packages/airflow/example_dags/example_sla_dag.py
[2024-06-07T08:16:40.703+0000] {logging_mixin.py:188} INFO - [2024-06-07T08:16:40.702+0000] {dag.py:3096} INFO - Sync 1 DAGs
[2024-06-07T08:16:40.973+0000] {logging_mixin.py:188} INFO - [2024-06-07T08:16:40.972+0000] {dag.py:3954} INFO - Setting next_dagrun for example_sla_dag to 2024-06-07 08:14:00+00:00, run_after=2024-06-07 08:16:00+00:00
[2024-06-07T08:16:41.175+0000] {processor.py:183} INFO - Processing /home/airflow/.local/lib/python3.12/site-packages/airflow/example_dags/example_sla_dag.py took 1.678 seconds
[2024-06-07T08:17:11.815+0000] {processor.py:161} INFO - Started process (PID=1858) to work on /home/airflow/.local/lib/python3.12/site-packages/airflow/example_dags/example_sla_dag.py
[2024-06-07T08:17:11.828+0000] {processor.py:830} INFO - Processing file /home/airflow/.local/lib/python3.12/site-packages/airflow/example_dags/example_sla_dag.py for tasks to queue
[2024-06-07T08:17:11.831+0000] {logging_mixin.py:188} INFO - [2024-06-07T08:17:11.830+0000] {dagbag.py:545} INFO - Filling up the DagBag from /home/airflow/.local/lib/python3.12/site-packages/airflow/example_dags/example_sla_dag.py
[2024-06-07T08:17:11.886+0000] {processor.py:840} INFO - DAG(s) 'example_sla_dag' retrieved from /home/airflow/.local/lib/python3.12/site-packages/airflow/example_dags/example_sla_dag.py
[2024-06-07T08:17:12.091+0000] {logging_mixin.py:188} INFO - [2024-06-07T08:17:12.091+0000] {dag.py:3096} INFO - Sync 1 DAGs
[2024-06-07T08:17:12.208+0000] {logging_mixin.py:188} INFO - [2024-06-07T08:17:12.207+0000] {dag.py:3954} INFO - Setting next_dagrun for example_sla_dag to 2024-06-07 08:14:00+00:00, run_after=2024-06-07 08:16:00+00:00
[2024-06-07T08:17:12.745+0000] {processor.py:183} INFO - Processing /home/airflow/.local/lib/python3.12/site-packages/airflow/example_dags/example_sla_dag.py took 0.998 seconds
[2024-06-07T08:17:48.139+0000] {processor.py:161} INFO - Started process (PID=1915) to work on /home/airflow/.local/lib/python3.12/site-packages/airflow/example_dags/example_sla_dag.py
[2024-06-07T08:17:48.142+0000] {processor.py:830} INFO - Processing file /home/airflow/.local/lib/python3.12/site-packages/airflow/example_dags/example_sla_dag.py for tasks to queue
[2024-06-07T08:17:48.146+0000] {logging_mixin.py:188} INFO - [2024-06-07T08:17:48.144+0000] {dagbag.py:545} INFO - Filling up the DagBag from /home/airflow/.local/lib/python3.12/site-packages/airflow/example_dags/example_sla_dag.py
[2024-06-07T08:17:48.191+0000] {processor.py:840} INFO - DAG(s) 'example_sla_dag' retrieved from /home/airflow/.local/lib/python3.12/site-packages/airflow/example_dags/example_sla_dag.py
[2024-06-07T08:17:48.256+0000] {logging_mixin.py:188} INFO - [2024-06-07T08:17:48.255+0000] {dag.py:3096} INFO - Sync 1 DAGs
[2024-06-07T08:17:48.325+0000] {logging_mixin.py:188} INFO - [2024-06-07T08:17:48.325+0000] {dag.py:3954} INFO - Setting next_dagrun for example_sla_dag to 2024-06-07 08:14:00+00:00, run_after=2024-06-07 08:16:00+00:00
[2024-06-07T08:17:48.651+0000] {processor.py:183} INFO - Processing /home/airflow/.local/lib/python3.12/site-packages/airflow/example_dags/example_sla_dag.py took 0.545 seconds
[2024-06-07T08:18:18.966+0000] {processor.py:161} INFO - Started process (PID=1973) to work on /home/airflow/.local/lib/python3.12/site-packages/airflow/example_dags/example_sla_dag.py
[2024-06-07T08:18:18.968+0000] {processor.py:830} INFO - Processing file /home/airflow/.local/lib/python3.12/site-packages/airflow/example_dags/example_sla_dag.py for tasks to queue
[2024-06-07T08:18:18.971+0000] {logging_mixin.py:188} INFO - [2024-06-07T08:18:18.970+0000] {dagbag.py:545} INFO - Filling up the DagBag from /home/airflow/.local/lib/python3.12/site-packages/airflow/example_dags/example_sla_dag.py
[2024-06-07T08:18:18.989+0000] {processor.py:840} INFO - DAG(s) 'example_sla_dag' retrieved from /home/airflow/.local/lib/python3.12/site-packages/airflow/example_dags/example_sla_dag.py
[2024-06-07T08:18:19.028+0000] {logging_mixin.py:188} INFO - [2024-06-07T08:18:19.027+0000] {dag.py:3096} INFO - Sync 1 DAGs
[2024-06-07T08:18:19.095+0000] {logging_mixin.py:188} INFO - [2024-06-07T08:18:19.095+0000] {dag.py:3954} INFO - Setting next_dagrun for example_sla_dag to 2024-06-07 08:16:00+00:00, run_after=2024-06-07 08:18:00+00:00
[2024-06-07T08:18:19.298+0000] {processor.py:183} INFO - Processing /home/airflow/.local/lib/python3.12/site-packages/airflow/example_dags/example_sla_dag.py took 0.350 seconds
[2024-06-07T08:18:50.386+0000] {processor.py:161} INFO - Started process (PID=2029) to work on /home/airflow/.local/lib/python3.12/site-packages/airflow/example_dags/example_sla_dag.py
[2024-06-07T08:18:50.391+0000] {processor.py:830} INFO - Processing file /home/airflow/.local/lib/python3.12/site-packages/airflow/example_dags/example_sla_dag.py for tasks to queue
[2024-06-07T08:18:50.394+0000] {logging_mixin.py:188} INFO - [2024-06-07T08:18:50.393+0000] {dagbag.py:545} INFO - Filling up the DagBag from /home/airflow/.local/lib/python3.12/site-packages/airflow/example_dags/example_sla_dag.py
[2024-06-07T08:18:50.431+0000] {processor.py:840} INFO - DAG(s) 'example_sla_dag' retrieved from /home/airflow/.local/lib/python3.12/site-packages/airflow/example_dags/example_sla_dag.py
[2024-06-07T08:18:50.498+0000] {logging_mixin.py:188} INFO - [2024-06-07T08:18:50.498+0000] {dag.py:3096} INFO - Sync 1 DAGs
[2024-06-07T08:18:50.612+0000] {logging_mixin.py:188} INFO - [2024-06-07T08:18:50.611+0000] {dag.py:3954} INFO - Setting next_dagrun for example_sla_dag to 2024-06-07 08:16:00+00:00, run_after=2024-06-07 08:18:00+00:00
[2024-06-07T08:18:51.060+0000] {processor.py:183} INFO - Processing /home/airflow/.local/lib/python3.12/site-packages/airflow/example_dags/example_sla_dag.py took 0.700 seconds
[2024-06-07T08:19:26.161+0000] {processor.py:161} INFO - Started process (PID=2087) to work on /home/airflow/.local/lib/python3.12/site-packages/airflow/example_dags/example_sla_dag.py
[2024-06-07T08:19:26.164+0000] {processor.py:830} INFO - Processing file /home/airflow/.local/lib/python3.12/site-packages/airflow/example_dags/example_sla_dag.py for tasks to queue
[2024-06-07T08:19:26.166+0000] {logging_mixin.py:188} INFO - [2024-06-07T08:19:26.165+0000] {dagbag.py:545} INFO - Filling up the DagBag from /home/airflow/.local/lib/python3.12/site-packages/airflow/example_dags/example_sla_dag.py
[2024-06-07T08:19:26.206+0000] {processor.py:840} INFO - DAG(s) 'example_sla_dag' retrieved from /home/airflow/.local/lib/python3.12/site-packages/airflow/example_dags/example_sla_dag.py
[2024-06-07T08:19:26.343+0000] {logging_mixin.py:188} INFO - [2024-06-07T08:19:26.342+0000] {dag.py:3096} INFO - Sync 1 DAGs
[2024-06-07T08:19:26.465+0000] {logging_mixin.py:188} INFO - [2024-06-07T08:19:26.464+0000] {dag.py:3954} INFO - Setting next_dagrun for example_sla_dag to 2024-06-07 08:16:00+00:00, run_after=2024-06-07 08:18:00+00:00
[2024-06-07T08:19:27.053+0000] {processor.py:183} INFO - Processing /home/airflow/.local/lib/python3.12/site-packages/airflow/example_dags/example_sla_dag.py took 0.936 seconds
[2024-06-07T08:19:58.144+0000] {processor.py:161} INFO - Started process (PID=2145) to work on /home/airflow/.local/lib/python3.12/site-packages/airflow/example_dags/example_sla_dag.py
[2024-06-07T08:19:58.147+0000] {processor.py:830} INFO - Processing file /home/airflow/.local/lib/python3.12/site-packages/airflow/example_dags/example_sla_dag.py for tasks to queue
[2024-06-07T08:19:58.156+0000] {logging_mixin.py:188} INFO - [2024-06-07T08:19:58.155+0000] {dagbag.py:545} INFO - Filling up the DagBag from /home/airflow/.local/lib/python3.12/site-packages/airflow/example_dags/example_sla_dag.py
[2024-06-07T08:19:58.182+0000] {processor.py:840} INFO - DAG(s) 'example_sla_dag' retrieved from /home/airflow/.local/lib/python3.12/site-packages/airflow/example_dags/example_sla_dag.py
[2024-06-07T08:19:58.242+0000] {logging_mixin.py:188} INFO - [2024-06-07T08:19:58.242+0000] {dag.py:3096} INFO - Sync 1 DAGs
[2024-06-07T08:19:58.443+0000] {logging_mixin.py:188} INFO - [2024-06-07T08:19:58.442+0000] {dag.py:3954} INFO - Setting next_dagrun for example_sla_dag to 2024-06-07 08:16:00+00:00, run_after=2024-06-07 08:18:00+00:00
[2024-06-07T08:19:58.715+0000] {processor.py:183} INFO - Processing /home/airflow/.local/lib/python3.12/site-packages/airflow/example_dags/example_sla_dag.py took 0.610 seconds
[2024-06-07T08:20:29.635+0000] {processor.py:161} INFO - Started process (PID=2203) to work on /home/airflow/.local/lib/python3.12/site-packages/airflow/example_dags/example_sla_dag.py
[2024-06-07T08:20:29.638+0000] {processor.py:830} INFO - Processing file /home/airflow/.local/lib/python3.12/site-packages/airflow/example_dags/example_sla_dag.py for tasks to queue
[2024-06-07T08:20:29.639+0000] {logging_mixin.py:188} INFO - [2024-06-07T08:20:29.639+0000] {dagbag.py:545} INFO - Filling up the DagBag from /home/airflow/.local/lib/python3.12/site-packages/airflow/example_dags/example_sla_dag.py
[2024-06-07T08:20:29.657+0000] {processor.py:840} INFO - DAG(s) 'example_sla_dag' retrieved from /home/airflow/.local/lib/python3.12/site-packages/airflow/example_dags/example_sla_dag.py
[2024-06-07T08:20:29.704+0000] {logging_mixin.py:188} INFO - [2024-06-07T08:20:29.704+0000] {dag.py:3096} INFO - Sync 1 DAGs
[2024-06-07T08:20:29.787+0000] {logging_mixin.py:188} INFO - [2024-06-07T08:20:29.787+0000] {dag.py:3954} INFO - Setting next_dagrun for example_sla_dag to 2024-06-07 08:18:00+00:00, run_after=2024-06-07 08:20:00+00:00
[2024-06-07T08:20:29.954+0000] {processor.py:183} INFO - Processing /home/airflow/.local/lib/python3.12/site-packages/airflow/example_dags/example_sla_dag.py took 0.334 seconds
[2024-06-07T08:21:00.533+0000] {processor.py:161} INFO - Started process (PID=2261) to work on /home/airflow/.local/lib/python3.12/site-packages/airflow/example_dags/example_sla_dag.py
[2024-06-07T08:21:00.536+0000] {processor.py:830} INFO - Processing file /home/airflow/.local/lib/python3.12/site-packages/airflow/example_dags/example_sla_dag.py for tasks to queue
[2024-06-07T08:21:00.540+0000] {logging_mixin.py:188} INFO - [2024-06-07T08:21:00.538+0000] {dagbag.py:545} INFO - Filling up the DagBag from /home/airflow/.local/lib/python3.12/site-packages/airflow/example_dags/example_sla_dag.py
[2024-06-07T08:21:00.581+0000] {processor.py:840} INFO - DAG(s) 'example_sla_dag' retrieved from /home/airflow/.local/lib/python3.12/site-packages/airflow/example_dags/example_sla_dag.py
[2024-06-07T08:21:00.633+0000] {logging_mixin.py:188} INFO - [2024-06-07T08:21:00.633+0000] {dag.py:3096} INFO - Sync 1 DAGs
[2024-06-07T08:21:00.738+0000] {logging_mixin.py:188} INFO - [2024-06-07T08:21:00.732+0000] {dag.py:3954} INFO - Setting next_dagrun for example_sla_dag to 2024-06-07 08:18:00+00:00, run_after=2024-06-07 08:20:00+00:00
[2024-06-07T08:21:00.946+0000] {processor.py:183} INFO - Processing /home/airflow/.local/lib/python3.12/site-packages/airflow/example_dags/example_sla_dag.py took 0.445 seconds
[2024-06-07T08:21:31.655+0000] {processor.py:161} INFO - Started process (PID=2319) to work on /home/airflow/.local/lib/python3.12/site-packages/airflow/example_dags/example_sla_dag.py
[2024-06-07T08:21:31.657+0000] {processor.py:830} INFO - Processing file /home/airflow/.local/lib/python3.12/site-packages/airflow/example_dags/example_sla_dag.py for tasks to queue
[2024-06-07T08:21:31.660+0000] {logging_mixin.py:188} INFO - [2024-06-07T08:21:31.659+0000] {dagbag.py:545} INFO - Filling up the DagBag from /home/airflow/.local/lib/python3.12/site-packages/airflow/example_dags/example_sla_dag.py
[2024-06-07T08:21:31.706+0000] {processor.py:840} INFO - DAG(s) 'example_sla_dag' retrieved from /home/airflow/.local/lib/python3.12/site-packages/airflow/example_dags/example_sla_dag.py
[2024-06-07T08:21:31.795+0000] {logging_mixin.py:188} INFO - [2024-06-07T08:21:31.795+0000] {dag.py:3096} INFO - Sync 1 DAGs
[2024-06-07T08:21:31.895+0000] {logging_mixin.py:188} INFO - [2024-06-07T08:21:31.894+0000] {dag.py:3954} INFO - Setting next_dagrun for example_sla_dag to 2024-06-07 08:18:00+00:00, run_after=2024-06-07 08:20:00+00:00
[2024-06-07T08:21:32.076+0000] {processor.py:183} INFO - Processing /home/airflow/.local/lib/python3.12/site-packages/airflow/example_dags/example_sla_dag.py took 0.436 seconds
[2024-06-07T08:22:03.805+0000] {processor.py:161} INFO - Started process (PID=2377) to work on /home/airflow/.local/lib/python3.12/site-packages/airflow/example_dags/example_sla_dag.py
[2024-06-07T08:22:03.807+0000] {processor.py:830} INFO - Processing file /home/airflow/.local/lib/python3.12/site-packages/airflow/example_dags/example_sla_dag.py for tasks to queue
[2024-06-07T08:22:03.814+0000] {logging_mixin.py:188} INFO - [2024-06-07T08:22:03.812+0000] {dagbag.py:545} INFO - Filling up the DagBag from /home/airflow/.local/lib/python3.12/site-packages/airflow/example_dags/example_sla_dag.py
[2024-06-07T08:22:03.858+0000] {processor.py:840} INFO - DAG(s) 'example_sla_dag' retrieved from /home/airflow/.local/lib/python3.12/site-packages/airflow/example_dags/example_sla_dag.py
[2024-06-07T08:22:03.942+0000] {logging_mixin.py:188} INFO - [2024-06-07T08:22:03.942+0000] {dag.py:3096} INFO - Sync 1 DAGs
[2024-06-07T08:22:04.057+0000] {logging_mixin.py:188} INFO - [2024-06-07T08:22:04.057+0000] {dag.py:3954} INFO - Setting next_dagrun for example_sla_dag to 2024-06-07 08:20:00+00:00, run_after=2024-06-07 08:22:00+00:00
[2024-06-07T08:22:04.752+0000] {processor.py:183} INFO - Processing /home/airflow/.local/lib/python3.12/site-packages/airflow/example_dags/example_sla_dag.py took 0.973 seconds
[2024-06-07T08:22:35.370+0000] {processor.py:161} INFO - Started process (PID=2435) to work on /home/airflow/.local/lib/python3.12/site-packages/airflow/example_dags/example_sla_dag.py
[2024-06-07T08:22:35.372+0000] {processor.py:830} INFO - Processing file /home/airflow/.local/lib/python3.12/site-packages/airflow/example_dags/example_sla_dag.py for tasks to queue
[2024-06-07T08:22:35.374+0000] {logging_mixin.py:188} INFO - [2024-06-07T08:22:35.373+0000] {dagbag.py:545} INFO - Filling up the DagBag from /home/airflow/.local/lib/python3.12/site-packages/airflow/example_dags/example_sla_dag.py
[2024-06-07T08:22:35.392+0000] {processor.py:840} INFO - DAG(s) 'example_sla_dag' retrieved from /home/airflow/.local/lib/python3.12/site-packages/airflow/example_dags/example_sla_dag.py
[2024-06-07T08:22:35.431+0000] {logging_mixin.py:188} INFO - [2024-06-07T08:22:35.431+0000] {dag.py:3096} INFO - Sync 1 DAGs
[2024-06-07T08:22:35.483+0000] {logging_mixin.py:188} INFO - [2024-06-07T08:22:35.483+0000] {dag.py:3954} INFO - Setting next_dagrun for example_sla_dag to 2024-06-07 08:20:00+00:00, run_after=2024-06-07 08:22:00+00:00
[2024-06-07T08:22:35.874+0000] {processor.py:183} INFO - Processing /home/airflow/.local/lib/python3.12/site-packages/airflow/example_dags/example_sla_dag.py took 0.517 seconds
[2024-06-07T08:23:06.217+0000] {processor.py:161} INFO - Started process (PID=2493) to work on /home/airflow/.local/lib/python3.12/site-packages/airflow/example_dags/example_sla_dag.py
[2024-06-07T08:23:06.221+0000] {processor.py:830} INFO - Processing file /home/airflow/.local/lib/python3.12/site-packages/airflow/example_dags/example_sla_dag.py for tasks to queue
[2024-06-07T08:23:06.224+0000] {logging_mixin.py:188} INFO - [2024-06-07T08:23:06.223+0000] {dagbag.py:545} INFO - Filling up the DagBag from /home/airflow/.local/lib/python3.12/site-packages/airflow/example_dags/example_sla_dag.py
[2024-06-07T08:23:06.266+0000] {processor.py:840} INFO - DAG(s) 'example_sla_dag' retrieved from /home/airflow/.local/lib/python3.12/site-packages/airflow/example_dags/example_sla_dag.py
[2024-06-07T08:23:06.344+0000] {logging_mixin.py:188} INFO - [2024-06-07T08:23:06.343+0000] {dag.py:3096} INFO - Sync 1 DAGs
[2024-06-07T08:23:06.423+0000] {logging_mixin.py:188} INFO - [2024-06-07T08:23:06.415+0000] {dag.py:3954} INFO - Setting next_dagrun for example_sla_dag to 2024-06-07 08:20:00+00:00, run_after=2024-06-07 08:22:00+00:00
[2024-06-07T08:23:06.609+0000] {processor.py:183} INFO - Processing /home/airflow/.local/lib/python3.12/site-packages/airflow/example_dags/example_sla_dag.py took 0.433 seconds
