[2024-06-07T07:54:27.530+0000] {processor.py:161} INFO - Started process (PID=50) to work on /home/airflow/.local/lib/python3.12/site-packages/airflow/example_dags/example_sensor_decorator.py
[2024-06-07T07:54:27.558+0000] {processor.py:830} INFO - Processing file /home/airflow/.local/lib/python3.12/site-packages/airflow/example_dags/example_sensor_decorator.py for tasks to queue
[2024-06-07T07:54:27.579+0000] {logging_mixin.py:188} INFO - [2024-06-07T07:54:27.575+0000] {dagbag.py:545} INFO - Filling up the DagBag from /home/airflow/.local/lib/python3.12/site-packages/airflow/example_dags/example_sensor_decorator.py
[2024-06-07T07:54:27.618+0000] {processor.py:840} INFO - DAG(s) 'example_sensor_decorator' retrieved from /home/airflow/.local/lib/python3.12/site-packages/airflow/example_dags/example_sensor_decorator.py
[2024-06-07T07:54:29.185+0000] {logging_mixin.py:188} INFO - [2024-06-07T07:54:29.183+0000] {override.py:1829} INFO - Created Permission View: can delete on DAG:example_sensor_decorator
[2024-06-07T07:54:29.763+0000] {logging_mixin.py:188} INFO - [2024-06-07T07:54:29.762+0000] {override.py:1829} INFO - Created Permission View: can read on DAG:example_sensor_decorator
[2024-06-07T07:54:30.049+0000] {logging_mixin.py:188} INFO - [2024-06-07T07:54:30.048+0000] {override.py:1829} INFO - Created Permission View: can edit on DAG:example_sensor_decorator
[2024-06-07T07:54:30.053+0000] {logging_mixin.py:188} INFO - [2024-06-07T07:54:30.053+0000] {dag.py:3096} INFO - Sync 1 DAGs
[2024-06-07T07:54:30.096+0000] {logging_mixin.py:188} INFO - [2024-06-07T07:54:30.095+0000] {dag.py:3118} INFO - Creating ORM DAG for example_sensor_decorator
[2024-06-07T07:54:30.098+0000] {logging_mixin.py:188} INFO - [2024-06-07T07:54:30.097+0000] {dag.py:3954} INFO - Setting next_dagrun for example_sensor_decorator to None, run_after=None
[2024-06-07T07:54:30.257+0000] {processor.py:183} INFO - Processing /home/airflow/.local/lib/python3.12/site-packages/airflow/example_dags/example_sensor_decorator.py took 2.762 seconds
[2024-06-07T07:55:28.379+0000] {processor.py:161} INFO - Started process (PID=115) to work on /home/airflow/.local/lib/python3.12/site-packages/airflow/example_dags/example_sensor_decorator.py
[2024-06-07T07:55:28.381+0000] {processor.py:830} INFO - Processing file /home/airflow/.local/lib/python3.12/site-packages/airflow/example_dags/example_sensor_decorator.py for tasks to queue
[2024-06-07T07:55:28.386+0000] {logging_mixin.py:188} INFO - [2024-06-07T07:55:28.385+0000] {dagbag.py:545} INFO - Filling up the DagBag from /home/airflow/.local/lib/python3.12/site-packages/airflow/example_dags/example_sensor_decorator.py
[2024-06-07T07:55:28.480+0000] {processor.py:840} INFO - DAG(s) 'example_sensor_decorator' retrieved from /home/airflow/.local/lib/python3.12/site-packages/airflow/example_dags/example_sensor_decorator.py
[2024-06-07T07:55:28.556+0000] {logging_mixin.py:188} INFO - [2024-06-07T07:55:28.550+0000] {dag.py:3096} INFO - Sync 1 DAGs
[2024-06-07T07:55:28.598+0000] {logging_mixin.py:188} INFO - [2024-06-07T07:55:28.598+0000] {dag.py:3954} INFO - Setting next_dagrun for example_sensor_decorator to None, run_after=None
[2024-06-07T07:55:28.845+0000] {processor.py:183} INFO - Processing /home/airflow/.local/lib/python3.12/site-packages/airflow/example_dags/example_sensor_decorator.py took 0.482 seconds
[2024-06-07T07:56:00.722+0000] {processor.py:161} INFO - Started process (PID=171) to work on /home/airflow/.local/lib/python3.12/site-packages/airflow/example_dags/example_sensor_decorator.py
[2024-06-07T07:56:00.769+0000] {processor.py:830} INFO - Processing file /home/airflow/.local/lib/python3.12/site-packages/airflow/example_dags/example_sensor_decorator.py for tasks to queue
[2024-06-07T07:56:00.786+0000] {logging_mixin.py:188} INFO - [2024-06-07T07:56:00.784+0000] {dagbag.py:545} INFO - Filling up the DagBag from /home/airflow/.local/lib/python3.12/site-packages/airflow/example_dags/example_sensor_decorator.py
[2024-06-07T07:56:00.873+0000] {processor.py:840} INFO - DAG(s) 'example_sensor_decorator' retrieved from /home/airflow/.local/lib/python3.12/site-packages/airflow/example_dags/example_sensor_decorator.py
[2024-06-07T07:56:01.018+0000] {logging_mixin.py:188} INFO - [2024-06-07T07:56:01.017+0000] {dag.py:3096} INFO - Sync 1 DAGs
[2024-06-07T07:56:01.079+0000] {logging_mixin.py:188} INFO - [2024-06-07T07:56:01.078+0000] {dag.py:3954} INFO - Setting next_dagrun for example_sensor_decorator to None, run_after=None
[2024-06-07T07:56:01.258+0000] {processor.py:183} INFO - Processing /home/airflow/.local/lib/python3.12/site-packages/airflow/example_dags/example_sensor_decorator.py took 0.681 seconds
[2024-06-07T07:56:36.094+0000] {processor.py:161} INFO - Started process (PID=229) to work on /home/airflow/.local/lib/python3.12/site-packages/airflow/example_dags/example_sensor_decorator.py
[2024-06-07T07:56:36.169+0000] {processor.py:830} INFO - Processing file /home/airflow/.local/lib/python3.12/site-packages/airflow/example_dags/example_sensor_decorator.py for tasks to queue
[2024-06-07T07:56:36.186+0000] {logging_mixin.py:188} INFO - [2024-06-07T07:56:36.185+0000] {dagbag.py:545} INFO - Filling up the DagBag from /home/airflow/.local/lib/python3.12/site-packages/airflow/example_dags/example_sensor_decorator.py
[2024-06-07T07:56:36.303+0000] {processor.py:840} INFO - DAG(s) 'example_sensor_decorator' retrieved from /home/airflow/.local/lib/python3.12/site-packages/airflow/example_dags/example_sensor_decorator.py
[2024-06-07T07:56:36.842+0000] {logging_mixin.py:188} INFO - [2024-06-07T07:56:36.830+0000] {dag.py:3096} INFO - Sync 1 DAGs
[2024-06-07T07:56:37.072+0000] {logging_mixin.py:188} INFO - [2024-06-07T07:56:37.071+0000] {dag.py:3954} INFO - Setting next_dagrun for example_sensor_decorator to None, run_after=None
[2024-06-07T07:56:37.441+0000] {processor.py:183} INFO - Processing /home/airflow/.local/lib/python3.12/site-packages/airflow/example_dags/example_sensor_decorator.py took 1.538 seconds
[2024-06-07T07:57:15.927+0000] {processor.py:161} INFO - Started process (PID=287) to work on /home/airflow/.local/lib/python3.12/site-packages/airflow/example_dags/example_sensor_decorator.py
[2024-06-07T07:57:15.929+0000] {processor.py:830} INFO - Processing file /home/airflow/.local/lib/python3.12/site-packages/airflow/example_dags/example_sensor_decorator.py for tasks to queue
[2024-06-07T07:57:15.945+0000] {logging_mixin.py:188} INFO - [2024-06-07T07:57:15.944+0000] {dagbag.py:545} INFO - Filling up the DagBag from /home/airflow/.local/lib/python3.12/site-packages/airflow/example_dags/example_sensor_decorator.py
[2024-06-07T07:57:15.985+0000] {processor.py:840} INFO - DAG(s) 'example_sensor_decorator' retrieved from /home/airflow/.local/lib/python3.12/site-packages/airflow/example_dags/example_sensor_decorator.py
[2024-06-07T07:57:16.128+0000] {logging_mixin.py:188} INFO - [2024-06-07T07:57:16.127+0000] {dag.py:3096} INFO - Sync 1 DAGs
[2024-06-07T07:57:16.292+0000] {logging_mixin.py:188} INFO - [2024-06-07T07:57:16.291+0000] {dag.py:3954} INFO - Setting next_dagrun for example_sensor_decorator to None, run_after=None
[2024-06-07T07:57:16.769+0000] {processor.py:183} INFO - Processing /home/airflow/.local/lib/python3.12/site-packages/airflow/example_dags/example_sensor_decorator.py took 0.939 seconds
[2024-06-07T07:57:47.297+0000] {processor.py:161} INFO - Started process (PID=344) to work on /home/airflow/.local/lib/python3.12/site-packages/airflow/example_dags/example_sensor_decorator.py
[2024-06-07T07:57:47.303+0000] {processor.py:830} INFO - Processing file /home/airflow/.local/lib/python3.12/site-packages/airflow/example_dags/example_sensor_decorator.py for tasks to queue
[2024-06-07T07:57:47.339+0000] {logging_mixin.py:188} INFO - [2024-06-07T07:57:47.338+0000] {dagbag.py:545} INFO - Filling up the DagBag from /home/airflow/.local/lib/python3.12/site-packages/airflow/example_dags/example_sensor_decorator.py
[2024-06-07T07:57:47.374+0000] {processor.py:840} INFO - DAG(s) 'example_sensor_decorator' retrieved from /home/airflow/.local/lib/python3.12/site-packages/airflow/example_dags/example_sensor_decorator.py
[2024-06-07T07:57:47.472+0000] {logging_mixin.py:188} INFO - [2024-06-07T07:57:47.471+0000] {dag.py:3096} INFO - Sync 1 DAGs
[2024-06-07T07:57:47.519+0000] {logging_mixin.py:188} INFO - [2024-06-07T07:57:47.519+0000] {dag.py:3954} INFO - Setting next_dagrun for example_sensor_decorator to None, run_after=None
[2024-06-07T07:57:47.757+0000] {processor.py:183} INFO - Processing /home/airflow/.local/lib/python3.12/site-packages/airflow/example_dags/example_sensor_decorator.py took 0.553 seconds
[2024-06-07T07:58:18.806+0000] {processor.py:161} INFO - Started process (PID=398) to work on /home/airflow/.local/lib/python3.12/site-packages/airflow/example_dags/example_sensor_decorator.py
[2024-06-07T07:58:18.808+0000] {processor.py:830} INFO - Processing file /home/airflow/.local/lib/python3.12/site-packages/airflow/example_dags/example_sensor_decorator.py for tasks to queue
[2024-06-07T07:58:18.812+0000] {logging_mixin.py:188} INFO - [2024-06-07T07:58:18.811+0000] {dagbag.py:545} INFO - Filling up the DagBag from /home/airflow/.local/lib/python3.12/site-packages/airflow/example_dags/example_sensor_decorator.py
[2024-06-07T07:58:18.824+0000] {processor.py:840} INFO - DAG(s) 'example_sensor_decorator' retrieved from /home/airflow/.local/lib/python3.12/site-packages/airflow/example_dags/example_sensor_decorator.py
[2024-06-07T07:58:18.851+0000] {logging_mixin.py:188} INFO - [2024-06-07T07:58:18.850+0000] {dag.py:3096} INFO - Sync 1 DAGs
[2024-06-07T07:58:18.912+0000] {logging_mixin.py:188} INFO - [2024-06-07T07:58:18.911+0000] {dag.py:3954} INFO - Setting next_dagrun for example_sensor_decorator to None, run_after=None
[2024-06-07T07:58:19.076+0000] {processor.py:183} INFO - Processing /home/airflow/.local/lib/python3.12/site-packages/airflow/example_dags/example_sensor_decorator.py took 0.283 seconds
[2024-06-07T07:58:55.236+0000] {processor.py:161} INFO - Started process (PID=455) to work on /home/airflow/.local/lib/python3.12/site-packages/airflow/example_dags/example_sensor_decorator.py
[2024-06-07T07:58:55.239+0000] {processor.py:830} INFO - Processing file /home/airflow/.local/lib/python3.12/site-packages/airflow/example_dags/example_sensor_decorator.py for tasks to queue
[2024-06-07T07:58:55.262+0000] {logging_mixin.py:188} INFO - [2024-06-07T07:58:55.261+0000] {dagbag.py:545} INFO - Filling up the DagBag from /home/airflow/.local/lib/python3.12/site-packages/airflow/example_dags/example_sensor_decorator.py
[2024-06-07T07:58:55.284+0000] {processor.py:840} INFO - DAG(s) 'example_sensor_decorator' retrieved from /home/airflow/.local/lib/python3.12/site-packages/airflow/example_dags/example_sensor_decorator.py
[2024-06-07T07:58:55.820+0000] {logging_mixin.py:188} INFO - [2024-06-07T07:58:55.820+0000] {dag.py:3096} INFO - Sync 1 DAGs
[2024-06-07T07:58:55.861+0000] {logging_mixin.py:188} INFO - [2024-06-07T07:58:55.861+0000] {dag.py:3954} INFO - Setting next_dagrun for example_sensor_decorator to None, run_after=None
[2024-06-07T07:58:56.046+0000] {processor.py:183} INFO - Processing /home/airflow/.local/lib/python3.12/site-packages/airflow/example_dags/example_sensor_decorator.py took 0.829 seconds
[2024-06-07T07:59:27.653+0000] {processor.py:161} INFO - Started process (PID=506) to work on /home/airflow/.local/lib/python3.12/site-packages/airflow/example_dags/example_sensor_decorator.py
[2024-06-07T07:59:27.655+0000] {processor.py:830} INFO - Processing file /home/airflow/.local/lib/python3.12/site-packages/airflow/example_dags/example_sensor_decorator.py for tasks to queue
[2024-06-07T07:59:27.673+0000] {logging_mixin.py:188} INFO - [2024-06-07T07:59:27.671+0000] {dagbag.py:545} INFO - Filling up the DagBag from /home/airflow/.local/lib/python3.12/site-packages/airflow/example_dags/example_sensor_decorator.py
[2024-06-07T07:59:27.689+0000] {processor.py:840} INFO - DAG(s) 'example_sensor_decorator' retrieved from /home/airflow/.local/lib/python3.12/site-packages/airflow/example_dags/example_sensor_decorator.py
[2024-06-07T07:59:27.805+0000] {logging_mixin.py:188} INFO - [2024-06-07T07:59:27.804+0000] {dag.py:3096} INFO - Sync 1 DAGs
[2024-06-07T07:59:27.868+0000] {logging_mixin.py:188} INFO - [2024-06-07T07:59:27.868+0000] {dag.py:3954} INFO - Setting next_dagrun for example_sensor_decorator to None, run_after=None
[2024-06-07T07:59:27.985+0000] {processor.py:183} INFO - Processing /home/airflow/.local/lib/python3.12/site-packages/airflow/example_dags/example_sensor_decorator.py took 0.391 seconds
[2024-06-07T08:00:05.285+0000] {processor.py:161} INFO - Started process (PID=561) to work on /home/airflow/.local/lib/python3.12/site-packages/airflow/example_dags/example_sensor_decorator.py
[2024-06-07T08:00:05.289+0000] {processor.py:830} INFO - Processing file /home/airflow/.local/lib/python3.12/site-packages/airflow/example_dags/example_sensor_decorator.py for tasks to queue
[2024-06-07T08:00:05.323+0000] {logging_mixin.py:188} INFO - [2024-06-07T08:00:05.322+0000] {dagbag.py:545} INFO - Filling up the DagBag from /home/airflow/.local/lib/python3.12/site-packages/airflow/example_dags/example_sensor_decorator.py
[2024-06-07T08:00:05.359+0000] {processor.py:840} INFO - DAG(s) 'example_sensor_decorator' retrieved from /home/airflow/.local/lib/python3.12/site-packages/airflow/example_dags/example_sensor_decorator.py
[2024-06-07T08:00:05.545+0000] {logging_mixin.py:188} INFO - [2024-06-07T08:00:05.545+0000] {dag.py:3096} INFO - Sync 1 DAGs
[2024-06-07T08:00:05.716+0000] {logging_mixin.py:188} INFO - [2024-06-07T08:00:05.715+0000] {dag.py:3954} INFO - Setting next_dagrun for example_sensor_decorator to None, run_after=None
[2024-06-07T08:00:06.472+0000] {processor.py:183} INFO - Processing /home/airflow/.local/lib/python3.12/site-packages/airflow/example_dags/example_sensor_decorator.py took 1.216 seconds
[2024-06-07T08:00:50.386+0000] {processor.py:161} INFO - Started process (PID=612) to work on /home/airflow/.local/lib/python3.12/site-packages/airflow/example_dags/example_sensor_decorator.py
[2024-06-07T08:00:50.388+0000] {processor.py:830} INFO - Processing file /home/airflow/.local/lib/python3.12/site-packages/airflow/example_dags/example_sensor_decorator.py for tasks to queue
[2024-06-07T08:00:50.396+0000] {logging_mixin.py:188} INFO - [2024-06-07T08:00:50.394+0000] {dagbag.py:545} INFO - Filling up the DagBag from /home/airflow/.local/lib/python3.12/site-packages/airflow/example_dags/example_sensor_decorator.py
[2024-06-07T08:00:50.411+0000] {processor.py:840} INFO - DAG(s) 'example_sensor_decorator' retrieved from /home/airflow/.local/lib/python3.12/site-packages/airflow/example_dags/example_sensor_decorator.py
[2024-06-07T08:00:50.470+0000] {logging_mixin.py:188} INFO - [2024-06-07T08:00:50.470+0000] {dag.py:3096} INFO - Sync 1 DAGs
[2024-06-07T08:00:50.555+0000] {logging_mixin.py:188} INFO - [2024-06-07T08:00:50.527+0000] {dag.py:3954} INFO - Setting next_dagrun for example_sensor_decorator to None, run_after=None
[2024-06-07T08:00:51.194+0000] {processor.py:183} INFO - Processing /home/airflow/.local/lib/python3.12/site-packages/airflow/example_dags/example_sensor_decorator.py took 0.832 seconds
[2024-06-07T08:01:23.941+0000] {processor.py:161} INFO - Started process (PID=675) to work on /home/airflow/.local/lib/python3.12/site-packages/airflow/example_dags/example_sensor_decorator.py
[2024-06-07T08:01:23.944+0000] {processor.py:830} INFO - Processing file /home/airflow/.local/lib/python3.12/site-packages/airflow/example_dags/example_sensor_decorator.py for tasks to queue
[2024-06-07T08:01:23.964+0000] {logging_mixin.py:188} INFO - [2024-06-07T08:01:23.963+0000] {dagbag.py:545} INFO - Filling up the DagBag from /home/airflow/.local/lib/python3.12/site-packages/airflow/example_dags/example_sensor_decorator.py
[2024-06-07T08:01:24.021+0000] {processor.py:840} INFO - DAG(s) 'example_sensor_decorator' retrieved from /home/airflow/.local/lib/python3.12/site-packages/airflow/example_dags/example_sensor_decorator.py
[2024-06-07T08:01:24.124+0000] {logging_mixin.py:188} INFO - [2024-06-07T08:01:24.124+0000] {dag.py:3096} INFO - Sync 1 DAGs
[2024-06-07T08:01:24.207+0000] {logging_mixin.py:188} INFO - [2024-06-07T08:01:24.206+0000] {dag.py:3954} INFO - Setting next_dagrun for example_sensor_decorator to None, run_after=None
[2024-06-07T08:01:24.540+0000] {processor.py:183} INFO - Processing /home/airflow/.local/lib/python3.12/site-packages/airflow/example_dags/example_sensor_decorator.py took 0.673 seconds
[2024-06-07T08:02:15.922+0000] {processor.py:161} INFO - Started process (PID=725) to work on /home/airflow/.local/lib/python3.12/site-packages/airflow/example_dags/example_sensor_decorator.py
[2024-06-07T08:02:15.947+0000] {processor.py:830} INFO - Processing file /home/airflow/.local/lib/python3.12/site-packages/airflow/example_dags/example_sensor_decorator.py for tasks to queue
[2024-06-07T08:02:16.002+0000] {logging_mixin.py:188} INFO - [2024-06-07T08:02:16.001+0000] {dagbag.py:545} INFO - Filling up the DagBag from /home/airflow/.local/lib/python3.12/site-packages/airflow/example_dags/example_sensor_decorator.py
[2024-06-07T08:02:16.099+0000] {processor.py:840} INFO - DAG(s) 'example_sensor_decorator' retrieved from /home/airflow/.local/lib/python3.12/site-packages/airflow/example_dags/example_sensor_decorator.py
[2024-06-07T08:02:18.882+0000] {logging_mixin.py:188} INFO - [2024-06-07T08:02:18.866+0000] {dag.py:3096} INFO - Sync 1 DAGs
[2024-06-07T08:02:19.113+0000] {logging_mixin.py:188} INFO - [2024-06-07T08:02:19.112+0000] {dag.py:3954} INFO - Setting next_dagrun for example_sensor_decorator to None, run_after=None
[2024-06-07T08:02:19.407+0000] {processor.py:183} INFO - Processing /home/airflow/.local/lib/python3.12/site-packages/airflow/example_dags/example_sensor_decorator.py took 3.676 seconds
[2024-06-07T08:02:52.612+0000] {processor.py:161} INFO - Started process (PID=782) to work on /home/airflow/.local/lib/python3.12/site-packages/airflow/example_dags/example_sensor_decorator.py
[2024-06-07T08:02:52.615+0000] {processor.py:830} INFO - Processing file /home/airflow/.local/lib/python3.12/site-packages/airflow/example_dags/example_sensor_decorator.py for tasks to queue
[2024-06-07T08:02:52.619+0000] {logging_mixin.py:188} INFO - [2024-06-07T08:02:52.618+0000] {dagbag.py:545} INFO - Filling up the DagBag from /home/airflow/.local/lib/python3.12/site-packages/airflow/example_dags/example_sensor_decorator.py
[2024-06-07T08:02:52.650+0000] {processor.py:840} INFO - DAG(s) 'example_sensor_decorator' retrieved from /home/airflow/.local/lib/python3.12/site-packages/airflow/example_dags/example_sensor_decorator.py
[2024-06-07T08:02:52.725+0000] {logging_mixin.py:188} INFO - [2024-06-07T08:02:52.723+0000] {dag.py:3096} INFO - Sync 1 DAGs
[2024-06-07T08:02:52.775+0000] {logging_mixin.py:188} INFO - [2024-06-07T08:02:52.774+0000] {dag.py:3954} INFO - Setting next_dagrun for example_sensor_decorator to None, run_after=None
[2024-06-07T08:02:52.893+0000] {processor.py:183} INFO - Processing /home/airflow/.local/lib/python3.12/site-packages/airflow/example_dags/example_sensor_decorator.py took 0.298 seconds
[2024-06-07T08:03:27.540+0000] {processor.py:161} INFO - Started process (PID=848) to work on /home/airflow/.local/lib/python3.12/site-packages/airflow/example_dags/example_sensor_decorator.py
[2024-06-07T08:03:27.541+0000] {processor.py:830} INFO - Processing file /home/airflow/.local/lib/python3.12/site-packages/airflow/example_dags/example_sensor_decorator.py for tasks to queue
[2024-06-07T08:03:27.546+0000] {logging_mixin.py:188} INFO - [2024-06-07T08:03:27.545+0000] {dagbag.py:545} INFO - Filling up the DagBag from /home/airflow/.local/lib/python3.12/site-packages/airflow/example_dags/example_sensor_decorator.py
[2024-06-07T08:03:27.557+0000] {processor.py:840} INFO - DAG(s) 'example_sensor_decorator' retrieved from /home/airflow/.local/lib/python3.12/site-packages/airflow/example_dags/example_sensor_decorator.py
[2024-06-07T08:03:27.606+0000] {logging_mixin.py:188} INFO - [2024-06-07T08:03:27.605+0000] {dag.py:3096} INFO - Sync 1 DAGs
[2024-06-07T08:03:27.641+0000] {logging_mixin.py:188} INFO - [2024-06-07T08:03:27.641+0000] {dag.py:3954} INFO - Setting next_dagrun for example_sensor_decorator to None, run_after=None
[2024-06-07T08:03:27.783+0000] {processor.py:183} INFO - Processing /home/airflow/.local/lib/python3.12/site-packages/airflow/example_dags/example_sensor_decorator.py took 0.256 seconds
[2024-06-07T08:03:58.214+0000] {processor.py:161} INFO - Started process (PID=904) to work on /home/airflow/.local/lib/python3.12/site-packages/airflow/example_dags/example_sensor_decorator.py
[2024-06-07T08:03:58.226+0000] {processor.py:830} INFO - Processing file /home/airflow/.local/lib/python3.12/site-packages/airflow/example_dags/example_sensor_decorator.py for tasks to queue
[2024-06-07T08:03:58.238+0000] {logging_mixin.py:188} INFO - [2024-06-07T08:03:58.237+0000] {dagbag.py:545} INFO - Filling up the DagBag from /home/airflow/.local/lib/python3.12/site-packages/airflow/example_dags/example_sensor_decorator.py
[2024-06-07T08:03:58.269+0000] {processor.py:840} INFO - DAG(s) 'example_sensor_decorator' retrieved from /home/airflow/.local/lib/python3.12/site-packages/airflow/example_dags/example_sensor_decorator.py
[2024-06-07T08:03:58.339+0000] {logging_mixin.py:188} INFO - [2024-06-07T08:03:58.338+0000] {dag.py:3096} INFO - Sync 1 DAGs
[2024-06-07T08:03:58.380+0000] {logging_mixin.py:188} INFO - [2024-06-07T08:03:58.379+0000] {dag.py:3954} INFO - Setting next_dagrun for example_sensor_decorator to None, run_after=None
[2024-06-07T08:03:58.814+0000] {processor.py:183} INFO - Processing /home/airflow/.local/lib/python3.12/site-packages/airflow/example_dags/example_sensor_decorator.py took 0.629 seconds
[2024-06-07T08:04:28.967+0000] {processor.py:161} INFO - Started process (PID=962) to work on /home/airflow/.local/lib/python3.12/site-packages/airflow/example_dags/example_sensor_decorator.py
[2024-06-07T08:04:28.971+0000] {processor.py:830} INFO - Processing file /home/airflow/.local/lib/python3.12/site-packages/airflow/example_dags/example_sensor_decorator.py for tasks to queue
[2024-06-07T08:04:28.976+0000] {logging_mixin.py:188} INFO - [2024-06-07T08:04:28.975+0000] {dagbag.py:545} INFO - Filling up the DagBag from /home/airflow/.local/lib/python3.12/site-packages/airflow/example_dags/example_sensor_decorator.py
[2024-06-07T08:04:28.993+0000] {processor.py:840} INFO - DAG(s) 'example_sensor_decorator' retrieved from /home/airflow/.local/lib/python3.12/site-packages/airflow/example_dags/example_sensor_decorator.py
[2024-06-07T08:04:29.053+0000] {logging_mixin.py:188} INFO - [2024-06-07T08:04:29.052+0000] {dag.py:3096} INFO - Sync 1 DAGs
[2024-06-07T08:04:29.091+0000] {logging_mixin.py:188} INFO - [2024-06-07T08:04:29.090+0000] {dag.py:3954} INFO - Setting next_dagrun for example_sensor_decorator to None, run_after=None
[2024-06-07T08:04:29.676+0000] {processor.py:183} INFO - Processing /home/airflow/.local/lib/python3.12/site-packages/airflow/example_dags/example_sensor_decorator.py took 0.730 seconds
[2024-06-07T08:05:00.231+0000] {processor.py:161} INFO - Started process (PID=1018) to work on /home/airflow/.local/lib/python3.12/site-packages/airflow/example_dags/example_sensor_decorator.py
[2024-06-07T08:05:00.233+0000] {processor.py:830} INFO - Processing file /home/airflow/.local/lib/python3.12/site-packages/airflow/example_dags/example_sensor_decorator.py for tasks to queue
[2024-06-07T08:05:00.239+0000] {logging_mixin.py:188} INFO - [2024-06-07T08:05:00.238+0000] {dagbag.py:545} INFO - Filling up the DagBag from /home/airflow/.local/lib/python3.12/site-packages/airflow/example_dags/example_sensor_decorator.py
[2024-06-07T08:05:00.257+0000] {processor.py:840} INFO - DAG(s) 'example_sensor_decorator' retrieved from /home/airflow/.local/lib/python3.12/site-packages/airflow/example_dags/example_sensor_decorator.py
[2024-06-07T08:05:00.333+0000] {logging_mixin.py:188} INFO - [2024-06-07T08:05:00.333+0000] {dag.py:3096} INFO - Sync 1 DAGs
[2024-06-07T08:05:00.389+0000] {logging_mixin.py:188} INFO - [2024-06-07T08:05:00.388+0000] {dag.py:3954} INFO - Setting next_dagrun for example_sensor_decorator to None, run_after=None
[2024-06-07T08:05:00.488+0000] {processor.py:183} INFO - Processing /home/airflow/.local/lib/python3.12/site-packages/airflow/example_dags/example_sensor_decorator.py took 0.274 seconds
[2024-06-07T08:05:30.739+0000] {processor.py:161} INFO - Started process (PID=1073) to work on /home/airflow/.local/lib/python3.12/site-packages/airflow/example_dags/example_sensor_decorator.py
[2024-06-07T08:05:30.741+0000] {processor.py:830} INFO - Processing file /home/airflow/.local/lib/python3.12/site-packages/airflow/example_dags/example_sensor_decorator.py for tasks to queue
[2024-06-07T08:05:30.747+0000] {logging_mixin.py:188} INFO - [2024-06-07T08:05:30.746+0000] {dagbag.py:545} INFO - Filling up the DagBag from /home/airflow/.local/lib/python3.12/site-packages/airflow/example_dags/example_sensor_decorator.py
[2024-06-07T08:05:30.789+0000] {processor.py:840} INFO - DAG(s) 'example_sensor_decorator' retrieved from /home/airflow/.local/lib/python3.12/site-packages/airflow/example_dags/example_sensor_decorator.py
[2024-06-07T08:05:30.896+0000] {logging_mixin.py:188} INFO - [2024-06-07T08:05:30.895+0000] {dag.py:3096} INFO - Sync 1 DAGs
[2024-06-07T08:05:31.032+0000] {logging_mixin.py:188} INFO - [2024-06-07T08:05:31.031+0000] {dag.py:3954} INFO - Setting next_dagrun for example_sensor_decorator to None, run_after=None
[2024-06-07T08:05:31.348+0000] {processor.py:183} INFO - Processing /home/airflow/.local/lib/python3.12/site-packages/airflow/example_dags/example_sensor_decorator.py took 0.629 seconds
[2024-06-07T08:06:01.992+0000] {processor.py:161} INFO - Started process (PID=1131) to work on /home/airflow/.local/lib/python3.12/site-packages/airflow/example_dags/example_sensor_decorator.py
[2024-06-07T08:06:01.997+0000] {processor.py:830} INFO - Processing file /home/airflow/.local/lib/python3.12/site-packages/airflow/example_dags/example_sensor_decorator.py for tasks to queue
[2024-06-07T08:06:02.002+0000] {logging_mixin.py:188} INFO - [2024-06-07T08:06:02.001+0000] {dagbag.py:545} INFO - Filling up the DagBag from /home/airflow/.local/lib/python3.12/site-packages/airflow/example_dags/example_sensor_decorator.py
[2024-06-07T08:06:02.037+0000] {processor.py:840} INFO - DAG(s) 'example_sensor_decorator' retrieved from /home/airflow/.local/lib/python3.12/site-packages/airflow/example_dags/example_sensor_decorator.py
[2024-06-07T08:06:02.180+0000] {logging_mixin.py:188} INFO - [2024-06-07T08:06:02.177+0000] {dag.py:3096} INFO - Sync 1 DAGs
[2024-06-07T08:06:02.274+0000] {logging_mixin.py:188} INFO - [2024-06-07T08:06:02.273+0000] {dag.py:3954} INFO - Setting next_dagrun for example_sensor_decorator to None, run_after=None
[2024-06-07T08:06:02.494+0000] {processor.py:183} INFO - Processing /home/airflow/.local/lib/python3.12/site-packages/airflow/example_dags/example_sensor_decorator.py took 0.528 seconds
[2024-06-07T08:06:33.092+0000] {processor.py:161} INFO - Started process (PID=1199) to work on /home/airflow/.local/lib/python3.12/site-packages/airflow/example_dags/example_sensor_decorator.py
[2024-06-07T08:06:33.099+0000] {processor.py:830} INFO - Processing file /home/airflow/.local/lib/python3.12/site-packages/airflow/example_dags/example_sensor_decorator.py for tasks to queue
[2024-06-07T08:06:33.170+0000] {logging_mixin.py:188} INFO - [2024-06-07T08:06:33.169+0000] {dagbag.py:545} INFO - Filling up the DagBag from /home/airflow/.local/lib/python3.12/site-packages/airflow/example_dags/example_sensor_decorator.py
[2024-06-07T08:06:33.201+0000] {processor.py:840} INFO - DAG(s) 'example_sensor_decorator' retrieved from /home/airflow/.local/lib/python3.12/site-packages/airflow/example_dags/example_sensor_decorator.py
[2024-06-07T08:06:33.327+0000] {logging_mixin.py:188} INFO - [2024-06-07T08:06:33.326+0000] {dag.py:3096} INFO - Sync 1 DAGs
[2024-06-07T08:06:33.390+0000] {logging_mixin.py:188} INFO - [2024-06-07T08:06:33.389+0000] {dag.py:3954} INFO - Setting next_dagrun for example_sensor_decorator to None, run_after=None
[2024-06-07T08:06:33.815+0000] {processor.py:183} INFO - Processing /home/airflow/.local/lib/python3.12/site-packages/airflow/example_dags/example_sensor_decorator.py took 0.782 seconds
[2024-06-07T08:07:14.482+0000] {processor.py:161} INFO - Started process (PID=1233) to work on /home/airflow/.local/lib/python3.12/site-packages/airflow/example_dags/example_sensor_decorator.py
[2024-06-07T08:07:14.484+0000] {processor.py:830} INFO - Processing file /home/airflow/.local/lib/python3.12/site-packages/airflow/example_dags/example_sensor_decorator.py for tasks to queue
[2024-06-07T08:07:14.489+0000] {logging_mixin.py:188} INFO - [2024-06-07T08:07:14.488+0000] {dagbag.py:545} INFO - Filling up the DagBag from /home/airflow/.local/lib/python3.12/site-packages/airflow/example_dags/example_sensor_decorator.py
[2024-06-07T08:07:14.557+0000] {processor.py:840} INFO - DAG(s) 'example_sensor_decorator' retrieved from /home/airflow/.local/lib/python3.12/site-packages/airflow/example_dags/example_sensor_decorator.py
[2024-06-07T08:07:14.675+0000] {logging_mixin.py:188} INFO - [2024-06-07T08:07:14.674+0000] {dag.py:3096} INFO - Sync 1 DAGs
[2024-06-07T08:07:14.722+0000] {logging_mixin.py:188} INFO - [2024-06-07T08:07:14.721+0000] {dag.py:3954} INFO - Setting next_dagrun for example_sensor_decorator to None, run_after=None
[2024-06-07T08:07:15.048+0000] {processor.py:183} INFO - Processing /home/airflow/.local/lib/python3.12/site-packages/airflow/example_dags/example_sensor_decorator.py took 0.595 seconds
[2024-06-07T08:08:02.413+0000] {processor.py:161} INFO - Started process (PID=1296) to work on /home/airflow/.local/lib/python3.12/site-packages/airflow/example_dags/example_sensor_decorator.py
[2024-06-07T08:08:02.441+0000] {processor.py:830} INFO - Processing file /home/airflow/.local/lib/python3.12/site-packages/airflow/example_dags/example_sensor_decorator.py for tasks to queue
[2024-06-07T08:08:02.450+0000] {logging_mixin.py:188} INFO - [2024-06-07T08:08:02.448+0000] {dagbag.py:545} INFO - Filling up the DagBag from /home/airflow/.local/lib/python3.12/site-packages/airflow/example_dags/example_sensor_decorator.py
[2024-06-07T08:08:02.504+0000] {processor.py:840} INFO - DAG(s) 'example_sensor_decorator' retrieved from /home/airflow/.local/lib/python3.12/site-packages/airflow/example_dags/example_sensor_decorator.py
[2024-06-07T08:08:02.845+0000] {logging_mixin.py:188} INFO - [2024-06-07T08:08:02.831+0000] {dag.py:3096} INFO - Sync 1 DAGs
[2024-06-07T08:08:03.046+0000] {logging_mixin.py:188} INFO - [2024-06-07T08:08:03.023+0000] {dag.py:3954} INFO - Setting next_dagrun for example_sensor_decorator to None, run_after=None
[2024-06-07T08:08:03.299+0000] {processor.py:183} INFO - Processing /home/airflow/.local/lib/python3.12/site-packages/airflow/example_dags/example_sensor_decorator.py took 0.948 seconds
[2024-06-07T08:08:41.518+0000] {processor.py:161} INFO - Started process (PID=1351) to work on /home/airflow/.local/lib/python3.12/site-packages/airflow/example_dags/example_sensor_decorator.py
[2024-06-07T08:08:41.549+0000] {processor.py:830} INFO - Processing file /home/airflow/.local/lib/python3.12/site-packages/airflow/example_dags/example_sensor_decorator.py for tasks to queue
[2024-06-07T08:08:41.558+0000] {logging_mixin.py:188} INFO - [2024-06-07T08:08:41.557+0000] {dagbag.py:545} INFO - Filling up the DagBag from /home/airflow/.local/lib/python3.12/site-packages/airflow/example_dags/example_sensor_decorator.py
[2024-06-07T08:08:41.578+0000] {processor.py:840} INFO - DAG(s) 'example_sensor_decorator' retrieved from /home/airflow/.local/lib/python3.12/site-packages/airflow/example_dags/example_sensor_decorator.py
[2024-06-07T08:08:41.649+0000] {logging_mixin.py:188} INFO - [2024-06-07T08:08:41.648+0000] {dag.py:3096} INFO - Sync 1 DAGs
[2024-06-07T08:08:41.899+0000] {logging_mixin.py:188} INFO - [2024-06-07T08:08:41.898+0000] {dag.py:3954} INFO - Setting next_dagrun for example_sensor_decorator to None, run_after=None
[2024-06-07T08:08:42.430+0000] {processor.py:183} INFO - Processing /home/airflow/.local/lib/python3.12/site-packages/airflow/example_dags/example_sensor_decorator.py took 0.923 seconds
[2024-06-07T08:13:25.434+0000] {processor.py:161} INFO - Started process (PID=1457) to work on /home/airflow/.local/lib/python3.12/site-packages/airflow/example_dags/example_sensor_decorator.py
[2024-06-07T08:13:25.446+0000] {processor.py:830} INFO - Processing file /home/airflow/.local/lib/python3.12/site-packages/airflow/example_dags/example_sensor_decorator.py for tasks to queue
[2024-06-07T08:13:25.449+0000] {logging_mixin.py:188} INFO - [2024-06-07T08:13:25.448+0000] {dagbag.py:545} INFO - Filling up the DagBag from /home/airflow/.local/lib/python3.12/site-packages/airflow/example_dags/example_sensor_decorator.py
[2024-06-07T08:13:25.486+0000] {processor.py:840} INFO - DAG(s) 'example_sensor_decorator' retrieved from /home/airflow/.local/lib/python3.12/site-packages/airflow/example_dags/example_sensor_decorator.py
[2024-06-07T08:13:26.268+0000] {logging_mixin.py:188} INFO - [2024-06-07T08:13:26.268+0000] {dag.py:3096} INFO - Sync 1 DAGs
[2024-06-07T08:13:26.298+0000] {logging_mixin.py:188} INFO - [2024-06-07T08:13:26.297+0000] {dag.py:3954} INFO - Setting next_dagrun for example_sensor_decorator to None, run_after=None
[2024-06-07T08:13:26.772+0000] {processor.py:183} INFO - Processing /home/airflow/.local/lib/python3.12/site-packages/airflow/example_dags/example_sensor_decorator.py took 1.385 seconds
[2024-06-07T08:13:57.988+0000] {processor.py:161} INFO - Started process (PID=1513) to work on /home/airflow/.local/lib/python3.12/site-packages/airflow/example_dags/example_sensor_decorator.py
[2024-06-07T08:13:58.000+0000] {processor.py:830} INFO - Processing file /home/airflow/.local/lib/python3.12/site-packages/airflow/example_dags/example_sensor_decorator.py for tasks to queue
[2024-06-07T08:13:58.003+0000] {logging_mixin.py:188} INFO - [2024-06-07T08:13:58.002+0000] {dagbag.py:545} INFO - Filling up the DagBag from /home/airflow/.local/lib/python3.12/site-packages/airflow/example_dags/example_sensor_decorator.py
[2024-06-07T08:13:58.038+0000] {processor.py:840} INFO - DAG(s) 'example_sensor_decorator' retrieved from /home/airflow/.local/lib/python3.12/site-packages/airflow/example_dags/example_sensor_decorator.py
[2024-06-07T08:13:58.151+0000] {logging_mixin.py:188} INFO - [2024-06-07T08:13:58.150+0000] {dag.py:3096} INFO - Sync 1 DAGs
[2024-06-07T08:13:58.208+0000] {logging_mixin.py:188} INFO - [2024-06-07T08:13:58.207+0000] {dag.py:3954} INFO - Setting next_dagrun for example_sensor_decorator to None, run_after=None
[2024-06-07T08:13:58.516+0000] {processor.py:183} INFO - Processing /home/airflow/.local/lib/python3.12/site-packages/airflow/example_dags/example_sensor_decorator.py took 0.565 seconds
[2024-06-07T08:14:28.931+0000] {processor.py:161} INFO - Started process (PID=1570) to work on /home/airflow/.local/lib/python3.12/site-packages/airflow/example_dags/example_sensor_decorator.py
[2024-06-07T08:14:28.933+0000] {processor.py:830} INFO - Processing file /home/airflow/.local/lib/python3.12/site-packages/airflow/example_dags/example_sensor_decorator.py for tasks to queue
[2024-06-07T08:14:28.936+0000] {logging_mixin.py:188} INFO - [2024-06-07T08:14:28.935+0000] {dagbag.py:545} INFO - Filling up the DagBag from /home/airflow/.local/lib/python3.12/site-packages/airflow/example_dags/example_sensor_decorator.py
[2024-06-07T08:14:28.951+0000] {processor.py:840} INFO - DAG(s) 'example_sensor_decorator' retrieved from /home/airflow/.local/lib/python3.12/site-packages/airflow/example_dags/example_sensor_decorator.py
[2024-06-07T08:14:28.989+0000] {logging_mixin.py:188} INFO - [2024-06-07T08:14:28.988+0000] {dag.py:3096} INFO - Sync 1 DAGs
[2024-06-07T08:14:29.016+0000] {logging_mixin.py:188} INFO - [2024-06-07T08:14:29.016+0000] {dag.py:3954} INFO - Setting next_dagrun for example_sensor_decorator to None, run_after=None
[2024-06-07T08:14:29.163+0000] {processor.py:183} INFO - Processing /home/airflow/.local/lib/python3.12/site-packages/airflow/example_dags/example_sensor_decorator.py took 0.248 seconds
[2024-06-07T08:14:59.270+0000] {processor.py:161} INFO - Started process (PID=1628) to work on /home/airflow/.local/lib/python3.12/site-packages/airflow/example_dags/example_sensor_decorator.py
[2024-06-07T08:14:59.272+0000] {processor.py:830} INFO - Processing file /home/airflow/.local/lib/python3.12/site-packages/airflow/example_dags/example_sensor_decorator.py for tasks to queue
[2024-06-07T08:14:59.274+0000] {logging_mixin.py:188} INFO - [2024-06-07T08:14:59.274+0000] {dagbag.py:545} INFO - Filling up the DagBag from /home/airflow/.local/lib/python3.12/site-packages/airflow/example_dags/example_sensor_decorator.py
[2024-06-07T08:14:59.288+0000] {processor.py:840} INFO - DAG(s) 'example_sensor_decorator' retrieved from /home/airflow/.local/lib/python3.12/site-packages/airflow/example_dags/example_sensor_decorator.py
[2024-06-07T08:14:59.330+0000] {logging_mixin.py:188} INFO - [2024-06-07T08:14:59.329+0000] {dag.py:3096} INFO - Sync 1 DAGs
[2024-06-07T08:14:59.363+0000] {logging_mixin.py:188} INFO - [2024-06-07T08:14:59.362+0000] {dag.py:3954} INFO - Setting next_dagrun for example_sensor_decorator to None, run_after=None
[2024-06-07T08:14:59.708+0000] {processor.py:183} INFO - Processing /home/airflow/.local/lib/python3.12/site-packages/airflow/example_dags/example_sensor_decorator.py took 0.452 seconds
[2024-06-07T08:15:37.503+0000] {processor.py:161} INFO - Started process (PID=1684) to work on /home/airflow/.local/lib/python3.12/site-packages/airflow/example_dags/example_sensor_decorator.py
[2024-06-07T08:15:37.515+0000] {processor.py:830} INFO - Processing file /home/airflow/.local/lib/python3.12/site-packages/airflow/example_dags/example_sensor_decorator.py for tasks to queue
[2024-06-07T08:15:37.518+0000] {logging_mixin.py:188} INFO - [2024-06-07T08:15:37.517+0000] {dagbag.py:545} INFO - Filling up the DagBag from /home/airflow/.local/lib/python3.12/site-packages/airflow/example_dags/example_sensor_decorator.py
[2024-06-07T08:15:37.569+0000] {processor.py:840} INFO - DAG(s) 'example_sensor_decorator' retrieved from /home/airflow/.local/lib/python3.12/site-packages/airflow/example_dags/example_sensor_decorator.py
[2024-06-07T08:15:37.699+0000] {logging_mixin.py:188} INFO - [2024-06-07T08:15:37.698+0000] {dag.py:3096} INFO - Sync 1 DAGs
[2024-06-07T08:15:37.811+0000] {logging_mixin.py:188} INFO - [2024-06-07T08:15:37.810+0000] {dag.py:3954} INFO - Setting next_dagrun for example_sensor_decorator to None, run_after=None
[2024-06-07T08:15:38.906+0000] {processor.py:183} INFO - Processing /home/airflow/.local/lib/python3.12/site-packages/airflow/example_dags/example_sensor_decorator.py took 1.441 seconds
[2024-06-07T08:16:09.626+0000] {processor.py:161} INFO - Started process (PID=1747) to work on /home/airflow/.local/lib/python3.12/site-packages/airflow/example_dags/example_sensor_decorator.py
[2024-06-07T08:16:09.646+0000] {processor.py:830} INFO - Processing file /home/airflow/.local/lib/python3.12/site-packages/airflow/example_dags/example_sensor_decorator.py for tasks to queue
[2024-06-07T08:16:09.665+0000] {logging_mixin.py:188} INFO - [2024-06-07T08:16:09.664+0000] {dagbag.py:545} INFO - Filling up the DagBag from /home/airflow/.local/lib/python3.12/site-packages/airflow/example_dags/example_sensor_decorator.py
[2024-06-07T08:16:09.680+0000] {processor.py:840} INFO - DAG(s) 'example_sensor_decorator' retrieved from /home/airflow/.local/lib/python3.12/site-packages/airflow/example_dags/example_sensor_decorator.py
[2024-06-07T08:16:09.725+0000] {logging_mixin.py:188} INFO - [2024-06-07T08:16:09.725+0000] {dag.py:3096} INFO - Sync 1 DAGs
[2024-06-07T08:16:09.766+0000] {logging_mixin.py:188} INFO - [2024-06-07T08:16:09.765+0000] {dag.py:3954} INFO - Setting next_dagrun for example_sensor_decorator to None, run_after=None
[2024-06-07T08:16:09.942+0000] {processor.py:183} INFO - Processing /home/airflow/.local/lib/python3.12/site-packages/airflow/example_dags/example_sensor_decorator.py took 0.338 seconds
[2024-06-07T08:16:43.558+0000] {processor.py:161} INFO - Started process (PID=1805) to work on /home/airflow/.local/lib/python3.12/site-packages/airflow/example_dags/example_sensor_decorator.py
[2024-06-07T08:16:43.561+0000] {processor.py:830} INFO - Processing file /home/airflow/.local/lib/python3.12/site-packages/airflow/example_dags/example_sensor_decorator.py for tasks to queue
[2024-06-07T08:16:43.576+0000] {logging_mixin.py:188} INFO - [2024-06-07T08:16:43.562+0000] {dagbag.py:545} INFO - Filling up the DagBag from /home/airflow/.local/lib/python3.12/site-packages/airflow/example_dags/example_sensor_decorator.py
[2024-06-07T08:16:43.607+0000] {processor.py:840} INFO - DAG(s) 'example_sensor_decorator' retrieved from /home/airflow/.local/lib/python3.12/site-packages/airflow/example_dags/example_sensor_decorator.py
[2024-06-07T08:16:43.739+0000] {logging_mixin.py:188} INFO - [2024-06-07T08:16:43.738+0000] {dag.py:3096} INFO - Sync 1 DAGs
[2024-06-07T08:16:43.807+0000] {logging_mixin.py:188} INFO - [2024-06-07T08:16:43.807+0000] {dag.py:3954} INFO - Setting next_dagrun for example_sensor_decorator to None, run_after=None
[2024-06-07T08:16:44.122+0000] {processor.py:183} INFO - Processing /home/airflow/.local/lib/python3.12/site-packages/airflow/example_dags/example_sensor_decorator.py took 0.594 seconds
[2024-06-07T08:17:14.822+0000] {processor.py:161} INFO - Started process (PID=1863) to work on /home/airflow/.local/lib/python3.12/site-packages/airflow/example_dags/example_sensor_decorator.py
[2024-06-07T08:17:14.824+0000] {processor.py:830} INFO - Processing file /home/airflow/.local/lib/python3.12/site-packages/airflow/example_dags/example_sensor_decorator.py for tasks to queue
[2024-06-07T08:17:14.826+0000] {logging_mixin.py:188} INFO - [2024-06-07T08:17:14.825+0000] {dagbag.py:545} INFO - Filling up the DagBag from /home/airflow/.local/lib/python3.12/site-packages/airflow/example_dags/example_sensor_decorator.py
[2024-06-07T08:17:14.855+0000] {processor.py:840} INFO - DAG(s) 'example_sensor_decorator' retrieved from /home/airflow/.local/lib/python3.12/site-packages/airflow/example_dags/example_sensor_decorator.py
[2024-06-07T08:17:14.907+0000] {logging_mixin.py:188} INFO - [2024-06-07T08:17:14.907+0000] {dag.py:3096} INFO - Sync 1 DAGs
[2024-06-07T08:17:14.942+0000] {logging_mixin.py:188} INFO - [2024-06-07T08:17:14.941+0000] {dag.py:3954} INFO - Setting next_dagrun for example_sensor_decorator to None, run_after=None
[2024-06-07T08:17:15.179+0000] {processor.py:183} INFO - Processing /home/airflow/.local/lib/python3.12/site-packages/airflow/example_dags/example_sensor_decorator.py took 0.378 seconds
[2024-06-07T08:17:48.843+0000] {processor.py:161} INFO - Started process (PID=1917) to work on /home/airflow/.local/lib/python3.12/site-packages/airflow/example_dags/example_sensor_decorator.py
[2024-06-07T08:17:48.855+0000] {processor.py:830} INFO - Processing file /home/airflow/.local/lib/python3.12/site-packages/airflow/example_dags/example_sensor_decorator.py for tasks to queue
[2024-06-07T08:17:48.859+0000] {logging_mixin.py:188} INFO - [2024-06-07T08:17:48.858+0000] {dagbag.py:545} INFO - Filling up the DagBag from /home/airflow/.local/lib/python3.12/site-packages/airflow/example_dags/example_sensor_decorator.py
[2024-06-07T08:17:48.880+0000] {processor.py:840} INFO - DAG(s) 'example_sensor_decorator' retrieved from /home/airflow/.local/lib/python3.12/site-packages/airflow/example_dags/example_sensor_decorator.py
[2024-06-07T08:17:48.957+0000] {logging_mixin.py:188} INFO - [2024-06-07T08:17:48.957+0000] {dag.py:3096} INFO - Sync 1 DAGs
[2024-06-07T08:17:48.997+0000] {logging_mixin.py:188} INFO - [2024-06-07T08:17:48.997+0000] {dag.py:3954} INFO - Setting next_dagrun for example_sensor_decorator to None, run_after=None
[2024-06-07T08:17:49.423+0000] {processor.py:183} INFO - Processing /home/airflow/.local/lib/python3.12/site-packages/airflow/example_dags/example_sensor_decorator.py took 0.612 seconds
[2024-06-07T08:18:20.151+0000] {processor.py:161} INFO - Started process (PID=1975) to work on /home/airflow/.local/lib/python3.12/site-packages/airflow/example_dags/example_sensor_decorator.py
[2024-06-07T08:18:20.154+0000] {processor.py:830} INFO - Processing file /home/airflow/.local/lib/python3.12/site-packages/airflow/example_dags/example_sensor_decorator.py for tasks to queue
[2024-06-07T08:18:20.158+0000] {logging_mixin.py:188} INFO - [2024-06-07T08:18:20.157+0000] {dagbag.py:545} INFO - Filling up the DagBag from /home/airflow/.local/lib/python3.12/site-packages/airflow/example_dags/example_sensor_decorator.py
[2024-06-07T08:18:20.170+0000] {processor.py:840} INFO - DAG(s) 'example_sensor_decorator' retrieved from /home/airflow/.local/lib/python3.12/site-packages/airflow/example_dags/example_sensor_decorator.py
[2024-06-07T08:18:20.228+0000] {logging_mixin.py:188} INFO - [2024-06-07T08:18:20.227+0000] {dag.py:3096} INFO - Sync 1 DAGs
[2024-06-07T08:18:20.265+0000] {logging_mixin.py:188} INFO - [2024-06-07T08:18:20.265+0000] {dag.py:3954} INFO - Setting next_dagrun for example_sensor_decorator to None, run_after=None
[2024-06-07T08:18:20.537+0000] {processor.py:183} INFO - Processing /home/airflow/.local/lib/python3.12/site-packages/airflow/example_dags/example_sensor_decorator.py took 0.399 seconds
[2024-06-07T08:18:51.752+0000] {processor.py:161} INFO - Started process (PID=2033) to work on /home/airflow/.local/lib/python3.12/site-packages/airflow/example_dags/example_sensor_decorator.py
[2024-06-07T08:18:51.758+0000] {processor.py:830} INFO - Processing file /home/airflow/.local/lib/python3.12/site-packages/airflow/example_dags/example_sensor_decorator.py for tasks to queue
[2024-06-07T08:18:51.761+0000] {logging_mixin.py:188} INFO - [2024-06-07T08:18:51.760+0000] {dagbag.py:545} INFO - Filling up the DagBag from /home/airflow/.local/lib/python3.12/site-packages/airflow/example_dags/example_sensor_decorator.py
[2024-06-07T08:18:51.784+0000] {processor.py:840} INFO - DAG(s) 'example_sensor_decorator' retrieved from /home/airflow/.local/lib/python3.12/site-packages/airflow/example_dags/example_sensor_decorator.py
[2024-06-07T08:18:51.852+0000] {logging_mixin.py:188} INFO - [2024-06-07T08:18:51.852+0000] {dag.py:3096} INFO - Sync 1 DAGs
[2024-06-07T08:18:51.919+0000] {logging_mixin.py:188} INFO - [2024-06-07T08:18:51.919+0000] {dag.py:3954} INFO - Setting next_dagrun for example_sensor_decorator to None, run_after=None
[2024-06-07T08:18:52.054+0000] {processor.py:183} INFO - Processing /home/airflow/.local/lib/python3.12/site-packages/airflow/example_dags/example_sensor_decorator.py took 0.330 seconds
[2024-06-07T08:19:27.792+0000] {processor.py:161} INFO - Started process (PID=2089) to work on /home/airflow/.local/lib/python3.12/site-packages/airflow/example_dags/example_sensor_decorator.py
[2024-06-07T08:19:27.825+0000] {processor.py:830} INFO - Processing file /home/airflow/.local/lib/python3.12/site-packages/airflow/example_dags/example_sensor_decorator.py for tasks to queue
[2024-06-07T08:19:27.842+0000] {logging_mixin.py:188} INFO - [2024-06-07T08:19:27.841+0000] {dagbag.py:545} INFO - Filling up the DagBag from /home/airflow/.local/lib/python3.12/site-packages/airflow/example_dags/example_sensor_decorator.py
[2024-06-07T08:19:27.999+0000] {processor.py:840} INFO - DAG(s) 'example_sensor_decorator' retrieved from /home/airflow/.local/lib/python3.12/site-packages/airflow/example_dags/example_sensor_decorator.py
[2024-06-07T08:19:28.325+0000] {logging_mixin.py:188} INFO - [2024-06-07T08:19:28.315+0000] {dag.py:3096} INFO - Sync 1 DAGs
[2024-06-07T08:19:28.433+0000] {logging_mixin.py:188} INFO - [2024-06-07T08:19:28.420+0000] {dag.py:3954} INFO - Setting next_dagrun for example_sensor_decorator to None, run_after=None
[2024-06-07T08:19:28.814+0000] {processor.py:183} INFO - Processing /home/airflow/.local/lib/python3.12/site-packages/airflow/example_dags/example_sensor_decorator.py took 1.157 seconds
[2024-06-07T08:19:59.346+0000] {processor.py:161} INFO - Started process (PID=2147) to work on /home/airflow/.local/lib/python3.12/site-packages/airflow/example_dags/example_sensor_decorator.py
[2024-06-07T08:19:59.361+0000] {processor.py:830} INFO - Processing file /home/airflow/.local/lib/python3.12/site-packages/airflow/example_dags/example_sensor_decorator.py for tasks to queue
[2024-06-07T08:19:59.380+0000] {logging_mixin.py:188} INFO - [2024-06-07T08:19:59.379+0000] {dagbag.py:545} INFO - Filling up the DagBag from /home/airflow/.local/lib/python3.12/site-packages/airflow/example_dags/example_sensor_decorator.py
[2024-06-07T08:19:59.481+0000] {processor.py:840} INFO - DAG(s) 'example_sensor_decorator' retrieved from /home/airflow/.local/lib/python3.12/site-packages/airflow/example_dags/example_sensor_decorator.py
[2024-06-07T08:19:59.751+0000] {logging_mixin.py:188} INFO - [2024-06-07T08:19:59.750+0000] {dag.py:3096} INFO - Sync 1 DAGs
[2024-06-07T08:19:59.900+0000] {logging_mixin.py:188} INFO - [2024-06-07T08:19:59.899+0000] {dag.py:3954} INFO - Setting next_dagrun for example_sensor_decorator to None, run_after=None
[2024-06-07T08:20:00.275+0000] {processor.py:183} INFO - Processing /home/airflow/.local/lib/python3.12/site-packages/airflow/example_dags/example_sensor_decorator.py took 1.063 seconds
[2024-06-07T08:20:30.824+0000] {processor.py:161} INFO - Started process (PID=2205) to work on /home/airflow/.local/lib/python3.12/site-packages/airflow/example_dags/example_sensor_decorator.py
[2024-06-07T08:20:30.827+0000] {processor.py:830} INFO - Processing file /home/airflow/.local/lib/python3.12/site-packages/airflow/example_dags/example_sensor_decorator.py for tasks to queue
[2024-06-07T08:20:30.837+0000] {logging_mixin.py:188} INFO - [2024-06-07T08:20:30.830+0000] {dagbag.py:545} INFO - Filling up the DagBag from /home/airflow/.local/lib/python3.12/site-packages/airflow/example_dags/example_sensor_decorator.py
[2024-06-07T08:20:30.855+0000] {processor.py:840} INFO - DAG(s) 'example_sensor_decorator' retrieved from /home/airflow/.local/lib/python3.12/site-packages/airflow/example_dags/example_sensor_decorator.py
[2024-06-07T08:20:30.939+0000] {logging_mixin.py:188} INFO - [2024-06-07T08:20:30.938+0000] {dag.py:3096} INFO - Sync 1 DAGs
[2024-06-07T08:20:31.069+0000] {logging_mixin.py:188} INFO - [2024-06-07T08:20:31.068+0000] {dag.py:3954} INFO - Setting next_dagrun for example_sensor_decorator to None, run_after=None
[2024-06-07T08:20:31.260+0000] {processor.py:183} INFO - Processing /home/airflow/.local/lib/python3.12/site-packages/airflow/example_dags/example_sensor_decorator.py took 0.464 seconds
[2024-06-07T08:21:01.984+0000] {processor.py:161} INFO - Started process (PID=2263) to work on /home/airflow/.local/lib/python3.12/site-packages/airflow/example_dags/example_sensor_decorator.py
[2024-06-07T08:21:01.985+0000] {processor.py:830} INFO - Processing file /home/airflow/.local/lib/python3.12/site-packages/airflow/example_dags/example_sensor_decorator.py for tasks to queue
[2024-06-07T08:21:01.987+0000] {logging_mixin.py:188} INFO - [2024-06-07T08:21:01.987+0000] {dagbag.py:545} INFO - Filling up the DagBag from /home/airflow/.local/lib/python3.12/site-packages/airflow/example_dags/example_sensor_decorator.py
[2024-06-07T08:21:02.000+0000] {processor.py:840} INFO - DAG(s) 'example_sensor_decorator' retrieved from /home/airflow/.local/lib/python3.12/site-packages/airflow/example_dags/example_sensor_decorator.py
[2024-06-07T08:21:02.079+0000] {logging_mixin.py:188} INFO - [2024-06-07T08:21:02.078+0000] {dag.py:3096} INFO - Sync 1 DAGs
[2024-06-07T08:21:02.119+0000] {logging_mixin.py:188} INFO - [2024-06-07T08:21:02.118+0000] {dag.py:3954} INFO - Setting next_dagrun for example_sensor_decorator to None, run_after=None
[2024-06-07T08:21:02.307+0000] {processor.py:183} INFO - Processing /home/airflow/.local/lib/python3.12/site-packages/airflow/example_dags/example_sensor_decorator.py took 0.337 seconds
[2024-06-07T08:21:32.834+0000] {processor.py:161} INFO - Started process (PID=2321) to work on /home/airflow/.local/lib/python3.12/site-packages/airflow/example_dags/example_sensor_decorator.py
[2024-06-07T08:21:32.836+0000] {processor.py:830} INFO - Processing file /home/airflow/.local/lib/python3.12/site-packages/airflow/example_dags/example_sensor_decorator.py for tasks to queue
[2024-06-07T08:21:32.839+0000] {logging_mixin.py:188} INFO - [2024-06-07T08:21:32.838+0000] {dagbag.py:545} INFO - Filling up the DagBag from /home/airflow/.local/lib/python3.12/site-packages/airflow/example_dags/example_sensor_decorator.py
[2024-06-07T08:21:32.859+0000] {processor.py:840} INFO - DAG(s) 'example_sensor_decorator' retrieved from /home/airflow/.local/lib/python3.12/site-packages/airflow/example_dags/example_sensor_decorator.py
[2024-06-07T08:21:32.910+0000] {logging_mixin.py:188} INFO - [2024-06-07T08:21:32.910+0000] {dag.py:3096} INFO - Sync 1 DAGs
[2024-06-07T08:21:32.941+0000] {logging_mixin.py:188} INFO - [2024-06-07T08:21:32.940+0000] {dag.py:3954} INFO - Setting next_dagrun for example_sensor_decorator to None, run_after=None
[2024-06-07T08:21:33.053+0000] {processor.py:183} INFO - Processing /home/airflow/.local/lib/python3.12/site-packages/airflow/example_dags/example_sensor_decorator.py took 0.235 seconds
[2024-06-07T08:22:05.238+0000] {processor.py:161} INFO - Started process (PID=2379) to work on /home/airflow/.local/lib/python3.12/site-packages/airflow/example_dags/example_sensor_decorator.py
[2024-06-07T08:22:05.240+0000] {processor.py:830} INFO - Processing file /home/airflow/.local/lib/python3.12/site-packages/airflow/example_dags/example_sensor_decorator.py for tasks to queue
[2024-06-07T08:22:05.247+0000] {logging_mixin.py:188} INFO - [2024-06-07T08:22:05.246+0000] {dagbag.py:545} INFO - Filling up the DagBag from /home/airflow/.local/lib/python3.12/site-packages/airflow/example_dags/example_sensor_decorator.py
[2024-06-07T08:22:05.266+0000] {processor.py:840} INFO - DAG(s) 'example_sensor_decorator' retrieved from /home/airflow/.local/lib/python3.12/site-packages/airflow/example_dags/example_sensor_decorator.py
[2024-06-07T08:22:05.336+0000] {logging_mixin.py:188} INFO - [2024-06-07T08:22:05.335+0000] {dag.py:3096} INFO - Sync 1 DAGs
[2024-06-07T08:22:05.392+0000] {logging_mixin.py:188} INFO - [2024-06-07T08:22:05.391+0000] {dag.py:3954} INFO - Setting next_dagrun for example_sensor_decorator to None, run_after=None
[2024-06-07T08:22:05.901+0000] {processor.py:183} INFO - Processing /home/airflow/.local/lib/python3.12/site-packages/airflow/example_dags/example_sensor_decorator.py took 0.683 seconds
[2024-06-07T08:22:36.193+0000] {processor.py:161} INFO - Started process (PID=2437) to work on /home/airflow/.local/lib/python3.12/site-packages/airflow/example_dags/example_sensor_decorator.py
[2024-06-07T08:22:36.195+0000] {processor.py:830} INFO - Processing file /home/airflow/.local/lib/python3.12/site-packages/airflow/example_dags/example_sensor_decorator.py for tasks to queue
[2024-06-07T08:22:36.197+0000] {logging_mixin.py:188} INFO - [2024-06-07T08:22:36.197+0000] {dagbag.py:545} INFO - Filling up the DagBag from /home/airflow/.local/lib/python3.12/site-packages/airflow/example_dags/example_sensor_decorator.py
[2024-06-07T08:22:36.211+0000] {processor.py:840} INFO - DAG(s) 'example_sensor_decorator' retrieved from /home/airflow/.local/lib/python3.12/site-packages/airflow/example_dags/example_sensor_decorator.py
[2024-06-07T08:22:36.258+0000] {logging_mixin.py:188} INFO - [2024-06-07T08:22:36.258+0000] {dag.py:3096} INFO - Sync 1 DAGs
[2024-06-07T08:22:36.316+0000] {logging_mixin.py:188} INFO - [2024-06-07T08:22:36.316+0000] {dag.py:3954} INFO - Setting next_dagrun for example_sensor_decorator to None, run_after=None
[2024-06-07T08:22:36.985+0000] {processor.py:183} INFO - Processing /home/airflow/.local/lib/python3.12/site-packages/airflow/example_dags/example_sensor_decorator.py took 0.809 seconds
[2024-06-07T08:23:07.217+0000] {processor.py:161} INFO - Started process (PID=2496) to work on /home/airflow/.local/lib/python3.12/site-packages/airflow/example_dags/example_sensor_decorator.py
[2024-06-07T08:23:07.219+0000] {processor.py:830} INFO - Processing file /home/airflow/.local/lib/python3.12/site-packages/airflow/example_dags/example_sensor_decorator.py for tasks to queue
[2024-06-07T08:23:07.221+0000] {logging_mixin.py:188} INFO - [2024-06-07T08:23:07.220+0000] {dagbag.py:545} INFO - Filling up the DagBag from /home/airflow/.local/lib/python3.12/site-packages/airflow/example_dags/example_sensor_decorator.py
[2024-06-07T08:23:07.232+0000] {processor.py:840} INFO - DAG(s) 'example_sensor_decorator' retrieved from /home/airflow/.local/lib/python3.12/site-packages/airflow/example_dags/example_sensor_decorator.py
[2024-06-07T08:23:07.300+0000] {logging_mixin.py:188} INFO - [2024-06-07T08:23:07.299+0000] {dag.py:3096} INFO - Sync 1 DAGs
[2024-06-07T08:23:07.346+0000] {logging_mixin.py:188} INFO - [2024-06-07T08:23:07.345+0000] {dag.py:3954} INFO - Setting next_dagrun for example_sensor_decorator to None, run_after=None
[2024-06-07T08:23:07.554+0000] {processor.py:183} INFO - Processing /home/airflow/.local/lib/python3.12/site-packages/airflow/example_dags/example_sensor_decorator.py took 0.353 seconds
