[2024-06-07T07:54:29.949+0000] {processor.py:161} INFO - Started process (PID=51) to work on /home/airflow/.local/lib/python3.12/site-packages/airflow/example_dags/example_nested_branch_dag.py
[2024-06-07T07:54:29.953+0000] {processor.py:830} INFO - Processing file /home/airflow/.local/lib/python3.12/site-packages/airflow/example_dags/example_nested_branch_dag.py for tasks to queue
[2024-06-07T07:54:29.958+0000] {logging_mixin.py:188} INFO - [2024-06-07T07:54:29.957+0000] {dagbag.py:545} INFO - Filling up the DagBag from /home/airflow/.local/lib/python3.12/site-packages/airflow/example_dags/example_nested_branch_dag.py
[2024-06-07T07:54:30.004+0000] {processor.py:840} INFO - DAG(s) 'example_nested_branch_dag' retrieved from /home/airflow/.local/lib/python3.12/site-packages/airflow/example_dags/example_nested_branch_dag.py
[2024-06-07T07:54:30.822+0000] {logging_mixin.py:188} INFO - [2024-06-07T07:54:30.820+0000] {override.py:1829} INFO - Created Permission View: can delete on DAG:example_nested_branch_dag
[2024-06-07T07:54:31.063+0000] {logging_mixin.py:188} INFO - [2024-06-07T07:54:31.062+0000] {override.py:1829} INFO - Created Permission View: can read on DAG:example_nested_branch_dag
[2024-06-07T07:54:31.337+0000] {logging_mixin.py:188} INFO - [2024-06-07T07:54:31.335+0000] {override.py:1829} INFO - Created Permission View: can edit on DAG:example_nested_branch_dag
[2024-06-07T07:54:31.344+0000] {logging_mixin.py:188} INFO - [2024-06-07T07:54:31.343+0000] {dag.py:3096} INFO - Sync 1 DAGs
[2024-06-07T07:54:31.415+0000] {logging_mixin.py:188} INFO - [2024-06-07T07:54:31.415+0000] {dag.py:3118} INFO - Creating ORM DAG for example_nested_branch_dag
[2024-06-07T07:54:31.532+0000] {logging_mixin.py:188} INFO - [2024-06-07T07:54:31.531+0000] {dag.py:3954} INFO - Setting next_dagrun for example_nested_branch_dag to 2024-06-06 00:00:00+00:00, run_after=2024-06-07 00:00:00+00:00
[2024-06-07T07:54:31.825+0000] {processor.py:183} INFO - Processing /home/airflow/.local/lib/python3.12/site-packages/airflow/example_dags/example_nested_branch_dag.py took 1.897 seconds
[2024-06-07T07:55:28.921+0000] {processor.py:161} INFO - Started process (PID=116) to work on /home/airflow/.local/lib/python3.12/site-packages/airflow/example_dags/example_nested_branch_dag.py
[2024-06-07T07:55:28.924+0000] {processor.py:830} INFO - Processing file /home/airflow/.local/lib/python3.12/site-packages/airflow/example_dags/example_nested_branch_dag.py for tasks to queue
[2024-06-07T07:55:28.929+0000] {logging_mixin.py:188} INFO - [2024-06-07T07:55:28.928+0000] {dagbag.py:545} INFO - Filling up the DagBag from /home/airflow/.local/lib/python3.12/site-packages/airflow/example_dags/example_nested_branch_dag.py
[2024-06-07T07:55:28.979+0000] {processor.py:840} INFO - DAG(s) 'example_nested_branch_dag' retrieved from /home/airflow/.local/lib/python3.12/site-packages/airflow/example_dags/example_nested_branch_dag.py
[2024-06-07T07:55:29.038+0000] {logging_mixin.py:188} INFO - [2024-06-07T07:55:29.037+0000] {dag.py:3096} INFO - Sync 1 DAGs
[2024-06-07T07:55:29.129+0000] {logging_mixin.py:188} INFO - [2024-06-07T07:55:29.128+0000] {dag.py:3954} INFO - Setting next_dagrun for example_nested_branch_dag to 2024-06-06 00:00:00+00:00, run_after=2024-06-07 00:00:00+00:00
[2024-06-07T07:55:29.290+0000] {processor.py:183} INFO - Processing /home/airflow/.local/lib/python3.12/site-packages/airflow/example_dags/example_nested_branch_dag.py took 0.382 seconds
[2024-06-07T07:56:01.075+0000] {processor.py:161} INFO - Started process (PID=172) to work on /home/airflow/.local/lib/python3.12/site-packages/airflow/example_dags/example_nested_branch_dag.py
[2024-06-07T07:56:01.077+0000] {processor.py:830} INFO - Processing file /home/airflow/.local/lib/python3.12/site-packages/airflow/example_dags/example_nested_branch_dag.py for tasks to queue
[2024-06-07T07:56:01.083+0000] {logging_mixin.py:188} INFO - [2024-06-07T07:56:01.082+0000] {dagbag.py:545} INFO - Filling up the DagBag from /home/airflow/.local/lib/python3.12/site-packages/airflow/example_dags/example_nested_branch_dag.py
[2024-06-07T07:56:01.116+0000] {processor.py:840} INFO - DAG(s) 'example_nested_branch_dag' retrieved from /home/airflow/.local/lib/python3.12/site-packages/airflow/example_dags/example_nested_branch_dag.py
[2024-06-07T07:56:01.184+0000] {logging_mixin.py:188} INFO - [2024-06-07T07:56:01.183+0000] {dag.py:3096} INFO - Sync 1 DAGs
[2024-06-07T07:56:01.236+0000] {logging_mixin.py:188} INFO - [2024-06-07T07:56:01.235+0000] {dag.py:3954} INFO - Setting next_dagrun for example_nested_branch_dag to 2024-06-06 00:00:00+00:00, run_after=2024-06-07 00:00:00+00:00
[2024-06-07T07:56:01.350+0000] {processor.py:183} INFO - Processing /home/airflow/.local/lib/python3.12/site-packages/airflow/example_dags/example_nested_branch_dag.py took 0.292 seconds
[2024-06-07T07:56:37.481+0000] {processor.py:161} INFO - Started process (PID=230) to work on /home/airflow/.local/lib/python3.12/site-packages/airflow/example_dags/example_nested_branch_dag.py
[2024-06-07T07:56:37.483+0000] {processor.py:830} INFO - Processing file /home/airflow/.local/lib/python3.12/site-packages/airflow/example_dags/example_nested_branch_dag.py for tasks to queue
[2024-06-07T07:56:37.515+0000] {logging_mixin.py:188} INFO - [2024-06-07T07:56:37.515+0000] {dagbag.py:545} INFO - Filling up the DagBag from /home/airflow/.local/lib/python3.12/site-packages/airflow/example_dags/example_nested_branch_dag.py
[2024-06-07T07:56:37.621+0000] {processor.py:840} INFO - DAG(s) 'example_nested_branch_dag' retrieved from /home/airflow/.local/lib/python3.12/site-packages/airflow/example_dags/example_nested_branch_dag.py
[2024-06-07T07:56:37.903+0000] {logging_mixin.py:188} INFO - [2024-06-07T07:56:37.902+0000] {dag.py:3096} INFO - Sync 1 DAGs
[2024-06-07T07:56:38.433+0000] {logging_mixin.py:188} INFO - [2024-06-07T07:56:38.433+0000] {dag.py:3954} INFO - Setting next_dagrun for example_nested_branch_dag to 2024-06-06 00:00:00+00:00, run_after=2024-06-07 00:00:00+00:00
[2024-06-07T07:56:38.737+0000] {processor.py:183} INFO - Processing /home/airflow/.local/lib/python3.12/site-packages/airflow/example_dags/example_nested_branch_dag.py took 1.306 seconds
[2024-06-07T07:57:17.179+0000] {processor.py:161} INFO - Started process (PID=288) to work on /home/airflow/.local/lib/python3.12/site-packages/airflow/example_dags/example_nested_branch_dag.py
[2024-06-07T07:57:17.194+0000] {processor.py:830} INFO - Processing file /home/airflow/.local/lib/python3.12/site-packages/airflow/example_dags/example_nested_branch_dag.py for tasks to queue
[2024-06-07T07:57:17.284+0000] {logging_mixin.py:188} INFO - [2024-06-07T07:57:17.282+0000] {dagbag.py:545} INFO - Filling up the DagBag from /home/airflow/.local/lib/python3.12/site-packages/airflow/example_dags/example_nested_branch_dag.py
[2024-06-07T07:57:17.578+0000] {processor.py:840} INFO - DAG(s) 'example_nested_branch_dag' retrieved from /home/airflow/.local/lib/python3.12/site-packages/airflow/example_dags/example_nested_branch_dag.py
[2024-06-07T07:57:17.984+0000] {logging_mixin.py:188} INFO - [2024-06-07T07:57:17.976+0000] {dag.py:3096} INFO - Sync 1 DAGs
[2024-06-07T07:57:18.159+0000] {logging_mixin.py:188} INFO - [2024-06-07T07:57:18.158+0000] {dag.py:3954} INFO - Setting next_dagrun for example_nested_branch_dag to 2024-06-06 00:00:00+00:00, run_after=2024-06-07 00:00:00+00:00
[2024-06-07T07:57:18.521+0000] {processor.py:183} INFO - Processing /home/airflow/.local/lib/python3.12/site-packages/airflow/example_dags/example_nested_branch_dag.py took 1.447 seconds
[2024-06-07T07:57:49.353+0000] {processor.py:161} INFO - Started process (PID=346) to work on /home/airflow/.local/lib/python3.12/site-packages/airflow/example_dags/example_nested_branch_dag.py
[2024-06-07T07:57:49.398+0000] {processor.py:830} INFO - Processing file /home/airflow/.local/lib/python3.12/site-packages/airflow/example_dags/example_nested_branch_dag.py for tasks to queue
[2024-06-07T07:57:49.428+0000] {logging_mixin.py:188} INFO - [2024-06-07T07:57:49.428+0000] {dagbag.py:545} INFO - Filling up the DagBag from /home/airflow/.local/lib/python3.12/site-packages/airflow/example_dags/example_nested_branch_dag.py
[2024-06-07T07:57:49.582+0000] {processor.py:840} INFO - DAG(s) 'example_nested_branch_dag' retrieved from /home/airflow/.local/lib/python3.12/site-packages/airflow/example_dags/example_nested_branch_dag.py
[2024-06-07T07:57:49.806+0000] {logging_mixin.py:188} INFO - [2024-06-07T07:57:49.805+0000] {dag.py:3096} INFO - Sync 1 DAGs
[2024-06-07T07:57:49.933+0000] {logging_mixin.py:188} INFO - [2024-06-07T07:57:49.932+0000] {dag.py:3954} INFO - Setting next_dagrun for example_nested_branch_dag to 2024-06-06 00:00:00+00:00, run_after=2024-06-07 00:00:00+00:00
[2024-06-07T07:57:50.227+0000] {processor.py:183} INFO - Processing /home/airflow/.local/lib/python3.12/site-packages/airflow/example_dags/example_nested_branch_dag.py took 0.908 seconds
[2024-06-07T07:58:20.768+0000] {processor.py:161} INFO - Started process (PID=405) to work on /home/airflow/.local/lib/python3.12/site-packages/airflow/example_dags/example_nested_branch_dag.py
[2024-06-07T07:58:20.770+0000] {processor.py:830} INFO - Processing file /home/airflow/.local/lib/python3.12/site-packages/airflow/example_dags/example_nested_branch_dag.py for tasks to queue
[2024-06-07T07:58:20.775+0000] {logging_mixin.py:188} INFO - [2024-06-07T07:58:20.774+0000] {dagbag.py:545} INFO - Filling up the DagBag from /home/airflow/.local/lib/python3.12/site-packages/airflow/example_dags/example_nested_branch_dag.py
[2024-06-07T07:58:20.833+0000] {processor.py:840} INFO - DAG(s) 'example_nested_branch_dag' retrieved from /home/airflow/.local/lib/python3.12/site-packages/airflow/example_dags/example_nested_branch_dag.py
[2024-06-07T07:58:20.885+0000] {logging_mixin.py:188} INFO - [2024-06-07T07:58:20.884+0000] {dag.py:3096} INFO - Sync 1 DAGs
[2024-06-07T07:58:21.024+0000] {logging_mixin.py:188} INFO - [2024-06-07T07:58:21.023+0000] {dag.py:3954} INFO - Setting next_dagrun for example_nested_branch_dag to 2024-06-06 00:00:00+00:00, run_after=2024-06-07 00:00:00+00:00
[2024-06-07T07:58:21.342+0000] {processor.py:183} INFO - Processing /home/airflow/.local/lib/python3.12/site-packages/airflow/example_dags/example_nested_branch_dag.py took 0.606 seconds
[2024-06-07T07:58:55.489+0000] {processor.py:161} INFO - Started process (PID=456) to work on /home/airflow/.local/lib/python3.12/site-packages/airflow/example_dags/example_nested_branch_dag.py
[2024-06-07T07:58:55.494+0000] {processor.py:830} INFO - Processing file /home/airflow/.local/lib/python3.12/site-packages/airflow/example_dags/example_nested_branch_dag.py for tasks to queue
[2024-06-07T07:58:55.500+0000] {logging_mixin.py:188} INFO - [2024-06-07T07:58:55.499+0000] {dagbag.py:545} INFO - Filling up the DagBag from /home/airflow/.local/lib/python3.12/site-packages/airflow/example_dags/example_nested_branch_dag.py
[2024-06-07T07:58:55.560+0000] {processor.py:840} INFO - DAG(s) 'example_nested_branch_dag' retrieved from /home/airflow/.local/lib/python3.12/site-packages/airflow/example_dags/example_nested_branch_dag.py
[2024-06-07T07:58:55.991+0000] {logging_mixin.py:188} INFO - [2024-06-07T07:58:55.990+0000] {dag.py:3096} INFO - Sync 1 DAGs
[2024-06-07T07:58:56.087+0000] {logging_mixin.py:188} INFO - [2024-06-07T07:58:56.086+0000] {dag.py:3954} INFO - Setting next_dagrun for example_nested_branch_dag to 2024-06-06 00:00:00+00:00, run_after=2024-06-07 00:00:00+00:00
[2024-06-07T07:58:56.344+0000] {processor.py:183} INFO - Processing /home/airflow/.local/lib/python3.12/site-packages/airflow/example_dags/example_nested_branch_dag.py took 0.885 seconds
[2024-06-07T07:59:27.715+0000] {processor.py:161} INFO - Started process (PID=507) to work on /home/airflow/.local/lib/python3.12/site-packages/airflow/example_dags/example_nested_branch_dag.py
[2024-06-07T07:59:27.717+0000] {processor.py:830} INFO - Processing file /home/airflow/.local/lib/python3.12/site-packages/airflow/example_dags/example_nested_branch_dag.py for tasks to queue
[2024-06-07T07:59:27.726+0000] {logging_mixin.py:188} INFO - [2024-06-07T07:59:27.725+0000] {dagbag.py:545} INFO - Filling up the DagBag from /home/airflow/.local/lib/python3.12/site-packages/airflow/example_dags/example_nested_branch_dag.py
[2024-06-07T07:59:27.770+0000] {processor.py:840} INFO - DAG(s) 'example_nested_branch_dag' retrieved from /home/airflow/.local/lib/python3.12/site-packages/airflow/example_dags/example_nested_branch_dag.py
[2024-06-07T07:59:27.876+0000] {logging_mixin.py:188} INFO - [2024-06-07T07:59:27.876+0000] {dag.py:3096} INFO - Sync 1 DAGs
[2024-06-07T07:59:27.950+0000] {logging_mixin.py:188} INFO - [2024-06-07T07:59:27.949+0000] {dag.py:3954} INFO - Setting next_dagrun for example_nested_branch_dag to 2024-06-06 00:00:00+00:00, run_after=2024-06-07 00:00:00+00:00
[2024-06-07T07:59:28.258+0000] {processor.py:183} INFO - Processing /home/airflow/.local/lib/python3.12/site-packages/airflow/example_dags/example_nested_branch_dag.py took 0.567 seconds
[2024-06-07T08:00:06.152+0000] {processor.py:161} INFO - Started process (PID=562) to work on /home/airflow/.local/lib/python3.12/site-packages/airflow/example_dags/example_nested_branch_dag.py
[2024-06-07T08:00:06.158+0000] {processor.py:830} INFO - Processing file /home/airflow/.local/lib/python3.12/site-packages/airflow/example_dags/example_nested_branch_dag.py for tasks to queue
[2024-06-07T08:00:06.178+0000] {logging_mixin.py:188} INFO - [2024-06-07T08:00:06.173+0000] {dagbag.py:545} INFO - Filling up the DagBag from /home/airflow/.local/lib/python3.12/site-packages/airflow/example_dags/example_nested_branch_dag.py
[2024-06-07T08:00:06.245+0000] {processor.py:840} INFO - DAG(s) 'example_nested_branch_dag' retrieved from /home/airflow/.local/lib/python3.12/site-packages/airflow/example_dags/example_nested_branch_dag.py
[2024-06-07T08:00:06.353+0000] {logging_mixin.py:188} INFO - [2024-06-07T08:00:06.352+0000] {dag.py:3096} INFO - Sync 1 DAGs
[2024-06-07T08:00:06.530+0000] {logging_mixin.py:188} INFO - [2024-06-07T08:00:06.529+0000] {dag.py:3954} INFO - Setting next_dagrun for example_nested_branch_dag to 2024-06-06 00:00:00+00:00, run_after=2024-06-07 00:00:00+00:00
[2024-06-07T08:00:07.269+0000] {processor.py:183} INFO - Processing /home/airflow/.local/lib/python3.12/site-packages/airflow/example_dags/example_nested_branch_dag.py took 1.155 seconds
[2024-06-07T08:00:51.041+0000] {processor.py:161} INFO - Started process (PID=613) to work on /home/airflow/.local/lib/python3.12/site-packages/airflow/example_dags/example_nested_branch_dag.py
[2024-06-07T08:00:51.046+0000] {processor.py:830} INFO - Processing file /home/airflow/.local/lib/python3.12/site-packages/airflow/example_dags/example_nested_branch_dag.py for tasks to queue
[2024-06-07T08:00:51.053+0000] {logging_mixin.py:188} INFO - [2024-06-07T08:00:51.051+0000] {dagbag.py:545} INFO - Filling up the DagBag from /home/airflow/.local/lib/python3.12/site-packages/airflow/example_dags/example_nested_branch_dag.py
[2024-06-07T08:00:51.095+0000] {processor.py:840} INFO - DAG(s) 'example_nested_branch_dag' retrieved from /home/airflow/.local/lib/python3.12/site-packages/airflow/example_dags/example_nested_branch_dag.py
[2024-06-07T08:00:51.230+0000] {logging_mixin.py:188} INFO - [2024-06-07T08:00:51.229+0000] {dag.py:3096} INFO - Sync 1 DAGs
[2024-06-07T08:00:51.546+0000] {logging_mixin.py:188} INFO - [2024-06-07T08:00:51.546+0000] {dag.py:3954} INFO - Setting next_dagrun for example_nested_branch_dag to 2024-06-06 00:00:00+00:00, run_after=2024-06-07 00:00:00+00:00
[2024-06-07T08:00:51.871+0000] {processor.py:183} INFO - Processing /home/airflow/.local/lib/python3.12/site-packages/airflow/example_dags/example_nested_branch_dag.py took 0.854 seconds
[2024-06-07T08:01:24.836+0000] {processor.py:161} INFO - Started process (PID=676) to work on /home/airflow/.local/lib/python3.12/site-packages/airflow/example_dags/example_nested_branch_dag.py
[2024-06-07T08:01:24.863+0000] {processor.py:830} INFO - Processing file /home/airflow/.local/lib/python3.12/site-packages/airflow/example_dags/example_nested_branch_dag.py for tasks to queue
[2024-06-07T08:01:24.889+0000] {logging_mixin.py:188} INFO - [2024-06-07T08:01:24.881+0000] {dagbag.py:545} INFO - Filling up the DagBag from /home/airflow/.local/lib/python3.12/site-packages/airflow/example_dags/example_nested_branch_dag.py
[2024-06-07T08:01:25.018+0000] {processor.py:840} INFO - DAG(s) 'example_nested_branch_dag' retrieved from /home/airflow/.local/lib/python3.12/site-packages/airflow/example_dags/example_nested_branch_dag.py
[2024-06-07T08:01:25.206+0000] {logging_mixin.py:188} INFO - [2024-06-07T08:01:25.206+0000] {dag.py:3096} INFO - Sync 1 DAGs
[2024-06-07T08:01:26.555+0000] {logging_mixin.py:188} INFO - [2024-06-07T08:01:26.554+0000] {dag.py:3954} INFO - Setting next_dagrun for example_nested_branch_dag to 2024-06-06 00:00:00+00:00, run_after=2024-06-07 00:00:00+00:00
[2024-06-07T08:01:27.225+0000] {processor.py:183} INFO - Processing /home/airflow/.local/lib/python3.12/site-packages/airflow/example_dags/example_nested_branch_dag.py took 2.411 seconds
[2024-06-07T08:02:19.655+0000] {processor.py:161} INFO - Started process (PID=726) to work on /home/airflow/.local/lib/python3.12/site-packages/airflow/example_dags/example_nested_branch_dag.py
[2024-06-07T08:02:19.694+0000] {processor.py:830} INFO - Processing file /home/airflow/.local/lib/python3.12/site-packages/airflow/example_dags/example_nested_branch_dag.py for tasks to queue
[2024-06-07T08:02:19.703+0000] {logging_mixin.py:188} INFO - [2024-06-07T08:02:19.699+0000] {dagbag.py:545} INFO - Filling up the DagBag from /home/airflow/.local/lib/python3.12/site-packages/airflow/example_dags/example_nested_branch_dag.py
[2024-06-07T08:02:19.832+0000] {processor.py:840} INFO - DAG(s) 'example_nested_branch_dag' retrieved from /home/airflow/.local/lib/python3.12/site-packages/airflow/example_dags/example_nested_branch_dag.py
[2024-06-07T08:02:21.247+0000] {logging_mixin.py:188} INFO - [2024-06-07T08:02:21.247+0000] {dag.py:3096} INFO - Sync 1 DAGs
[2024-06-07T08:02:21.914+0000] {logging_mixin.py:188} INFO - [2024-06-07T08:02:21.913+0000] {dag.py:3954} INFO - Setting next_dagrun for example_nested_branch_dag to 2024-06-06 00:00:00+00:00, run_after=2024-06-07 00:00:00+00:00
[2024-06-07T08:02:22.454+0000] {processor.py:183} INFO - Processing /home/airflow/.local/lib/python3.12/site-packages/airflow/example_dags/example_nested_branch_dag.py took 2.862 seconds
[2024-06-07T08:02:53.423+0000] {processor.py:161} INFO - Started process (PID=785) to work on /home/airflow/.local/lib/python3.12/site-packages/airflow/example_dags/example_nested_branch_dag.py
[2024-06-07T08:02:53.425+0000] {processor.py:830} INFO - Processing file /home/airflow/.local/lib/python3.12/site-packages/airflow/example_dags/example_nested_branch_dag.py for tasks to queue
[2024-06-07T08:02:53.431+0000] {logging_mixin.py:188} INFO - [2024-06-07T08:02:53.430+0000] {dagbag.py:545} INFO - Filling up the DagBag from /home/airflow/.local/lib/python3.12/site-packages/airflow/example_dags/example_nested_branch_dag.py
[2024-06-07T08:02:53.463+0000] {processor.py:840} INFO - DAG(s) 'example_nested_branch_dag' retrieved from /home/airflow/.local/lib/python3.12/site-packages/airflow/example_dags/example_nested_branch_dag.py
[2024-06-07T08:02:53.527+0000] {logging_mixin.py:188} INFO - [2024-06-07T08:02:53.526+0000] {dag.py:3096} INFO - Sync 1 DAGs
[2024-06-07T08:02:53.586+0000] {logging_mixin.py:188} INFO - [2024-06-07T08:02:53.585+0000] {dag.py:3954} INFO - Setting next_dagrun for example_nested_branch_dag to 2024-06-06 00:00:00+00:00, run_after=2024-06-07 00:00:00+00:00
[2024-06-07T08:02:53.706+0000] {processor.py:183} INFO - Processing /home/airflow/.local/lib/python3.12/site-packages/airflow/example_dags/example_nested_branch_dag.py took 0.302 seconds
[2024-06-07T08:03:27.866+0000] {processor.py:161} INFO - Started process (PID=849) to work on /home/airflow/.local/lib/python3.12/site-packages/airflow/example_dags/example_nested_branch_dag.py
[2024-06-07T08:03:27.868+0000] {processor.py:830} INFO - Processing file /home/airflow/.local/lib/python3.12/site-packages/airflow/example_dags/example_nested_branch_dag.py for tasks to queue
[2024-06-07T08:03:27.872+0000] {logging_mixin.py:188} INFO - [2024-06-07T08:03:27.871+0000] {dagbag.py:545} INFO - Filling up the DagBag from /home/airflow/.local/lib/python3.12/site-packages/airflow/example_dags/example_nested_branch_dag.py
[2024-06-07T08:03:27.899+0000] {processor.py:840} INFO - DAG(s) 'example_nested_branch_dag' retrieved from /home/airflow/.local/lib/python3.12/site-packages/airflow/example_dags/example_nested_branch_dag.py
[2024-06-07T08:03:27.963+0000] {logging_mixin.py:188} INFO - [2024-06-07T08:03:27.963+0000] {dag.py:3096} INFO - Sync 1 DAGs
[2024-06-07T08:03:28.035+0000] {logging_mixin.py:188} INFO - [2024-06-07T08:03:28.035+0000] {dag.py:3954} INFO - Setting next_dagrun for example_nested_branch_dag to 2024-06-06 00:00:00+00:00, run_after=2024-06-07 00:00:00+00:00
[2024-06-07T08:03:28.150+0000] {processor.py:183} INFO - Processing /home/airflow/.local/lib/python3.12/site-packages/airflow/example_dags/example_nested_branch_dag.py took 0.300 seconds
[2024-06-07T08:03:58.241+0000] {processor.py:161} INFO - Started process (PID=905) to work on /home/airflow/.local/lib/python3.12/site-packages/airflow/example_dags/example_nested_branch_dag.py
[2024-06-07T08:03:58.244+0000] {processor.py:830} INFO - Processing file /home/airflow/.local/lib/python3.12/site-packages/airflow/example_dags/example_nested_branch_dag.py for tasks to queue
[2024-06-07T08:03:58.254+0000] {logging_mixin.py:188} INFO - [2024-06-07T08:03:58.253+0000] {dagbag.py:545} INFO - Filling up the DagBag from /home/airflow/.local/lib/python3.12/site-packages/airflow/example_dags/example_nested_branch_dag.py
[2024-06-07T08:03:58.287+0000] {processor.py:840} INFO - DAG(s) 'example_nested_branch_dag' retrieved from /home/airflow/.local/lib/python3.12/site-packages/airflow/example_dags/example_nested_branch_dag.py
[2024-06-07T08:03:58.357+0000] {logging_mixin.py:188} INFO - [2024-06-07T08:03:58.356+0000] {dag.py:3096} INFO - Sync 1 DAGs
[2024-06-07T08:03:58.437+0000] {logging_mixin.py:188} INFO - [2024-06-07T08:03:58.436+0000] {dag.py:3954} INFO - Setting next_dagrun for example_nested_branch_dag to 2024-06-06 00:00:00+00:00, run_after=2024-06-07 00:00:00+00:00
[2024-06-07T08:03:58.803+0000] {processor.py:183} INFO - Processing /home/airflow/.local/lib/python3.12/site-packages/airflow/example_dags/example_nested_branch_dag.py took 0.593 seconds
[2024-06-07T08:04:28.965+0000] {processor.py:161} INFO - Started process (PID=963) to work on /home/airflow/.local/lib/python3.12/site-packages/airflow/example_dags/example_nested_branch_dag.py
[2024-06-07T08:04:28.975+0000] {processor.py:830} INFO - Processing file /home/airflow/.local/lib/python3.12/site-packages/airflow/example_dags/example_nested_branch_dag.py for tasks to queue
[2024-06-07T08:04:28.981+0000] {logging_mixin.py:188} INFO - [2024-06-07T08:04:28.980+0000] {dagbag.py:545} INFO - Filling up the DagBag from /home/airflow/.local/lib/python3.12/site-packages/airflow/example_dags/example_nested_branch_dag.py
[2024-06-07T08:04:29.013+0000] {processor.py:840} INFO - DAG(s) 'example_nested_branch_dag' retrieved from /home/airflow/.local/lib/python3.12/site-packages/airflow/example_dags/example_nested_branch_dag.py
[2024-06-07T08:04:29.078+0000] {logging_mixin.py:188} INFO - [2024-06-07T08:04:29.078+0000] {dag.py:3096} INFO - Sync 1 DAGs
[2024-06-07T08:04:29.151+0000] {logging_mixin.py:188} INFO - [2024-06-07T08:04:29.151+0000] {dag.py:3954} INFO - Setting next_dagrun for example_nested_branch_dag to 2024-06-06 00:00:00+00:00, run_after=2024-06-07 00:00:00+00:00
[2024-06-07T08:04:30.168+0000] {processor.py:183} INFO - Processing /home/airflow/.local/lib/python3.12/site-packages/airflow/example_dags/example_nested_branch_dag.py took 1.222 seconds
[2024-06-07T08:05:00.921+0000] {processor.py:161} INFO - Started process (PID=1021) to work on /home/airflow/.local/lib/python3.12/site-packages/airflow/example_dags/example_nested_branch_dag.py
[2024-06-07T08:05:00.934+0000] {processor.py:830} INFO - Processing file /home/airflow/.local/lib/python3.12/site-packages/airflow/example_dags/example_nested_branch_dag.py for tasks to queue
[2024-06-07T08:05:00.950+0000] {logging_mixin.py:188} INFO - [2024-06-07T08:05:00.939+0000] {dagbag.py:545} INFO - Filling up the DagBag from /home/airflow/.local/lib/python3.12/site-packages/airflow/example_dags/example_nested_branch_dag.py
[2024-06-07T08:05:01.033+0000] {processor.py:840} INFO - DAG(s) 'example_nested_branch_dag' retrieved from /home/airflow/.local/lib/python3.12/site-packages/airflow/example_dags/example_nested_branch_dag.py
[2024-06-07T08:05:01.133+0000] {logging_mixin.py:188} INFO - [2024-06-07T08:05:01.131+0000] {dag.py:3096} INFO - Sync 1 DAGs
[2024-06-07T08:05:01.213+0000] {logging_mixin.py:188} INFO - [2024-06-07T08:05:01.213+0000] {dag.py:3954} INFO - Setting next_dagrun for example_nested_branch_dag to 2024-06-06 00:00:00+00:00, run_after=2024-06-07 00:00:00+00:00
[2024-06-07T08:05:01.326+0000] {processor.py:183} INFO - Processing /home/airflow/.local/lib/python3.12/site-packages/airflow/example_dags/example_nested_branch_dag.py took 0.442 seconds
[2024-06-07T08:05:33.123+0000] {processor.py:161} INFO - Started process (PID=1077) to work on /home/airflow/.local/lib/python3.12/site-packages/airflow/example_dags/example_nested_branch_dag.py
[2024-06-07T08:05:33.382+0000] {processor.py:830} INFO - Processing file /home/airflow/.local/lib/python3.12/site-packages/airflow/example_dags/example_nested_branch_dag.py for tasks to queue
[2024-06-07T08:05:33.499+0000] {logging_mixin.py:188} INFO - [2024-06-07T08:05:33.498+0000] {dagbag.py:545} INFO - Filling up the DagBag from /home/airflow/.local/lib/python3.12/site-packages/airflow/example_dags/example_nested_branch_dag.py
[2024-06-07T08:05:33.582+0000] {processor.py:840} INFO - DAG(s) 'example_nested_branch_dag' retrieved from /home/airflow/.local/lib/python3.12/site-packages/airflow/example_dags/example_nested_branch_dag.py
[2024-06-07T08:05:33.766+0000] {logging_mixin.py:188} INFO - [2024-06-07T08:05:33.766+0000] {dag.py:3096} INFO - Sync 1 DAGs
[2024-06-07T08:05:33.953+0000] {logging_mixin.py:188} INFO - [2024-06-07T08:05:33.941+0000] {dag.py:3954} INFO - Setting next_dagrun for example_nested_branch_dag to 2024-06-06 00:00:00+00:00, run_after=2024-06-07 00:00:00+00:00
[2024-06-07T08:05:35.204+0000] {processor.py:183} INFO - Processing /home/airflow/.local/lib/python3.12/site-packages/airflow/example_dags/example_nested_branch_dag.py took 2.126 seconds
[2024-06-07T08:06:05.443+0000] {processor.py:161} INFO - Started process (PID=1135) to work on /home/airflow/.local/lib/python3.12/site-packages/airflow/example_dags/example_nested_branch_dag.py
[2024-06-07T08:06:05.459+0000] {processor.py:830} INFO - Processing file /home/airflow/.local/lib/python3.12/site-packages/airflow/example_dags/example_nested_branch_dag.py for tasks to queue
[2024-06-07T08:06:05.473+0000] {logging_mixin.py:188} INFO - [2024-06-07T08:06:05.471+0000] {dagbag.py:545} INFO - Filling up the DagBag from /home/airflow/.local/lib/python3.12/site-packages/airflow/example_dags/example_nested_branch_dag.py
[2024-06-07T08:06:05.534+0000] {processor.py:840} INFO - DAG(s) 'example_nested_branch_dag' retrieved from /home/airflow/.local/lib/python3.12/site-packages/airflow/example_dags/example_nested_branch_dag.py
[2024-06-07T08:06:05.630+0000] {logging_mixin.py:188} INFO - [2024-06-07T08:06:05.629+0000] {dag.py:3096} INFO - Sync 1 DAGs
[2024-06-07T08:06:05.703+0000] {logging_mixin.py:188} INFO - [2024-06-07T08:06:05.702+0000] {dag.py:3954} INFO - Setting next_dagrun for example_nested_branch_dag to 2024-06-06 00:00:00+00:00, run_after=2024-06-07 00:00:00+00:00
[2024-06-07T08:06:05.902+0000] {processor.py:183} INFO - Processing /home/airflow/.local/lib/python3.12/site-packages/airflow/example_dags/example_nested_branch_dag.py took 0.504 seconds
[2024-06-07T08:06:36.747+0000] {processor.py:161} INFO - Started process (PID=1203) to work on /home/airflow/.local/lib/python3.12/site-packages/airflow/example_dags/example_nested_branch_dag.py
[2024-06-07T08:06:36.762+0000] {processor.py:830} INFO - Processing file /home/airflow/.local/lib/python3.12/site-packages/airflow/example_dags/example_nested_branch_dag.py for tasks to queue
[2024-06-07T08:06:36.780+0000] {logging_mixin.py:188} INFO - [2024-06-07T08:06:36.779+0000] {dagbag.py:545} INFO - Filling up the DagBag from /home/airflow/.local/lib/python3.12/site-packages/airflow/example_dags/example_nested_branch_dag.py
[2024-06-07T08:06:36.995+0000] {processor.py:840} INFO - DAG(s) 'example_nested_branch_dag' retrieved from /home/airflow/.local/lib/python3.12/site-packages/airflow/example_dags/example_nested_branch_dag.py
[2024-06-07T08:06:37.742+0000] {logging_mixin.py:188} INFO - [2024-06-07T08:06:37.742+0000] {dag.py:3096} INFO - Sync 1 DAGs
[2024-06-07T08:06:37.935+0000] {logging_mixin.py:188} INFO - [2024-06-07T08:06:37.934+0000] {dag.py:3954} INFO - Setting next_dagrun for example_nested_branch_dag to 2024-06-06 00:00:00+00:00, run_after=2024-06-07 00:00:00+00:00
[2024-06-07T08:06:38.674+0000] {processor.py:183} INFO - Processing /home/airflow/.local/lib/python3.12/site-packages/airflow/example_dags/example_nested_branch_dag.py took 1.965 seconds
[2024-06-07T08:07:45.857+0000] {processor.py:161} INFO - Started process (PID=1271) to work on /home/airflow/.local/lib/python3.12/site-packages/airflow/example_dags/example_nested_branch_dag.py
[2024-06-07T08:07:45.860+0000] {processor.py:830} INFO - Processing file /home/airflow/.local/lib/python3.12/site-packages/airflow/example_dags/example_nested_branch_dag.py for tasks to queue
[2024-06-07T08:07:45.864+0000] {logging_mixin.py:188} INFO - [2024-06-07T08:07:45.863+0000] {dagbag.py:545} INFO - Filling up the DagBag from /home/airflow/.local/lib/python3.12/site-packages/airflow/example_dags/example_nested_branch_dag.py
[2024-06-07T08:07:45.894+0000] {processor.py:840} INFO - DAG(s) 'example_nested_branch_dag' retrieved from /home/airflow/.local/lib/python3.12/site-packages/airflow/example_dags/example_nested_branch_dag.py
[2024-06-07T08:07:45.945+0000] {logging_mixin.py:188} INFO - [2024-06-07T08:07:45.944+0000] {dag.py:3096} INFO - Sync 1 DAGs
[2024-06-07T08:07:46.039+0000] {logging_mixin.py:188} INFO - [2024-06-07T08:07:46.039+0000] {dag.py:3954} INFO - Setting next_dagrun for example_nested_branch_dag to 2024-06-06 00:00:00+00:00, run_after=2024-06-07 00:00:00+00:00
[2024-06-07T08:07:46.391+0000] {processor.py:183} INFO - Processing /home/airflow/.local/lib/python3.12/site-packages/airflow/example_dags/example_nested_branch_dag.py took 0.560 seconds
[2024-06-07T08:08:30.873+0000] {processor.py:161} INFO - Started process (PID=1333) to work on /home/airflow/.local/lib/python3.12/site-packages/airflow/example_dags/example_nested_branch_dag.py
[2024-06-07T08:08:30.875+0000] {processor.py:830} INFO - Processing file /home/airflow/.local/lib/python3.12/site-packages/airflow/example_dags/example_nested_branch_dag.py for tasks to queue
[2024-06-07T08:08:30.879+0000] {logging_mixin.py:188} INFO - [2024-06-07T08:08:30.878+0000] {dagbag.py:545} INFO - Filling up the DagBag from /home/airflow/.local/lib/python3.12/site-packages/airflow/example_dags/example_nested_branch_dag.py
[2024-06-07T08:08:30.932+0000] {processor.py:840} INFO - DAG(s) 'example_nested_branch_dag' retrieved from /home/airflow/.local/lib/python3.12/site-packages/airflow/example_dags/example_nested_branch_dag.py
[2024-06-07T08:08:31.116+0000] {logging_mixin.py:188} INFO - [2024-06-07T08:08:31.116+0000] {dag.py:3096} INFO - Sync 1 DAGs
[2024-06-07T08:08:31.224+0000] {logging_mixin.py:188} INFO - [2024-06-07T08:08:31.223+0000] {dag.py:3954} INFO - Setting next_dagrun for example_nested_branch_dag to 2024-06-06 00:00:00+00:00, run_after=2024-06-07 00:00:00+00:00
[2024-06-07T08:08:31.627+0000] {processor.py:183} INFO - Processing /home/airflow/.local/lib/python3.12/site-packages/airflow/example_dags/example_nested_branch_dag.py took 0.771 seconds
[2024-06-07T08:09:58.531+0000] {processor.py:161} INFO - Started process (PID=1395) to work on /home/airflow/.local/lib/python3.12/site-packages/airflow/example_dags/example_nested_branch_dag.py
[2024-06-07T08:09:58.546+0000] {processor.py:830} INFO - Processing file /home/airflow/.local/lib/python3.12/site-packages/airflow/example_dags/example_nested_branch_dag.py for tasks to queue
[2024-06-07T08:09:58.555+0000] {logging_mixin.py:188} INFO - [2024-06-07T08:09:58.554+0000] {dagbag.py:545} INFO - Filling up the DagBag from /home/airflow/.local/lib/python3.12/site-packages/airflow/example_dags/example_nested_branch_dag.py
[2024-06-07T08:09:58.659+0000] {processor.py:840} INFO - DAG(s) 'example_nested_branch_dag' retrieved from /home/airflow/.local/lib/python3.12/site-packages/airflow/example_dags/example_nested_branch_dag.py
[2024-06-07T08:13:26.848+0000] {processor.py:161} INFO - Started process (PID=1458) to work on /home/airflow/.local/lib/python3.12/site-packages/airflow/example_dags/example_nested_branch_dag.py
[2024-06-07T08:13:26.856+0000] {processor.py:830} INFO - Processing file /home/airflow/.local/lib/python3.12/site-packages/airflow/example_dags/example_nested_branch_dag.py for tasks to queue
[2024-06-07T08:13:26.861+0000] {logging_mixin.py:188} INFO - [2024-06-07T08:13:26.858+0000] {dagbag.py:545} INFO - Filling up the DagBag from /home/airflow/.local/lib/python3.12/site-packages/airflow/example_dags/example_nested_branch_dag.py
[2024-06-07T08:13:26.908+0000] {processor.py:840} INFO - DAG(s) 'example_nested_branch_dag' retrieved from /home/airflow/.local/lib/python3.12/site-packages/airflow/example_dags/example_nested_branch_dag.py
[2024-06-07T08:13:27.631+0000] {logging_mixin.py:188} INFO - [2024-06-07T08:13:27.631+0000] {dag.py:3096} INFO - Sync 1 DAGs
[2024-06-07T08:13:27.712+0000] {logging_mixin.py:188} INFO - [2024-06-07T08:13:27.711+0000] {dag.py:3954} INFO - Setting next_dagrun for example_nested_branch_dag to 2024-06-06 00:00:00+00:00, run_after=2024-06-07 00:00:00+00:00
[2024-06-07T08:13:27.942+0000] {processor.py:183} INFO - Processing /home/airflow/.local/lib/python3.12/site-packages/airflow/example_dags/example_nested_branch_dag.py took 1.123 seconds
[2024-06-07T08:13:58.310+0000] {processor.py:161} INFO - Started process (PID=1514) to work on /home/airflow/.local/lib/python3.12/site-packages/airflow/example_dags/example_nested_branch_dag.py
[2024-06-07T08:13:58.312+0000] {processor.py:830} INFO - Processing file /home/airflow/.local/lib/python3.12/site-packages/airflow/example_dags/example_nested_branch_dag.py for tasks to queue
[2024-06-07T08:13:58.315+0000] {logging_mixin.py:188} INFO - [2024-06-07T08:13:58.314+0000] {dagbag.py:545} INFO - Filling up the DagBag from /home/airflow/.local/lib/python3.12/site-packages/airflow/example_dags/example_nested_branch_dag.py
[2024-06-07T08:13:58.344+0000] {processor.py:840} INFO - DAG(s) 'example_nested_branch_dag' retrieved from /home/airflow/.local/lib/python3.12/site-packages/airflow/example_dags/example_nested_branch_dag.py
[2024-06-07T08:13:58.444+0000] {logging_mixin.py:188} INFO - [2024-06-07T08:13:58.443+0000] {dag.py:3096} INFO - Sync 1 DAGs
[2024-06-07T08:13:58.601+0000] {logging_mixin.py:188} INFO - [2024-06-07T08:13:58.596+0000] {dag.py:3954} INFO - Setting next_dagrun for example_nested_branch_dag to 2024-06-06 00:00:00+00:00, run_after=2024-06-07 00:00:00+00:00
[2024-06-07T08:13:58.903+0000] {processor.py:183} INFO - Processing /home/airflow/.local/lib/python3.12/site-packages/airflow/example_dags/example_nested_branch_dag.py took 0.610 seconds
[2024-06-07T08:14:29.237+0000] {processor.py:161} INFO - Started process (PID=1571) to work on /home/airflow/.local/lib/python3.12/site-packages/airflow/example_dags/example_nested_branch_dag.py
[2024-06-07T08:14:29.243+0000] {processor.py:830} INFO - Processing file /home/airflow/.local/lib/python3.12/site-packages/airflow/example_dags/example_nested_branch_dag.py for tasks to queue
[2024-06-07T08:14:29.246+0000] {logging_mixin.py:188} INFO - [2024-06-07T08:14:29.245+0000] {dagbag.py:545} INFO - Filling up the DagBag from /home/airflow/.local/lib/python3.12/site-packages/airflow/example_dags/example_nested_branch_dag.py
[2024-06-07T08:14:29.269+0000] {processor.py:840} INFO - DAG(s) 'example_nested_branch_dag' retrieved from /home/airflow/.local/lib/python3.12/site-packages/airflow/example_dags/example_nested_branch_dag.py
[2024-06-07T08:14:29.315+0000] {logging_mixin.py:188} INFO - [2024-06-07T08:14:29.315+0000] {dag.py:3096} INFO - Sync 1 DAGs
[2024-06-07T08:14:29.367+0000] {logging_mixin.py:188} INFO - [2024-06-07T08:14:29.367+0000] {dag.py:3954} INFO - Setting next_dagrun for example_nested_branch_dag to 2024-06-06 00:00:00+00:00, run_after=2024-06-07 00:00:00+00:00
[2024-06-07T08:14:29.614+0000] {processor.py:183} INFO - Processing /home/airflow/.local/lib/python3.12/site-packages/airflow/example_dags/example_nested_branch_dag.py took 0.392 seconds
[2024-06-07T08:14:59.784+0000] {processor.py:161} INFO - Started process (PID=1629) to work on /home/airflow/.local/lib/python3.12/site-packages/airflow/example_dags/example_nested_branch_dag.py
[2024-06-07T08:14:59.787+0000] {processor.py:830} INFO - Processing file /home/airflow/.local/lib/python3.12/site-packages/airflow/example_dags/example_nested_branch_dag.py for tasks to queue
[2024-06-07T08:14:59.790+0000] {logging_mixin.py:188} INFO - [2024-06-07T08:14:59.789+0000] {dagbag.py:545} INFO - Filling up the DagBag from /home/airflow/.local/lib/python3.12/site-packages/airflow/example_dags/example_nested_branch_dag.py
[2024-06-07T08:14:59.814+0000] {processor.py:840} INFO - DAG(s) 'example_nested_branch_dag' retrieved from /home/airflow/.local/lib/python3.12/site-packages/airflow/example_dags/example_nested_branch_dag.py
[2024-06-07T08:14:59.863+0000] {logging_mixin.py:188} INFO - [2024-06-07T08:14:59.863+0000] {dag.py:3096} INFO - Sync 1 DAGs
[2024-06-07T08:14:59.919+0000] {logging_mixin.py:188} INFO - [2024-06-07T08:14:59.919+0000] {dag.py:3954} INFO - Setting next_dagrun for example_nested_branch_dag to 2024-06-06 00:00:00+00:00, run_after=2024-06-07 00:00:00+00:00
[2024-06-07T08:15:00.432+0000] {processor.py:183} INFO - Processing /home/airflow/.local/lib/python3.12/site-packages/airflow/example_dags/example_nested_branch_dag.py took 0.660 seconds
[2024-06-07T08:15:39.223+0000] {processor.py:161} INFO - Started process (PID=1691) to work on /home/airflow/.local/lib/python3.12/site-packages/airflow/example_dags/example_nested_branch_dag.py
[2024-06-07T08:15:39.235+0000] {processor.py:830} INFO - Processing file /home/airflow/.local/lib/python3.12/site-packages/airflow/example_dags/example_nested_branch_dag.py for tasks to queue
[2024-06-07T08:15:39.238+0000] {logging_mixin.py:188} INFO - [2024-06-07T08:15:39.237+0000] {dagbag.py:545} INFO - Filling up the DagBag from /home/airflow/.local/lib/python3.12/site-packages/airflow/example_dags/example_nested_branch_dag.py
[2024-06-07T08:15:39.288+0000] {processor.py:840} INFO - DAG(s) 'example_nested_branch_dag' retrieved from /home/airflow/.local/lib/python3.12/site-packages/airflow/example_dags/example_nested_branch_dag.py
[2024-06-07T08:15:39.371+0000] {logging_mixin.py:188} INFO - [2024-06-07T08:15:39.371+0000] {dag.py:3096} INFO - Sync 1 DAGs
[2024-06-07T08:15:39.488+0000] {logging_mixin.py:188} INFO - [2024-06-07T08:15:39.487+0000] {dag.py:3954} INFO - Setting next_dagrun for example_nested_branch_dag to 2024-06-06 00:00:00+00:00, run_after=2024-06-07 00:00:00+00:00
[2024-06-07T08:15:40.800+0000] {processor.py:183} INFO - Processing /home/airflow/.local/lib/python3.12/site-packages/airflow/example_dags/example_nested_branch_dag.py took 1.601 seconds
[2024-06-07T08:16:11.268+0000] {processor.py:161} INFO - Started process (PID=1749) to work on /home/airflow/.local/lib/python3.12/site-packages/airflow/example_dags/example_nested_branch_dag.py
[2024-06-07T08:16:11.271+0000] {processor.py:830} INFO - Processing file /home/airflow/.local/lib/python3.12/site-packages/airflow/example_dags/example_nested_branch_dag.py for tasks to queue
[2024-06-07T08:16:11.282+0000] {logging_mixin.py:188} INFO - [2024-06-07T08:16:11.274+0000] {dagbag.py:545} INFO - Filling up the DagBag from /home/airflow/.local/lib/python3.12/site-packages/airflow/example_dags/example_nested_branch_dag.py
[2024-06-07T08:16:11.342+0000] {processor.py:840} INFO - DAG(s) 'example_nested_branch_dag' retrieved from /home/airflow/.local/lib/python3.12/site-packages/airflow/example_dags/example_nested_branch_dag.py
[2024-06-07T08:16:11.487+0000] {logging_mixin.py:188} INFO - [2024-06-07T08:16:11.487+0000] {dag.py:3096} INFO - Sync 1 DAGs
[2024-06-07T08:16:11.670+0000] {logging_mixin.py:188} INFO - [2024-06-07T08:16:11.670+0000] {dag.py:3954} INFO - Setting next_dagrun for example_nested_branch_dag to 2024-06-06 00:00:00+00:00, run_after=2024-06-07 00:00:00+00:00
[2024-06-07T08:16:11.889+0000] {processor.py:183} INFO - Processing /home/airflow/.local/lib/python3.12/site-packages/airflow/example_dags/example_nested_branch_dag.py took 0.650 seconds
[2024-06-07T08:16:44.113+0000] {processor.py:161} INFO - Started process (PID=1806) to work on /home/airflow/.local/lib/python3.12/site-packages/airflow/example_dags/example_nested_branch_dag.py
[2024-06-07T08:16:44.117+0000] {processor.py:830} INFO - Processing file /home/airflow/.local/lib/python3.12/site-packages/airflow/example_dags/example_nested_branch_dag.py for tasks to queue
[2024-06-07T08:16:44.137+0000] {logging_mixin.py:188} INFO - [2024-06-07T08:16:44.137+0000] {dagbag.py:545} INFO - Filling up the DagBag from /home/airflow/.local/lib/python3.12/site-packages/airflow/example_dags/example_nested_branch_dag.py
[2024-06-07T08:16:44.178+0000] {processor.py:840} INFO - DAG(s) 'example_nested_branch_dag' retrieved from /home/airflow/.local/lib/python3.12/site-packages/airflow/example_dags/example_nested_branch_dag.py
[2024-06-07T08:16:44.248+0000] {logging_mixin.py:188} INFO - [2024-06-07T08:16:44.248+0000] {dag.py:3096} INFO - Sync 1 DAGs
[2024-06-07T08:16:44.325+0000] {logging_mixin.py:188} INFO - [2024-06-07T08:16:44.324+0000] {dag.py:3954} INFO - Setting next_dagrun for example_nested_branch_dag to 2024-06-06 00:00:00+00:00, run_after=2024-06-07 00:00:00+00:00
[2024-06-07T08:16:44.512+0000] {processor.py:183} INFO - Processing /home/airflow/.local/lib/python3.12/site-packages/airflow/example_dags/example_nested_branch_dag.py took 0.424 seconds
[2024-06-07T08:17:15.147+0000] {processor.py:161} INFO - Started process (PID=1864) to work on /home/airflow/.local/lib/python3.12/site-packages/airflow/example_dags/example_nested_branch_dag.py
[2024-06-07T08:17:15.150+0000] {processor.py:830} INFO - Processing file /home/airflow/.local/lib/python3.12/site-packages/airflow/example_dags/example_nested_branch_dag.py for tasks to queue
[2024-06-07T08:17:15.155+0000] {logging_mixin.py:188} INFO - [2024-06-07T08:17:15.153+0000] {dagbag.py:545} INFO - Filling up the DagBag from /home/airflow/.local/lib/python3.12/site-packages/airflow/example_dags/example_nested_branch_dag.py
[2024-06-07T08:17:15.230+0000] {processor.py:840} INFO - DAG(s) 'example_nested_branch_dag' retrieved from /home/airflow/.local/lib/python3.12/site-packages/airflow/example_dags/example_nested_branch_dag.py
[2024-06-07T08:17:15.338+0000] {logging_mixin.py:188} INFO - [2024-06-07T08:17:15.337+0000] {dag.py:3096} INFO - Sync 1 DAGs
[2024-06-07T08:17:15.434+0000] {logging_mixin.py:188} INFO - [2024-06-07T08:17:15.434+0000] {dag.py:3954} INFO - Setting next_dagrun for example_nested_branch_dag to 2024-06-06 00:00:00+00:00, run_after=2024-06-07 00:00:00+00:00
[2024-06-07T08:17:15.584+0000] {processor.py:183} INFO - Processing /home/airflow/.local/lib/python3.12/site-packages/airflow/example_dags/example_nested_branch_dag.py took 0.459 seconds
[2024-06-07T08:17:56.409+0000] {processor.py:161} INFO - Started process (PID=1937) to work on /home/airflow/.local/lib/python3.12/site-packages/airflow/example_dags/example_nested_branch_dag.py
[2024-06-07T08:17:56.419+0000] {processor.py:830} INFO - Processing file /home/airflow/.local/lib/python3.12/site-packages/airflow/example_dags/example_nested_branch_dag.py for tasks to queue
[2024-06-07T08:17:56.422+0000] {logging_mixin.py:188} INFO - [2024-06-07T08:17:56.421+0000] {dagbag.py:545} INFO - Filling up the DagBag from /home/airflow/.local/lib/python3.12/site-packages/airflow/example_dags/example_nested_branch_dag.py
[2024-06-07T08:17:56.486+0000] {processor.py:840} INFO - DAG(s) 'example_nested_branch_dag' retrieved from /home/airflow/.local/lib/python3.12/site-packages/airflow/example_dags/example_nested_branch_dag.py
[2024-06-07T08:17:56.633+0000] {logging_mixin.py:188} INFO - [2024-06-07T08:17:56.632+0000] {dag.py:3096} INFO - Sync 1 DAGs
[2024-06-07T08:17:56.819+0000] {logging_mixin.py:188} INFO - [2024-06-07T08:17:56.816+0000] {dag.py:3954} INFO - Setting next_dagrun for example_nested_branch_dag to 2024-06-06 00:00:00+00:00, run_after=2024-06-07 00:00:00+00:00
[2024-06-07T08:17:57.388+0000] {processor.py:183} INFO - Processing /home/airflow/.local/lib/python3.12/site-packages/airflow/example_dags/example_nested_branch_dag.py took 1.014 seconds
[2024-06-07T08:18:27.619+0000] {processor.py:161} INFO - Started process (PID=1996) to work on /home/airflow/.local/lib/python3.12/site-packages/airflow/example_dags/example_nested_branch_dag.py
[2024-06-07T08:18:27.621+0000] {processor.py:830} INFO - Processing file /home/airflow/.local/lib/python3.12/site-packages/airflow/example_dags/example_nested_branch_dag.py for tasks to queue
[2024-06-07T08:18:27.623+0000] {logging_mixin.py:188} INFO - [2024-06-07T08:18:27.622+0000] {dagbag.py:545} INFO - Filling up the DagBag from /home/airflow/.local/lib/python3.12/site-packages/airflow/example_dags/example_nested_branch_dag.py
[2024-06-07T08:18:27.646+0000] {processor.py:840} INFO - DAG(s) 'example_nested_branch_dag' retrieved from /home/airflow/.local/lib/python3.12/site-packages/airflow/example_dags/example_nested_branch_dag.py
[2024-06-07T08:18:27.699+0000] {logging_mixin.py:188} INFO - [2024-06-07T08:18:27.699+0000] {dag.py:3096} INFO - Sync 1 DAGs
[2024-06-07T08:18:27.746+0000] {logging_mixin.py:188} INFO - [2024-06-07T08:18:27.746+0000] {dag.py:3954} INFO - Setting next_dagrun for example_nested_branch_dag to 2024-06-06 00:00:00+00:00, run_after=2024-06-07 00:00:00+00:00
[2024-06-07T08:18:28.021+0000] {processor.py:183} INFO - Processing /home/airflow/.local/lib/python3.12/site-packages/airflow/example_dags/example_nested_branch_dag.py took 0.416 seconds
[2024-06-07T08:18:58.769+0000] {processor.py:161} INFO - Started process (PID=2053) to work on /home/airflow/.local/lib/python3.12/site-packages/airflow/example_dags/example_nested_branch_dag.py
[2024-06-07T08:18:58.772+0000] {processor.py:830} INFO - Processing file /home/airflow/.local/lib/python3.12/site-packages/airflow/example_dags/example_nested_branch_dag.py for tasks to queue
[2024-06-07T08:18:58.780+0000] {logging_mixin.py:188} INFO - [2024-06-07T08:18:58.779+0000] {dagbag.py:545} INFO - Filling up the DagBag from /home/airflow/.local/lib/python3.12/site-packages/airflow/example_dags/example_nested_branch_dag.py
[2024-06-07T08:18:58.829+0000] {processor.py:840} INFO - DAG(s) 'example_nested_branch_dag' retrieved from /home/airflow/.local/lib/python3.12/site-packages/airflow/example_dags/example_nested_branch_dag.py
[2024-06-07T08:18:58.945+0000] {logging_mixin.py:188} INFO - [2024-06-07T08:18:58.944+0000] {dag.py:3096} INFO - Sync 1 DAGs
[2024-06-07T08:18:59.069+0000] {logging_mixin.py:188} INFO - [2024-06-07T08:18:59.068+0000] {dag.py:3954} INFO - Setting next_dagrun for example_nested_branch_dag to 2024-06-06 00:00:00+00:00, run_after=2024-06-07 00:00:00+00:00
[2024-06-07T08:18:59.406+0000] {processor.py:183} INFO - Processing /home/airflow/.local/lib/python3.12/site-packages/airflow/example_dags/example_nested_branch_dag.py took 0.652 seconds
[2024-06-07T08:19:31.292+0000] {processor.py:161} INFO - Started process (PID=2096) to work on /home/airflow/.local/lib/python3.12/site-packages/airflow/example_dags/example_nested_branch_dag.py
[2024-06-07T08:19:31.299+0000] {processor.py:830} INFO - Processing file /home/airflow/.local/lib/python3.12/site-packages/airflow/example_dags/example_nested_branch_dag.py for tasks to queue
[2024-06-07T08:19:31.302+0000] {logging_mixin.py:188} INFO - [2024-06-07T08:19:31.301+0000] {dagbag.py:545} INFO - Filling up the DagBag from /home/airflow/.local/lib/python3.12/site-packages/airflow/example_dags/example_nested_branch_dag.py
[2024-06-07T08:19:31.349+0000] {processor.py:840} INFO - DAG(s) 'example_nested_branch_dag' retrieved from /home/airflow/.local/lib/python3.12/site-packages/airflow/example_dags/example_nested_branch_dag.py
[2024-06-07T08:19:31.477+0000] {logging_mixin.py:188} INFO - [2024-06-07T08:19:31.477+0000] {dag.py:3096} INFO - Sync 1 DAGs
[2024-06-07T08:19:31.576+0000] {logging_mixin.py:188} INFO - [2024-06-07T08:19:31.575+0000] {dag.py:3954} INFO - Setting next_dagrun for example_nested_branch_dag to 2024-06-06 00:00:00+00:00, run_after=2024-06-07 00:00:00+00:00
[2024-06-07T08:19:31.705+0000] {processor.py:183} INFO - Processing /home/airflow/.local/lib/python3.12/site-packages/airflow/example_dags/example_nested_branch_dag.py took 0.490 seconds
[2024-06-07T08:20:01.974+0000] {processor.py:161} INFO - Started process (PID=2152) to work on /home/airflow/.local/lib/python3.12/site-packages/airflow/example_dags/example_nested_branch_dag.py
[2024-06-07T08:20:01.978+0000] {processor.py:830} INFO - Processing file /home/airflow/.local/lib/python3.12/site-packages/airflow/example_dags/example_nested_branch_dag.py for tasks to queue
[2024-06-07T08:20:01.994+0000] {logging_mixin.py:188} INFO - [2024-06-07T08:20:01.993+0000] {dagbag.py:545} INFO - Filling up the DagBag from /home/airflow/.local/lib/python3.12/site-packages/airflow/example_dags/example_nested_branch_dag.py
[2024-06-07T08:20:02.084+0000] {processor.py:840} INFO - DAG(s) 'example_nested_branch_dag' retrieved from /home/airflow/.local/lib/python3.12/site-packages/airflow/example_dags/example_nested_branch_dag.py
[2024-06-07T08:20:02.165+0000] {logging_mixin.py:188} INFO - [2024-06-07T08:20:02.164+0000] {dag.py:3096} INFO - Sync 1 DAGs
[2024-06-07T08:20:02.266+0000] {logging_mixin.py:188} INFO - [2024-06-07T08:20:02.265+0000] {dag.py:3954} INFO - Setting next_dagrun for example_nested_branch_dag to 2024-06-06 00:00:00+00:00, run_after=2024-06-07 00:00:00+00:00
[2024-06-07T08:20:02.449+0000] {processor.py:183} INFO - Processing /home/airflow/.local/lib/python3.12/site-packages/airflow/example_dags/example_nested_branch_dag.py took 0.510 seconds
[2024-06-07T08:20:32.551+0000] {processor.py:161} INFO - Started process (PID=2209) to work on /home/airflow/.local/lib/python3.12/site-packages/airflow/example_dags/example_nested_branch_dag.py
[2024-06-07T08:20:32.553+0000] {processor.py:830} INFO - Processing file /home/airflow/.local/lib/python3.12/site-packages/airflow/example_dags/example_nested_branch_dag.py for tasks to queue
[2024-06-07T08:20:32.557+0000] {logging_mixin.py:188} INFO - [2024-06-07T08:20:32.555+0000] {dagbag.py:545} INFO - Filling up the DagBag from /home/airflow/.local/lib/python3.12/site-packages/airflow/example_dags/example_nested_branch_dag.py
[2024-06-07T08:20:32.589+0000] {processor.py:840} INFO - DAG(s) 'example_nested_branch_dag' retrieved from /home/airflow/.local/lib/python3.12/site-packages/airflow/example_dags/example_nested_branch_dag.py
[2024-06-07T08:20:32.689+0000] {logging_mixin.py:188} INFO - [2024-06-07T08:20:32.688+0000] {dag.py:3096} INFO - Sync 1 DAGs
[2024-06-07T08:20:32.807+0000] {logging_mixin.py:188} INFO - [2024-06-07T08:20:32.806+0000] {dag.py:3954} INFO - Setting next_dagrun for example_nested_branch_dag to 2024-06-06 00:00:00+00:00, run_after=2024-06-07 00:00:00+00:00
[2024-06-07T08:20:32.918+0000] {processor.py:183} INFO - Processing /home/airflow/.local/lib/python3.12/site-packages/airflow/example_dags/example_nested_branch_dag.py took 0.385 seconds
[2024-06-07T08:21:03.601+0000] {processor.py:161} INFO - Started process (PID=2267) to work on /home/airflow/.local/lib/python3.12/site-packages/airflow/example_dags/example_nested_branch_dag.py
[2024-06-07T08:21:03.602+0000] {processor.py:830} INFO - Processing file /home/airflow/.local/lib/python3.12/site-packages/airflow/example_dags/example_nested_branch_dag.py for tasks to queue
[2024-06-07T08:21:03.605+0000] {logging_mixin.py:188} INFO - [2024-06-07T08:21:03.604+0000] {dagbag.py:545} INFO - Filling up the DagBag from /home/airflow/.local/lib/python3.12/site-packages/airflow/example_dags/example_nested_branch_dag.py
[2024-06-07T08:21:03.632+0000] {processor.py:840} INFO - DAG(s) 'example_nested_branch_dag' retrieved from /home/airflow/.local/lib/python3.12/site-packages/airflow/example_dags/example_nested_branch_dag.py
[2024-06-07T08:21:03.682+0000] {logging_mixin.py:188} INFO - [2024-06-07T08:21:03.681+0000] {dag.py:3096} INFO - Sync 1 DAGs
[2024-06-07T08:21:03.734+0000] {logging_mixin.py:188} INFO - [2024-06-07T08:21:03.734+0000] {dag.py:3954} INFO - Setting next_dagrun for example_nested_branch_dag to 2024-06-06 00:00:00+00:00, run_after=2024-06-07 00:00:00+00:00
[2024-06-07T08:21:04.292+0000] {processor.py:183} INFO - Processing /home/airflow/.local/lib/python3.12/site-packages/airflow/example_dags/example_nested_branch_dag.py took 0.703 seconds
[2024-06-07T08:21:34.818+0000] {processor.py:161} INFO - Started process (PID=2325) to work on /home/airflow/.local/lib/python3.12/site-packages/airflow/example_dags/example_nested_branch_dag.py
[2024-06-07T08:21:34.820+0000] {processor.py:830} INFO - Processing file /home/airflow/.local/lib/python3.12/site-packages/airflow/example_dags/example_nested_branch_dag.py for tasks to queue
[2024-06-07T08:21:34.823+0000] {logging_mixin.py:188} INFO - [2024-06-07T08:21:34.822+0000] {dagbag.py:545} INFO - Filling up the DagBag from /home/airflow/.local/lib/python3.12/site-packages/airflow/example_dags/example_nested_branch_dag.py
[2024-06-07T08:21:34.845+0000] {processor.py:840} INFO - DAG(s) 'example_nested_branch_dag' retrieved from /home/airflow/.local/lib/python3.12/site-packages/airflow/example_dags/example_nested_branch_dag.py
[2024-06-07T08:21:34.896+0000] {logging_mixin.py:188} INFO - [2024-06-07T08:21:34.895+0000] {dag.py:3096} INFO - Sync 1 DAGs
[2024-06-07T08:21:35.201+0000] {logging_mixin.py:188} INFO - [2024-06-07T08:21:35.201+0000] {dag.py:3954} INFO - Setting next_dagrun for example_nested_branch_dag to 2024-06-06 00:00:00+00:00, run_after=2024-06-07 00:00:00+00:00
[2024-06-07T08:21:35.739+0000] {processor.py:183} INFO - Processing /home/airflow/.local/lib/python3.12/site-packages/airflow/example_dags/example_nested_branch_dag.py took 0.936 seconds
[2024-06-07T08:22:07.203+0000] {processor.py:161} INFO - Started process (PID=2383) to work on /home/airflow/.local/lib/python3.12/site-packages/airflow/example_dags/example_nested_branch_dag.py
[2024-06-07T08:22:07.205+0000] {processor.py:830} INFO - Processing file /home/airflow/.local/lib/python3.12/site-packages/airflow/example_dags/example_nested_branch_dag.py for tasks to queue
[2024-06-07T08:22:07.212+0000] {logging_mixin.py:188} INFO - [2024-06-07T08:22:07.211+0000] {dagbag.py:545} INFO - Filling up the DagBag from /home/airflow/.local/lib/python3.12/site-packages/airflow/example_dags/example_nested_branch_dag.py
[2024-06-07T08:22:07.247+0000] {processor.py:840} INFO - DAG(s) 'example_nested_branch_dag' retrieved from /home/airflow/.local/lib/python3.12/site-packages/airflow/example_dags/example_nested_branch_dag.py
[2024-06-07T08:22:07.337+0000] {logging_mixin.py:188} INFO - [2024-06-07T08:22:07.333+0000] {dag.py:3096} INFO - Sync 1 DAGs
[2024-06-07T08:22:07.416+0000] {logging_mixin.py:188} INFO - [2024-06-07T08:22:07.415+0000] {dag.py:3954} INFO - Setting next_dagrun for example_nested_branch_dag to 2024-06-06 00:00:00+00:00, run_after=2024-06-07 00:00:00+00:00
[2024-06-07T08:22:07.895+0000] {processor.py:183} INFO - Processing /home/airflow/.local/lib/python3.12/site-packages/airflow/example_dags/example_nested_branch_dag.py took 0.714 seconds
[2024-06-07T08:22:39.614+0000] {processor.py:161} INFO - Started process (PID=2441) to work on /home/airflow/.local/lib/python3.12/site-packages/airflow/example_dags/example_nested_branch_dag.py
[2024-06-07T08:22:39.628+0000] {processor.py:830} INFO - Processing file /home/airflow/.local/lib/python3.12/site-packages/airflow/example_dags/example_nested_branch_dag.py for tasks to queue
[2024-06-07T08:22:39.645+0000] {logging_mixin.py:188} INFO - [2024-06-07T08:22:39.643+0000] {dagbag.py:545} INFO - Filling up the DagBag from /home/airflow/.local/lib/python3.12/site-packages/airflow/example_dags/example_nested_branch_dag.py
[2024-06-07T08:22:39.743+0000] {processor.py:840} INFO - DAG(s) 'example_nested_branch_dag' retrieved from /home/airflow/.local/lib/python3.12/site-packages/airflow/example_dags/example_nested_branch_dag.py
[2024-06-07T08:22:39.882+0000] {logging_mixin.py:188} INFO - [2024-06-07T08:22:39.881+0000] {dag.py:3096} INFO - Sync 1 DAGs
[2024-06-07T08:22:39.959+0000] {logging_mixin.py:188} INFO - [2024-06-07T08:22:39.958+0000] {dag.py:3954} INFO - Setting next_dagrun for example_nested_branch_dag to 2024-06-06 00:00:00+00:00, run_after=2024-06-07 00:00:00+00:00
[2024-06-07T08:22:40.280+0000] {processor.py:183} INFO - Processing /home/airflow/.local/lib/python3.12/site-packages/airflow/example_dags/example_nested_branch_dag.py took 0.716 seconds
[2024-06-07T08:23:11.257+0000] {processor.py:161} INFO - Started process (PID=2500) to work on /home/airflow/.local/lib/python3.12/site-packages/airflow/example_dags/example_nested_branch_dag.py
[2024-06-07T08:23:11.259+0000] {processor.py:830} INFO - Processing file /home/airflow/.local/lib/python3.12/site-packages/airflow/example_dags/example_nested_branch_dag.py for tasks to queue
[2024-06-07T08:23:11.263+0000] {logging_mixin.py:188} INFO - [2024-06-07T08:23:11.262+0000] {dagbag.py:545} INFO - Filling up the DagBag from /home/airflow/.local/lib/python3.12/site-packages/airflow/example_dags/example_nested_branch_dag.py
[2024-06-07T08:23:11.298+0000] {processor.py:840} INFO - DAG(s) 'example_nested_branch_dag' retrieved from /home/airflow/.local/lib/python3.12/site-packages/airflow/example_dags/example_nested_branch_dag.py
[2024-06-07T08:23:11.388+0000] {logging_mixin.py:188} INFO - [2024-06-07T08:23:11.387+0000] {dag.py:3096} INFO - Sync 1 DAGs
[2024-06-07T08:23:11.480+0000] {logging_mixin.py:188} INFO - [2024-06-07T08:23:11.480+0000] {dag.py:3954} INFO - Setting next_dagrun for example_nested_branch_dag to 2024-06-06 00:00:00+00:00, run_after=2024-06-07 00:00:00+00:00
[2024-06-07T08:23:11.845+0000] {processor.py:183} INFO - Processing /home/airflow/.local/lib/python3.12/site-packages/airflow/example_dags/example_nested_branch_dag.py took 0.610 seconds
