[2024-06-07T07:54:42.620+0000] {processor.py:161} INFO - Started process (PID=67) to work on /home/airflow/.local/lib/python3.12/site-packages/airflow/example_dags/example_subdag_operator.py
[2024-06-07T07:54:42.622+0000] {processor.py:830} INFO - Processing file /home/airflow/.local/lib/python3.12/site-packages/airflow/example_dags/example_subdag_operator.py for tasks to queue
[2024-06-07T07:54:42.627+0000] {logging_mixin.py:188} INFO - [2024-06-07T07:54:42.626+0000] {dagbag.py:545} INFO - Filling up the DagBag from /home/airflow/.local/lib/python3.12/site-packages/airflow/example_dags/example_subdag_operator.py
[2024-06-07T07:54:42.743+0000] {processor.py:840} INFO - DAG(s) 'example_subdag_operator.section-1', 'example_subdag_operator.section-2', 'example_subdag_operator' retrieved from /home/airflow/.local/lib/python3.12/site-packages/airflow/example_dags/example_subdag_operator.py
[2024-06-07T07:54:43.943+0000] {logging_mixin.py:188} INFO - [2024-06-07T07:54:43.941+0000] {override.py:1829} INFO - Created Permission View: can delete on DAG:example_subdag_operator
[2024-06-07T07:54:44.185+0000] {logging_mixin.py:188} INFO - [2024-06-07T07:54:44.184+0000] {override.py:1829} INFO - Created Permission View: can read on DAG:example_subdag_operator
[2024-06-07T07:54:44.325+0000] {logging_mixin.py:188} INFO - [2024-06-07T07:54:44.324+0000] {override.py:1829} INFO - Created Permission View: can edit on DAG:example_subdag_operator
[2024-06-07T07:54:44.327+0000] {logging_mixin.py:188} INFO - [2024-06-07T07:54:44.326+0000] {dag.py:3096} INFO - Sync 3 DAGs
[2024-06-07T07:54:44.360+0000] {logging_mixin.py:188} INFO - [2024-06-07T07:54:44.359+0000] {dag.py:3118} INFO - Creating ORM DAG for example_subdag_operator.section-1
[2024-06-07T07:54:44.364+0000] {logging_mixin.py:188} INFO - [2024-06-07T07:54:44.362+0000] {dag.py:3118} INFO - Creating ORM DAG for example_subdag_operator.section-2
[2024-06-07T07:54:44.367+0000] {logging_mixin.py:188} INFO - [2024-06-07T07:54:44.367+0000] {dag.py:3118} INFO - Creating ORM DAG for example_subdag_operator
[2024-06-07T07:54:44.392+0000] {logging_mixin.py:188} INFO - [2024-06-07T07:54:44.392+0000] {dag.py:3954} INFO - Setting next_dagrun for example_subdag_operator to 2022-01-01 00:00:00+00:00, run_after=2022-01-01 00:00:00+00:00
[2024-06-07T07:54:44.394+0000] {logging_mixin.py:188} INFO - [2024-06-07T07:54:44.394+0000] {dag.py:3954} INFO - Setting next_dagrun for example_subdag_operator.section-1 to None, run_after=None
[2024-06-07T07:54:44.395+0000] {logging_mixin.py:188} INFO - [2024-06-07T07:54:44.395+0000] {dag.py:3954} INFO - Setting next_dagrun for example_subdag_operator.section-2 to None, run_after=None
[2024-06-07T07:54:44.413+0000] {logging_mixin.py:188} INFO - [2024-06-07T07:54:44.412+0000] {dag.py:3096} INFO - Sync 2 DAGs
[2024-06-07T07:54:44.426+0000] {logging_mixin.py:188} INFO - [2024-06-07T07:54:44.426+0000] {dag.py:3954} INFO - Setting next_dagrun for example_subdag_operator.section-1 to None, run_after=None
[2024-06-07T07:54:44.434+0000] {logging_mixin.py:188} INFO - [2024-06-07T07:54:44.433+0000] {dag.py:3954} INFO - Setting next_dagrun for example_subdag_operator.section-2 to None, run_after=None
[2024-06-07T07:54:44.756+0000] {processor.py:183} INFO - Processing /home/airflow/.local/lib/python3.12/site-packages/airflow/example_dags/example_subdag_operator.py took 2.152 seconds
[2024-06-07T07:55:32.609+0000] {processor.py:161} INFO - Started process (PID=125) to work on /home/airflow/.local/lib/python3.12/site-packages/airflow/example_dags/example_subdag_operator.py
[2024-06-07T07:55:32.611+0000] {processor.py:830} INFO - Processing file /home/airflow/.local/lib/python3.12/site-packages/airflow/example_dags/example_subdag_operator.py for tasks to queue
[2024-06-07T07:55:32.620+0000] {logging_mixin.py:188} INFO - [2024-06-07T07:55:32.615+0000] {dagbag.py:545} INFO - Filling up the DagBag from /home/airflow/.local/lib/python3.12/site-packages/airflow/example_dags/example_subdag_operator.py
[2024-06-07T07:55:32.675+0000] {processor.py:840} INFO - DAG(s) 'example_subdag_operator.section-1', 'example_subdag_operator.section-2', 'example_subdag_operator' retrieved from /home/airflow/.local/lib/python3.12/site-packages/airflow/example_dags/example_subdag_operator.py
[2024-06-07T07:55:32.716+0000] {logging_mixin.py:188} INFO - [2024-06-07T07:55:32.715+0000] {dag.py:3096} INFO - Sync 3 DAGs
[2024-06-07T07:55:32.762+0000] {logging_mixin.py:188} INFO - [2024-06-07T07:55:32.762+0000] {dag.py:3954} INFO - Setting next_dagrun for example_subdag_operator to 2022-01-01 00:00:00+00:00, run_after=2022-01-01 00:00:00+00:00
[2024-06-07T07:55:32.772+0000] {logging_mixin.py:188} INFO - [2024-06-07T07:55:32.771+0000] {dag.py:3954} INFO - Setting next_dagrun for example_subdag_operator.section-1 to None, run_after=None
[2024-06-07T07:55:32.775+0000] {logging_mixin.py:188} INFO - [2024-06-07T07:55:32.774+0000] {dag.py:3954} INFO - Setting next_dagrun for example_subdag_operator.section-2 to None, run_after=None
[2024-06-07T07:55:32.801+0000] {logging_mixin.py:188} INFO - [2024-06-07T07:55:32.801+0000] {dag.py:3096} INFO - Sync 2 DAGs
[2024-06-07T07:55:32.816+0000] {logging_mixin.py:188} INFO - [2024-06-07T07:55:32.816+0000] {dag.py:3954} INFO - Setting next_dagrun for example_subdag_operator.section-1 to None, run_after=None
[2024-06-07T07:55:32.818+0000] {logging_mixin.py:188} INFO - [2024-06-07T07:55:32.818+0000] {dag.py:3954} INFO - Setting next_dagrun for example_subdag_operator.section-2 to None, run_after=None
[2024-06-07T07:55:33.075+0000] {processor.py:183} INFO - Processing /home/airflow/.local/lib/python3.12/site-packages/airflow/example_dags/example_subdag_operator.py took 0.491 seconds
[2024-06-07T07:56:05.907+0000] {processor.py:161} INFO - Started process (PID=183) to work on /home/airflow/.local/lib/python3.12/site-packages/airflow/example_dags/example_subdag_operator.py
[2024-06-07T07:56:05.909+0000] {processor.py:830} INFO - Processing file /home/airflow/.local/lib/python3.12/site-packages/airflow/example_dags/example_subdag_operator.py for tasks to queue
[2024-06-07T07:56:05.914+0000] {logging_mixin.py:188} INFO - [2024-06-07T07:56:05.914+0000] {dagbag.py:545} INFO - Filling up the DagBag from /home/airflow/.local/lib/python3.12/site-packages/airflow/example_dags/example_subdag_operator.py
[2024-06-07T07:56:05.985+0000] {processor.py:840} INFO - DAG(s) 'example_subdag_operator.section-1', 'example_subdag_operator.section-2', 'example_subdag_operator' retrieved from /home/airflow/.local/lib/python3.12/site-packages/airflow/example_dags/example_subdag_operator.py
[2024-06-07T07:56:06.031+0000] {logging_mixin.py:188} INFO - [2024-06-07T07:56:06.030+0000] {dag.py:3096} INFO - Sync 3 DAGs
[2024-06-07T07:56:06.094+0000] {logging_mixin.py:188} INFO - [2024-06-07T07:56:06.093+0000] {dag.py:3954} INFO - Setting next_dagrun for example_subdag_operator to 2022-01-01 00:00:00+00:00, run_after=2022-01-01 00:00:00+00:00
[2024-06-07T07:56:06.105+0000] {logging_mixin.py:188} INFO - [2024-06-07T07:56:06.105+0000] {dag.py:3954} INFO - Setting next_dagrun for example_subdag_operator.section-1 to None, run_after=None
[2024-06-07T07:56:06.113+0000] {logging_mixin.py:188} INFO - [2024-06-07T07:56:06.112+0000] {dag.py:3954} INFO - Setting next_dagrun for example_subdag_operator.section-2 to None, run_after=None
[2024-06-07T07:56:06.137+0000] {logging_mixin.py:188} INFO - [2024-06-07T07:56:06.137+0000] {dag.py:3096} INFO - Sync 2 DAGs
[2024-06-07T07:56:06.161+0000] {logging_mixin.py:188} INFO - [2024-06-07T07:56:06.160+0000] {dag.py:3954} INFO - Setting next_dagrun for example_subdag_operator.section-1 to None, run_after=None
[2024-06-07T07:56:06.163+0000] {logging_mixin.py:188} INFO - [2024-06-07T07:56:06.162+0000] {dag.py:3954} INFO - Setting next_dagrun for example_subdag_operator.section-2 to None, run_after=None
[2024-06-07T07:56:06.279+0000] {processor.py:183} INFO - Processing /home/airflow/.local/lib/python3.12/site-packages/airflow/example_dags/example_subdag_operator.py took 0.394 seconds
[2024-06-07T07:56:44.314+0000] {processor.py:161} INFO - Started process (PID=239) to work on /home/airflow/.local/lib/python3.12/site-packages/airflow/example_dags/example_subdag_operator.py
[2024-06-07T07:56:44.346+0000] {processor.py:830} INFO - Processing file /home/airflow/.local/lib/python3.12/site-packages/airflow/example_dags/example_subdag_operator.py for tasks to queue
[2024-06-07T07:56:44.412+0000] {logging_mixin.py:188} INFO - [2024-06-07T07:56:44.379+0000] {dagbag.py:545} INFO - Filling up the DagBag from /home/airflow/.local/lib/python3.12/site-packages/airflow/example_dags/example_subdag_operator.py
[2024-06-07T07:56:44.861+0000] {processor.py:840} INFO - DAG(s) 'example_subdag_operator.section-1', 'example_subdag_operator.section-2', 'example_subdag_operator' retrieved from /home/airflow/.local/lib/python3.12/site-packages/airflow/example_dags/example_subdag_operator.py
[2024-06-07T07:56:45.087+0000] {logging_mixin.py:188} INFO - [2024-06-07T07:56:45.086+0000] {dag.py:3096} INFO - Sync 3 DAGs
[2024-06-07T07:56:45.396+0000] {logging_mixin.py:188} INFO - [2024-06-07T07:56:45.395+0000] {dag.py:3954} INFO - Setting next_dagrun for example_subdag_operator to 2022-01-01 00:00:00+00:00, run_after=2022-01-01 00:00:00+00:00
[2024-06-07T07:56:45.511+0000] {logging_mixin.py:188} INFO - [2024-06-07T07:56:45.510+0000] {dag.py:3954} INFO - Setting next_dagrun for example_subdag_operator.section-1 to None, run_after=None
[2024-06-07T07:56:45.526+0000] {logging_mixin.py:188} INFO - [2024-06-07T07:56:45.525+0000] {dag.py:3954} INFO - Setting next_dagrun for example_subdag_operator.section-2 to None, run_after=None
[2024-06-07T07:56:45.624+0000] {logging_mixin.py:188} INFO - [2024-06-07T07:56:45.612+0000] {dag.py:3096} INFO - Sync 2 DAGs
[2024-06-07T07:56:45.690+0000] {logging_mixin.py:188} INFO - [2024-06-07T07:56:45.690+0000] {dag.py:3954} INFO - Setting next_dagrun for example_subdag_operator.section-1 to None, run_after=None
[2024-06-07T07:56:45.700+0000] {logging_mixin.py:188} INFO - [2024-06-07T07:56:45.699+0000] {dag.py:3954} INFO - Setting next_dagrun for example_subdag_operator.section-2 to None, run_after=None
[2024-06-07T07:56:45.929+0000] {processor.py:183} INFO - Processing /home/airflow/.local/lib/python3.12/site-packages/airflow/example_dags/example_subdag_operator.py took 1.745 seconds
[2024-06-07T07:57:24.644+0000] {processor.py:161} INFO - Started process (PID=304) to work on /home/airflow/.local/lib/python3.12/site-packages/airflow/example_dags/example_subdag_operator.py
[2024-06-07T07:57:24.657+0000] {processor.py:830} INFO - Processing file /home/airflow/.local/lib/python3.12/site-packages/airflow/example_dags/example_subdag_operator.py for tasks to queue
[2024-06-07T07:57:24.689+0000] {logging_mixin.py:188} INFO - [2024-06-07T07:57:24.688+0000] {dagbag.py:545} INFO - Filling up the DagBag from /home/airflow/.local/lib/python3.12/site-packages/airflow/example_dags/example_subdag_operator.py
[2024-06-07T07:57:24.835+0000] {processor.py:840} INFO - DAG(s) 'example_subdag_operator.section-1', 'example_subdag_operator.section-2', 'example_subdag_operator' retrieved from /home/airflow/.local/lib/python3.12/site-packages/airflow/example_dags/example_subdag_operator.py
[2024-06-07T07:57:25.096+0000] {logging_mixin.py:188} INFO - [2024-06-07T07:57:25.095+0000] {dag.py:3096} INFO - Sync 3 DAGs
[2024-06-07T07:57:25.290+0000] {logging_mixin.py:188} INFO - [2024-06-07T07:57:25.287+0000] {dag.py:3954} INFO - Setting next_dagrun for example_subdag_operator to 2022-01-01 00:00:00+00:00, run_after=2022-01-01 00:00:00+00:00
[2024-06-07T07:57:25.367+0000] {logging_mixin.py:188} INFO - [2024-06-07T07:57:25.366+0000] {dag.py:3954} INFO - Setting next_dagrun for example_subdag_operator.section-1 to None, run_after=None
[2024-06-07T07:57:25.373+0000] {logging_mixin.py:188} INFO - [2024-06-07T07:57:25.372+0000] {dag.py:3954} INFO - Setting next_dagrun for example_subdag_operator.section-2 to None, run_after=None
[2024-06-07T07:57:25.399+0000] {logging_mixin.py:188} INFO - [2024-06-07T07:57:25.399+0000] {dag.py:3096} INFO - Sync 2 DAGs
[2024-06-07T07:57:25.415+0000] {logging_mixin.py:188} INFO - [2024-06-07T07:57:25.415+0000] {dag.py:3954} INFO - Setting next_dagrun for example_subdag_operator.section-1 to None, run_after=None
[2024-06-07T07:57:25.422+0000] {logging_mixin.py:188} INFO - [2024-06-07T07:57:25.422+0000] {dag.py:3954} INFO - Setting next_dagrun for example_subdag_operator.section-2 to None, run_after=None
[2024-06-07T07:57:25.874+0000] {processor.py:183} INFO - Processing /home/airflow/.local/lib/python3.12/site-packages/airflow/example_dags/example_subdag_operator.py took 1.274 seconds
[2024-06-07T07:57:56.113+0000] {processor.py:161} INFO - Started process (PID=363) to work on /home/airflow/.local/lib/python3.12/site-packages/airflow/example_dags/example_subdag_operator.py
[2024-06-07T07:57:56.115+0000] {processor.py:830} INFO - Processing file /home/airflow/.local/lib/python3.12/site-packages/airflow/example_dags/example_subdag_operator.py for tasks to queue
[2024-06-07T07:57:56.120+0000] {logging_mixin.py:188} INFO - [2024-06-07T07:57:56.119+0000] {dagbag.py:545} INFO - Filling up the DagBag from /home/airflow/.local/lib/python3.12/site-packages/airflow/example_dags/example_subdag_operator.py
[2024-06-07T07:57:56.217+0000] {processor.py:840} INFO - DAG(s) 'example_subdag_operator.section-1', 'example_subdag_operator.section-2', 'example_subdag_operator' retrieved from /home/airflow/.local/lib/python3.12/site-packages/airflow/example_dags/example_subdag_operator.py
[2024-06-07T07:57:56.339+0000] {logging_mixin.py:188} INFO - [2024-06-07T07:57:56.328+0000] {dag.py:3096} INFO - Sync 3 DAGs
[2024-06-07T07:57:56.530+0000] {logging_mixin.py:188} INFO - [2024-06-07T07:57:56.530+0000] {dag.py:3954} INFO - Setting next_dagrun for example_subdag_operator to 2022-01-01 00:00:00+00:00, run_after=2022-01-01 00:00:00+00:00
[2024-06-07T07:57:56.547+0000] {logging_mixin.py:188} INFO - [2024-06-07T07:57:56.547+0000] {dag.py:3954} INFO - Setting next_dagrun for example_subdag_operator.section-1 to None, run_after=None
[2024-06-07T07:57:56.552+0000] {logging_mixin.py:188} INFO - [2024-06-07T07:57:56.551+0000] {dag.py:3954} INFO - Setting next_dagrun for example_subdag_operator.section-2 to None, run_after=None
[2024-06-07T07:57:56.590+0000] {logging_mixin.py:188} INFO - [2024-06-07T07:57:56.590+0000] {dag.py:3096} INFO - Sync 2 DAGs
[2024-06-07T07:57:56.637+0000] {logging_mixin.py:188} INFO - [2024-06-07T07:57:56.637+0000] {dag.py:3954} INFO - Setting next_dagrun for example_subdag_operator.section-1 to None, run_after=None
[2024-06-07T07:57:56.640+0000] {logging_mixin.py:188} INFO - [2024-06-07T07:57:56.639+0000] {dag.py:3954} INFO - Setting next_dagrun for example_subdag_operator.section-2 to None, run_after=None
[2024-06-07T07:57:56.816+0000] {processor.py:183} INFO - Processing /home/airflow/.local/lib/python3.12/site-packages/airflow/example_dags/example_subdag_operator.py took 0.719 seconds
[2024-06-07T07:58:27.513+0000] {processor.py:161} INFO - Started process (PID=420) to work on /home/airflow/.local/lib/python3.12/site-packages/airflow/example_dags/example_subdag_operator.py
[2024-06-07T07:58:27.530+0000] {processor.py:830} INFO - Processing file /home/airflow/.local/lib/python3.12/site-packages/airflow/example_dags/example_subdag_operator.py for tasks to queue
[2024-06-07T07:58:27.547+0000] {logging_mixin.py:188} INFO - [2024-06-07T07:58:27.546+0000] {dagbag.py:545} INFO - Filling up the DagBag from /home/airflow/.local/lib/python3.12/site-packages/airflow/example_dags/example_subdag_operator.py
[2024-06-07T07:58:27.955+0000] {processor.py:840} INFO - DAG(s) 'example_subdag_operator.section-1', 'example_subdag_operator.section-2', 'example_subdag_operator' retrieved from /home/airflow/.local/lib/python3.12/site-packages/airflow/example_dags/example_subdag_operator.py
[2024-06-07T07:58:28.014+0000] {logging_mixin.py:188} INFO - [2024-06-07T07:58:28.013+0000] {dag.py:3096} INFO - Sync 3 DAGs
[2024-06-07T07:58:28.514+0000] {logging_mixin.py:188} INFO - [2024-06-07T07:58:28.496+0000] {dag.py:3954} INFO - Setting next_dagrun for example_subdag_operator to 2022-01-01 00:00:00+00:00, run_after=2022-01-01 00:00:00+00:00
[2024-06-07T07:58:28.593+0000] {logging_mixin.py:188} INFO - [2024-06-07T07:58:28.593+0000] {dag.py:3954} INFO - Setting next_dagrun for example_subdag_operator.section-1 to None, run_after=None
[2024-06-07T07:58:28.603+0000] {logging_mixin.py:188} INFO - [2024-06-07T07:58:28.603+0000] {dag.py:3954} INFO - Setting next_dagrun for example_subdag_operator.section-2 to None, run_after=None
[2024-06-07T07:58:28.791+0000] {logging_mixin.py:188} INFO - [2024-06-07T07:58:28.777+0000] {dag.py:3096} INFO - Sync 2 DAGs
[2024-06-07T07:58:28.889+0000] {logging_mixin.py:188} INFO - [2024-06-07T07:58:28.889+0000] {dag.py:3954} INFO - Setting next_dagrun for example_subdag_operator.section-1 to None, run_after=None
[2024-06-07T07:58:28.905+0000] {logging_mixin.py:188} INFO - [2024-06-07T07:58:28.905+0000] {dag.py:3954} INFO - Setting next_dagrun for example_subdag_operator.section-2 to None, run_after=None
[2024-06-07T07:58:29.328+0000] {processor.py:183} INFO - Processing /home/airflow/.local/lib/python3.12/site-packages/airflow/example_dags/example_subdag_operator.py took 1.888 seconds
[2024-06-07T07:59:08.322+0000] {processor.py:161} INFO - Started process (PID=478) to work on /home/airflow/.local/lib/python3.12/site-packages/airflow/example_dags/example_subdag_operator.py
[2024-06-07T07:59:08.332+0000] {processor.py:830} INFO - Processing file /home/airflow/.local/lib/python3.12/site-packages/airflow/example_dags/example_subdag_operator.py for tasks to queue
[2024-06-07T07:59:08.337+0000] {logging_mixin.py:188} INFO - [2024-06-07T07:59:08.336+0000] {dagbag.py:545} INFO - Filling up the DagBag from /home/airflow/.local/lib/python3.12/site-packages/airflow/example_dags/example_subdag_operator.py
[2024-06-07T07:59:08.421+0000] {processor.py:840} INFO - DAG(s) 'example_subdag_operator.section-1', 'example_subdag_operator.section-2', 'example_subdag_operator' retrieved from /home/airflow/.local/lib/python3.12/site-packages/airflow/example_dags/example_subdag_operator.py
[2024-06-07T07:59:08.962+0000] {logging_mixin.py:188} INFO - [2024-06-07T07:59:08.961+0000] {dag.py:3096} INFO - Sync 3 DAGs
[2024-06-07T07:59:09.339+0000] {logging_mixin.py:188} INFO - [2024-06-07T07:59:09.338+0000] {dag.py:3954} INFO - Setting next_dagrun for example_subdag_operator to 2022-01-01 00:00:00+00:00, run_after=2022-01-01 00:00:00+00:00
[2024-06-07T07:59:09.369+0000] {logging_mixin.py:188} INFO - [2024-06-07T07:59:09.368+0000] {dag.py:3954} INFO - Setting next_dagrun for example_subdag_operator.section-1 to None, run_after=None
[2024-06-07T07:59:09.389+0000] {logging_mixin.py:188} INFO - [2024-06-07T07:59:09.388+0000] {dag.py:3954} INFO - Setting next_dagrun for example_subdag_operator.section-2 to None, run_after=None
[2024-06-07T07:59:09.466+0000] {logging_mixin.py:188} INFO - [2024-06-07T07:59:09.466+0000] {dag.py:3096} INFO - Sync 2 DAGs
[2024-06-07T07:59:09.488+0000] {logging_mixin.py:188} INFO - [2024-06-07T07:59:09.488+0000] {dag.py:3954} INFO - Setting next_dagrun for example_subdag_operator.section-1 to None, run_after=None
[2024-06-07T07:59:09.493+0000] {logging_mixin.py:188} INFO - [2024-06-07T07:59:09.492+0000] {dag.py:3954} INFO - Setting next_dagrun for example_subdag_operator.section-2 to None, run_after=None
[2024-06-07T07:59:09.699+0000] {processor.py:183} INFO - Processing /home/airflow/.local/lib/python3.12/site-packages/airflow/example_dags/example_subdag_operator.py took 1.398 seconds
[2024-06-07T07:59:40.675+0000] {processor.py:161} INFO - Started process (PID=536) to work on /home/airflow/.local/lib/python3.12/site-packages/airflow/example_dags/example_subdag_operator.py
[2024-06-07T07:59:40.694+0000] {processor.py:830} INFO - Processing file /home/airflow/.local/lib/python3.12/site-packages/airflow/example_dags/example_subdag_operator.py for tasks to queue
[2024-06-07T07:59:40.739+0000] {logging_mixin.py:188} INFO - [2024-06-07T07:59:40.737+0000] {dagbag.py:545} INFO - Filling up the DagBag from /home/airflow/.local/lib/python3.12/site-packages/airflow/example_dags/example_subdag_operator.py
[2024-06-07T07:59:41.153+0000] {processor.py:840} INFO - DAG(s) 'example_subdag_operator.section-1', 'example_subdag_operator.section-2', 'example_subdag_operator' retrieved from /home/airflow/.local/lib/python3.12/site-packages/airflow/example_dags/example_subdag_operator.py
[2024-06-07T07:59:41.343+0000] {logging_mixin.py:188} INFO - [2024-06-07T07:59:41.342+0000] {dag.py:3096} INFO - Sync 3 DAGs
[2024-06-07T07:59:41.613+0000] {logging_mixin.py:188} INFO - [2024-06-07T07:59:41.613+0000] {dag.py:3954} INFO - Setting next_dagrun for example_subdag_operator to 2022-01-01 00:00:00+00:00, run_after=2022-01-01 00:00:00+00:00
[2024-06-07T07:59:41.637+0000] {logging_mixin.py:188} INFO - [2024-06-07T07:59:41.637+0000] {dag.py:3954} INFO - Setting next_dagrun for example_subdag_operator.section-1 to None, run_after=None
[2024-06-07T07:59:41.642+0000] {logging_mixin.py:188} INFO - [2024-06-07T07:59:41.641+0000] {dag.py:3954} INFO - Setting next_dagrun for example_subdag_operator.section-2 to None, run_after=None
[2024-06-07T07:59:41.719+0000] {logging_mixin.py:188} INFO - [2024-06-07T07:59:41.719+0000] {dag.py:3096} INFO - Sync 2 DAGs
[2024-06-07T07:59:41.778+0000] {logging_mixin.py:188} INFO - [2024-06-07T07:59:41.778+0000] {dag.py:3954} INFO - Setting next_dagrun for example_subdag_operator.section-1 to None, run_after=None
[2024-06-07T07:59:41.793+0000] {logging_mixin.py:188} INFO - [2024-06-07T07:59:41.792+0000] {dag.py:3954} INFO - Setting next_dagrun for example_subdag_operator.section-2 to None, run_after=None
[2024-06-07T07:59:42.170+0000] {processor.py:183} INFO - Processing /home/airflow/.local/lib/python3.12/site-packages/airflow/example_dags/example_subdag_operator.py took 1.576 seconds
[2024-06-07T08:00:24.530+0000] {processor.py:161} INFO - Started process (PID=590) to work on /home/airflow/.local/lib/python3.12/site-packages/airflow/example_dags/example_subdag_operator.py
[2024-06-07T08:00:24.543+0000] {processor.py:830} INFO - Processing file /home/airflow/.local/lib/python3.12/site-packages/airflow/example_dags/example_subdag_operator.py for tasks to queue
[2024-06-07T08:00:24.560+0000] {logging_mixin.py:188} INFO - [2024-06-07T08:00:24.559+0000] {dagbag.py:545} INFO - Filling up the DagBag from /home/airflow/.local/lib/python3.12/site-packages/airflow/example_dags/example_subdag_operator.py
[2024-06-07T08:00:24.921+0000] {processor.py:840} INFO - DAG(s) 'example_subdag_operator.section-1', 'example_subdag_operator.section-2', 'example_subdag_operator' retrieved from /home/airflow/.local/lib/python3.12/site-packages/airflow/example_dags/example_subdag_operator.py
[2024-06-07T08:00:25.293+0000] {logging_mixin.py:188} INFO - [2024-06-07T08:00:25.292+0000] {dag.py:3096} INFO - Sync 3 DAGs
[2024-06-07T08:00:25.520+0000] {logging_mixin.py:188} INFO - [2024-06-07T08:00:25.519+0000] {dag.py:3954} INFO - Setting next_dagrun for example_subdag_operator to 2022-01-01 00:00:00+00:00, run_after=2022-01-01 00:00:00+00:00
[2024-06-07T08:00:25.618+0000] {logging_mixin.py:188} INFO - [2024-06-07T08:00:25.617+0000] {dag.py:3954} INFO - Setting next_dagrun for example_subdag_operator.section-1 to None, run_after=None
[2024-06-07T08:00:25.683+0000] {logging_mixin.py:188} INFO - [2024-06-07T08:00:25.682+0000] {dag.py:3954} INFO - Setting next_dagrun for example_subdag_operator.section-2 to None, run_after=None
[2024-06-07T08:00:25.750+0000] {logging_mixin.py:188} INFO - [2024-06-07T08:00:25.750+0000] {dag.py:3096} INFO - Sync 2 DAGs
[2024-06-07T08:00:25.844+0000] {logging_mixin.py:188} INFO - [2024-06-07T08:00:25.843+0000] {dag.py:3954} INFO - Setting next_dagrun for example_subdag_operator.section-1 to None, run_after=None
[2024-06-07T08:00:25.853+0000] {logging_mixin.py:188} INFO - [2024-06-07T08:00:25.852+0000] {dag.py:3954} INFO - Setting next_dagrun for example_subdag_operator.section-2 to None, run_after=None
[2024-06-07T08:00:25.986+0000] {processor.py:183} INFO - Processing /home/airflow/.local/lib/python3.12/site-packages/airflow/example_dags/example_subdag_operator.py took 1.515 seconds
[2024-06-07T08:01:05.501+0000] {processor.py:161} INFO - Started process (PID=643) to work on /home/airflow/.local/lib/python3.12/site-packages/airflow/example_dags/example_subdag_operator.py
[2024-06-07T08:01:05.503+0000] {processor.py:830} INFO - Processing file /home/airflow/.local/lib/python3.12/site-packages/airflow/example_dags/example_subdag_operator.py for tasks to queue
[2024-06-07T08:01:05.507+0000] {logging_mixin.py:188} INFO - [2024-06-07T08:01:05.506+0000] {dagbag.py:545} INFO - Filling up the DagBag from /home/airflow/.local/lib/python3.12/site-packages/airflow/example_dags/example_subdag_operator.py
[2024-06-07T08:01:05.557+0000] {processor.py:840} INFO - DAG(s) 'example_subdag_operator.section-1', 'example_subdag_operator.section-2', 'example_subdag_operator' retrieved from /home/airflow/.local/lib/python3.12/site-packages/airflow/example_dags/example_subdag_operator.py
[2024-06-07T08:01:05.603+0000] {logging_mixin.py:188} INFO - [2024-06-07T08:01:05.600+0000] {dag.py:3096} INFO - Sync 3 DAGs
[2024-06-07T08:01:05.668+0000] {logging_mixin.py:188} INFO - [2024-06-07T08:01:05.667+0000] {dag.py:3954} INFO - Setting next_dagrun for example_subdag_operator to 2022-01-01 00:00:00+00:00, run_after=2022-01-01 00:00:00+00:00
[2024-06-07T08:01:05.679+0000] {logging_mixin.py:188} INFO - [2024-06-07T08:01:05.679+0000] {dag.py:3954} INFO - Setting next_dagrun for example_subdag_operator.section-1 to None, run_after=None
[2024-06-07T08:01:05.686+0000] {logging_mixin.py:188} INFO - [2024-06-07T08:01:05.685+0000] {dag.py:3954} INFO - Setting next_dagrun for example_subdag_operator.section-2 to None, run_after=None
[2024-06-07T08:01:05.713+0000] {logging_mixin.py:188} INFO - [2024-06-07T08:01:05.712+0000] {dag.py:3096} INFO - Sync 2 DAGs
[2024-06-07T08:01:05.769+0000] {logging_mixin.py:188} INFO - [2024-06-07T08:01:05.767+0000] {dag.py:3954} INFO - Setting next_dagrun for example_subdag_operator.section-1 to None, run_after=None
[2024-06-07T08:01:05.772+0000] {logging_mixin.py:188} INFO - [2024-06-07T08:01:05.771+0000] {dag.py:3954} INFO - Setting next_dagrun for example_subdag_operator.section-2 to None, run_after=None
[2024-06-07T08:01:06.009+0000] {processor.py:183} INFO - Processing /home/airflow/.local/lib/python3.12/site-packages/airflow/example_dags/example_subdag_operator.py took 0.516 seconds
[2024-06-07T08:01:43.569+0000] {processor.py:161} INFO - Started process (PID=698) to work on /home/airflow/.local/lib/python3.12/site-packages/airflow/example_dags/example_subdag_operator.py
[2024-06-07T08:01:43.584+0000] {processor.py:830} INFO - Processing file /home/airflow/.local/lib/python3.12/site-packages/airflow/example_dags/example_subdag_operator.py for tasks to queue
[2024-06-07T08:01:43.602+0000] {logging_mixin.py:188} INFO - [2024-06-07T08:01:43.601+0000] {dagbag.py:545} INFO - Filling up the DagBag from /home/airflow/.local/lib/python3.12/site-packages/airflow/example_dags/example_subdag_operator.py
[2024-06-07T08:01:43.994+0000] {processor.py:840} INFO - DAG(s) 'example_subdag_operator.section-1', 'example_subdag_operator.section-2', 'example_subdag_operator' retrieved from /home/airflow/.local/lib/python3.12/site-packages/airflow/example_dags/example_subdag_operator.py
[2024-06-07T08:01:44.091+0000] {logging_mixin.py:188} INFO - [2024-06-07T08:01:44.090+0000] {dag.py:3096} INFO - Sync 3 DAGs
[2024-06-07T08:01:44.543+0000] {logging_mixin.py:188} INFO - [2024-06-07T08:01:44.542+0000] {dag.py:3954} INFO - Setting next_dagrun for example_subdag_operator to 2022-01-01 00:00:00+00:00, run_after=2022-01-01 00:00:00+00:00
[2024-06-07T08:01:44.593+0000] {logging_mixin.py:188} INFO - [2024-06-07T08:01:44.593+0000] {dag.py:3954} INFO - Setting next_dagrun for example_subdag_operator.section-1 to None, run_after=None
[2024-06-07T08:01:44.626+0000] {logging_mixin.py:188} INFO - [2024-06-07T08:01:44.626+0000] {dag.py:3954} INFO - Setting next_dagrun for example_subdag_operator.section-2 to None, run_after=None
[2024-06-07T08:01:44.772+0000] {logging_mixin.py:188} INFO - [2024-06-07T08:01:44.770+0000] {dag.py:3096} INFO - Sync 2 DAGs
[2024-06-07T08:01:44.818+0000] {logging_mixin.py:188} INFO - [2024-06-07T08:01:44.816+0000] {dag.py:3954} INFO - Setting next_dagrun for example_subdag_operator.section-1 to None, run_after=None
[2024-06-07T08:01:44.822+0000] {logging_mixin.py:188} INFO - [2024-06-07T08:01:44.821+0000] {dag.py:3954} INFO - Setting next_dagrun for example_subdag_operator.section-2 to None, run_after=None
[2024-06-07T08:01:45.044+0000] {processor.py:183} INFO - Processing /home/airflow/.local/lib/python3.12/site-packages/airflow/example_dags/example_subdag_operator.py took 1.547 seconds
[2024-06-07T08:02:41.848+0000] {processor.py:161} INFO - Started process (PID=759) to work on /home/airflow/.local/lib/python3.12/site-packages/airflow/example_dags/example_subdag_operator.py
[2024-06-07T08:02:41.854+0000] {processor.py:830} INFO - Processing file /home/airflow/.local/lib/python3.12/site-packages/airflow/example_dags/example_subdag_operator.py for tasks to queue
[2024-06-07T08:02:41.859+0000] {logging_mixin.py:188} INFO - [2024-06-07T08:02:41.858+0000] {dagbag.py:545} INFO - Filling up the DagBag from /home/airflow/.local/lib/python3.12/site-packages/airflow/example_dags/example_subdag_operator.py
[2024-06-07T08:02:42.135+0000] {processor.py:840} INFO - DAG(s) 'example_subdag_operator.section-1', 'example_subdag_operator.section-2', 'example_subdag_operator' retrieved from /home/airflow/.local/lib/python3.12/site-packages/airflow/example_dags/example_subdag_operator.py
[2024-06-07T08:02:43.009+0000] {logging_mixin.py:188} INFO - [2024-06-07T08:02:43.009+0000] {dag.py:3096} INFO - Sync 3 DAGs
[2024-06-07T08:02:43.159+0000] {logging_mixin.py:188} INFO - [2024-06-07T08:02:43.158+0000] {dag.py:3954} INFO - Setting next_dagrun for example_subdag_operator to 2022-01-01 00:00:00+00:00, run_after=2022-01-01 00:00:00+00:00
[2024-06-07T08:02:43.174+0000] {logging_mixin.py:188} INFO - [2024-06-07T08:02:43.174+0000] {dag.py:3954} INFO - Setting next_dagrun for example_subdag_operator.section-1 to None, run_after=None
[2024-06-07T08:02:43.180+0000] {logging_mixin.py:188} INFO - [2024-06-07T08:02:43.180+0000] {dag.py:3954} INFO - Setting next_dagrun for example_subdag_operator.section-2 to None, run_after=None
[2024-06-07T08:02:43.251+0000] {logging_mixin.py:188} INFO - [2024-06-07T08:02:43.250+0000] {dag.py:3096} INFO - Sync 2 DAGs
[2024-06-07T08:02:43.312+0000] {logging_mixin.py:188} INFO - [2024-06-07T08:02:43.311+0000] {dag.py:3954} INFO - Setting next_dagrun for example_subdag_operator.section-1 to None, run_after=None
[2024-06-07T08:02:43.315+0000] {logging_mixin.py:188} INFO - [2024-06-07T08:02:43.315+0000] {dag.py:3954} INFO - Setting next_dagrun for example_subdag_operator.section-2 to None, run_after=None
[2024-06-07T08:02:43.441+0000] {processor.py:183} INFO - Processing /home/airflow/.local/lib/python3.12/site-packages/airflow/example_dags/example_subdag_operator.py took 1.711 seconds
[2024-06-07T08:03:14.376+0000] {processor.py:161} INFO - Started process (PID=819) to work on /home/airflow/.local/lib/python3.12/site-packages/airflow/example_dags/example_subdag_operator.py
[2024-06-07T08:03:14.378+0000] {processor.py:830} INFO - Processing file /home/airflow/.local/lib/python3.12/site-packages/airflow/example_dags/example_subdag_operator.py for tasks to queue
[2024-06-07T08:03:14.383+0000] {logging_mixin.py:188} INFO - [2024-06-07T08:03:14.382+0000] {dagbag.py:545} INFO - Filling up the DagBag from /home/airflow/.local/lib/python3.12/site-packages/airflow/example_dags/example_subdag_operator.py
[2024-06-07T08:03:14.550+0000] {processor.py:840} INFO - DAG(s) 'example_subdag_operator.section-1', 'example_subdag_operator.section-2', 'example_subdag_operator' retrieved from /home/airflow/.local/lib/python3.12/site-packages/airflow/example_dags/example_subdag_operator.py
[2024-06-07T08:03:14.611+0000] {logging_mixin.py:188} INFO - [2024-06-07T08:03:14.610+0000] {dag.py:3096} INFO - Sync 3 DAGs
[2024-06-07T08:03:14.793+0000] {logging_mixin.py:188} INFO - [2024-06-07T08:03:14.792+0000] {dag.py:3954} INFO - Setting next_dagrun for example_subdag_operator to 2022-01-01 00:00:00+00:00, run_after=2022-01-01 00:00:00+00:00
[2024-06-07T08:03:14.800+0000] {logging_mixin.py:188} INFO - [2024-06-07T08:03:14.800+0000] {dag.py:3954} INFO - Setting next_dagrun for example_subdag_operator.section-1 to None, run_after=None
[2024-06-07T08:03:14.803+0000] {logging_mixin.py:188} INFO - [2024-06-07T08:03:14.803+0000] {dag.py:3954} INFO - Setting next_dagrun for example_subdag_operator.section-2 to None, run_after=None
[2024-06-07T08:03:14.817+0000] {logging_mixin.py:188} INFO - [2024-06-07T08:03:14.816+0000] {dag.py:3096} INFO - Sync 2 DAGs
[2024-06-07T08:03:14.827+0000] {logging_mixin.py:188} INFO - [2024-06-07T08:03:14.826+0000] {dag.py:3954} INFO - Setting next_dagrun for example_subdag_operator.section-1 to None, run_after=None
[2024-06-07T08:03:14.828+0000] {logging_mixin.py:188} INFO - [2024-06-07T08:03:14.828+0000] {dag.py:3954} INFO - Setting next_dagrun for example_subdag_operator.section-2 to None, run_after=None
[2024-06-07T08:03:14.954+0000] {processor.py:183} INFO - Processing /home/airflow/.local/lib/python3.12/site-packages/airflow/example_dags/example_subdag_operator.py took 0.597 seconds
[2024-06-07T08:03:45.517+0000] {processor.py:161} INFO - Started process (PID=877) to work on /home/airflow/.local/lib/python3.12/site-packages/airflow/example_dags/example_subdag_operator.py
[2024-06-07T08:03:45.519+0000] {processor.py:830} INFO - Processing file /home/airflow/.local/lib/python3.12/site-packages/airflow/example_dags/example_subdag_operator.py for tasks to queue
[2024-06-07T08:03:45.524+0000] {logging_mixin.py:188} INFO - [2024-06-07T08:03:45.523+0000] {dagbag.py:545} INFO - Filling up the DagBag from /home/airflow/.local/lib/python3.12/site-packages/airflow/example_dags/example_subdag_operator.py
[2024-06-07T08:03:45.580+0000] {processor.py:840} INFO - DAG(s) 'example_subdag_operator.section-1', 'example_subdag_operator.section-2', 'example_subdag_operator' retrieved from /home/airflow/.local/lib/python3.12/site-packages/airflow/example_dags/example_subdag_operator.py
[2024-06-07T08:03:45.644+0000] {logging_mixin.py:188} INFO - [2024-06-07T08:03:45.643+0000] {dag.py:3096} INFO - Sync 3 DAGs
[2024-06-07T08:03:45.824+0000] {logging_mixin.py:188} INFO - [2024-06-07T08:03:45.823+0000] {dag.py:3954} INFO - Setting next_dagrun for example_subdag_operator to 2022-01-01 00:00:00+00:00, run_after=2022-01-01 00:00:00+00:00
[2024-06-07T08:03:45.850+0000] {logging_mixin.py:188} INFO - [2024-06-07T08:03:45.849+0000] {dag.py:3954} INFO - Setting next_dagrun for example_subdag_operator.section-1 to None, run_after=None
[2024-06-07T08:03:45.854+0000] {logging_mixin.py:188} INFO - [2024-06-07T08:03:45.853+0000] {dag.py:3954} INFO - Setting next_dagrun for example_subdag_operator.section-2 to None, run_after=None
[2024-06-07T08:03:45.918+0000] {logging_mixin.py:188} INFO - [2024-06-07T08:03:45.917+0000] {dag.py:3096} INFO - Sync 2 DAGs
[2024-06-07T08:03:45.936+0000] {logging_mixin.py:188} INFO - [2024-06-07T08:03:45.936+0000] {dag.py:3954} INFO - Setting next_dagrun for example_subdag_operator.section-1 to None, run_after=None
[2024-06-07T08:03:45.938+0000] {logging_mixin.py:188} INFO - [2024-06-07T08:03:45.938+0000] {dag.py:3954} INFO - Setting next_dagrun for example_subdag_operator.section-2 to None, run_after=None
[2024-06-07T08:03:45.998+0000] {processor.py:183} INFO - Processing /home/airflow/.local/lib/python3.12/site-packages/airflow/example_dags/example_subdag_operator.py took 0.495 seconds
[2024-06-07T08:04:16.263+0000] {processor.py:161} INFO - Started process (PID=936) to work on /home/airflow/.local/lib/python3.12/site-packages/airflow/example_dags/example_subdag_operator.py
[2024-06-07T08:04:16.265+0000] {processor.py:830} INFO - Processing file /home/airflow/.local/lib/python3.12/site-packages/airflow/example_dags/example_subdag_operator.py for tasks to queue
[2024-06-07T08:04:16.268+0000] {logging_mixin.py:188} INFO - [2024-06-07T08:04:16.268+0000] {dagbag.py:545} INFO - Filling up the DagBag from /home/airflow/.local/lib/python3.12/site-packages/airflow/example_dags/example_subdag_operator.py
[2024-06-07T08:04:16.330+0000] {processor.py:840} INFO - DAG(s) 'example_subdag_operator.section-1', 'example_subdag_operator.section-2', 'example_subdag_operator' retrieved from /home/airflow/.local/lib/python3.12/site-packages/airflow/example_dags/example_subdag_operator.py
[2024-06-07T08:04:16.402+0000] {logging_mixin.py:188} INFO - [2024-06-07T08:04:16.402+0000] {dag.py:3096} INFO - Sync 3 DAGs
[2024-06-07T08:04:16.478+0000] {logging_mixin.py:188} INFO - [2024-06-07T08:04:16.477+0000] {dag.py:3954} INFO - Setting next_dagrun for example_subdag_operator to 2022-01-01 00:00:00+00:00, run_after=2022-01-01 00:00:00+00:00
[2024-06-07T08:04:16.490+0000] {logging_mixin.py:188} INFO - [2024-06-07T08:04:16.490+0000] {dag.py:3954} INFO - Setting next_dagrun for example_subdag_operator.section-1 to None, run_after=None
[2024-06-07T08:04:16.495+0000] {logging_mixin.py:188} INFO - [2024-06-07T08:04:16.494+0000] {dag.py:3954} INFO - Setting next_dagrun for example_subdag_operator.section-2 to None, run_after=None
[2024-06-07T08:04:16.514+0000] {logging_mixin.py:188} INFO - [2024-06-07T08:04:16.513+0000] {dag.py:3096} INFO - Sync 2 DAGs
[2024-06-07T08:04:16.535+0000] {logging_mixin.py:188} INFO - [2024-06-07T08:04:16.535+0000] {dag.py:3954} INFO - Setting next_dagrun for example_subdag_operator.section-1 to None, run_after=None
[2024-06-07T08:04:16.538+0000] {logging_mixin.py:188} INFO - [2024-06-07T08:04:16.538+0000] {dag.py:3954} INFO - Setting next_dagrun for example_subdag_operator.section-2 to None, run_after=None
[2024-06-07T08:04:16.612+0000] {processor.py:183} INFO - Processing /home/airflow/.local/lib/python3.12/site-packages/airflow/example_dags/example_subdag_operator.py took 0.360 seconds
[2024-06-07T08:04:46.979+0000] {processor.py:161} INFO - Started process (PID=993) to work on /home/airflow/.local/lib/python3.12/site-packages/airflow/example_dags/example_subdag_operator.py
[2024-06-07T08:04:46.982+0000] {processor.py:830} INFO - Processing file /home/airflow/.local/lib/python3.12/site-packages/airflow/example_dags/example_subdag_operator.py for tasks to queue
[2024-06-07T08:04:46.991+0000] {logging_mixin.py:188} INFO - [2024-06-07T08:04:46.990+0000] {dagbag.py:545} INFO - Filling up the DagBag from /home/airflow/.local/lib/python3.12/site-packages/airflow/example_dags/example_subdag_operator.py
[2024-06-07T08:04:47.048+0000] {processor.py:840} INFO - DAG(s) 'example_subdag_operator.section-1', 'example_subdag_operator.section-2', 'example_subdag_operator' retrieved from /home/airflow/.local/lib/python3.12/site-packages/airflow/example_dags/example_subdag_operator.py
[2024-06-07T08:04:47.083+0000] {logging_mixin.py:188} INFO - [2024-06-07T08:04:47.082+0000] {dag.py:3096} INFO - Sync 3 DAGs
[2024-06-07T08:04:47.134+0000] {logging_mixin.py:188} INFO - [2024-06-07T08:04:47.133+0000] {dag.py:3954} INFO - Setting next_dagrun for example_subdag_operator to 2022-01-01 00:00:00+00:00, run_after=2022-01-01 00:00:00+00:00
[2024-06-07T08:04:47.142+0000] {logging_mixin.py:188} INFO - [2024-06-07T08:04:47.140+0000] {dag.py:3954} INFO - Setting next_dagrun for example_subdag_operator.section-1 to None, run_after=None
[2024-06-07T08:04:47.148+0000] {logging_mixin.py:188} INFO - [2024-06-07T08:04:47.147+0000] {dag.py:3954} INFO - Setting next_dagrun for example_subdag_operator.section-2 to None, run_after=None
[2024-06-07T08:04:47.169+0000] {logging_mixin.py:188} INFO - [2024-06-07T08:04:47.168+0000] {dag.py:3096} INFO - Sync 2 DAGs
[2024-06-07T08:04:47.195+0000] {logging_mixin.py:188} INFO - [2024-06-07T08:04:47.194+0000] {dag.py:3954} INFO - Setting next_dagrun for example_subdag_operator.section-1 to None, run_after=None
[2024-06-07T08:04:47.196+0000] {logging_mixin.py:188} INFO - [2024-06-07T08:04:47.196+0000] {dag.py:3954} INFO - Setting next_dagrun for example_subdag_operator.section-2 to None, run_after=None
[2024-06-07T08:04:47.272+0000] {processor.py:183} INFO - Processing /home/airflow/.local/lib/python3.12/site-packages/airflow/example_dags/example_subdag_operator.py took 0.308 seconds
[2024-06-07T08:05:18.814+0000] {processor.py:161} INFO - Started process (PID=1051) to work on /home/airflow/.local/lib/python3.12/site-packages/airflow/example_dags/example_subdag_operator.py
[2024-06-07T08:05:18.816+0000] {processor.py:830} INFO - Processing file /home/airflow/.local/lib/python3.12/site-packages/airflow/example_dags/example_subdag_operator.py for tasks to queue
[2024-06-07T08:05:18.823+0000] {logging_mixin.py:188} INFO - [2024-06-07T08:05:18.822+0000] {dagbag.py:545} INFO - Filling up the DagBag from /home/airflow/.local/lib/python3.12/site-packages/airflow/example_dags/example_subdag_operator.py
[2024-06-07T08:05:18.883+0000] {processor.py:840} INFO - DAG(s) 'example_subdag_operator.section-1', 'example_subdag_operator.section-2', 'example_subdag_operator' retrieved from /home/airflow/.local/lib/python3.12/site-packages/airflow/example_dags/example_subdag_operator.py
[2024-06-07T08:05:18.931+0000] {logging_mixin.py:188} INFO - [2024-06-07T08:05:18.931+0000] {dag.py:3096} INFO - Sync 3 DAGs
[2024-06-07T08:05:18.988+0000] {logging_mixin.py:188} INFO - [2024-06-07T08:05:18.988+0000] {dag.py:3954} INFO - Setting next_dagrun for example_subdag_operator to 2022-01-01 00:00:00+00:00, run_after=2022-01-01 00:00:00+00:00
[2024-06-07T08:05:18.997+0000] {logging_mixin.py:188} INFO - [2024-06-07T08:05:18.997+0000] {dag.py:3954} INFO - Setting next_dagrun for example_subdag_operator.section-1 to None, run_after=None
[2024-06-07T08:05:19.002+0000] {logging_mixin.py:188} INFO - [2024-06-07T08:05:19.001+0000] {dag.py:3954} INFO - Setting next_dagrun for example_subdag_operator.section-2 to None, run_after=None
[2024-06-07T08:05:19.019+0000] {logging_mixin.py:188} INFO - [2024-06-07T08:05:19.018+0000] {dag.py:3096} INFO - Sync 2 DAGs
[2024-06-07T08:05:19.037+0000] {logging_mixin.py:188} INFO - [2024-06-07T08:05:19.036+0000] {dag.py:3954} INFO - Setting next_dagrun for example_subdag_operator.section-1 to None, run_after=None
[2024-06-07T08:05:19.041+0000] {logging_mixin.py:188} INFO - [2024-06-07T08:05:19.040+0000] {dag.py:3954} INFO - Setting next_dagrun for example_subdag_operator.section-2 to None, run_after=None
[2024-06-07T08:05:19.194+0000] {processor.py:183} INFO - Processing /home/airflow/.local/lib/python3.12/site-packages/airflow/example_dags/example_subdag_operator.py took 0.396 seconds
[2024-06-07T08:05:51.038+0000] {processor.py:161} INFO - Started process (PID=1109) to work on /home/airflow/.local/lib/python3.12/site-packages/airflow/example_dags/example_subdag_operator.py
[2024-06-07T08:05:51.041+0000] {processor.py:830} INFO - Processing file /home/airflow/.local/lib/python3.12/site-packages/airflow/example_dags/example_subdag_operator.py for tasks to queue
[2024-06-07T08:05:51.050+0000] {logging_mixin.py:188} INFO - [2024-06-07T08:05:51.049+0000] {dagbag.py:545} INFO - Filling up the DagBag from /home/airflow/.local/lib/python3.12/site-packages/airflow/example_dags/example_subdag_operator.py
[2024-06-07T08:05:51.159+0000] {processor.py:840} INFO - DAG(s) 'example_subdag_operator.section-1', 'example_subdag_operator.section-2', 'example_subdag_operator' retrieved from /home/airflow/.local/lib/python3.12/site-packages/airflow/example_dags/example_subdag_operator.py
[2024-06-07T08:05:51.269+0000] {logging_mixin.py:188} INFO - [2024-06-07T08:05:51.268+0000] {dag.py:3096} INFO - Sync 3 DAGs
[2024-06-07T08:05:51.415+0000] {logging_mixin.py:188} INFO - [2024-06-07T08:05:51.415+0000] {dag.py:3954} INFO - Setting next_dagrun for example_subdag_operator to 2022-01-01 00:00:00+00:00, run_after=2022-01-01 00:00:00+00:00
[2024-06-07T08:05:51.450+0000] {logging_mixin.py:188} INFO - [2024-06-07T08:05:51.449+0000] {dag.py:3954} INFO - Setting next_dagrun for example_subdag_operator.section-1 to None, run_after=None
[2024-06-07T08:05:51.472+0000] {logging_mixin.py:188} INFO - [2024-06-07T08:05:51.467+0000] {dag.py:3954} INFO - Setting next_dagrun for example_subdag_operator.section-2 to None, run_after=None
[2024-06-07T08:05:51.514+0000] {logging_mixin.py:188} INFO - [2024-06-07T08:05:51.513+0000] {dag.py:3096} INFO - Sync 2 DAGs
[2024-06-07T08:05:51.546+0000] {logging_mixin.py:188} INFO - [2024-06-07T08:05:51.541+0000] {dag.py:3954} INFO - Setting next_dagrun for example_subdag_operator.section-1 to None, run_after=None
[2024-06-07T08:05:51.549+0000] {logging_mixin.py:188} INFO - [2024-06-07T08:05:51.549+0000] {dag.py:3954} INFO - Setting next_dagrun for example_subdag_operator.section-2 to None, run_after=None
[2024-06-07T08:05:51.666+0000] {processor.py:183} INFO - Processing /home/airflow/.local/lib/python3.12/site-packages/airflow/example_dags/example_subdag_operator.py took 0.651 seconds
[2024-06-07T08:06:22.871+0000] {processor.py:161} INFO - Started process (PID=1177) to work on /home/airflow/.local/lib/python3.12/site-packages/airflow/example_dags/example_subdag_operator.py
[2024-06-07T08:06:22.873+0000] {processor.py:830} INFO - Processing file /home/airflow/.local/lib/python3.12/site-packages/airflow/example_dags/example_subdag_operator.py for tasks to queue
[2024-06-07T08:06:22.877+0000] {logging_mixin.py:188} INFO - [2024-06-07T08:06:22.876+0000] {dagbag.py:545} INFO - Filling up the DagBag from /home/airflow/.local/lib/python3.12/site-packages/airflow/example_dags/example_subdag_operator.py
[2024-06-07T08:06:22.932+0000] {processor.py:840} INFO - DAG(s) 'example_subdag_operator.section-1', 'example_subdag_operator.section-2', 'example_subdag_operator' retrieved from /home/airflow/.local/lib/python3.12/site-packages/airflow/example_dags/example_subdag_operator.py
[2024-06-07T08:06:22.975+0000] {logging_mixin.py:188} INFO - [2024-06-07T08:06:22.974+0000] {dag.py:3096} INFO - Sync 3 DAGs
[2024-06-07T08:06:23.030+0000] {logging_mixin.py:188} INFO - [2024-06-07T08:06:23.030+0000] {dag.py:3954} INFO - Setting next_dagrun for example_subdag_operator to 2022-01-01 00:00:00+00:00, run_after=2022-01-01 00:00:00+00:00
[2024-06-07T08:06:23.040+0000] {logging_mixin.py:188} INFO - [2024-06-07T08:06:23.039+0000] {dag.py:3954} INFO - Setting next_dagrun for example_subdag_operator.section-1 to None, run_after=None
[2024-06-07T08:06:23.046+0000] {logging_mixin.py:188} INFO - [2024-06-07T08:06:23.046+0000] {dag.py:3954} INFO - Setting next_dagrun for example_subdag_operator.section-2 to None, run_after=None
[2024-06-07T08:06:23.073+0000] {logging_mixin.py:188} INFO - [2024-06-07T08:06:23.073+0000] {dag.py:3096} INFO - Sync 2 DAGs
[2024-06-07T08:06:23.089+0000] {logging_mixin.py:188} INFO - [2024-06-07T08:06:23.088+0000] {dag.py:3954} INFO - Setting next_dagrun for example_subdag_operator.section-1 to None, run_after=None
[2024-06-07T08:06:23.091+0000] {logging_mixin.py:188} INFO - [2024-06-07T08:06:23.090+0000] {dag.py:3954} INFO - Setting next_dagrun for example_subdag_operator.section-2 to None, run_after=None
[2024-06-07T08:06:23.369+0000] {processor.py:183} INFO - Processing /home/airflow/.local/lib/python3.12/site-packages/airflow/example_dags/example_subdag_operator.py took 0.518 seconds
[2024-06-07T08:07:20.858+0000] {processor.py:161} INFO - Started process (PID=1238) to work on /home/airflow/.local/lib/python3.12/site-packages/airflow/example_dags/example_subdag_operator.py
[2024-06-07T08:07:20.860+0000] {processor.py:830} INFO - Processing file /home/airflow/.local/lib/python3.12/site-packages/airflow/example_dags/example_subdag_operator.py for tasks to queue
[2024-06-07T08:07:20.866+0000] {logging_mixin.py:188} INFO - [2024-06-07T08:07:20.865+0000] {dagbag.py:545} INFO - Filling up the DagBag from /home/airflow/.local/lib/python3.12/site-packages/airflow/example_dags/example_subdag_operator.py
[2024-06-07T08:07:20.925+0000] {processor.py:840} INFO - DAG(s) 'example_subdag_operator.section-1', 'example_subdag_operator.section-2', 'example_subdag_operator' retrieved from /home/airflow/.local/lib/python3.12/site-packages/airflow/example_dags/example_subdag_operator.py
[2024-06-07T08:07:20.961+0000] {logging_mixin.py:188} INFO - [2024-06-07T08:07:20.960+0000] {dag.py:3096} INFO - Sync 3 DAGs
[2024-06-07T08:07:21.104+0000] {logging_mixin.py:188} INFO - [2024-06-07T08:07:21.104+0000] {dag.py:3954} INFO - Setting next_dagrun for example_subdag_operator to 2022-01-01 00:00:00+00:00, run_after=2022-01-01 00:00:00+00:00
[2024-06-07T08:07:21.116+0000] {logging_mixin.py:188} INFO - [2024-06-07T08:07:21.115+0000] {dag.py:3954} INFO - Setting next_dagrun for example_subdag_operator.section-1 to None, run_after=None
[2024-06-07T08:07:21.120+0000] {logging_mixin.py:188} INFO - [2024-06-07T08:07:21.119+0000] {dag.py:3954} INFO - Setting next_dagrun for example_subdag_operator.section-2 to None, run_after=None
[2024-06-07T08:07:21.142+0000] {logging_mixin.py:188} INFO - [2024-06-07T08:07:21.141+0000] {dag.py:3096} INFO - Sync 2 DAGs
[2024-06-07T08:07:21.179+0000] {logging_mixin.py:188} INFO - [2024-06-07T08:07:21.178+0000] {dag.py:3954} INFO - Setting next_dagrun for example_subdag_operator.section-1 to None, run_after=None
[2024-06-07T08:07:21.183+0000] {logging_mixin.py:188} INFO - [2024-06-07T08:07:21.183+0000] {dag.py:3954} INFO - Setting next_dagrun for example_subdag_operator.section-2 to None, run_after=None
[2024-06-07T08:07:21.828+0000] {processor.py:183} INFO - Processing /home/airflow/.local/lib/python3.12/site-packages/airflow/example_dags/example_subdag_operator.py took 0.984 seconds
[2024-06-07T08:08:07.805+0000] {processor.py:161} INFO - Started process (PID=1301) to work on /home/airflow/.local/lib/python3.12/site-packages/airflow/example_dags/example_subdag_operator.py
[2024-06-07T08:08:07.827+0000] {processor.py:830} INFO - Processing file /home/airflow/.local/lib/python3.12/site-packages/airflow/example_dags/example_subdag_operator.py for tasks to queue
[2024-06-07T08:08:07.847+0000] {logging_mixin.py:188} INFO - [2024-06-07T08:08:07.846+0000] {dagbag.py:545} INFO - Filling up the DagBag from /home/airflow/.local/lib/python3.12/site-packages/airflow/example_dags/example_subdag_operator.py
[2024-06-07T08:08:08.062+0000] {processor.py:840} INFO - DAG(s) 'example_subdag_operator.section-1', 'example_subdag_operator.section-2', 'example_subdag_operator' retrieved from /home/airflow/.local/lib/python3.12/site-packages/airflow/example_dags/example_subdag_operator.py
[2024-06-07T08:08:08.214+0000] {logging_mixin.py:188} INFO - [2024-06-07T08:08:08.214+0000] {dag.py:3096} INFO - Sync 3 DAGs
[2024-06-07T08:08:08.327+0000] {logging_mixin.py:188} INFO - [2024-06-07T08:08:08.327+0000] {dag.py:3954} INFO - Setting next_dagrun for example_subdag_operator to 2022-01-01 00:00:00+00:00, run_after=2022-01-01 00:00:00+00:00
[2024-06-07T08:08:08.343+0000] {logging_mixin.py:188} INFO - [2024-06-07T08:08:08.343+0000] {dag.py:3954} INFO - Setting next_dagrun for example_subdag_operator.section-1 to None, run_after=None
[2024-06-07T08:08:08.380+0000] {logging_mixin.py:188} INFO - [2024-06-07T08:08:08.374+0000] {dag.py:3954} INFO - Setting next_dagrun for example_subdag_operator.section-2 to None, run_after=None
[2024-06-07T08:08:08.404+0000] {logging_mixin.py:188} INFO - [2024-06-07T08:08:08.402+0000] {dag.py:3096} INFO - Sync 2 DAGs
[2024-06-07T08:08:08.424+0000] {logging_mixin.py:188} INFO - [2024-06-07T08:08:08.423+0000] {dag.py:3954} INFO - Setting next_dagrun for example_subdag_operator.section-1 to None, run_after=None
[2024-06-07T08:08:08.426+0000] {logging_mixin.py:188} INFO - [2024-06-07T08:08:08.425+0000] {dag.py:3954} INFO - Setting next_dagrun for example_subdag_operator.section-2 to None, run_after=None
[2024-06-07T08:08:08.714+0000] {processor.py:183} INFO - Processing /home/airflow/.local/lib/python3.12/site-packages/airflow/example_dags/example_subdag_operator.py took 0.933 seconds
[2024-06-07T08:08:45.039+0000] {processor.py:161} INFO - Started process (PID=1356) to work on /home/airflow/.local/lib/python3.12/site-packages/airflow/example_dags/example_subdag_operator.py
[2024-06-07T08:08:45.054+0000] {processor.py:830} INFO - Processing file /home/airflow/.local/lib/python3.12/site-packages/airflow/example_dags/example_subdag_operator.py for tasks to queue
[2024-06-07T08:08:45.071+0000] {logging_mixin.py:188} INFO - [2024-06-07T08:08:45.070+0000] {dagbag.py:545} INFO - Filling up the DagBag from /home/airflow/.local/lib/python3.12/site-packages/airflow/example_dags/example_subdag_operator.py
[2024-06-07T08:08:45.482+0000] {processor.py:840} INFO - DAG(s) 'example_subdag_operator.section-1', 'example_subdag_operator.section-2', 'example_subdag_operator' retrieved from /home/airflow/.local/lib/python3.12/site-packages/airflow/example_dags/example_subdag_operator.py
[2024-06-07T08:08:45.523+0000] {logging_mixin.py:188} INFO - [2024-06-07T08:08:45.522+0000] {dag.py:3096} INFO - Sync 3 DAGs
[2024-06-07T08:08:45.876+0000] {logging_mixin.py:188} INFO - [2024-06-07T08:08:45.875+0000] {dag.py:3954} INFO - Setting next_dagrun for example_subdag_operator to 2022-01-01 00:00:00+00:00, run_after=2022-01-01 00:00:00+00:00
[2024-06-07T08:08:45.947+0000] {logging_mixin.py:188} INFO - [2024-06-07T08:08:45.946+0000] {dag.py:3954} INFO - Setting next_dagrun for example_subdag_operator.section-1 to None, run_after=None
[2024-06-07T08:08:45.965+0000] {logging_mixin.py:188} INFO - [2024-06-07T08:08:45.963+0000] {dag.py:3954} INFO - Setting next_dagrun for example_subdag_operator.section-2 to None, run_after=None
[2024-06-07T08:08:46.054+0000] {logging_mixin.py:188} INFO - [2024-06-07T08:08:46.053+0000] {dag.py:3096} INFO - Sync 2 DAGs
[2024-06-07T08:08:46.113+0000] {logging_mixin.py:188} INFO - [2024-06-07T08:08:46.112+0000] {dag.py:3954} INFO - Setting next_dagrun for example_subdag_operator.section-1 to None, run_after=None
[2024-06-07T08:08:46.116+0000] {logging_mixin.py:188} INFO - [2024-06-07T08:08:46.115+0000] {dag.py:3954} INFO - Setting next_dagrun for example_subdag_operator.section-2 to None, run_after=None
[2024-06-07T08:08:46.441+0000] {processor.py:183} INFO - Processing /home/airflow/.local/lib/python3.12/site-packages/airflow/example_dags/example_subdag_operator.py took 1.473 seconds
[2024-06-07T08:13:34.835+0000] {processor.py:161} INFO - Started process (PID=1467) to work on /home/airflow/.local/lib/python3.12/site-packages/airflow/example_dags/example_subdag_operator.py
[2024-06-07T08:13:35.211+0000] {processor.py:830} INFO - Processing file /home/airflow/.local/lib/python3.12/site-packages/airflow/example_dags/example_subdag_operator.py for tasks to queue
[2024-06-07T08:13:35.214+0000] {logging_mixin.py:188} INFO - [2024-06-07T08:13:35.213+0000] {dagbag.py:545} INFO - Filling up the DagBag from /home/airflow/.local/lib/python3.12/site-packages/airflow/example_dags/example_subdag_operator.py
[2024-06-07T08:13:35.291+0000] {processor.py:840} INFO - DAG(s) 'example_subdag_operator.section-1', 'example_subdag_operator.section-2', 'example_subdag_operator' retrieved from /home/airflow/.local/lib/python3.12/site-packages/airflow/example_dags/example_subdag_operator.py
[2024-06-07T08:13:35.599+0000] {logging_mixin.py:188} INFO - [2024-06-07T08:13:35.598+0000] {dag.py:3096} INFO - Sync 3 DAGs
[2024-06-07T08:13:35.717+0000] {logging_mixin.py:188} INFO - [2024-06-07T08:13:35.715+0000] {dag.py:3954} INFO - Setting next_dagrun for example_subdag_operator to 2022-01-01 00:00:00+00:00, run_after=2022-01-01 00:00:00+00:00
[2024-06-07T08:13:35.733+0000] {logging_mixin.py:188} INFO - [2024-06-07T08:13:35.732+0000] {dag.py:3954} INFO - Setting next_dagrun for example_subdag_operator.section-1 to None, run_after=None
[2024-06-07T08:13:35.741+0000] {logging_mixin.py:188} INFO - [2024-06-07T08:13:35.740+0000] {dag.py:3954} INFO - Setting next_dagrun for example_subdag_operator.section-2 to None, run_after=None
[2024-06-07T08:13:35.768+0000] {logging_mixin.py:188} INFO - [2024-06-07T08:13:35.768+0000] {dag.py:3096} INFO - Sync 2 DAGs
[2024-06-07T08:13:35.779+0000] {logging_mixin.py:188} INFO - [2024-06-07T08:13:35.779+0000] {dag.py:3954} INFO - Setting next_dagrun for example_subdag_operator.section-1 to None, run_after=None
[2024-06-07T08:13:35.781+0000] {logging_mixin.py:188} INFO - [2024-06-07T08:13:35.780+0000] {dag.py:3954} INFO - Setting next_dagrun for example_subdag_operator.section-2 to None, run_after=None
[2024-06-07T08:13:36.137+0000] {processor.py:183} INFO - Processing /home/airflow/.local/lib/python3.12/site-packages/airflow/example_dags/example_subdag_operator.py took 1.323 seconds
[2024-06-07T08:14:06.230+0000] {processor.py:161} INFO - Started process (PID=1524) to work on /home/airflow/.local/lib/python3.12/site-packages/airflow/example_dags/example_subdag_operator.py
[2024-06-07T08:14:06.232+0000] {processor.py:830} INFO - Processing file /home/airflow/.local/lib/python3.12/site-packages/airflow/example_dags/example_subdag_operator.py for tasks to queue
[2024-06-07T08:14:06.237+0000] {logging_mixin.py:188} INFO - [2024-06-07T08:14:06.234+0000] {dagbag.py:545} INFO - Filling up the DagBag from /home/airflow/.local/lib/python3.12/site-packages/airflow/example_dags/example_subdag_operator.py
[2024-06-07T08:14:06.301+0000] {processor.py:840} INFO - DAG(s) 'example_subdag_operator.section-1', 'example_subdag_operator.section-2', 'example_subdag_operator' retrieved from /home/airflow/.local/lib/python3.12/site-packages/airflow/example_dags/example_subdag_operator.py
[2024-06-07T08:14:06.357+0000] {logging_mixin.py:188} INFO - [2024-06-07T08:14:06.357+0000] {dag.py:3096} INFO - Sync 3 DAGs
[2024-06-07T08:14:06.477+0000] {logging_mixin.py:188} INFO - [2024-06-07T08:14:06.477+0000] {dag.py:3954} INFO - Setting next_dagrun for example_subdag_operator to 2022-01-01 00:00:00+00:00, run_after=2022-01-01 00:00:00+00:00
[2024-06-07T08:14:06.500+0000] {logging_mixin.py:188} INFO - [2024-06-07T08:14:06.499+0000] {dag.py:3954} INFO - Setting next_dagrun for example_subdag_operator.section-1 to None, run_after=None
[2024-06-07T08:14:06.506+0000] {logging_mixin.py:188} INFO - [2024-06-07T08:14:06.505+0000] {dag.py:3954} INFO - Setting next_dagrun for example_subdag_operator.section-2 to None, run_after=None
[2024-06-07T08:14:06.535+0000] {logging_mixin.py:188} INFO - [2024-06-07T08:14:06.535+0000] {dag.py:3096} INFO - Sync 2 DAGs
[2024-06-07T08:14:06.557+0000] {logging_mixin.py:188} INFO - [2024-06-07T08:14:06.556+0000] {dag.py:3954} INFO - Setting next_dagrun for example_subdag_operator.section-1 to None, run_after=None
[2024-06-07T08:14:06.559+0000] {logging_mixin.py:188} INFO - [2024-06-07T08:14:06.558+0000] {dag.py:3954} INFO - Setting next_dagrun for example_subdag_operator.section-2 to None, run_after=None
[2024-06-07T08:14:06.990+0000] {processor.py:183} INFO - Processing /home/airflow/.local/lib/python3.12/site-packages/airflow/example_dags/example_subdag_operator.py took 0.786 seconds
[2024-06-07T08:14:38.238+0000] {processor.py:161} INFO - Started process (PID=1588) to work on /home/airflow/.local/lib/python3.12/site-packages/airflow/example_dags/example_subdag_operator.py
[2024-06-07T08:14:38.240+0000] {processor.py:830} INFO - Processing file /home/airflow/.local/lib/python3.12/site-packages/airflow/example_dags/example_subdag_operator.py for tasks to queue
[2024-06-07T08:14:38.244+0000] {logging_mixin.py:188} INFO - [2024-06-07T08:14:38.243+0000] {dagbag.py:545} INFO - Filling up the DagBag from /home/airflow/.local/lib/python3.12/site-packages/airflow/example_dags/example_subdag_operator.py
[2024-06-07T08:14:38.310+0000] {processor.py:840} INFO - DAG(s) 'example_subdag_operator.section-1', 'example_subdag_operator.section-2', 'example_subdag_operator' retrieved from /home/airflow/.local/lib/python3.12/site-packages/airflow/example_dags/example_subdag_operator.py
[2024-06-07T08:14:38.414+0000] {logging_mixin.py:188} INFO - [2024-06-07T08:14:38.404+0000] {dag.py:3096} INFO - Sync 3 DAGs
[2024-06-07T08:14:38.562+0000] {logging_mixin.py:188} INFO - [2024-06-07T08:14:38.562+0000] {dag.py:3954} INFO - Setting next_dagrun for example_subdag_operator to 2022-01-01 00:00:00+00:00, run_after=2022-01-01 00:00:00+00:00
[2024-06-07T08:14:38.584+0000] {logging_mixin.py:188} INFO - [2024-06-07T08:14:38.583+0000] {dag.py:3954} INFO - Setting next_dagrun for example_subdag_operator.section-1 to None, run_after=None
[2024-06-07T08:14:38.589+0000] {logging_mixin.py:188} INFO - [2024-06-07T08:14:38.588+0000] {dag.py:3954} INFO - Setting next_dagrun for example_subdag_operator.section-2 to None, run_after=None
[2024-06-07T08:14:38.609+0000] {logging_mixin.py:188} INFO - [2024-06-07T08:14:38.609+0000] {dag.py:3096} INFO - Sync 2 DAGs
[2024-06-07T08:14:38.624+0000] {logging_mixin.py:188} INFO - [2024-06-07T08:14:38.624+0000] {dag.py:3954} INFO - Setting next_dagrun for example_subdag_operator.section-1 to None, run_after=None
[2024-06-07T08:14:38.626+0000] {logging_mixin.py:188} INFO - [2024-06-07T08:14:38.625+0000] {dag.py:3954} INFO - Setting next_dagrun for example_subdag_operator.section-2 to None, run_after=None
[2024-06-07T08:14:38.997+0000] {processor.py:183} INFO - Processing /home/airflow/.local/lib/python3.12/site-packages/airflow/example_dags/example_subdag_operator.py took 0.775 seconds
[2024-06-07T08:15:10.064+0000] {processor.py:161} INFO - Started process (PID=1646) to work on /home/airflow/.local/lib/python3.12/site-packages/airflow/example_dags/example_subdag_operator.py
[2024-06-07T08:15:10.069+0000] {processor.py:830} INFO - Processing file /home/airflow/.local/lib/python3.12/site-packages/airflow/example_dags/example_subdag_operator.py for tasks to queue
[2024-06-07T08:15:10.074+0000] {logging_mixin.py:188} INFO - [2024-06-07T08:15:10.073+0000] {dagbag.py:545} INFO - Filling up the DagBag from /home/airflow/.local/lib/python3.12/site-packages/airflow/example_dags/example_subdag_operator.py
[2024-06-07T08:15:10.137+0000] {processor.py:840} INFO - DAG(s) 'example_subdag_operator.section-1', 'example_subdag_operator.section-2', 'example_subdag_operator' retrieved from /home/airflow/.local/lib/python3.12/site-packages/airflow/example_dags/example_subdag_operator.py
[2024-06-07T08:15:10.174+0000] {logging_mixin.py:188} INFO - [2024-06-07T08:15:10.174+0000] {dag.py:3096} INFO - Sync 3 DAGs
[2024-06-07T08:15:10.246+0000] {logging_mixin.py:188} INFO - [2024-06-07T08:15:10.245+0000] {dag.py:3954} INFO - Setting next_dagrun for example_subdag_operator to 2022-01-01 00:00:00+00:00, run_after=2022-01-01 00:00:00+00:00
[2024-06-07T08:15:10.260+0000] {logging_mixin.py:188} INFO - [2024-06-07T08:15:10.259+0000] {dag.py:3954} INFO - Setting next_dagrun for example_subdag_operator.section-1 to None, run_after=None
[2024-06-07T08:15:10.264+0000] {logging_mixin.py:188} INFO - [2024-06-07T08:15:10.263+0000] {dag.py:3954} INFO - Setting next_dagrun for example_subdag_operator.section-2 to None, run_after=None
[2024-06-07T08:15:10.303+0000] {logging_mixin.py:188} INFO - [2024-06-07T08:15:10.303+0000] {dag.py:3096} INFO - Sync 2 DAGs
[2024-06-07T08:15:10.318+0000] {logging_mixin.py:188} INFO - [2024-06-07T08:15:10.317+0000] {dag.py:3954} INFO - Setting next_dagrun for example_subdag_operator.section-1 to None, run_after=None
[2024-06-07T08:15:10.319+0000] {logging_mixin.py:188} INFO - [2024-06-07T08:15:10.319+0000] {dag.py:3954} INFO - Setting next_dagrun for example_subdag_operator.section-2 to None, run_after=None
[2024-06-07T08:15:10.557+0000] {processor.py:183} INFO - Processing /home/airflow/.local/lib/python3.12/site-packages/airflow/example_dags/example_subdag_operator.py took 0.510 seconds
[2024-06-07T08:15:44.541+0000] {processor.py:161} INFO - Started process (PID=1702) to work on /home/airflow/.local/lib/python3.12/site-packages/airflow/example_dags/example_subdag_operator.py
[2024-06-07T08:15:44.543+0000] {processor.py:830} INFO - Processing file /home/airflow/.local/lib/python3.12/site-packages/airflow/example_dags/example_subdag_operator.py for tasks to queue
[2024-06-07T08:15:44.546+0000] {logging_mixin.py:188} INFO - [2024-06-07T08:15:44.545+0000] {dagbag.py:545} INFO - Filling up the DagBag from /home/airflow/.local/lib/python3.12/site-packages/airflow/example_dags/example_subdag_operator.py
[2024-06-07T08:15:44.619+0000] {processor.py:840} INFO - DAG(s) 'example_subdag_operator.section-1', 'example_subdag_operator.section-2', 'example_subdag_operator' retrieved from /home/airflow/.local/lib/python3.12/site-packages/airflow/example_dags/example_subdag_operator.py
[2024-06-07T08:15:44.663+0000] {logging_mixin.py:188} INFO - [2024-06-07T08:15:44.662+0000] {dag.py:3096} INFO - Sync 3 DAGs
[2024-06-07T08:15:45.086+0000] {logging_mixin.py:188} INFO - [2024-06-07T08:15:45.085+0000] {dag.py:3954} INFO - Setting next_dagrun for example_subdag_operator to 2022-01-01 00:00:00+00:00, run_after=2022-01-01 00:00:00+00:00
[2024-06-07T08:15:45.110+0000] {logging_mixin.py:188} INFO - [2024-06-07T08:15:45.109+0000] {dag.py:3954} INFO - Setting next_dagrun for example_subdag_operator.section-1 to None, run_after=None
[2024-06-07T08:15:45.119+0000] {logging_mixin.py:188} INFO - [2024-06-07T08:15:45.118+0000] {dag.py:3954} INFO - Setting next_dagrun for example_subdag_operator.section-2 to None, run_after=None
[2024-06-07T08:15:45.142+0000] {logging_mixin.py:188} INFO - [2024-06-07T08:15:45.141+0000] {dag.py:3096} INFO - Sync 2 DAGs
[2024-06-07T08:15:45.163+0000] {logging_mixin.py:188} INFO - [2024-06-07T08:15:45.163+0000] {dag.py:3954} INFO - Setting next_dagrun for example_subdag_operator.section-1 to None, run_after=None
[2024-06-07T08:15:45.174+0000] {logging_mixin.py:188} INFO - [2024-06-07T08:15:45.173+0000] {dag.py:3954} INFO - Setting next_dagrun for example_subdag_operator.section-2 to None, run_after=None
[2024-06-07T08:15:45.346+0000] {processor.py:183} INFO - Processing /home/airflow/.local/lib/python3.12/site-packages/airflow/example_dags/example_subdag_operator.py took 0.823 seconds
[2024-06-07T08:16:15.440+0000] {processor.py:161} INFO - Started process (PID=1760) to work on /home/airflow/.local/lib/python3.12/site-packages/airflow/example_dags/example_subdag_operator.py
[2024-06-07T08:16:15.452+0000] {processor.py:830} INFO - Processing file /home/airflow/.local/lib/python3.12/site-packages/airflow/example_dags/example_subdag_operator.py for tasks to queue
[2024-06-07T08:16:15.455+0000] {logging_mixin.py:188} INFO - [2024-06-07T08:16:15.454+0000] {dagbag.py:545} INFO - Filling up the DagBag from /home/airflow/.local/lib/python3.12/site-packages/airflow/example_dags/example_subdag_operator.py
[2024-06-07T08:16:15.533+0000] {processor.py:840} INFO - DAG(s) 'example_subdag_operator.section-1', 'example_subdag_operator.section-2', 'example_subdag_operator' retrieved from /home/airflow/.local/lib/python3.12/site-packages/airflow/example_dags/example_subdag_operator.py
[2024-06-07T08:16:15.572+0000] {logging_mixin.py:188} INFO - [2024-06-07T08:16:15.571+0000] {dag.py:3096} INFO - Sync 3 DAGs
[2024-06-07T08:16:15.624+0000] {logging_mixin.py:188} INFO - [2024-06-07T08:16:15.623+0000] {dag.py:3954} INFO - Setting next_dagrun for example_subdag_operator to 2022-01-01 00:00:00+00:00, run_after=2022-01-01 00:00:00+00:00
[2024-06-07T08:16:15.637+0000] {logging_mixin.py:188} INFO - [2024-06-07T08:16:15.636+0000] {dag.py:3954} INFO - Setting next_dagrun for example_subdag_operator.section-1 to None, run_after=None
[2024-06-07T08:16:15.640+0000] {logging_mixin.py:188} INFO - [2024-06-07T08:16:15.639+0000] {dag.py:3954} INFO - Setting next_dagrun for example_subdag_operator.section-2 to None, run_after=None
[2024-06-07T08:16:15.655+0000] {logging_mixin.py:188} INFO - [2024-06-07T08:16:15.655+0000] {dag.py:3096} INFO - Sync 2 DAGs
[2024-06-07T08:16:16.030+0000] {logging_mixin.py:188} INFO - [2024-06-07T08:16:16.028+0000] {dag.py:3954} INFO - Setting next_dagrun for example_subdag_operator.section-1 to None, run_after=None
[2024-06-07T08:16:16.032+0000] {logging_mixin.py:188} INFO - [2024-06-07T08:16:16.031+0000] {dag.py:3954} INFO - Setting next_dagrun for example_subdag_operator.section-2 to None, run_after=None
[2024-06-07T08:16:16.203+0000] {processor.py:183} INFO - Processing /home/airflow/.local/lib/python3.12/site-packages/airflow/example_dags/example_subdag_operator.py took 0.786 seconds
[2024-06-07T08:16:49.413+0000] {processor.py:161} INFO - Started process (PID=1817) to work on /home/airflow/.local/lib/python3.12/site-packages/airflow/example_dags/example_subdag_operator.py
[2024-06-07T08:16:49.432+0000] {processor.py:830} INFO - Processing file /home/airflow/.local/lib/python3.12/site-packages/airflow/example_dags/example_subdag_operator.py for tasks to queue
[2024-06-07T08:16:49.442+0000] {logging_mixin.py:188} INFO - [2024-06-07T08:16:49.441+0000] {dagbag.py:545} INFO - Filling up the DagBag from /home/airflow/.local/lib/python3.12/site-packages/airflow/example_dags/example_subdag_operator.py
[2024-06-07T08:16:49.693+0000] {processor.py:840} INFO - DAG(s) 'example_subdag_operator.section-1', 'example_subdag_operator.section-2', 'example_subdag_operator' retrieved from /home/airflow/.local/lib/python3.12/site-packages/airflow/example_dags/example_subdag_operator.py
[2024-06-07T08:16:49.764+0000] {logging_mixin.py:188} INFO - [2024-06-07T08:16:49.763+0000] {dag.py:3096} INFO - Sync 3 DAGs
[2024-06-07T08:16:49.844+0000] {logging_mixin.py:188} INFO - [2024-06-07T08:16:49.843+0000] {dag.py:3954} INFO - Setting next_dagrun for example_subdag_operator to 2022-01-01 00:00:00+00:00, run_after=2022-01-01 00:00:00+00:00
[2024-06-07T08:16:49.855+0000] {logging_mixin.py:188} INFO - [2024-06-07T08:16:49.855+0000] {dag.py:3954} INFO - Setting next_dagrun for example_subdag_operator.section-1 to None, run_after=None
[2024-06-07T08:16:49.860+0000] {logging_mixin.py:188} INFO - [2024-06-07T08:16:49.859+0000] {dag.py:3954} INFO - Setting next_dagrun for example_subdag_operator.section-2 to None, run_after=None
[2024-06-07T08:16:49.882+0000] {logging_mixin.py:188} INFO - [2024-06-07T08:16:49.881+0000] {dag.py:3096} INFO - Sync 2 DAGs
[2024-06-07T08:16:49.899+0000] {logging_mixin.py:188} INFO - [2024-06-07T08:16:49.898+0000] {dag.py:3954} INFO - Setting next_dagrun for example_subdag_operator.section-1 to None, run_after=None
[2024-06-07T08:16:49.913+0000] {logging_mixin.py:188} INFO - [2024-06-07T08:16:49.912+0000] {dag.py:3954} INFO - Setting next_dagrun for example_subdag_operator.section-2 to None, run_after=None
[2024-06-07T08:16:50.309+0000] {processor.py:183} INFO - Processing /home/airflow/.local/lib/python3.12/site-packages/airflow/example_dags/example_subdag_operator.py took 1.035 seconds
[2024-06-07T08:17:25.157+0000] {processor.py:161} INFO - Started process (PID=1875) to work on /home/airflow/.local/lib/python3.12/site-packages/airflow/example_dags/example_subdag_operator.py
[2024-06-07T08:17:25.170+0000] {processor.py:830} INFO - Processing file /home/airflow/.local/lib/python3.12/site-packages/airflow/example_dags/example_subdag_operator.py for tasks to queue
[2024-06-07T08:17:25.174+0000] {logging_mixin.py:188} INFO - [2024-06-07T08:17:25.173+0000] {dagbag.py:545} INFO - Filling up the DagBag from /home/airflow/.local/lib/python3.12/site-packages/airflow/example_dags/example_subdag_operator.py
[2024-06-07T08:17:25.415+0000] {processor.py:840} INFO - DAG(s) 'example_subdag_operator.section-1', 'example_subdag_operator.section-2', 'example_subdag_operator' retrieved from /home/airflow/.local/lib/python3.12/site-packages/airflow/example_dags/example_subdag_operator.py
[2024-06-07T08:17:25.739+0000] {logging_mixin.py:188} INFO - [2024-06-07T08:17:25.738+0000] {dag.py:3096} INFO - Sync 3 DAGs
[2024-06-07T08:17:26.398+0000] {logging_mixin.py:188} INFO - [2024-06-07T08:17:26.397+0000] {dag.py:3954} INFO - Setting next_dagrun for example_subdag_operator to 2022-01-01 00:00:00+00:00, run_after=2022-01-01 00:00:00+00:00
[2024-06-07T08:17:26.628+0000] {logging_mixin.py:188} INFO - [2024-06-07T08:17:26.620+0000] {dag.py:3954} INFO - Setting next_dagrun for example_subdag_operator.section-1 to None, run_after=None
[2024-06-07T08:17:26.685+0000] {logging_mixin.py:188} INFO - [2024-06-07T08:17:26.684+0000] {dag.py:3954} INFO - Setting next_dagrun for example_subdag_operator.section-2 to None, run_after=None
[2024-06-07T08:17:26.786+0000] {logging_mixin.py:188} INFO - [2024-06-07T08:17:26.785+0000] {dag.py:3096} INFO - Sync 2 DAGs
[2024-06-07T08:17:26.960+0000] {logging_mixin.py:188} INFO - [2024-06-07T08:17:26.959+0000] {dag.py:3954} INFO - Setting next_dagrun for example_subdag_operator.section-1 to None, run_after=None
[2024-06-07T08:17:27.025+0000] {logging_mixin.py:188} INFO - [2024-06-07T08:17:27.024+0000] {dag.py:3954} INFO - Setting next_dagrun for example_subdag_operator.section-2 to None, run_after=None
[2024-06-07T08:17:27.293+0000] {processor.py:183} INFO - Processing /home/airflow/.local/lib/python3.12/site-packages/airflow/example_dags/example_subdag_operator.py took 2.227 seconds
[2024-06-07T08:18:04.842+0000] {processor.py:161} INFO - Started process (PID=1948) to work on /home/airflow/.local/lib/python3.12/site-packages/airflow/example_dags/example_subdag_operator.py
[2024-06-07T08:18:04.847+0000] {processor.py:830} INFO - Processing file /home/airflow/.local/lib/python3.12/site-packages/airflow/example_dags/example_subdag_operator.py for tasks to queue
[2024-06-07T08:18:04.975+0000] {logging_mixin.py:188} INFO - [2024-06-07T08:18:04.877+0000] {dagbag.py:545} INFO - Filling up the DagBag from /home/airflow/.local/lib/python3.12/site-packages/airflow/example_dags/example_subdag_operator.py
[2024-06-07T08:18:05.146+0000] {processor.py:840} INFO - DAG(s) 'example_subdag_operator.section-1', 'example_subdag_operator.section-2', 'example_subdag_operator' retrieved from /home/airflow/.local/lib/python3.12/site-packages/airflow/example_dags/example_subdag_operator.py
[2024-06-07T08:18:05.227+0000] {logging_mixin.py:188} INFO - [2024-06-07T08:18:05.225+0000] {dag.py:3096} INFO - Sync 3 DAGs
[2024-06-07T08:18:05.333+0000] {logging_mixin.py:188} INFO - [2024-06-07T08:18:05.332+0000] {dag.py:3954} INFO - Setting next_dagrun for example_subdag_operator to 2022-01-01 00:00:00+00:00, run_after=2022-01-01 00:00:00+00:00
[2024-06-07T08:18:05.345+0000] {logging_mixin.py:188} INFO - [2024-06-07T08:18:05.345+0000] {dag.py:3954} INFO - Setting next_dagrun for example_subdag_operator.section-1 to None, run_after=None
[2024-06-07T08:18:05.355+0000] {logging_mixin.py:188} INFO - [2024-06-07T08:18:05.354+0000] {dag.py:3954} INFO - Setting next_dagrun for example_subdag_operator.section-2 to None, run_after=None
[2024-06-07T08:18:05.411+0000] {logging_mixin.py:188} INFO - [2024-06-07T08:18:05.411+0000] {dag.py:3096} INFO - Sync 2 DAGs
[2024-06-07T08:18:05.439+0000] {logging_mixin.py:188} INFO - [2024-06-07T08:18:05.437+0000] {dag.py:3954} INFO - Setting next_dagrun for example_subdag_operator.section-1 to None, run_after=None
[2024-06-07T08:18:05.443+0000] {logging_mixin.py:188} INFO - [2024-06-07T08:18:05.443+0000] {dag.py:3954} INFO - Setting next_dagrun for example_subdag_operator.section-2 to None, run_after=None
[2024-06-07T08:18:06.343+0000] {processor.py:183} INFO - Processing /home/airflow/.local/lib/python3.12/site-packages/airflow/example_dags/example_subdag_operator.py took 1.557 seconds
[2024-06-07T08:18:36.905+0000] {processor.py:161} INFO - Started process (PID=2007) to work on /home/airflow/.local/lib/python3.12/site-packages/airflow/example_dags/example_subdag_operator.py
[2024-06-07T08:18:36.907+0000] {processor.py:830} INFO - Processing file /home/airflow/.local/lib/python3.12/site-packages/airflow/example_dags/example_subdag_operator.py for tasks to queue
[2024-06-07T08:18:36.911+0000] {logging_mixin.py:188} INFO - [2024-06-07T08:18:36.910+0000] {dagbag.py:545} INFO - Filling up the DagBag from /home/airflow/.local/lib/python3.12/site-packages/airflow/example_dags/example_subdag_operator.py
[2024-06-07T08:18:36.973+0000] {processor.py:840} INFO - DAG(s) 'example_subdag_operator.section-1', 'example_subdag_operator.section-2', 'example_subdag_operator' retrieved from /home/airflow/.local/lib/python3.12/site-packages/airflow/example_dags/example_subdag_operator.py
[2024-06-07T08:18:37.031+0000] {logging_mixin.py:188} INFO - [2024-06-07T08:18:37.030+0000] {dag.py:3096} INFO - Sync 3 DAGs
[2024-06-07T08:18:37.102+0000] {logging_mixin.py:188} INFO - [2024-06-07T08:18:37.101+0000] {dag.py:3954} INFO - Setting next_dagrun for example_subdag_operator to 2022-01-01 00:00:00+00:00, run_after=2022-01-01 00:00:00+00:00
[2024-06-07T08:18:37.117+0000] {logging_mixin.py:188} INFO - [2024-06-07T08:18:37.116+0000] {dag.py:3954} INFO - Setting next_dagrun for example_subdag_operator.section-1 to None, run_after=None
[2024-06-07T08:18:37.122+0000] {logging_mixin.py:188} INFO - [2024-06-07T08:18:37.122+0000] {dag.py:3954} INFO - Setting next_dagrun for example_subdag_operator.section-2 to None, run_after=None
[2024-06-07T08:18:37.147+0000] {logging_mixin.py:188} INFO - [2024-06-07T08:18:37.144+0000] {dag.py:3096} INFO - Sync 2 DAGs
[2024-06-07T08:18:37.166+0000] {logging_mixin.py:188} INFO - [2024-06-07T08:18:37.166+0000] {dag.py:3954} INFO - Setting next_dagrun for example_subdag_operator.section-1 to None, run_after=None
[2024-06-07T08:18:37.168+0000] {logging_mixin.py:188} INFO - [2024-06-07T08:18:37.167+0000] {dag.py:3954} INFO - Setting next_dagrun for example_subdag_operator.section-2 to None, run_after=None
[2024-06-07T08:18:37.294+0000] {processor.py:183} INFO - Processing /home/airflow/.local/lib/python3.12/site-packages/airflow/example_dags/example_subdag_operator.py took 0.409 seconds
[2024-06-07T08:19:07.646+0000] {processor.py:161} INFO - Started process (PID=2065) to work on /home/airflow/.local/lib/python3.12/site-packages/airflow/example_dags/example_subdag_operator.py
[2024-06-07T08:19:07.649+0000] {processor.py:830} INFO - Processing file /home/airflow/.local/lib/python3.12/site-packages/airflow/example_dags/example_subdag_operator.py for tasks to queue
[2024-06-07T08:19:07.651+0000] {logging_mixin.py:188} INFO - [2024-06-07T08:19:07.651+0000] {dagbag.py:545} INFO - Filling up the DagBag from /home/airflow/.local/lib/python3.12/site-packages/airflow/example_dags/example_subdag_operator.py
[2024-06-07T08:19:07.700+0000] {processor.py:840} INFO - DAG(s) 'example_subdag_operator.section-1', 'example_subdag_operator.section-2', 'example_subdag_operator' retrieved from /home/airflow/.local/lib/python3.12/site-packages/airflow/example_dags/example_subdag_operator.py
[2024-06-07T08:19:07.740+0000] {logging_mixin.py:188} INFO - [2024-06-07T08:19:07.740+0000] {dag.py:3096} INFO - Sync 3 DAGs
[2024-06-07T08:19:07.793+0000] {logging_mixin.py:188} INFO - [2024-06-07T08:19:07.792+0000] {dag.py:3954} INFO - Setting next_dagrun for example_subdag_operator to 2022-01-01 00:00:00+00:00, run_after=2022-01-01 00:00:00+00:00
[2024-06-07T08:19:07.809+0000] {logging_mixin.py:188} INFO - [2024-06-07T08:19:07.808+0000] {dag.py:3954} INFO - Setting next_dagrun for example_subdag_operator.section-1 to None, run_after=None
[2024-06-07T08:19:07.817+0000] {logging_mixin.py:188} INFO - [2024-06-07T08:19:07.816+0000] {dag.py:3954} INFO - Setting next_dagrun for example_subdag_operator.section-2 to None, run_after=None
[2024-06-07T08:19:07.839+0000] {logging_mixin.py:188} INFO - [2024-06-07T08:19:07.838+0000] {dag.py:3096} INFO - Sync 2 DAGs
[2024-06-07T08:19:07.854+0000] {logging_mixin.py:188} INFO - [2024-06-07T08:19:07.854+0000] {dag.py:3954} INFO - Setting next_dagrun for example_subdag_operator.section-1 to None, run_after=None
[2024-06-07T08:19:07.856+0000] {logging_mixin.py:188} INFO - [2024-06-07T08:19:07.855+0000] {dag.py:3954} INFO - Setting next_dagrun for example_subdag_operator.section-2 to None, run_after=None
[2024-06-07T08:19:08.159+0000] {processor.py:183} INFO - Processing /home/airflow/.local/lib/python3.12/site-packages/airflow/example_dags/example_subdag_operator.py took 0.524 seconds
[2024-06-07T08:19:40.517+0000] {processor.py:161} INFO - Started process (PID=2123) to work on /home/airflow/.local/lib/python3.12/site-packages/airflow/example_dags/example_subdag_operator.py
[2024-06-07T08:19:40.520+0000] {processor.py:830} INFO - Processing file /home/airflow/.local/lib/python3.12/site-packages/airflow/example_dags/example_subdag_operator.py for tasks to queue
[2024-06-07T08:19:40.522+0000] {logging_mixin.py:188} INFO - [2024-06-07T08:19:40.521+0000] {dagbag.py:545} INFO - Filling up the DagBag from /home/airflow/.local/lib/python3.12/site-packages/airflow/example_dags/example_subdag_operator.py
[2024-06-07T08:19:40.582+0000] {processor.py:840} INFO - DAG(s) 'example_subdag_operator.section-1', 'example_subdag_operator.section-2', 'example_subdag_operator' retrieved from /home/airflow/.local/lib/python3.12/site-packages/airflow/example_dags/example_subdag_operator.py
[2024-06-07T08:19:40.625+0000] {logging_mixin.py:188} INFO - [2024-06-07T08:19:40.624+0000] {dag.py:3096} INFO - Sync 3 DAGs
[2024-06-07T08:19:40.727+0000] {logging_mixin.py:188} INFO - [2024-06-07T08:19:40.726+0000] {dag.py:3954} INFO - Setting next_dagrun for example_subdag_operator to 2022-01-01 00:00:00+00:00, run_after=2022-01-01 00:00:00+00:00
[2024-06-07T08:19:40.745+0000] {logging_mixin.py:188} INFO - [2024-06-07T08:19:40.744+0000] {dag.py:3954} INFO - Setting next_dagrun for example_subdag_operator.section-1 to None, run_after=None
[2024-06-07T08:19:40.750+0000] {logging_mixin.py:188} INFO - [2024-06-07T08:19:40.749+0000] {dag.py:3954} INFO - Setting next_dagrun for example_subdag_operator.section-2 to None, run_after=None
[2024-06-07T08:19:40.779+0000] {logging_mixin.py:188} INFO - [2024-06-07T08:19:40.778+0000] {dag.py:3096} INFO - Sync 2 DAGs
[2024-06-07T08:19:40.799+0000] {logging_mixin.py:188} INFO - [2024-06-07T08:19:40.798+0000] {dag.py:3954} INFO - Setting next_dagrun for example_subdag_operator.section-1 to None, run_after=None
[2024-06-07T08:19:40.801+0000] {logging_mixin.py:188} INFO - [2024-06-07T08:19:40.800+0000] {dag.py:3954} INFO - Setting next_dagrun for example_subdag_operator.section-2 to None, run_after=None
[2024-06-07T08:19:40.949+0000] {processor.py:183} INFO - Processing /home/airflow/.local/lib/python3.12/site-packages/airflow/example_dags/example_subdag_operator.py took 0.445 seconds
[2024-06-07T08:20:13.133+0000] {processor.py:161} INFO - Started process (PID=2187) to work on /home/airflow/.local/lib/python3.12/site-packages/airflow/example_dags/example_subdag_operator.py
[2024-06-07T08:20:13.135+0000] {processor.py:830} INFO - Processing file /home/airflow/.local/lib/python3.12/site-packages/airflow/example_dags/example_subdag_operator.py for tasks to queue
[2024-06-07T08:20:13.137+0000] {logging_mixin.py:188} INFO - [2024-06-07T08:20:13.137+0000] {dagbag.py:545} INFO - Filling up the DagBag from /home/airflow/.local/lib/python3.12/site-packages/airflow/example_dags/example_subdag_operator.py
[2024-06-07T08:20:13.186+0000] {processor.py:840} INFO - DAG(s) 'example_subdag_operator.section-1', 'example_subdag_operator.section-2', 'example_subdag_operator' retrieved from /home/airflow/.local/lib/python3.12/site-packages/airflow/example_dags/example_subdag_operator.py
[2024-06-07T08:20:13.221+0000] {logging_mixin.py:188} INFO - [2024-06-07T08:20:13.221+0000] {dag.py:3096} INFO - Sync 3 DAGs
[2024-06-07T08:20:13.276+0000] {logging_mixin.py:188} INFO - [2024-06-07T08:20:13.276+0000] {dag.py:3954} INFO - Setting next_dagrun for example_subdag_operator to 2022-01-01 00:00:00+00:00, run_after=2022-01-01 00:00:00+00:00
[2024-06-07T08:20:13.294+0000] {logging_mixin.py:188} INFO - [2024-06-07T08:20:13.294+0000] {dag.py:3954} INFO - Setting next_dagrun for example_subdag_operator.section-1 to None, run_after=None
[2024-06-07T08:20:13.307+0000] {logging_mixin.py:188} INFO - [2024-06-07T08:20:13.307+0000] {dag.py:3954} INFO - Setting next_dagrun for example_subdag_operator.section-2 to None, run_after=None
[2024-06-07T08:20:13.338+0000] {logging_mixin.py:188} INFO - [2024-06-07T08:20:13.337+0000] {dag.py:3096} INFO - Sync 2 DAGs
[2024-06-07T08:20:13.369+0000] {logging_mixin.py:188} INFO - [2024-06-07T08:20:13.367+0000] {dag.py:3954} INFO - Setting next_dagrun for example_subdag_operator.section-1 to None, run_after=None
[2024-06-07T08:20:13.371+0000] {logging_mixin.py:188} INFO - [2024-06-07T08:20:13.371+0000] {dag.py:3954} INFO - Setting next_dagrun for example_subdag_operator.section-2 to None, run_after=None
[2024-06-07T08:20:13.497+0000] {processor.py:183} INFO - Processing /home/airflow/.local/lib/python3.12/site-packages/airflow/example_dags/example_subdag_operator.py took 0.378 seconds
[2024-06-07T08:20:44.795+0000] {processor.py:161} INFO - Started process (PID=2244) to work on /home/airflow/.local/lib/python3.12/site-packages/airflow/example_dags/example_subdag_operator.py
[2024-06-07T08:20:44.797+0000] {processor.py:830} INFO - Processing file /home/airflow/.local/lib/python3.12/site-packages/airflow/example_dags/example_subdag_operator.py for tasks to queue
[2024-06-07T08:20:44.802+0000] {logging_mixin.py:188} INFO - [2024-06-07T08:20:44.801+0000] {dagbag.py:545} INFO - Filling up the DagBag from /home/airflow/.local/lib/python3.12/site-packages/airflow/example_dags/example_subdag_operator.py
[2024-06-07T08:20:44.938+0000] {processor.py:840} INFO - DAG(s) 'example_subdag_operator.section-1', 'example_subdag_operator.section-2', 'example_subdag_operator' retrieved from /home/airflow/.local/lib/python3.12/site-packages/airflow/example_dags/example_subdag_operator.py
[2024-06-07T08:20:45.036+0000] {logging_mixin.py:188} INFO - [2024-06-07T08:20:45.035+0000] {dag.py:3096} INFO - Sync 3 DAGs
[2024-06-07T08:20:45.216+0000] {logging_mixin.py:188} INFO - [2024-06-07T08:20:45.216+0000] {dag.py:3954} INFO - Setting next_dagrun for example_subdag_operator to 2022-01-01 00:00:00+00:00, run_after=2022-01-01 00:00:00+00:00
[2024-06-07T08:20:45.274+0000] {logging_mixin.py:188} INFO - [2024-06-07T08:20:45.271+0000] {dag.py:3954} INFO - Setting next_dagrun for example_subdag_operator.section-1 to None, run_after=None
[2024-06-07T08:20:45.287+0000] {logging_mixin.py:188} INFO - [2024-06-07T08:20:45.287+0000] {dag.py:3954} INFO - Setting next_dagrun for example_subdag_operator.section-2 to None, run_after=None
[2024-06-07T08:20:45.338+0000] {logging_mixin.py:188} INFO - [2024-06-07T08:20:45.338+0000] {dag.py:3096} INFO - Sync 2 DAGs
[2024-06-07T08:20:45.396+0000] {logging_mixin.py:188} INFO - [2024-06-07T08:20:45.395+0000] {dag.py:3954} INFO - Setting next_dagrun for example_subdag_operator.section-1 to None, run_after=None
[2024-06-07T08:20:45.398+0000] {logging_mixin.py:188} INFO - [2024-06-07T08:20:45.398+0000] {dag.py:3954} INFO - Setting next_dagrun for example_subdag_operator.section-2 to None, run_after=None
[2024-06-07T08:20:45.728+0000] {processor.py:183} INFO - Processing /home/airflow/.local/lib/python3.12/site-packages/airflow/example_dags/example_subdag_operator.py took 0.963 seconds
[2024-06-07T08:21:16.344+0000] {processor.py:161} INFO - Started process (PID=2302) to work on /home/airflow/.local/lib/python3.12/site-packages/airflow/example_dags/example_subdag_operator.py
[2024-06-07T08:21:16.346+0000] {processor.py:830} INFO - Processing file /home/airflow/.local/lib/python3.12/site-packages/airflow/example_dags/example_subdag_operator.py for tasks to queue
[2024-06-07T08:21:16.348+0000] {logging_mixin.py:188} INFO - [2024-06-07T08:21:16.347+0000] {dagbag.py:545} INFO - Filling up the DagBag from /home/airflow/.local/lib/python3.12/site-packages/airflow/example_dags/example_subdag_operator.py
[2024-06-07T08:21:16.405+0000] {processor.py:840} INFO - DAG(s) 'example_subdag_operator.section-1', 'example_subdag_operator.section-2', 'example_subdag_operator' retrieved from /home/airflow/.local/lib/python3.12/site-packages/airflow/example_dags/example_subdag_operator.py
[2024-06-07T08:21:16.444+0000] {logging_mixin.py:188} INFO - [2024-06-07T08:21:16.443+0000] {dag.py:3096} INFO - Sync 3 DAGs
[2024-06-07T08:21:16.489+0000] {logging_mixin.py:188} INFO - [2024-06-07T08:21:16.489+0000] {dag.py:3954} INFO - Setting next_dagrun for example_subdag_operator to 2022-01-01 00:00:00+00:00, run_after=2022-01-01 00:00:00+00:00
[2024-06-07T08:21:16.498+0000] {logging_mixin.py:188} INFO - [2024-06-07T08:21:16.498+0000] {dag.py:3954} INFO - Setting next_dagrun for example_subdag_operator.section-1 to None, run_after=None
[2024-06-07T08:21:16.501+0000] {logging_mixin.py:188} INFO - [2024-06-07T08:21:16.501+0000] {dag.py:3954} INFO - Setting next_dagrun for example_subdag_operator.section-2 to None, run_after=None
[2024-06-07T08:21:16.520+0000] {logging_mixin.py:188} INFO - [2024-06-07T08:21:16.519+0000] {dag.py:3096} INFO - Sync 2 DAGs
[2024-06-07T08:21:16.551+0000] {logging_mixin.py:188} INFO - [2024-06-07T08:21:16.551+0000] {dag.py:3954} INFO - Setting next_dagrun for example_subdag_operator.section-1 to None, run_after=None
[2024-06-07T08:21:16.553+0000] {logging_mixin.py:188} INFO - [2024-06-07T08:21:16.552+0000] {dag.py:3954} INFO - Setting next_dagrun for example_subdag_operator.section-2 to None, run_after=None
[2024-06-07T08:21:16.808+0000] {processor.py:183} INFO - Processing /home/airflow/.local/lib/python3.12/site-packages/airflow/example_dags/example_subdag_operator.py took 0.477 seconds
[2024-06-07T08:21:48.232+0000] {processor.py:161} INFO - Started process (PID=2359) to work on /home/airflow/.local/lib/python3.12/site-packages/airflow/example_dags/example_subdag_operator.py
[2024-06-07T08:21:48.234+0000] {processor.py:830} INFO - Processing file /home/airflow/.local/lib/python3.12/site-packages/airflow/example_dags/example_subdag_operator.py for tasks to queue
[2024-06-07T08:21:48.236+0000] {logging_mixin.py:188} INFO - [2024-06-07T08:21:48.235+0000] {dagbag.py:545} INFO - Filling up the DagBag from /home/airflow/.local/lib/python3.12/site-packages/airflow/example_dags/example_subdag_operator.py
[2024-06-07T08:21:48.279+0000] {processor.py:840} INFO - DAG(s) 'example_subdag_operator.section-1', 'example_subdag_operator.section-2', 'example_subdag_operator' retrieved from /home/airflow/.local/lib/python3.12/site-packages/airflow/example_dags/example_subdag_operator.py
[2024-06-07T08:21:48.314+0000] {logging_mixin.py:188} INFO - [2024-06-07T08:21:48.314+0000] {dag.py:3096} INFO - Sync 3 DAGs
[2024-06-07T08:21:48.354+0000] {logging_mixin.py:188} INFO - [2024-06-07T08:21:48.353+0000] {dag.py:3954} INFO - Setting next_dagrun for example_subdag_operator to 2022-01-01 00:00:00+00:00, run_after=2022-01-01 00:00:00+00:00
[2024-06-07T08:21:48.361+0000] {logging_mixin.py:188} INFO - [2024-06-07T08:21:48.360+0000] {dag.py:3954} INFO - Setting next_dagrun for example_subdag_operator.section-1 to None, run_after=None
[2024-06-07T08:21:48.365+0000] {logging_mixin.py:188} INFO - [2024-06-07T08:21:48.365+0000] {dag.py:3954} INFO - Setting next_dagrun for example_subdag_operator.section-2 to None, run_after=None
[2024-06-07T08:21:48.380+0000] {logging_mixin.py:188} INFO - [2024-06-07T08:21:48.380+0000] {dag.py:3096} INFO - Sync 2 DAGs
[2024-06-07T08:21:48.391+0000] {logging_mixin.py:188} INFO - [2024-06-07T08:21:48.391+0000] {dag.py:3954} INFO - Setting next_dagrun for example_subdag_operator.section-1 to None, run_after=None
[2024-06-07T08:21:48.392+0000] {logging_mixin.py:188} INFO - [2024-06-07T08:21:48.392+0000] {dag.py:3954} INFO - Setting next_dagrun for example_subdag_operator.section-2 to None, run_after=None
[2024-06-07T08:21:48.584+0000] {processor.py:183} INFO - Processing /home/airflow/.local/lib/python3.12/site-packages/airflow/example_dags/example_subdag_operator.py took 0.363 seconds
[2024-06-07T08:22:18.869+0000] {processor.py:161} INFO - Started process (PID=2417) to work on /home/airflow/.local/lib/python3.12/site-packages/airflow/example_dags/example_subdag_operator.py
[2024-06-07T08:22:18.872+0000] {processor.py:830} INFO - Processing file /home/airflow/.local/lib/python3.12/site-packages/airflow/example_dags/example_subdag_operator.py for tasks to queue
[2024-06-07T08:22:18.875+0000] {logging_mixin.py:188} INFO - [2024-06-07T08:22:18.874+0000] {dagbag.py:545} INFO - Filling up the DagBag from /home/airflow/.local/lib/python3.12/site-packages/airflow/example_dags/example_subdag_operator.py
[2024-06-07T08:22:18.925+0000] {processor.py:840} INFO - DAG(s) 'example_subdag_operator.section-1', 'example_subdag_operator.section-2', 'example_subdag_operator' retrieved from /home/airflow/.local/lib/python3.12/site-packages/airflow/example_dags/example_subdag_operator.py
[2024-06-07T08:22:18.975+0000] {logging_mixin.py:188} INFO - [2024-06-07T08:22:18.974+0000] {dag.py:3096} INFO - Sync 3 DAGs
[2024-06-07T08:22:19.050+0000] {logging_mixin.py:188} INFO - [2024-06-07T08:22:19.049+0000] {dag.py:3954} INFO - Setting next_dagrun for example_subdag_operator to 2022-01-01 00:00:00+00:00, run_after=2022-01-01 00:00:00+00:00
[2024-06-07T08:22:19.062+0000] {logging_mixin.py:188} INFO - [2024-06-07T08:22:19.061+0000] {dag.py:3954} INFO - Setting next_dagrun for example_subdag_operator.section-1 to None, run_after=None
[2024-06-07T08:22:19.070+0000] {logging_mixin.py:188} INFO - [2024-06-07T08:22:19.069+0000] {dag.py:3954} INFO - Setting next_dagrun for example_subdag_operator.section-2 to None, run_after=None
[2024-06-07T08:22:19.093+0000] {logging_mixin.py:188} INFO - [2024-06-07T08:22:19.092+0000] {dag.py:3096} INFO - Sync 2 DAGs
[2024-06-07T08:22:19.110+0000] {logging_mixin.py:188} INFO - [2024-06-07T08:22:19.109+0000] {dag.py:3954} INFO - Setting next_dagrun for example_subdag_operator.section-1 to None, run_after=None
[2024-06-07T08:22:19.111+0000] {logging_mixin.py:188} INFO - [2024-06-07T08:22:19.111+0000] {dag.py:3954} INFO - Setting next_dagrun for example_subdag_operator.section-2 to None, run_after=None
[2024-06-07T08:22:19.381+0000] {processor.py:183} INFO - Processing /home/airflow/.local/lib/python3.12/site-packages/airflow/example_dags/example_subdag_operator.py took 0.535 seconds
[2024-06-07T08:22:50.543+0000] {processor.py:161} INFO - Started process (PID=2475) to work on /home/airflow/.local/lib/python3.12/site-packages/airflow/example_dags/example_subdag_operator.py
[2024-06-07T08:22:50.544+0000] {processor.py:830} INFO - Processing file /home/airflow/.local/lib/python3.12/site-packages/airflow/example_dags/example_subdag_operator.py for tasks to queue
[2024-06-07T08:22:50.546+0000] {logging_mixin.py:188} INFO - [2024-06-07T08:22:50.546+0000] {dagbag.py:545} INFO - Filling up the DagBag from /home/airflow/.local/lib/python3.12/site-packages/airflow/example_dags/example_subdag_operator.py
[2024-06-07T08:22:50.603+0000] {processor.py:840} INFO - DAG(s) 'example_subdag_operator.section-1', 'example_subdag_operator.section-2', 'example_subdag_operator' retrieved from /home/airflow/.local/lib/python3.12/site-packages/airflow/example_dags/example_subdag_operator.py
[2024-06-07T08:22:50.645+0000] {logging_mixin.py:188} INFO - [2024-06-07T08:22:50.645+0000] {dag.py:3096} INFO - Sync 3 DAGs
[2024-06-07T08:22:50.691+0000] {logging_mixin.py:188} INFO - [2024-06-07T08:22:50.690+0000] {dag.py:3954} INFO - Setting next_dagrun for example_subdag_operator to 2022-01-01 00:00:00+00:00, run_after=2022-01-01 00:00:00+00:00
[2024-06-07T08:22:50.705+0000] {logging_mixin.py:188} INFO - [2024-06-07T08:22:50.704+0000] {dag.py:3954} INFO - Setting next_dagrun for example_subdag_operator.section-1 to None, run_after=None
[2024-06-07T08:22:50.711+0000] {logging_mixin.py:188} INFO - [2024-06-07T08:22:50.710+0000] {dag.py:3954} INFO - Setting next_dagrun for example_subdag_operator.section-2 to None, run_after=None
[2024-06-07T08:22:50.733+0000] {logging_mixin.py:188} INFO - [2024-06-07T08:22:50.733+0000] {dag.py:3096} INFO - Sync 2 DAGs
[2024-06-07T08:22:50.757+0000] {logging_mixin.py:188} INFO - [2024-06-07T08:22:50.756+0000] {dag.py:3954} INFO - Setting next_dagrun for example_subdag_operator.section-1 to None, run_after=None
[2024-06-07T08:22:50.759+0000] {logging_mixin.py:188} INFO - [2024-06-07T08:22:50.758+0000] {dag.py:3954} INFO - Setting next_dagrun for example_subdag_operator.section-2 to None, run_after=None
[2024-06-07T08:22:51.246+0000] {processor.py:183} INFO - Processing /home/airflow/.local/lib/python3.12/site-packages/airflow/example_dags/example_subdag_operator.py took 0.716 seconds
[2024-06-07T08:23:21.945+0000] {processor.py:161} INFO - Started process (PID=2533) to work on /home/airflow/.local/lib/python3.12/site-packages/airflow/example_dags/example_subdag_operator.py
[2024-06-07T08:23:21.955+0000] {processor.py:830} INFO - Processing file /home/airflow/.local/lib/python3.12/site-packages/airflow/example_dags/example_subdag_operator.py for tasks to queue
[2024-06-07T08:23:21.969+0000] {logging_mixin.py:188} INFO - [2024-06-07T08:23:21.962+0000] {dagbag.py:545} INFO - Filling up the DagBag from /home/airflow/.local/lib/python3.12/site-packages/airflow/example_dags/example_subdag_operator.py
[2024-06-07T08:23:22.212+0000] {processor.py:840} INFO - DAG(s) 'example_subdag_operator.section-1', 'example_subdag_operator.section-2', 'example_subdag_operator' retrieved from /home/airflow/.local/lib/python3.12/site-packages/airflow/example_dags/example_subdag_operator.py
[2024-06-07T08:23:22.342+0000] {logging_mixin.py:188} INFO - [2024-06-07T08:23:22.341+0000] {dag.py:3096} INFO - Sync 3 DAGs
[2024-06-07T08:23:22.521+0000] {logging_mixin.py:188} INFO - [2024-06-07T08:23:22.520+0000] {dag.py:3954} INFO - Setting next_dagrun for example_subdag_operator to 2022-01-01 00:00:00+00:00, run_after=2022-01-01 00:00:00+00:00
[2024-06-07T08:23:22.576+0000] {logging_mixin.py:188} INFO - [2024-06-07T08:23:22.563+0000] {dag.py:3954} INFO - Setting next_dagrun for example_subdag_operator.section-1 to None, run_after=None
[2024-06-07T08:23:22.607+0000] {logging_mixin.py:188} INFO - [2024-06-07T08:23:22.595+0000] {dag.py:3954} INFO - Setting next_dagrun for example_subdag_operator.section-2 to None, run_after=None
[2024-06-07T08:23:22.691+0000] {logging_mixin.py:188} INFO - [2024-06-07T08:23:22.690+0000] {dag.py:3096} INFO - Sync 2 DAGs
[2024-06-07T08:23:22.767+0000] {logging_mixin.py:188} INFO - [2024-06-07T08:23:22.767+0000] {dag.py:3954} INFO - Setting next_dagrun for example_subdag_operator.section-1 to None, run_after=None
[2024-06-07T08:23:22.786+0000] {logging_mixin.py:188} INFO - [2024-06-07T08:23:22.785+0000] {dag.py:3954} INFO - Setting next_dagrun for example_subdag_operator.section-2 to None, run_after=None
[2024-06-07T08:23:23.191+0000] {processor.py:183} INFO - Processing /home/airflow/.local/lib/python3.12/site-packages/airflow/example_dags/example_subdag_operator.py took 1.287 seconds
