[2024-06-07T07:54:44.766+0000] {processor.py:161} INFO - Started process (PID=69) to work on /home/airflow/.local/lib/python3.12/site-packages/airflow/example_dags/example_dag_decorator.py
[2024-06-07T07:54:44.769+0000] {processor.py:830} INFO - Processing file /home/airflow/.local/lib/python3.12/site-packages/airflow/example_dags/example_dag_decorator.py for tasks to queue
[2024-06-07T07:54:44.777+0000] {logging_mixin.py:188} INFO - [2024-06-07T07:54:44.774+0000] {dagbag.py:545} INFO - Filling up the DagBag from /home/airflow/.local/lib/python3.12/site-packages/airflow/example_dags/example_dag_decorator.py
[2024-06-07T07:54:45.964+0000] {processor.py:840} INFO - DAG(s) 'example_dag_decorator' retrieved from /home/airflow/.local/lib/python3.12/site-packages/airflow/example_dags/example_dag_decorator.py
[2024-06-07T07:54:46.810+0000] {logging_mixin.py:188} INFO - [2024-06-07T07:54:46.797+0000] {override.py:1829} INFO - Created Permission View: can delete on DAG:example_dag_decorator
[2024-06-07T07:54:47.070+0000] {logging_mixin.py:188} INFO - [2024-06-07T07:54:47.070+0000] {override.py:1829} INFO - Created Permission View: can read on DAG:example_dag_decorator
[2024-06-07T07:54:47.380+0000] {logging_mixin.py:188} INFO - [2024-06-07T07:54:47.380+0000] {override.py:1829} INFO - Created Permission View: can edit on DAG:example_dag_decorator
[2024-06-07T07:54:47.390+0000] {logging_mixin.py:188} INFO - [2024-06-07T07:54:47.389+0000] {dag.py:3096} INFO - Sync 1 DAGs
[2024-06-07T07:54:47.509+0000] {logging_mixin.py:188} INFO - [2024-06-07T07:54:47.508+0000] {dag.py:3118} INFO - Creating ORM DAG for example_dag_decorator
[2024-06-07T07:54:47.541+0000] {logging_mixin.py:188} INFO - [2024-06-07T07:54:47.540+0000] {dag.py:3954} INFO - Setting next_dagrun for example_dag_decorator to None, run_after=None
[2024-06-07T07:54:47.886+0000] {processor.py:183} INFO - Processing /home/airflow/.local/lib/python3.12/site-packages/airflow/example_dags/example_dag_decorator.py took 3.138 seconds
[2024-06-07T07:55:33.136+0000] {processor.py:161} INFO - Started process (PID=127) to work on /home/airflow/.local/lib/python3.12/site-packages/airflow/example_dags/example_dag_decorator.py
[2024-06-07T07:55:33.137+0000] {processor.py:830} INFO - Processing file /home/airflow/.local/lib/python3.12/site-packages/airflow/example_dags/example_dag_decorator.py for tasks to queue
[2024-06-07T07:55:33.141+0000] {logging_mixin.py:188} INFO - [2024-06-07T07:55:33.141+0000] {dagbag.py:545} INFO - Filling up the DagBag from /home/airflow/.local/lib/python3.12/site-packages/airflow/example_dags/example_dag_decorator.py
[2024-06-07T07:55:33.480+0000] {processor.py:840} INFO - DAG(s) 'example_dag_decorator' retrieved from /home/airflow/.local/lib/python3.12/site-packages/airflow/example_dags/example_dag_decorator.py
[2024-06-07T07:55:33.778+0000] {logging_mixin.py:188} INFO - [2024-06-07T07:55:33.777+0000] {dag.py:3096} INFO - Sync 1 DAGs
[2024-06-07T07:55:33.804+0000] {logging_mixin.py:188} INFO - [2024-06-07T07:55:33.804+0000] {dag.py:3954} INFO - Setting next_dagrun for example_dag_decorator to None, run_after=None
[2024-06-07T07:55:34.118+0000] {processor.py:183} INFO - Processing /home/airflow/.local/lib/python3.12/site-packages/airflow/example_dags/example_dag_decorator.py took 0.996 seconds
[2024-06-07T07:56:06.339+0000] {processor.py:161} INFO - Started process (PID=185) to work on /home/airflow/.local/lib/python3.12/site-packages/airflow/example_dags/example_dag_decorator.py
[2024-06-07T07:56:06.341+0000] {processor.py:830} INFO - Processing file /home/airflow/.local/lib/python3.12/site-packages/airflow/example_dags/example_dag_decorator.py for tasks to queue
[2024-06-07T07:56:06.345+0000] {logging_mixin.py:188} INFO - [2024-06-07T07:56:06.345+0000] {dagbag.py:545} INFO - Filling up the DagBag from /home/airflow/.local/lib/python3.12/site-packages/airflow/example_dags/example_dag_decorator.py
[2024-06-07T07:56:06.637+0000] {processor.py:840} INFO - DAG(s) 'example_dag_decorator' retrieved from /home/airflow/.local/lib/python3.12/site-packages/airflow/example_dags/example_dag_decorator.py
[2024-06-07T07:56:06.972+0000] {logging_mixin.py:188} INFO - [2024-06-07T07:56:06.972+0000] {dag.py:3096} INFO - Sync 1 DAGs
[2024-06-07T07:56:06.993+0000] {logging_mixin.py:188} INFO - [2024-06-07T07:56:06.992+0000] {dag.py:3954} INFO - Setting next_dagrun for example_dag_decorator to None, run_after=None
[2024-06-07T07:56:07.150+0000] {processor.py:183} INFO - Processing /home/airflow/.local/lib/python3.12/site-packages/airflow/example_dags/example_dag_decorator.py took 0.824 seconds
[2024-06-07T07:56:48.234+0000] {processor.py:161} INFO - Started process (PID=243) to work on /home/airflow/.local/lib/python3.12/site-packages/airflow/example_dags/example_dag_decorator.py
[2024-06-07T07:56:48.259+0000] {processor.py:830} INFO - Processing file /home/airflow/.local/lib/python3.12/site-packages/airflow/example_dags/example_dag_decorator.py for tasks to queue
[2024-06-07T07:56:48.316+0000] {logging_mixin.py:188} INFO - [2024-06-07T07:56:48.315+0000] {dagbag.py:545} INFO - Filling up the DagBag from /home/airflow/.local/lib/python3.12/site-packages/airflow/example_dags/example_dag_decorator.py
[2024-06-07T07:56:50.244+0000] {processor.py:840} INFO - DAG(s) 'example_dag_decorator' retrieved from /home/airflow/.local/lib/python3.12/site-packages/airflow/example_dags/example_dag_decorator.py
[2024-06-07T07:56:50.774+0000] {logging_mixin.py:188} INFO - [2024-06-07T07:56:50.773+0000] {dag.py:3096} INFO - Sync 1 DAGs
[2024-06-07T07:56:50.934+0000] {logging_mixin.py:188} INFO - [2024-06-07T07:56:50.933+0000] {dag.py:3954} INFO - Setting next_dagrun for example_dag_decorator to None, run_after=None
[2024-06-07T07:56:51.697+0000] {processor.py:183} INFO - Processing /home/airflow/.local/lib/python3.12/site-packages/airflow/example_dags/example_dag_decorator.py took 3.513 seconds
[2024-06-07T07:57:25.284+0000] {processor.py:161} INFO - Started process (PID=305) to work on /home/airflow/.local/lib/python3.12/site-packages/airflow/example_dags/example_dag_decorator.py
[2024-06-07T07:57:25.287+0000] {processor.py:830} INFO - Processing file /home/airflow/.local/lib/python3.12/site-packages/airflow/example_dags/example_dag_decorator.py for tasks to queue
[2024-06-07T07:57:25.294+0000] {logging_mixin.py:188} INFO - [2024-06-07T07:57:25.293+0000] {dagbag.py:545} INFO - Filling up the DagBag from /home/airflow/.local/lib/python3.12/site-packages/airflow/example_dags/example_dag_decorator.py
[2024-06-07T07:57:25.883+0000] {processor.py:840} INFO - DAG(s) 'example_dag_decorator' retrieved from /home/airflow/.local/lib/python3.12/site-packages/airflow/example_dags/example_dag_decorator.py
[2024-06-07T07:57:26.702+0000] {logging_mixin.py:188} INFO - [2024-06-07T07:57:26.702+0000] {dag.py:3096} INFO - Sync 1 DAGs
[2024-06-07T07:57:26.878+0000] {logging_mixin.py:188} INFO - [2024-06-07T07:57:26.877+0000] {dag.py:3954} INFO - Setting next_dagrun for example_dag_decorator to None, run_after=None
[2024-06-07T07:57:27.240+0000] {processor.py:183} INFO - Processing /home/airflow/.local/lib/python3.12/site-packages/airflow/example_dags/example_dag_decorator.py took 1.990 seconds
[2024-06-07T07:57:58.025+0000] {processor.py:161} INFO - Started process (PID=365) to work on /home/airflow/.local/lib/python3.12/site-packages/airflow/example_dags/example_dag_decorator.py
[2024-06-07T07:57:58.027+0000] {processor.py:830} INFO - Processing file /home/airflow/.local/lib/python3.12/site-packages/airflow/example_dags/example_dag_decorator.py for tasks to queue
[2024-06-07T07:57:58.031+0000] {logging_mixin.py:188} INFO - [2024-06-07T07:57:58.030+0000] {dagbag.py:545} INFO - Filling up the DagBag from /home/airflow/.local/lib/python3.12/site-packages/airflow/example_dags/example_dag_decorator.py
[2024-06-07T07:57:58.484+0000] {processor.py:840} INFO - DAG(s) 'example_dag_decorator' retrieved from /home/airflow/.local/lib/python3.12/site-packages/airflow/example_dags/example_dag_decorator.py
[2024-06-07T07:57:59.662+0000] {logging_mixin.py:188} INFO - [2024-06-07T07:57:59.662+0000] {dag.py:3096} INFO - Sync 1 DAGs
[2024-06-07T07:57:59.822+0000] {logging_mixin.py:188} INFO - [2024-06-07T07:57:59.822+0000] {dag.py:3954} INFO - Setting next_dagrun for example_dag_decorator to None, run_after=None
[2024-06-07T07:58:12.226+0000] {processor.py:183} INFO - Processing /home/airflow/.local/lib/python3.12/site-packages/airflow/example_dags/example_dag_decorator.py took 14.269 seconds
[2024-06-07T07:58:48.002+0000] {processor.py:161} INFO - Started process (PID=438) to work on /home/airflow/.local/lib/python3.12/site-packages/airflow/example_dags/example_dag_decorator.py
[2024-06-07T07:58:48.048+0000] {processor.py:830} INFO - Processing file /home/airflow/.local/lib/python3.12/site-packages/airflow/example_dags/example_dag_decorator.py for tasks to queue
[2024-06-07T07:58:48.060+0000] {logging_mixin.py:188} INFO - [2024-06-07T07:58:48.059+0000] {dagbag.py:545} INFO - Filling up the DagBag from /home/airflow/.local/lib/python3.12/site-packages/airflow/example_dags/example_dag_decorator.py
[2024-06-07T07:58:48.983+0000] {processor.py:840} INFO - DAG(s) 'example_dag_decorator' retrieved from /home/airflow/.local/lib/python3.12/site-packages/airflow/example_dags/example_dag_decorator.py
[2024-06-07T07:58:49.147+0000] {logging_mixin.py:188} INFO - [2024-06-07T07:58:49.147+0000] {dag.py:3096} INFO - Sync 1 DAGs
[2024-06-07T07:58:49.262+0000] {logging_mixin.py:188} INFO - [2024-06-07T07:58:49.262+0000] {dag.py:3954} INFO - Setting next_dagrun for example_dag_decorator to None, run_after=None
[2024-06-07T07:58:49.457+0000] {processor.py:183} INFO - Processing /home/airflow/.local/lib/python3.12/site-packages/airflow/example_dags/example_dag_decorator.py took 1.514 seconds
[2024-06-07T07:59:23.680+0000] {processor.py:161} INFO - Started process (PID=500) to work on /home/airflow/.local/lib/python3.12/site-packages/airflow/example_dags/example_dag_decorator.py
[2024-06-07T07:59:23.682+0000] {processor.py:830} INFO - Processing file /home/airflow/.local/lib/python3.12/site-packages/airflow/example_dags/example_dag_decorator.py for tasks to queue
[2024-06-07T07:59:23.687+0000] {logging_mixin.py:188} INFO - [2024-06-07T07:59:23.686+0000] {dagbag.py:545} INFO - Filling up the DagBag from /home/airflow/.local/lib/python3.12/site-packages/airflow/example_dags/example_dag_decorator.py
[2024-06-07T07:59:24.161+0000] {processor.py:840} INFO - DAG(s) 'example_dag_decorator' retrieved from /home/airflow/.local/lib/python3.12/site-packages/airflow/example_dags/example_dag_decorator.py
[2024-06-07T07:59:24.843+0000] {logging_mixin.py:188} INFO - [2024-06-07T07:59:24.842+0000] {dag.py:3096} INFO - Sync 1 DAGs
[2024-06-07T07:59:25.055+0000] {logging_mixin.py:188} INFO - [2024-06-07T07:59:25.055+0000] {dag.py:3954} INFO - Setting next_dagrun for example_dag_decorator to None, run_after=None
[2024-06-07T07:59:25.284+0000] {processor.py:183} INFO - Processing /home/airflow/.local/lib/python3.12/site-packages/airflow/example_dags/example_dag_decorator.py took 1.622 seconds
[2024-06-07T07:59:56.719+0000] {processor.py:161} INFO - Started process (PID=557) to work on /home/airflow/.local/lib/python3.12/site-packages/airflow/example_dags/example_dag_decorator.py
[2024-06-07T07:59:56.736+0000] {processor.py:830} INFO - Processing file /home/airflow/.local/lib/python3.12/site-packages/airflow/example_dags/example_dag_decorator.py for tasks to queue
[2024-06-07T07:59:56.775+0000] {logging_mixin.py:188} INFO - [2024-06-07T07:59:56.773+0000] {dagbag.py:545} INFO - Filling up the DagBag from /home/airflow/.local/lib/python3.12/site-packages/airflow/example_dags/example_dag_decorator.py
[2024-06-07T07:59:59.588+0000] {processor.py:840} INFO - DAG(s) 'example_dag_decorator' retrieved from /home/airflow/.local/lib/python3.12/site-packages/airflow/example_dags/example_dag_decorator.py
[2024-06-07T08:00:01.543+0000] {logging_mixin.py:188} INFO - [2024-06-07T08:00:01.542+0000] {dag.py:3096} INFO - Sync 1 DAGs
[2024-06-07T08:00:01.709+0000] {logging_mixin.py:188} INFO - [2024-06-07T08:00:01.708+0000] {dag.py:3954} INFO - Setting next_dagrun for example_dag_decorator to None, run_after=None
[2024-06-07T08:00:02.219+0000] {processor.py:183} INFO - Processing /home/airflow/.local/lib/python3.12/site-packages/airflow/example_dags/example_dag_decorator.py took 5.702 seconds
[2024-06-07T08:00:52.635+0000] {processor.py:161} INFO - Started process (PID=616) to work on /home/airflow/.local/lib/python3.12/site-packages/airflow/example_dags/example_dag_decorator.py
[2024-06-07T08:00:52.638+0000] {processor.py:830} INFO - Processing file /home/airflow/.local/lib/python3.12/site-packages/airflow/example_dags/example_dag_decorator.py for tasks to queue
[2024-06-07T08:00:52.667+0000] {logging_mixin.py:188} INFO - [2024-06-07T08:00:52.666+0000] {dagbag.py:545} INFO - Filling up the DagBag from /home/airflow/.local/lib/python3.12/site-packages/airflow/example_dags/example_dag_decorator.py
[2024-06-07T08:00:53.355+0000] {processor.py:840} INFO - DAG(s) 'example_dag_decorator' retrieved from /home/airflow/.local/lib/python3.12/site-packages/airflow/example_dags/example_dag_decorator.py
[2024-06-07T08:00:53.943+0000] {logging_mixin.py:188} INFO - [2024-06-07T08:00:53.942+0000] {dag.py:3096} INFO - Sync 1 DAGs
[2024-06-07T08:00:54.001+0000] {logging_mixin.py:188} INFO - [2024-06-07T08:00:54.000+0000] {dag.py:3954} INFO - Setting next_dagrun for example_dag_decorator to None, run_after=None
[2024-06-07T08:00:54.229+0000] {processor.py:183} INFO - Processing /home/airflow/.local/lib/python3.12/site-packages/airflow/example_dags/example_dag_decorator.py took 1.721 seconds
[2024-06-07T08:01:27.972+0000] {processor.py:161} INFO - Started process (PID=679) to work on /home/airflow/.local/lib/python3.12/site-packages/airflow/example_dags/example_dag_decorator.py
[2024-06-07T08:01:27.996+0000] {processor.py:830} INFO - Processing file /home/airflow/.local/lib/python3.12/site-packages/airflow/example_dags/example_dag_decorator.py for tasks to queue
[2024-06-07T08:01:28.050+0000] {logging_mixin.py:188} INFO - [2024-06-07T08:01:28.046+0000] {dagbag.py:545} INFO - Filling up the DagBag from /home/airflow/.local/lib/python3.12/site-packages/airflow/example_dags/example_dag_decorator.py
[2024-06-07T08:01:29.060+0000] {processor.py:840} INFO - DAG(s) 'example_dag_decorator' retrieved from /home/airflow/.local/lib/python3.12/site-packages/airflow/example_dags/example_dag_decorator.py
[2024-06-07T08:01:29.158+0000] {logging_mixin.py:188} INFO - [2024-06-07T08:01:29.157+0000] {dag.py:3096} INFO - Sync 1 DAGs
[2024-06-07T08:01:29.208+0000] {logging_mixin.py:188} INFO - [2024-06-07T08:01:29.208+0000] {dag.py:3954} INFO - Setting next_dagrun for example_dag_decorator to None, run_after=None
[2024-06-07T08:01:29.497+0000] {processor.py:183} INFO - Processing /home/airflow/.local/lib/python3.12/site-packages/airflow/example_dags/example_dag_decorator.py took 1.703 seconds
[2024-06-07T08:02:22.910+0000] {processor.py:161} INFO - Started process (PID=729) to work on /home/airflow/.local/lib/python3.12/site-packages/airflow/example_dags/example_dag_decorator.py
[2024-06-07T08:02:22.912+0000] {processor.py:830} INFO - Processing file /home/airflow/.local/lib/python3.12/site-packages/airflow/example_dags/example_dag_decorator.py for tasks to queue
[2024-06-07T08:02:22.938+0000] {logging_mixin.py:188} INFO - [2024-06-07T08:02:22.937+0000] {dagbag.py:545} INFO - Filling up the DagBag from /home/airflow/.local/lib/python3.12/site-packages/airflow/example_dags/example_dag_decorator.py
[2024-06-07T08:02:23.686+0000] {processor.py:840} INFO - DAG(s) 'example_dag_decorator' retrieved from /home/airflow/.local/lib/python3.12/site-packages/airflow/example_dags/example_dag_decorator.py
[2024-06-07T08:02:24.503+0000] {logging_mixin.py:188} INFO - [2024-06-07T08:02:24.502+0000] {dag.py:3096} INFO - Sync 1 DAGs
[2024-06-07T08:02:24.608+0000] {logging_mixin.py:188} INFO - [2024-06-07T08:02:24.607+0000] {dag.py:3954} INFO - Setting next_dagrun for example_dag_decorator to None, run_after=None
[2024-06-07T08:02:25.817+0000] {processor.py:183} INFO - Processing /home/airflow/.local/lib/python3.12/site-packages/airflow/example_dags/example_dag_decorator.py took 2.966 seconds
[2024-06-07T08:02:56.755+0000] {processor.py:161} INFO - Started process (PID=796) to work on /home/airflow/.local/lib/python3.12/site-packages/airflow/example_dags/example_dag_decorator.py
[2024-06-07T08:02:56.757+0000] {processor.py:830} INFO - Processing file /home/airflow/.local/lib/python3.12/site-packages/airflow/example_dags/example_dag_decorator.py for tasks to queue
[2024-06-07T08:02:56.762+0000] {logging_mixin.py:188} INFO - [2024-06-07T08:02:56.762+0000] {dagbag.py:545} INFO - Filling up the DagBag from /home/airflow/.local/lib/python3.12/site-packages/airflow/example_dags/example_dag_decorator.py
[2024-06-07T08:02:57.236+0000] {processor.py:840} INFO - DAG(s) 'example_dag_decorator' retrieved from /home/airflow/.local/lib/python3.12/site-packages/airflow/example_dags/example_dag_decorator.py
[2024-06-07T08:02:57.528+0000] {logging_mixin.py:188} INFO - [2024-06-07T08:02:57.528+0000] {dag.py:3096} INFO - Sync 1 DAGs
[2024-06-07T08:02:57.552+0000] {logging_mixin.py:188} INFO - [2024-06-07T08:02:57.552+0000] {dag.py:3954} INFO - Setting next_dagrun for example_dag_decorator to None, run_after=None
[2024-06-07T08:02:57.932+0000] {processor.py:183} INFO - Processing /home/airflow/.local/lib/python3.12/site-packages/airflow/example_dags/example_dag_decorator.py took 1.194 seconds
[2024-06-07T08:03:30.045+0000] {processor.py:161} INFO - Started process (PID=854) to work on /home/airflow/.local/lib/python3.12/site-packages/airflow/example_dags/example_dag_decorator.py
[2024-06-07T08:03:30.047+0000] {processor.py:830} INFO - Processing file /home/airflow/.local/lib/python3.12/site-packages/airflow/example_dags/example_dag_decorator.py for tasks to queue
[2024-06-07T08:03:30.050+0000] {logging_mixin.py:188} INFO - [2024-06-07T08:03:30.050+0000] {dagbag.py:545} INFO - Filling up the DagBag from /home/airflow/.local/lib/python3.12/site-packages/airflow/example_dags/example_dag_decorator.py
[2024-06-07T08:03:30.383+0000] {processor.py:840} INFO - DAG(s) 'example_dag_decorator' retrieved from /home/airflow/.local/lib/python3.12/site-packages/airflow/example_dags/example_dag_decorator.py
[2024-06-07T08:03:30.708+0000] {logging_mixin.py:188} INFO - [2024-06-07T08:03:30.708+0000] {dag.py:3096} INFO - Sync 1 DAGs
[2024-06-07T08:03:30.772+0000] {logging_mixin.py:188} INFO - [2024-06-07T08:03:30.772+0000] {dag.py:3954} INFO - Setting next_dagrun for example_dag_decorator to None, run_after=None
[2024-06-07T08:03:30.976+0000] {processor.py:183} INFO - Processing /home/airflow/.local/lib/python3.12/site-packages/airflow/example_dags/example_dag_decorator.py took 0.945 seconds
[2024-06-07T08:04:01.696+0000] {processor.py:161} INFO - Started process (PID=910) to work on /home/airflow/.local/lib/python3.12/site-packages/airflow/example_dags/example_dag_decorator.py
[2024-06-07T08:04:01.706+0000] {processor.py:830} INFO - Processing file /home/airflow/.local/lib/python3.12/site-packages/airflow/example_dags/example_dag_decorator.py for tasks to queue
[2024-06-07T08:04:01.710+0000] {logging_mixin.py:188} INFO - [2024-06-07T08:04:01.710+0000] {dagbag.py:545} INFO - Filling up the DagBag from /home/airflow/.local/lib/python3.12/site-packages/airflow/example_dags/example_dag_decorator.py
[2024-06-07T08:04:02.364+0000] {processor.py:840} INFO - DAG(s) 'example_dag_decorator' retrieved from /home/airflow/.local/lib/python3.12/site-packages/airflow/example_dags/example_dag_decorator.py
[2024-06-07T08:04:04.333+0000] {logging_mixin.py:188} INFO - [2024-06-07T08:04:04.332+0000] {dag.py:3096} INFO - Sync 1 DAGs
[2024-06-07T08:04:04.389+0000] {logging_mixin.py:188} INFO - [2024-06-07T08:04:04.386+0000] {dag.py:3954} INFO - Setting next_dagrun for example_dag_decorator to None, run_after=None
[2024-06-07T08:04:04.565+0000] {processor.py:183} INFO - Processing /home/airflow/.local/lib/python3.12/site-packages/airflow/example_dags/example_dag_decorator.py took 2.952 seconds
[2024-06-07T08:04:35.514+0000] {processor.py:161} INFO - Started process (PID=968) to work on /home/airflow/.local/lib/python3.12/site-packages/airflow/example_dags/example_dag_decorator.py
[2024-06-07T08:04:35.516+0000] {processor.py:830} INFO - Processing file /home/airflow/.local/lib/python3.12/site-packages/airflow/example_dags/example_dag_decorator.py for tasks to queue
[2024-06-07T08:04:35.523+0000] {logging_mixin.py:188} INFO - [2024-06-07T08:04:35.523+0000] {dagbag.py:545} INFO - Filling up the DagBag from /home/airflow/.local/lib/python3.12/site-packages/airflow/example_dags/example_dag_decorator.py
[2024-06-07T08:04:36.236+0000] {processor.py:840} INFO - DAG(s) 'example_dag_decorator' retrieved from /home/airflow/.local/lib/python3.12/site-packages/airflow/example_dags/example_dag_decorator.py
[2024-06-07T08:04:36.685+0000] {logging_mixin.py:188} INFO - [2024-06-07T08:04:36.685+0000] {dag.py:3096} INFO - Sync 1 DAGs
[2024-06-07T08:04:36.745+0000] {logging_mixin.py:188} INFO - [2024-06-07T08:04:36.744+0000] {dag.py:3954} INFO - Setting next_dagrun for example_dag_decorator to None, run_after=None
[2024-06-07T08:04:37.952+0000] {processor.py:183} INFO - Processing /home/airflow/.local/lib/python3.12/site-packages/airflow/example_dags/example_dag_decorator.py took 2.472 seconds
[2024-06-07T08:05:08.872+0000] {processor.py:161} INFO - Started process (PID=1028) to work on /home/airflow/.local/lib/python3.12/site-packages/airflow/example_dags/example_dag_decorator.py
[2024-06-07T08:05:08.876+0000] {processor.py:830} INFO - Processing file /home/airflow/.local/lib/python3.12/site-packages/airflow/example_dags/example_dag_decorator.py for tasks to queue
[2024-06-07T08:05:08.882+0000] {logging_mixin.py:188} INFO - [2024-06-07T08:05:08.881+0000] {dagbag.py:545} INFO - Filling up the DagBag from /home/airflow/.local/lib/python3.12/site-packages/airflow/example_dags/example_dag_decorator.py
[2024-06-07T08:05:09.477+0000] {processor.py:840} INFO - DAG(s) 'example_dag_decorator' retrieved from /home/airflow/.local/lib/python3.12/site-packages/airflow/example_dags/example_dag_decorator.py
[2024-06-07T08:05:12.241+0000] {logging_mixin.py:188} INFO - [2024-06-07T08:05:12.240+0000] {dag.py:3096} INFO - Sync 1 DAGs
[2024-06-07T08:05:12.300+0000] {logging_mixin.py:188} INFO - [2024-06-07T08:05:12.300+0000] {dag.py:3954} INFO - Setting next_dagrun for example_dag_decorator to None, run_after=None
[2024-06-07T08:05:12.479+0000] {processor.py:183} INFO - Processing /home/airflow/.local/lib/python3.12/site-packages/airflow/example_dags/example_dag_decorator.py took 3.636 seconds
[2024-06-07T08:05:42.953+0000] {processor.py:161} INFO - Started process (PID=1088) to work on /home/airflow/.local/lib/python3.12/site-packages/airflow/example_dags/example_dag_decorator.py
[2024-06-07T08:05:42.956+0000] {processor.py:830} INFO - Processing file /home/airflow/.local/lib/python3.12/site-packages/airflow/example_dags/example_dag_decorator.py for tasks to queue
[2024-06-07T08:05:42.962+0000] {logging_mixin.py:188} INFO - [2024-06-07T08:05:42.961+0000] {dagbag.py:545} INFO - Filling up the DagBag from /home/airflow/.local/lib/python3.12/site-packages/airflow/example_dags/example_dag_decorator.py
[2024-06-07T08:05:43.362+0000] {processor.py:840} INFO - DAG(s) 'example_dag_decorator' retrieved from /home/airflow/.local/lib/python3.12/site-packages/airflow/example_dags/example_dag_decorator.py
[2024-06-07T08:05:44.448+0000] {logging_mixin.py:188} INFO - [2024-06-07T08:05:44.447+0000] {dag.py:3096} INFO - Sync 1 DAGs
[2024-06-07T08:05:44.473+0000] {logging_mixin.py:188} INFO - [2024-06-07T08:05:44.472+0000] {dag.py:3954} INFO - Setting next_dagrun for example_dag_decorator to None, run_after=None
[2024-06-07T08:05:44.674+0000] {processor.py:183} INFO - Processing /home/airflow/.local/lib/python3.12/site-packages/airflow/example_dags/example_dag_decorator.py took 1.743 seconds
[2024-06-07T08:06:15.706+0000] {processor.py:161} INFO - Started process (PID=1154) to work on /home/airflow/.local/lib/python3.12/site-packages/airflow/example_dags/example_dag_decorator.py
[2024-06-07T08:06:15.710+0000] {processor.py:830} INFO - Processing file /home/airflow/.local/lib/python3.12/site-packages/airflow/example_dags/example_dag_decorator.py for tasks to queue
[2024-06-07T08:06:15.715+0000] {logging_mixin.py:188} INFO - [2024-06-07T08:06:15.714+0000] {dagbag.py:545} INFO - Filling up the DagBag from /home/airflow/.local/lib/python3.12/site-packages/airflow/example_dags/example_dag_decorator.py
[2024-06-07T08:06:16.006+0000] {processor.py:840} INFO - DAG(s) 'example_dag_decorator' retrieved from /home/airflow/.local/lib/python3.12/site-packages/airflow/example_dags/example_dag_decorator.py
[2024-06-07T08:06:16.687+0000] {logging_mixin.py:188} INFO - [2024-06-07T08:06:16.686+0000] {dag.py:3096} INFO - Sync 1 DAGs
[2024-06-07T08:06:16.783+0000] {logging_mixin.py:188} INFO - [2024-06-07T08:06:16.782+0000] {dag.py:3954} INFO - Setting next_dagrun for example_dag_decorator to None, run_after=None
[2024-06-07T08:06:17.071+0000] {processor.py:183} INFO - Processing /home/airflow/.local/lib/python3.12/site-packages/airflow/example_dags/example_dag_decorator.py took 1.382 seconds
[2024-06-07T08:06:49.935+0000] {processor.py:161} INFO - Started process (PID=1214) to work on /home/airflow/.local/lib/python3.12/site-packages/airflow/example_dags/example_dag_decorator.py
[2024-06-07T08:06:49.946+0000] {processor.py:830} INFO - Processing file /home/airflow/.local/lib/python3.12/site-packages/airflow/example_dags/example_dag_decorator.py for tasks to queue
[2024-06-07T08:06:49.974+0000] {logging_mixin.py:188} INFO - [2024-06-07T08:06:49.973+0000] {dagbag.py:545} INFO - Filling up the DagBag from /home/airflow/.local/lib/python3.12/site-packages/airflow/example_dags/example_dag_decorator.py
[2024-06-07T08:06:57.119+0000] {processor.py:840} INFO - DAG(s) 'example_dag_decorator' retrieved from /home/airflow/.local/lib/python3.12/site-packages/airflow/example_dags/example_dag_decorator.py
[2024-06-07T08:08:17.059+0000] {processor.py:161} INFO - Started process (PID=1310) to work on /home/airflow/.local/lib/python3.12/site-packages/airflow/example_dags/example_dag_decorator.py
[2024-06-07T08:08:17.061+0000] {processor.py:830} INFO - Processing file /home/airflow/.local/lib/python3.12/site-packages/airflow/example_dags/example_dag_decorator.py for tasks to queue
[2024-06-07T08:08:17.066+0000] {logging_mixin.py:188} INFO - [2024-06-07T08:08:17.066+0000] {dagbag.py:545} INFO - Filling up the DagBag from /home/airflow/.local/lib/python3.12/site-packages/airflow/example_dags/example_dag_decorator.py
[2024-06-07T08:08:22.142+0000] {processor.py:840} INFO - DAG(s) 'example_dag_decorator' retrieved from /home/airflow/.local/lib/python3.12/site-packages/airflow/example_dags/example_dag_decorator.py
[2024-06-07T08:08:22.316+0000] {logging_mixin.py:188} INFO - [2024-06-07T08:08:22.315+0000] {dag.py:3096} INFO - Sync 1 DAGs
[2024-06-07T08:08:22.394+0000] {logging_mixin.py:188} INFO - [2024-06-07T08:08:22.388+0000] {dag.py:3954} INFO - Setting next_dagrun for example_dag_decorator to None, run_after=None
[2024-06-07T08:08:22.724+0000] {processor.py:183} INFO - Processing /home/airflow/.local/lib/python3.12/site-packages/airflow/example_dags/example_dag_decorator.py took 5.692 seconds
[2024-06-07T08:08:55.141+0000] {processor.py:161} INFO - Started process (PID=1366) to work on /home/airflow/.local/lib/python3.12/site-packages/airflow/example_dags/example_dag_decorator.py
[2024-06-07T08:08:55.157+0000] {processor.py:830} INFO - Processing file /home/airflow/.local/lib/python3.12/site-packages/airflow/example_dags/example_dag_decorator.py for tasks to queue
[2024-06-07T08:08:55.257+0000] {logging_mixin.py:188} INFO - [2024-06-07T08:08:55.255+0000] {dagbag.py:545} INFO - Filling up the DagBag from /home/airflow/.local/lib/python3.12/site-packages/airflow/example_dags/example_dag_decorator.py
[2024-06-07T08:08:58.370+0000] {processor.py:840} INFO - DAG(s) 'example_dag_decorator' retrieved from /home/airflow/.local/lib/python3.12/site-packages/airflow/example_dags/example_dag_decorator.py
[2024-06-07T08:13:36.909+0000] {processor.py:161} INFO - Started process (PID=1475) to work on /home/airflow/.local/lib/python3.12/site-packages/airflow/example_dags/example_dag_decorator.py
[2024-06-07T08:13:37.163+0000] {processor.py:830} INFO - Processing file /home/airflow/.local/lib/python3.12/site-packages/airflow/example_dags/example_dag_decorator.py for tasks to queue
[2024-06-07T08:13:37.168+0000] {logging_mixin.py:188} INFO - [2024-06-07T08:13:37.166+0000] {dagbag.py:545} INFO - Filling up the DagBag from /home/airflow/.local/lib/python3.12/site-packages/airflow/example_dags/example_dag_decorator.py
[2024-06-07T08:13:38.146+0000] {processor.py:840} INFO - DAG(s) 'example_dag_decorator' retrieved from /home/airflow/.local/lib/python3.12/site-packages/airflow/example_dags/example_dag_decorator.py
[2024-06-07T08:13:38.767+0000] {logging_mixin.py:188} INFO - [2024-06-07T08:13:38.767+0000] {dag.py:3096} INFO - Sync 1 DAGs
[2024-06-07T08:13:38.788+0000] {logging_mixin.py:188} INFO - [2024-06-07T08:13:38.787+0000] {dag.py:3954} INFO - Setting next_dagrun for example_dag_decorator to None, run_after=None
[2024-06-07T08:13:39.380+0000] {processor.py:183} INFO - Processing /home/airflow/.local/lib/python3.12/site-packages/airflow/example_dags/example_dag_decorator.py took 2.510 seconds
[2024-06-07T08:14:10.246+0000] {processor.py:161} INFO - Started process (PID=1532) to work on /home/airflow/.local/lib/python3.12/site-packages/airflow/example_dags/example_dag_decorator.py
[2024-06-07T08:14:10.248+0000] {processor.py:830} INFO - Processing file /home/airflow/.local/lib/python3.12/site-packages/airflow/example_dags/example_dag_decorator.py for tasks to queue
[2024-06-07T08:14:10.252+0000] {logging_mixin.py:188} INFO - [2024-06-07T08:14:10.251+0000] {dagbag.py:545} INFO - Filling up the DagBag from /home/airflow/.local/lib/python3.12/site-packages/airflow/example_dags/example_dag_decorator.py
[2024-06-07T08:14:11.276+0000] {processor.py:840} INFO - DAG(s) 'example_dag_decorator' retrieved from /home/airflow/.local/lib/python3.12/site-packages/airflow/example_dags/example_dag_decorator.py
[2024-06-07T08:14:11.676+0000] {logging_mixin.py:188} INFO - [2024-06-07T08:14:11.676+0000] {dag.py:3096} INFO - Sync 1 DAGs
[2024-06-07T08:14:11.702+0000] {logging_mixin.py:188} INFO - [2024-06-07T08:14:11.702+0000] {dag.py:3954} INFO - Setting next_dagrun for example_dag_decorator to None, run_after=None
[2024-06-07T08:14:12.024+0000] {processor.py:183} INFO - Processing /home/airflow/.local/lib/python3.12/site-packages/airflow/example_dags/example_dag_decorator.py took 1.809 seconds
[2024-06-07T08:14:42.154+0000] {processor.py:161} INFO - Started process (PID=1592) to work on /home/airflow/.local/lib/python3.12/site-packages/airflow/example_dags/example_dag_decorator.py
[2024-06-07T08:14:42.157+0000] {processor.py:830} INFO - Processing file /home/airflow/.local/lib/python3.12/site-packages/airflow/example_dags/example_dag_decorator.py for tasks to queue
[2024-06-07T08:14:42.162+0000] {logging_mixin.py:188} INFO - [2024-06-07T08:14:42.160+0000] {dagbag.py:545} INFO - Filling up the DagBag from /home/airflow/.local/lib/python3.12/site-packages/airflow/example_dags/example_dag_decorator.py
[2024-06-07T08:14:43.039+0000] {processor.py:840} INFO - DAG(s) 'example_dag_decorator' retrieved from /home/airflow/.local/lib/python3.12/site-packages/airflow/example_dags/example_dag_decorator.py
[2024-06-07T08:14:43.471+0000] {logging_mixin.py:188} INFO - [2024-06-07T08:14:43.470+0000] {dag.py:3096} INFO - Sync 1 DAGs
[2024-06-07T08:14:43.509+0000] {logging_mixin.py:188} INFO - [2024-06-07T08:14:43.509+0000] {dag.py:3954} INFO - Setting next_dagrun for example_dag_decorator to None, run_after=None
[2024-06-07T08:14:44.878+0000] {processor.py:183} INFO - Processing /home/airflow/.local/lib/python3.12/site-packages/airflow/example_dags/example_dag_decorator.py took 2.742 seconds
[2024-06-07T08:15:15.026+0000] {processor.py:161} INFO - Started process (PID=1650) to work on /home/airflow/.local/lib/python3.12/site-packages/airflow/example_dags/example_dag_decorator.py
[2024-06-07T08:15:15.028+0000] {processor.py:830} INFO - Processing file /home/airflow/.local/lib/python3.12/site-packages/airflow/example_dags/example_dag_decorator.py for tasks to queue
[2024-06-07T08:15:15.030+0000] {logging_mixin.py:188} INFO - [2024-06-07T08:15:15.029+0000] {dagbag.py:545} INFO - Filling up the DagBag from /home/airflow/.local/lib/python3.12/site-packages/airflow/example_dags/example_dag_decorator.py
[2024-06-07T08:15:15.298+0000] {processor.py:840} INFO - DAG(s) 'example_dag_decorator' retrieved from /home/airflow/.local/lib/python3.12/site-packages/airflow/example_dags/example_dag_decorator.py
[2024-06-07T08:15:16.005+0000] {logging_mixin.py:188} INFO - [2024-06-07T08:15:16.004+0000] {dag.py:3096} INFO - Sync 1 DAGs
[2024-06-07T08:15:16.054+0000] {logging_mixin.py:188} INFO - [2024-06-07T08:15:16.054+0000] {dag.py:3954} INFO - Setting next_dagrun for example_dag_decorator to None, run_after=None
[2024-06-07T08:15:16.479+0000] {processor.py:183} INFO - Processing /home/airflow/.local/lib/python3.12/site-packages/airflow/example_dags/example_dag_decorator.py took 1.473 seconds
[2024-06-07T08:15:47.311+0000] {processor.py:161} INFO - Started process (PID=1708) to work on /home/airflow/.local/lib/python3.12/site-packages/airflow/example_dags/example_dag_decorator.py
[2024-06-07T08:15:47.313+0000] {processor.py:830} INFO - Processing file /home/airflow/.local/lib/python3.12/site-packages/airflow/example_dags/example_dag_decorator.py for tasks to queue
[2024-06-07T08:15:47.317+0000] {logging_mixin.py:188} INFO - [2024-06-07T08:15:47.315+0000] {dagbag.py:545} INFO - Filling up the DagBag from /home/airflow/.local/lib/python3.12/site-packages/airflow/example_dags/example_dag_decorator.py
[2024-06-07T08:15:48.787+0000] {processor.py:840} INFO - DAG(s) 'example_dag_decorator' retrieved from /home/airflow/.local/lib/python3.12/site-packages/airflow/example_dags/example_dag_decorator.py
[2024-06-07T08:15:49.304+0000] {logging_mixin.py:188} INFO - [2024-06-07T08:15:49.304+0000] {dag.py:3096} INFO - Sync 1 DAGs
[2024-06-07T08:15:49.348+0000] {logging_mixin.py:188} INFO - [2024-06-07T08:15:49.348+0000] {dag.py:3954} INFO - Setting next_dagrun for example_dag_decorator to None, run_after=None
[2024-06-07T08:15:49.485+0000] {processor.py:183} INFO - Processing /home/airflow/.local/lib/python3.12/site-packages/airflow/example_dags/example_dag_decorator.py took 2.206 seconds
[2024-06-07T08:16:19.744+0000] {processor.py:161} INFO - Started process (PID=1767) to work on /home/airflow/.local/lib/python3.12/site-packages/airflow/example_dags/example_dag_decorator.py
[2024-06-07T08:16:19.746+0000] {processor.py:830} INFO - Processing file /home/airflow/.local/lib/python3.12/site-packages/airflow/example_dags/example_dag_decorator.py for tasks to queue
[2024-06-07T08:16:19.749+0000] {logging_mixin.py:188} INFO - [2024-06-07T08:16:19.748+0000] {dagbag.py:545} INFO - Filling up the DagBag from /home/airflow/.local/lib/python3.12/site-packages/airflow/example_dags/example_dag_decorator.py
[2024-06-07T08:16:20.445+0000] {processor.py:840} INFO - DAG(s) 'example_dag_decorator' retrieved from /home/airflow/.local/lib/python3.12/site-packages/airflow/example_dags/example_dag_decorator.py
[2024-06-07T08:16:20.859+0000] {logging_mixin.py:188} INFO - [2024-06-07T08:16:20.859+0000] {dag.py:3096} INFO - Sync 1 DAGs
[2024-06-07T08:16:20.886+0000] {logging_mixin.py:188} INFO - [2024-06-07T08:16:20.885+0000] {dag.py:3954} INFO - Setting next_dagrun for example_dag_decorator to None, run_after=None
[2024-06-07T08:16:21.547+0000] {processor.py:183} INFO - Processing /home/airflow/.local/lib/python3.12/site-packages/airflow/example_dags/example_dag_decorator.py took 1.822 seconds
[2024-06-07T08:16:52.164+0000] {processor.py:161} INFO - Started process (PID=1824) to work on /home/airflow/.local/lib/python3.12/site-packages/airflow/example_dags/example_dag_decorator.py
[2024-06-07T08:16:52.166+0000] {processor.py:830} INFO - Processing file /home/airflow/.local/lib/python3.12/site-packages/airflow/example_dags/example_dag_decorator.py for tasks to queue
[2024-06-07T08:16:52.168+0000] {logging_mixin.py:188} INFO - [2024-06-07T08:16:52.167+0000] {dagbag.py:545} INFO - Filling up the DagBag from /home/airflow/.local/lib/python3.12/site-packages/airflow/example_dags/example_dag_decorator.py
[2024-06-07T08:16:52.415+0000] {processor.py:840} INFO - DAG(s) 'example_dag_decorator' retrieved from /home/airflow/.local/lib/python3.12/site-packages/airflow/example_dags/example_dag_decorator.py
[2024-06-07T08:16:52.769+0000] {logging_mixin.py:188} INFO - [2024-06-07T08:16:52.769+0000] {dag.py:3096} INFO - Sync 1 DAGs
[2024-06-07T08:16:52.798+0000] {logging_mixin.py:188} INFO - [2024-06-07T08:16:52.798+0000] {dag.py:3954} INFO - Setting next_dagrun for example_dag_decorator to None, run_after=None
[2024-06-07T08:16:53.127+0000] {processor.py:183} INFO - Processing /home/airflow/.local/lib/python3.12/site-packages/airflow/example_dags/example_dag_decorator.py took 0.977 seconds
[2024-06-07T08:17:28.922+0000] {processor.py:161} INFO - Started process (PID=1877) to work on /home/airflow/.local/lib/python3.12/site-packages/airflow/example_dags/example_dag_decorator.py
[2024-06-07T08:17:29.189+0000] {processor.py:830} INFO - Processing file /home/airflow/.local/lib/python3.12/site-packages/airflow/example_dags/example_dag_decorator.py for tasks to queue
[2024-06-07T08:17:29.289+0000] {logging_mixin.py:188} INFO - [2024-06-07T08:17:29.287+0000] {dagbag.py:545} INFO - Filling up the DagBag from /home/airflow/.local/lib/python3.12/site-packages/airflow/example_dags/example_dag_decorator.py
[2024-06-07T08:17:31.770+0000] {processor.py:840} INFO - DAG(s) 'example_dag_decorator' retrieved from /home/airflow/.local/lib/python3.12/site-packages/airflow/example_dags/example_dag_decorator.py
[2024-06-07T08:17:34.216+0000] {logging_mixin.py:188} INFO - [2024-06-07T08:17:34.215+0000] {dag.py:3096} INFO - Sync 1 DAGs
[2024-06-07T08:17:34.393+0000] {logging_mixin.py:188} INFO - [2024-06-07T08:17:34.392+0000] {dag.py:3954} INFO - Setting next_dagrun for example_dag_decorator to None, run_after=None
[2024-06-07T08:17:35.272+0000] {processor.py:183} INFO - Processing /home/airflow/.local/lib/python3.12/site-packages/airflow/example_dags/example_dag_decorator.py took 6.479 seconds
[2024-06-07T08:18:05.995+0000] {processor.py:161} INFO - Started process (PID=1950) to work on /home/airflow/.local/lib/python3.12/site-packages/airflow/example_dags/example_dag_decorator.py
[2024-06-07T08:18:06.009+0000] {processor.py:830} INFO - Processing file /home/airflow/.local/lib/python3.12/site-packages/airflow/example_dags/example_dag_decorator.py for tasks to queue
[2024-06-07T08:18:06.012+0000] {logging_mixin.py:188} INFO - [2024-06-07T08:18:06.011+0000] {dagbag.py:545} INFO - Filling up the DagBag from /home/airflow/.local/lib/python3.12/site-packages/airflow/example_dags/example_dag_decorator.py
[2024-06-07T08:18:06.957+0000] {processor.py:840} INFO - DAG(s) 'example_dag_decorator' retrieved from /home/airflow/.local/lib/python3.12/site-packages/airflow/example_dags/example_dag_decorator.py
[2024-06-07T08:18:07.494+0000] {logging_mixin.py:188} INFO - [2024-06-07T08:18:07.494+0000] {dag.py:3096} INFO - Sync 1 DAGs
[2024-06-07T08:18:07.547+0000] {logging_mixin.py:188} INFO - [2024-06-07T08:18:07.546+0000] {dag.py:3954} INFO - Setting next_dagrun for example_dag_decorator to None, run_after=None
[2024-06-07T08:18:07.934+0000] {processor.py:183} INFO - Processing /home/airflow/.local/lib/python3.12/site-packages/airflow/example_dags/example_dag_decorator.py took 1.989 seconds
[2024-06-07T08:18:38.402+0000] {processor.py:161} INFO - Started process (PID=2008) to work on /home/airflow/.local/lib/python3.12/site-packages/airflow/example_dags/example_dag_decorator.py
[2024-06-07T08:18:38.409+0000] {processor.py:830} INFO - Processing file /home/airflow/.local/lib/python3.12/site-packages/airflow/example_dags/example_dag_decorator.py for tasks to queue
[2024-06-07T08:18:38.412+0000] {logging_mixin.py:188} INFO - [2024-06-07T08:18:38.411+0000] {dagbag.py:545} INFO - Filling up the DagBag from /home/airflow/.local/lib/python3.12/site-packages/airflow/example_dags/example_dag_decorator.py
[2024-06-07T08:18:38.806+0000] {processor.py:840} INFO - DAG(s) 'example_dag_decorator' retrieved from /home/airflow/.local/lib/python3.12/site-packages/airflow/example_dags/example_dag_decorator.py
[2024-06-07T08:18:39.291+0000] {logging_mixin.py:188} INFO - [2024-06-07T08:18:39.290+0000] {dag.py:3096} INFO - Sync 1 DAGs
[2024-06-07T08:18:39.332+0000] {logging_mixin.py:188} INFO - [2024-06-07T08:18:39.331+0000] {dag.py:3954} INFO - Setting next_dagrun for example_dag_decorator to None, run_after=None
[2024-06-07T08:18:39.473+0000] {processor.py:183} INFO - Processing /home/airflow/.local/lib/python3.12/site-packages/airflow/example_dags/example_dag_decorator.py took 1.103 seconds
[2024-06-07T08:19:09.653+0000] {processor.py:161} INFO - Started process (PID=2067) to work on /home/airflow/.local/lib/python3.12/site-packages/airflow/example_dags/example_dag_decorator.py
[2024-06-07T08:19:09.655+0000] {processor.py:830} INFO - Processing file /home/airflow/.local/lib/python3.12/site-packages/airflow/example_dags/example_dag_decorator.py for tasks to queue
[2024-06-07T08:19:09.659+0000] {logging_mixin.py:188} INFO - [2024-06-07T08:19:09.657+0000] {dagbag.py:545} INFO - Filling up the DagBag from /home/airflow/.local/lib/python3.12/site-packages/airflow/example_dags/example_dag_decorator.py
[2024-06-07T08:19:09.892+0000] {processor.py:840} INFO - DAG(s) 'example_dag_decorator' retrieved from /home/airflow/.local/lib/python3.12/site-packages/airflow/example_dags/example_dag_decorator.py
[2024-06-07T08:19:09.936+0000] {logging_mixin.py:188} INFO - [2024-06-07T08:19:09.936+0000] {dag.py:3096} INFO - Sync 1 DAGs
[2024-06-07T08:19:09.962+0000] {logging_mixin.py:188} INFO - [2024-06-07T08:19:09.961+0000] {dag.py:3954} INFO - Setting next_dagrun for example_dag_decorator to None, run_after=None
[2024-06-07T08:19:10.305+0000] {processor.py:183} INFO - Processing /home/airflow/.local/lib/python3.12/site-packages/airflow/example_dags/example_dag_decorator.py took 0.663 seconds
[2024-06-07T08:19:41.028+0000] {processor.py:161} INFO - Started process (PID=2124) to work on /home/airflow/.local/lib/python3.12/site-packages/airflow/example_dags/example_dag_decorator.py
[2024-06-07T08:19:41.031+0000] {processor.py:830} INFO - Processing file /home/airflow/.local/lib/python3.12/site-packages/airflow/example_dags/example_dag_decorator.py for tasks to queue
[2024-06-07T08:19:41.043+0000] {logging_mixin.py:188} INFO - [2024-06-07T08:19:41.042+0000] {dagbag.py:545} INFO - Filling up the DagBag from /home/airflow/.local/lib/python3.12/site-packages/airflow/example_dags/example_dag_decorator.py
[2024-06-07T08:19:41.522+0000] {processor.py:840} INFO - DAG(s) 'example_dag_decorator' retrieved from /home/airflow/.local/lib/python3.12/site-packages/airflow/example_dags/example_dag_decorator.py
[2024-06-07T08:19:41.919+0000] {logging_mixin.py:188} INFO - [2024-06-07T08:19:41.919+0000] {dag.py:3096} INFO - Sync 1 DAGs
[2024-06-07T08:19:41.940+0000] {logging_mixin.py:188} INFO - [2024-06-07T08:19:41.940+0000] {dag.py:3954} INFO - Setting next_dagrun for example_dag_decorator to None, run_after=None
[2024-06-07T08:19:42.135+0000] {processor.py:183} INFO - Processing /home/airflow/.local/lib/python3.12/site-packages/airflow/example_dags/example_dag_decorator.py took 1.134 seconds
[2024-06-07T08:20:13.413+0000] {processor.py:161} INFO - Started process (PID=2188) to work on /home/airflow/.local/lib/python3.12/site-packages/airflow/example_dags/example_dag_decorator.py
[2024-06-07T08:20:13.414+0000] {processor.py:830} INFO - Processing file /home/airflow/.local/lib/python3.12/site-packages/airflow/example_dags/example_dag_decorator.py for tasks to queue
[2024-06-07T08:20:13.418+0000] {logging_mixin.py:188} INFO - [2024-06-07T08:20:13.416+0000] {dagbag.py:545} INFO - Filling up the DagBag from /home/airflow/.local/lib/python3.12/site-packages/airflow/example_dags/example_dag_decorator.py
[2024-06-07T08:20:13.889+0000] {processor.py:840} INFO - DAG(s) 'example_dag_decorator' retrieved from /home/airflow/.local/lib/python3.12/site-packages/airflow/example_dags/example_dag_decorator.py
[2024-06-07T08:20:13.937+0000] {logging_mixin.py:188} INFO - [2024-06-07T08:20:13.936+0000] {dag.py:3096} INFO - Sync 1 DAGs
[2024-06-07T08:20:13.979+0000] {logging_mixin.py:188} INFO - [2024-06-07T08:20:13.977+0000] {dag.py:3954} INFO - Setting next_dagrun for example_dag_decorator to None, run_after=None
[2024-06-07T08:20:14.139+0000] {processor.py:183} INFO - Processing /home/airflow/.local/lib/python3.12/site-packages/airflow/example_dags/example_dag_decorator.py took 0.742 seconds
[2024-06-07T08:20:45.415+0000] {processor.py:161} INFO - Started process (PID=2245) to work on /home/airflow/.local/lib/python3.12/site-packages/airflow/example_dags/example_dag_decorator.py
[2024-06-07T08:20:45.417+0000] {processor.py:830} INFO - Processing file /home/airflow/.local/lib/python3.12/site-packages/airflow/example_dags/example_dag_decorator.py for tasks to queue
[2024-06-07T08:20:45.426+0000] {logging_mixin.py:188} INFO - [2024-06-07T08:20:45.419+0000] {dagbag.py:545} INFO - Filling up the DagBag from /home/airflow/.local/lib/python3.12/site-packages/airflow/example_dags/example_dag_decorator.py
[2024-06-07T08:20:45.891+0000] {processor.py:840} INFO - DAG(s) 'example_dag_decorator' retrieved from /home/airflow/.local/lib/python3.12/site-packages/airflow/example_dags/example_dag_decorator.py
[2024-06-07T08:20:46.112+0000] {logging_mixin.py:188} INFO - [2024-06-07T08:20:46.111+0000] {dag.py:3096} INFO - Sync 1 DAGs
[2024-06-07T08:20:46.163+0000] {logging_mixin.py:188} INFO - [2024-06-07T08:20:46.163+0000] {dag.py:3954} INFO - Setting next_dagrun for example_dag_decorator to None, run_after=None
[2024-06-07T08:20:47.132+0000] {processor.py:183} INFO - Processing /home/airflow/.local/lib/python3.12/site-packages/airflow/example_dags/example_dag_decorator.py took 1.740 seconds
[2024-06-07T08:21:17.282+0000] {processor.py:161} INFO - Started process (PID=2304) to work on /home/airflow/.local/lib/python3.12/site-packages/airflow/example_dags/example_dag_decorator.py
[2024-06-07T08:21:17.301+0000] {processor.py:830} INFO - Processing file /home/airflow/.local/lib/python3.12/site-packages/airflow/example_dags/example_dag_decorator.py for tasks to queue
[2024-06-07T08:21:17.304+0000] {logging_mixin.py:188} INFO - [2024-06-07T08:21:17.303+0000] {dagbag.py:545} INFO - Filling up the DagBag from /home/airflow/.local/lib/python3.12/site-packages/airflow/example_dags/example_dag_decorator.py
[2024-06-07T08:21:17.921+0000] {processor.py:840} INFO - DAG(s) 'example_dag_decorator' retrieved from /home/airflow/.local/lib/python3.12/site-packages/airflow/example_dags/example_dag_decorator.py
[2024-06-07T08:21:18.518+0000] {logging_mixin.py:188} INFO - [2024-06-07T08:21:18.517+0000] {dag.py:3096} INFO - Sync 1 DAGs
[2024-06-07T08:21:18.581+0000] {logging_mixin.py:188} INFO - [2024-06-07T08:21:18.580+0000] {dag.py:3954} INFO - Setting next_dagrun for example_dag_decorator to None, run_after=None
[2024-06-07T08:21:19.154+0000] {processor.py:183} INFO - Processing /home/airflow/.local/lib/python3.12/site-packages/airflow/example_dags/example_dag_decorator.py took 1.909 seconds
[2024-06-07T08:21:49.281+0000] {processor.py:161} INFO - Started process (PID=2363) to work on /home/airflow/.local/lib/python3.12/site-packages/airflow/example_dags/example_dag_decorator.py
[2024-06-07T08:21:49.283+0000] {processor.py:830} INFO - Processing file /home/airflow/.local/lib/python3.12/site-packages/airflow/example_dags/example_dag_decorator.py for tasks to queue
[2024-06-07T08:21:49.286+0000] {logging_mixin.py:188} INFO - [2024-06-07T08:21:49.285+0000] {dagbag.py:545} INFO - Filling up the DagBag from /home/airflow/.local/lib/python3.12/site-packages/airflow/example_dags/example_dag_decorator.py
[2024-06-07T08:21:49.575+0000] {processor.py:840} INFO - DAG(s) 'example_dag_decorator' retrieved from /home/airflow/.local/lib/python3.12/site-packages/airflow/example_dags/example_dag_decorator.py
[2024-06-07T08:21:49.880+0000] {logging_mixin.py:188} INFO - [2024-06-07T08:21:49.879+0000] {dag.py:3096} INFO - Sync 1 DAGs
[2024-06-07T08:21:49.918+0000] {logging_mixin.py:188} INFO - [2024-06-07T08:21:49.917+0000] {dag.py:3954} INFO - Setting next_dagrun for example_dag_decorator to None, run_after=None
[2024-06-07T08:21:50.277+0000] {processor.py:183} INFO - Processing /home/airflow/.local/lib/python3.12/site-packages/airflow/example_dags/example_dag_decorator.py took 1.010 seconds
[2024-06-07T08:22:20.723+0000] {processor.py:161} INFO - Started process (PID=2421) to work on /home/airflow/.local/lib/python3.12/site-packages/airflow/example_dags/example_dag_decorator.py
[2024-06-07T08:22:20.725+0000] {processor.py:830} INFO - Processing file /home/airflow/.local/lib/python3.12/site-packages/airflow/example_dags/example_dag_decorator.py for tasks to queue
[2024-06-07T08:22:20.734+0000] {logging_mixin.py:188} INFO - [2024-06-07T08:22:20.733+0000] {dagbag.py:545} INFO - Filling up the DagBag from /home/airflow/.local/lib/python3.12/site-packages/airflow/example_dags/example_dag_decorator.py
[2024-06-07T08:22:21.079+0000] {processor.py:840} INFO - DAG(s) 'example_dag_decorator' retrieved from /home/airflow/.local/lib/python3.12/site-packages/airflow/example_dags/example_dag_decorator.py
[2024-06-07T08:22:21.669+0000] {logging_mixin.py:188} INFO - [2024-06-07T08:22:21.668+0000] {dag.py:3096} INFO - Sync 1 DAGs
[2024-06-07T08:22:21.699+0000] {logging_mixin.py:188} INFO - [2024-06-07T08:22:21.698+0000] {dag.py:3954} INFO - Setting next_dagrun for example_dag_decorator to None, run_after=None
[2024-06-07T08:22:21.812+0000] {processor.py:183} INFO - Processing /home/airflow/.local/lib/python3.12/site-packages/airflow/example_dags/example_dag_decorator.py took 1.101 seconds
[2024-06-07T08:22:52.275+0000] {processor.py:161} INFO - Started process (PID=2480) to work on /home/airflow/.local/lib/python3.12/site-packages/airflow/example_dags/example_dag_decorator.py
[2024-06-07T08:22:52.278+0000] {processor.py:830} INFO - Processing file /home/airflow/.local/lib/python3.12/site-packages/airflow/example_dags/example_dag_decorator.py for tasks to queue
[2024-06-07T08:22:52.280+0000] {logging_mixin.py:188} INFO - [2024-06-07T08:22:52.279+0000] {dagbag.py:545} INFO - Filling up the DagBag from /home/airflow/.local/lib/python3.12/site-packages/airflow/example_dags/example_dag_decorator.py
[2024-06-07T08:22:52.576+0000] {processor.py:840} INFO - DAG(s) 'example_dag_decorator' retrieved from /home/airflow/.local/lib/python3.12/site-packages/airflow/example_dags/example_dag_decorator.py
[2024-06-07T08:22:52.944+0000] {logging_mixin.py:188} INFO - [2024-06-07T08:22:52.943+0000] {dag.py:3096} INFO - Sync 1 DAGs
[2024-06-07T08:22:52.972+0000] {logging_mixin.py:188} INFO - [2024-06-07T08:22:52.972+0000] {dag.py:3954} INFO - Setting next_dagrun for example_dag_decorator to None, run_after=None
[2024-06-07T08:22:53.209+0000] {processor.py:183} INFO - Processing /home/airflow/.local/lib/python3.12/site-packages/airflow/example_dags/example_dag_decorator.py took 0.950 seconds
