[2024-06-07T07:54:43.067+0000] {processor.py:161} INFO - Started process (PID=68) to work on /home/airflow/.local/lib/python3.12/site-packages/airflow/example_dags/example_trigger_target_dag.py
[2024-06-07T07:54:43.069+0000] {processor.py:830} INFO - Processing file /home/airflow/.local/lib/python3.12/site-packages/airflow/example_dags/example_trigger_target_dag.py for tasks to queue
[2024-06-07T07:54:43.074+0000] {logging_mixin.py:188} INFO - [2024-06-07T07:54:43.073+0000] {dagbag.py:545} INFO - Filling up the DagBag from /home/airflow/.local/lib/python3.12/site-packages/airflow/example_dags/example_trigger_target_dag.py
[2024-06-07T07:54:43.093+0000] {processor.py:840} INFO - DAG(s) 'example_trigger_target_dag' retrieved from /home/airflow/.local/lib/python3.12/site-packages/airflow/example_dags/example_trigger_target_dag.py
[2024-06-07T07:54:43.943+0000] {logging_mixin.py:188} INFO - [2024-06-07T07:54:43.941+0000] {override.py:1829} INFO - Created Permission View: can delete on DAG:example_trigger_target_dag
[2024-06-07T07:54:44.185+0000] {logging_mixin.py:188} INFO - [2024-06-07T07:54:44.184+0000] {override.py:1829} INFO - Created Permission View: can read on DAG:example_trigger_target_dag
[2024-06-07T07:54:44.325+0000] {logging_mixin.py:188} INFO - [2024-06-07T07:54:44.324+0000] {override.py:1829} INFO - Created Permission View: can edit on DAG:example_trigger_target_dag
[2024-06-07T07:54:44.327+0000] {logging_mixin.py:188} INFO - [2024-06-07T07:54:44.326+0000] {dag.py:3096} INFO - Sync 1 DAGs
[2024-06-07T07:54:44.367+0000] {logging_mixin.py:188} INFO - [2024-06-07T07:54:44.366+0000] {dag.py:3118} INFO - Creating ORM DAG for example_trigger_target_dag
[2024-06-07T07:54:44.369+0000] {logging_mixin.py:188} INFO - [2024-06-07T07:54:44.369+0000] {dag.py:3954} INFO - Setting next_dagrun for example_trigger_target_dag to None, run_after=None
[2024-06-07T07:54:44.556+0000] {processor.py:183} INFO - Processing /home/airflow/.local/lib/python3.12/site-packages/airflow/example_dags/example_trigger_target_dag.py took 1.506 seconds
[2024-06-07T07:55:32.921+0000] {processor.py:161} INFO - Started process (PID=126) to work on /home/airflow/.local/lib/python3.12/site-packages/airflow/example_dags/example_trigger_target_dag.py
[2024-06-07T07:55:32.923+0000] {processor.py:830} INFO - Processing file /home/airflow/.local/lib/python3.12/site-packages/airflow/example_dags/example_trigger_target_dag.py for tasks to queue
[2024-06-07T07:55:32.927+0000] {logging_mixin.py:188} INFO - [2024-06-07T07:55:32.926+0000] {dagbag.py:545} INFO - Filling up the DagBag from /home/airflow/.local/lib/python3.12/site-packages/airflow/example_dags/example_trigger_target_dag.py
[2024-06-07T07:55:32.938+0000] {processor.py:840} INFO - DAG(s) 'example_trigger_target_dag' retrieved from /home/airflow/.local/lib/python3.12/site-packages/airflow/example_dags/example_trigger_target_dag.py
[2024-06-07T07:55:32.979+0000] {logging_mixin.py:188} INFO - [2024-06-07T07:55:32.978+0000] {dag.py:3096} INFO - Sync 1 DAGs
[2024-06-07T07:55:33.032+0000] {logging_mixin.py:188} INFO - [2024-06-07T07:55:33.032+0000] {dag.py:3954} INFO - Setting next_dagrun for example_trigger_target_dag to None, run_after=None
[2024-06-07T07:55:33.205+0000] {processor.py:183} INFO - Processing /home/airflow/.local/lib/python3.12/site-packages/airflow/example_dags/example_trigger_target_dag.py took 0.296 seconds
[2024-06-07T07:56:06.148+0000] {processor.py:161} INFO - Started process (PID=184) to work on /home/airflow/.local/lib/python3.12/site-packages/airflow/example_dags/example_trigger_target_dag.py
[2024-06-07T07:56:06.152+0000] {processor.py:830} INFO - Processing file /home/airflow/.local/lib/python3.12/site-packages/airflow/example_dags/example_trigger_target_dag.py for tasks to queue
[2024-06-07T07:56:06.156+0000] {logging_mixin.py:188} INFO - [2024-06-07T07:56:06.156+0000] {dagbag.py:545} INFO - Filling up the DagBag from /home/airflow/.local/lib/python3.12/site-packages/airflow/example_dags/example_trigger_target_dag.py
[2024-06-07T07:56:06.171+0000] {processor.py:840} INFO - DAG(s) 'example_trigger_target_dag' retrieved from /home/airflow/.local/lib/python3.12/site-packages/airflow/example_dags/example_trigger_target_dag.py
[2024-06-07T07:56:06.209+0000] {logging_mixin.py:188} INFO - [2024-06-07T07:56:06.209+0000] {dag.py:3096} INFO - Sync 1 DAGs
[2024-06-07T07:56:06.236+0000] {logging_mixin.py:188} INFO - [2024-06-07T07:56:06.235+0000] {dag.py:3954} INFO - Setting next_dagrun for example_trigger_target_dag to None, run_after=None
[2024-06-07T07:56:06.341+0000] {processor.py:183} INFO - Processing /home/airflow/.local/lib/python3.12/site-packages/airflow/example_dags/example_trigger_target_dag.py took 0.213 seconds
[2024-06-07T07:56:44.410+0000] {processor.py:161} INFO - Started process (PID=240) to work on /home/airflow/.local/lib/python3.12/site-packages/airflow/example_dags/example_trigger_target_dag.py
[2024-06-07T07:56:44.424+0000] {processor.py:830} INFO - Processing file /home/airflow/.local/lib/python3.12/site-packages/airflow/example_dags/example_trigger_target_dag.py for tasks to queue
[2024-06-07T07:56:44.443+0000] {logging_mixin.py:188} INFO - [2024-06-07T07:56:44.442+0000] {dagbag.py:545} INFO - Filling up the DagBag from /home/airflow/.local/lib/python3.12/site-packages/airflow/example_dags/example_trigger_target_dag.py
[2024-06-07T07:56:44.602+0000] {processor.py:840} INFO - DAG(s) 'example_trigger_target_dag' retrieved from /home/airflow/.local/lib/python3.12/site-packages/airflow/example_dags/example_trigger_target_dag.py
[2024-06-07T07:56:44.995+0000] {logging_mixin.py:188} INFO - [2024-06-07T07:56:44.988+0000] {dag.py:3096} INFO - Sync 1 DAGs
[2024-06-07T07:56:45.128+0000] {logging_mixin.py:188} INFO - [2024-06-07T07:56:45.127+0000] {dag.py:3954} INFO - Setting next_dagrun for example_trigger_target_dag to None, run_after=None
[2024-06-07T07:56:45.420+0000] {processor.py:183} INFO - Processing /home/airflow/.local/lib/python3.12/site-packages/airflow/example_dags/example_trigger_target_dag.py took 1.123 seconds
[2024-06-07T07:57:24.353+0000] {processor.py:161} INFO - Started process (PID=303) to work on /home/airflow/.local/lib/python3.12/site-packages/airflow/example_dags/example_trigger_target_dag.py
[2024-06-07T07:57:24.355+0000] {processor.py:830} INFO - Processing file /home/airflow/.local/lib/python3.12/site-packages/airflow/example_dags/example_trigger_target_dag.py for tasks to queue
[2024-06-07T07:57:24.378+0000] {logging_mixin.py:188} INFO - [2024-06-07T07:57:24.377+0000] {dagbag.py:545} INFO - Filling up the DagBag from /home/airflow/.local/lib/python3.12/site-packages/airflow/example_dags/example_trigger_target_dag.py
[2024-06-07T07:57:24.409+0000] {processor.py:840} INFO - DAG(s) 'example_trigger_target_dag' retrieved from /home/airflow/.local/lib/python3.12/site-packages/airflow/example_dags/example_trigger_target_dag.py
[2024-06-07T07:57:24.506+0000] {logging_mixin.py:188} INFO - [2024-06-07T07:57:24.506+0000] {dag.py:3096} INFO - Sync 1 DAGs
[2024-06-07T07:57:24.582+0000] {logging_mixin.py:188} INFO - [2024-06-07T07:57:24.581+0000] {dag.py:3954} INFO - Setting next_dagrun for example_trigger_target_dag to None, run_after=None
[2024-06-07T07:57:24.953+0000] {processor.py:183} INFO - Processing /home/airflow/.local/lib/python3.12/site-packages/airflow/example_dags/example_trigger_target_dag.py took 0.679 seconds
[2024-06-07T07:57:55.664+0000] {processor.py:161} INFO - Started process (PID=362) to work on /home/airflow/.local/lib/python3.12/site-packages/airflow/example_dags/example_trigger_target_dag.py
[2024-06-07T07:57:55.676+0000] {processor.py:830} INFO - Processing file /home/airflow/.local/lib/python3.12/site-packages/airflow/example_dags/example_trigger_target_dag.py for tasks to queue
[2024-06-07T07:57:55.681+0000] {logging_mixin.py:188} INFO - [2024-06-07T07:57:55.680+0000] {dagbag.py:545} INFO - Filling up the DagBag from /home/airflow/.local/lib/python3.12/site-packages/airflow/example_dags/example_trigger_target_dag.py
[2024-06-07T07:57:55.699+0000] {processor.py:840} INFO - DAG(s) 'example_trigger_target_dag' retrieved from /home/airflow/.local/lib/python3.12/site-packages/airflow/example_dags/example_trigger_target_dag.py
[2024-06-07T07:57:55.836+0000] {logging_mixin.py:188} INFO - [2024-06-07T07:57:55.835+0000] {dag.py:3096} INFO - Sync 1 DAGs
[2024-06-07T07:57:55.881+0000] {logging_mixin.py:188} INFO - [2024-06-07T07:57:55.880+0000] {dag.py:3954} INFO - Setting next_dagrun for example_trigger_target_dag to None, run_after=None
[2024-06-07T07:57:56.076+0000] {processor.py:183} INFO - Processing /home/airflow/.local/lib/python3.12/site-packages/airflow/example_dags/example_trigger_target_dag.py took 0.428 seconds
[2024-06-07T07:58:29.577+0000] {processor.py:161} INFO - Started process (PID=421) to work on /home/airflow/.local/lib/python3.12/site-packages/airflow/example_dags/example_trigger_target_dag.py
[2024-06-07T07:58:29.607+0000] {processor.py:830} INFO - Processing file /home/airflow/.local/lib/python3.12/site-packages/airflow/example_dags/example_trigger_target_dag.py for tasks to queue
[2024-06-07T07:58:29.624+0000] {logging_mixin.py:188} INFO - [2024-06-07T07:58:29.624+0000] {dagbag.py:545} INFO - Filling up the DagBag from /home/airflow/.local/lib/python3.12/site-packages/airflow/example_dags/example_trigger_target_dag.py
[2024-06-07T07:58:29.705+0000] {processor.py:840} INFO - DAG(s) 'example_trigger_target_dag' retrieved from /home/airflow/.local/lib/python3.12/site-packages/airflow/example_dags/example_trigger_target_dag.py
[2024-06-07T07:58:29.804+0000] {logging_mixin.py:188} INFO - [2024-06-07T07:58:29.803+0000] {dag.py:3096} INFO - Sync 1 DAGs
[2024-06-07T07:58:30.121+0000] {logging_mixin.py:188} INFO - [2024-06-07T07:58:30.120+0000] {dag.py:3954} INFO - Setting next_dagrun for example_trigger_target_dag to None, run_after=None
[2024-06-07T07:58:30.477+0000] {processor.py:183} INFO - Processing /home/airflow/.local/lib/python3.12/site-packages/airflow/example_dags/example_trigger_target_dag.py took 0.980 seconds
[2024-06-07T07:59:09.269+0000] {processor.py:161} INFO - Started process (PID=479) to work on /home/airflow/.local/lib/python3.12/site-packages/airflow/example_dags/example_trigger_target_dag.py
[2024-06-07T07:59:09.272+0000] {processor.py:830} INFO - Processing file /home/airflow/.local/lib/python3.12/site-packages/airflow/example_dags/example_trigger_target_dag.py for tasks to queue
[2024-06-07T07:59:09.277+0000] {logging_mixin.py:188} INFO - [2024-06-07T07:59:09.276+0000] {dagbag.py:545} INFO - Filling up the DagBag from /home/airflow/.local/lib/python3.12/site-packages/airflow/example_dags/example_trigger_target_dag.py
[2024-06-07T07:59:09.293+0000] {processor.py:840} INFO - DAG(s) 'example_trigger_target_dag' retrieved from /home/airflow/.local/lib/python3.12/site-packages/airflow/example_dags/example_trigger_target_dag.py
[2024-06-07T07:59:09.958+0000] {logging_mixin.py:188} INFO - [2024-06-07T07:59:09.952+0000] {dag.py:3096} INFO - Sync 1 DAGs
[2024-06-07T07:59:10.052+0000] {logging_mixin.py:188} INFO - [2024-06-07T07:59:10.052+0000] {dag.py:3954} INFO - Setting next_dagrun for example_trigger_target_dag to None, run_after=None
[2024-06-07T07:59:10.339+0000] {processor.py:183} INFO - Processing /home/airflow/.local/lib/python3.12/site-packages/airflow/example_dags/example_trigger_target_dag.py took 1.121 seconds
[2024-06-07T07:59:41.529+0000] {processor.py:161} INFO - Started process (PID=537) to work on /home/airflow/.local/lib/python3.12/site-packages/airflow/example_dags/example_trigger_target_dag.py
[2024-06-07T07:59:41.531+0000] {processor.py:830} INFO - Processing file /home/airflow/.local/lib/python3.12/site-packages/airflow/example_dags/example_trigger_target_dag.py for tasks to queue
[2024-06-07T07:59:41.563+0000] {logging_mixin.py:188} INFO - [2024-06-07T07:59:41.562+0000] {dagbag.py:545} INFO - Filling up the DagBag from /home/airflow/.local/lib/python3.12/site-packages/airflow/example_dags/example_trigger_target_dag.py
[2024-06-07T07:59:41.645+0000] {processor.py:840} INFO - DAG(s) 'example_trigger_target_dag' retrieved from /home/airflow/.local/lib/python3.12/site-packages/airflow/example_dags/example_trigger_target_dag.py
[2024-06-07T07:59:41.887+0000] {logging_mixin.py:188} INFO - [2024-06-07T07:59:41.886+0000] {dag.py:3096} INFO - Sync 1 DAGs
[2024-06-07T07:59:41.985+0000] {logging_mixin.py:188} INFO - [2024-06-07T07:59:41.985+0000] {dag.py:3954} INFO - Setting next_dagrun for example_trigger_target_dag to None, run_after=None
[2024-06-07T07:59:42.295+0000] {processor.py:183} INFO - Processing /home/airflow/.local/lib/python3.12/site-packages/airflow/example_dags/example_trigger_target_dag.py took 0.820 seconds
[2024-06-07T08:00:26.227+0000] {processor.py:161} INFO - Started process (PID=591) to work on /home/airflow/.local/lib/python3.12/site-packages/airflow/example_dags/example_trigger_target_dag.py
[2024-06-07T08:00:26.267+0000] {processor.py:830} INFO - Processing file /home/airflow/.local/lib/python3.12/site-packages/airflow/example_dags/example_trigger_target_dag.py for tasks to queue
[2024-06-07T08:00:26.280+0000] {logging_mixin.py:188} INFO - [2024-06-07T08:00:26.279+0000] {dagbag.py:545} INFO - Filling up the DagBag from /home/airflow/.local/lib/python3.12/site-packages/airflow/example_dags/example_trigger_target_dag.py
[2024-06-07T08:00:26.340+0000] {processor.py:840} INFO - DAG(s) 'example_trigger_target_dag' retrieved from /home/airflow/.local/lib/python3.12/site-packages/airflow/example_dags/example_trigger_target_dag.py
[2024-06-07T08:00:26.562+0000] {logging_mixin.py:188} INFO - [2024-06-07T08:00:26.561+0000] {dag.py:3096} INFO - Sync 1 DAGs
[2024-06-07T08:00:26.737+0000] {logging_mixin.py:188} INFO - [2024-06-07T08:00:26.724+0000] {dag.py:3954} INFO - Setting next_dagrun for example_trigger_target_dag to None, run_after=None
[2024-06-07T08:00:27.046+0000] {processor.py:183} INFO - Processing /home/airflow/.local/lib/python3.12/site-packages/airflow/example_dags/example_trigger_target_dag.py took 0.869 seconds
[2024-06-07T08:01:05.954+0000] {processor.py:161} INFO - Started process (PID=644) to work on /home/airflow/.local/lib/python3.12/site-packages/airflow/example_dags/example_trigger_target_dag.py
[2024-06-07T08:01:05.956+0000] {processor.py:830} INFO - Processing file /home/airflow/.local/lib/python3.12/site-packages/airflow/example_dags/example_trigger_target_dag.py for tasks to queue
[2024-06-07T08:01:05.959+0000] {logging_mixin.py:188} INFO - [2024-06-07T08:01:05.958+0000] {dagbag.py:545} INFO - Filling up the DagBag from /home/airflow/.local/lib/python3.12/site-packages/airflow/example_dags/example_trigger_target_dag.py
[2024-06-07T08:01:05.974+0000] {processor.py:840} INFO - DAG(s) 'example_trigger_target_dag' retrieved from /home/airflow/.local/lib/python3.12/site-packages/airflow/example_dags/example_trigger_target_dag.py
[2024-06-07T08:01:06.035+0000] {logging_mixin.py:188} INFO - [2024-06-07T08:01:06.034+0000] {dag.py:3096} INFO - Sync 1 DAGs
[2024-06-07T08:01:06.083+0000] {logging_mixin.py:188} INFO - [2024-06-07T08:01:06.082+0000] {dag.py:3954} INFO - Setting next_dagrun for example_trigger_target_dag to None, run_after=None
[2024-06-07T08:01:06.414+0000] {processor.py:183} INFO - Processing /home/airflow/.local/lib/python3.12/site-packages/airflow/example_dags/example_trigger_target_dag.py took 0.471 seconds
[2024-06-07T08:01:43.599+0000] {processor.py:161} INFO - Started process (PID=699) to work on /home/airflow/.local/lib/python3.12/site-packages/airflow/example_dags/example_trigger_target_dag.py
[2024-06-07T08:01:43.604+0000] {processor.py:830} INFO - Processing file /home/airflow/.local/lib/python3.12/site-packages/airflow/example_dags/example_trigger_target_dag.py for tasks to queue
[2024-06-07T08:01:43.622+0000] {logging_mixin.py:188} INFO - [2024-06-07T08:01:43.621+0000] {dagbag.py:545} INFO - Filling up the DagBag from /home/airflow/.local/lib/python3.12/site-packages/airflow/example_dags/example_trigger_target_dag.py
[2024-06-07T08:01:43.679+0000] {processor.py:840} INFO - DAG(s) 'example_trigger_target_dag' retrieved from /home/airflow/.local/lib/python3.12/site-packages/airflow/example_dags/example_trigger_target_dag.py
[2024-06-07T08:01:43.768+0000] {logging_mixin.py:188} INFO - [2024-06-07T08:01:43.767+0000] {dag.py:3096} INFO - Sync 1 DAGs
[2024-06-07T08:01:43.990+0000] {logging_mixin.py:188} INFO - [2024-06-07T08:01:43.989+0000] {dag.py:3954} INFO - Setting next_dagrun for example_trigger_target_dag to None, run_after=None
[2024-06-07T08:01:44.512+0000] {processor.py:183} INFO - Processing /home/airflow/.local/lib/python3.12/site-packages/airflow/example_dags/example_trigger_target_dag.py took 0.965 seconds
[2024-06-07T08:02:41.998+0000] {processor.py:161} INFO - Started process (PID=760) to work on /home/airflow/.local/lib/python3.12/site-packages/airflow/example_dags/example_trigger_target_dag.py
[2024-06-07T08:02:42.024+0000] {processor.py:830} INFO - Processing file /home/airflow/.local/lib/python3.12/site-packages/airflow/example_dags/example_trigger_target_dag.py for tasks to queue
[2024-06-07T08:02:42.048+0000] {logging_mixin.py:188} INFO - [2024-06-07T08:02:42.047+0000] {dagbag.py:545} INFO - Filling up the DagBag from /home/airflow/.local/lib/python3.12/site-packages/airflow/example_dags/example_trigger_target_dag.py
[2024-06-07T08:02:42.116+0000] {processor.py:840} INFO - DAG(s) 'example_trigger_target_dag' retrieved from /home/airflow/.local/lib/python3.12/site-packages/airflow/example_dags/example_trigger_target_dag.py
[2024-06-07T08:02:43.290+0000] {logging_mixin.py:188} INFO - [2024-06-07T08:02:43.288+0000] {dag.py:3096} INFO - Sync 1 DAGs
[2024-06-07T08:02:43.343+0000] {logging_mixin.py:188} INFO - [2024-06-07T08:02:43.342+0000] {dag.py:3954} INFO - Setting next_dagrun for example_trigger_target_dag to None, run_after=None
[2024-06-07T08:02:43.476+0000] {processor.py:183} INFO - Processing /home/airflow/.local/lib/python3.12/site-packages/airflow/example_dags/example_trigger_target_dag.py took 1.564 seconds
[2024-06-07T08:03:14.383+0000] {processor.py:161} INFO - Started process (PID=820) to work on /home/airflow/.local/lib/python3.12/site-packages/airflow/example_dags/example_trigger_target_dag.py
[2024-06-07T08:03:14.385+0000] {processor.py:830} INFO - Processing file /home/airflow/.local/lib/python3.12/site-packages/airflow/example_dags/example_trigger_target_dag.py for tasks to queue
[2024-06-07T08:03:14.391+0000] {logging_mixin.py:188} INFO - [2024-06-07T08:03:14.390+0000] {dagbag.py:545} INFO - Filling up the DagBag from /home/airflow/.local/lib/python3.12/site-packages/airflow/example_dags/example_trigger_target_dag.py
[2024-06-07T08:03:14.417+0000] {processor.py:840} INFO - DAG(s) 'example_trigger_target_dag' retrieved from /home/airflow/.local/lib/python3.12/site-packages/airflow/example_dags/example_trigger_target_dag.py
[2024-06-07T08:03:14.505+0000] {logging_mixin.py:188} INFO - [2024-06-07T08:03:14.504+0000] {dag.py:3096} INFO - Sync 1 DAGs
[2024-06-07T08:03:14.606+0000] {logging_mixin.py:188} INFO - [2024-06-07T08:03:14.605+0000] {dag.py:3954} INFO - Setting next_dagrun for example_trigger_target_dag to None, run_after=None
[2024-06-07T08:03:14.781+0000] {processor.py:183} INFO - Processing /home/airflow/.local/lib/python3.12/site-packages/airflow/example_dags/example_trigger_target_dag.py took 0.421 seconds
[2024-06-07T08:03:45.517+0000] {processor.py:161} INFO - Started process (PID=878) to work on /home/airflow/.local/lib/python3.12/site-packages/airflow/example_dags/example_trigger_target_dag.py
[2024-06-07T08:03:45.519+0000] {processor.py:830} INFO - Processing file /home/airflow/.local/lib/python3.12/site-packages/airflow/example_dags/example_trigger_target_dag.py for tasks to queue
[2024-06-07T08:03:45.524+0000] {logging_mixin.py:188} INFO - [2024-06-07T08:03:45.523+0000] {dagbag.py:545} INFO - Filling up the DagBag from /home/airflow/.local/lib/python3.12/site-packages/airflow/example_dags/example_trigger_target_dag.py
[2024-06-07T08:03:45.560+0000] {processor.py:840} INFO - DAG(s) 'example_trigger_target_dag' retrieved from /home/airflow/.local/lib/python3.12/site-packages/airflow/example_dags/example_trigger_target_dag.py
[2024-06-07T08:03:45.612+0000] {logging_mixin.py:188} INFO - [2024-06-07T08:03:45.611+0000] {dag.py:3096} INFO - Sync 1 DAGs
[2024-06-07T08:03:45.656+0000] {logging_mixin.py:188} INFO - [2024-06-07T08:03:45.656+0000] {dag.py:3954} INFO - Setting next_dagrun for example_trigger_target_dag to None, run_after=None
[2024-06-07T08:03:45.854+0000] {processor.py:183} INFO - Processing /home/airflow/.local/lib/python3.12/site-packages/airflow/example_dags/example_trigger_target_dag.py took 0.351 seconds
[2024-06-07T08:04:15.981+0000] {processor.py:161} INFO - Started process (PID=935) to work on /home/airflow/.local/lib/python3.12/site-packages/airflow/example_dags/example_trigger_target_dag.py
[2024-06-07T08:04:15.983+0000] {processor.py:830} INFO - Processing file /home/airflow/.local/lib/python3.12/site-packages/airflow/example_dags/example_trigger_target_dag.py for tasks to queue
[2024-06-07T08:04:15.991+0000] {logging_mixin.py:188} INFO - [2024-06-07T08:04:15.990+0000] {dagbag.py:545} INFO - Filling up the DagBag from /home/airflow/.local/lib/python3.12/site-packages/airflow/example_dags/example_trigger_target_dag.py
[2024-06-07T08:04:16.006+0000] {processor.py:840} INFO - DAG(s) 'example_trigger_target_dag' retrieved from /home/airflow/.local/lib/python3.12/site-packages/airflow/example_dags/example_trigger_target_dag.py
[2024-06-07T08:04:16.056+0000] {logging_mixin.py:188} INFO - [2024-06-07T08:04:16.055+0000] {dag.py:3096} INFO - Sync 1 DAGs
[2024-06-07T08:04:16.106+0000] {logging_mixin.py:188} INFO - [2024-06-07T08:04:16.106+0000] {dag.py:3954} INFO - Setting next_dagrun for example_trigger_target_dag to None, run_after=None
[2024-06-07T08:04:16.194+0000] {processor.py:183} INFO - Processing /home/airflow/.local/lib/python3.12/site-packages/airflow/example_dags/example_trigger_target_dag.py took 0.230 seconds
[2024-06-07T08:04:46.986+0000] {processor.py:161} INFO - Started process (PID=994) to work on /home/airflow/.local/lib/python3.12/site-packages/airflow/example_dags/example_trigger_target_dag.py
[2024-06-07T08:04:46.992+0000] {processor.py:830} INFO - Processing file /home/airflow/.local/lib/python3.12/site-packages/airflow/example_dags/example_trigger_target_dag.py for tasks to queue
[2024-06-07T08:04:46.999+0000] {logging_mixin.py:188} INFO - [2024-06-07T08:04:46.998+0000] {dagbag.py:545} INFO - Filling up the DagBag from /home/airflow/.local/lib/python3.12/site-packages/airflow/example_dags/example_trigger_target_dag.py
[2024-06-07T08:04:47.012+0000] {processor.py:840} INFO - DAG(s) 'example_trigger_target_dag' retrieved from /home/airflow/.local/lib/python3.12/site-packages/airflow/example_dags/example_trigger_target_dag.py
[2024-06-07T08:04:47.057+0000] {logging_mixin.py:188} INFO - [2024-06-07T08:04:47.056+0000] {dag.py:3096} INFO - Sync 1 DAGs
[2024-06-07T08:04:47.082+0000] {logging_mixin.py:188} INFO - [2024-06-07T08:04:47.082+0000] {dag.py:3954} INFO - Setting next_dagrun for example_trigger_target_dag to None, run_after=None
[2024-06-07T08:04:47.171+0000] {processor.py:183} INFO - Processing /home/airflow/.local/lib/python3.12/site-packages/airflow/example_dags/example_trigger_target_dag.py took 0.206 seconds
[2024-06-07T08:05:19.074+0000] {processor.py:161} INFO - Started process (PID=1052) to work on /home/airflow/.local/lib/python3.12/site-packages/airflow/example_dags/example_trigger_target_dag.py
[2024-06-07T08:05:19.077+0000] {processor.py:830} INFO - Processing file /home/airflow/.local/lib/python3.12/site-packages/airflow/example_dags/example_trigger_target_dag.py for tasks to queue
[2024-06-07T08:05:19.115+0000] {logging_mixin.py:188} INFO - [2024-06-07T08:05:19.114+0000] {dagbag.py:545} INFO - Filling up the DagBag from /home/airflow/.local/lib/python3.12/site-packages/airflow/example_dags/example_trigger_target_dag.py
[2024-06-07T08:05:19.131+0000] {processor.py:840} INFO - DAG(s) 'example_trigger_target_dag' retrieved from /home/airflow/.local/lib/python3.12/site-packages/airflow/example_dags/example_trigger_target_dag.py
[2024-06-07T08:05:19.194+0000] {logging_mixin.py:188} INFO - [2024-06-07T08:05:19.194+0000] {dag.py:3096} INFO - Sync 1 DAGs
[2024-06-07T08:05:19.241+0000] {logging_mixin.py:188} INFO - [2024-06-07T08:05:19.240+0000] {dag.py:3954} INFO - Setting next_dagrun for example_trigger_target_dag to None, run_after=None
[2024-06-07T08:05:19.525+0000] {processor.py:183} INFO - Processing /home/airflow/.local/lib/python3.12/site-packages/airflow/example_dags/example_trigger_target_dag.py took 0.469 seconds
[2024-06-07T08:05:51.289+0000] {processor.py:161} INFO - Started process (PID=1110) to work on /home/airflow/.local/lib/python3.12/site-packages/airflow/example_dags/example_trigger_target_dag.py
[2024-06-07T08:05:51.291+0000] {processor.py:830} INFO - Processing file /home/airflow/.local/lib/python3.12/site-packages/airflow/example_dags/example_trigger_target_dag.py for tasks to queue
[2024-06-07T08:05:51.303+0000] {logging_mixin.py:188} INFO - [2024-06-07T08:05:51.302+0000] {dagbag.py:545} INFO - Filling up the DagBag from /home/airflow/.local/lib/python3.12/site-packages/airflow/example_dags/example_trigger_target_dag.py
[2024-06-07T08:05:51.329+0000] {processor.py:840} INFO - DAG(s) 'example_trigger_target_dag' retrieved from /home/airflow/.local/lib/python3.12/site-packages/airflow/example_dags/example_trigger_target_dag.py
[2024-06-07T08:05:51.469+0000] {logging_mixin.py:188} INFO - [2024-06-07T08:05:51.467+0000] {dag.py:3096} INFO - Sync 1 DAGs
[2024-06-07T08:05:51.567+0000] {logging_mixin.py:188} INFO - [2024-06-07T08:05:51.566+0000] {dag.py:3954} INFO - Setting next_dagrun for example_trigger_target_dag to None, run_after=None
[2024-06-07T08:05:51.770+0000] {processor.py:183} INFO - Processing /home/airflow/.local/lib/python3.12/site-packages/airflow/example_dags/example_trigger_target_dag.py took 0.510 seconds
[2024-06-07T08:06:22.890+0000] {processor.py:161} INFO - Started process (PID=1178) to work on /home/airflow/.local/lib/python3.12/site-packages/airflow/example_dags/example_trigger_target_dag.py
[2024-06-07T08:06:22.891+0000] {processor.py:830} INFO - Processing file /home/airflow/.local/lib/python3.12/site-packages/airflow/example_dags/example_trigger_target_dag.py for tasks to queue
[2024-06-07T08:06:22.897+0000] {logging_mixin.py:188} INFO - [2024-06-07T08:06:22.896+0000] {dagbag.py:545} INFO - Filling up the DagBag from /home/airflow/.local/lib/python3.12/site-packages/airflow/example_dags/example_trigger_target_dag.py
[2024-06-07T08:06:22.909+0000] {processor.py:840} INFO - DAG(s) 'example_trigger_target_dag' retrieved from /home/airflow/.local/lib/python3.12/site-packages/airflow/example_dags/example_trigger_target_dag.py
[2024-06-07T08:06:22.965+0000] {logging_mixin.py:188} INFO - [2024-06-07T08:06:22.964+0000] {dag.py:3096} INFO - Sync 1 DAGs
[2024-06-07T08:06:23.000+0000] {logging_mixin.py:188} INFO - [2024-06-07T08:06:22.999+0000] {dag.py:3954} INFO - Setting next_dagrun for example_trigger_target_dag to None, run_after=None
[2024-06-07T08:06:23.200+0000] {processor.py:183} INFO - Processing /home/airflow/.local/lib/python3.12/site-packages/airflow/example_dags/example_trigger_target_dag.py took 0.324 seconds
[2024-06-07T08:07:21.986+0000] {processor.py:161} INFO - Started process (PID=1239) to work on /home/airflow/.local/lib/python3.12/site-packages/airflow/example_dags/example_trigger_target_dag.py
[2024-06-07T08:07:21.988+0000] {processor.py:830} INFO - Processing file /home/airflow/.local/lib/python3.12/site-packages/airflow/example_dags/example_trigger_target_dag.py for tasks to queue
[2024-06-07T08:07:21.993+0000] {logging_mixin.py:188} INFO - [2024-06-07T08:07:21.992+0000] {dagbag.py:545} INFO - Filling up the DagBag from /home/airflow/.local/lib/python3.12/site-packages/airflow/example_dags/example_trigger_target_dag.py
[2024-06-07T08:07:22.020+0000] {processor.py:840} INFO - DAG(s) 'example_trigger_target_dag' retrieved from /home/airflow/.local/lib/python3.12/site-packages/airflow/example_dags/example_trigger_target_dag.py
[2024-06-07T08:07:22.096+0000] {logging_mixin.py:188} INFO - [2024-06-07T08:07:22.095+0000] {dag.py:3096} INFO - Sync 1 DAGs
[2024-06-07T08:07:22.190+0000] {logging_mixin.py:188} INFO - [2024-06-07T08:07:22.190+0000] {dag.py:3954} INFO - Setting next_dagrun for example_trigger_target_dag to None, run_after=None
[2024-06-07T08:07:22.707+0000] {processor.py:183} INFO - Processing /home/airflow/.local/lib/python3.12/site-packages/airflow/example_dags/example_trigger_target_dag.py took 0.753 seconds
[2024-06-07T08:08:09.286+0000] {processor.py:161} INFO - Started process (PID=1302) to work on /home/airflow/.local/lib/python3.12/site-packages/airflow/example_dags/example_trigger_target_dag.py
[2024-06-07T08:08:09.300+0000] {processor.py:830} INFO - Processing file /home/airflow/.local/lib/python3.12/site-packages/airflow/example_dags/example_trigger_target_dag.py for tasks to queue
[2024-06-07T08:08:09.305+0000] {logging_mixin.py:188} INFO - [2024-06-07T08:08:09.304+0000] {dagbag.py:545} INFO - Filling up the DagBag from /home/airflow/.local/lib/python3.12/site-packages/airflow/example_dags/example_trigger_target_dag.py
[2024-06-07T08:08:09.344+0000] {processor.py:840} INFO - DAG(s) 'example_trigger_target_dag' retrieved from /home/airflow/.local/lib/python3.12/site-packages/airflow/example_dags/example_trigger_target_dag.py
[2024-06-07T08:08:09.385+0000] {logging_mixin.py:188} INFO - [2024-06-07T08:08:09.384+0000] {dag.py:3096} INFO - Sync 1 DAGs
[2024-06-07T08:08:09.432+0000] {logging_mixin.py:188} INFO - [2024-06-07T08:08:09.431+0000] {dag.py:3954} INFO - Setting next_dagrun for example_trigger_target_dag to None, run_after=None
[2024-06-07T08:08:09.904+0000] {processor.py:183} INFO - Processing /home/airflow/.local/lib/python3.12/site-packages/airflow/example_dags/example_trigger_target_dag.py took 0.636 seconds
[2024-06-07T08:08:46.491+0000] {processor.py:161} INFO - Started process (PID=1357) to work on /home/airflow/.local/lib/python3.12/site-packages/airflow/example_dags/example_trigger_target_dag.py
[2024-06-07T08:08:46.510+0000] {processor.py:830} INFO - Processing file /home/airflow/.local/lib/python3.12/site-packages/airflow/example_dags/example_trigger_target_dag.py for tasks to queue
[2024-06-07T08:08:46.560+0000] {logging_mixin.py:188} INFO - [2024-06-07T08:08:46.558+0000] {dagbag.py:545} INFO - Filling up the DagBag from /home/airflow/.local/lib/python3.12/site-packages/airflow/example_dags/example_trigger_target_dag.py
[2024-06-07T08:08:46.670+0000] {processor.py:840} INFO - DAG(s) 'example_trigger_target_dag' retrieved from /home/airflow/.local/lib/python3.12/site-packages/airflow/example_dags/example_trigger_target_dag.py
[2024-06-07T08:08:46.963+0000] {logging_mixin.py:188} INFO - [2024-06-07T08:08:46.962+0000] {dag.py:3096} INFO - Sync 1 DAGs
[2024-06-07T08:08:47.146+0000] {logging_mixin.py:188} INFO - [2024-06-07T08:08:47.141+0000] {dag.py:3954} INFO - Setting next_dagrun for example_trigger_target_dag to None, run_after=None
[2024-06-07T08:08:47.529+0000] {processor.py:183} INFO - Processing /home/airflow/.local/lib/python3.12/site-packages/airflow/example_dags/example_trigger_target_dag.py took 1.110 seconds
[2024-06-07T08:13:36.211+0000] {processor.py:161} INFO - Started process (PID=1468) to work on /home/airflow/.local/lib/python3.12/site-packages/airflow/example_dags/example_trigger_target_dag.py
[2024-06-07T08:13:37.057+0000] {processor.py:830} INFO - Processing file /home/airflow/.local/lib/python3.12/site-packages/airflow/example_dags/example_trigger_target_dag.py for tasks to queue
[2024-06-07T08:13:37.060+0000] {logging_mixin.py:188} INFO - [2024-06-07T08:13:37.059+0000] {dagbag.py:545} INFO - Filling up the DagBag from /home/airflow/.local/lib/python3.12/site-packages/airflow/example_dags/example_trigger_target_dag.py
[2024-06-07T08:13:37.098+0000] {processor.py:840} INFO - DAG(s) 'example_trigger_target_dag' retrieved from /home/airflow/.local/lib/python3.12/site-packages/airflow/example_dags/example_trigger_target_dag.py
[2024-06-07T08:13:37.715+0000] {logging_mixin.py:188} INFO - [2024-06-07T08:13:37.714+0000] {dag.py:3096} INFO - Sync 1 DAGs
[2024-06-07T08:13:37.759+0000] {logging_mixin.py:188} INFO - [2024-06-07T08:13:37.759+0000] {dag.py:3954} INFO - Setting next_dagrun for example_trigger_target_dag to None, run_after=None
[2024-06-07T08:13:38.637+0000] {processor.py:183} INFO - Processing /home/airflow/.local/lib/python3.12/site-packages/airflow/example_dags/example_trigger_target_dag.py took 2.439 seconds
[2024-06-07T08:14:09.352+0000] {processor.py:161} INFO - Started process (PID=1531) to work on /home/airflow/.local/lib/python3.12/site-packages/airflow/example_dags/example_trigger_target_dag.py
[2024-06-07T08:14:09.354+0000] {processor.py:830} INFO - Processing file /home/airflow/.local/lib/python3.12/site-packages/airflow/example_dags/example_trigger_target_dag.py for tasks to queue
[2024-06-07T08:14:09.357+0000] {logging_mixin.py:188} INFO - [2024-06-07T08:14:09.355+0000] {dagbag.py:545} INFO - Filling up the DagBag from /home/airflow/.local/lib/python3.12/site-packages/airflow/example_dags/example_trigger_target_dag.py
[2024-06-07T08:14:09.412+0000] {processor.py:840} INFO - DAG(s) 'example_trigger_target_dag' retrieved from /home/airflow/.local/lib/python3.12/site-packages/airflow/example_dags/example_trigger_target_dag.py
[2024-06-07T08:14:09.523+0000] {logging_mixin.py:188} INFO - [2024-06-07T08:14:09.522+0000] {dag.py:3096} INFO - Sync 1 DAGs
[2024-06-07T08:14:09.568+0000] {logging_mixin.py:188} INFO - [2024-06-07T08:14:09.568+0000] {dag.py:3954} INFO - Setting next_dagrun for example_trigger_target_dag to None, run_after=None
[2024-06-07T08:14:09.765+0000] {processor.py:183} INFO - Processing /home/airflow/.local/lib/python3.12/site-packages/airflow/example_dags/example_trigger_target_dag.py took 0.453 seconds
[2024-06-07T08:14:40.191+0000] {processor.py:161} INFO - Started process (PID=1589) to work on /home/airflow/.local/lib/python3.12/site-packages/airflow/example_dags/example_trigger_target_dag.py
[2024-06-07T08:14:40.199+0000] {processor.py:830} INFO - Processing file /home/airflow/.local/lib/python3.12/site-packages/airflow/example_dags/example_trigger_target_dag.py for tasks to queue
[2024-06-07T08:14:40.217+0000] {logging_mixin.py:188} INFO - [2024-06-07T08:14:40.217+0000] {dagbag.py:545} INFO - Filling up the DagBag from /home/airflow/.local/lib/python3.12/site-packages/airflow/example_dags/example_trigger_target_dag.py
[2024-06-07T08:14:40.233+0000] {processor.py:840} INFO - DAG(s) 'example_trigger_target_dag' retrieved from /home/airflow/.local/lib/python3.12/site-packages/airflow/example_dags/example_trigger_target_dag.py
[2024-06-07T08:14:40.285+0000] {logging_mixin.py:188} INFO - [2024-06-07T08:14:40.284+0000] {dag.py:3096} INFO - Sync 1 DAGs
[2024-06-07T08:14:40.322+0000] {logging_mixin.py:188} INFO - [2024-06-07T08:14:40.320+0000] {dag.py:3954} INFO - Setting next_dagrun for example_trigger_target_dag to None, run_after=None
[2024-06-07T08:14:40.797+0000] {processor.py:183} INFO - Processing /home/airflow/.local/lib/python3.12/site-packages/airflow/example_dags/example_trigger_target_dag.py took 0.645 seconds
[2024-06-07T08:15:11.286+0000] {processor.py:161} INFO - Started process (PID=1647) to work on /home/airflow/.local/lib/python3.12/site-packages/airflow/example_dags/example_trigger_target_dag.py
[2024-06-07T08:15:11.288+0000] {processor.py:830} INFO - Processing file /home/airflow/.local/lib/python3.12/site-packages/airflow/example_dags/example_trigger_target_dag.py for tasks to queue
[2024-06-07T08:15:11.291+0000] {logging_mixin.py:188} INFO - [2024-06-07T08:15:11.289+0000] {dagbag.py:545} INFO - Filling up the DagBag from /home/airflow/.local/lib/python3.12/site-packages/airflow/example_dags/example_trigger_target_dag.py
[2024-06-07T08:15:11.311+0000] {processor.py:840} INFO - DAG(s) 'example_trigger_target_dag' retrieved from /home/airflow/.local/lib/python3.12/site-packages/airflow/example_dags/example_trigger_target_dag.py
[2024-06-07T08:15:11.400+0000] {logging_mixin.py:188} INFO - [2024-06-07T08:15:11.399+0000] {dag.py:3096} INFO - Sync 1 DAGs
[2024-06-07T08:15:11.505+0000] {logging_mixin.py:188} INFO - [2024-06-07T08:15:11.504+0000] {dag.py:3954} INFO - Setting next_dagrun for example_trigger_target_dag to None, run_after=None
[2024-06-07T08:15:12.104+0000] {processor.py:183} INFO - Processing /home/airflow/.local/lib/python3.12/site-packages/airflow/example_dags/example_trigger_target_dag.py took 0.834 seconds
[2024-06-07T08:15:45.494+0000] {processor.py:161} INFO - Started process (PID=1705) to work on /home/airflow/.local/lib/python3.12/site-packages/airflow/example_dags/example_trigger_target_dag.py
[2024-06-07T08:15:45.496+0000] {processor.py:830} INFO - Processing file /home/airflow/.local/lib/python3.12/site-packages/airflow/example_dags/example_trigger_target_dag.py for tasks to queue
[2024-06-07T08:15:45.502+0000] {logging_mixin.py:188} INFO - [2024-06-07T08:15:45.500+0000] {dagbag.py:545} INFO - Filling up the DagBag from /home/airflow/.local/lib/python3.12/site-packages/airflow/example_dags/example_trigger_target_dag.py
[2024-06-07T08:15:45.537+0000] {processor.py:840} INFO - DAG(s) 'example_trigger_target_dag' retrieved from /home/airflow/.local/lib/python3.12/site-packages/airflow/example_dags/example_trigger_target_dag.py
[2024-06-07T08:15:45.712+0000] {logging_mixin.py:188} INFO - [2024-06-07T08:15:45.712+0000] {dag.py:3096} INFO - Sync 1 DAGs
[2024-06-07T08:15:46.263+0000] {logging_mixin.py:188} INFO - [2024-06-07T08:15:46.262+0000] {dag.py:3954} INFO - Setting next_dagrun for example_trigger_target_dag to None, run_after=None
[2024-06-07T08:15:46.493+0000] {processor.py:183} INFO - Processing /home/airflow/.local/lib/python3.12/site-packages/airflow/example_dags/example_trigger_target_dag.py took 1.029 seconds
[2024-06-07T08:16:17.165+0000] {processor.py:161} INFO - Started process (PID=1761) to work on /home/airflow/.local/lib/python3.12/site-packages/airflow/example_dags/example_trigger_target_dag.py
[2024-06-07T08:16:17.177+0000] {processor.py:830} INFO - Processing file /home/airflow/.local/lib/python3.12/site-packages/airflow/example_dags/example_trigger_target_dag.py for tasks to queue
[2024-06-07T08:16:17.182+0000] {logging_mixin.py:188} INFO - [2024-06-07T08:16:17.182+0000] {dagbag.py:545} INFO - Filling up the DagBag from /home/airflow/.local/lib/python3.12/site-packages/airflow/example_dags/example_trigger_target_dag.py
[2024-06-07T08:16:17.210+0000] {processor.py:840} INFO - DAG(s) 'example_trigger_target_dag' retrieved from /home/airflow/.local/lib/python3.12/site-packages/airflow/example_dags/example_trigger_target_dag.py
[2024-06-07T08:16:17.358+0000] {logging_mixin.py:188} INFO - [2024-06-07T08:16:17.357+0000] {dag.py:3096} INFO - Sync 1 DAGs
[2024-06-07T08:16:17.481+0000] {logging_mixin.py:188} INFO - [2024-06-07T08:16:17.481+0000] {dag.py:3954} INFO - Setting next_dagrun for example_trigger_target_dag to None, run_after=None
[2024-06-07T08:16:17.860+0000] {processor.py:183} INFO - Processing /home/airflow/.local/lib/python3.12/site-packages/airflow/example_dags/example_trigger_target_dag.py took 0.721 seconds
[2024-06-07T08:16:49.471+0000] {processor.py:161} INFO - Started process (PID=1818) to work on /home/airflow/.local/lib/python3.12/site-packages/airflow/example_dags/example_trigger_target_dag.py
[2024-06-07T08:16:49.503+0000] {processor.py:830} INFO - Processing file /home/airflow/.local/lib/python3.12/site-packages/airflow/example_dags/example_trigger_target_dag.py for tasks to queue
[2024-06-07T08:16:49.521+0000] {logging_mixin.py:188} INFO - [2024-06-07T08:16:49.520+0000] {dagbag.py:545} INFO - Filling up the DagBag from /home/airflow/.local/lib/python3.12/site-packages/airflow/example_dags/example_trigger_target_dag.py
[2024-06-07T08:16:49.590+0000] {processor.py:840} INFO - DAG(s) 'example_trigger_target_dag' retrieved from /home/airflow/.local/lib/python3.12/site-packages/airflow/example_dags/example_trigger_target_dag.py
[2024-06-07T08:16:49.701+0000] {logging_mixin.py:188} INFO - [2024-06-07T08:16:49.700+0000] {dag.py:3096} INFO - Sync 1 DAGs
[2024-06-07T08:16:49.774+0000] {logging_mixin.py:188} INFO - [2024-06-07T08:16:49.774+0000] {dag.py:3954} INFO - Setting next_dagrun for example_trigger_target_dag to None, run_after=None
[2024-06-07T08:16:50.200+0000] {processor.py:183} INFO - Processing /home/airflow/.local/lib/python3.12/site-packages/airflow/example_dags/example_trigger_target_dag.py took 0.860 seconds
[2024-06-07T08:17:28.185+0000] {processor.py:161} INFO - Started process (PID=1876) to work on /home/airflow/.local/lib/python3.12/site-packages/airflow/example_dags/example_trigger_target_dag.py
[2024-06-07T08:17:28.269+0000] {processor.py:830} INFO - Processing file /home/airflow/.local/lib/python3.12/site-packages/airflow/example_dags/example_trigger_target_dag.py for tasks to queue
[2024-06-07T08:17:28.346+0000] {logging_mixin.py:188} INFO - [2024-06-07T08:17:28.344+0000] {dagbag.py:545} INFO - Filling up the DagBag from /home/airflow/.local/lib/python3.12/site-packages/airflow/example_dags/example_trigger_target_dag.py
[2024-06-07T08:17:28.447+0000] {processor.py:840} INFO - DAG(s) 'example_trigger_target_dag' retrieved from /home/airflow/.local/lib/python3.12/site-packages/airflow/example_dags/example_trigger_target_dag.py
[2024-06-07T08:17:28.708+0000] {logging_mixin.py:188} INFO - [2024-06-07T08:17:28.708+0000] {dag.py:3096} INFO - Sync 1 DAGs
[2024-06-07T08:17:29.061+0000] {logging_mixin.py:188} INFO - [2024-06-07T08:17:29.060+0000] {dag.py:3954} INFO - Setting next_dagrun for example_trigger_target_dag to None, run_after=None
[2024-06-07T08:17:29.445+0000] {processor.py:183} INFO - Processing /home/airflow/.local/lib/python3.12/site-packages/airflow/example_dags/example_trigger_target_dag.py took 1.302 seconds
[2024-06-07T08:18:05.169+0000] {processor.py:161} INFO - Started process (PID=1949) to work on /home/airflow/.local/lib/python3.12/site-packages/airflow/example_dags/example_trigger_target_dag.py
[2024-06-07T08:18:05.172+0000] {processor.py:830} INFO - Processing file /home/airflow/.local/lib/python3.12/site-packages/airflow/example_dags/example_trigger_target_dag.py for tasks to queue
[2024-06-07T08:18:05.175+0000] {logging_mixin.py:188} INFO - [2024-06-07T08:18:05.174+0000] {dagbag.py:545} INFO - Filling up the DagBag from /home/airflow/.local/lib/python3.12/site-packages/airflow/example_dags/example_trigger_target_dag.py
[2024-06-07T08:18:05.197+0000] {processor.py:840} INFO - DAG(s) 'example_trigger_target_dag' retrieved from /home/airflow/.local/lib/python3.12/site-packages/airflow/example_dags/example_trigger_target_dag.py
[2024-06-07T08:18:05.297+0000] {logging_mixin.py:188} INFO - [2024-06-07T08:18:05.297+0000] {dag.py:3096} INFO - Sync 1 DAGs
[2024-06-07T08:18:05.361+0000] {logging_mixin.py:188} INFO - [2024-06-07T08:18:05.361+0000] {dag.py:3954} INFO - Setting next_dagrun for example_trigger_target_dag to None, run_after=None
[2024-06-07T08:18:05.765+0000] {processor.py:183} INFO - Processing /home/airflow/.local/lib/python3.12/site-packages/airflow/example_dags/example_trigger_target_dag.py took 0.633 seconds
[2024-06-07T08:18:35.892+0000] {processor.py:161} INFO - Started process (PID=2006) to work on /home/airflow/.local/lib/python3.12/site-packages/airflow/example_dags/example_trigger_target_dag.py
[2024-06-07T08:18:35.894+0000] {processor.py:830} INFO - Processing file /home/airflow/.local/lib/python3.12/site-packages/airflow/example_dags/example_trigger_target_dag.py for tasks to queue
[2024-06-07T08:18:35.898+0000] {logging_mixin.py:188} INFO - [2024-06-07T08:18:35.897+0000] {dagbag.py:545} INFO - Filling up the DagBag from /home/airflow/.local/lib/python3.12/site-packages/airflow/example_dags/example_trigger_target_dag.py
[2024-06-07T08:18:35.920+0000] {processor.py:840} INFO - DAG(s) 'example_trigger_target_dag' retrieved from /home/airflow/.local/lib/python3.12/site-packages/airflow/example_dags/example_trigger_target_dag.py
[2024-06-07T08:18:35.978+0000] {logging_mixin.py:188} INFO - [2024-06-07T08:18:35.978+0000] {dag.py:3096} INFO - Sync 1 DAGs
[2024-06-07T08:18:36.029+0000] {logging_mixin.py:188} INFO - [2024-06-07T08:18:36.028+0000] {dag.py:3954} INFO - Setting next_dagrun for example_trigger_target_dag to None, run_after=None
[2024-06-07T08:18:36.221+0000] {processor.py:183} INFO - Processing /home/airflow/.local/lib/python3.12/site-packages/airflow/example_dags/example_trigger_target_dag.py took 0.356 seconds
[2024-06-07T08:19:06.331+0000] {processor.py:161} INFO - Started process (PID=2064) to work on /home/airflow/.local/lib/python3.12/site-packages/airflow/example_dags/example_trigger_target_dag.py
[2024-06-07T08:19:06.334+0000] {processor.py:830} INFO - Processing file /home/airflow/.local/lib/python3.12/site-packages/airflow/example_dags/example_trigger_target_dag.py for tasks to queue
[2024-06-07T08:19:06.336+0000] {logging_mixin.py:188} INFO - [2024-06-07T08:19:06.335+0000] {dagbag.py:545} INFO - Filling up the DagBag from /home/airflow/.local/lib/python3.12/site-packages/airflow/example_dags/example_trigger_target_dag.py
[2024-06-07T08:19:06.353+0000] {processor.py:840} INFO - DAG(s) 'example_trigger_target_dag' retrieved from /home/airflow/.local/lib/python3.12/site-packages/airflow/example_dags/example_trigger_target_dag.py
[2024-06-07T08:19:06.404+0000] {logging_mixin.py:188} INFO - [2024-06-07T08:19:06.403+0000] {dag.py:3096} INFO - Sync 1 DAGs
[2024-06-07T08:19:06.433+0000] {logging_mixin.py:188} INFO - [2024-06-07T08:19:06.433+0000] {dag.py:3954} INFO - Setting next_dagrun for example_trigger_target_dag to None, run_after=None
[2024-06-07T08:19:06.559+0000] {processor.py:183} INFO - Processing /home/airflow/.local/lib/python3.12/site-packages/airflow/example_dags/example_trigger_target_dag.py took 0.243 seconds
[2024-06-07T08:19:39.035+0000] {processor.py:161} INFO - Started process (PID=2120) to work on /home/airflow/.local/lib/python3.12/site-packages/airflow/example_dags/example_trigger_target_dag.py
[2024-06-07T08:19:39.037+0000] {processor.py:830} INFO - Processing file /home/airflow/.local/lib/python3.12/site-packages/airflow/example_dags/example_trigger_target_dag.py for tasks to queue
[2024-06-07T08:19:39.039+0000] {logging_mixin.py:188} INFO - [2024-06-07T08:19:39.038+0000] {dagbag.py:545} INFO - Filling up the DagBag from /home/airflow/.local/lib/python3.12/site-packages/airflow/example_dags/example_trigger_target_dag.py
[2024-06-07T08:19:39.105+0000] {processor.py:840} INFO - DAG(s) 'example_trigger_target_dag' retrieved from /home/airflow/.local/lib/python3.12/site-packages/airflow/example_dags/example_trigger_target_dag.py
[2024-06-07T08:19:39.317+0000] {logging_mixin.py:188} INFO - [2024-06-07T08:19:39.316+0000] {dag.py:3096} INFO - Sync 1 DAGs
[2024-06-07T08:19:39.417+0000] {logging_mixin.py:188} INFO - [2024-06-07T08:19:39.416+0000] {dag.py:3954} INFO - Setting next_dagrun for example_trigger_target_dag to None, run_after=None
[2024-06-07T08:19:39.745+0000] {processor.py:183} INFO - Processing /home/airflow/.local/lib/python3.12/site-packages/airflow/example_dags/example_trigger_target_dag.py took 0.761 seconds
[2024-06-07T08:20:12.544+0000] {processor.py:161} INFO - Started process (PID=2184) to work on /home/airflow/.local/lib/python3.12/site-packages/airflow/example_dags/example_trigger_target_dag.py
[2024-06-07T08:20:12.546+0000] {processor.py:830} INFO - Processing file /home/airflow/.local/lib/python3.12/site-packages/airflow/example_dags/example_trigger_target_dag.py for tasks to queue
[2024-06-07T08:20:12.549+0000] {logging_mixin.py:188} INFO - [2024-06-07T08:20:12.548+0000] {dagbag.py:545} INFO - Filling up the DagBag from /home/airflow/.local/lib/python3.12/site-packages/airflow/example_dags/example_trigger_target_dag.py
[2024-06-07T08:20:12.570+0000] {processor.py:840} INFO - DAG(s) 'example_trigger_target_dag' retrieved from /home/airflow/.local/lib/python3.12/site-packages/airflow/example_dags/example_trigger_target_dag.py
[2024-06-07T08:20:12.630+0000] {logging_mixin.py:188} INFO - [2024-06-07T08:20:12.629+0000] {dag.py:3096} INFO - Sync 1 DAGs
[2024-06-07T08:20:12.679+0000] {logging_mixin.py:188} INFO - [2024-06-07T08:20:12.678+0000] {dag.py:3954} INFO - Setting next_dagrun for example_trigger_target_dag to None, run_after=None
[2024-06-07T08:20:12.885+0000] {processor.py:183} INFO - Processing /home/airflow/.local/lib/python3.12/site-packages/airflow/example_dags/example_trigger_target_dag.py took 0.360 seconds
[2024-06-07T08:20:44.180+0000] {processor.py:161} INFO - Started process (PID=2242) to work on /home/airflow/.local/lib/python3.12/site-packages/airflow/example_dags/example_trigger_target_dag.py
[2024-06-07T08:20:44.182+0000] {processor.py:830} INFO - Processing file /home/airflow/.local/lib/python3.12/site-packages/airflow/example_dags/example_trigger_target_dag.py for tasks to queue
[2024-06-07T08:20:44.186+0000] {logging_mixin.py:188} INFO - [2024-06-07T08:20:44.184+0000] {dagbag.py:545} INFO - Filling up the DagBag from /home/airflow/.local/lib/python3.12/site-packages/airflow/example_dags/example_trigger_target_dag.py
[2024-06-07T08:20:44.201+0000] {processor.py:840} INFO - DAG(s) 'example_trigger_target_dag' retrieved from /home/airflow/.local/lib/python3.12/site-packages/airflow/example_dags/example_trigger_target_dag.py
[2024-06-07T08:20:44.259+0000] {logging_mixin.py:188} INFO - [2024-06-07T08:20:44.258+0000] {dag.py:3096} INFO - Sync 1 DAGs
[2024-06-07T08:20:44.286+0000] {logging_mixin.py:188} INFO - [2024-06-07T08:20:44.285+0000] {dag.py:3954} INFO - Setting next_dagrun for example_trigger_target_dag to None, run_after=None
[2024-06-07T08:20:44.600+0000] {processor.py:183} INFO - Processing /home/airflow/.local/lib/python3.12/site-packages/airflow/example_dags/example_trigger_target_dag.py took 0.437 seconds
[2024-06-07T08:21:14.969+0000] {processor.py:161} INFO - Started process (PID=2300) to work on /home/airflow/.local/lib/python3.12/site-packages/airflow/example_dags/example_trigger_target_dag.py
[2024-06-07T08:21:14.971+0000] {processor.py:830} INFO - Processing file /home/airflow/.local/lib/python3.12/site-packages/airflow/example_dags/example_trigger_target_dag.py for tasks to queue
[2024-06-07T08:21:14.974+0000] {logging_mixin.py:188} INFO - [2024-06-07T08:21:14.974+0000] {dagbag.py:545} INFO - Filling up the DagBag from /home/airflow/.local/lib/python3.12/site-packages/airflow/example_dags/example_trigger_target_dag.py
[2024-06-07T08:21:14.994+0000] {processor.py:840} INFO - DAG(s) 'example_trigger_target_dag' retrieved from /home/airflow/.local/lib/python3.12/site-packages/airflow/example_dags/example_trigger_target_dag.py
[2024-06-07T08:21:15.044+0000] {logging_mixin.py:188} INFO - [2024-06-07T08:21:15.043+0000] {dag.py:3096} INFO - Sync 1 DAGs
[2024-06-07T08:21:15.074+0000] {logging_mixin.py:188} INFO - [2024-06-07T08:21:15.074+0000] {dag.py:3954} INFO - Setting next_dagrun for example_trigger_target_dag to None, run_after=None
[2024-06-07T08:21:15.264+0000] {processor.py:183} INFO - Processing /home/airflow/.local/lib/python3.12/site-packages/airflow/example_dags/example_trigger_target_dag.py took 0.315 seconds
[2024-06-07T08:21:47.484+0000] {processor.py:161} INFO - Started process (PID=2358) to work on /home/airflow/.local/lib/python3.12/site-packages/airflow/example_dags/example_trigger_target_dag.py
[2024-06-07T08:21:47.486+0000] {processor.py:830} INFO - Processing file /home/airflow/.local/lib/python3.12/site-packages/airflow/example_dags/example_trigger_target_dag.py for tasks to queue
[2024-06-07T08:21:47.489+0000] {logging_mixin.py:188} INFO - [2024-06-07T08:21:47.488+0000] {dagbag.py:545} INFO - Filling up the DagBag from /home/airflow/.local/lib/python3.12/site-packages/airflow/example_dags/example_trigger_target_dag.py
[2024-06-07T08:21:47.505+0000] {processor.py:840} INFO - DAG(s) 'example_trigger_target_dag' retrieved from /home/airflow/.local/lib/python3.12/site-packages/airflow/example_dags/example_trigger_target_dag.py
[2024-06-07T08:21:47.551+0000] {logging_mixin.py:188} INFO - [2024-06-07T08:21:47.551+0000] {dag.py:3096} INFO - Sync 1 DAGs
[2024-06-07T08:21:47.580+0000] {logging_mixin.py:188} INFO - [2024-06-07T08:21:47.579+0000] {dag.py:3954} INFO - Setting next_dagrun for example_trigger_target_dag to None, run_after=None
[2024-06-07T08:21:48.168+0000] {processor.py:183} INFO - Processing /home/airflow/.local/lib/python3.12/site-packages/airflow/example_dags/example_trigger_target_dag.py took 0.697 seconds
[2024-06-07T08:22:18.364+0000] {processor.py:161} INFO - Started process (PID=2416) to work on /home/airflow/.local/lib/python3.12/site-packages/airflow/example_dags/example_trigger_target_dag.py
[2024-06-07T08:22:18.366+0000] {processor.py:830} INFO - Processing file /home/airflow/.local/lib/python3.12/site-packages/airflow/example_dags/example_trigger_target_dag.py for tasks to queue
[2024-06-07T08:22:18.368+0000] {logging_mixin.py:188} INFO - [2024-06-07T08:22:18.367+0000] {dagbag.py:545} INFO - Filling up the DagBag from /home/airflow/.local/lib/python3.12/site-packages/airflow/example_dags/example_trigger_target_dag.py
[2024-06-07T08:22:18.383+0000] {processor.py:840} INFO - DAG(s) 'example_trigger_target_dag' retrieved from /home/airflow/.local/lib/python3.12/site-packages/airflow/example_dags/example_trigger_target_dag.py
[2024-06-07T08:22:18.431+0000] {logging_mixin.py:188} INFO - [2024-06-07T08:22:18.431+0000] {dag.py:3096} INFO - Sync 1 DAGs
[2024-06-07T08:22:18.481+0000] {logging_mixin.py:188} INFO - [2024-06-07T08:22:18.480+0000] {dag.py:3954} INFO - Setting next_dagrun for example_trigger_target_dag to None, run_after=None
[2024-06-07T08:22:18.790+0000] {processor.py:183} INFO - Processing /home/airflow/.local/lib/python3.12/site-packages/airflow/example_dags/example_trigger_target_dag.py took 0.440 seconds
[2024-06-07T08:22:51.204+0000] {processor.py:161} INFO - Started process (PID=2476) to work on /home/airflow/.local/lib/python3.12/site-packages/airflow/example_dags/example_trigger_target_dag.py
[2024-06-07T08:22:51.216+0000] {processor.py:830} INFO - Processing file /home/airflow/.local/lib/python3.12/site-packages/airflow/example_dags/example_trigger_target_dag.py for tasks to queue
[2024-06-07T08:22:51.219+0000] {logging_mixin.py:188} INFO - [2024-06-07T08:22:51.218+0000] {dagbag.py:545} INFO - Filling up the DagBag from /home/airflow/.local/lib/python3.12/site-packages/airflow/example_dags/example_trigger_target_dag.py
[2024-06-07T08:22:51.238+0000] {processor.py:840} INFO - DAG(s) 'example_trigger_target_dag' retrieved from /home/airflow/.local/lib/python3.12/site-packages/airflow/example_dags/example_trigger_target_dag.py
[2024-06-07T08:22:51.296+0000] {logging_mixin.py:188} INFO - [2024-06-07T08:22:51.296+0000] {dag.py:3096} INFO - Sync 1 DAGs
[2024-06-07T08:22:51.353+0000] {logging_mixin.py:188} INFO - [2024-06-07T08:22:51.347+0000] {dag.py:3954} INFO - Setting next_dagrun for example_trigger_target_dag to None, run_after=None
[2024-06-07T08:22:51.837+0000] {processor.py:183} INFO - Processing /home/airflow/.local/lib/python3.12/site-packages/airflow/example_dags/example_trigger_target_dag.py took 0.671 seconds
[2024-06-07T08:23:22.808+0000] {processor.py:161} INFO - Started process (PID=2534) to work on /home/airflow/.local/lib/python3.12/site-packages/airflow/example_dags/example_trigger_target_dag.py
[2024-06-07T08:23:22.822+0000] {processor.py:830} INFO - Processing file /home/airflow/.local/lib/python3.12/site-packages/airflow/example_dags/example_trigger_target_dag.py for tasks to queue
[2024-06-07T08:23:22.875+0000] {logging_mixin.py:188} INFO - [2024-06-07T08:23:22.854+0000] {dagbag.py:545} INFO - Filling up the DagBag from /home/airflow/.local/lib/python3.12/site-packages/airflow/example_dags/example_trigger_target_dag.py
[2024-06-07T08:23:22.927+0000] {processor.py:840} INFO - DAG(s) 'example_trigger_target_dag' retrieved from /home/airflow/.local/lib/python3.12/site-packages/airflow/example_dags/example_trigger_target_dag.py
[2024-06-07T08:23:23.138+0000] {logging_mixin.py:188} INFO - [2024-06-07T08:23:23.137+0000] {dag.py:3096} INFO - Sync 1 DAGs
[2024-06-07T08:23:23.330+0000] {logging_mixin.py:188} INFO - [2024-06-07T08:23:23.329+0000] {dag.py:3954} INFO - Setting next_dagrun for example_trigger_target_dag to None, run_after=None
[2024-06-07T08:23:27.597+0000] {logging_mixin.py:188} INFO - [2024-06-07T08:23:27.596+0000] {process_utils.py:263} INFO - Waiting up to 5 seconds for processes to exit...
