[2024-06-07T07:54:32.549+0000] {processor.py:161} INFO - Started process (PID=54) to work on /home/airflow/.local/lib/python3.12/site-packages/airflow/example_dags/example_external_task_marker_dag.py
[2024-06-07T07:54:32.562+0000] {processor.py:830} INFO - Processing file /home/airflow/.local/lib/python3.12/site-packages/airflow/example_dags/example_external_task_marker_dag.py for tasks to queue
[2024-06-07T07:54:32.567+0000] {logging_mixin.py:188} INFO - [2024-06-07T07:54:32.566+0000] {dagbag.py:545} INFO - Filling up the DagBag from /home/airflow/.local/lib/python3.12/site-packages/airflow/example_dags/example_external_task_marker_dag.py
[2024-06-07T07:54:32.629+0000] {processor.py:840} INFO - DAG(s) 'example_external_task_marker_parent', 'example_external_task_marker_child' retrieved from /home/airflow/.local/lib/python3.12/site-packages/airflow/example_dags/example_external_task_marker_dag.py
[2024-06-07T07:54:33.671+0000] {logging_mixin.py:188} INFO - [2024-06-07T07:54:33.669+0000] {override.py:1829} INFO - Created Permission View: can delete on DAG:example_external_task_marker_parent
[2024-06-07T07:54:33.862+0000] {logging_mixin.py:188} INFO - [2024-06-07T07:54:33.862+0000] {override.py:1829} INFO - Created Permission View: can read on DAG:example_external_task_marker_parent
[2024-06-07T07:54:34.036+0000] {logging_mixin.py:188} INFO - [2024-06-07T07:54:34.035+0000] {override.py:1829} INFO - Created Permission View: can edit on DAG:example_external_task_marker_parent
[2024-06-07T07:54:34.603+0000] {logging_mixin.py:188} INFO - [2024-06-07T07:54:34.602+0000] {override.py:1829} INFO - Created Permission View: can delete on DAG:example_external_task_marker_child
[2024-06-07T07:54:34.969+0000] {logging_mixin.py:188} INFO - [2024-06-07T07:54:34.968+0000] {override.py:1829} INFO - Created Permission View: can read on DAG:example_external_task_marker_child
[2024-06-07T07:54:35.419+0000] {logging_mixin.py:188} INFO - [2024-06-07T07:54:35.418+0000] {override.py:1829} INFO - Created Permission View: can edit on DAG:example_external_task_marker_child
[2024-06-07T07:54:35.420+0000] {logging_mixin.py:188} INFO - [2024-06-07T07:54:35.420+0000] {dag.py:3096} INFO - Sync 2 DAGs
[2024-06-07T07:54:35.478+0000] {logging_mixin.py:188} INFO - [2024-06-07T07:54:35.478+0000] {dag.py:3118} INFO - Creating ORM DAG for example_external_task_marker_parent
[2024-06-07T07:54:35.482+0000] {logging_mixin.py:188} INFO - [2024-06-07T07:54:35.481+0000] {dag.py:3118} INFO - Creating ORM DAG for example_external_task_marker_child
[2024-06-07T07:54:35.484+0000] {logging_mixin.py:188} INFO - [2024-06-07T07:54:35.484+0000] {dag.py:3954} INFO - Setting next_dagrun for example_external_task_marker_child to None, run_after=None
[2024-06-07T07:54:35.487+0000] {logging_mixin.py:188} INFO - [2024-06-07T07:54:35.486+0000] {dag.py:3954} INFO - Setting next_dagrun for example_external_task_marker_parent to None, run_after=None
[2024-06-07T07:54:35.764+0000] {processor.py:183} INFO - Processing /home/airflow/.local/lib/python3.12/site-packages/airflow/example_dags/example_external_task_marker_dag.py took 3.253 seconds
[2024-06-07T07:55:30.255+0000] {processor.py:161} INFO - Started process (PID=119) to work on /home/airflow/.local/lib/python3.12/site-packages/airflow/example_dags/example_external_task_marker_dag.py
[2024-06-07T07:55:30.257+0000] {processor.py:830} INFO - Processing file /home/airflow/.local/lib/python3.12/site-packages/airflow/example_dags/example_external_task_marker_dag.py for tasks to queue
[2024-06-07T07:55:30.260+0000] {logging_mixin.py:188} INFO - [2024-06-07T07:55:30.260+0000] {dagbag.py:545} INFO - Filling up the DagBag from /home/airflow/.local/lib/python3.12/site-packages/airflow/example_dags/example_external_task_marker_dag.py
[2024-06-07T07:55:30.272+0000] {processor.py:840} INFO - DAG(s) 'example_external_task_marker_parent', 'example_external_task_marker_child' retrieved from /home/airflow/.local/lib/python3.12/site-packages/airflow/example_dags/example_external_task_marker_dag.py
[2024-06-07T07:55:30.319+0000] {logging_mixin.py:188} INFO - [2024-06-07T07:55:30.319+0000] {dag.py:3096} INFO - Sync 2 DAGs
[2024-06-07T07:55:30.349+0000] {logging_mixin.py:188} INFO - [2024-06-07T07:55:30.348+0000] {dag.py:3954} INFO - Setting next_dagrun for example_external_task_marker_child to None, run_after=None
[2024-06-07T07:55:30.356+0000] {logging_mixin.py:188} INFO - [2024-06-07T07:55:30.356+0000] {dag.py:3954} INFO - Setting next_dagrun for example_external_task_marker_parent to None, run_after=None
[2024-06-07T07:55:30.714+0000] {processor.py:183} INFO - Processing /home/airflow/.local/lib/python3.12/site-packages/airflow/example_dags/example_external_task_marker_dag.py took 0.470 seconds
[2024-06-07T07:56:02.870+0000] {processor.py:161} INFO - Started process (PID=175) to work on /home/airflow/.local/lib/python3.12/site-packages/airflow/example_dags/example_external_task_marker_dag.py
[2024-06-07T07:56:02.872+0000] {processor.py:830} INFO - Processing file /home/airflow/.local/lib/python3.12/site-packages/airflow/example_dags/example_external_task_marker_dag.py for tasks to queue
[2024-06-07T07:56:02.878+0000] {logging_mixin.py:188} INFO - [2024-06-07T07:56:02.877+0000] {dagbag.py:545} INFO - Filling up the DagBag from /home/airflow/.local/lib/python3.12/site-packages/airflow/example_dags/example_external_task_marker_dag.py
[2024-06-07T07:56:02.936+0000] {processor.py:840} INFO - DAG(s) 'example_external_task_marker_child', 'example_external_task_marker_parent' retrieved from /home/airflow/.local/lib/python3.12/site-packages/airflow/example_dags/example_external_task_marker_dag.py
[2024-06-07T07:56:03.030+0000] {logging_mixin.py:188} INFO - [2024-06-07T07:56:03.029+0000] {dag.py:3096} INFO - Sync 2 DAGs
[2024-06-07T07:56:03.122+0000] {logging_mixin.py:188} INFO - [2024-06-07T07:56:03.121+0000] {dag.py:3954} INFO - Setting next_dagrun for example_external_task_marker_child to None, run_after=None
[2024-06-07T07:56:03.156+0000] {logging_mixin.py:188} INFO - [2024-06-07T07:56:03.155+0000] {dag.py:3954} INFO - Setting next_dagrun for example_external_task_marker_parent to None, run_after=None
[2024-06-07T07:56:03.420+0000] {processor.py:183} INFO - Processing /home/airflow/.local/lib/python3.12/site-packages/airflow/example_dags/example_external_task_marker_dag.py took 0.569 seconds
[2024-06-07T07:56:39.584+0000] {processor.py:161} INFO - Started process (PID=233) to work on /home/airflow/.local/lib/python3.12/site-packages/airflow/example_dags/example_external_task_marker_dag.py
[2024-06-07T07:56:39.600+0000] {processor.py:830} INFO - Processing file /home/airflow/.local/lib/python3.12/site-packages/airflow/example_dags/example_external_task_marker_dag.py for tasks to queue
[2024-06-07T07:56:39.605+0000] {logging_mixin.py:188} INFO - [2024-06-07T07:56:39.604+0000] {dagbag.py:545} INFO - Filling up the DagBag from /home/airflow/.local/lib/python3.12/site-packages/airflow/example_dags/example_external_task_marker_dag.py
[2024-06-07T07:56:39.675+0000] {processor.py:840} INFO - DAG(s) 'example_external_task_marker_child', 'example_external_task_marker_parent' retrieved from /home/airflow/.local/lib/python3.12/site-packages/airflow/example_dags/example_external_task_marker_dag.py
[2024-06-07T07:56:39.821+0000] {logging_mixin.py:188} INFO - [2024-06-07T07:56:39.820+0000] {dag.py:3096} INFO - Sync 2 DAGs
[2024-06-07T07:56:39.927+0000] {logging_mixin.py:188} INFO - [2024-06-07T07:56:39.927+0000] {dag.py:3954} INFO - Setting next_dagrun for example_external_task_marker_child to None, run_after=None
[2024-06-07T07:56:39.947+0000] {logging_mixin.py:188} INFO - [2024-06-07T07:56:39.946+0000] {dag.py:3954} INFO - Setting next_dagrun for example_external_task_marker_parent to None, run_after=None
[2024-06-07T07:56:40.136+0000] {processor.py:183} INFO - Processing /home/airflow/.local/lib/python3.12/site-packages/airflow/example_dags/example_external_task_marker_dag.py took 0.611 seconds
[2024-06-07T07:57:20.221+0000] {processor.py:161} INFO - Started process (PID=291) to work on /home/airflow/.local/lib/python3.12/site-packages/airflow/example_dags/example_external_task_marker_dag.py
[2024-06-07T07:57:20.225+0000] {processor.py:830} INFO - Processing file /home/airflow/.local/lib/python3.12/site-packages/airflow/example_dags/example_external_task_marker_dag.py for tasks to queue
[2024-06-07T07:57:20.248+0000] {logging_mixin.py:188} INFO - [2024-06-07T07:57:20.247+0000] {dagbag.py:545} INFO - Filling up the DagBag from /home/airflow/.local/lib/python3.12/site-packages/airflow/example_dags/example_external_task_marker_dag.py
[2024-06-07T07:57:20.486+0000] {processor.py:840} INFO - DAG(s) 'example_external_task_marker_child', 'example_external_task_marker_parent' retrieved from /home/airflow/.local/lib/python3.12/site-packages/airflow/example_dags/example_external_task_marker_dag.py
[2024-06-07T07:57:20.980+0000] {logging_mixin.py:188} INFO - [2024-06-07T07:57:20.979+0000] {dag.py:3096} INFO - Sync 2 DAGs
[2024-06-07T07:57:21.173+0000] {logging_mixin.py:188} INFO - [2024-06-07T07:57:21.173+0000] {dag.py:3954} INFO - Setting next_dagrun for example_external_task_marker_child to None, run_after=None
[2024-06-07T07:57:21.207+0000] {logging_mixin.py:188} INFO - [2024-06-07T07:57:21.206+0000] {dag.py:3954} INFO - Setting next_dagrun for example_external_task_marker_parent to None, run_after=None
[2024-06-07T07:57:21.691+0000] {processor.py:183} INFO - Processing /home/airflow/.local/lib/python3.12/site-packages/airflow/example_dags/example_external_task_marker_dag.py took 1.582 seconds
[2024-06-07T07:57:52.187+0000] {processor.py:161} INFO - Started process (PID=356) to work on /home/airflow/.local/lib/python3.12/site-packages/airflow/example_dags/example_external_task_marker_dag.py
[2024-06-07T07:57:52.207+0000] {processor.py:830} INFO - Processing file /home/airflow/.local/lib/python3.12/site-packages/airflow/example_dags/example_external_task_marker_dag.py for tasks to queue
[2024-06-07T07:57:52.251+0000] {logging_mixin.py:188} INFO - [2024-06-07T07:57:52.250+0000] {dagbag.py:545} INFO - Filling up the DagBag from /home/airflow/.local/lib/python3.12/site-packages/airflow/example_dags/example_external_task_marker_dag.py
[2024-06-07T07:57:52.573+0000] {processor.py:840} INFO - DAG(s) 'example_external_task_marker_child', 'example_external_task_marker_parent' retrieved from /home/airflow/.local/lib/python3.12/site-packages/airflow/example_dags/example_external_task_marker_dag.py
[2024-06-07T07:57:52.920+0000] {logging_mixin.py:188} INFO - [2024-06-07T07:57:52.919+0000] {dag.py:3096} INFO - Sync 2 DAGs
[2024-06-07T07:57:53.093+0000] {logging_mixin.py:188} INFO - [2024-06-07T07:57:53.092+0000] {dag.py:3954} INFO - Setting next_dagrun for example_external_task_marker_child to None, run_after=None
[2024-06-07T07:57:53.163+0000] {logging_mixin.py:188} INFO - [2024-06-07T07:57:53.163+0000] {dag.py:3954} INFO - Setting next_dagrun for example_external_task_marker_parent to None, run_after=None
[2024-06-07T07:57:53.519+0000] {processor.py:183} INFO - Processing /home/airflow/.local/lib/python3.12/site-packages/airflow/example_dags/example_external_task_marker_dag.py took 1.414 seconds
[2024-06-07T07:58:23.847+0000] {processor.py:161} INFO - Started process (PID=414) to work on /home/airflow/.local/lib/python3.12/site-packages/airflow/example_dags/example_external_task_marker_dag.py
[2024-06-07T07:58:23.853+0000] {processor.py:830} INFO - Processing file /home/airflow/.local/lib/python3.12/site-packages/airflow/example_dags/example_external_task_marker_dag.py for tasks to queue
[2024-06-07T07:58:23.862+0000] {logging_mixin.py:188} INFO - [2024-06-07T07:58:23.861+0000] {dagbag.py:545} INFO - Filling up the DagBag from /home/airflow/.local/lib/python3.12/site-packages/airflow/example_dags/example_external_task_marker_dag.py
[2024-06-07T07:58:23.878+0000] {processor.py:840} INFO - DAG(s) 'example_external_task_marker_parent', 'example_external_task_marker_child' retrieved from /home/airflow/.local/lib/python3.12/site-packages/airflow/example_dags/example_external_task_marker_dag.py
[2024-06-07T07:58:23.901+0000] {logging_mixin.py:188} INFO - [2024-06-07T07:58:23.901+0000] {dag.py:3096} INFO - Sync 2 DAGs
[2024-06-07T07:58:23.940+0000] {logging_mixin.py:188} INFO - [2024-06-07T07:58:23.939+0000] {dag.py:3954} INFO - Setting next_dagrun for example_external_task_marker_child to None, run_after=None
[2024-06-07T07:58:23.953+0000] {logging_mixin.py:188} INFO - [2024-06-07T07:58:23.952+0000] {dag.py:3954} INFO - Setting next_dagrun for example_external_task_marker_parent to None, run_after=None
[2024-06-07T07:58:24.265+0000] {processor.py:183} INFO - Processing /home/airflow/.local/lib/python3.12/site-packages/airflow/example_dags/example_external_task_marker_dag.py took 0.436 seconds
[2024-06-07T07:59:04.193+0000] {processor.py:161} INFO - Started process (PID=472) to work on /home/airflow/.local/lib/python3.12/site-packages/airflow/example_dags/example_external_task_marker_dag.py
[2024-06-07T07:59:04.199+0000] {processor.py:830} INFO - Processing file /home/airflow/.local/lib/python3.12/site-packages/airflow/example_dags/example_external_task_marker_dag.py for tasks to queue
[2024-06-07T07:59:04.204+0000] {logging_mixin.py:188} INFO - [2024-06-07T07:59:04.203+0000] {dagbag.py:545} INFO - Filling up the DagBag from /home/airflow/.local/lib/python3.12/site-packages/airflow/example_dags/example_external_task_marker_dag.py
[2024-06-07T07:59:04.220+0000] {processor.py:840} INFO - DAG(s) 'example_external_task_marker_child', 'example_external_task_marker_parent' retrieved from /home/airflow/.local/lib/python3.12/site-packages/airflow/example_dags/example_external_task_marker_dag.py
[2024-06-07T07:59:04.528+0000] {logging_mixin.py:188} INFO - [2024-06-07T07:59:04.527+0000] {dag.py:3096} INFO - Sync 2 DAGs
[2024-06-07T07:59:04.555+0000] {logging_mixin.py:188} INFO - [2024-06-07T07:59:04.554+0000] {dag.py:3954} INFO - Setting next_dagrun for example_external_task_marker_child to None, run_after=None
[2024-06-07T07:59:04.563+0000] {logging_mixin.py:188} INFO - [2024-06-07T07:59:04.563+0000] {dag.py:3954} INFO - Setting next_dagrun for example_external_task_marker_parent to None, run_after=None
[2024-06-07T07:59:04.878+0000] {processor.py:183} INFO - Processing /home/airflow/.local/lib/python3.12/site-packages/airflow/example_dags/example_external_task_marker_dag.py took 0.703 seconds
[2024-06-07T07:59:35.655+0000] {processor.py:161} INFO - Started process (PID=529) to work on /home/airflow/.local/lib/python3.12/site-packages/airflow/example_dags/example_external_task_marker_dag.py
[2024-06-07T07:59:35.657+0000] {processor.py:830} INFO - Processing file /home/airflow/.local/lib/python3.12/site-packages/airflow/example_dags/example_external_task_marker_dag.py for tasks to queue
[2024-06-07T07:59:35.670+0000] {logging_mixin.py:188} INFO - [2024-06-07T07:59:35.669+0000] {dagbag.py:545} INFO - Filling up the DagBag from /home/airflow/.local/lib/python3.12/site-packages/airflow/example_dags/example_external_task_marker_dag.py
[2024-06-07T07:59:35.707+0000] {processor.py:840} INFO - DAG(s) 'example_external_task_marker_parent', 'example_external_task_marker_child' retrieved from /home/airflow/.local/lib/python3.12/site-packages/airflow/example_dags/example_external_task_marker_dag.py
[2024-06-07T07:59:35.897+0000] {logging_mixin.py:188} INFO - [2024-06-07T07:59:35.897+0000] {dag.py:3096} INFO - Sync 2 DAGs
[2024-06-07T07:59:36.045+0000] {logging_mixin.py:188} INFO - [2024-06-07T07:59:36.032+0000] {dag.py:3954} INFO - Setting next_dagrun for example_external_task_marker_child to None, run_after=None
[2024-06-07T07:59:36.090+0000] {logging_mixin.py:188} INFO - [2024-06-07T07:59:36.089+0000] {dag.py:3954} INFO - Setting next_dagrun for example_external_task_marker_parent to None, run_after=None
[2024-06-07T07:59:36.375+0000] {processor.py:183} INFO - Processing /home/airflow/.local/lib/python3.12/site-packages/airflow/example_dags/example_external_task_marker_dag.py took 0.758 seconds
[2024-06-07T08:00:20.242+0000] {processor.py:161} INFO - Started process (PID=578) to work on /home/airflow/.local/lib/python3.12/site-packages/airflow/example_dags/example_external_task_marker_dag.py
[2024-06-07T08:00:20.291+0000] {processor.py:830} INFO - Processing file /home/airflow/.local/lib/python3.12/site-packages/airflow/example_dags/example_external_task_marker_dag.py for tasks to queue
[2024-06-07T08:00:20.348+0000] {logging_mixin.py:188} INFO - [2024-06-07T08:00:20.347+0000] {dagbag.py:545} INFO - Filling up the DagBag from /home/airflow/.local/lib/python3.12/site-packages/airflow/example_dags/example_external_task_marker_dag.py
[2024-06-07T08:00:20.436+0000] {processor.py:840} INFO - DAG(s) 'example_external_task_marker_child', 'example_external_task_marker_parent' retrieved from /home/airflow/.local/lib/python3.12/site-packages/airflow/example_dags/example_external_task_marker_dag.py
[2024-06-07T08:00:20.724+0000] {logging_mixin.py:188} INFO - [2024-06-07T08:00:20.723+0000] {dag.py:3096} INFO - Sync 2 DAGs
[2024-06-07T08:00:20.882+0000] {logging_mixin.py:188} INFO - [2024-06-07T08:00:20.881+0000] {dag.py:3954} INFO - Setting next_dagrun for example_external_task_marker_child to None, run_after=None
[2024-06-07T08:00:20.933+0000] {logging_mixin.py:188} INFO - [2024-06-07T08:00:20.933+0000] {dag.py:3954} INFO - Setting next_dagrun for example_external_task_marker_parent to None, run_after=None
[2024-06-07T08:00:21.294+0000] {processor.py:183} INFO - Processing /home/airflow/.local/lib/python3.12/site-packages/airflow/example_dags/example_external_task_marker_dag.py took 1.110 seconds
[2024-06-07T08:01:01.493+0000] {processor.py:161} INFO - Started process (PID=637) to work on /home/airflow/.local/lib/python3.12/site-packages/airflow/example_dags/example_external_task_marker_dag.py
[2024-06-07T08:01:01.512+0000] {processor.py:830} INFO - Processing file /home/airflow/.local/lib/python3.12/site-packages/airflow/example_dags/example_external_task_marker_dag.py for tasks to queue
[2024-06-07T08:01:01.525+0000] {logging_mixin.py:188} INFO - [2024-06-07T08:01:01.524+0000] {dagbag.py:545} INFO - Filling up the DagBag from /home/airflow/.local/lib/python3.12/site-packages/airflow/example_dags/example_external_task_marker_dag.py
[2024-06-07T08:01:01.611+0000] {processor.py:840} INFO - DAG(s) 'example_external_task_marker_parent', 'example_external_task_marker_child' retrieved from /home/airflow/.local/lib/python3.12/site-packages/airflow/example_dags/example_external_task_marker_dag.py
[2024-06-07T08:01:02.146+0000] {logging_mixin.py:188} INFO - [2024-06-07T08:01:02.145+0000] {dag.py:3096} INFO - Sync 2 DAGs
[2024-06-07T08:01:02.264+0000] {logging_mixin.py:188} INFO - [2024-06-07T08:01:02.263+0000] {dag.py:3954} INFO - Setting next_dagrun for example_external_task_marker_child to None, run_after=None
[2024-06-07T08:01:02.338+0000] {logging_mixin.py:188} INFO - [2024-06-07T08:01:02.326+0000] {dag.py:3954} INFO - Setting next_dagrun for example_external_task_marker_parent to None, run_after=None
[2024-06-07T08:01:02.612+0000] {processor.py:183} INFO - Processing /home/airflow/.local/lib/python3.12/site-packages/airflow/example_dags/example_external_task_marker_dag.py took 1.164 seconds
[2024-06-07T08:01:37.939+0000] {processor.py:161} INFO - Started process (PID=692) to work on /home/airflow/.local/lib/python3.12/site-packages/airflow/example_dags/example_external_task_marker_dag.py
[2024-06-07T08:01:37.953+0000] {processor.py:830} INFO - Processing file /home/airflow/.local/lib/python3.12/site-packages/airflow/example_dags/example_external_task_marker_dag.py for tasks to queue
[2024-06-07T08:01:38.000+0000] {logging_mixin.py:188} INFO - [2024-06-07T08:01:37.999+0000] {dagbag.py:545} INFO - Filling up the DagBag from /home/airflow/.local/lib/python3.12/site-packages/airflow/example_dags/example_external_task_marker_dag.py
[2024-06-07T08:01:38.069+0000] {processor.py:840} INFO - DAG(s) 'example_external_task_marker_parent', 'example_external_task_marker_child' retrieved from /home/airflow/.local/lib/python3.12/site-packages/airflow/example_dags/example_external_task_marker_dag.py
[2024-06-07T08:01:38.182+0000] {logging_mixin.py:188} INFO - [2024-06-07T08:01:38.181+0000] {dag.py:3096} INFO - Sync 2 DAGs
[2024-06-07T08:01:38.335+0000] {logging_mixin.py:188} INFO - [2024-06-07T08:01:38.334+0000] {dag.py:3954} INFO - Setting next_dagrun for example_external_task_marker_child to None, run_after=None
[2024-06-07T08:01:38.404+0000] {logging_mixin.py:188} INFO - [2024-06-07T08:01:38.404+0000] {dag.py:3954} INFO - Setting next_dagrun for example_external_task_marker_parent to None, run_after=None
[2024-06-07T08:01:39.069+0000] {processor.py:183} INFO - Processing /home/airflow/.local/lib/python3.12/site-packages/airflow/example_dags/example_external_task_marker_dag.py took 1.193 seconds
[2024-06-07T08:02:35.033+0000] {processor.py:161} INFO - Started process (PID=753) to work on /home/airflow/.local/lib/python3.12/site-packages/airflow/example_dags/example_external_task_marker_dag.py
[2024-06-07T08:02:35.037+0000] {processor.py:830} INFO - Processing file /home/airflow/.local/lib/python3.12/site-packages/airflow/example_dags/example_external_task_marker_dag.py for tasks to queue
[2024-06-07T08:02:35.052+0000] {logging_mixin.py:188} INFO - [2024-06-07T08:02:35.051+0000] {dagbag.py:545} INFO - Filling up the DagBag from /home/airflow/.local/lib/python3.12/site-packages/airflow/example_dags/example_external_task_marker_dag.py
[2024-06-07T08:02:35.086+0000] {processor.py:840} INFO - DAG(s) 'example_external_task_marker_parent', 'example_external_task_marker_child' retrieved from /home/airflow/.local/lib/python3.12/site-packages/airflow/example_dags/example_external_task_marker_dag.py
[2024-06-07T08:02:36.549+0000] {logging_mixin.py:188} INFO - [2024-06-07T08:02:36.548+0000] {dag.py:3096} INFO - Sync 2 DAGs
[2024-06-07T08:02:36.750+0000] {logging_mixin.py:188} INFO - [2024-06-07T08:02:36.749+0000] {dag.py:3954} INFO - Setting next_dagrun for example_external_task_marker_child to None, run_after=None
[2024-06-07T08:02:36.842+0000] {logging_mixin.py:188} INFO - [2024-06-07T08:02:36.842+0000] {dag.py:3954} INFO - Setting next_dagrun for example_external_task_marker_parent to None, run_after=None
[2024-06-07T08:02:37.064+0000] {processor.py:183} INFO - Processing /home/airflow/.local/lib/python3.12/site-packages/airflow/example_dags/example_external_task_marker_dag.py took 2.118 seconds
[2024-06-07T08:03:07.766+0000] {processor.py:161} INFO - Started process (PID=813) to work on /home/airflow/.local/lib/python3.12/site-packages/airflow/example_dags/example_external_task_marker_dag.py
[2024-06-07T08:03:07.769+0000] {processor.py:830} INFO - Processing file /home/airflow/.local/lib/python3.12/site-packages/airflow/example_dags/example_external_task_marker_dag.py for tasks to queue
[2024-06-07T08:03:07.786+0000] {logging_mixin.py:188} INFO - [2024-06-07T08:03:07.784+0000] {dagbag.py:545} INFO - Filling up the DagBag from /home/airflow/.local/lib/python3.12/site-packages/airflow/example_dags/example_external_task_marker_dag.py
[2024-06-07T08:03:07.805+0000] {processor.py:840} INFO - DAG(s) 'example_external_task_marker_child', 'example_external_task_marker_parent' retrieved from /home/airflow/.local/lib/python3.12/site-packages/airflow/example_dags/example_external_task_marker_dag.py
[2024-06-07T08:03:07.907+0000] {logging_mixin.py:188} INFO - [2024-06-07T08:03:07.906+0000] {dag.py:3096} INFO - Sync 2 DAGs
[2024-06-07T08:03:07.980+0000] {logging_mixin.py:188} INFO - [2024-06-07T08:03:07.979+0000] {dag.py:3954} INFO - Setting next_dagrun for example_external_task_marker_child to None, run_after=None
[2024-06-07T08:03:07.988+0000] {logging_mixin.py:188} INFO - [2024-06-07T08:03:07.988+0000] {dag.py:3954} INFO - Setting next_dagrun for example_external_task_marker_parent to None, run_after=None
[2024-06-07T08:03:08.147+0000] {processor.py:183} INFO - Processing /home/airflow/.local/lib/python3.12/site-packages/airflow/example_dags/example_external_task_marker_dag.py took 0.399 seconds
[2024-06-07T08:03:38.572+0000] {processor.py:161} INFO - Started process (PID=871) to work on /home/airflow/.local/lib/python3.12/site-packages/airflow/example_dags/example_external_task_marker_dag.py
[2024-06-07T08:03:38.574+0000] {processor.py:830} INFO - Processing file /home/airflow/.local/lib/python3.12/site-packages/airflow/example_dags/example_external_task_marker_dag.py for tasks to queue
[2024-06-07T08:03:38.578+0000] {logging_mixin.py:188} INFO - [2024-06-07T08:03:38.577+0000] {dagbag.py:545} INFO - Filling up the DagBag from /home/airflow/.local/lib/python3.12/site-packages/airflow/example_dags/example_external_task_marker_dag.py
[2024-06-07T08:03:38.589+0000] {processor.py:840} INFO - DAG(s) 'example_external_task_marker_child', 'example_external_task_marker_parent' retrieved from /home/airflow/.local/lib/python3.12/site-packages/airflow/example_dags/example_external_task_marker_dag.py
[2024-06-07T08:03:38.665+0000] {logging_mixin.py:188} INFO - [2024-06-07T08:03:38.665+0000] {dag.py:3096} INFO - Sync 2 DAGs
[2024-06-07T08:03:38.706+0000] {logging_mixin.py:188} INFO - [2024-06-07T08:03:38.706+0000] {dag.py:3954} INFO - Setting next_dagrun for example_external_task_marker_child to None, run_after=None
[2024-06-07T08:03:38.717+0000] {logging_mixin.py:188} INFO - [2024-06-07T08:03:38.717+0000] {dag.py:3954} INFO - Setting next_dagrun for example_external_task_marker_parent to None, run_after=None
[2024-06-07T08:03:39.012+0000] {processor.py:183} INFO - Processing /home/airflow/.local/lib/python3.12/site-packages/airflow/example_dags/example_external_task_marker_dag.py took 0.456 seconds
[2024-06-07T08:04:09.687+0000] {processor.py:161} INFO - Started process (PID=929) to work on /home/airflow/.local/lib/python3.12/site-packages/airflow/example_dags/example_external_task_marker_dag.py
[2024-06-07T08:04:09.689+0000] {processor.py:830} INFO - Processing file /home/airflow/.local/lib/python3.12/site-packages/airflow/example_dags/example_external_task_marker_dag.py for tasks to queue
[2024-06-07T08:04:09.692+0000] {logging_mixin.py:188} INFO - [2024-06-07T08:04:09.692+0000] {dagbag.py:545} INFO - Filling up the DagBag from /home/airflow/.local/lib/python3.12/site-packages/airflow/example_dags/example_external_task_marker_dag.py
[2024-06-07T08:04:09.707+0000] {processor.py:840} INFO - DAG(s) 'example_external_task_marker_child', 'example_external_task_marker_parent' retrieved from /home/airflow/.local/lib/python3.12/site-packages/airflow/example_dags/example_external_task_marker_dag.py
[2024-06-07T08:04:09.764+0000] {logging_mixin.py:188} INFO - [2024-06-07T08:04:09.764+0000] {dag.py:3096} INFO - Sync 2 DAGs
[2024-06-07T08:04:09.822+0000] {logging_mixin.py:188} INFO - [2024-06-07T08:04:09.822+0000] {dag.py:3954} INFO - Setting next_dagrun for example_external_task_marker_child to None, run_after=None
[2024-06-07T08:04:09.832+0000] {logging_mixin.py:188} INFO - [2024-06-07T08:04:09.832+0000] {dag.py:3954} INFO - Setting next_dagrun for example_external_task_marker_parent to None, run_after=None
[2024-06-07T08:04:09.901+0000] {processor.py:183} INFO - Processing /home/airflow/.local/lib/python3.12/site-packages/airflow/example_dags/example_external_task_marker_dag.py took 0.227 seconds
[2024-06-07T08:04:41.303+0000] {processor.py:161} INFO - Started process (PID=985) to work on /home/airflow/.local/lib/python3.12/site-packages/airflow/example_dags/example_external_task_marker_dag.py
[2024-06-07T08:04:41.315+0000] {processor.py:830} INFO - Processing file /home/airflow/.local/lib/python3.12/site-packages/airflow/example_dags/example_external_task_marker_dag.py for tasks to queue
[2024-06-07T08:04:41.329+0000] {logging_mixin.py:188} INFO - [2024-06-07T08:04:41.328+0000] {dagbag.py:545} INFO - Filling up the DagBag from /home/airflow/.local/lib/python3.12/site-packages/airflow/example_dags/example_external_task_marker_dag.py
[2024-06-07T08:04:41.382+0000] {processor.py:840} INFO - DAG(s) 'example_external_task_marker_parent', 'example_external_task_marker_child' retrieved from /home/airflow/.local/lib/python3.12/site-packages/airflow/example_dags/example_external_task_marker_dag.py
[2024-06-07T08:04:41.569+0000] {logging_mixin.py:188} INFO - [2024-06-07T08:04:41.569+0000] {dag.py:3096} INFO - Sync 2 DAGs
[2024-06-07T08:04:41.670+0000] {logging_mixin.py:188} INFO - [2024-06-07T08:04:41.670+0000] {dag.py:3954} INFO - Setting next_dagrun for example_external_task_marker_child to None, run_after=None
[2024-06-07T08:04:41.704+0000] {logging_mixin.py:188} INFO - [2024-06-07T08:04:41.703+0000] {dag.py:3954} INFO - Setting next_dagrun for example_external_task_marker_parent to None, run_after=None
[2024-06-07T08:04:41.851+0000] {processor.py:183} INFO - Processing /home/airflow/.local/lib/python3.12/site-packages/airflow/example_dags/example_external_task_marker_dag.py took 0.592 seconds
[2024-06-07T08:05:12.648+0000] {processor.py:161} INFO - Started process (PID=1033) to work on /home/airflow/.local/lib/python3.12/site-packages/airflow/example_dags/example_external_task_marker_dag.py
[2024-06-07T08:05:12.651+0000] {processor.py:830} INFO - Processing file /home/airflow/.local/lib/python3.12/site-packages/airflow/example_dags/example_external_task_marker_dag.py for tasks to queue
[2024-06-07T08:05:12.659+0000] {logging_mixin.py:188} INFO - [2024-06-07T08:05:12.656+0000] {dagbag.py:545} INFO - Filling up the DagBag from /home/airflow/.local/lib/python3.12/site-packages/airflow/example_dags/example_external_task_marker_dag.py
[2024-06-07T08:05:12.797+0000] {processor.py:840} INFO - DAG(s) 'example_external_task_marker_child', 'example_external_task_marker_parent' retrieved from /home/airflow/.local/lib/python3.12/site-packages/airflow/example_dags/example_external_task_marker_dag.py
[2024-06-07T08:05:12.930+0000] {logging_mixin.py:188} INFO - [2024-06-07T08:05:12.929+0000] {dag.py:3096} INFO - Sync 2 DAGs
[2024-06-07T08:05:12.970+0000] {logging_mixin.py:188} INFO - [2024-06-07T08:05:12.969+0000] {dag.py:3954} INFO - Setting next_dagrun for example_external_task_marker_child to None, run_after=None
[2024-06-07T08:05:12.984+0000] {logging_mixin.py:188} INFO - [2024-06-07T08:05:12.983+0000] {dag.py:3954} INFO - Setting next_dagrun for example_external_task_marker_parent to None, run_after=None
[2024-06-07T08:05:13.175+0000] {processor.py:183} INFO - Processing /home/airflow/.local/lib/python3.12/site-packages/airflow/example_dags/example_external_task_marker_dag.py took 0.552 seconds
[2024-06-07T08:05:43.585+0000] {processor.py:161} INFO - Started process (PID=1090) to work on /home/airflow/.local/lib/python3.12/site-packages/airflow/example_dags/example_external_task_marker_dag.py
[2024-06-07T08:05:43.588+0000] {processor.py:830} INFO - Processing file /home/airflow/.local/lib/python3.12/site-packages/airflow/example_dags/example_external_task_marker_dag.py for tasks to queue
[2024-06-07T08:05:43.597+0000] {logging_mixin.py:188} INFO - [2024-06-07T08:05:43.596+0000] {dagbag.py:545} INFO - Filling up the DagBag from /home/airflow/.local/lib/python3.12/site-packages/airflow/example_dags/example_external_task_marker_dag.py
[2024-06-07T08:05:43.623+0000] {processor.py:840} INFO - DAG(s) 'example_external_task_marker_parent', 'example_external_task_marker_child' retrieved from /home/airflow/.local/lib/python3.12/site-packages/airflow/example_dags/example_external_task_marker_dag.py
[2024-06-07T08:05:43.762+0000] {logging_mixin.py:188} INFO - [2024-06-07T08:05:43.762+0000] {dag.py:3096} INFO - Sync 2 DAGs
[2024-06-07T08:05:43.889+0000] {logging_mixin.py:188} INFO - [2024-06-07T08:05:43.888+0000] {dag.py:3954} INFO - Setting next_dagrun for example_external_task_marker_child to None, run_after=None
[2024-06-07T08:05:43.902+0000] {logging_mixin.py:188} INFO - [2024-06-07T08:05:43.901+0000] {dag.py:3954} INFO - Setting next_dagrun for example_external_task_marker_parent to None, run_after=None
[2024-06-07T08:05:44.211+0000] {processor.py:183} INFO - Processing /home/airflow/.local/lib/python3.12/site-packages/airflow/example_dags/example_external_task_marker_dag.py took 0.649 seconds
[2024-06-07T08:06:14.980+0000] {processor.py:161} INFO - Started process (PID=1152) to work on /home/airflow/.local/lib/python3.12/site-packages/airflow/example_dags/example_external_task_marker_dag.py
[2024-06-07T08:06:14.984+0000] {processor.py:830} INFO - Processing file /home/airflow/.local/lib/python3.12/site-packages/airflow/example_dags/example_external_task_marker_dag.py for tasks to queue
[2024-06-07T08:06:14.992+0000] {logging_mixin.py:188} INFO - [2024-06-07T08:06:14.991+0000] {dagbag.py:545} INFO - Filling up the DagBag from /home/airflow/.local/lib/python3.12/site-packages/airflow/example_dags/example_external_task_marker_dag.py
[2024-06-07T08:06:15.011+0000] {processor.py:840} INFO - DAG(s) 'example_external_task_marker_parent', 'example_external_task_marker_child' retrieved from /home/airflow/.local/lib/python3.12/site-packages/airflow/example_dags/example_external_task_marker_dag.py
[2024-06-07T08:06:15.147+0000] {logging_mixin.py:188} INFO - [2024-06-07T08:06:15.147+0000] {dag.py:3096} INFO - Sync 2 DAGs
[2024-06-07T08:06:15.224+0000] {logging_mixin.py:188} INFO - [2024-06-07T08:06:15.224+0000] {dag.py:3954} INFO - Setting next_dagrun for example_external_task_marker_child to None, run_after=None
[2024-06-07T08:06:15.257+0000] {logging_mixin.py:188} INFO - [2024-06-07T08:06:15.256+0000] {dag.py:3954} INFO - Setting next_dagrun for example_external_task_marker_parent to None, run_after=None
[2024-06-07T08:06:15.622+0000] {processor.py:183} INFO - Processing /home/airflow/.local/lib/python3.12/site-packages/airflow/example_dags/example_external_task_marker_dag.py took 0.684 seconds
[2024-06-07T08:06:49.114+0000] {processor.py:161} INFO - Started process (PID=1212) to work on /home/airflow/.local/lib/python3.12/site-packages/airflow/example_dags/example_external_task_marker_dag.py
[2024-06-07T08:06:49.116+0000] {processor.py:830} INFO - Processing file /home/airflow/.local/lib/python3.12/site-packages/airflow/example_dags/example_external_task_marker_dag.py for tasks to queue
[2024-06-07T08:06:49.121+0000] {logging_mixin.py:188} INFO - [2024-06-07T08:06:49.120+0000] {dagbag.py:545} INFO - Filling up the DagBag from /home/airflow/.local/lib/python3.12/site-packages/airflow/example_dags/example_external_task_marker_dag.py
[2024-06-07T08:06:49.162+0000] {processor.py:840} INFO - DAG(s) 'example_external_task_marker_parent', 'example_external_task_marker_child' retrieved from /home/airflow/.local/lib/python3.12/site-packages/airflow/example_dags/example_external_task_marker_dag.py
[2024-06-07T08:06:49.274+0000] {logging_mixin.py:188} INFO - [2024-06-07T08:06:49.273+0000] {dag.py:3096} INFO - Sync 2 DAGs
[2024-06-07T08:06:49.417+0000] {logging_mixin.py:188} INFO - [2024-06-07T08:06:49.416+0000] {dag.py:3954} INFO - Setting next_dagrun for example_external_task_marker_child to None, run_after=None
[2024-06-07T08:06:49.446+0000] {logging_mixin.py:188} INFO - [2024-06-07T08:06:49.446+0000] {dag.py:3954} INFO - Setting next_dagrun for example_external_task_marker_parent to None, run_after=None
[2024-06-07T08:06:49.778+0000] {processor.py:183} INFO - Processing /home/airflow/.local/lib/python3.12/site-packages/airflow/example_dags/example_external_task_marker_dag.py took 0.677 seconds
[2024-06-07T08:07:47.821+0000] {processor.py:161} INFO - Started process (PID=1274) to work on /home/airflow/.local/lib/python3.12/site-packages/airflow/example_dags/example_external_task_marker_dag.py
[2024-06-07T08:07:47.823+0000] {processor.py:830} INFO - Processing file /home/airflow/.local/lib/python3.12/site-packages/airflow/example_dags/example_external_task_marker_dag.py for tasks to queue
[2024-06-07T08:07:47.828+0000] {logging_mixin.py:188} INFO - [2024-06-07T08:07:47.827+0000] {dagbag.py:545} INFO - Filling up the DagBag from /home/airflow/.local/lib/python3.12/site-packages/airflow/example_dags/example_external_task_marker_dag.py
[2024-06-07T08:07:47.855+0000] {processor.py:840} INFO - DAG(s) 'example_external_task_marker_child', 'example_external_task_marker_parent' retrieved from /home/airflow/.local/lib/python3.12/site-packages/airflow/example_dags/example_external_task_marker_dag.py
[2024-06-07T08:07:47.926+0000] {logging_mixin.py:188} INFO - [2024-06-07T08:07:47.925+0000] {dag.py:3096} INFO - Sync 2 DAGs
[2024-06-07T08:07:47.970+0000] {logging_mixin.py:188} INFO - [2024-06-07T08:07:47.969+0000] {dag.py:3954} INFO - Setting next_dagrun for example_external_task_marker_child to None, run_after=None
[2024-06-07T08:07:47.993+0000] {logging_mixin.py:188} INFO - [2024-06-07T08:07:47.992+0000] {dag.py:3954} INFO - Setting next_dagrun for example_external_task_marker_parent to None, run_after=None
[2024-06-07T08:07:48.268+0000] {processor.py:183} INFO - Processing /home/airflow/.local/lib/python3.12/site-packages/airflow/example_dags/example_external_task_marker_dag.py took 0.469 seconds
[2024-06-07T08:08:32.248+0000] {processor.py:161} INFO - Started process (PID=1336) to work on /home/airflow/.local/lib/python3.12/site-packages/airflow/example_dags/example_external_task_marker_dag.py
[2024-06-07T08:08:32.250+0000] {processor.py:830} INFO - Processing file /home/airflow/.local/lib/python3.12/site-packages/airflow/example_dags/example_external_task_marker_dag.py for tasks to queue
[2024-06-07T08:08:32.262+0000] {logging_mixin.py:188} INFO - [2024-06-07T08:08:32.259+0000] {dagbag.py:545} INFO - Filling up the DagBag from /home/airflow/.local/lib/python3.12/site-packages/airflow/example_dags/example_external_task_marker_dag.py
[2024-06-07T08:08:32.328+0000] {processor.py:840} INFO - DAG(s) 'example_external_task_marker_parent', 'example_external_task_marker_child' retrieved from /home/airflow/.local/lib/python3.12/site-packages/airflow/example_dags/example_external_task_marker_dag.py
[2024-06-07T08:08:32.442+0000] {logging_mixin.py:188} INFO - [2024-06-07T08:08:32.440+0000] {dag.py:3096} INFO - Sync 2 DAGs
[2024-06-07T08:08:32.615+0000] {logging_mixin.py:188} INFO - [2024-06-07T08:08:32.615+0000] {dag.py:3954} INFO - Setting next_dagrun for example_external_task_marker_child to None, run_after=None
[2024-06-07T08:08:32.651+0000] {logging_mixin.py:188} INFO - [2024-06-07T08:08:32.650+0000] {dag.py:3954} INFO - Setting next_dagrun for example_external_task_marker_parent to None, run_after=None
[2024-06-07T08:08:32.920+0000] {processor.py:183} INFO - Processing /home/airflow/.local/lib/python3.12/site-packages/airflow/example_dags/example_external_task_marker_dag.py took 0.731 seconds
[2024-06-07T08:11:27.336+0000] {processor.py:161} INFO - Started process (PID=1417) to work on /home/airflow/.local/lib/python3.12/site-packages/airflow/example_dags/example_external_task_marker_dag.py
[2024-06-07T08:11:27.347+0000] {processor.py:830} INFO - Processing file /home/airflow/.local/lib/python3.12/site-packages/airflow/example_dags/example_external_task_marker_dag.py for tasks to queue
[2024-06-07T08:11:27.364+0000] {logging_mixin.py:188} INFO - [2024-06-07T08:11:27.362+0000] {dagbag.py:545} INFO - Filling up the DagBag from /home/airflow/.local/lib/python3.12/site-packages/airflow/example_dags/example_external_task_marker_dag.py
[2024-06-07T08:11:27.618+0000] {processor.py:840} INFO - DAG(s) 'example_external_task_marker_child', 'example_external_task_marker_parent' retrieved from /home/airflow/.local/lib/python3.12/site-packages/airflow/example_dags/example_external_task_marker_dag.py
[2024-06-07T08:11:39.228+0000] {logging_mixin.py:188} INFO - [2024-06-07T08:11:39.228+0000] {dag.py:3096} INFO - Sync 2 DAGs
[2024-06-07T08:11:39.995+0000] {logging_mixin.py:188} INFO - [2024-06-07T08:11:39.995+0000] {dag.py:3954} INFO - Setting next_dagrun for example_external_task_marker_child to None, run_after=None
[2024-06-07T08:11:40.520+0000] {logging_mixin.py:188} INFO - [2024-06-07T08:11:40.519+0000] {dag.py:3954} INFO - Setting next_dagrun for example_external_task_marker_parent to None, run_after=None
[2024-06-07T08:11:41.324+0000] {processor.py:183} INFO - Processing /home/airflow/.local/lib/python3.12/site-packages/airflow/example_dags/example_external_task_marker_dag.py took 14.051 seconds
[2024-06-07T08:13:30.042+0000] {processor.py:161} INFO - Started process (PID=1461) to work on /home/airflow/.local/lib/python3.12/site-packages/airflow/example_dags/example_external_task_marker_dag.py
[2024-06-07T08:13:30.044+0000] {processor.py:830} INFO - Processing file /home/airflow/.local/lib/python3.12/site-packages/airflow/example_dags/example_external_task_marker_dag.py for tasks to queue
[2024-06-07T08:13:30.046+0000] {logging_mixin.py:188} INFO - [2024-06-07T08:13:30.045+0000] {dagbag.py:545} INFO - Filling up the DagBag from /home/airflow/.local/lib/python3.12/site-packages/airflow/example_dags/example_external_task_marker_dag.py
[2024-06-07T08:13:30.063+0000] {processor.py:840} INFO - DAG(s) 'example_external_task_marker_parent', 'example_external_task_marker_child' retrieved from /home/airflow/.local/lib/python3.12/site-packages/airflow/example_dags/example_external_task_marker_dag.py
[2024-06-07T08:13:30.140+0000] {logging_mixin.py:188} INFO - [2024-06-07T08:13:30.139+0000] {dag.py:3096} INFO - Sync 2 DAGs
[2024-06-07T08:13:30.174+0000] {logging_mixin.py:188} INFO - [2024-06-07T08:13:30.174+0000] {dag.py:3954} INFO - Setting next_dagrun for example_external_task_marker_child to None, run_after=None
[2024-06-07T08:13:30.182+0000] {logging_mixin.py:188} INFO - [2024-06-07T08:13:30.181+0000] {dag.py:3954} INFO - Setting next_dagrun for example_external_task_marker_parent to None, run_after=None
[2024-06-07T08:13:30.570+0000] {processor.py:183} INFO - Processing /home/airflow/.local/lib/python3.12/site-packages/airflow/example_dags/example_external_task_marker_dag.py took 0.541 seconds
[2024-06-07T08:14:00.784+0000] {processor.py:161} INFO - Started process (PID=1517) to work on /home/airflow/.local/lib/python3.12/site-packages/airflow/example_dags/example_external_task_marker_dag.py
[2024-06-07T08:14:00.800+0000] {processor.py:830} INFO - Processing file /home/airflow/.local/lib/python3.12/site-packages/airflow/example_dags/example_external_task_marker_dag.py for tasks to queue
[2024-06-07T08:14:00.803+0000] {logging_mixin.py:188} INFO - [2024-06-07T08:14:00.802+0000] {dagbag.py:545} INFO - Filling up the DagBag from /home/airflow/.local/lib/python3.12/site-packages/airflow/example_dags/example_external_task_marker_dag.py
[2024-06-07T08:14:00.853+0000] {processor.py:840} INFO - DAG(s) 'example_external_task_marker_parent', 'example_external_task_marker_child' retrieved from /home/airflow/.local/lib/python3.12/site-packages/airflow/example_dags/example_external_task_marker_dag.py
[2024-06-07T08:14:00.998+0000] {logging_mixin.py:188} INFO - [2024-06-07T08:14:00.998+0000] {dag.py:3096} INFO - Sync 2 DAGs
[2024-06-07T08:14:01.128+0000] {logging_mixin.py:188} INFO - [2024-06-07T08:14:01.127+0000] {dag.py:3954} INFO - Setting next_dagrun for example_external_task_marker_child to None, run_after=None
[2024-06-07T08:14:01.176+0000] {logging_mixin.py:188} INFO - [2024-06-07T08:14:01.176+0000] {dag.py:3954} INFO - Setting next_dagrun for example_external_task_marker_parent to None, run_after=None
[2024-06-07T08:14:01.621+0000] {processor.py:183} INFO - Processing /home/airflow/.local/lib/python3.12/site-packages/airflow/example_dags/example_external_task_marker_dag.py took 0.875 seconds
[2024-06-07T08:14:31.700+0000] {processor.py:161} INFO - Started process (PID=1573) to work on /home/airflow/.local/lib/python3.12/site-packages/airflow/example_dags/example_external_task_marker_dag.py
[2024-06-07T08:14:31.702+0000] {processor.py:830} INFO - Processing file /home/airflow/.local/lib/python3.12/site-packages/airflow/example_dags/example_external_task_marker_dag.py for tasks to queue
[2024-06-07T08:14:31.704+0000] {logging_mixin.py:188} INFO - [2024-06-07T08:14:31.703+0000] {dagbag.py:545} INFO - Filling up the DagBag from /home/airflow/.local/lib/python3.12/site-packages/airflow/example_dags/example_external_task_marker_dag.py
[2024-06-07T08:14:31.717+0000] {processor.py:840} INFO - DAG(s) 'example_external_task_marker_parent', 'example_external_task_marker_child' retrieved from /home/airflow/.local/lib/python3.12/site-packages/airflow/example_dags/example_external_task_marker_dag.py
[2024-06-07T08:14:31.788+0000] {logging_mixin.py:188} INFO - [2024-06-07T08:14:31.787+0000] {dag.py:3096} INFO - Sync 2 DAGs
[2024-06-07T08:14:31.830+0000] {logging_mixin.py:188} INFO - [2024-06-07T08:14:31.830+0000] {dag.py:3954} INFO - Setting next_dagrun for example_external_task_marker_child to None, run_after=None
[2024-06-07T08:14:31.838+0000] {logging_mixin.py:188} INFO - [2024-06-07T08:14:31.838+0000] {dag.py:3954} INFO - Setting next_dagrun for example_external_task_marker_parent to None, run_after=None
[2024-06-07T08:14:31.998+0000] {processor.py:183} INFO - Processing /home/airflow/.local/lib/python3.12/site-packages/airflow/example_dags/example_external_task_marker_dag.py took 0.311 seconds
[2024-06-07T08:15:02.279+0000] {processor.py:161} INFO - Started process (PID=1631) to work on /home/airflow/.local/lib/python3.12/site-packages/airflow/example_dags/example_external_task_marker_dag.py
[2024-06-07T08:15:02.281+0000] {processor.py:830} INFO - Processing file /home/airflow/.local/lib/python3.12/site-packages/airflow/example_dags/example_external_task_marker_dag.py for tasks to queue
[2024-06-07T08:15:02.284+0000] {logging_mixin.py:188} INFO - [2024-06-07T08:15:02.283+0000] {dagbag.py:545} INFO - Filling up the DagBag from /home/airflow/.local/lib/python3.12/site-packages/airflow/example_dags/example_external_task_marker_dag.py
[2024-06-07T08:15:02.304+0000] {processor.py:840} INFO - DAG(s) 'example_external_task_marker_child', 'example_external_task_marker_parent' retrieved from /home/airflow/.local/lib/python3.12/site-packages/airflow/example_dags/example_external_task_marker_dag.py
[2024-06-07T08:15:02.376+0000] {logging_mixin.py:188} INFO - [2024-06-07T08:15:02.375+0000] {dag.py:3096} INFO - Sync 2 DAGs
[2024-06-07T08:15:02.435+0000] {logging_mixin.py:188} INFO - [2024-06-07T08:15:02.434+0000] {dag.py:3954} INFO - Setting next_dagrun for example_external_task_marker_child to None, run_after=None
[2024-06-07T08:15:02.455+0000] {logging_mixin.py:188} INFO - [2024-06-07T08:15:02.454+0000] {dag.py:3954} INFO - Setting next_dagrun for example_external_task_marker_parent to None, run_after=None
[2024-06-07T08:15:02.897+0000] {processor.py:183} INFO - Processing /home/airflow/.local/lib/python3.12/site-packages/airflow/example_dags/example_external_task_marker_dag.py took 0.640 seconds
[2024-06-07T08:15:42.077+0000] {processor.py:161} INFO - Started process (PID=1696) to work on /home/airflow/.local/lib/python3.12/site-packages/airflow/example_dags/example_external_task_marker_dag.py
[2024-06-07T08:15:42.080+0000] {processor.py:830} INFO - Processing file /home/airflow/.local/lib/python3.12/site-packages/airflow/example_dags/example_external_task_marker_dag.py for tasks to queue
[2024-06-07T08:15:42.086+0000] {logging_mixin.py:188} INFO - [2024-06-07T08:15:42.085+0000] {dagbag.py:545} INFO - Filling up the DagBag from /home/airflow/.local/lib/python3.12/site-packages/airflow/example_dags/example_external_task_marker_dag.py
[2024-06-07T08:15:42.104+0000] {processor.py:840} INFO - DAG(s) 'example_external_task_marker_parent', 'example_external_task_marker_child' retrieved from /home/airflow/.local/lib/python3.12/site-packages/airflow/example_dags/example_external_task_marker_dag.py
[2024-06-07T08:15:42.172+0000] {logging_mixin.py:188} INFO - [2024-06-07T08:15:42.171+0000] {dag.py:3096} INFO - Sync 2 DAGs
[2024-06-07T08:15:42.200+0000] {logging_mixin.py:188} INFO - [2024-06-07T08:15:42.200+0000] {dag.py:3954} INFO - Setting next_dagrun for example_external_task_marker_child to None, run_after=None
[2024-06-07T08:15:42.612+0000] {logging_mixin.py:188} INFO - [2024-06-07T08:15:42.611+0000] {dag.py:3954} INFO - Setting next_dagrun for example_external_task_marker_parent to None, run_after=None
[2024-06-07T08:15:42.891+0000] {processor.py:183} INFO - Processing /home/airflow/.local/lib/python3.12/site-packages/airflow/example_dags/example_external_task_marker_dag.py took 0.829 seconds
[2024-06-07T08:16:13.172+0000] {processor.py:161} INFO - Started process (PID=1754) to work on /home/airflow/.local/lib/python3.12/site-packages/airflow/example_dags/example_external_task_marker_dag.py
[2024-06-07T08:16:13.179+0000] {processor.py:830} INFO - Processing file /home/airflow/.local/lib/python3.12/site-packages/airflow/example_dags/example_external_task_marker_dag.py for tasks to queue
[2024-06-07T08:16:13.181+0000] {logging_mixin.py:188} INFO - [2024-06-07T08:16:13.180+0000] {dagbag.py:545} INFO - Filling up the DagBag from /home/airflow/.local/lib/python3.12/site-packages/airflow/example_dags/example_external_task_marker_dag.py
[2024-06-07T08:16:13.200+0000] {processor.py:840} INFO - DAG(s) 'example_external_task_marker_child', 'example_external_task_marker_parent' retrieved from /home/airflow/.local/lib/python3.12/site-packages/airflow/example_dags/example_external_task_marker_dag.py
[2024-06-07T08:16:13.264+0000] {logging_mixin.py:188} INFO - [2024-06-07T08:16:13.264+0000] {dag.py:3096} INFO - Sync 2 DAGs
[2024-06-07T08:16:13.299+0000] {logging_mixin.py:188} INFO - [2024-06-07T08:16:13.299+0000] {dag.py:3954} INFO - Setting next_dagrun for example_external_task_marker_child to None, run_after=None
[2024-06-07T08:16:13.309+0000] {logging_mixin.py:188} INFO - [2024-06-07T08:16:13.309+0000] {dag.py:3954} INFO - Setting next_dagrun for example_external_task_marker_parent to None, run_after=None
[2024-06-07T08:16:13.511+0000] {processor.py:183} INFO - Processing /home/airflow/.local/lib/python3.12/site-packages/airflow/example_dags/example_external_task_marker_dag.py took 0.358 seconds
[2024-06-07T08:16:45.646+0000] {processor.py:161} INFO - Started process (PID=1811) to work on /home/airflow/.local/lib/python3.12/site-packages/airflow/example_dags/example_external_task_marker_dag.py
[2024-06-07T08:16:45.648+0000] {processor.py:830} INFO - Processing file /home/airflow/.local/lib/python3.12/site-packages/airflow/example_dags/example_external_task_marker_dag.py for tasks to queue
[2024-06-07T08:16:45.651+0000] {logging_mixin.py:188} INFO - [2024-06-07T08:16:45.650+0000] {dagbag.py:545} INFO - Filling up the DagBag from /home/airflow/.local/lib/python3.12/site-packages/airflow/example_dags/example_external_task_marker_dag.py
[2024-06-07T08:16:45.682+0000] {processor.py:840} INFO - DAG(s) 'example_external_task_marker_child', 'example_external_task_marker_parent' retrieved from /home/airflow/.local/lib/python3.12/site-packages/airflow/example_dags/example_external_task_marker_dag.py
[2024-06-07T08:16:45.847+0000] {logging_mixin.py:188} INFO - [2024-06-07T08:16:45.846+0000] {dag.py:3096} INFO - Sync 2 DAGs
[2024-06-07T08:16:45.906+0000] {logging_mixin.py:188} INFO - [2024-06-07T08:16:45.906+0000] {dag.py:3954} INFO - Setting next_dagrun for example_external_task_marker_child to None, run_after=None
[2024-06-07T08:16:45.931+0000] {logging_mixin.py:188} INFO - [2024-06-07T08:16:45.930+0000] {dag.py:3954} INFO - Setting next_dagrun for example_external_task_marker_parent to None, run_after=None
[2024-06-07T08:16:46.221+0000] {processor.py:183} INFO - Processing /home/airflow/.local/lib/python3.12/site-packages/airflow/example_dags/example_external_task_marker_dag.py took 0.595 seconds
[2024-06-07T08:17:16.639+0000] {processor.py:161} INFO - Started process (PID=1868) to work on /home/airflow/.local/lib/python3.12/site-packages/airflow/example_dags/example_external_task_marker_dag.py
[2024-06-07T08:17:16.652+0000] {processor.py:830} INFO - Processing file /home/airflow/.local/lib/python3.12/site-packages/airflow/example_dags/example_external_task_marker_dag.py for tasks to queue
[2024-06-07T08:17:16.655+0000] {logging_mixin.py:188} INFO - [2024-06-07T08:17:16.654+0000] {dagbag.py:545} INFO - Filling up the DagBag from /home/airflow/.local/lib/python3.12/site-packages/airflow/example_dags/example_external_task_marker_dag.py
[2024-06-07T08:17:16.699+0000] {processor.py:840} INFO - DAG(s) 'example_external_task_marker_parent', 'example_external_task_marker_child' retrieved from /home/airflow/.local/lib/python3.12/site-packages/airflow/example_dags/example_external_task_marker_dag.py
[2024-06-07T08:17:16.826+0000] {logging_mixin.py:188} INFO - [2024-06-07T08:17:16.825+0000] {dag.py:3096} INFO - Sync 2 DAGs
[2024-06-07T08:17:16.909+0000] {logging_mixin.py:188} INFO - [2024-06-07T08:17:16.909+0000] {dag.py:3954} INFO - Setting next_dagrun for example_external_task_marker_child to None, run_after=None
[2024-06-07T08:17:16.955+0000] {logging_mixin.py:188} INFO - [2024-06-07T08:17:16.954+0000] {dag.py:3954} INFO - Setting next_dagrun for example_external_task_marker_parent to None, run_after=None
[2024-06-07T08:17:17.122+0000] {processor.py:183} INFO - Processing /home/airflow/.local/lib/python3.12/site-packages/airflow/example_dags/example_external_task_marker_dag.py took 0.527 seconds
[2024-06-07T08:17:58.854+0000] {processor.py:161} INFO - Started process (PID=1940) to work on /home/airflow/.local/lib/python3.12/site-packages/airflow/example_dags/example_external_task_marker_dag.py
[2024-06-07T08:17:58.868+0000] {processor.py:830} INFO - Processing file /home/airflow/.local/lib/python3.12/site-packages/airflow/example_dags/example_external_task_marker_dag.py for tasks to queue
[2024-06-07T08:17:58.885+0000] {logging_mixin.py:188} INFO - [2024-06-07T08:17:58.884+0000] {dagbag.py:545} INFO - Filling up the DagBag from /home/airflow/.local/lib/python3.12/site-packages/airflow/example_dags/example_external_task_marker_dag.py
[2024-06-07T08:17:58.965+0000] {processor.py:840} INFO - DAG(s) 'example_external_task_marker_child', 'example_external_task_marker_parent' retrieved from /home/airflow/.local/lib/python3.12/site-packages/airflow/example_dags/example_external_task_marker_dag.py
[2024-06-07T08:17:59.204+0000] {logging_mixin.py:188} INFO - [2024-06-07T08:17:59.204+0000] {dag.py:3096} INFO - Sync 2 DAGs
[2024-06-07T08:17:59.367+0000] {logging_mixin.py:188} INFO - [2024-06-07T08:17:59.366+0000] {dag.py:3954} INFO - Setting next_dagrun for example_external_task_marker_child to None, run_after=None
[2024-06-07T08:17:59.466+0000] {logging_mixin.py:188} INFO - [2024-06-07T08:17:59.465+0000] {dag.py:3954} INFO - Setting next_dagrun for example_external_task_marker_parent to None, run_after=None
[2024-06-07T08:17:59.977+0000] {processor.py:183} INFO - Processing /home/airflow/.local/lib/python3.12/site-packages/airflow/example_dags/example_external_task_marker_dag.py took 1.200 seconds
[2024-06-07T08:18:30.116+0000] {processor.py:161} INFO - Started process (PID=1998) to work on /home/airflow/.local/lib/python3.12/site-packages/airflow/example_dags/example_external_task_marker_dag.py
[2024-06-07T08:18:30.119+0000] {processor.py:830} INFO - Processing file /home/airflow/.local/lib/python3.12/site-packages/airflow/example_dags/example_external_task_marker_dag.py for tasks to queue
[2024-06-07T08:18:30.122+0000] {logging_mixin.py:188} INFO - [2024-06-07T08:18:30.121+0000] {dagbag.py:545} INFO - Filling up the DagBag from /home/airflow/.local/lib/python3.12/site-packages/airflow/example_dags/example_external_task_marker_dag.py
[2024-06-07T08:18:30.142+0000] {processor.py:840} INFO - DAG(s) 'example_external_task_marker_child', 'example_external_task_marker_parent' retrieved from /home/airflow/.local/lib/python3.12/site-packages/airflow/example_dags/example_external_task_marker_dag.py
[2024-06-07T08:18:30.224+0000] {logging_mixin.py:188} INFO - [2024-06-07T08:18:30.223+0000] {dag.py:3096} INFO - Sync 2 DAGs
[2024-06-07T08:18:30.254+0000] {logging_mixin.py:188} INFO - [2024-06-07T08:18:30.254+0000] {dag.py:3954} INFO - Setting next_dagrun for example_external_task_marker_child to None, run_after=None
[2024-06-07T08:18:30.271+0000] {logging_mixin.py:188} INFO - [2024-06-07T08:18:30.270+0000] {dag.py:3954} INFO - Setting next_dagrun for example_external_task_marker_parent to None, run_after=None
[2024-06-07T08:18:30.536+0000] {processor.py:183} INFO - Processing /home/airflow/.local/lib/python3.12/site-packages/airflow/example_dags/example_external_task_marker_dag.py took 0.447 seconds
[2024-06-07T08:19:00.711+0000] {processor.py:161} INFO - Started process (PID=2056) to work on /home/airflow/.local/lib/python3.12/site-packages/airflow/example_dags/example_external_task_marker_dag.py
[2024-06-07T08:19:00.713+0000] {processor.py:830} INFO - Processing file /home/airflow/.local/lib/python3.12/site-packages/airflow/example_dags/example_external_task_marker_dag.py for tasks to queue
[2024-06-07T08:19:00.716+0000] {logging_mixin.py:188} INFO - [2024-06-07T08:19:00.716+0000] {dagbag.py:545} INFO - Filling up the DagBag from /home/airflow/.local/lib/python3.12/site-packages/airflow/example_dags/example_external_task_marker_dag.py
[2024-06-07T08:19:00.733+0000] {processor.py:840} INFO - DAG(s) 'example_external_task_marker_child', 'example_external_task_marker_parent' retrieved from /home/airflow/.local/lib/python3.12/site-packages/airflow/example_dags/example_external_task_marker_dag.py
[2024-06-07T08:19:00.791+0000] {logging_mixin.py:188} INFO - [2024-06-07T08:19:00.790+0000] {dag.py:3096} INFO - Sync 2 DAGs
[2024-06-07T08:19:00.822+0000] {logging_mixin.py:188} INFO - [2024-06-07T08:19:00.822+0000] {dag.py:3954} INFO - Setting next_dagrun for example_external_task_marker_child to None, run_after=None
[2024-06-07T08:19:00.831+0000] {logging_mixin.py:188} INFO - [2024-06-07T08:19:00.830+0000] {dag.py:3954} INFO - Setting next_dagrun for example_external_task_marker_parent to None, run_after=None
[2024-06-07T08:19:01.006+0000] {processor.py:183} INFO - Processing /home/airflow/.local/lib/python3.12/site-packages/airflow/example_dags/example_external_task_marker_dag.py took 0.311 seconds
[2024-06-07T08:19:32.745+0000] {processor.py:161} INFO - Started process (PID=2099) to work on /home/airflow/.local/lib/python3.12/site-packages/airflow/example_dags/example_external_task_marker_dag.py
[2024-06-07T08:19:32.747+0000] {processor.py:830} INFO - Processing file /home/airflow/.local/lib/python3.12/site-packages/airflow/example_dags/example_external_task_marker_dag.py for tasks to queue
[2024-06-07T08:19:32.750+0000] {logging_mixin.py:188} INFO - [2024-06-07T08:19:32.749+0000] {dagbag.py:545} INFO - Filling up the DagBag from /home/airflow/.local/lib/python3.12/site-packages/airflow/example_dags/example_external_task_marker_dag.py
[2024-06-07T08:19:32.767+0000] {processor.py:840} INFO - DAG(s) 'example_external_task_marker_parent', 'example_external_task_marker_child' retrieved from /home/airflow/.local/lib/python3.12/site-packages/airflow/example_dags/example_external_task_marker_dag.py
[2024-06-07T08:19:32.886+0000] {logging_mixin.py:188} INFO - [2024-06-07T08:19:32.886+0000] {dag.py:3096} INFO - Sync 2 DAGs
[2024-06-07T08:19:32.930+0000] {logging_mixin.py:188} INFO - [2024-06-07T08:19:32.929+0000] {dag.py:3954} INFO - Setting next_dagrun for example_external_task_marker_child to None, run_after=None
[2024-06-07T08:19:32.942+0000] {logging_mixin.py:188} INFO - [2024-06-07T08:19:32.941+0000] {dag.py:3954} INFO - Setting next_dagrun for example_external_task_marker_parent to None, run_after=None
[2024-06-07T08:19:33.356+0000] {processor.py:183} INFO - Processing /home/airflow/.local/lib/python3.12/site-packages/airflow/example_dags/example_external_task_marker_dag.py took 0.628 seconds
[2024-06-07T08:20:04.257+0000] {processor.py:161} INFO - Started process (PID=2157) to work on /home/airflow/.local/lib/python3.12/site-packages/airflow/example_dags/example_external_task_marker_dag.py
[2024-06-07T08:20:04.260+0000] {processor.py:830} INFO - Processing file /home/airflow/.local/lib/python3.12/site-packages/airflow/example_dags/example_external_task_marker_dag.py for tasks to queue
[2024-06-07T08:20:04.267+0000] {logging_mixin.py:188} INFO - [2024-06-07T08:20:04.266+0000] {dagbag.py:545} INFO - Filling up the DagBag from /home/airflow/.local/lib/python3.12/site-packages/airflow/example_dags/example_external_task_marker_dag.py
[2024-06-07T08:20:04.292+0000] {processor.py:840} INFO - DAG(s) 'example_external_task_marker_parent', 'example_external_task_marker_child' retrieved from /home/airflow/.local/lib/python3.12/site-packages/airflow/example_dags/example_external_task_marker_dag.py
[2024-06-07T08:20:04.406+0000] {logging_mixin.py:188} INFO - [2024-06-07T08:20:04.405+0000] {dag.py:3096} INFO - Sync 2 DAGs
[2024-06-07T08:20:04.526+0000] {logging_mixin.py:188} INFO - [2024-06-07T08:20:04.525+0000] {dag.py:3954} INFO - Setting next_dagrun for example_external_task_marker_child to None, run_after=None
[2024-06-07T08:20:04.550+0000] {logging_mixin.py:188} INFO - [2024-06-07T08:20:04.550+0000] {dag.py:3954} INFO - Setting next_dagrun for example_external_task_marker_parent to None, run_after=None
[2024-06-07T08:20:04.746+0000] {processor.py:183} INFO - Processing /home/airflow/.local/lib/python3.12/site-packages/airflow/example_dags/example_external_task_marker_dag.py took 0.510 seconds
[2024-06-07T08:20:35.379+0000] {processor.py:161} INFO - Started process (PID=2215) to work on /home/airflow/.local/lib/python3.12/site-packages/airflow/example_dags/example_external_task_marker_dag.py
[2024-06-07T08:20:35.381+0000] {processor.py:830} INFO - Processing file /home/airflow/.local/lib/python3.12/site-packages/airflow/example_dags/example_external_task_marker_dag.py for tasks to queue
[2024-06-07T08:20:35.383+0000] {logging_mixin.py:188} INFO - [2024-06-07T08:20:35.382+0000] {dagbag.py:545} INFO - Filling up the DagBag from /home/airflow/.local/lib/python3.12/site-packages/airflow/example_dags/example_external_task_marker_dag.py
[2024-06-07T08:20:35.394+0000] {processor.py:840} INFO - DAG(s) 'example_external_task_marker_parent', 'example_external_task_marker_child' retrieved from /home/airflow/.local/lib/python3.12/site-packages/airflow/example_dags/example_external_task_marker_dag.py
[2024-06-07T08:20:35.466+0000] {logging_mixin.py:188} INFO - [2024-06-07T08:20:35.465+0000] {dag.py:3096} INFO - Sync 2 DAGs
[2024-06-07T08:20:35.523+0000] {logging_mixin.py:188} INFO - [2024-06-07T08:20:35.522+0000] {dag.py:3954} INFO - Setting next_dagrun for example_external_task_marker_child to None, run_after=None
[2024-06-07T08:20:35.534+0000] {logging_mixin.py:188} INFO - [2024-06-07T08:20:35.533+0000] {dag.py:3954} INFO - Setting next_dagrun for example_external_task_marker_parent to None, run_after=None
[2024-06-07T08:20:35.855+0000] {processor.py:183} INFO - Processing /home/airflow/.local/lib/python3.12/site-packages/airflow/example_dags/example_external_task_marker_dag.py took 0.487 seconds
[2024-06-07T08:21:05.958+0000] {processor.py:161} INFO - Started process (PID=2271) to work on /home/airflow/.local/lib/python3.12/site-packages/airflow/example_dags/example_external_task_marker_dag.py
[2024-06-07T08:21:05.960+0000] {processor.py:830} INFO - Processing file /home/airflow/.local/lib/python3.12/site-packages/airflow/example_dags/example_external_task_marker_dag.py for tasks to queue
[2024-06-07T08:21:05.963+0000] {logging_mixin.py:188} INFO - [2024-06-07T08:21:05.962+0000] {dagbag.py:545} INFO - Filling up the DagBag from /home/airflow/.local/lib/python3.12/site-packages/airflow/example_dags/example_external_task_marker_dag.py
[2024-06-07T08:21:05.986+0000] {processor.py:840} INFO - DAG(s) 'example_external_task_marker_child', 'example_external_task_marker_parent' retrieved from /home/airflow/.local/lib/python3.12/site-packages/airflow/example_dags/example_external_task_marker_dag.py
[2024-06-07T08:21:06.144+0000] {logging_mixin.py:188} INFO - [2024-06-07T08:21:06.143+0000] {dag.py:3096} INFO - Sync 2 DAGs
[2024-06-07T08:21:06.232+0000] {logging_mixin.py:188} INFO - [2024-06-07T08:21:06.228+0000] {dag.py:3954} INFO - Setting next_dagrun for example_external_task_marker_child to None, run_after=None
[2024-06-07T08:21:06.245+0000] {logging_mixin.py:188} INFO - [2024-06-07T08:21:06.244+0000] {dag.py:3954} INFO - Setting next_dagrun for example_external_task_marker_parent to None, run_after=None
[2024-06-07T08:21:06.409+0000] {processor.py:183} INFO - Processing /home/airflow/.local/lib/python3.12/site-packages/airflow/example_dags/example_external_task_marker_dag.py took 0.470 seconds
[2024-06-07T08:21:37.732+0000] {processor.py:161} INFO - Started process (PID=2329) to work on /home/airflow/.local/lib/python3.12/site-packages/airflow/example_dags/example_external_task_marker_dag.py
[2024-06-07T08:21:37.738+0000] {processor.py:830} INFO - Processing file /home/airflow/.local/lib/python3.12/site-packages/airflow/example_dags/example_external_task_marker_dag.py for tasks to queue
[2024-06-07T08:21:37.741+0000] {logging_mixin.py:188} INFO - [2024-06-07T08:21:37.740+0000] {dagbag.py:545} INFO - Filling up the DagBag from /home/airflow/.local/lib/python3.12/site-packages/airflow/example_dags/example_external_task_marker_dag.py
[2024-06-07T08:21:37.765+0000] {processor.py:840} INFO - DAG(s) 'example_external_task_marker_parent', 'example_external_task_marker_child' retrieved from /home/airflow/.local/lib/python3.12/site-packages/airflow/example_dags/example_external_task_marker_dag.py
[2024-06-07T08:21:37.823+0000] {logging_mixin.py:188} INFO - [2024-06-07T08:21:37.822+0000] {dag.py:3096} INFO - Sync 2 DAGs
[2024-06-07T08:21:37.847+0000] {logging_mixin.py:188} INFO - [2024-06-07T08:21:37.847+0000] {dag.py:3954} INFO - Setting next_dagrun for example_external_task_marker_child to None, run_after=None
[2024-06-07T08:21:37.854+0000] {logging_mixin.py:188} INFO - [2024-06-07T08:21:37.854+0000] {dag.py:3954} INFO - Setting next_dagrun for example_external_task_marker_parent to None, run_after=None
[2024-06-07T08:21:38.390+0000] {processor.py:183} INFO - Processing /home/airflow/.local/lib/python3.12/site-packages/airflow/example_dags/example_external_task_marker_dag.py took 0.691 seconds
[2024-06-07T08:22:10.556+0000] {processor.py:161} INFO - Started process (PID=2387) to work on /home/airflow/.local/lib/python3.12/site-packages/airflow/example_dags/example_external_task_marker_dag.py
[2024-06-07T08:22:10.558+0000] {processor.py:830} INFO - Processing file /home/airflow/.local/lib/python3.12/site-packages/airflow/example_dags/example_external_task_marker_dag.py for tasks to queue
[2024-06-07T08:22:10.564+0000] {logging_mixin.py:188} INFO - [2024-06-07T08:22:10.563+0000] {dagbag.py:545} INFO - Filling up the DagBag from /home/airflow/.local/lib/python3.12/site-packages/airflow/example_dags/example_external_task_marker_dag.py
[2024-06-07T08:22:10.576+0000] {processor.py:840} INFO - DAG(s) 'example_external_task_marker_parent', 'example_external_task_marker_child' retrieved from /home/airflow/.local/lib/python3.12/site-packages/airflow/example_dags/example_external_task_marker_dag.py
[2024-06-07T08:22:10.635+0000] {logging_mixin.py:188} INFO - [2024-06-07T08:22:10.635+0000] {dag.py:3096} INFO - Sync 2 DAGs
[2024-06-07T08:22:10.672+0000] {logging_mixin.py:188} INFO - [2024-06-07T08:22:10.671+0000] {dag.py:3954} INFO - Setting next_dagrun for example_external_task_marker_child to None, run_after=None
[2024-06-07T08:22:10.681+0000] {logging_mixin.py:188} INFO - [2024-06-07T08:22:10.680+0000] {dag.py:3954} INFO - Setting next_dagrun for example_external_task_marker_parent to None, run_after=None
[2024-06-07T08:22:11.060+0000] {processor.py:183} INFO - Processing /home/airflow/.local/lib/python3.12/site-packages/airflow/example_dags/example_external_task_marker_dag.py took 0.515 seconds
[2024-06-07T08:22:41.734+0000] {processor.py:161} INFO - Started process (PID=2445) to work on /home/airflow/.local/lib/python3.12/site-packages/airflow/example_dags/example_external_task_marker_dag.py
[2024-06-07T08:22:41.736+0000] {processor.py:830} INFO - Processing file /home/airflow/.local/lib/python3.12/site-packages/airflow/example_dags/example_external_task_marker_dag.py for tasks to queue
[2024-06-07T08:22:41.738+0000] {logging_mixin.py:188} INFO - [2024-06-07T08:22:41.738+0000] {dagbag.py:545} INFO - Filling up the DagBag from /home/airflow/.local/lib/python3.12/site-packages/airflow/example_dags/example_external_task_marker_dag.py
[2024-06-07T08:22:41.776+0000] {processor.py:840} INFO - DAG(s) 'example_external_task_marker_parent', 'example_external_task_marker_child' retrieved from /home/airflow/.local/lib/python3.12/site-packages/airflow/example_dags/example_external_task_marker_dag.py
[2024-06-07T08:22:41.906+0000] {logging_mixin.py:188} INFO - [2024-06-07T08:22:41.906+0000] {dag.py:3096} INFO - Sync 2 DAGs
[2024-06-07T08:22:41.965+0000] {logging_mixin.py:188} INFO - [2024-06-07T08:22:41.965+0000] {dag.py:3954} INFO - Setting next_dagrun for example_external_task_marker_child to None, run_after=None
[2024-06-07T08:22:41.978+0000] {logging_mixin.py:188} INFO - [2024-06-07T08:22:41.978+0000] {dag.py:3954} INFO - Setting next_dagrun for example_external_task_marker_parent to None, run_after=None
[2024-06-07T08:22:42.138+0000] {processor.py:183} INFO - Processing /home/airflow/.local/lib/python3.12/site-packages/airflow/example_dags/example_external_task_marker_dag.py took 0.441 seconds
[2024-06-07T08:23:12.352+0000] {processor.py:161} INFO - Started process (PID=2504) to work on /home/airflow/.local/lib/python3.12/site-packages/airflow/example_dags/example_external_task_marker_dag.py
[2024-06-07T08:23:12.354+0000] {processor.py:830} INFO - Processing file /home/airflow/.local/lib/python3.12/site-packages/airflow/example_dags/example_external_task_marker_dag.py for tasks to queue
[2024-06-07T08:23:12.357+0000] {logging_mixin.py:188} INFO - [2024-06-07T08:23:12.356+0000] {dagbag.py:545} INFO - Filling up the DagBag from /home/airflow/.local/lib/python3.12/site-packages/airflow/example_dags/example_external_task_marker_dag.py
[2024-06-07T08:23:12.377+0000] {processor.py:840} INFO - DAG(s) 'example_external_task_marker_parent', 'example_external_task_marker_child' retrieved from /home/airflow/.local/lib/python3.12/site-packages/airflow/example_dags/example_external_task_marker_dag.py
[2024-06-07T08:23:12.451+0000] {logging_mixin.py:188} INFO - [2024-06-07T08:23:12.451+0000] {dag.py:3096} INFO - Sync 2 DAGs
[2024-06-07T08:23:12.493+0000] {logging_mixin.py:188} INFO - [2024-06-07T08:23:12.492+0000] {dag.py:3954} INFO - Setting next_dagrun for example_external_task_marker_child to None, run_after=None
[2024-06-07T08:23:12.508+0000] {logging_mixin.py:188} INFO - [2024-06-07T08:23:12.508+0000] {dag.py:3954} INFO - Setting next_dagrun for example_external_task_marker_parent to None, run_after=None
[2024-06-07T08:23:12.688+0000] {processor.py:183} INFO - Processing /home/airflow/.local/lib/python3.12/site-packages/airflow/example_dags/example_external_task_marker_dag.py took 0.358 seconds
