[2024-06-07T07:54:52.006+0000] {processor.py:161} INFO - Started process (PID=76) to work on /home/airflow/.local/lib/python3.12/site-packages/airflow/example_dags/example_short_circuit_decorator.py
[2024-06-07T07:54:52.008+0000] {processor.py:830} INFO - Processing file /home/airflow/.local/lib/python3.12/site-packages/airflow/example_dags/example_short_circuit_decorator.py for tasks to queue
[2024-06-07T07:54:52.012+0000] {logging_mixin.py:188} INFO - [2024-06-07T07:54:52.012+0000] {dagbag.py:545} INFO - Filling up the DagBag from /home/airflow/.local/lib/python3.12/site-packages/airflow/example_dags/example_short_circuit_decorator.py
[2024-06-07T07:54:52.036+0000] {processor.py:840} INFO - DAG(s) 'example_short_circuit_decorator' retrieved from /home/airflow/.local/lib/python3.12/site-packages/airflow/example_dags/example_short_circuit_decorator.py
[2024-06-07T07:54:53.023+0000] {logging_mixin.py:188} INFO - [2024-06-07T07:54:53.020+0000] {override.py:1829} INFO - Created Permission View: can delete on DAG:example_short_circuit_decorator
[2024-06-07T07:54:53.516+0000] {logging_mixin.py:188} INFO - [2024-06-07T07:54:53.515+0000] {override.py:1829} INFO - Created Permission View: can read on DAG:example_short_circuit_decorator
[2024-06-07T07:54:53.898+0000] {logging_mixin.py:188} INFO - [2024-06-07T07:54:53.897+0000] {override.py:1829} INFO - Created Permission View: can edit on DAG:example_short_circuit_decorator
[2024-06-07T07:54:53.899+0000] {logging_mixin.py:188} INFO - [2024-06-07T07:54:53.899+0000] {dag.py:3096} INFO - Sync 1 DAGs
[2024-06-07T07:54:53.926+0000] {logging_mixin.py:188} INFO - [2024-06-07T07:54:53.926+0000] {dag.py:3118} INFO - Creating ORM DAG for example_short_circuit_decorator
[2024-06-07T07:54:53.948+0000] {logging_mixin.py:188} INFO - [2024-06-07T07:54:53.947+0000] {dag.py:3954} INFO - Setting next_dagrun for example_short_circuit_decorator to 2024-06-06 00:00:00+00:00, run_after=2024-06-07 00:00:00+00:00
[2024-06-07T07:54:54.099+0000] {processor.py:183} INFO - Processing /home/airflow/.local/lib/python3.12/site-packages/airflow/example_dags/example_short_circuit_decorator.py took 2.106 seconds
[2024-06-07T07:55:35.388+0000] {processor.py:161} INFO - Started process (PID=133) to work on /home/airflow/.local/lib/python3.12/site-packages/airflow/example_dags/example_short_circuit_decorator.py
[2024-06-07T07:55:35.390+0000] {processor.py:830} INFO - Processing file /home/airflow/.local/lib/python3.12/site-packages/airflow/example_dags/example_short_circuit_decorator.py for tasks to queue
[2024-06-07T07:55:35.395+0000] {logging_mixin.py:188} INFO - [2024-06-07T07:55:35.394+0000] {dagbag.py:545} INFO - Filling up the DagBag from /home/airflow/.local/lib/python3.12/site-packages/airflow/example_dags/example_short_circuit_decorator.py
[2024-06-07T07:55:35.416+0000] {processor.py:840} INFO - DAG(s) 'example_short_circuit_decorator' retrieved from /home/airflow/.local/lib/python3.12/site-packages/airflow/example_dags/example_short_circuit_decorator.py
[2024-06-07T07:55:35.466+0000] {logging_mixin.py:188} INFO - [2024-06-07T07:55:35.465+0000] {dag.py:3096} INFO - Sync 1 DAGs
[2024-06-07T07:55:35.510+0000] {logging_mixin.py:188} INFO - [2024-06-07T07:55:35.510+0000] {dag.py:3954} INFO - Setting next_dagrun for example_short_circuit_decorator to 2024-06-06 00:00:00+00:00, run_after=2024-06-07 00:00:00+00:00
[2024-06-07T07:55:35.825+0000] {processor.py:183} INFO - Processing /home/airflow/.local/lib/python3.12/site-packages/airflow/example_dags/example_short_circuit_decorator.py took 0.450 seconds
[2024-06-07T07:56:07.762+0000] {processor.py:161} INFO - Started process (PID=191) to work on /home/airflow/.local/lib/python3.12/site-packages/airflow/example_dags/example_short_circuit_decorator.py
[2024-06-07T07:56:07.765+0000] {processor.py:830} INFO - Processing file /home/airflow/.local/lib/python3.12/site-packages/airflow/example_dags/example_short_circuit_decorator.py for tasks to queue
[2024-06-07T07:56:07.770+0000] {logging_mixin.py:188} INFO - [2024-06-07T07:56:07.769+0000] {dagbag.py:545} INFO - Filling up the DagBag from /home/airflow/.local/lib/python3.12/site-packages/airflow/example_dags/example_short_circuit_decorator.py
[2024-06-07T07:56:07.788+0000] {processor.py:840} INFO - DAG(s) 'example_short_circuit_decorator' retrieved from /home/airflow/.local/lib/python3.12/site-packages/airflow/example_dags/example_short_circuit_decorator.py
[2024-06-07T07:56:07.837+0000] {logging_mixin.py:188} INFO - [2024-06-07T07:56:07.836+0000] {dag.py:3096} INFO - Sync 1 DAGs
[2024-06-07T07:56:07.879+0000] {logging_mixin.py:188} INFO - [2024-06-07T07:56:07.879+0000] {dag.py:3954} INFO - Setting next_dagrun for example_short_circuit_decorator to 2024-06-06 00:00:00+00:00, run_after=2024-06-07 00:00:00+00:00
[2024-06-07T07:56:08.005+0000] {processor.py:183} INFO - Processing /home/airflow/.local/lib/python3.12/site-packages/airflow/example_dags/example_short_circuit_decorator.py took 0.259 seconds
[2024-06-07T07:56:57.415+0000] {processor.py:161} INFO - Started process (PID=256) to work on /home/airflow/.local/lib/python3.12/site-packages/airflow/example_dags/example_short_circuit_decorator.py
[2024-06-07T07:56:57.430+0000] {processor.py:830} INFO - Processing file /home/airflow/.local/lib/python3.12/site-packages/airflow/example_dags/example_short_circuit_decorator.py for tasks to queue
[2024-06-07T07:56:57.466+0000] {logging_mixin.py:188} INFO - [2024-06-07T07:56:57.465+0000] {dagbag.py:545} INFO - Filling up the DagBag from /home/airflow/.local/lib/python3.12/site-packages/airflow/example_dags/example_short_circuit_decorator.py
[2024-06-07T07:56:57.571+0000] {processor.py:840} INFO - DAG(s) 'example_short_circuit_decorator' retrieved from /home/airflow/.local/lib/python3.12/site-packages/airflow/example_dags/example_short_circuit_decorator.py
[2024-06-07T07:56:57.783+0000] {logging_mixin.py:188} INFO - [2024-06-07T07:56:57.783+0000] {dag.py:3096} INFO - Sync 1 DAGs
[2024-06-07T07:56:58.005+0000] {logging_mixin.py:188} INFO - [2024-06-07T07:56:58.004+0000] {dag.py:3954} INFO - Setting next_dagrun for example_short_circuit_decorator to 2024-06-06 00:00:00+00:00, run_after=2024-06-07 00:00:00+00:00
[2024-06-07T07:56:58.331+0000] {processor.py:183} INFO - Processing /home/airflow/.local/lib/python3.12/site-packages/airflow/example_dags/example_short_circuit_decorator.py took 0.995 seconds
[2024-06-07T07:57:30.206+0000] {processor.py:161} INFO - Started process (PID=314) to work on /home/airflow/.local/lib/python3.12/site-packages/airflow/example_dags/example_short_circuit_decorator.py
[2024-06-07T07:57:30.209+0000] {processor.py:830} INFO - Processing file /home/airflow/.local/lib/python3.12/site-packages/airflow/example_dags/example_short_circuit_decorator.py for tasks to queue
[2024-06-07T07:57:30.219+0000] {logging_mixin.py:188} INFO - [2024-06-07T07:57:30.218+0000] {dagbag.py:545} INFO - Filling up the DagBag from /home/airflow/.local/lib/python3.12/site-packages/airflow/example_dags/example_short_circuit_decorator.py
[2024-06-07T07:57:30.252+0000] {processor.py:840} INFO - DAG(s) 'example_short_circuit_decorator' retrieved from /home/airflow/.local/lib/python3.12/site-packages/airflow/example_dags/example_short_circuit_decorator.py
[2024-06-07T07:57:30.367+0000] {logging_mixin.py:188} INFO - [2024-06-07T07:57:30.366+0000] {dag.py:3096} INFO - Sync 1 DAGs
[2024-06-07T07:57:30.623+0000] {logging_mixin.py:188} INFO - [2024-06-07T07:57:30.623+0000] {dag.py:3954} INFO - Setting next_dagrun for example_short_circuit_decorator to 2024-06-06 00:00:00+00:00, run_after=2024-06-07 00:00:00+00:00
[2024-06-07T07:57:31.256+0000] {processor.py:183} INFO - Processing /home/airflow/.local/lib/python3.12/site-packages/airflow/example_dags/example_short_circuit_decorator.py took 1.068 seconds
[2024-06-07T07:58:08.194+0000] {processor.py:161} INFO - Started process (PID=373) to work on /home/airflow/.local/lib/python3.12/site-packages/airflow/example_dags/example_short_circuit_decorator.py
[2024-06-07T07:58:08.197+0000] {processor.py:830} INFO - Processing file /home/airflow/.local/lib/python3.12/site-packages/airflow/example_dags/example_short_circuit_decorator.py for tasks to queue
[2024-06-07T07:58:08.215+0000] {logging_mixin.py:188} INFO - [2024-06-07T07:58:08.214+0000] {dagbag.py:545} INFO - Filling up the DagBag from /home/airflow/.local/lib/python3.12/site-packages/airflow/example_dags/example_short_circuit_decorator.py
[2024-06-07T07:58:08.269+0000] {processor.py:840} INFO - DAG(s) 'example_short_circuit_decorator' retrieved from /home/airflow/.local/lib/python3.12/site-packages/airflow/example_dags/example_short_circuit_decorator.py
[2024-06-07T07:58:08.373+0000] {logging_mixin.py:188} INFO - [2024-06-07T07:58:08.372+0000] {dag.py:3096} INFO - Sync 1 DAGs
[2024-06-07T07:58:08.428+0000] {logging_mixin.py:188} INFO - [2024-06-07T07:58:08.427+0000] {dag.py:3954} INFO - Setting next_dagrun for example_short_circuit_decorator to 2024-06-06 00:00:00+00:00, run_after=2024-06-07 00:00:00+00:00
[2024-06-07T07:58:08.550+0000] {processor.py:183} INFO - Processing /home/airflow/.local/lib/python3.12/site-packages/airflow/example_dags/example_short_circuit_decorator.py took 0.369 seconds
[2024-06-07T07:58:41.876+0000] {processor.py:161} INFO - Started process (PID=430) to work on /home/airflow/.local/lib/python3.12/site-packages/airflow/example_dags/example_short_circuit_decorator.py
[2024-06-07T07:58:41.880+0000] {processor.py:830} INFO - Processing file /home/airflow/.local/lib/python3.12/site-packages/airflow/example_dags/example_short_circuit_decorator.py for tasks to queue
[2024-06-07T07:58:41.885+0000] {logging_mixin.py:188} INFO - [2024-06-07T07:58:41.884+0000] {dagbag.py:545} INFO - Filling up the DagBag from /home/airflow/.local/lib/python3.12/site-packages/airflow/example_dags/example_short_circuit_decorator.py
[2024-06-07T07:58:41.954+0000] {processor.py:840} INFO - DAG(s) 'example_short_circuit_decorator' retrieved from /home/airflow/.local/lib/python3.12/site-packages/airflow/example_dags/example_short_circuit_decorator.py
[2024-06-07T07:58:42.099+0000] {logging_mixin.py:188} INFO - [2024-06-07T07:58:42.099+0000] {dag.py:3096} INFO - Sync 1 DAGs
[2024-06-07T07:58:42.679+0000] {logging_mixin.py:188} INFO - [2024-06-07T07:58:42.679+0000] {dag.py:3954} INFO - Setting next_dagrun for example_short_circuit_decorator to 2024-06-06 00:00:00+00:00, run_after=2024-06-07 00:00:00+00:00
[2024-06-07T07:58:42.844+0000] {processor.py:183} INFO - Processing /home/airflow/.local/lib/python3.12/site-packages/airflow/example_dags/example_short_circuit_decorator.py took 0.986 seconds
[2024-06-07T07:59:17.634+0000] {processor.py:161} INFO - Started process (PID=488) to work on /home/airflow/.local/lib/python3.12/site-packages/airflow/example_dags/example_short_circuit_decorator.py
[2024-06-07T07:59:17.641+0000] {processor.py:830} INFO - Processing file /home/airflow/.local/lib/python3.12/site-packages/airflow/example_dags/example_short_circuit_decorator.py for tasks to queue
[2024-06-07T07:59:17.645+0000] {logging_mixin.py:188} INFO - [2024-06-07T07:59:17.644+0000] {dagbag.py:545} INFO - Filling up the DagBag from /home/airflow/.local/lib/python3.12/site-packages/airflow/example_dags/example_short_circuit_decorator.py
[2024-06-07T07:59:17.671+0000] {processor.py:840} INFO - DAG(s) 'example_short_circuit_decorator' retrieved from /home/airflow/.local/lib/python3.12/site-packages/airflow/example_dags/example_short_circuit_decorator.py
[2024-06-07T07:59:18.520+0000] {logging_mixin.py:188} INFO - [2024-06-07T07:59:18.519+0000] {dag.py:3096} INFO - Sync 1 DAGs
[2024-06-07T07:59:18.615+0000] {logging_mixin.py:188} INFO - [2024-06-07T07:59:18.614+0000] {dag.py:3954} INFO - Setting next_dagrun for example_short_circuit_decorator to 2024-06-06 00:00:00+00:00, run_after=2024-06-07 00:00:00+00:00
[2024-06-07T07:59:18.888+0000] {processor.py:183} INFO - Processing /home/airflow/.local/lib/python3.12/site-packages/airflow/example_dags/example_short_circuit_decorator.py took 1.281 seconds
[2024-06-07T07:59:50.397+0000] {processor.py:161} INFO - Started process (PID=545) to work on /home/airflow/.local/lib/python3.12/site-packages/airflow/example_dags/example_short_circuit_decorator.py
[2024-06-07T07:59:50.403+0000] {processor.py:830} INFO - Processing file /home/airflow/.local/lib/python3.12/site-packages/airflow/example_dags/example_short_circuit_decorator.py for tasks to queue
[2024-06-07T07:59:50.495+0000] {logging_mixin.py:188} INFO - [2024-06-07T07:59:50.494+0000] {dagbag.py:545} INFO - Filling up the DagBag from /home/airflow/.local/lib/python3.12/site-packages/airflow/example_dags/example_short_circuit_decorator.py
[2024-06-07T07:59:50.583+0000] {processor.py:840} INFO - DAG(s) 'example_short_circuit_decorator' retrieved from /home/airflow/.local/lib/python3.12/site-packages/airflow/example_dags/example_short_circuit_decorator.py
[2024-06-07T07:59:50.861+0000] {logging_mixin.py:188} INFO - [2024-06-07T07:59:50.860+0000] {dag.py:3096} INFO - Sync 1 DAGs
[2024-06-07T07:59:51.158+0000] {logging_mixin.py:188} INFO - [2024-06-07T07:59:51.157+0000] {dag.py:3954} INFO - Setting next_dagrun for example_short_circuit_decorator to 2024-06-06 00:00:00+00:00, run_after=2024-06-07 00:00:00+00:00
[2024-06-07T07:59:51.483+0000] {processor.py:183} INFO - Processing /home/airflow/.local/lib/python3.12/site-packages/airflow/example_dags/example_short_circuit_decorator.py took 1.361 seconds
[2024-06-07T08:00:54.299+0000] {processor.py:161} INFO - Started process (PID=624) to work on /home/airflow/.local/lib/python3.12/site-packages/airflow/example_dags/example_short_circuit_decorator.py
[2024-06-07T08:00:54.301+0000] {processor.py:830} INFO - Processing file /home/airflow/.local/lib/python3.12/site-packages/airflow/example_dags/example_short_circuit_decorator.py for tasks to queue
[2024-06-07T08:00:54.306+0000] {logging_mixin.py:188} INFO - [2024-06-07T08:00:54.305+0000] {dagbag.py:545} INFO - Filling up the DagBag from /home/airflow/.local/lib/python3.12/site-packages/airflow/example_dags/example_short_circuit_decorator.py
[2024-06-07T08:00:54.344+0000] {processor.py:840} INFO - DAG(s) 'example_short_circuit_decorator' retrieved from /home/airflow/.local/lib/python3.12/site-packages/airflow/example_dags/example_short_circuit_decorator.py
[2024-06-07T08:00:54.459+0000] {logging_mixin.py:188} INFO - [2024-06-07T08:00:54.458+0000] {dag.py:3096} INFO - Sync 1 DAGs
[2024-06-07T08:00:54.541+0000] {logging_mixin.py:188} INFO - [2024-06-07T08:00:54.540+0000] {dag.py:3954} INFO - Setting next_dagrun for example_short_circuit_decorator to 2024-06-06 00:00:00+00:00, run_after=2024-06-07 00:00:00+00:00
[2024-06-07T08:00:55.058+0000] {processor.py:183} INFO - Processing /home/airflow/.local/lib/python3.12/site-packages/airflow/example_dags/example_short_circuit_decorator.py took 0.775 seconds
[2024-06-07T08:01:29.814+0000] {processor.py:161} INFO - Started process (PID=681) to work on /home/airflow/.local/lib/python3.12/site-packages/airflow/example_dags/example_short_circuit_decorator.py
[2024-06-07T08:01:29.833+0000] {processor.py:830} INFO - Processing file /home/airflow/.local/lib/python3.12/site-packages/airflow/example_dags/example_short_circuit_decorator.py for tasks to queue
[2024-06-07T08:01:29.849+0000] {logging_mixin.py:188} INFO - [2024-06-07T08:01:29.848+0000] {dagbag.py:545} INFO - Filling up the DagBag from /home/airflow/.local/lib/python3.12/site-packages/airflow/example_dags/example_short_circuit_decorator.py
[2024-06-07T08:01:29.895+0000] {processor.py:840} INFO - DAG(s) 'example_short_circuit_decorator' retrieved from /home/airflow/.local/lib/python3.12/site-packages/airflow/example_dags/example_short_circuit_decorator.py
[2024-06-07T08:01:29.955+0000] {logging_mixin.py:188} INFO - [2024-06-07T08:01:29.955+0000] {dag.py:3096} INFO - Sync 1 DAGs
[2024-06-07T08:01:30.054+0000] {logging_mixin.py:188} INFO - [2024-06-07T08:01:30.053+0000] {dag.py:3954} INFO - Setting next_dagrun for example_short_circuit_decorator to 2024-06-06 00:00:00+00:00, run_after=2024-06-07 00:00:00+00:00
[2024-06-07T08:01:30.223+0000] {processor.py:183} INFO - Processing /home/airflow/.local/lib/python3.12/site-packages/airflow/example_dags/example_short_circuit_decorator.py took 0.500 seconds
[2024-06-07T08:02:25.896+0000] {processor.py:161} INFO - Started process (PID=738) to work on /home/airflow/.local/lib/python3.12/site-packages/airflow/example_dags/example_short_circuit_decorator.py
[2024-06-07T08:02:25.899+0000] {processor.py:830} INFO - Processing file /home/airflow/.local/lib/python3.12/site-packages/airflow/example_dags/example_short_circuit_decorator.py for tasks to queue
[2024-06-07T08:02:25.905+0000] {logging_mixin.py:188} INFO - [2024-06-07T08:02:25.904+0000] {dagbag.py:545} INFO - Filling up the DagBag from /home/airflow/.local/lib/python3.12/site-packages/airflow/example_dags/example_short_circuit_decorator.py
[2024-06-07T08:02:25.934+0000] {processor.py:840} INFO - DAG(s) 'example_short_circuit_decorator' retrieved from /home/airflow/.local/lib/python3.12/site-packages/airflow/example_dags/example_short_circuit_decorator.py
[2024-06-07T08:02:26.597+0000] {logging_mixin.py:188} INFO - [2024-06-07T08:02:26.596+0000] {dag.py:3096} INFO - Sync 1 DAGs
[2024-06-07T08:02:26.800+0000] {logging_mixin.py:188} INFO - [2024-06-07T08:02:26.799+0000] {dag.py:3954} INFO - Setting next_dagrun for example_short_circuit_decorator to 2024-06-06 00:00:00+00:00, run_after=2024-06-07 00:00:00+00:00
[2024-06-07T08:02:27.469+0000] {processor.py:183} INFO - Processing /home/airflow/.local/lib/python3.12/site-packages/airflow/example_dags/example_short_circuit_decorator.py took 1.594 seconds
[2024-06-07T08:02:58.020+0000] {processor.py:161} INFO - Started process (PID=798) to work on /home/airflow/.local/lib/python3.12/site-packages/airflow/example_dags/example_short_circuit_decorator.py
[2024-06-07T08:02:58.022+0000] {processor.py:830} INFO - Processing file /home/airflow/.local/lib/python3.12/site-packages/airflow/example_dags/example_short_circuit_decorator.py for tasks to queue
[2024-06-07T08:02:58.025+0000] {logging_mixin.py:188} INFO - [2024-06-07T08:02:58.025+0000] {dagbag.py:545} INFO - Filling up the DagBag from /home/airflow/.local/lib/python3.12/site-packages/airflow/example_dags/example_short_circuit_decorator.py
[2024-06-07T08:02:58.045+0000] {processor.py:840} INFO - DAG(s) 'example_short_circuit_decorator' retrieved from /home/airflow/.local/lib/python3.12/site-packages/airflow/example_dags/example_short_circuit_decorator.py
[2024-06-07T08:02:58.096+0000] {logging_mixin.py:188} INFO - [2024-06-07T08:02:58.095+0000] {dag.py:3096} INFO - Sync 1 DAGs
[2024-06-07T08:02:58.140+0000] {logging_mixin.py:188} INFO - [2024-06-07T08:02:58.140+0000] {dag.py:3954} INFO - Setting next_dagrun for example_short_circuit_decorator to 2024-06-06 00:00:00+00:00, run_after=2024-06-07 00:00:00+00:00
[2024-06-07T08:02:58.711+0000] {processor.py:183} INFO - Processing /home/airflow/.local/lib/python3.12/site-packages/airflow/example_dags/example_short_circuit_decorator.py took 0.703 seconds
[2024-06-07T08:03:31.072+0000] {processor.py:161} INFO - Started process (PID=856) to work on /home/airflow/.local/lib/python3.12/site-packages/airflow/example_dags/example_short_circuit_decorator.py
[2024-06-07T08:03:31.074+0000] {processor.py:830} INFO - Processing file /home/airflow/.local/lib/python3.12/site-packages/airflow/example_dags/example_short_circuit_decorator.py for tasks to queue
[2024-06-07T08:03:31.080+0000] {logging_mixin.py:188} INFO - [2024-06-07T08:03:31.079+0000] {dagbag.py:545} INFO - Filling up the DagBag from /home/airflow/.local/lib/python3.12/site-packages/airflow/example_dags/example_short_circuit_decorator.py
[2024-06-07T08:03:31.107+0000] {processor.py:840} INFO - DAG(s) 'example_short_circuit_decorator' retrieved from /home/airflow/.local/lib/python3.12/site-packages/airflow/example_dags/example_short_circuit_decorator.py
[2024-06-07T08:03:31.196+0000] {logging_mixin.py:188} INFO - [2024-06-07T08:03:31.196+0000] {dag.py:3096} INFO - Sync 1 DAGs
[2024-06-07T08:03:31.460+0000] {logging_mixin.py:188} INFO - [2024-06-07T08:03:31.460+0000] {dag.py:3954} INFO - Setting next_dagrun for example_short_circuit_decorator to 2024-06-06 00:00:00+00:00, run_after=2024-06-07 00:00:00+00:00
[2024-06-07T08:03:31.677+0000] {processor.py:183} INFO - Processing /home/airflow/.local/lib/python3.12/site-packages/airflow/example_dags/example_short_circuit_decorator.py took 0.623 seconds
[2024-06-07T08:04:05.056+0000] {processor.py:161} INFO - Started process (PID=914) to work on /home/airflow/.local/lib/python3.12/site-packages/airflow/example_dags/example_short_circuit_decorator.py
[2024-06-07T08:04:05.059+0000] {processor.py:830} INFO - Processing file /home/airflow/.local/lib/python3.12/site-packages/airflow/example_dags/example_short_circuit_decorator.py for tasks to queue
[2024-06-07T08:04:05.064+0000] {logging_mixin.py:188} INFO - [2024-06-07T08:04:05.063+0000] {dagbag.py:545} INFO - Filling up the DagBag from /home/airflow/.local/lib/python3.12/site-packages/airflow/example_dags/example_short_circuit_decorator.py
[2024-06-07T08:04:05.100+0000] {processor.py:840} INFO - DAG(s) 'example_short_circuit_decorator' retrieved from /home/airflow/.local/lib/python3.12/site-packages/airflow/example_dags/example_short_circuit_decorator.py
[2024-06-07T08:04:05.186+0000] {logging_mixin.py:188} INFO - [2024-06-07T08:04:05.186+0000] {dag.py:3096} INFO - Sync 1 DAGs
[2024-06-07T08:04:05.249+0000] {logging_mixin.py:188} INFO - [2024-06-07T08:04:05.249+0000] {dag.py:3954} INFO - Setting next_dagrun for example_short_circuit_decorator to 2024-06-06 00:00:00+00:00, run_after=2024-06-07 00:00:00+00:00
[2024-06-07T08:04:05.339+0000] {processor.py:183} INFO - Processing /home/airflow/.local/lib/python3.12/site-packages/airflow/example_dags/example_short_circuit_decorator.py took 0.301 seconds
[2024-06-07T08:04:36.660+0000] {processor.py:161} INFO - Started process (PID=970) to work on /home/airflow/.local/lib/python3.12/site-packages/airflow/example_dags/example_short_circuit_decorator.py
[2024-06-07T08:04:36.664+0000] {processor.py:830} INFO - Processing file /home/airflow/.local/lib/python3.12/site-packages/airflow/example_dags/example_short_circuit_decorator.py for tasks to queue
[2024-06-07T08:04:36.673+0000] {logging_mixin.py:188} INFO - [2024-06-07T08:04:36.672+0000] {dagbag.py:545} INFO - Filling up the DagBag from /home/airflow/.local/lib/python3.12/site-packages/airflow/example_dags/example_short_circuit_decorator.py
[2024-06-07T08:04:36.693+0000] {processor.py:840} INFO - DAG(s) 'example_short_circuit_decorator' retrieved from /home/airflow/.local/lib/python3.12/site-packages/airflow/example_dags/example_short_circuit_decorator.py
[2024-06-07T08:04:36.990+0000] {logging_mixin.py:188} INFO - [2024-06-07T08:04:36.989+0000] {dag.py:3096} INFO - Sync 1 DAGs
[2024-06-07T08:04:37.086+0000] {logging_mixin.py:188} INFO - [2024-06-07T08:04:37.086+0000] {dag.py:3954} INFO - Setting next_dagrun for example_short_circuit_decorator to 2024-06-06 00:00:00+00:00, run_after=2024-06-07 00:00:00+00:00
[2024-06-07T08:04:37.230+0000] {processor.py:183} INFO - Processing /home/airflow/.local/lib/python3.12/site-packages/airflow/example_dags/example_short_circuit_decorator.py took 0.594 seconds
[2024-06-07T08:05:07.340+0000] {processor.py:161} INFO - Started process (PID=1027) to work on /home/airflow/.local/lib/python3.12/site-packages/airflow/example_dags/example_short_circuit_decorator.py
[2024-06-07T08:05:07.344+0000] {processor.py:830} INFO - Processing file /home/airflow/.local/lib/python3.12/site-packages/airflow/example_dags/example_short_circuit_decorator.py for tasks to queue
[2024-06-07T08:05:07.350+0000] {logging_mixin.py:188} INFO - [2024-06-07T08:05:07.348+0000] {dagbag.py:545} INFO - Filling up the DagBag from /home/airflow/.local/lib/python3.12/site-packages/airflow/example_dags/example_short_circuit_decorator.py
[2024-06-07T08:05:07.383+0000] {processor.py:840} INFO - DAG(s) 'example_short_circuit_decorator' retrieved from /home/airflow/.local/lib/python3.12/site-packages/airflow/example_dags/example_short_circuit_decorator.py
[2024-06-07T08:05:07.446+0000] {logging_mixin.py:188} INFO - [2024-06-07T08:05:07.445+0000] {dag.py:3096} INFO - Sync 1 DAGs
[2024-06-07T08:05:07.523+0000] {logging_mixin.py:188} INFO - [2024-06-07T08:05:07.522+0000] {dag.py:3954} INFO - Setting next_dagrun for example_short_circuit_decorator to 2024-06-06 00:00:00+00:00, run_after=2024-06-07 00:00:00+00:00
[2024-06-07T08:05:07.682+0000] {processor.py:183} INFO - Processing /home/airflow/.local/lib/python3.12/site-packages/airflow/example_dags/example_short_circuit_decorator.py took 0.359 seconds
[2024-06-07T08:05:39.908+0000] {processor.py:161} INFO - Started process (PID=1085) to work on /home/airflow/.local/lib/python3.12/site-packages/airflow/example_dags/example_short_circuit_decorator.py
[2024-06-07T08:05:39.919+0000] {processor.py:830} INFO - Processing file /home/airflow/.local/lib/python3.12/site-packages/airflow/example_dags/example_short_circuit_decorator.py for tasks to queue
[2024-06-07T08:05:39.926+0000] {logging_mixin.py:188} INFO - [2024-06-07T08:05:39.924+0000] {dagbag.py:545} INFO - Filling up the DagBag from /home/airflow/.local/lib/python3.12/site-packages/airflow/example_dags/example_short_circuit_decorator.py
[2024-06-07T08:05:39.975+0000] {processor.py:840} INFO - DAG(s) 'example_short_circuit_decorator' retrieved from /home/airflow/.local/lib/python3.12/site-packages/airflow/example_dags/example_short_circuit_decorator.py
[2024-06-07T08:05:40.211+0000] {logging_mixin.py:188} INFO - [2024-06-07T08:05:40.210+0000] {dag.py:3096} INFO - Sync 1 DAGs
[2024-06-07T08:05:40.434+0000] {logging_mixin.py:188} INFO - [2024-06-07T08:05:40.433+0000] {dag.py:3954} INFO - Setting next_dagrun for example_short_circuit_decorator to 2024-06-06 00:00:00+00:00, run_after=2024-06-07 00:00:00+00:00
[2024-06-07T08:05:40.621+0000] {processor.py:183} INFO - Processing /home/airflow/.local/lib/python3.12/site-packages/airflow/example_dags/example_short_circuit_decorator.py took 0.751 seconds
[2024-06-07T08:06:11.438+0000] {processor.py:161} INFO - Started process (PID=1143) to work on /home/airflow/.local/lib/python3.12/site-packages/airflow/example_dags/example_short_circuit_decorator.py
[2024-06-07T08:06:11.458+0000] {processor.py:830} INFO - Processing file /home/airflow/.local/lib/python3.12/site-packages/airflow/example_dags/example_short_circuit_decorator.py for tasks to queue
[2024-06-07T08:06:11.473+0000] {logging_mixin.py:188} INFO - [2024-06-07T08:06:11.471+0000] {dagbag.py:545} INFO - Filling up the DagBag from /home/airflow/.local/lib/python3.12/site-packages/airflow/example_dags/example_short_circuit_decorator.py
[2024-06-07T08:06:11.577+0000] {processor.py:840} INFO - DAG(s) 'example_short_circuit_decorator' retrieved from /home/airflow/.local/lib/python3.12/site-packages/airflow/example_dags/example_short_circuit_decorator.py
[2024-06-07T08:06:11.908+0000] {logging_mixin.py:188} INFO - [2024-06-07T08:06:11.907+0000] {dag.py:3096} INFO - Sync 1 DAGs
[2024-06-07T08:06:12.095+0000] {logging_mixin.py:188} INFO - [2024-06-07T08:06:12.095+0000] {dag.py:3954} INFO - Setting next_dagrun for example_short_circuit_decorator to 2024-06-06 00:00:00+00:00, run_after=2024-06-07 00:00:00+00:00
[2024-06-07T08:06:12.242+0000] {processor.py:183} INFO - Processing /home/airflow/.local/lib/python3.12/site-packages/airflow/example_dags/example_short_circuit_decorator.py took 0.857 seconds
[2024-06-07T08:06:48.404+0000] {processor.py:161} INFO - Started process (PID=1211) to work on /home/airflow/.local/lib/python3.12/site-packages/airflow/example_dags/example_short_circuit_decorator.py
[2024-06-07T08:06:48.407+0000] {processor.py:830} INFO - Processing file /home/airflow/.local/lib/python3.12/site-packages/airflow/example_dags/example_short_circuit_decorator.py for tasks to queue
[2024-06-07T08:06:48.413+0000] {logging_mixin.py:188} INFO - [2024-06-07T08:06:48.412+0000] {dagbag.py:545} INFO - Filling up the DagBag from /home/airflow/.local/lib/python3.12/site-packages/airflow/example_dags/example_short_circuit_decorator.py
[2024-06-07T08:06:48.603+0000] {processor.py:840} INFO - DAG(s) 'example_short_circuit_decorator' retrieved from /home/airflow/.local/lib/python3.12/site-packages/airflow/example_dags/example_short_circuit_decorator.py
[2024-06-07T08:06:48.683+0000] {logging_mixin.py:188} INFO - [2024-06-07T08:06:48.682+0000] {dag.py:3096} INFO - Sync 1 DAGs
[2024-06-07T08:06:48.875+0000] {logging_mixin.py:188} INFO - [2024-06-07T08:06:48.874+0000] {dag.py:3954} INFO - Setting next_dagrun for example_short_circuit_decorator to 2024-06-06 00:00:00+00:00, run_after=2024-06-07 00:00:00+00:00
[2024-06-07T08:06:49.229+0000] {processor.py:183} INFO - Processing /home/airflow/.local/lib/python3.12/site-packages/airflow/example_dags/example_short_circuit_decorator.py took 0.856 seconds
[2024-06-07T08:07:50.010+0000] {processor.py:161} INFO - Started process (PID=1277) to work on /home/airflow/.local/lib/python3.12/site-packages/airflow/example_dags/example_short_circuit_decorator.py
[2024-06-07T08:07:50.012+0000] {processor.py:830} INFO - Processing file /home/airflow/.local/lib/python3.12/site-packages/airflow/example_dags/example_short_circuit_decorator.py for tasks to queue
[2024-06-07T08:07:50.017+0000] {logging_mixin.py:188} INFO - [2024-06-07T08:07:50.016+0000] {dagbag.py:545} INFO - Filling up the DagBag from /home/airflow/.local/lib/python3.12/site-packages/airflow/example_dags/example_short_circuit_decorator.py
[2024-06-07T08:07:50.036+0000] {processor.py:840} INFO - DAG(s) 'example_short_circuit_decorator' retrieved from /home/airflow/.local/lib/python3.12/site-packages/airflow/example_dags/example_short_circuit_decorator.py
[2024-06-07T08:07:50.132+0000] {logging_mixin.py:188} INFO - [2024-06-07T08:07:50.131+0000] {dag.py:3096} INFO - Sync 1 DAGs
[2024-06-07T08:07:50.196+0000] {logging_mixin.py:188} INFO - [2024-06-07T08:07:50.196+0000] {dag.py:3954} INFO - Setting next_dagrun for example_short_circuit_decorator to 2024-06-06 00:00:00+00:00, run_after=2024-06-07 00:00:00+00:00
[2024-06-07T08:07:50.410+0000] {processor.py:183} INFO - Processing /home/airflow/.local/lib/python3.12/site-packages/airflow/example_dags/example_short_circuit_decorator.py took 0.422 seconds
[2024-06-07T08:08:33.264+0000] {processor.py:161} INFO - Started process (PID=1339) to work on /home/airflow/.local/lib/python3.12/site-packages/airflow/example_dags/example_short_circuit_decorator.py
[2024-06-07T08:08:33.266+0000] {processor.py:830} INFO - Processing file /home/airflow/.local/lib/python3.12/site-packages/airflow/example_dags/example_short_circuit_decorator.py for tasks to queue
[2024-06-07T08:08:33.271+0000] {logging_mixin.py:188} INFO - [2024-06-07T08:08:33.270+0000] {dagbag.py:545} INFO - Filling up the DagBag from /home/airflow/.local/lib/python3.12/site-packages/airflow/example_dags/example_short_circuit_decorator.py
[2024-06-07T08:08:33.301+0000] {processor.py:840} INFO - DAG(s) 'example_short_circuit_decorator' retrieved from /home/airflow/.local/lib/python3.12/site-packages/airflow/example_dags/example_short_circuit_decorator.py
[2024-06-07T08:08:33.336+0000] {logging_mixin.py:188} INFO - [2024-06-07T08:08:33.336+0000] {dag.py:3096} INFO - Sync 1 DAGs
[2024-06-07T08:08:33.405+0000] {logging_mixin.py:188} INFO - [2024-06-07T08:08:33.404+0000] {dag.py:3954} INFO - Setting next_dagrun for example_short_circuit_decorator to 2024-06-06 00:00:00+00:00, run_after=2024-06-07 00:00:00+00:00
[2024-06-07T08:08:33.604+0000] {processor.py:183} INFO - Processing /home/airflow/.local/lib/python3.12/site-packages/airflow/example_dags/example_short_circuit_decorator.py took 0.359 seconds
[2024-06-07T08:11:41.590+0000] {processor.py:161} INFO - Started process (PID=1426) to work on /home/airflow/.local/lib/python3.12/site-packages/airflow/example_dags/example_short_circuit_decorator.py
[2024-06-07T08:11:41.592+0000] {processor.py:830} INFO - Processing file /home/airflow/.local/lib/python3.12/site-packages/airflow/example_dags/example_short_circuit_decorator.py for tasks to queue
[2024-06-07T08:11:41.594+0000] {logging_mixin.py:188} INFO - [2024-06-07T08:11:41.593+0000] {dagbag.py:545} INFO - Filling up the DagBag from /home/airflow/.local/lib/python3.12/site-packages/airflow/example_dags/example_short_circuit_decorator.py
[2024-06-07T08:11:41.626+0000] {processor.py:840} INFO - DAG(s) 'example_short_circuit_decorator' retrieved from /home/airflow/.local/lib/python3.12/site-packages/airflow/example_dags/example_short_circuit_decorator.py
[2024-06-07T08:11:42.187+0000] {logging_mixin.py:188} INFO - [2024-06-07T08:11:42.186+0000] {dag.py:3096} INFO - Sync 1 DAGs
[2024-06-07T08:11:43.543+0000] {logging_mixin.py:188} INFO - [2024-06-07T08:11:43.542+0000] {dag.py:3954} INFO - Setting next_dagrun for example_short_circuit_decorator to 2024-06-06 00:00:00+00:00, run_after=2024-06-07 00:00:00+00:00
[2024-06-07T08:13:41.130+0000] {processor.py:161} INFO - Started process (PID=1482) to work on /home/airflow/.local/lib/python3.12/site-packages/airflow/example_dags/example_short_circuit_decorator.py
[2024-06-07T08:13:41.132+0000] {processor.py:830} INFO - Processing file /home/airflow/.local/lib/python3.12/site-packages/airflow/example_dags/example_short_circuit_decorator.py for tasks to queue
[2024-06-07T08:13:41.135+0000] {logging_mixin.py:188} INFO - [2024-06-07T08:13:41.134+0000] {dagbag.py:545} INFO - Filling up the DagBag from /home/airflow/.local/lib/python3.12/site-packages/airflow/example_dags/example_short_circuit_decorator.py
[2024-06-07T08:13:41.165+0000] {processor.py:840} INFO - DAG(s) 'example_short_circuit_decorator' retrieved from /home/airflow/.local/lib/python3.12/site-packages/airflow/example_dags/example_short_circuit_decorator.py
[2024-06-07T08:13:41.548+0000] {logging_mixin.py:188} INFO - [2024-06-07T08:13:41.548+0000] {dag.py:3096} INFO - Sync 1 DAGs
[2024-06-07T08:13:41.621+0000] {logging_mixin.py:188} INFO - [2024-06-07T08:13:41.621+0000] {dag.py:3954} INFO - Setting next_dagrun for example_short_circuit_decorator to 2024-06-06 00:00:00+00:00, run_after=2024-06-07 00:00:00+00:00
[2024-06-07T08:13:42.085+0000] {processor.py:183} INFO - Processing /home/airflow/.local/lib/python3.12/site-packages/airflow/example_dags/example_short_circuit_decorator.py took 0.968 seconds
[2024-06-07T08:14:12.556+0000] {processor.py:161} INFO - Started process (PID=1539) to work on /home/airflow/.local/lib/python3.12/site-packages/airflow/example_dags/example_short_circuit_decorator.py
[2024-06-07T08:14:12.558+0000] {processor.py:830} INFO - Processing file /home/airflow/.local/lib/python3.12/site-packages/airflow/example_dags/example_short_circuit_decorator.py for tasks to queue
[2024-06-07T08:14:12.560+0000] {logging_mixin.py:188} INFO - [2024-06-07T08:14:12.559+0000] {dagbag.py:545} INFO - Filling up the DagBag from /home/airflow/.local/lib/python3.12/site-packages/airflow/example_dags/example_short_circuit_decorator.py
[2024-06-07T08:14:12.585+0000] {processor.py:840} INFO - DAG(s) 'example_short_circuit_decorator' retrieved from /home/airflow/.local/lib/python3.12/site-packages/airflow/example_dags/example_short_circuit_decorator.py
[2024-06-07T08:14:12.651+0000] {logging_mixin.py:188} INFO - [2024-06-07T08:14:12.651+0000] {dag.py:3096} INFO - Sync 1 DAGs
[2024-06-07T08:14:12.704+0000] {logging_mixin.py:188} INFO - [2024-06-07T08:14:12.703+0000] {dag.py:3954} INFO - Setting next_dagrun for example_short_circuit_decorator to 2024-06-06 00:00:00+00:00, run_after=2024-06-07 00:00:00+00:00
[2024-06-07T08:14:13.085+0000] {processor.py:183} INFO - Processing /home/airflow/.local/lib/python3.12/site-packages/airflow/example_dags/example_short_circuit_decorator.py took 0.545 seconds
[2024-06-07T08:14:45.817+0000] {processor.py:161} INFO - Started process (PID=1597) to work on /home/airflow/.local/lib/python3.12/site-packages/airflow/example_dags/example_short_circuit_decorator.py
[2024-06-07T08:14:45.820+0000] {processor.py:830} INFO - Processing file /home/airflow/.local/lib/python3.12/site-packages/airflow/example_dags/example_short_circuit_decorator.py for tasks to queue
[2024-06-07T08:14:45.822+0000] {logging_mixin.py:188} INFO - [2024-06-07T08:14:45.821+0000] {dagbag.py:545} INFO - Filling up the DagBag from /home/airflow/.local/lib/python3.12/site-packages/airflow/example_dags/example_short_circuit_decorator.py
[2024-06-07T08:14:45.858+0000] {processor.py:840} INFO - DAG(s) 'example_short_circuit_decorator' retrieved from /home/airflow/.local/lib/python3.12/site-packages/airflow/example_dags/example_short_circuit_decorator.py
[2024-06-07T08:14:45.979+0000] {logging_mixin.py:188} INFO - [2024-06-07T08:14:45.978+0000] {dag.py:3096} INFO - Sync 1 DAGs
[2024-06-07T08:14:46.057+0000] {logging_mixin.py:188} INFO - [2024-06-07T08:14:46.056+0000] {dag.py:3954} INFO - Setting next_dagrun for example_short_circuit_decorator to 2024-06-06 00:00:00+00:00, run_after=2024-06-07 00:00:00+00:00
[2024-06-07T08:14:46.652+0000] {processor.py:183} INFO - Processing /home/airflow/.local/lib/python3.12/site-packages/airflow/example_dags/example_short_circuit_decorator.py took 0.852 seconds
[2024-06-07T08:15:17.166+0000] {processor.py:161} INFO - Started process (PID=1655) to work on /home/airflow/.local/lib/python3.12/site-packages/airflow/example_dags/example_short_circuit_decorator.py
[2024-06-07T08:15:17.180+0000] {processor.py:830} INFO - Processing file /home/airflow/.local/lib/python3.12/site-packages/airflow/example_dags/example_short_circuit_decorator.py for tasks to queue
[2024-06-07T08:15:17.186+0000] {logging_mixin.py:188} INFO - [2024-06-07T08:15:17.183+0000] {dagbag.py:545} INFO - Filling up the DagBag from /home/airflow/.local/lib/python3.12/site-packages/airflow/example_dags/example_short_circuit_decorator.py
[2024-06-07T08:15:17.331+0000] {processor.py:840} INFO - DAG(s) 'example_short_circuit_decorator' retrieved from /home/airflow/.local/lib/python3.12/site-packages/airflow/example_dags/example_short_circuit_decorator.py
[2024-06-07T08:15:17.483+0000] {logging_mixin.py:188} INFO - [2024-06-07T08:15:17.482+0000] {dag.py:3096} INFO - Sync 1 DAGs
[2024-06-07T08:15:17.743+0000] {logging_mixin.py:188} INFO - [2024-06-07T08:15:17.742+0000] {dag.py:3954} INFO - Setting next_dagrun for example_short_circuit_decorator to 2024-06-06 00:00:00+00:00, run_after=2024-06-07 00:00:00+00:00
[2024-06-07T08:15:18.336+0000] {processor.py:183} INFO - Processing /home/airflow/.local/lib/python3.12/site-packages/airflow/example_dags/example_short_circuit_decorator.py took 1.223 seconds
[2024-06-07T08:15:50.388+0000] {processor.py:161} INFO - Started process (PID=1713) to work on /home/airflow/.local/lib/python3.12/site-packages/airflow/example_dags/example_short_circuit_decorator.py
[2024-06-07T08:15:50.390+0000] {processor.py:830} INFO - Processing file /home/airflow/.local/lib/python3.12/site-packages/airflow/example_dags/example_short_circuit_decorator.py for tasks to queue
[2024-06-07T08:15:50.393+0000] {logging_mixin.py:188} INFO - [2024-06-07T08:15:50.392+0000] {dagbag.py:545} INFO - Filling up the DagBag from /home/airflow/.local/lib/python3.12/site-packages/airflow/example_dags/example_short_circuit_decorator.py
[2024-06-07T08:15:50.442+0000] {processor.py:840} INFO - DAG(s) 'example_short_circuit_decorator' retrieved from /home/airflow/.local/lib/python3.12/site-packages/airflow/example_dags/example_short_circuit_decorator.py
[2024-06-07T08:15:50.586+0000] {logging_mixin.py:188} INFO - [2024-06-07T08:15:50.585+0000] {dag.py:3096} INFO - Sync 1 DAGs
[2024-06-07T08:15:50.699+0000] {logging_mixin.py:188} INFO - [2024-06-07T08:15:50.698+0000] {dag.py:3954} INFO - Setting next_dagrun for example_short_circuit_decorator to 2024-06-06 00:00:00+00:00, run_after=2024-06-07 00:00:00+00:00
[2024-06-07T08:15:50.907+0000] {processor.py:183} INFO - Processing /home/airflow/.local/lib/python3.12/site-packages/airflow/example_dags/example_short_circuit_decorator.py took 0.539 seconds
[2024-06-07T08:16:22.594+0000] {processor.py:161} INFO - Started process (PID=1771) to work on /home/airflow/.local/lib/python3.12/site-packages/airflow/example_dags/example_short_circuit_decorator.py
[2024-06-07T08:16:22.596+0000] {processor.py:830} INFO - Processing file /home/airflow/.local/lib/python3.12/site-packages/airflow/example_dags/example_short_circuit_decorator.py for tasks to queue
[2024-06-07T08:16:22.598+0000] {logging_mixin.py:188} INFO - [2024-06-07T08:16:22.598+0000] {dagbag.py:545} INFO - Filling up the DagBag from /home/airflow/.local/lib/python3.12/site-packages/airflow/example_dags/example_short_circuit_decorator.py
[2024-06-07T08:16:22.628+0000] {processor.py:840} INFO - DAG(s) 'example_short_circuit_decorator' retrieved from /home/airflow/.local/lib/python3.12/site-packages/airflow/example_dags/example_short_circuit_decorator.py
[2024-06-07T08:16:22.690+0000] {logging_mixin.py:188} INFO - [2024-06-07T08:16:22.690+0000] {dag.py:3096} INFO - Sync 1 DAGs
[2024-06-07T08:16:22.983+0000] {logging_mixin.py:188} INFO - [2024-06-07T08:16:22.982+0000] {dag.py:3954} INFO - Setting next_dagrun for example_short_circuit_decorator to 2024-06-06 00:00:00+00:00, run_after=2024-06-07 00:00:00+00:00
[2024-06-07T08:16:23.411+0000] {processor.py:183} INFO - Processing /home/airflow/.local/lib/python3.12/site-packages/airflow/example_dags/example_short_circuit_decorator.py took 0.830 seconds
[2024-06-07T08:16:53.803+0000] {processor.py:161} INFO - Started process (PID=1828) to work on /home/airflow/.local/lib/python3.12/site-packages/airflow/example_dags/example_short_circuit_decorator.py
[2024-06-07T08:16:53.807+0000] {processor.py:830} INFO - Processing file /home/airflow/.local/lib/python3.12/site-packages/airflow/example_dags/example_short_circuit_decorator.py for tasks to queue
[2024-06-07T08:16:53.810+0000] {logging_mixin.py:188} INFO - [2024-06-07T08:16:53.809+0000] {dagbag.py:545} INFO - Filling up the DagBag from /home/airflow/.local/lib/python3.12/site-packages/airflow/example_dags/example_short_circuit_decorator.py
[2024-06-07T08:16:53.837+0000] {processor.py:840} INFO - DAG(s) 'example_short_circuit_decorator' retrieved from /home/airflow/.local/lib/python3.12/site-packages/airflow/example_dags/example_short_circuit_decorator.py
[2024-06-07T08:16:53.896+0000] {logging_mixin.py:188} INFO - [2024-06-07T08:16:53.895+0000] {dag.py:3096} INFO - Sync 1 DAGs
[2024-06-07T08:16:53.979+0000] {logging_mixin.py:188} INFO - [2024-06-07T08:16:53.978+0000] {dag.py:3954} INFO - Setting next_dagrun for example_short_circuit_decorator to 2024-06-06 00:00:00+00:00, run_after=2024-06-07 00:00:00+00:00
[2024-06-07T08:16:54.221+0000] {processor.py:183} INFO - Processing /home/airflow/.local/lib/python3.12/site-packages/airflow/example_dags/example_short_circuit_decorator.py took 0.435 seconds
[2024-06-07T08:17:41.532+0000] {processor.py:161} INFO - Started process (PID=1905) to work on /home/airflow/.local/lib/python3.12/site-packages/airflow/example_dags/example_short_circuit_decorator.py
[2024-06-07T08:17:41.537+0000] {processor.py:830} INFO - Processing file /home/airflow/.local/lib/python3.12/site-packages/airflow/example_dags/example_short_circuit_decorator.py for tasks to queue
[2024-06-07T08:17:41.540+0000] {logging_mixin.py:188} INFO - [2024-06-07T08:17:41.539+0000] {dagbag.py:545} INFO - Filling up the DagBag from /home/airflow/.local/lib/python3.12/site-packages/airflow/example_dags/example_short_circuit_decorator.py
[2024-06-07T08:17:41.588+0000] {processor.py:840} INFO - DAG(s) 'example_short_circuit_decorator' retrieved from /home/airflow/.local/lib/python3.12/site-packages/airflow/example_dags/example_short_circuit_decorator.py
[2024-06-07T08:17:41.753+0000] {logging_mixin.py:188} INFO - [2024-06-07T08:17:41.753+0000] {dag.py:3096} INFO - Sync 1 DAGs
[2024-06-07T08:17:41.906+0000] {logging_mixin.py:188} INFO - [2024-06-07T08:17:41.906+0000] {dag.py:3954} INFO - Setting next_dagrun for example_short_circuit_decorator to 2024-06-06 00:00:00+00:00, run_after=2024-06-07 00:00:00+00:00
[2024-06-07T08:17:42.303+0000] {processor.py:183} INFO - Processing /home/airflow/.local/lib/python3.12/site-packages/airflow/example_dags/example_short_circuit_decorator.py took 0.816 seconds
[2024-06-07T08:18:12.776+0000] {processor.py:161} INFO - Started process (PID=1963) to work on /home/airflow/.local/lib/python3.12/site-packages/airflow/example_dags/example_short_circuit_decorator.py
[2024-06-07T08:18:12.778+0000] {processor.py:830} INFO - Processing file /home/airflow/.local/lib/python3.12/site-packages/airflow/example_dags/example_short_circuit_decorator.py for tasks to queue
[2024-06-07T08:18:12.780+0000] {logging_mixin.py:188} INFO - [2024-06-07T08:18:12.779+0000] {dagbag.py:545} INFO - Filling up the DagBag from /home/airflow/.local/lib/python3.12/site-packages/airflow/example_dags/example_short_circuit_decorator.py
[2024-06-07T08:18:12.806+0000] {processor.py:840} INFO - DAG(s) 'example_short_circuit_decorator' retrieved from /home/airflow/.local/lib/python3.12/site-packages/airflow/example_dags/example_short_circuit_decorator.py
[2024-06-07T08:18:12.861+0000] {logging_mixin.py:188} INFO - [2024-06-07T08:18:12.860+0000] {dag.py:3096} INFO - Sync 1 DAGs
[2024-06-07T08:18:12.906+0000] {logging_mixin.py:188} INFO - [2024-06-07T08:18:12.905+0000] {dag.py:3954} INFO - Setting next_dagrun for example_short_circuit_decorator to 2024-06-06 00:00:00+00:00, run_after=2024-06-07 00:00:00+00:00
[2024-06-07T08:18:13.350+0000] {processor.py:183} INFO - Processing /home/airflow/.local/lib/python3.12/site-packages/airflow/example_dags/example_short_circuit_decorator.py took 0.587 seconds
[2024-06-07T08:18:44.072+0000] {processor.py:161} INFO - Started process (PID=2021) to work on /home/airflow/.local/lib/python3.12/site-packages/airflow/example_dags/example_short_circuit_decorator.py
[2024-06-07T08:18:44.087+0000] {processor.py:830} INFO - Processing file /home/airflow/.local/lib/python3.12/site-packages/airflow/example_dags/example_short_circuit_decorator.py for tasks to queue
[2024-06-07T08:18:44.103+0000] {logging_mixin.py:188} INFO - [2024-06-07T08:18:44.102+0000] {dagbag.py:545} INFO - Filling up the DagBag from /home/airflow/.local/lib/python3.12/site-packages/airflow/example_dags/example_short_circuit_decorator.py
[2024-06-07T08:18:44.208+0000] {processor.py:840} INFO - DAG(s) 'example_short_circuit_decorator' retrieved from /home/airflow/.local/lib/python3.12/site-packages/airflow/example_dags/example_short_circuit_decorator.py
[2024-06-07T08:18:44.352+0000] {logging_mixin.py:188} INFO - [2024-06-07T08:18:44.351+0000] {dag.py:3096} INFO - Sync 1 DAGs
[2024-06-07T08:18:44.570+0000] {logging_mixin.py:188} INFO - [2024-06-07T08:18:44.555+0000] {dag.py:3954} INFO - Setting next_dagrun for example_short_circuit_decorator to 2024-06-06 00:00:00+00:00, run_after=2024-06-07 00:00:00+00:00
[2024-06-07T08:18:45.093+0000] {processor.py:183} INFO - Processing /home/airflow/.local/lib/python3.12/site-packages/airflow/example_dags/example_short_circuit_decorator.py took 1.059 seconds
[2024-06-07T08:19:15.370+0000] {processor.py:161} INFO - Started process (PID=2078) to work on /home/airflow/.local/lib/python3.12/site-packages/airflow/example_dags/example_short_circuit_decorator.py
[2024-06-07T08:19:15.371+0000] {processor.py:830} INFO - Processing file /home/airflow/.local/lib/python3.12/site-packages/airflow/example_dags/example_short_circuit_decorator.py for tasks to queue
[2024-06-07T08:19:15.373+0000] {logging_mixin.py:188} INFO - [2024-06-07T08:19:15.373+0000] {dagbag.py:545} INFO - Filling up the DagBag from /home/airflow/.local/lib/python3.12/site-packages/airflow/example_dags/example_short_circuit_decorator.py
[2024-06-07T08:19:15.392+0000] {processor.py:840} INFO - DAG(s) 'example_short_circuit_decorator' retrieved from /home/airflow/.local/lib/python3.12/site-packages/airflow/example_dags/example_short_circuit_decorator.py
[2024-06-07T08:19:15.449+0000] {logging_mixin.py:188} INFO - [2024-06-07T08:19:15.449+0000] {dag.py:3096} INFO - Sync 1 DAGs
[2024-06-07T08:19:15.528+0000] {logging_mixin.py:188} INFO - [2024-06-07T08:19:15.528+0000] {dag.py:3954} INFO - Setting next_dagrun for example_short_circuit_decorator to 2024-06-06 00:00:00+00:00, run_after=2024-06-07 00:00:00+00:00
[2024-06-07T08:19:15.647+0000] {processor.py:183} INFO - Processing /home/airflow/.local/lib/python3.12/site-packages/airflow/example_dags/example_short_circuit_decorator.py took 0.289 seconds
[2024-06-07T08:19:45.808+0000] {processor.py:161} INFO - Started process (PID=2136) to work on /home/airflow/.local/lib/python3.12/site-packages/airflow/example_dags/example_short_circuit_decorator.py
[2024-06-07T08:19:45.810+0000] {processor.py:830} INFO - Processing file /home/airflow/.local/lib/python3.12/site-packages/airflow/example_dags/example_short_circuit_decorator.py for tasks to queue
[2024-06-07T08:19:45.813+0000] {logging_mixin.py:188} INFO - [2024-06-07T08:19:45.812+0000] {dagbag.py:545} INFO - Filling up the DagBag from /home/airflow/.local/lib/python3.12/site-packages/airflow/example_dags/example_short_circuit_decorator.py
[2024-06-07T08:19:45.833+0000] {processor.py:840} INFO - DAG(s) 'example_short_circuit_decorator' retrieved from /home/airflow/.local/lib/python3.12/site-packages/airflow/example_dags/example_short_circuit_decorator.py
[2024-06-07T08:19:45.890+0000] {logging_mixin.py:188} INFO - [2024-06-07T08:19:45.889+0000] {dag.py:3096} INFO - Sync 1 DAGs
[2024-06-07T08:19:45.941+0000] {logging_mixin.py:188} INFO - [2024-06-07T08:19:45.941+0000] {dag.py:3954} INFO - Setting next_dagrun for example_short_circuit_decorator to 2024-06-06 00:00:00+00:00, run_after=2024-06-07 00:00:00+00:00
[2024-06-07T08:19:46.189+0000] {processor.py:183} INFO - Processing /home/airflow/.local/lib/python3.12/site-packages/airflow/example_dags/example_short_circuit_decorator.py took 0.393 seconds
[2024-06-07T08:20:16.920+0000] {processor.py:161} INFO - Started process (PID=2194) to work on /home/airflow/.local/lib/python3.12/site-packages/airflow/example_dags/example_short_circuit_decorator.py
[2024-06-07T08:20:16.925+0000] {processor.py:830} INFO - Processing file /home/airflow/.local/lib/python3.12/site-packages/airflow/example_dags/example_short_circuit_decorator.py for tasks to queue
[2024-06-07T08:20:16.928+0000] {logging_mixin.py:188} INFO - [2024-06-07T08:20:16.927+0000] {dagbag.py:545} INFO - Filling up the DagBag from /home/airflow/.local/lib/python3.12/site-packages/airflow/example_dags/example_short_circuit_decorator.py
[2024-06-07T08:20:16.982+0000] {processor.py:840} INFO - DAG(s) 'example_short_circuit_decorator' retrieved from /home/airflow/.local/lib/python3.12/site-packages/airflow/example_dags/example_short_circuit_decorator.py
[2024-06-07T08:20:17.081+0000] {logging_mixin.py:188} INFO - [2024-06-07T08:20:17.081+0000] {dag.py:3096} INFO - Sync 1 DAGs
[2024-06-07T08:20:17.144+0000] {logging_mixin.py:188} INFO - [2024-06-07T08:20:17.144+0000] {dag.py:3954} INFO - Setting next_dagrun for example_short_circuit_decorator to 2024-06-06 00:00:00+00:00, run_after=2024-06-07 00:00:00+00:00
[2024-06-07T08:20:17.485+0000] {processor.py:183} INFO - Processing /home/airflow/.local/lib/python3.12/site-packages/airflow/example_dags/example_short_circuit_decorator.py took 0.583 seconds
[2024-06-07T08:20:49.694+0000] {processor.py:161} INFO - Started process (PID=2252) to work on /home/airflow/.local/lib/python3.12/site-packages/airflow/example_dags/example_short_circuit_decorator.py
[2024-06-07T08:20:49.696+0000] {processor.py:830} INFO - Processing file /home/airflow/.local/lib/python3.12/site-packages/airflow/example_dags/example_short_circuit_decorator.py for tasks to queue
[2024-06-07T08:20:49.699+0000] {logging_mixin.py:188} INFO - [2024-06-07T08:20:49.698+0000] {dagbag.py:545} INFO - Filling up the DagBag from /home/airflow/.local/lib/python3.12/site-packages/airflow/example_dags/example_short_circuit_decorator.py
[2024-06-07T08:20:49.728+0000] {processor.py:840} INFO - DAG(s) 'example_short_circuit_decorator' retrieved from /home/airflow/.local/lib/python3.12/site-packages/airflow/example_dags/example_short_circuit_decorator.py
[2024-06-07T08:20:49.800+0000] {logging_mixin.py:188} INFO - [2024-06-07T08:20:49.800+0000] {dag.py:3096} INFO - Sync 1 DAGs
[2024-06-07T08:20:49.900+0000] {logging_mixin.py:188} INFO - [2024-06-07T08:20:49.899+0000] {dag.py:3954} INFO - Setting next_dagrun for example_short_circuit_decorator to 2024-06-06 00:00:00+00:00, run_after=2024-06-07 00:00:00+00:00
[2024-06-07T08:20:50.378+0000] {processor.py:183} INFO - Processing /home/airflow/.local/lib/python3.12/site-packages/airflow/example_dags/example_short_circuit_decorator.py took 0.705 seconds
[2024-06-07T08:21:20.794+0000] {processor.py:161} INFO - Started process (PID=2310) to work on /home/airflow/.local/lib/python3.12/site-packages/airflow/example_dags/example_short_circuit_decorator.py
[2024-06-07T08:21:20.799+0000] {processor.py:830} INFO - Processing file /home/airflow/.local/lib/python3.12/site-packages/airflow/example_dags/example_short_circuit_decorator.py for tasks to queue
[2024-06-07T08:21:20.802+0000] {logging_mixin.py:188} INFO - [2024-06-07T08:21:20.801+0000] {dagbag.py:545} INFO - Filling up the DagBag from /home/airflow/.local/lib/python3.12/site-packages/airflow/example_dags/example_short_circuit_decorator.py
[2024-06-07T08:21:20.850+0000] {processor.py:840} INFO - DAG(s) 'example_short_circuit_decorator' retrieved from /home/airflow/.local/lib/python3.12/site-packages/airflow/example_dags/example_short_circuit_decorator.py
[2024-06-07T08:21:20.967+0000] {logging_mixin.py:188} INFO - [2024-06-07T08:21:20.966+0000] {dag.py:3096} INFO - Sync 1 DAGs
[2024-06-07T08:21:21.060+0000] {logging_mixin.py:188} INFO - [2024-06-07T08:21:21.059+0000] {dag.py:3954} INFO - Setting next_dagrun for example_short_circuit_decorator to 2024-06-06 00:00:00+00:00, run_after=2024-06-07 00:00:00+00:00
[2024-06-07T08:21:21.299+0000] {processor.py:183} INFO - Processing /home/airflow/.local/lib/python3.12/site-packages/airflow/example_dags/example_short_circuit_decorator.py took 0.530 seconds
[2024-06-07T08:21:51.976+0000] {processor.py:161} INFO - Started process (PID=2368) to work on /home/airflow/.local/lib/python3.12/site-packages/airflow/example_dags/example_short_circuit_decorator.py
[2024-06-07T08:21:51.978+0000] {processor.py:830} INFO - Processing file /home/airflow/.local/lib/python3.12/site-packages/airflow/example_dags/example_short_circuit_decorator.py for tasks to queue
[2024-06-07T08:21:51.981+0000] {logging_mixin.py:188} INFO - [2024-06-07T08:21:51.980+0000] {dagbag.py:545} INFO - Filling up the DagBag from /home/airflow/.local/lib/python3.12/site-packages/airflow/example_dags/example_short_circuit_decorator.py
[2024-06-07T08:21:52.008+0000] {processor.py:840} INFO - DAG(s) 'example_short_circuit_decorator' retrieved from /home/airflow/.local/lib/python3.12/site-packages/airflow/example_dags/example_short_circuit_decorator.py
[2024-06-07T08:21:52.091+0000] {logging_mixin.py:188} INFO - [2024-06-07T08:21:52.090+0000] {dag.py:3096} INFO - Sync 1 DAGs
[2024-06-07T08:21:52.197+0000] {logging_mixin.py:188} INFO - [2024-06-07T08:21:52.196+0000] {dag.py:3954} INFO - Setting next_dagrun for example_short_circuit_decorator to 2024-06-06 00:00:00+00:00, run_after=2024-06-07 00:00:00+00:00
[2024-06-07T08:21:52.496+0000] {processor.py:183} INFO - Processing /home/airflow/.local/lib/python3.12/site-packages/airflow/example_dags/example_short_circuit_decorator.py took 0.539 seconds
[2024-06-07T08:22:23.253+0000] {processor.py:161} INFO - Started process (PID=2426) to work on /home/airflow/.local/lib/python3.12/site-packages/airflow/example_dags/example_short_circuit_decorator.py
[2024-06-07T08:22:23.257+0000] {processor.py:830} INFO - Processing file /home/airflow/.local/lib/python3.12/site-packages/airflow/example_dags/example_short_circuit_decorator.py for tasks to queue
[2024-06-07T08:22:23.260+0000] {logging_mixin.py:188} INFO - [2024-06-07T08:22:23.259+0000] {dagbag.py:545} INFO - Filling up the DagBag from /home/airflow/.local/lib/python3.12/site-packages/airflow/example_dags/example_short_circuit_decorator.py
[2024-06-07T08:22:23.286+0000] {processor.py:840} INFO - DAG(s) 'example_short_circuit_decorator' retrieved from /home/airflow/.local/lib/python3.12/site-packages/airflow/example_dags/example_short_circuit_decorator.py
[2024-06-07T08:22:23.342+0000] {logging_mixin.py:188} INFO - [2024-06-07T08:22:23.341+0000] {dag.py:3096} INFO - Sync 1 DAGs
[2024-06-07T08:22:23.432+0000] {logging_mixin.py:188} INFO - [2024-06-07T08:22:23.431+0000] {dag.py:3954} INFO - Setting next_dagrun for example_short_circuit_decorator to 2024-06-06 00:00:00+00:00, run_after=2024-06-07 00:00:00+00:00
[2024-06-07T08:22:24.108+0000] {processor.py:183} INFO - Processing /home/airflow/.local/lib/python3.12/site-packages/airflow/example_dags/example_short_circuit_decorator.py took 0.873 seconds
[2024-06-07T08:22:54.700+0000] {processor.py:161} INFO - Started process (PID=2485) to work on /home/airflow/.local/lib/python3.12/site-packages/airflow/example_dags/example_short_circuit_decorator.py
[2024-06-07T08:22:54.702+0000] {processor.py:830} INFO - Processing file /home/airflow/.local/lib/python3.12/site-packages/airflow/example_dags/example_short_circuit_decorator.py for tasks to queue
[2024-06-07T08:22:54.704+0000] {logging_mixin.py:188} INFO - [2024-06-07T08:22:54.703+0000] {dagbag.py:545} INFO - Filling up the DagBag from /home/airflow/.local/lib/python3.12/site-packages/airflow/example_dags/example_short_circuit_decorator.py
[2024-06-07T08:22:54.722+0000] {processor.py:840} INFO - DAG(s) 'example_short_circuit_decorator' retrieved from /home/airflow/.local/lib/python3.12/site-packages/airflow/example_dags/example_short_circuit_decorator.py
[2024-06-07T08:22:54.782+0000] {logging_mixin.py:188} INFO - [2024-06-07T08:22:54.782+0000] {dag.py:3096} INFO - Sync 1 DAGs
[2024-06-07T08:22:54.835+0000] {logging_mixin.py:188} INFO - [2024-06-07T08:22:54.834+0000] {dag.py:3954} INFO - Setting next_dagrun for example_short_circuit_decorator to 2024-06-06 00:00:00+00:00, run_after=2024-06-07 00:00:00+00:00
[2024-06-07T08:22:55.450+0000] {processor.py:183} INFO - Processing /home/airflow/.local/lib/python3.12/site-packages/airflow/example_dags/example_short_circuit_decorator.py took 0.765 seconds
