[2024-06-07T07:55:01.699+0000] {processor.py:161} INFO - Started process (PID=81) to work on /home/airflow/.local/lib/python3.12/site-packages/airflow/example_dags/example_setup_teardown.py
[2024-06-07T07:55:01.701+0000] {processor.py:830} INFO - Processing file /home/airflow/.local/lib/python3.12/site-packages/airflow/example_dags/example_setup_teardown.py for tasks to queue
[2024-06-07T07:55:01.705+0000] {logging_mixin.py:188} INFO - [2024-06-07T07:55:01.704+0000] {dagbag.py:545} INFO - Filling up the DagBag from /home/airflow/.local/lib/python3.12/site-packages/airflow/example_dags/example_setup_teardown.py
[2024-06-07T07:55:01.721+0000] {processor.py:840} INFO - DAG(s) 'example_setup_teardown' retrieved from /home/airflow/.local/lib/python3.12/site-packages/airflow/example_dags/example_setup_teardown.py
[2024-06-07T07:55:02.770+0000] {logging_mixin.py:188} INFO - [2024-06-07T07:55:02.768+0000] {override.py:1829} INFO - Created Permission View: can delete on DAG:example_setup_teardown
[2024-06-07T07:55:03.119+0000] {logging_mixin.py:188} INFO - [2024-06-07T07:55:03.118+0000] {override.py:1829} INFO - Created Permission View: can read on DAG:example_setup_teardown
[2024-06-07T07:55:03.378+0000] {logging_mixin.py:188} INFO - [2024-06-07T07:55:03.377+0000] {override.py:1829} INFO - Created Permission View: can edit on DAG:example_setup_teardown
[2024-06-07T07:55:03.379+0000] {logging_mixin.py:188} INFO - [2024-06-07T07:55:03.379+0000] {dag.py:3096} INFO - Sync 1 DAGs
[2024-06-07T07:55:03.409+0000] {logging_mixin.py:188} INFO - [2024-06-07T07:55:03.408+0000] {dag.py:3118} INFO - Creating ORM DAG for example_setup_teardown
[2024-06-07T07:55:03.434+0000] {logging_mixin.py:188} INFO - [2024-06-07T07:55:03.434+0000] {dag.py:3954} INFO - Setting next_dagrun for example_setup_teardown to 2024-06-06 00:00:00+00:00, run_after=2024-06-07 00:00:00+00:00
[2024-06-07T07:55:03.853+0000] {processor.py:183} INFO - Processing /home/airflow/.local/lib/python3.12/site-packages/airflow/example_dags/example_setup_teardown.py took 2.168 seconds
[2024-06-07T07:55:37.700+0000] {processor.py:161} INFO - Started process (PID=139) to work on /home/airflow/.local/lib/python3.12/site-packages/airflow/example_dags/example_setup_teardown.py
[2024-06-07T07:55:37.703+0000] {processor.py:830} INFO - Processing file /home/airflow/.local/lib/python3.12/site-packages/airflow/example_dags/example_setup_teardown.py for tasks to queue
[2024-06-07T07:55:37.720+0000] {logging_mixin.py:188} INFO - [2024-06-07T07:55:37.719+0000] {dagbag.py:545} INFO - Filling up the DagBag from /home/airflow/.local/lib/python3.12/site-packages/airflow/example_dags/example_setup_teardown.py
[2024-06-07T07:55:37.812+0000] {processor.py:840} INFO - DAG(s) 'example_setup_teardown' retrieved from /home/airflow/.local/lib/python3.12/site-packages/airflow/example_dags/example_setup_teardown.py
[2024-06-07T07:55:37.994+0000] {logging_mixin.py:188} INFO - [2024-06-07T07:55:37.994+0000] {dag.py:3096} INFO - Sync 1 DAGs
[2024-06-07T07:55:38.163+0000] {logging_mixin.py:188} INFO - [2024-06-07T07:55:38.163+0000] {dag.py:3954} INFO - Setting next_dagrun for example_setup_teardown to 2024-06-06 00:00:00+00:00, run_after=2024-06-07 00:00:00+00:00
[2024-06-07T07:55:38.754+0000] {processor.py:183} INFO - Processing /home/airflow/.local/lib/python3.12/site-packages/airflow/example_dags/example_setup_teardown.py took 1.103 seconds
[2024-06-07T07:56:08.994+0000] {processor.py:161} INFO - Started process (PID=196) to work on /home/airflow/.local/lib/python3.12/site-packages/airflow/example_dags/example_setup_teardown.py
[2024-06-07T07:56:08.996+0000] {processor.py:830} INFO - Processing file /home/airflow/.local/lib/python3.12/site-packages/airflow/example_dags/example_setup_teardown.py for tasks to queue
[2024-06-07T07:56:09.008+0000] {logging_mixin.py:188} INFO - [2024-06-07T07:56:09.006+0000] {dagbag.py:545} INFO - Filling up the DagBag from /home/airflow/.local/lib/python3.12/site-packages/airflow/example_dags/example_setup_teardown.py
[2024-06-07T07:56:09.037+0000] {processor.py:840} INFO - DAG(s) 'example_setup_teardown' retrieved from /home/airflow/.local/lib/python3.12/site-packages/airflow/example_dags/example_setup_teardown.py
[2024-06-07T07:56:09.119+0000] {logging_mixin.py:188} INFO - [2024-06-07T07:56:09.118+0000] {dag.py:3096} INFO - Sync 1 DAGs
[2024-06-07T07:56:09.203+0000] {logging_mixin.py:188} INFO - [2024-06-07T07:56:09.202+0000] {dag.py:3954} INFO - Setting next_dagrun for example_setup_teardown to 2024-06-06 00:00:00+00:00, run_after=2024-06-07 00:00:00+00:00
[2024-06-07T07:56:09.394+0000] {processor.py:183} INFO - Processing /home/airflow/.local/lib/python3.12/site-packages/airflow/example_dags/example_setup_teardown.py took 0.422 seconds
[2024-06-07T07:57:01.427+0000] {processor.py:161} INFO - Started process (PID=261) to work on /home/airflow/.local/lib/python3.12/site-packages/airflow/example_dags/example_setup_teardown.py
[2024-06-07T07:57:01.436+0000] {processor.py:830} INFO - Processing file /home/airflow/.local/lib/python3.12/site-packages/airflow/example_dags/example_setup_teardown.py for tasks to queue
[2024-06-07T07:57:01.452+0000] {logging_mixin.py:188} INFO - [2024-06-07T07:57:01.441+0000] {dagbag.py:545} INFO - Filling up the DagBag from /home/airflow/.local/lib/python3.12/site-packages/airflow/example_dags/example_setup_teardown.py
[2024-06-07T07:57:01.486+0000] {processor.py:840} INFO - DAG(s) 'example_setup_teardown' retrieved from /home/airflow/.local/lib/python3.12/site-packages/airflow/example_dags/example_setup_teardown.py
[2024-06-07T07:57:01.579+0000] {logging_mixin.py:188} INFO - [2024-06-07T07:57:01.579+0000] {dag.py:3096} INFO - Sync 1 DAGs
[2024-06-07T07:57:01.703+0000] {logging_mixin.py:188} INFO - [2024-06-07T07:57:01.703+0000] {dag.py:3954} INFO - Setting next_dagrun for example_setup_teardown to 2024-06-06 00:00:00+00:00, run_after=2024-06-07 00:00:00+00:00
[2024-06-07T07:57:01.921+0000] {processor.py:183} INFO - Processing /home/airflow/.local/lib/python3.12/site-packages/airflow/example_dags/example_setup_teardown.py took 0.522 seconds
[2024-06-07T07:57:34.361+0000] {processor.py:161} INFO - Started process (PID=319) to work on /home/airflow/.local/lib/python3.12/site-packages/airflow/example_dags/example_setup_teardown.py
[2024-06-07T07:57:34.376+0000] {processor.py:830} INFO - Processing file /home/airflow/.local/lib/python3.12/site-packages/airflow/example_dags/example_setup_teardown.py for tasks to queue
[2024-06-07T07:57:34.387+0000] {logging_mixin.py:188} INFO - [2024-06-07T07:57:34.380+0000] {dagbag.py:545} INFO - Filling up the DagBag from /home/airflow/.local/lib/python3.12/site-packages/airflow/example_dags/example_setup_teardown.py
[2024-06-07T07:57:34.469+0000] {processor.py:840} INFO - DAG(s) 'example_setup_teardown' retrieved from /home/airflow/.local/lib/python3.12/site-packages/airflow/example_dags/example_setup_teardown.py
[2024-06-07T07:57:34.653+0000] {logging_mixin.py:188} INFO - [2024-06-07T07:57:34.652+0000] {dag.py:3096} INFO - Sync 1 DAGs
[2024-06-07T07:57:34.872+0000] {logging_mixin.py:188} INFO - [2024-06-07T07:57:34.861+0000] {dag.py:3954} INFO - Setting next_dagrun for example_setup_teardown to 2024-06-06 00:00:00+00:00, run_after=2024-06-07 00:00:00+00:00
[2024-06-07T07:57:35.100+0000] {processor.py:183} INFO - Processing /home/airflow/.local/lib/python3.12/site-packages/airflow/example_dags/example_setup_teardown.py took 0.776 seconds
[2024-06-07T07:58:12.508+0000] {processor.py:161} INFO - Started process (PID=381) to work on /home/airflow/.local/lib/python3.12/site-packages/airflow/example_dags/example_setup_teardown.py
[2024-06-07T07:58:12.516+0000] {processor.py:830} INFO - Processing file /home/airflow/.local/lib/python3.12/site-packages/airflow/example_dags/example_setup_teardown.py for tasks to queue
[2024-06-07T07:58:12.523+0000] {logging_mixin.py:188} INFO - [2024-06-07T07:58:12.523+0000] {dagbag.py:545} INFO - Filling up the DagBag from /home/airflow/.local/lib/python3.12/site-packages/airflow/example_dags/example_setup_teardown.py
[2024-06-07T07:58:12.601+0000] {processor.py:840} INFO - DAG(s) 'example_setup_teardown' retrieved from /home/airflow/.local/lib/python3.12/site-packages/airflow/example_dags/example_setup_teardown.py
[2024-06-07T07:58:12.730+0000] {logging_mixin.py:188} INFO - [2024-06-07T07:58:12.729+0000] {dag.py:3096} INFO - Sync 1 DAGs
[2024-06-07T07:58:12.807+0000] {logging_mixin.py:188} INFO - [2024-06-07T07:58:12.806+0000] {dag.py:3954} INFO - Setting next_dagrun for example_setup_teardown to 2024-06-06 00:00:00+00:00, run_after=2024-06-07 00:00:00+00:00
[2024-06-07T07:58:13.210+0000] {processor.py:183} INFO - Processing /home/airflow/.local/lib/python3.12/site-packages/airflow/example_dags/example_setup_teardown.py took 0.736 seconds
[2024-06-07T07:58:49.579+0000] {processor.py:161} INFO - Started process (PID=440) to work on /home/airflow/.local/lib/python3.12/site-packages/airflow/example_dags/example_setup_teardown.py
[2024-06-07T07:58:49.581+0000] {processor.py:830} INFO - Processing file /home/airflow/.local/lib/python3.12/site-packages/airflow/example_dags/example_setup_teardown.py for tasks to queue
[2024-06-07T07:58:49.586+0000] {logging_mixin.py:188} INFO - [2024-06-07T07:58:49.585+0000] {dagbag.py:545} INFO - Filling up the DagBag from /home/airflow/.local/lib/python3.12/site-packages/airflow/example_dags/example_setup_teardown.py
[2024-06-07T07:58:49.613+0000] {processor.py:840} INFO - DAG(s) 'example_setup_teardown' retrieved from /home/airflow/.local/lib/python3.12/site-packages/airflow/example_dags/example_setup_teardown.py
[2024-06-07T07:58:50.082+0000] {logging_mixin.py:188} INFO - [2024-06-07T07:58:50.081+0000] {dag.py:3096} INFO - Sync 1 DAGs
[2024-06-07T07:58:50.152+0000] {logging_mixin.py:188} INFO - [2024-06-07T07:58:50.152+0000] {dag.py:3954} INFO - Setting next_dagrun for example_setup_teardown to 2024-06-06 00:00:00+00:00, run_after=2024-06-07 00:00:00+00:00
[2024-06-07T07:58:50.295+0000] {processor.py:183} INFO - Processing /home/airflow/.local/lib/python3.12/site-packages/airflow/example_dags/example_setup_teardown.py took 0.735 seconds
[2024-06-07T07:59:26.737+0000] {processor.py:161} INFO - Started process (PID=504) to work on /home/airflow/.local/lib/python3.12/site-packages/airflow/example_dags/example_setup_teardown.py
[2024-06-07T07:59:26.752+0000] {processor.py:830} INFO - Processing file /home/airflow/.local/lib/python3.12/site-packages/airflow/example_dags/example_setup_teardown.py for tasks to queue
[2024-06-07T07:59:26.772+0000] {logging_mixin.py:188} INFO - [2024-06-07T07:59:26.760+0000] {dagbag.py:545} INFO - Filling up the DagBag from /home/airflow/.local/lib/python3.12/site-packages/airflow/example_dags/example_setup_teardown.py
[2024-06-07T07:59:26.845+0000] {processor.py:840} INFO - DAG(s) 'example_setup_teardown' retrieved from /home/airflow/.local/lib/python3.12/site-packages/airflow/example_dags/example_setup_teardown.py
[2024-06-07T07:59:26.953+0000] {logging_mixin.py:188} INFO - [2024-06-07T07:59:26.953+0000] {dag.py:3096} INFO - Sync 1 DAGs
[2024-06-07T07:59:27.041+0000] {logging_mixin.py:188} INFO - [2024-06-07T07:59:27.038+0000] {dag.py:3954} INFO - Setting next_dagrun for example_setup_teardown to 2024-06-06 00:00:00+00:00, run_after=2024-06-07 00:00:00+00:00
[2024-06-07T07:59:27.372+0000] {processor.py:183} INFO - Processing /home/airflow/.local/lib/python3.12/site-packages/airflow/example_dags/example_setup_teardown.py took 0.702 seconds
[2024-06-07T08:00:10.115+0000] {processor.py:161} INFO - Started process (PID=567) to work on /home/airflow/.local/lib/python3.12/site-packages/airflow/example_dags/example_setup_teardown.py
[2024-06-07T08:00:10.151+0000] {processor.py:830} INFO - Processing file /home/airflow/.local/lib/python3.12/site-packages/airflow/example_dags/example_setup_teardown.py for tasks to queue
[2024-06-07T08:00:10.185+0000] {logging_mixin.py:188} INFO - [2024-06-07T08:00:10.160+0000] {dagbag.py:545} INFO - Filling up the DagBag from /home/airflow/.local/lib/python3.12/site-packages/airflow/example_dags/example_setup_teardown.py
[2024-06-07T08:00:10.270+0000] {processor.py:840} INFO - DAG(s) 'example_setup_teardown' retrieved from /home/airflow/.local/lib/python3.12/site-packages/airflow/example_dags/example_setup_teardown.py
[2024-06-07T08:00:10.528+0000] {logging_mixin.py:188} INFO - [2024-06-07T08:00:10.527+0000] {dag.py:3096} INFO - Sync 1 DAGs
[2024-06-07T08:00:10.993+0000] {logging_mixin.py:188} INFO - [2024-06-07T08:00:10.992+0000] {dag.py:3954} INFO - Setting next_dagrun for example_setup_teardown to 2024-06-06 00:00:00+00:00, run_after=2024-06-07 00:00:00+00:00
[2024-06-07T08:00:11.497+0000] {processor.py:183} INFO - Processing /home/airflow/.local/lib/python3.12/site-packages/airflow/example_dags/example_setup_teardown.py took 1.478 seconds
[2024-06-07T08:00:56.286+0000] {processor.py:161} INFO - Started process (PID=629) to work on /home/airflow/.local/lib/python3.12/site-packages/airflow/example_dags/example_setup_teardown.py
[2024-06-07T08:00:56.288+0000] {processor.py:830} INFO - Processing file /home/airflow/.local/lib/python3.12/site-packages/airflow/example_dags/example_setup_teardown.py for tasks to queue
[2024-06-07T08:00:56.294+0000] {logging_mixin.py:188} INFO - [2024-06-07T08:00:56.293+0000] {dagbag.py:545} INFO - Filling up the DagBag from /home/airflow/.local/lib/python3.12/site-packages/airflow/example_dags/example_setup_teardown.py
[2024-06-07T08:00:56.320+0000] {processor.py:840} INFO - DAG(s) 'example_setup_teardown' retrieved from /home/airflow/.local/lib/python3.12/site-packages/airflow/example_dags/example_setup_teardown.py
[2024-06-07T08:00:56.447+0000] {logging_mixin.py:188} INFO - [2024-06-07T08:00:56.445+0000] {dag.py:3096} INFO - Sync 1 DAGs
[2024-06-07T08:00:56.822+0000] {logging_mixin.py:188} INFO - [2024-06-07T08:00:56.821+0000] {dag.py:3954} INFO - Setting next_dagrun for example_setup_teardown to 2024-06-06 00:00:00+00:00, run_after=2024-06-07 00:00:00+00:00
[2024-06-07T08:00:57.392+0000] {processor.py:183} INFO - Processing /home/airflow/.local/lib/python3.12/site-packages/airflow/example_dags/example_setup_teardown.py took 1.125 seconds
[2024-06-07T08:01:33.138+0000] {processor.py:161} INFO - Started process (PID=687) to work on /home/airflow/.local/lib/python3.12/site-packages/airflow/example_dags/example_setup_teardown.py
[2024-06-07T08:01:33.142+0000] {processor.py:830} INFO - Processing file /home/airflow/.local/lib/python3.12/site-packages/airflow/example_dags/example_setup_teardown.py for tasks to queue
[2024-06-07T08:01:33.159+0000] {logging_mixin.py:188} INFO - [2024-06-07T08:01:33.158+0000] {dagbag.py:545} INFO - Filling up the DagBag from /home/airflow/.local/lib/python3.12/site-packages/airflow/example_dags/example_setup_teardown.py
[2024-06-07T08:01:33.424+0000] {processor.py:840} INFO - DAG(s) 'example_setup_teardown' retrieved from /home/airflow/.local/lib/python3.12/site-packages/airflow/example_dags/example_setup_teardown.py
[2024-06-07T08:01:33.643+0000] {logging_mixin.py:188} INFO - [2024-06-07T08:01:33.643+0000] {dag.py:3096} INFO - Sync 1 DAGs
[2024-06-07T08:01:34.111+0000] {logging_mixin.py:188} INFO - [2024-06-07T08:01:34.110+0000] {dag.py:3954} INFO - Setting next_dagrun for example_setup_teardown to 2024-06-06 00:00:00+00:00, run_after=2024-06-07 00:00:00+00:00
[2024-06-07T08:01:34.679+0000] {processor.py:183} INFO - Processing /home/airflow/.local/lib/python3.12/site-packages/airflow/example_dags/example_setup_teardown.py took 1.579 seconds
[2024-06-07T08:02:29.666+0000] {processor.py:161} INFO - Started process (PID=743) to work on /home/airflow/.local/lib/python3.12/site-packages/airflow/example_dags/example_setup_teardown.py
[2024-06-07T08:02:29.679+0000] {processor.py:830} INFO - Processing file /home/airflow/.local/lib/python3.12/site-packages/airflow/example_dags/example_setup_teardown.py for tasks to queue
[2024-06-07T08:02:29.684+0000] {logging_mixin.py:188} INFO - [2024-06-07T08:02:29.683+0000] {dagbag.py:545} INFO - Filling up the DagBag from /home/airflow/.local/lib/python3.12/site-packages/airflow/example_dags/example_setup_teardown.py
[2024-06-07T08:02:29.718+0000] {processor.py:840} INFO - DAG(s) 'example_setup_teardown' retrieved from /home/airflow/.local/lib/python3.12/site-packages/airflow/example_dags/example_setup_teardown.py
[2024-06-07T08:02:30.541+0000] {logging_mixin.py:188} INFO - [2024-06-07T08:02:30.540+0000] {dag.py:3096} INFO - Sync 1 DAGs
[2024-06-07T08:02:30.716+0000] {logging_mixin.py:188} INFO - [2024-06-07T08:02:30.716+0000] {dag.py:3954} INFO - Setting next_dagrun for example_setup_teardown to 2024-06-06 00:00:00+00:00, run_after=2024-06-07 00:00:00+00:00
[2024-06-07T08:02:30.850+0000] {processor.py:183} INFO - Processing /home/airflow/.local/lib/python3.12/site-packages/airflow/example_dags/example_setup_teardown.py took 1.240 seconds
[2024-06-07T08:03:01.146+0000] {processor.py:161} INFO - Started process (PID=803) to work on /home/airflow/.local/lib/python3.12/site-packages/airflow/example_dags/example_setup_teardown.py
[2024-06-07T08:03:01.148+0000] {processor.py:830} INFO - Processing file /home/airflow/.local/lib/python3.12/site-packages/airflow/example_dags/example_setup_teardown.py for tasks to queue
[2024-06-07T08:03:01.153+0000] {logging_mixin.py:188} INFO - [2024-06-07T08:03:01.152+0000] {dagbag.py:545} INFO - Filling up the DagBag from /home/airflow/.local/lib/python3.12/site-packages/airflow/example_dags/example_setup_teardown.py
[2024-06-07T08:03:01.183+0000] {processor.py:840} INFO - DAG(s) 'example_setup_teardown' retrieved from /home/airflow/.local/lib/python3.12/site-packages/airflow/example_dags/example_setup_teardown.py
[2024-06-07T08:03:01.251+0000] {logging_mixin.py:188} INFO - [2024-06-07T08:03:01.250+0000] {dag.py:3096} INFO - Sync 1 DAGs
[2024-06-07T08:03:01.338+0000] {logging_mixin.py:188} INFO - [2024-06-07T08:03:01.338+0000] {dag.py:3954} INFO - Setting next_dagrun for example_setup_teardown to 2024-06-06 00:00:00+00:00, run_after=2024-06-07 00:00:00+00:00
[2024-06-07T08:03:01.452+0000] {processor.py:183} INFO - Processing /home/airflow/.local/lib/python3.12/site-packages/airflow/example_dags/example_setup_teardown.py took 0.322 seconds
[2024-06-07T08:03:33.325+0000] {processor.py:161} INFO - Started process (PID=861) to work on /home/airflow/.local/lib/python3.12/site-packages/airflow/example_dags/example_setup_teardown.py
[2024-06-07T08:03:33.327+0000] {processor.py:830} INFO - Processing file /home/airflow/.local/lib/python3.12/site-packages/airflow/example_dags/example_setup_teardown.py for tasks to queue
[2024-06-07T08:03:33.331+0000] {logging_mixin.py:188} INFO - [2024-06-07T08:03:33.330+0000] {dagbag.py:545} INFO - Filling up the DagBag from /home/airflow/.local/lib/python3.12/site-packages/airflow/example_dags/example_setup_teardown.py
[2024-06-07T08:03:33.345+0000] {processor.py:840} INFO - DAG(s) 'example_setup_teardown' retrieved from /home/airflow/.local/lib/python3.12/site-packages/airflow/example_dags/example_setup_teardown.py
[2024-06-07T08:03:33.412+0000] {logging_mixin.py:188} INFO - [2024-06-07T08:03:33.411+0000] {dag.py:3096} INFO - Sync 1 DAGs
[2024-06-07T08:03:33.495+0000] {logging_mixin.py:188} INFO - [2024-06-07T08:03:33.495+0000] {dag.py:3954} INFO - Setting next_dagrun for example_setup_teardown to 2024-06-06 00:00:00+00:00, run_after=2024-06-07 00:00:00+00:00
[2024-06-07T08:03:33.610+0000] {processor.py:183} INFO - Processing /home/airflow/.local/lib/python3.12/site-packages/airflow/example_dags/example_setup_teardown.py took 0.296 seconds
[2024-06-07T08:04:06.129+0000] {processor.py:161} INFO - Started process (PID=919) to work on /home/airflow/.local/lib/python3.12/site-packages/airflow/example_dags/example_setup_teardown.py
[2024-06-07T08:04:06.131+0000] {processor.py:830} INFO - Processing file /home/airflow/.local/lib/python3.12/site-packages/airflow/example_dags/example_setup_teardown.py for tasks to queue
[2024-06-07T08:04:06.137+0000] {logging_mixin.py:188} INFO - [2024-06-07T08:04:06.136+0000] {dagbag.py:545} INFO - Filling up the DagBag from /home/airflow/.local/lib/python3.12/site-packages/airflow/example_dags/example_setup_teardown.py
[2024-06-07T08:04:06.160+0000] {processor.py:840} INFO - DAG(s) 'example_setup_teardown' retrieved from /home/airflow/.local/lib/python3.12/site-packages/airflow/example_dags/example_setup_teardown.py
[2024-06-07T08:04:06.228+0000] {logging_mixin.py:188} INFO - [2024-06-07T08:04:06.226+0000] {dag.py:3096} INFO - Sync 1 DAGs
[2024-06-07T08:04:06.333+0000] {logging_mixin.py:188} INFO - [2024-06-07T08:04:06.329+0000] {dag.py:3954} INFO - Setting next_dagrun for example_setup_teardown to 2024-06-06 00:00:00+00:00, run_after=2024-06-07 00:00:00+00:00
[2024-06-07T08:04:06.440+0000] {processor.py:183} INFO - Processing /home/airflow/.local/lib/python3.12/site-packages/airflow/example_dags/example_setup_teardown.py took 0.328 seconds
[2024-06-07T08:04:39.960+0000] {processor.py:161} INFO - Started process (PID=977) to work on /home/airflow/.local/lib/python3.12/site-packages/airflow/example_dags/example_setup_teardown.py
[2024-06-07T08:04:39.963+0000] {processor.py:830} INFO - Processing file /home/airflow/.local/lib/python3.12/site-packages/airflow/example_dags/example_setup_teardown.py for tasks to queue
[2024-06-07T08:04:39.972+0000] {logging_mixin.py:188} INFO - [2024-06-07T08:04:39.971+0000] {dagbag.py:545} INFO - Filling up the DagBag from /home/airflow/.local/lib/python3.12/site-packages/airflow/example_dags/example_setup_teardown.py
[2024-06-07T08:04:39.995+0000] {processor.py:840} INFO - DAG(s) 'example_setup_teardown' retrieved from /home/airflow/.local/lib/python3.12/site-packages/airflow/example_dags/example_setup_teardown.py
[2024-06-07T08:04:40.101+0000] {logging_mixin.py:188} INFO - [2024-06-07T08:04:40.100+0000] {dag.py:3096} INFO - Sync 1 DAGs
[2024-06-07T08:04:40.210+0000] {logging_mixin.py:188} INFO - [2024-06-07T08:04:40.207+0000] {dag.py:3954} INFO - Setting next_dagrun for example_setup_teardown to 2024-06-06 00:00:00+00:00, run_after=2024-06-07 00:00:00+00:00
[2024-06-07T08:04:40.394+0000] {processor.py:183} INFO - Processing /home/airflow/.local/lib/python3.12/site-packages/airflow/example_dags/example_setup_teardown.py took 0.482 seconds
[2024-06-07T08:05:15.035+0000] {processor.py:161} INFO - Started process (PID=1037) to work on /home/airflow/.local/lib/python3.12/site-packages/airflow/example_dags/example_setup_teardown.py
[2024-06-07T08:05:15.045+0000] {processor.py:830} INFO - Processing file /home/airflow/.local/lib/python3.12/site-packages/airflow/example_dags/example_setup_teardown.py for tasks to queue
[2024-06-07T08:05:15.051+0000] {logging_mixin.py:188} INFO - [2024-06-07T08:05:15.050+0000] {dagbag.py:545} INFO - Filling up the DagBag from /home/airflow/.local/lib/python3.12/site-packages/airflow/example_dags/example_setup_teardown.py
[2024-06-07T08:05:15.086+0000] {processor.py:840} INFO - DAG(s) 'example_setup_teardown' retrieved from /home/airflow/.local/lib/python3.12/site-packages/airflow/example_dags/example_setup_teardown.py
[2024-06-07T08:05:15.207+0000] {logging_mixin.py:188} INFO - [2024-06-07T08:05:15.206+0000] {dag.py:3096} INFO - Sync 1 DAGs
[2024-06-07T08:05:15.324+0000] {logging_mixin.py:188} INFO - [2024-06-07T08:05:15.324+0000] {dag.py:3954} INFO - Setting next_dagrun for example_setup_teardown to 2024-06-06 00:00:00+00:00, run_after=2024-06-07 00:00:00+00:00
[2024-06-07T08:05:15.440+0000] {processor.py:183} INFO - Processing /home/airflow/.local/lib/python3.12/site-packages/airflow/example_dags/example_setup_teardown.py took 0.431 seconds
[2024-06-07T08:05:45.870+0000] {processor.py:161} INFO - Started process (PID=1095) to work on /home/airflow/.local/lib/python3.12/site-packages/airflow/example_dags/example_setup_teardown.py
[2024-06-07T08:05:45.872+0000] {processor.py:830} INFO - Processing file /home/airflow/.local/lib/python3.12/site-packages/airflow/example_dags/example_setup_teardown.py for tasks to queue
[2024-06-07T08:05:45.878+0000] {logging_mixin.py:188} INFO - [2024-06-07T08:05:45.877+0000] {dagbag.py:545} INFO - Filling up the DagBag from /home/airflow/.local/lib/python3.12/site-packages/airflow/example_dags/example_setup_teardown.py
[2024-06-07T08:05:45.899+0000] {processor.py:840} INFO - DAG(s) 'example_setup_teardown' retrieved from /home/airflow/.local/lib/python3.12/site-packages/airflow/example_dags/example_setup_teardown.py
[2024-06-07T08:05:45.988+0000] {logging_mixin.py:188} INFO - [2024-06-07T08:05:45.988+0000] {dag.py:3096} INFO - Sync 1 DAGs
[2024-06-07T08:05:46.094+0000] {logging_mixin.py:188} INFO - [2024-06-07T08:05:46.094+0000] {dag.py:3954} INFO - Setting next_dagrun for example_setup_teardown to 2024-06-06 00:00:00+00:00, run_after=2024-06-07 00:00:00+00:00
[2024-06-07T08:05:46.282+0000] {processor.py:183} INFO - Processing /home/airflow/.local/lib/python3.12/site-packages/airflow/example_dags/example_setup_teardown.py took 0.431 seconds
[2024-06-07T08:06:17.066+0000] {processor.py:161} INFO - Started process (PID=1161) to work on /home/airflow/.local/lib/python3.12/site-packages/airflow/example_dags/example_setup_teardown.py
[2024-06-07T08:06:17.068+0000] {processor.py:830} INFO - Processing file /home/airflow/.local/lib/python3.12/site-packages/airflow/example_dags/example_setup_teardown.py for tasks to queue
[2024-06-07T08:06:17.073+0000] {logging_mixin.py:188} INFO - [2024-06-07T08:06:17.072+0000] {dagbag.py:545} INFO - Filling up the DagBag from /home/airflow/.local/lib/python3.12/site-packages/airflow/example_dags/example_setup_teardown.py
[2024-06-07T08:06:17.113+0000] {processor.py:840} INFO - DAG(s) 'example_setup_teardown' retrieved from /home/airflow/.local/lib/python3.12/site-packages/airflow/example_dags/example_setup_teardown.py
[2024-06-07T08:06:17.272+0000] {logging_mixin.py:188} INFO - [2024-06-07T08:06:17.271+0000] {dag.py:3096} INFO - Sync 1 DAGs
[2024-06-07T08:06:17.342+0000] {logging_mixin.py:188} INFO - [2024-06-07T08:06:17.341+0000] {dag.py:3954} INFO - Setting next_dagrun for example_setup_teardown to 2024-06-06 00:00:00+00:00, run_after=2024-06-07 00:00:00+00:00
[2024-06-07T08:06:17.608+0000] {processor.py:183} INFO - Processing /home/airflow/.local/lib/python3.12/site-packages/airflow/example_dags/example_setup_teardown.py took 0.559 seconds
[2024-06-07T08:07:04.565+0000] {processor.py:161} INFO - Started process (PID=1225) to work on /home/airflow/.local/lib/python3.12/site-packages/airflow/example_dags/example_setup_teardown.py
[2024-06-07T08:07:04.582+0000] {processor.py:830} INFO - Processing file /home/airflow/.local/lib/python3.12/site-packages/airflow/example_dags/example_setup_teardown.py for tasks to queue
[2024-06-07T08:07:04.610+0000] {logging_mixin.py:188} INFO - [2024-06-07T08:07:04.609+0000] {dagbag.py:545} INFO - Filling up the DagBag from /home/airflow/.local/lib/python3.12/site-packages/airflow/example_dags/example_setup_teardown.py
[2024-06-07T08:07:04.672+0000] {processor.py:840} INFO - DAG(s) 'example_setup_teardown' retrieved from /home/airflow/.local/lib/python3.12/site-packages/airflow/example_dags/example_setup_teardown.py
[2024-06-07T08:07:04.994+0000] {logging_mixin.py:188} INFO - [2024-06-07T08:07:04.988+0000] {dag.py:3096} INFO - Sync 1 DAGs
[2024-06-07T08:07:05.236+0000] {logging_mixin.py:188} INFO - [2024-06-07T08:07:05.235+0000] {dag.py:3954} INFO - Setting next_dagrun for example_setup_teardown to 2024-06-06 00:00:00+00:00, run_after=2024-06-07 00:00:00+00:00
[2024-06-07T08:07:05.637+0000] {processor.py:183} INFO - Processing /home/airflow/.local/lib/python3.12/site-packages/airflow/example_dags/example_setup_teardown.py took 1.172 seconds
[2024-06-07T08:07:55.028+0000] {processor.py:161} INFO - Started process (PID=1282) to work on /home/airflow/.local/lib/python3.12/site-packages/airflow/example_dags/example_setup_teardown.py
[2024-06-07T08:07:55.047+0000] {processor.py:830} INFO - Processing file /home/airflow/.local/lib/python3.12/site-packages/airflow/example_dags/example_setup_teardown.py for tasks to queue
[2024-06-07T08:07:55.062+0000] {logging_mixin.py:188} INFO - [2024-06-07T08:07:55.061+0000] {dagbag.py:545} INFO - Filling up the DagBag from /home/airflow/.local/lib/python3.12/site-packages/airflow/example_dags/example_setup_teardown.py
[2024-06-07T08:07:55.121+0000] {processor.py:840} INFO - DAG(s) 'example_setup_teardown' retrieved from /home/airflow/.local/lib/python3.12/site-packages/airflow/example_dags/example_setup_teardown.py
[2024-06-07T08:07:55.278+0000] {logging_mixin.py:188} INFO - [2024-06-07T08:07:55.277+0000] {dag.py:3096} INFO - Sync 1 DAGs
[2024-06-07T08:07:55.647+0000] {logging_mixin.py:188} INFO - [2024-06-07T08:07:55.646+0000] {dag.py:3954} INFO - Setting next_dagrun for example_setup_teardown to 2024-06-06 00:00:00+00:00, run_after=2024-06-07 00:00:00+00:00
[2024-06-07T08:07:56.048+0000] {processor.py:183} INFO - Processing /home/airflow/.local/lib/python3.12/site-packages/airflow/example_dags/example_setup_teardown.py took 1.060 seconds
[2024-06-07T08:08:37.528+0000] {processor.py:161} INFO - Started process (PID=1344) to work on /home/airflow/.local/lib/python3.12/site-packages/airflow/example_dags/example_setup_teardown.py
[2024-06-07T08:08:37.530+0000] {processor.py:830} INFO - Processing file /home/airflow/.local/lib/python3.12/site-packages/airflow/example_dags/example_setup_teardown.py for tasks to queue
[2024-06-07T08:08:37.535+0000] {logging_mixin.py:188} INFO - [2024-06-07T08:08:37.534+0000] {dagbag.py:545} INFO - Filling up the DagBag from /home/airflow/.local/lib/python3.12/site-packages/airflow/example_dags/example_setup_teardown.py
[2024-06-07T08:08:37.553+0000] {processor.py:840} INFO - DAG(s) 'example_setup_teardown' retrieved from /home/airflow/.local/lib/python3.12/site-packages/airflow/example_dags/example_setup_teardown.py
[2024-06-07T08:08:37.584+0000] {logging_mixin.py:188} INFO - [2024-06-07T08:08:37.583+0000] {dag.py:3096} INFO - Sync 1 DAGs
[2024-06-07T08:08:37.660+0000] {logging_mixin.py:188} INFO - [2024-06-07T08:08:37.660+0000] {dag.py:3954} INFO - Setting next_dagrun for example_setup_teardown to 2024-06-06 00:00:00+00:00, run_after=2024-06-07 00:00:00+00:00
[2024-06-07T08:08:37.927+0000] {processor.py:183} INFO - Processing /home/airflow/.local/lib/python3.12/site-packages/airflow/example_dags/example_setup_teardown.py took 0.416 seconds
[2024-06-07T08:13:16.465+0000] {processor.py:161} INFO - Started process (PID=1449) to work on /home/airflow/.local/lib/python3.12/site-packages/airflow/example_dags/example_setup_teardown.py
[2024-06-07T08:13:16.620+0000] {processor.py:830} INFO - Processing file /home/airflow/.local/lib/python3.12/site-packages/airflow/example_dags/example_setup_teardown.py for tasks to queue
[2024-06-07T08:13:16.622+0000] {logging_mixin.py:188} INFO - [2024-06-07T08:13:16.621+0000] {dagbag.py:545} INFO - Filling up the DagBag from /home/airflow/.local/lib/python3.12/site-packages/airflow/example_dags/example_setup_teardown.py
[2024-06-07T08:13:16.643+0000] {processor.py:840} INFO - DAG(s) 'example_setup_teardown' retrieved from /home/airflow/.local/lib/python3.12/site-packages/airflow/example_dags/example_setup_teardown.py
[2024-06-07T08:13:18.004+0000] {logging_mixin.py:188} INFO - [2024-06-07T08:13:18.003+0000] {dag.py:3096} INFO - Sync 1 DAGs
[2024-06-07T08:13:18.101+0000] {logging_mixin.py:188} INFO - [2024-06-07T08:13:18.100+0000] {dag.py:3954} INFO - Setting next_dagrun for example_setup_teardown to 2024-06-06 00:00:00+00:00, run_after=2024-06-07 00:00:00+00:00
[2024-06-07T08:13:18.482+0000] {processor.py:183} INFO - Processing /home/airflow/.local/lib/python3.12/site-packages/airflow/example_dags/example_setup_teardown.py took 2.046 seconds
[2024-06-07T08:13:52.272+0000] {processor.py:161} INFO - Started process (PID=1509) to work on /home/airflow/.local/lib/python3.12/site-packages/airflow/example_dags/example_setup_teardown.py
[2024-06-07T08:13:52.274+0000] {processor.py:830} INFO - Processing file /home/airflow/.local/lib/python3.12/site-packages/airflow/example_dags/example_setup_teardown.py for tasks to queue
[2024-06-07T08:13:52.275+0000] {logging_mixin.py:188} INFO - [2024-06-07T08:13:52.275+0000] {dagbag.py:545} INFO - Filling up the DagBag from /home/airflow/.local/lib/python3.12/site-packages/airflow/example_dags/example_setup_teardown.py
[2024-06-07T08:13:52.294+0000] {processor.py:840} INFO - DAG(s) 'example_setup_teardown' retrieved from /home/airflow/.local/lib/python3.12/site-packages/airflow/example_dags/example_setup_teardown.py
[2024-06-07T08:13:52.389+0000] {logging_mixin.py:188} INFO - [2024-06-07T08:13:52.388+0000] {dag.py:3096} INFO - Sync 1 DAGs
[2024-06-07T08:13:52.464+0000] {logging_mixin.py:188} INFO - [2024-06-07T08:13:52.464+0000] {dag.py:3954} INFO - Setting next_dagrun for example_setup_teardown to 2024-06-06 00:00:00+00:00, run_after=2024-06-07 00:00:00+00:00
[2024-06-07T08:13:52.689+0000] {processor.py:183} INFO - Processing /home/airflow/.local/lib/python3.12/site-packages/airflow/example_dags/example_setup_teardown.py took 0.431 seconds
[2024-06-07T08:14:24.122+0000] {processor.py:161} INFO - Started process (PID=1566) to work on /home/airflow/.local/lib/python3.12/site-packages/airflow/example_dags/example_setup_teardown.py
[2024-06-07T08:14:24.124+0000] {processor.py:830} INFO - Processing file /home/airflow/.local/lib/python3.12/site-packages/airflow/example_dags/example_setup_teardown.py for tasks to queue
[2024-06-07T08:14:24.128+0000] {logging_mixin.py:188} INFO - [2024-06-07T08:14:24.127+0000] {dagbag.py:545} INFO - Filling up the DagBag from /home/airflow/.local/lib/python3.12/site-packages/airflow/example_dags/example_setup_teardown.py
[2024-06-07T08:14:24.172+0000] {processor.py:840} INFO - DAG(s) 'example_setup_teardown' retrieved from /home/airflow/.local/lib/python3.12/site-packages/airflow/example_dags/example_setup_teardown.py
[2024-06-07T08:14:24.251+0000] {logging_mixin.py:188} INFO - [2024-06-07T08:14:24.251+0000] {dag.py:3096} INFO - Sync 1 DAGs
[2024-06-07T08:14:24.324+0000] {logging_mixin.py:188} INFO - [2024-06-07T08:14:24.323+0000] {dag.py:3954} INFO - Setting next_dagrun for example_setup_teardown to 2024-06-06 00:00:00+00:00, run_after=2024-06-07 00:00:00+00:00
[2024-06-07T08:14:25.113+0000] {processor.py:183} INFO - Processing /home/airflow/.local/lib/python3.12/site-packages/airflow/example_dags/example_setup_teardown.py took 1.035 seconds
[2024-06-07T08:14:57.102+0000] {processor.py:161} INFO - Started process (PID=1624) to work on /home/airflow/.local/lib/python3.12/site-packages/airflow/example_dags/example_setup_teardown.py
[2024-06-07T08:14:57.104+0000] {processor.py:830} INFO - Processing file /home/airflow/.local/lib/python3.12/site-packages/airflow/example_dags/example_setup_teardown.py for tasks to queue
[2024-06-07T08:14:57.107+0000] {logging_mixin.py:188} INFO - [2024-06-07T08:14:57.106+0000] {dagbag.py:545} INFO - Filling up the DagBag from /home/airflow/.local/lib/python3.12/site-packages/airflow/example_dags/example_setup_teardown.py
[2024-06-07T08:14:57.122+0000] {processor.py:840} INFO - DAG(s) 'example_setup_teardown' retrieved from /home/airflow/.local/lib/python3.12/site-packages/airflow/example_dags/example_setup_teardown.py
[2024-06-07T08:14:57.161+0000] {logging_mixin.py:188} INFO - [2024-06-07T08:14:57.161+0000] {dag.py:3096} INFO - Sync 1 DAGs
[2024-06-07T08:14:57.207+0000] {logging_mixin.py:188} INFO - [2024-06-07T08:14:57.207+0000] {dag.py:3954} INFO - Setting next_dagrun for example_setup_teardown to 2024-06-06 00:00:00+00:00, run_after=2024-06-07 00:00:00+00:00
[2024-06-07T08:14:57.806+0000] {processor.py:183} INFO - Processing /home/airflow/.local/lib/python3.12/site-packages/airflow/example_dags/example_setup_teardown.py took 0.717 seconds
[2024-06-07T08:15:40.879+0000] {processor.py:161} INFO - Started process (PID=1693) to work on /home/airflow/.local/lib/python3.12/site-packages/airflow/example_dags/example_setup_teardown.py
[2024-06-07T08:15:40.882+0000] {processor.py:830} INFO - Processing file /home/airflow/.local/lib/python3.12/site-packages/airflow/example_dags/example_setup_teardown.py for tasks to queue
[2024-06-07T08:15:40.887+0000] {logging_mixin.py:188} INFO - [2024-06-07T08:15:40.886+0000] {dagbag.py:545} INFO - Filling up the DagBag from /home/airflow/.local/lib/python3.12/site-packages/airflow/example_dags/example_setup_teardown.py
[2024-06-07T08:15:40.917+0000] {processor.py:840} INFO - DAG(s) 'example_setup_teardown' retrieved from /home/airflow/.local/lib/python3.12/site-packages/airflow/example_dags/example_setup_teardown.py
[2024-06-07T08:15:40.964+0000] {logging_mixin.py:188} INFO - [2024-06-07T08:15:40.964+0000] {dag.py:3096} INFO - Sync 1 DAGs
[2024-06-07T08:15:41.039+0000] {logging_mixin.py:188} INFO - [2024-06-07T08:15:41.039+0000] {dag.py:3954} INFO - Setting next_dagrun for example_setup_teardown to 2024-06-06 00:00:00+00:00, run_after=2024-06-07 00:00:00+00:00
[2024-06-07T08:15:41.629+0000] {processor.py:183} INFO - Processing /home/airflow/.local/lib/python3.12/site-packages/airflow/example_dags/example_setup_teardown.py took 0.779 seconds
[2024-06-07T08:16:11.883+0000] {processor.py:161} INFO - Started process (PID=1751) to work on /home/airflow/.local/lib/python3.12/site-packages/airflow/example_dags/example_setup_teardown.py
[2024-06-07T08:16:11.885+0000] {processor.py:830} INFO - Processing file /home/airflow/.local/lib/python3.12/site-packages/airflow/example_dags/example_setup_teardown.py for tasks to queue
[2024-06-07T08:16:11.888+0000] {logging_mixin.py:188} INFO - [2024-06-07T08:16:11.887+0000] {dagbag.py:545} INFO - Filling up the DagBag from /home/airflow/.local/lib/python3.12/site-packages/airflow/example_dags/example_setup_teardown.py
[2024-06-07T08:16:11.925+0000] {processor.py:840} INFO - DAG(s) 'example_setup_teardown' retrieved from /home/airflow/.local/lib/python3.12/site-packages/airflow/example_dags/example_setup_teardown.py
[2024-06-07T08:16:11.975+0000] {logging_mixin.py:188} INFO - [2024-06-07T08:16:11.975+0000] {dag.py:3096} INFO - Sync 1 DAGs
[2024-06-07T08:16:12.034+0000] {logging_mixin.py:188} INFO - [2024-06-07T08:16:12.034+0000] {dag.py:3954} INFO - Setting next_dagrun for example_setup_teardown to 2024-06-06 00:00:00+00:00, run_after=2024-06-07 00:00:00+00:00
[2024-06-07T08:16:12.233+0000] {processor.py:183} INFO - Processing /home/airflow/.local/lib/python3.12/site-packages/airflow/example_dags/example_setup_teardown.py took 0.371 seconds
[2024-06-07T08:16:45.496+0000] {processor.py:161} INFO - Started process (PID=1810) to work on /home/airflow/.local/lib/python3.12/site-packages/airflow/example_dags/example_setup_teardown.py
[2024-06-07T08:16:45.499+0000] {processor.py:830} INFO - Processing file /home/airflow/.local/lib/python3.12/site-packages/airflow/example_dags/example_setup_teardown.py for tasks to queue
[2024-06-07T08:16:45.507+0000] {logging_mixin.py:188} INFO - [2024-06-07T08:16:45.506+0000] {dagbag.py:545} INFO - Filling up the DagBag from /home/airflow/.local/lib/python3.12/site-packages/airflow/example_dags/example_setup_teardown.py
[2024-06-07T08:16:45.549+0000] {processor.py:840} INFO - DAG(s) 'example_setup_teardown' retrieved from /home/airflow/.local/lib/python3.12/site-packages/airflow/example_dags/example_setup_teardown.py
[2024-06-07T08:16:45.675+0000] {logging_mixin.py:188} INFO - [2024-06-07T08:16:45.674+0000] {dag.py:3096} INFO - Sync 1 DAGs
[2024-06-07T08:16:45.869+0000] {logging_mixin.py:188} INFO - [2024-06-07T08:16:45.869+0000] {dag.py:3954} INFO - Setting next_dagrun for example_setup_teardown to 2024-06-06 00:00:00+00:00, run_after=2024-06-07 00:00:00+00:00
[2024-06-07T08:16:46.061+0000] {processor.py:183} INFO - Processing /home/airflow/.local/lib/python3.12/site-packages/airflow/example_dags/example_setup_teardown.py took 0.583 seconds
[2024-06-07T08:17:17.412+0000] {processor.py:161} INFO - Started process (PID=1869) to work on /home/airflow/.local/lib/python3.12/site-packages/airflow/example_dags/example_setup_teardown.py
[2024-06-07T08:17:17.434+0000] {processor.py:830} INFO - Processing file /home/airflow/.local/lib/python3.12/site-packages/airflow/example_dags/example_setup_teardown.py for tasks to queue
[2024-06-07T08:17:17.438+0000] {logging_mixin.py:188} INFO - [2024-06-07T08:17:17.437+0000] {dagbag.py:545} INFO - Filling up the DagBag from /home/airflow/.local/lib/python3.12/site-packages/airflow/example_dags/example_setup_teardown.py
[2024-06-07T08:17:17.520+0000] {processor.py:840} INFO - DAG(s) 'example_setup_teardown' retrieved from /home/airflow/.local/lib/python3.12/site-packages/airflow/example_dags/example_setup_teardown.py
[2024-06-07T08:17:18.076+0000] {logging_mixin.py:188} INFO - [2024-06-07T08:17:18.075+0000] {dag.py:3096} INFO - Sync 1 DAGs
[2024-06-07T08:17:18.494+0000] {logging_mixin.py:188} INFO - [2024-06-07T08:17:18.493+0000] {dag.py:3954} INFO - Setting next_dagrun for example_setup_teardown to 2024-06-06 00:00:00+00:00, run_after=2024-06-07 00:00:00+00:00
[2024-06-07T08:17:19.657+0000] {processor.py:183} INFO - Processing /home/airflow/.local/lib/python3.12/site-packages/airflow/example_dags/example_setup_teardown.py took 2.320 seconds
[2024-06-07T08:18:02.763+0000] {processor.py:161} INFO - Started process (PID=1946) to work on /home/airflow/.local/lib/python3.12/site-packages/airflow/example_dags/example_setup_teardown.py
[2024-06-07T08:18:02.773+0000] {processor.py:830} INFO - Processing file /home/airflow/.local/lib/python3.12/site-packages/airflow/example_dags/example_setup_teardown.py for tasks to queue
[2024-06-07T08:18:02.779+0000] {logging_mixin.py:188} INFO - [2024-06-07T08:18:02.778+0000] {dagbag.py:545} INFO - Filling up the DagBag from /home/airflow/.local/lib/python3.12/site-packages/airflow/example_dags/example_setup_teardown.py
[2024-06-07T08:18:02.815+0000] {processor.py:840} INFO - DAG(s) 'example_setup_teardown' retrieved from /home/airflow/.local/lib/python3.12/site-packages/airflow/example_dags/example_setup_teardown.py
[2024-06-07T08:18:03.056+0000] {logging_mixin.py:188} INFO - [2024-06-07T08:18:03.052+0000] {dag.py:3096} INFO - Sync 1 DAGs
[2024-06-07T08:18:03.428+0000] {logging_mixin.py:188} INFO - [2024-06-07T08:18:03.427+0000] {dag.py:3954} INFO - Setting next_dagrun for example_setup_teardown to 2024-06-06 00:00:00+00:00, run_after=2024-06-07 00:00:00+00:00
[2024-06-07T08:18:03.696+0000] {processor.py:183} INFO - Processing /home/airflow/.local/lib/python3.12/site-packages/airflow/example_dags/example_setup_teardown.py took 0.968 seconds
[2024-06-07T08:18:34.016+0000] {processor.py:161} INFO - Started process (PID=2004) to work on /home/airflow/.local/lib/python3.12/site-packages/airflow/example_dags/example_setup_teardown.py
[2024-06-07T08:18:34.018+0000] {processor.py:830} INFO - Processing file /home/airflow/.local/lib/python3.12/site-packages/airflow/example_dags/example_setup_teardown.py for tasks to queue
[2024-06-07T08:18:34.021+0000] {logging_mixin.py:188} INFO - [2024-06-07T08:18:34.020+0000] {dagbag.py:545} INFO - Filling up the DagBag from /home/airflow/.local/lib/python3.12/site-packages/airflow/example_dags/example_setup_teardown.py
[2024-06-07T08:18:34.038+0000] {processor.py:840} INFO - DAG(s) 'example_setup_teardown' retrieved from /home/airflow/.local/lib/python3.12/site-packages/airflow/example_dags/example_setup_teardown.py
[2024-06-07T08:18:34.119+0000] {logging_mixin.py:188} INFO - [2024-06-07T08:18:34.118+0000] {dag.py:3096} INFO - Sync 1 DAGs
[2024-06-07T08:18:34.215+0000] {logging_mixin.py:188} INFO - [2024-06-07T08:18:34.214+0000] {dag.py:3954} INFO - Setting next_dagrun for example_setup_teardown to 2024-06-06 00:00:00+00:00, run_after=2024-06-07 00:00:00+00:00
[2024-06-07T08:18:34.424+0000] {processor.py:183} INFO - Processing /home/airflow/.local/lib/python3.12/site-packages/airflow/example_dags/example_setup_teardown.py took 0.421 seconds
[2024-06-07T08:19:05.174+0000] {processor.py:161} INFO - Started process (PID=2062) to work on /home/airflow/.local/lib/python3.12/site-packages/airflow/example_dags/example_setup_teardown.py
[2024-06-07T08:19:05.176+0000] {processor.py:830} INFO - Processing file /home/airflow/.local/lib/python3.12/site-packages/airflow/example_dags/example_setup_teardown.py for tasks to queue
[2024-06-07T08:19:05.178+0000] {logging_mixin.py:188} INFO - [2024-06-07T08:19:05.177+0000] {dagbag.py:545} INFO - Filling up the DagBag from /home/airflow/.local/lib/python3.12/site-packages/airflow/example_dags/example_setup_teardown.py
[2024-06-07T08:19:05.194+0000] {processor.py:840} INFO - DAG(s) 'example_setup_teardown' retrieved from /home/airflow/.local/lib/python3.12/site-packages/airflow/example_dags/example_setup_teardown.py
[2024-06-07T08:19:05.248+0000] {logging_mixin.py:188} INFO - [2024-06-07T08:19:05.248+0000] {dag.py:3096} INFO - Sync 1 DAGs
[2024-06-07T08:19:05.336+0000] {logging_mixin.py:188} INFO - [2024-06-07T08:19:05.335+0000] {dag.py:3954} INFO - Setting next_dagrun for example_setup_teardown to 2024-06-06 00:00:00+00:00, run_after=2024-06-07 00:00:00+00:00
[2024-06-07T08:19:05.501+0000] {processor.py:183} INFO - Processing /home/airflow/.local/lib/python3.12/site-packages/airflow/example_dags/example_setup_teardown.py took 0.339 seconds
[2024-06-07T08:19:39.964+0000] {processor.py:161} INFO - Started process (PID=2122) to work on /home/airflow/.local/lib/python3.12/site-packages/airflow/example_dags/example_setup_teardown.py
[2024-06-07T08:19:39.967+0000] {processor.py:830} INFO - Processing file /home/airflow/.local/lib/python3.12/site-packages/airflow/example_dags/example_setup_teardown.py for tasks to queue
[2024-06-07T08:19:39.981+0000] {logging_mixin.py:188} INFO - [2024-06-07T08:19:39.980+0000] {dagbag.py:545} INFO - Filling up the DagBag from /home/airflow/.local/lib/python3.12/site-packages/airflow/example_dags/example_setup_teardown.py
[2024-06-07T08:19:40.031+0000] {processor.py:840} INFO - DAG(s) 'example_setup_teardown' retrieved from /home/airflow/.local/lib/python3.12/site-packages/airflow/example_dags/example_setup_teardown.py
[2024-06-07T08:19:40.145+0000] {logging_mixin.py:188} INFO - [2024-06-07T08:19:40.144+0000] {dag.py:3096} INFO - Sync 1 DAGs
[2024-06-07T08:19:40.218+0000] {logging_mixin.py:188} INFO - [2024-06-07T08:19:40.217+0000] {dag.py:3954} INFO - Setting next_dagrun for example_setup_teardown to 2024-06-06 00:00:00+00:00, run_after=2024-06-07 00:00:00+00:00
[2024-06-07T08:19:40.443+0000] {processor.py:183} INFO - Processing /home/airflow/.local/lib/python3.12/site-packages/airflow/example_dags/example_setup_teardown.py took 0.528 seconds
[2024-06-07T08:20:12.941+0000] {processor.py:161} INFO - Started process (PID=2186) to work on /home/airflow/.local/lib/python3.12/site-packages/airflow/example_dags/example_setup_teardown.py
[2024-06-07T08:20:12.944+0000] {processor.py:830} INFO - Processing file /home/airflow/.local/lib/python3.12/site-packages/airflow/example_dags/example_setup_teardown.py for tasks to queue
[2024-06-07T08:20:12.948+0000] {logging_mixin.py:188} INFO - [2024-06-07T08:20:12.946+0000] {dagbag.py:545} INFO - Filling up the DagBag from /home/airflow/.local/lib/python3.12/site-packages/airflow/example_dags/example_setup_teardown.py
[2024-06-07T08:20:12.963+0000] {processor.py:840} INFO - DAG(s) 'example_setup_teardown' retrieved from /home/airflow/.local/lib/python3.12/site-packages/airflow/example_dags/example_setup_teardown.py
[2024-06-07T08:20:13.011+0000] {logging_mixin.py:188} INFO - [2024-06-07T08:20:13.011+0000] {dag.py:3096} INFO - Sync 1 DAGs
[2024-06-07T08:20:13.069+0000] {logging_mixin.py:188} INFO - [2024-06-07T08:20:13.069+0000] {dag.py:3954} INFO - Setting next_dagrun for example_setup_teardown to 2024-06-06 00:00:00+00:00, run_after=2024-06-07 00:00:00+00:00
[2024-06-07T08:20:13.341+0000] {processor.py:183} INFO - Processing /home/airflow/.local/lib/python3.12/site-packages/airflow/example_dags/example_setup_teardown.py took 0.415 seconds
[2024-06-07T08:20:47.230+0000] {processor.py:161} INFO - Started process (PID=2248) to work on /home/airflow/.local/lib/python3.12/site-packages/airflow/example_dags/example_setup_teardown.py
[2024-06-07T08:20:47.233+0000] {processor.py:830} INFO - Processing file /home/airflow/.local/lib/python3.12/site-packages/airflow/example_dags/example_setup_teardown.py for tasks to queue
[2024-06-07T08:20:47.236+0000] {logging_mixin.py:188} INFO - [2024-06-07T08:20:47.235+0000] {dagbag.py:545} INFO - Filling up the DagBag from /home/airflow/.local/lib/python3.12/site-packages/airflow/example_dags/example_setup_teardown.py
[2024-06-07T08:20:47.289+0000] {processor.py:840} INFO - DAG(s) 'example_setup_teardown' retrieved from /home/airflow/.local/lib/python3.12/site-packages/airflow/example_dags/example_setup_teardown.py
[2024-06-07T08:20:47.410+0000] {logging_mixin.py:188} INFO - [2024-06-07T08:20:47.400+0000] {dag.py:3096} INFO - Sync 1 DAGs
[2024-06-07T08:20:47.643+0000] {logging_mixin.py:188} INFO - [2024-06-07T08:20:47.642+0000] {dag.py:3954} INFO - Setting next_dagrun for example_setup_teardown to 2024-06-06 00:00:00+00:00, run_after=2024-06-07 00:00:00+00:00
[2024-06-07T08:20:48.118+0000] {processor.py:183} INFO - Processing /home/airflow/.local/lib/python3.12/site-packages/airflow/example_dags/example_setup_teardown.py took 0.912 seconds
[2024-06-07T08:21:18.677+0000] {processor.py:161} INFO - Started process (PID=2306) to work on /home/airflow/.local/lib/python3.12/site-packages/airflow/example_dags/example_setup_teardown.py
[2024-06-07T08:21:18.679+0000] {processor.py:830} INFO - Processing file /home/airflow/.local/lib/python3.12/site-packages/airflow/example_dags/example_setup_teardown.py for tasks to queue
[2024-06-07T08:21:18.682+0000] {logging_mixin.py:188} INFO - [2024-06-07T08:21:18.681+0000] {dagbag.py:545} INFO - Filling up the DagBag from /home/airflow/.local/lib/python3.12/site-packages/airflow/example_dags/example_setup_teardown.py
[2024-06-07T08:21:18.704+0000] {processor.py:840} INFO - DAG(s) 'example_setup_teardown' retrieved from /home/airflow/.local/lib/python3.12/site-packages/airflow/example_dags/example_setup_teardown.py
[2024-06-07T08:21:18.816+0000] {logging_mixin.py:188} INFO - [2024-06-07T08:21:18.815+0000] {dag.py:3096} INFO - Sync 1 DAGs
[2024-06-07T08:21:18.908+0000] {logging_mixin.py:188} INFO - [2024-06-07T08:21:18.908+0000] {dag.py:3954} INFO - Setting next_dagrun for example_setup_teardown to 2024-06-06 00:00:00+00:00, run_after=2024-06-07 00:00:00+00:00
[2024-06-07T08:21:19.540+0000] {processor.py:183} INFO - Processing /home/airflow/.local/lib/python3.12/site-packages/airflow/example_dags/example_setup_teardown.py took 0.901 seconds
[2024-06-07T08:21:49.935+0000] {processor.py:161} INFO - Started process (PID=2364) to work on /home/airflow/.local/lib/python3.12/site-packages/airflow/example_dags/example_setup_teardown.py
[2024-06-07T08:21:49.938+0000] {processor.py:830} INFO - Processing file /home/airflow/.local/lib/python3.12/site-packages/airflow/example_dags/example_setup_teardown.py for tasks to queue
[2024-06-07T08:21:49.940+0000] {logging_mixin.py:188} INFO - [2024-06-07T08:21:49.939+0000] {dagbag.py:545} INFO - Filling up the DagBag from /home/airflow/.local/lib/python3.12/site-packages/airflow/example_dags/example_setup_teardown.py
[2024-06-07T08:21:49.961+0000] {processor.py:840} INFO - DAG(s) 'example_setup_teardown' retrieved from /home/airflow/.local/lib/python3.12/site-packages/airflow/example_dags/example_setup_teardown.py
[2024-06-07T08:21:50.013+0000] {logging_mixin.py:188} INFO - [2024-06-07T08:21:50.012+0000] {dag.py:3096} INFO - Sync 1 DAGs
[2024-06-07T08:21:50.071+0000] {logging_mixin.py:188} INFO - [2024-06-07T08:21:50.070+0000] {dag.py:3954} INFO - Setting next_dagrun for example_setup_teardown to 2024-06-06 00:00:00+00:00, run_after=2024-06-07 00:00:00+00:00
[2024-06-07T08:21:50.404+0000] {processor.py:183} INFO - Processing /home/airflow/.local/lib/python3.12/site-packages/airflow/example_dags/example_setup_teardown.py took 0.487 seconds
[2024-06-07T08:22:20.848+0000] {processor.py:161} INFO - Started process (PID=2422) to work on /home/airflow/.local/lib/python3.12/site-packages/airflow/example_dags/example_setup_teardown.py
[2024-06-07T08:22:20.850+0000] {processor.py:830} INFO - Processing file /home/airflow/.local/lib/python3.12/site-packages/airflow/example_dags/example_setup_teardown.py for tasks to queue
[2024-06-07T08:22:20.853+0000] {logging_mixin.py:188} INFO - [2024-06-07T08:22:20.852+0000] {dagbag.py:545} INFO - Filling up the DagBag from /home/airflow/.local/lib/python3.12/site-packages/airflow/example_dags/example_setup_teardown.py
[2024-06-07T08:22:20.874+0000] {processor.py:840} INFO - DAG(s) 'example_setup_teardown' retrieved from /home/airflow/.local/lib/python3.12/site-packages/airflow/example_dags/example_setup_teardown.py
[2024-06-07T08:22:20.938+0000] {logging_mixin.py:188} INFO - [2024-06-07T08:22:20.937+0000] {dag.py:3096} INFO - Sync 1 DAGs
[2024-06-07T08:22:21.008+0000] {logging_mixin.py:188} INFO - [2024-06-07T08:22:21.007+0000] {dag.py:3954} INFO - Setting next_dagrun for example_setup_teardown to 2024-06-06 00:00:00+00:00, run_after=2024-06-07 00:00:00+00:00
[2024-06-07T08:22:21.320+0000] {processor.py:183} INFO - Processing /home/airflow/.local/lib/python3.12/site-packages/airflow/example_dags/example_setup_teardown.py took 0.500 seconds
[2024-06-07T08:22:53.271+0000] {processor.py:161} INFO - Started process (PID=2483) to work on /home/airflow/.local/lib/python3.12/site-packages/airflow/example_dags/example_setup_teardown.py
[2024-06-07T08:22:53.273+0000] {processor.py:830} INFO - Processing file /home/airflow/.local/lib/python3.12/site-packages/airflow/example_dags/example_setup_teardown.py for tasks to queue
[2024-06-07T08:22:53.275+0000] {logging_mixin.py:188} INFO - [2024-06-07T08:22:53.274+0000] {dagbag.py:545} INFO - Filling up the DagBag from /home/airflow/.local/lib/python3.12/site-packages/airflow/example_dags/example_setup_teardown.py
[2024-06-07T08:22:53.294+0000] {processor.py:840} INFO - DAG(s) 'example_setup_teardown' retrieved from /home/airflow/.local/lib/python3.12/site-packages/airflow/example_dags/example_setup_teardown.py
[2024-06-07T08:22:53.347+0000] {logging_mixin.py:188} INFO - [2024-06-07T08:22:53.347+0000] {dag.py:3096} INFO - Sync 1 DAGs
[2024-06-07T08:22:53.401+0000] {logging_mixin.py:188} INFO - [2024-06-07T08:22:53.400+0000] {dag.py:3954} INFO - Setting next_dagrun for example_setup_teardown to 2024-06-06 00:00:00+00:00, run_after=2024-06-07 00:00:00+00:00
[2024-06-07T08:22:53.615+0000] {processor.py:183} INFO - Processing /home/airflow/.local/lib/python3.12/site-packages/airflow/example_dags/example_setup_teardown.py took 0.356 seconds
