[2024-06-07T07:55:05.863+0000] {processor.py:161} INFO - Started process (PID=85) to work on /home/airflow/.local/lib/python3.12/site-packages/airflow/example_dags/example_xcomargs.py
[2024-06-07T07:55:05.866+0000] {processor.py:830} INFO - Processing file /home/airflow/.local/lib/python3.12/site-packages/airflow/example_dags/example_xcomargs.py for tasks to queue
[2024-06-07T07:55:05.869+0000] {logging_mixin.py:188} INFO - [2024-06-07T07:55:05.869+0000] {dagbag.py:545} INFO - Filling up the DagBag from /home/airflow/.local/lib/python3.12/site-packages/airflow/example_dags/example_xcomargs.py
[2024-06-07T07:55:05.900+0000] {processor.py:840} INFO - DAG(s) 'example_xcom_args_with_operators', 'example_xcom_args' retrieved from /home/airflow/.local/lib/python3.12/site-packages/airflow/example_dags/example_xcomargs.py
[2024-06-07T07:55:06.938+0000] {logging_mixin.py:188} INFO - [2024-06-07T07:55:06.936+0000] {override.py:1829} INFO - Created Permission View: can delete on DAG:example_xcom_args_with_operators
[2024-06-07T07:55:07.163+0000] {logging_mixin.py:188} INFO - [2024-06-07T07:55:07.162+0000] {override.py:1829} INFO - Created Permission View: can read on DAG:example_xcom_args_with_operators
[2024-06-07T07:55:07.561+0000] {logging_mixin.py:188} INFO - [2024-06-07T07:55:07.560+0000] {override.py:1829} INFO - Created Permission View: can edit on DAG:example_xcom_args_with_operators
[2024-06-07T07:55:08.117+0000] {logging_mixin.py:188} INFO - [2024-06-07T07:55:08.117+0000] {override.py:1829} INFO - Created Permission View: can delete on DAG:example_xcom_args
[2024-06-07T07:55:08.425+0000] {logging_mixin.py:188} INFO - [2024-06-07T07:55:08.424+0000] {override.py:1829} INFO - Created Permission View: can read on DAG:example_xcom_args
[2024-06-07T07:55:08.986+0000] {logging_mixin.py:188} INFO - [2024-06-07T07:55:08.986+0000] {override.py:1829} INFO - Created Permission View: can edit on DAG:example_xcom_args
[2024-06-07T07:55:08.988+0000] {logging_mixin.py:188} INFO - [2024-06-07T07:55:08.987+0000] {dag.py:3096} INFO - Sync 2 DAGs
[2024-06-07T07:55:09.038+0000] {logging_mixin.py:188} INFO - [2024-06-07T07:55:09.037+0000] {dag.py:3118} INFO - Creating ORM DAG for example_xcom_args
[2024-06-07T07:55:09.044+0000] {logging_mixin.py:188} INFO - [2024-06-07T07:55:09.043+0000] {dag.py:3118} INFO - Creating ORM DAG for example_xcom_args_with_operators
[2024-06-07T07:55:09.061+0000] {logging_mixin.py:188} INFO - [2024-06-07T07:55:09.056+0000] {dag.py:3954} INFO - Setting next_dagrun for example_xcom_args to None, run_after=None
[2024-06-07T07:55:09.064+0000] {logging_mixin.py:188} INFO - [2024-06-07T07:55:09.063+0000] {dag.py:3954} INFO - Setting next_dagrun for example_xcom_args_with_operators to None, run_after=None
[2024-06-07T07:55:09.462+0000] {processor.py:183} INFO - Processing /home/airflow/.local/lib/python3.12/site-packages/airflow/example_dags/example_xcomargs.py took 3.612 seconds
[2024-06-07T07:55:39.667+0000] {processor.py:161} INFO - Started process (PID=143) to work on /home/airflow/.local/lib/python3.12/site-packages/airflow/example_dags/example_xcomargs.py
[2024-06-07T07:55:39.669+0000] {processor.py:830} INFO - Processing file /home/airflow/.local/lib/python3.12/site-packages/airflow/example_dags/example_xcomargs.py for tasks to queue
[2024-06-07T07:55:39.685+0000] {logging_mixin.py:188} INFO - [2024-06-07T07:55:39.684+0000] {dagbag.py:545} INFO - Filling up the DagBag from /home/airflow/.local/lib/python3.12/site-packages/airflow/example_dags/example_xcomargs.py
[2024-06-07T07:55:39.742+0000] {processor.py:840} INFO - DAG(s) 'example_xcom_args_with_operators', 'example_xcom_args' retrieved from /home/airflow/.local/lib/python3.12/site-packages/airflow/example_dags/example_xcomargs.py
[2024-06-07T07:55:39.833+0000] {logging_mixin.py:188} INFO - [2024-06-07T07:55:39.832+0000] {dag.py:3096} INFO - Sync 2 DAGs
[2024-06-07T07:55:39.944+0000] {logging_mixin.py:188} INFO - [2024-06-07T07:55:39.944+0000] {dag.py:3954} INFO - Setting next_dagrun for example_xcom_args to None, run_after=None
[2024-06-07T07:55:39.977+0000] {logging_mixin.py:188} INFO - [2024-06-07T07:55:39.977+0000] {dag.py:3954} INFO - Setting next_dagrun for example_xcom_args_with_operators to None, run_after=None
[2024-06-07T07:55:40.244+0000] {processor.py:183} INFO - Processing /home/airflow/.local/lib/python3.12/site-packages/airflow/example_dags/example_xcomargs.py took 0.621 seconds
[2024-06-07T07:56:11.126+0000] {processor.py:161} INFO - Started process (PID=201) to work on /home/airflow/.local/lib/python3.12/site-packages/airflow/example_dags/example_xcomargs.py
[2024-06-07T07:56:11.130+0000] {processor.py:830} INFO - Processing file /home/airflow/.local/lib/python3.12/site-packages/airflow/example_dags/example_xcomargs.py for tasks to queue
[2024-06-07T07:56:11.135+0000] {logging_mixin.py:188} INFO - [2024-06-07T07:56:11.134+0000] {dagbag.py:545} INFO - Filling up the DagBag from /home/airflow/.local/lib/python3.12/site-packages/airflow/example_dags/example_xcomargs.py
[2024-06-07T07:56:11.158+0000] {processor.py:840} INFO - DAG(s) 'example_xcom_args_with_operators', 'example_xcom_args' retrieved from /home/airflow/.local/lib/python3.12/site-packages/airflow/example_dags/example_xcomargs.py
[2024-06-07T07:56:11.215+0000] {logging_mixin.py:188} INFO - [2024-06-07T07:56:11.214+0000] {dag.py:3096} INFO - Sync 2 DAGs
[2024-06-07T07:56:11.283+0000] {logging_mixin.py:188} INFO - [2024-06-07T07:56:11.283+0000] {dag.py:3954} INFO - Setting next_dagrun for example_xcom_args to None, run_after=None
[2024-06-07T07:56:11.307+0000] {logging_mixin.py:188} INFO - [2024-06-07T07:56:11.306+0000] {dag.py:3954} INFO - Setting next_dagrun for example_xcom_args_with_operators to None, run_after=None
[2024-06-07T07:56:11.544+0000] {processor.py:183} INFO - Processing /home/airflow/.local/lib/python3.12/site-packages/airflow/example_dags/example_xcomargs.py took 0.435 seconds
[2024-06-07T07:57:03.223+0000] {processor.py:161} INFO - Started process (PID=265) to work on /home/airflow/.local/lib/python3.12/site-packages/airflow/example_dags/example_xcomargs.py
[2024-06-07T07:57:03.227+0000] {processor.py:830} INFO - Processing file /home/airflow/.local/lib/python3.12/site-packages/airflow/example_dags/example_xcomargs.py for tasks to queue
[2024-06-07T07:57:03.232+0000] {logging_mixin.py:188} INFO - [2024-06-07T07:57:03.231+0000] {dagbag.py:545} INFO - Filling up the DagBag from /home/airflow/.local/lib/python3.12/site-packages/airflow/example_dags/example_xcomargs.py
[2024-06-07T07:57:03.268+0000] {processor.py:840} INFO - DAG(s) 'example_xcom_args_with_operators', 'example_xcom_args' retrieved from /home/airflow/.local/lib/python3.12/site-packages/airflow/example_dags/example_xcomargs.py
[2024-06-07T07:57:03.464+0000] {logging_mixin.py:188} INFO - [2024-06-07T07:57:03.463+0000] {dag.py:3096} INFO - Sync 2 DAGs
[2024-06-07T07:57:03.551+0000] {logging_mixin.py:188} INFO - [2024-06-07T07:57:03.550+0000] {dag.py:3954} INFO - Setting next_dagrun for example_xcom_args to None, run_after=None
[2024-06-07T07:57:03.584+0000] {logging_mixin.py:188} INFO - [2024-06-07T07:57:03.583+0000] {dag.py:3954} INFO - Setting next_dagrun for example_xcom_args_with_operators to None, run_after=None
[2024-06-07T07:57:03.691+0000] {processor.py:183} INFO - Processing /home/airflow/.local/lib/python3.12/site-packages/airflow/example_dags/example_xcomargs.py took 0.511 seconds
[2024-06-07T07:57:36.689+0000] {processor.py:161} INFO - Started process (PID=323) to work on /home/airflow/.local/lib/python3.12/site-packages/airflow/example_dags/example_xcomargs.py
[2024-06-07T07:57:36.692+0000] {processor.py:830} INFO - Processing file /home/airflow/.local/lib/python3.12/site-packages/airflow/example_dags/example_xcomargs.py for tasks to queue
[2024-06-07T07:57:36.697+0000] {logging_mixin.py:188} INFO - [2024-06-07T07:57:36.696+0000] {dagbag.py:545} INFO - Filling up the DagBag from /home/airflow/.local/lib/python3.12/site-packages/airflow/example_dags/example_xcomargs.py
[2024-06-07T07:57:36.729+0000] {processor.py:840} INFO - DAG(s) 'example_xcom_args', 'example_xcom_args_with_operators' retrieved from /home/airflow/.local/lib/python3.12/site-packages/airflow/example_dags/example_xcomargs.py
[2024-06-07T07:57:36.811+0000] {logging_mixin.py:188} INFO - [2024-06-07T07:57:36.811+0000] {dag.py:3096} INFO - Sync 2 DAGs
[2024-06-07T07:57:36.867+0000] {logging_mixin.py:188} INFO - [2024-06-07T07:57:36.867+0000] {dag.py:3954} INFO - Setting next_dagrun for example_xcom_args to None, run_after=None
[2024-06-07T07:57:36.880+0000] {logging_mixin.py:188} INFO - [2024-06-07T07:57:36.879+0000] {dag.py:3954} INFO - Setting next_dagrun for example_xcom_args_with_operators to None, run_after=None
[2024-06-07T07:57:37.107+0000] {processor.py:183} INFO - Processing /home/airflow/.local/lib/python3.12/site-packages/airflow/example_dags/example_xcomargs.py took 0.437 seconds
[2024-06-07T07:58:14.198+0000] {processor.py:161} INFO - Started process (PID=385) to work on /home/airflow/.local/lib/python3.12/site-packages/airflow/example_dags/example_xcomargs.py
[2024-06-07T07:58:14.201+0000] {processor.py:830} INFO - Processing file /home/airflow/.local/lib/python3.12/site-packages/airflow/example_dags/example_xcomargs.py for tasks to queue
[2024-06-07T07:58:14.206+0000] {logging_mixin.py:188} INFO - [2024-06-07T07:58:14.205+0000] {dagbag.py:545} INFO - Filling up the DagBag from /home/airflow/.local/lib/python3.12/site-packages/airflow/example_dags/example_xcomargs.py
[2024-06-07T07:58:14.235+0000] {processor.py:840} INFO - DAG(s) 'example_xcom_args_with_operators', 'example_xcom_args' retrieved from /home/airflow/.local/lib/python3.12/site-packages/airflow/example_dags/example_xcomargs.py
[2024-06-07T07:58:14.315+0000] {logging_mixin.py:188} INFO - [2024-06-07T07:58:14.314+0000] {dag.py:3096} INFO - Sync 2 DAGs
[2024-06-07T07:58:14.365+0000] {logging_mixin.py:188} INFO - [2024-06-07T07:58:14.364+0000] {dag.py:3954} INFO - Setting next_dagrun for example_xcom_args to None, run_after=None
[2024-06-07T07:58:14.380+0000] {logging_mixin.py:188} INFO - [2024-06-07T07:58:14.380+0000] {dag.py:3954} INFO - Setting next_dagrun for example_xcom_args_with_operators to None, run_after=None
[2024-06-07T07:58:14.793+0000] {processor.py:183} INFO - Processing /home/airflow/.local/lib/python3.12/site-packages/airflow/example_dags/example_xcomargs.py took 0.611 seconds
[2024-06-07T07:58:51.782+0000] {processor.py:161} INFO - Started process (PID=444) to work on /home/airflow/.local/lib/python3.12/site-packages/airflow/example_dags/example_xcomargs.py
[2024-06-07T07:58:51.805+0000] {processor.py:830} INFO - Processing file /home/airflow/.local/lib/python3.12/site-packages/airflow/example_dags/example_xcomargs.py for tasks to queue
[2024-06-07T07:58:51.835+0000] {logging_mixin.py:188} INFO - [2024-06-07T07:58:51.834+0000] {dagbag.py:545} INFO - Filling up the DagBag from /home/airflow/.local/lib/python3.12/site-packages/airflow/example_dags/example_xcomargs.py
[2024-06-07T07:58:51.918+0000] {processor.py:840} INFO - DAG(s) 'example_xcom_args', 'example_xcom_args_with_operators' retrieved from /home/airflow/.local/lib/python3.12/site-packages/airflow/example_dags/example_xcomargs.py
[2024-06-07T07:58:52.537+0000] {logging_mixin.py:188} INFO - [2024-06-07T07:58:52.537+0000] {dag.py:3096} INFO - Sync 2 DAGs
[2024-06-07T07:58:52.569+0000] {logging_mixin.py:188} INFO - [2024-06-07T07:58:52.569+0000] {dag.py:3954} INFO - Setting next_dagrun for example_xcom_args to None, run_after=None
[2024-06-07T07:58:52.579+0000] {logging_mixin.py:188} INFO - [2024-06-07T07:58:52.578+0000] {dag.py:3954} INFO - Setting next_dagrun for example_xcom_args_with_operators to None, run_after=None
[2024-06-07T07:58:52.943+0000] {processor.py:183} INFO - Processing /home/airflow/.local/lib/python3.12/site-packages/airflow/example_dags/example_xcomargs.py took 1.226 seconds
[2024-06-07T07:59:28.831+0000] {processor.py:161} INFO - Started process (PID=511) to work on /home/airflow/.local/lib/python3.12/site-packages/airflow/example_dags/example_xcomargs.py
[2024-06-07T07:59:28.833+0000] {processor.py:830} INFO - Processing file /home/airflow/.local/lib/python3.12/site-packages/airflow/example_dags/example_xcomargs.py for tasks to queue
[2024-06-07T07:59:28.838+0000] {logging_mixin.py:188} INFO - [2024-06-07T07:59:28.837+0000] {dagbag.py:545} INFO - Filling up the DagBag from /home/airflow/.local/lib/python3.12/site-packages/airflow/example_dags/example_xcomargs.py
[2024-06-07T07:59:28.856+0000] {processor.py:840} INFO - DAG(s) 'example_xcom_args', 'example_xcom_args_with_operators' retrieved from /home/airflow/.local/lib/python3.12/site-packages/airflow/example_dags/example_xcomargs.py
[2024-06-07T07:59:28.978+0000] {logging_mixin.py:188} INFO - [2024-06-07T07:59:28.977+0000] {dag.py:3096} INFO - Sync 2 DAGs
[2024-06-07T07:59:29.041+0000] {logging_mixin.py:188} INFO - [2024-06-07T07:59:29.041+0000] {dag.py:3954} INFO - Setting next_dagrun for example_xcom_args to None, run_after=None
[2024-06-07T07:59:29.065+0000] {logging_mixin.py:188} INFO - [2024-06-07T07:59:29.065+0000] {dag.py:3954} INFO - Setting next_dagrun for example_xcom_args_with_operators to None, run_after=None
[2024-06-07T07:59:29.379+0000] {processor.py:183} INFO - Processing /home/airflow/.local/lib/python3.12/site-packages/airflow/example_dags/example_xcomargs.py took 0.562 seconds
[2024-06-07T08:00:13.886+0000] {processor.py:161} INFO - Started process (PID=571) to work on /home/airflow/.local/lib/python3.12/site-packages/airflow/example_dags/example_xcomargs.py
[2024-06-07T08:00:13.902+0000] {processor.py:830} INFO - Processing file /home/airflow/.local/lib/python3.12/site-packages/airflow/example_dags/example_xcomargs.py for tasks to queue
[2024-06-07T08:00:13.920+0000] {logging_mixin.py:188} INFO - [2024-06-07T08:00:13.919+0000] {dagbag.py:545} INFO - Filling up the DagBag from /home/airflow/.local/lib/python3.12/site-packages/airflow/example_dags/example_xcomargs.py
[2024-06-07T08:00:14.104+0000] {processor.py:840} INFO - DAG(s) 'example_xcom_args', 'example_xcom_args_with_operators' retrieved from /home/airflow/.local/lib/python3.12/site-packages/airflow/example_dags/example_xcomargs.py
[2024-06-07T08:00:14.484+0000] {logging_mixin.py:188} INFO - [2024-06-07T08:00:14.483+0000] {dag.py:3096} INFO - Sync 2 DAGs
[2024-06-07T08:00:14.646+0000] {logging_mixin.py:188} INFO - [2024-06-07T08:00:14.646+0000] {dag.py:3954} INFO - Setting next_dagrun for example_xcom_args to None, run_after=None
[2024-06-07T08:00:14.721+0000] {logging_mixin.py:188} INFO - [2024-06-07T08:00:14.720+0000] {dag.py:3954} INFO - Setting next_dagrun for example_xcom_args_with_operators to None, run_after=None
[2024-06-07T08:00:15.057+0000] {processor.py:183} INFO - Processing /home/airflow/.local/lib/python3.12/site-packages/airflow/example_dags/example_xcomargs.py took 1.233 seconds
[2024-06-07T08:00:58.985+0000] {processor.py:161} INFO - Started process (PID=633) to work on /home/airflow/.local/lib/python3.12/site-packages/airflow/example_dags/example_xcomargs.py
[2024-06-07T08:00:58.987+0000] {processor.py:830} INFO - Processing file /home/airflow/.local/lib/python3.12/site-packages/airflow/example_dags/example_xcomargs.py for tasks to queue
[2024-06-07T08:00:58.992+0000] {logging_mixin.py:188} INFO - [2024-06-07T08:00:58.991+0000] {dagbag.py:545} INFO - Filling up the DagBag from /home/airflow/.local/lib/python3.12/site-packages/airflow/example_dags/example_xcomargs.py
[2024-06-07T08:00:59.016+0000] {processor.py:840} INFO - DAG(s) 'example_xcom_args_with_operators', 'example_xcom_args' retrieved from /home/airflow/.local/lib/python3.12/site-packages/airflow/example_dags/example_xcomargs.py
[2024-06-07T08:00:59.113+0000] {logging_mixin.py:188} INFO - [2024-06-07T08:00:59.113+0000] {dag.py:3096} INFO - Sync 2 DAGs
[2024-06-07T08:00:59.172+0000] {logging_mixin.py:188} INFO - [2024-06-07T08:00:59.171+0000] {dag.py:3954} INFO - Setting next_dagrun for example_xcom_args to None, run_after=None
[2024-06-07T08:00:59.191+0000] {logging_mixin.py:188} INFO - [2024-06-07T08:00:59.190+0000] {dag.py:3954} INFO - Setting next_dagrun for example_xcom_args_with_operators to None, run_after=None
[2024-06-07T08:00:59.588+0000] {processor.py:183} INFO - Processing /home/airflow/.local/lib/python3.12/site-packages/airflow/example_dags/example_xcomargs.py took 0.628 seconds
[2024-06-07T08:01:36.568+0000] {processor.py:161} INFO - Started process (PID=691) to work on /home/airflow/.local/lib/python3.12/site-packages/airflow/example_dags/example_xcomargs.py
[2024-06-07T08:01:36.614+0000] {processor.py:830} INFO - Processing file /home/airflow/.local/lib/python3.12/site-packages/airflow/example_dags/example_xcomargs.py for tasks to queue
[2024-06-07T08:01:36.663+0000] {logging_mixin.py:188} INFO - [2024-06-07T08:01:36.662+0000] {dagbag.py:545} INFO - Filling up the DagBag from /home/airflow/.local/lib/python3.12/site-packages/airflow/example_dags/example_xcomargs.py
[2024-06-07T08:01:36.890+0000] {processor.py:840} INFO - DAG(s) 'example_xcom_args_with_operators', 'example_xcom_args' retrieved from /home/airflow/.local/lib/python3.12/site-packages/airflow/example_dags/example_xcomargs.py
[2024-06-07T08:01:37.258+0000] {logging_mixin.py:188} INFO - [2024-06-07T08:01:37.246+0000] {dag.py:3096} INFO - Sync 2 DAGs
[2024-06-07T08:01:37.560+0000] {logging_mixin.py:188} INFO - [2024-06-07T08:01:37.560+0000] {dag.py:3954} INFO - Setting next_dagrun for example_xcom_args to None, run_after=None
[2024-06-07T08:01:37.820+0000] {logging_mixin.py:188} INFO - [2024-06-07T08:01:37.819+0000] {dag.py:3954} INFO - Setting next_dagrun for example_xcom_args_with_operators to None, run_after=None
[2024-06-07T08:01:38.367+0000] {processor.py:183} INFO - Processing /home/airflow/.local/lib/python3.12/site-packages/airflow/example_dags/example_xcomargs.py took 1.927 seconds
[2024-06-07T08:02:48.330+0000] {processor.py:161} INFO - Started process (PID=769) to work on /home/airflow/.local/lib/python3.12/site-packages/airflow/example_dags/example_xcomargs.py
[2024-06-07T08:02:48.332+0000] {processor.py:830} INFO - Processing file /home/airflow/.local/lib/python3.12/site-packages/airflow/example_dags/example_xcomargs.py for tasks to queue
[2024-06-07T08:02:48.338+0000] {logging_mixin.py:188} INFO - [2024-06-07T08:02:48.337+0000] {dagbag.py:545} INFO - Filling up the DagBag from /home/airflow/.local/lib/python3.12/site-packages/airflow/example_dags/example_xcomargs.py
[2024-06-07T08:02:48.361+0000] {processor.py:840} INFO - DAG(s) 'example_xcom_args_with_operators', 'example_xcom_args' retrieved from /home/airflow/.local/lib/python3.12/site-packages/airflow/example_dags/example_xcomargs.py
[2024-06-07T08:02:48.942+0000] {logging_mixin.py:188} INFO - [2024-06-07T08:02:48.942+0000] {dag.py:3096} INFO - Sync 2 DAGs
[2024-06-07T08:02:48.999+0000] {logging_mixin.py:188} INFO - [2024-06-07T08:02:48.998+0000] {dag.py:3954} INFO - Setting next_dagrun for example_xcom_args to None, run_after=None
[2024-06-07T08:02:49.016+0000] {logging_mixin.py:188} INFO - [2024-06-07T08:02:49.015+0000] {dag.py:3954} INFO - Setting next_dagrun for example_xcom_args_with_operators to None, run_after=None
[2024-06-07T08:02:49.180+0000] {processor.py:183} INFO - Processing /home/airflow/.local/lib/python3.12/site-packages/airflow/example_dags/example_xcomargs.py took 0.867 seconds
[2024-06-07T08:03:24.223+0000] {processor.py:161} INFO - Started process (PID=832) to work on /home/airflow/.local/lib/python3.12/site-packages/airflow/example_dags/example_xcomargs.py
[2024-06-07T08:03:24.227+0000] {processor.py:830} INFO - Processing file /home/airflow/.local/lib/python3.12/site-packages/airflow/example_dags/example_xcomargs.py for tasks to queue
[2024-06-07T08:03:24.235+0000] {logging_mixin.py:188} INFO - [2024-06-07T08:03:24.234+0000] {dagbag.py:545} INFO - Filling up the DagBag from /home/airflow/.local/lib/python3.12/site-packages/airflow/example_dags/example_xcomargs.py
[2024-06-07T08:03:24.266+0000] {processor.py:840} INFO - DAG(s) 'example_xcom_args', 'example_xcom_args_with_operators' retrieved from /home/airflow/.local/lib/python3.12/site-packages/airflow/example_dags/example_xcomargs.py
[2024-06-07T08:03:24.329+0000] {logging_mixin.py:188} INFO - [2024-06-07T08:03:24.327+0000] {dag.py:3096} INFO - Sync 2 DAGs
[2024-06-07T08:03:24.370+0000] {logging_mixin.py:188} INFO - [2024-06-07T08:03:24.370+0000] {dag.py:3954} INFO - Setting next_dagrun for example_xcom_args to None, run_after=None
[2024-06-07T08:03:24.381+0000] {logging_mixin.py:188} INFO - [2024-06-07T08:03:24.381+0000] {dag.py:3954} INFO - Setting next_dagrun for example_xcom_args_with_operators to None, run_after=None
[2024-06-07T08:03:24.450+0000] {processor.py:183} INFO - Processing /home/airflow/.local/lib/python3.12/site-packages/airflow/example_dags/example_xcomargs.py took 0.260 seconds
[2024-06-07T08:03:54.910+0000] {processor.py:161} INFO - Started process (PID=889) to work on /home/airflow/.local/lib/python3.12/site-packages/airflow/example_dags/example_xcomargs.py
[2024-06-07T08:03:54.927+0000] {processor.py:830} INFO - Processing file /home/airflow/.local/lib/python3.12/site-packages/airflow/example_dags/example_xcomargs.py for tasks to queue
[2024-06-07T08:03:54.937+0000] {logging_mixin.py:188} INFO - [2024-06-07T08:03:54.936+0000] {dagbag.py:545} INFO - Filling up the DagBag from /home/airflow/.local/lib/python3.12/site-packages/airflow/example_dags/example_xcomargs.py
[2024-06-07T08:03:55.002+0000] {processor.py:840} INFO - DAG(s) 'example_xcom_args_with_operators', 'example_xcom_args' retrieved from /home/airflow/.local/lib/python3.12/site-packages/airflow/example_dags/example_xcomargs.py
[2024-06-07T08:03:55.078+0000] {logging_mixin.py:188} INFO - [2024-06-07T08:03:55.077+0000] {dag.py:3096} INFO - Sync 2 DAGs
[2024-06-07T08:03:55.202+0000] {logging_mixin.py:188} INFO - [2024-06-07T08:03:55.201+0000] {dag.py:3954} INFO - Setting next_dagrun for example_xcom_args to None, run_after=None
[2024-06-07T08:03:55.214+0000] {logging_mixin.py:188} INFO - [2024-06-07T08:03:55.214+0000] {dag.py:3954} INFO - Setting next_dagrun for example_xcom_args_with_operators to None, run_after=None
[2024-06-07T08:03:55.343+0000] {processor.py:183} INFO - Processing /home/airflow/.local/lib/python3.12/site-packages/airflow/example_dags/example_xcomargs.py took 0.468 seconds
[2024-06-07T08:04:26.476+0000] {processor.py:161} INFO - Started process (PID=954) to work on /home/airflow/.local/lib/python3.12/site-packages/airflow/example_dags/example_xcomargs.py
[2024-06-07T08:04:26.479+0000] {processor.py:830} INFO - Processing file /home/airflow/.local/lib/python3.12/site-packages/airflow/example_dags/example_xcomargs.py for tasks to queue
[2024-06-07T08:04:26.483+0000] {logging_mixin.py:188} INFO - [2024-06-07T08:04:26.483+0000] {dagbag.py:545} INFO - Filling up the DagBag from /home/airflow/.local/lib/python3.12/site-packages/airflow/example_dags/example_xcomargs.py
[2024-06-07T08:04:26.502+0000] {processor.py:840} INFO - DAG(s) 'example_xcom_args', 'example_xcom_args_with_operators' retrieved from /home/airflow/.local/lib/python3.12/site-packages/airflow/example_dags/example_xcomargs.py
[2024-06-07T08:04:26.572+0000] {logging_mixin.py:188} INFO - [2024-06-07T08:04:26.571+0000] {dag.py:3096} INFO - Sync 2 DAGs
[2024-06-07T08:04:26.609+0000] {logging_mixin.py:188} INFO - [2024-06-07T08:04:26.608+0000] {dag.py:3954} INFO - Setting next_dagrun for example_xcom_args to None, run_after=None
[2024-06-07T08:04:26.618+0000] {logging_mixin.py:188} INFO - [2024-06-07T08:04:26.617+0000] {dag.py:3954} INFO - Setting next_dagrun for example_xcom_args_with_operators to None, run_after=None
[2024-06-07T08:04:26.697+0000] {processor.py:183} INFO - Processing /home/airflow/.local/lib/python3.12/site-packages/airflow/example_dags/example_xcomargs.py took 0.247 seconds
[2024-06-07T08:04:57.455+0000] {processor.py:161} INFO - Started process (PID=1012) to work on /home/airflow/.local/lib/python3.12/site-packages/airflow/example_dags/example_xcomargs.py
[2024-06-07T08:04:57.460+0000] {processor.py:830} INFO - Processing file /home/airflow/.local/lib/python3.12/site-packages/airflow/example_dags/example_xcomargs.py for tasks to queue
[2024-06-07T08:04:57.467+0000] {logging_mixin.py:188} INFO - [2024-06-07T08:04:57.466+0000] {dagbag.py:545} INFO - Filling up the DagBag from /home/airflow/.local/lib/python3.12/site-packages/airflow/example_dags/example_xcomargs.py
[2024-06-07T08:04:57.564+0000] {processor.py:840} INFO - DAG(s) 'example_xcom_args', 'example_xcom_args_with_operators' retrieved from /home/airflow/.local/lib/python3.12/site-packages/airflow/example_dags/example_xcomargs.py
[2024-06-07T08:04:57.797+0000] {logging_mixin.py:188} INFO - [2024-06-07T08:04:57.796+0000] {dag.py:3096} INFO - Sync 2 DAGs
[2024-06-07T08:04:58.002+0000] {logging_mixin.py:188} INFO - [2024-06-07T08:04:57.989+0000] {dag.py:3954} INFO - Setting next_dagrun for example_xcom_args to None, run_after=None
[2024-06-07T08:04:58.051+0000] {logging_mixin.py:188} INFO - [2024-06-07T08:04:58.051+0000] {dag.py:3954} INFO - Setting next_dagrun for example_xcom_args_with_operators to None, run_after=None
[2024-06-07T08:04:58.265+0000] {processor.py:183} INFO - Processing /home/airflow/.local/lib/python3.12/site-packages/airflow/example_dags/example_xcomargs.py took 0.829 seconds
[2024-06-07T08:05:28.678+0000] {processor.py:161} INFO - Started process (PID=1070) to work on /home/airflow/.local/lib/python3.12/site-packages/airflow/example_dags/example_xcomargs.py
[2024-06-07T08:05:28.681+0000] {processor.py:830} INFO - Processing file /home/airflow/.local/lib/python3.12/site-packages/airflow/example_dags/example_xcomargs.py for tasks to queue
[2024-06-07T08:05:28.688+0000] {logging_mixin.py:188} INFO - [2024-06-07T08:05:28.686+0000] {dagbag.py:545} INFO - Filling up the DagBag from /home/airflow/.local/lib/python3.12/site-packages/airflow/example_dags/example_xcomargs.py
[2024-06-07T08:05:28.718+0000] {processor.py:840} INFO - DAG(s) 'example_xcom_args', 'example_xcom_args_with_operators' retrieved from /home/airflow/.local/lib/python3.12/site-packages/airflow/example_dags/example_xcomargs.py
[2024-06-07T08:05:28.824+0000] {logging_mixin.py:188} INFO - [2024-06-07T08:05:28.823+0000] {dag.py:3096} INFO - Sync 2 DAGs
[2024-06-07T08:05:28.874+0000] {logging_mixin.py:188} INFO - [2024-06-07T08:05:28.874+0000] {dag.py:3954} INFO - Setting next_dagrun for example_xcom_args to None, run_after=None
[2024-06-07T08:05:28.885+0000] {logging_mixin.py:188} INFO - [2024-06-07T08:05:28.885+0000] {dag.py:3954} INFO - Setting next_dagrun for example_xcom_args_with_operators to None, run_after=None
[2024-06-07T08:05:29.031+0000] {processor.py:183} INFO - Processing /home/airflow/.local/lib/python3.12/site-packages/airflow/example_dags/example_xcomargs.py took 0.371 seconds
[2024-06-07T08:05:59.264+0000] {processor.py:161} INFO - Started process (PID=1128) to work on /home/airflow/.local/lib/python3.12/site-packages/airflow/example_dags/example_xcomargs.py
[2024-06-07T08:05:59.283+0000] {processor.py:830} INFO - Processing file /home/airflow/.local/lib/python3.12/site-packages/airflow/example_dags/example_xcomargs.py for tasks to queue
[2024-06-07T08:05:59.296+0000] {logging_mixin.py:188} INFO - [2024-06-07T08:05:59.295+0000] {dagbag.py:545} INFO - Filling up the DagBag from /home/airflow/.local/lib/python3.12/site-packages/airflow/example_dags/example_xcomargs.py
[2024-06-07T08:05:59.327+0000] {processor.py:840} INFO - DAG(s) 'example_xcom_args', 'example_xcom_args_with_operators' retrieved from /home/airflow/.local/lib/python3.12/site-packages/airflow/example_dags/example_xcomargs.py
[2024-06-07T08:05:59.475+0000] {logging_mixin.py:188} INFO - [2024-06-07T08:05:59.474+0000] {dag.py:3096} INFO - Sync 2 DAGs
[2024-06-07T08:05:59.551+0000] {logging_mixin.py:188} INFO - [2024-06-07T08:05:59.550+0000] {dag.py:3954} INFO - Setting next_dagrun for example_xcom_args to None, run_after=None
[2024-06-07T08:05:59.572+0000] {logging_mixin.py:188} INFO - [2024-06-07T08:05:59.572+0000] {dag.py:3954} INFO - Setting next_dagrun for example_xcom_args_with_operators to None, run_after=None
[2024-06-07T08:05:59.738+0000] {processor.py:183} INFO - Processing /home/airflow/.local/lib/python3.12/site-packages/airflow/example_dags/example_xcomargs.py took 0.520 seconds
[2024-06-07T08:06:31.636+0000] {processor.py:161} INFO - Started process (PID=1196) to work on /home/airflow/.local/lib/python3.12/site-packages/airflow/example_dags/example_xcomargs.py
[2024-06-07T08:06:31.639+0000] {processor.py:830} INFO - Processing file /home/airflow/.local/lib/python3.12/site-packages/airflow/example_dags/example_xcomargs.py for tasks to queue
[2024-06-07T08:06:31.651+0000] {logging_mixin.py:188} INFO - [2024-06-07T08:06:31.650+0000] {dagbag.py:545} INFO - Filling up the DagBag from /home/airflow/.local/lib/python3.12/site-packages/airflow/example_dags/example_xcomargs.py
[2024-06-07T08:06:31.755+0000] {processor.py:840} INFO - DAG(s) 'example_xcom_args', 'example_xcom_args_with_operators' retrieved from /home/airflow/.local/lib/python3.12/site-packages/airflow/example_dags/example_xcomargs.py
[2024-06-07T08:06:32.143+0000] {logging_mixin.py:188} INFO - [2024-06-07T08:06:32.143+0000] {dag.py:3096} INFO - Sync 2 DAGs
[2024-06-07T08:06:32.220+0000] {logging_mixin.py:188} INFO - [2024-06-07T08:06:32.219+0000] {dag.py:3954} INFO - Setting next_dagrun for example_xcom_args to None, run_after=None
[2024-06-07T08:06:32.232+0000] {logging_mixin.py:188} INFO - [2024-06-07T08:06:32.231+0000] {dag.py:3954} INFO - Setting next_dagrun for example_xcom_args_with_operators to None, run_after=None
[2024-06-07T08:06:32.481+0000] {processor.py:183} INFO - Processing /home/airflow/.local/lib/python3.12/site-packages/airflow/example_dags/example_xcomargs.py took 0.874 seconds
[2024-06-07T08:07:32.559+0000] {processor.py:161} INFO - Started process (PID=1254) to work on /home/airflow/.local/lib/python3.12/site-packages/airflow/example_dags/example_xcomargs.py
[2024-06-07T08:07:32.563+0000] {processor.py:830} INFO - Processing file /home/airflow/.local/lib/python3.12/site-packages/airflow/example_dags/example_xcomargs.py for tasks to queue
[2024-06-07T08:07:32.578+0000] {logging_mixin.py:188} INFO - [2024-06-07T08:07:32.577+0000] {dagbag.py:545} INFO - Filling up the DagBag from /home/airflow/.local/lib/python3.12/site-packages/airflow/example_dags/example_xcomargs.py
[2024-06-07T08:07:33.441+0000] {processor.py:840} INFO - DAG(s) 'example_xcom_args', 'example_xcom_args_with_operators' retrieved from /home/airflow/.local/lib/python3.12/site-packages/airflow/example_dags/example_xcomargs.py
[2024-06-07T08:07:33.807+0000] {logging_mixin.py:188} INFO - [2024-06-07T08:07:33.806+0000] {dag.py:3096} INFO - Sync 2 DAGs
[2024-06-07T08:07:34.036+0000] {logging_mixin.py:188} INFO - [2024-06-07T08:07:34.026+0000] {dag.py:3954} INFO - Setting next_dagrun for example_xcom_args to None, run_after=None
[2024-06-07T08:07:34.062+0000] {logging_mixin.py:188} INFO - [2024-06-07T08:07:34.060+0000] {dag.py:3954} INFO - Setting next_dagrun for example_xcom_args_with_operators to None, run_after=None
[2024-06-07T08:07:34.434+0000] {processor.py:183} INFO - Processing /home/airflow/.local/lib/python3.12/site-packages/airflow/example_dags/example_xcomargs.py took 1.924 seconds
[2024-06-07T08:08:24.457+0000] {processor.py:161} INFO - Started process (PID=1314) to work on /home/airflow/.local/lib/python3.12/site-packages/airflow/example_dags/example_xcomargs.py
[2024-06-07T08:08:24.460+0000] {processor.py:830} INFO - Processing file /home/airflow/.local/lib/python3.12/site-packages/airflow/example_dags/example_xcomargs.py for tasks to queue
[2024-06-07T08:08:24.464+0000] {logging_mixin.py:188} INFO - [2024-06-07T08:08:24.463+0000] {dagbag.py:545} INFO - Filling up the DagBag from /home/airflow/.local/lib/python3.12/site-packages/airflow/example_dags/example_xcomargs.py
[2024-06-07T08:08:24.486+0000] {processor.py:840} INFO - DAG(s) 'example_xcom_args', 'example_xcom_args_with_operators' retrieved from /home/airflow/.local/lib/python3.12/site-packages/airflow/example_dags/example_xcomargs.py
[2024-06-07T08:08:24.512+0000] {logging_mixin.py:188} INFO - [2024-06-07T08:08:24.512+0000] {dag.py:3096} INFO - Sync 2 DAGs
[2024-06-07T08:08:24.546+0000] {logging_mixin.py:188} INFO - [2024-06-07T08:08:24.545+0000] {dag.py:3954} INFO - Setting next_dagrun for example_xcom_args to None, run_after=None
[2024-06-07T08:08:24.563+0000] {logging_mixin.py:188} INFO - [2024-06-07T08:08:24.562+0000] {dag.py:3954} INFO - Setting next_dagrun for example_xcom_args_with_operators to None, run_after=None
[2024-06-07T08:08:24.916+0000] {processor.py:183} INFO - Processing /home/airflow/.local/lib/python3.12/site-packages/airflow/example_dags/example_xcomargs.py took 0.480 seconds
[2024-06-07T08:09:00.054+0000] {processor.py:161} INFO - Started process (PID=1370) to work on /home/airflow/.local/lib/python3.12/site-packages/airflow/example_dags/example_xcomargs.py
[2024-06-07T08:09:00.057+0000] {processor.py:830} INFO - Processing file /home/airflow/.local/lib/python3.12/site-packages/airflow/example_dags/example_xcomargs.py for tasks to queue
[2024-06-07T08:09:00.062+0000] {logging_mixin.py:188} INFO - [2024-06-07T08:09:00.061+0000] {dagbag.py:545} INFO - Filling up the DagBag from /home/airflow/.local/lib/python3.12/site-packages/airflow/example_dags/example_xcomargs.py
[2024-06-07T08:09:00.097+0000] {processor.py:840} INFO - DAG(s) 'example_xcom_args_with_operators', 'example_xcom_args' retrieved from /home/airflow/.local/lib/python3.12/site-packages/airflow/example_dags/example_xcomargs.py
[2024-06-07T08:09:00.399+0000] {logging_mixin.py:188} INFO - [2024-06-07T08:09:00.398+0000] {dag.py:3096} INFO - Sync 2 DAGs
[2024-06-07T08:09:00.436+0000] {logging_mixin.py:188} INFO - [2024-06-07T08:09:00.435+0000] {dag.py:3954} INFO - Setting next_dagrun for example_xcom_args to None, run_after=None
[2024-06-07T08:09:00.450+0000] {logging_mixin.py:188} INFO - [2024-06-07T08:09:00.445+0000] {dag.py:3954} INFO - Setting next_dagrun for example_xcom_args_with_operators to None, run_after=None
[2024-06-07T08:09:00.827+0000] {processor.py:183} INFO - Processing /home/airflow/.local/lib/python3.12/site-packages/airflow/example_dags/example_xcomargs.py took 0.813 seconds
[2024-06-07T08:13:43.194+0000] {processor.py:161} INFO - Started process (PID=1486) to work on /home/airflow/.local/lib/python3.12/site-packages/airflow/example_dags/example_xcomargs.py
[2024-06-07T08:13:43.197+0000] {processor.py:830} INFO - Processing file /home/airflow/.local/lib/python3.12/site-packages/airflow/example_dags/example_xcomargs.py for tasks to queue
[2024-06-07T08:13:43.199+0000] {logging_mixin.py:188} INFO - [2024-06-07T08:13:43.198+0000] {dagbag.py:545} INFO - Filling up the DagBag from /home/airflow/.local/lib/python3.12/site-packages/airflow/example_dags/example_xcomargs.py
[2024-06-07T08:13:43.225+0000] {processor.py:840} INFO - DAG(s) 'example_xcom_args_with_operators', 'example_xcom_args' retrieved from /home/airflow/.local/lib/python3.12/site-packages/airflow/example_dags/example_xcomargs.py
[2024-06-07T08:13:43.285+0000] {logging_mixin.py:188} INFO - [2024-06-07T08:13:43.285+0000] {dag.py:3096} INFO - Sync 2 DAGs
[2024-06-07T08:13:43.314+0000] {logging_mixin.py:188} INFO - [2024-06-07T08:13:43.313+0000] {dag.py:3954} INFO - Setting next_dagrun for example_xcom_args to None, run_after=None
[2024-06-07T08:13:43.322+0000] {logging_mixin.py:188} INFO - [2024-06-07T08:13:43.321+0000] {dag.py:3954} INFO - Setting next_dagrun for example_xcom_args_with_operators to None, run_after=None
[2024-06-07T08:13:43.637+0000] {processor.py:183} INFO - Processing /home/airflow/.local/lib/python3.12/site-packages/airflow/example_dags/example_xcomargs.py took 0.459 seconds
[2024-06-07T08:14:14.227+0000] {processor.py:161} INFO - Started process (PID=1543) to work on /home/airflow/.local/lib/python3.12/site-packages/airflow/example_dags/example_xcomargs.py
[2024-06-07T08:14:14.229+0000] {processor.py:830} INFO - Processing file /home/airflow/.local/lib/python3.12/site-packages/airflow/example_dags/example_xcomargs.py for tasks to queue
[2024-06-07T08:14:14.231+0000] {logging_mixin.py:188} INFO - [2024-06-07T08:14:14.230+0000] {dagbag.py:545} INFO - Filling up the DagBag from /home/airflow/.local/lib/python3.12/site-packages/airflow/example_dags/example_xcomargs.py
[2024-06-07T08:14:14.257+0000] {processor.py:840} INFO - DAG(s) 'example_xcom_args_with_operators', 'example_xcom_args' retrieved from /home/airflow/.local/lib/python3.12/site-packages/airflow/example_dags/example_xcomargs.py
[2024-06-07T08:14:14.315+0000] {logging_mixin.py:188} INFO - [2024-06-07T08:14:14.314+0000] {dag.py:3096} INFO - Sync 2 DAGs
[2024-06-07T08:14:14.346+0000] {logging_mixin.py:188} INFO - [2024-06-07T08:14:14.345+0000] {dag.py:3954} INFO - Setting next_dagrun for example_xcom_args to None, run_after=None
[2024-06-07T08:14:14.355+0000] {logging_mixin.py:188} INFO - [2024-06-07T08:14:14.354+0000] {dag.py:3954} INFO - Setting next_dagrun for example_xcom_args_with_operators to None, run_after=None
[2024-06-07T08:14:14.702+0000] {processor.py:183} INFO - Processing /home/airflow/.local/lib/python3.12/site-packages/airflow/example_dags/example_xcomargs.py took 0.490 seconds
[2024-06-07T08:14:47.964+0000] {processor.py:161} INFO - Started process (PID=1601) to work on /home/airflow/.local/lib/python3.12/site-packages/airflow/example_dags/example_xcomargs.py
[2024-06-07T08:14:47.968+0000] {processor.py:830} INFO - Processing file /home/airflow/.local/lib/python3.12/site-packages/airflow/example_dags/example_xcomargs.py for tasks to queue
[2024-06-07T08:14:47.975+0000] {logging_mixin.py:188} INFO - [2024-06-07T08:14:47.973+0000] {dagbag.py:545} INFO - Filling up the DagBag from /home/airflow/.local/lib/python3.12/site-packages/airflow/example_dags/example_xcomargs.py
[2024-06-07T08:14:48.007+0000] {processor.py:840} INFO - DAG(s) 'example_xcom_args_with_operators', 'example_xcom_args' retrieved from /home/airflow/.local/lib/python3.12/site-packages/airflow/example_dags/example_xcomargs.py
[2024-06-07T08:14:48.059+0000] {logging_mixin.py:188} INFO - [2024-06-07T08:14:48.058+0000] {dag.py:3096} INFO - Sync 2 DAGs
[2024-06-07T08:14:48.089+0000] {logging_mixin.py:188} INFO - [2024-06-07T08:14:48.089+0000] {dag.py:3954} INFO - Setting next_dagrun for example_xcom_args to None, run_after=None
[2024-06-07T08:14:48.100+0000] {logging_mixin.py:188} INFO - [2024-06-07T08:14:48.100+0000] {dag.py:3954} INFO - Setting next_dagrun for example_xcom_args_with_operators to None, run_after=None
[2024-06-07T08:14:48.443+0000] {processor.py:183} INFO - Processing /home/airflow/.local/lib/python3.12/site-packages/airflow/example_dags/example_xcomargs.py took 0.502 seconds
[2024-06-07T08:15:19.584+0000] {processor.py:161} INFO - Started process (PID=1659) to work on /home/airflow/.local/lib/python3.12/site-packages/airflow/example_dags/example_xcomargs.py
[2024-06-07T08:15:19.586+0000] {processor.py:830} INFO - Processing file /home/airflow/.local/lib/python3.12/site-packages/airflow/example_dags/example_xcomargs.py for tasks to queue
[2024-06-07T08:15:19.589+0000] {logging_mixin.py:188} INFO - [2024-06-07T08:15:19.588+0000] {dagbag.py:545} INFO - Filling up the DagBag from /home/airflow/.local/lib/python3.12/site-packages/airflow/example_dags/example_xcomargs.py
[2024-06-07T08:15:19.615+0000] {processor.py:840} INFO - DAG(s) 'example_xcom_args_with_operators', 'example_xcom_args' retrieved from /home/airflow/.local/lib/python3.12/site-packages/airflow/example_dags/example_xcomargs.py
[2024-06-07T08:15:19.685+0000] {logging_mixin.py:188} INFO - [2024-06-07T08:15:19.685+0000] {dag.py:3096} INFO - Sync 2 DAGs
[2024-06-07T08:15:19.740+0000] {logging_mixin.py:188} INFO - [2024-06-07T08:15:19.737+0000] {dag.py:3954} INFO - Setting next_dagrun for example_xcom_args to None, run_after=None
[2024-06-07T08:15:19.761+0000] {logging_mixin.py:188} INFO - [2024-06-07T08:15:19.752+0000] {dag.py:3954} INFO - Setting next_dagrun for example_xcom_args_with_operators to None, run_after=None
[2024-06-07T08:15:20.192+0000] {processor.py:183} INFO - Processing /home/airflow/.local/lib/python3.12/site-packages/airflow/example_dags/example_xcomargs.py took 0.623 seconds
[2024-06-07T08:15:51.344+0000] {processor.py:161} INFO - Started process (PID=1717) to work on /home/airflow/.local/lib/python3.12/site-packages/airflow/example_dags/example_xcomargs.py
[2024-06-07T08:15:51.346+0000] {processor.py:830} INFO - Processing file /home/airflow/.local/lib/python3.12/site-packages/airflow/example_dags/example_xcomargs.py for tasks to queue
[2024-06-07T08:15:51.349+0000] {logging_mixin.py:188} INFO - [2024-06-07T08:15:51.348+0000] {dagbag.py:545} INFO - Filling up the DagBag from /home/airflow/.local/lib/python3.12/site-packages/airflow/example_dags/example_xcomargs.py
[2024-06-07T08:15:51.368+0000] {processor.py:840} INFO - DAG(s) 'example_xcom_args', 'example_xcom_args_with_operators' retrieved from /home/airflow/.local/lib/python3.12/site-packages/airflow/example_dags/example_xcomargs.py
[2024-06-07T08:15:51.420+0000] {logging_mixin.py:188} INFO - [2024-06-07T08:15:51.419+0000] {dag.py:3096} INFO - Sync 2 DAGs
[2024-06-07T08:15:51.457+0000] {logging_mixin.py:188} INFO - [2024-06-07T08:15:51.457+0000] {dag.py:3954} INFO - Setting next_dagrun for example_xcom_args to None, run_after=None
[2024-06-07T08:15:51.468+0000] {logging_mixin.py:188} INFO - [2024-06-07T08:15:51.467+0000] {dag.py:3954} INFO - Setting next_dagrun for example_xcom_args_with_operators to None, run_after=None
[2024-06-07T08:15:51.678+0000] {processor.py:183} INFO - Processing /home/airflow/.local/lib/python3.12/site-packages/airflow/example_dags/example_xcomargs.py took 0.347 seconds
[2024-06-07T08:16:24.493+0000] {processor.py:161} INFO - Started process (PID=1775) to work on /home/airflow/.local/lib/python3.12/site-packages/airflow/example_dags/example_xcomargs.py
[2024-06-07T08:16:24.508+0000] {processor.py:830} INFO - Processing file /home/airflow/.local/lib/python3.12/site-packages/airflow/example_dags/example_xcomargs.py for tasks to queue
[2024-06-07T08:16:24.520+0000] {logging_mixin.py:188} INFO - [2024-06-07T08:16:24.519+0000] {dagbag.py:545} INFO - Filling up the DagBag from /home/airflow/.local/lib/python3.12/site-packages/airflow/example_dags/example_xcomargs.py
[2024-06-07T08:16:24.551+0000] {processor.py:840} INFO - DAG(s) 'example_xcom_args', 'example_xcom_args_with_operators' retrieved from /home/airflow/.local/lib/python3.12/site-packages/airflow/example_dags/example_xcomargs.py
[2024-06-07T08:16:24.660+0000] {logging_mixin.py:188} INFO - [2024-06-07T08:16:24.660+0000] {dag.py:3096} INFO - Sync 2 DAGs
[2024-06-07T08:16:25.011+0000] {logging_mixin.py:188} INFO - [2024-06-07T08:16:25.011+0000] {dag.py:3954} INFO - Setting next_dagrun for example_xcom_args to None, run_after=None
[2024-06-07T08:16:25.019+0000] {logging_mixin.py:188} INFO - [2024-06-07T08:16:25.019+0000] {dag.py:3954} INFO - Setting next_dagrun for example_xcom_args_with_operators to None, run_after=None
[2024-06-07T08:16:25.216+0000] {processor.py:183} INFO - Processing /home/airflow/.local/lib/python3.12/site-packages/airflow/example_dags/example_xcomargs.py took 0.747 seconds
[2024-06-07T08:16:55.596+0000] {processor.py:161} INFO - Started process (PID=1832) to work on /home/airflow/.local/lib/python3.12/site-packages/airflow/example_dags/example_xcomargs.py
[2024-06-07T08:16:55.598+0000] {processor.py:830} INFO - Processing file /home/airflow/.local/lib/python3.12/site-packages/airflow/example_dags/example_xcomargs.py for tasks to queue
[2024-06-07T08:16:55.600+0000] {logging_mixin.py:188} INFO - [2024-06-07T08:16:55.599+0000] {dagbag.py:545} INFO - Filling up the DagBag from /home/airflow/.local/lib/python3.12/site-packages/airflow/example_dags/example_xcomargs.py
[2024-06-07T08:16:55.625+0000] {processor.py:840} INFO - DAG(s) 'example_xcom_args_with_operators', 'example_xcom_args' retrieved from /home/airflow/.local/lib/python3.12/site-packages/airflow/example_dags/example_xcomargs.py
[2024-06-07T08:16:55.692+0000] {logging_mixin.py:188} INFO - [2024-06-07T08:16:55.692+0000] {dag.py:3096} INFO - Sync 2 DAGs
[2024-06-07T08:16:55.727+0000] {logging_mixin.py:188} INFO - [2024-06-07T08:16:55.726+0000] {dag.py:3954} INFO - Setting next_dagrun for example_xcom_args to None, run_after=None
[2024-06-07T08:16:55.736+0000] {logging_mixin.py:188} INFO - [2024-06-07T08:16:55.736+0000] {dag.py:3954} INFO - Setting next_dagrun for example_xcom_args_with_operators to None, run_after=None
[2024-06-07T08:16:55.918+0000] {processor.py:183} INFO - Processing /home/airflow/.local/lib/python3.12/site-packages/airflow/example_dags/example_xcomargs.py took 0.337 seconds
[2024-06-07T08:17:44.618+0000] {processor.py:161} INFO - Started process (PID=1909) to work on /home/airflow/.local/lib/python3.12/site-packages/airflow/example_dags/example_xcomargs.py
[2024-06-07T08:17:44.629+0000] {processor.py:830} INFO - Processing file /home/airflow/.local/lib/python3.12/site-packages/airflow/example_dags/example_xcomargs.py for tasks to queue
[2024-06-07T08:17:44.634+0000] {logging_mixin.py:188} INFO - [2024-06-07T08:17:44.633+0000] {dagbag.py:545} INFO - Filling up the DagBag from /home/airflow/.local/lib/python3.12/site-packages/airflow/example_dags/example_xcomargs.py
[2024-06-07T08:17:44.820+0000] {processor.py:840} INFO - DAG(s) 'example_xcom_args', 'example_xcom_args_with_operators' retrieved from /home/airflow/.local/lib/python3.12/site-packages/airflow/example_dags/example_xcomargs.py
[2024-06-07T08:17:45.041+0000] {logging_mixin.py:188} INFO - [2024-06-07T08:17:45.040+0000] {dag.py:3096} INFO - Sync 2 DAGs
[2024-06-07T08:17:45.143+0000] {logging_mixin.py:188} INFO - [2024-06-07T08:17:45.142+0000] {dag.py:3954} INFO - Setting next_dagrun for example_xcom_args to None, run_after=None
[2024-06-07T08:17:45.191+0000] {logging_mixin.py:188} INFO - [2024-06-07T08:17:45.190+0000] {dag.py:3954} INFO - Setting next_dagrun for example_xcom_args_with_operators to None, run_after=None
[2024-06-07T08:17:45.539+0000] {processor.py:183} INFO - Processing /home/airflow/.local/lib/python3.12/site-packages/airflow/example_dags/example_xcomargs.py took 0.956 seconds
[2024-06-07T08:18:15.640+0000] {processor.py:161} INFO - Started process (PID=1967) to work on /home/airflow/.local/lib/python3.12/site-packages/airflow/example_dags/example_xcomargs.py
[2024-06-07T08:18:15.642+0000] {processor.py:830} INFO - Processing file /home/airflow/.local/lib/python3.12/site-packages/airflow/example_dags/example_xcomargs.py for tasks to queue
[2024-06-07T08:18:15.644+0000] {logging_mixin.py:188} INFO - [2024-06-07T08:18:15.643+0000] {dagbag.py:545} INFO - Filling up the DagBag from /home/airflow/.local/lib/python3.12/site-packages/airflow/example_dags/example_xcomargs.py
[2024-06-07T08:18:15.664+0000] {processor.py:840} INFO - DAG(s) 'example_xcom_args', 'example_xcom_args_with_operators' retrieved from /home/airflow/.local/lib/python3.12/site-packages/airflow/example_dags/example_xcomargs.py
[2024-06-07T08:18:15.725+0000] {logging_mixin.py:188} INFO - [2024-06-07T08:18:15.725+0000] {dag.py:3096} INFO - Sync 2 DAGs
[2024-06-07T08:18:15.760+0000] {logging_mixin.py:188} INFO - [2024-06-07T08:18:15.759+0000] {dag.py:3954} INFO - Setting next_dagrun for example_xcom_args to None, run_after=None
[2024-06-07T08:18:15.771+0000] {logging_mixin.py:188} INFO - [2024-06-07T08:18:15.768+0000] {dag.py:3954} INFO - Setting next_dagrun for example_xcom_args_with_operators to None, run_after=None
[2024-06-07T08:18:15.928+0000] {processor.py:183} INFO - Processing /home/airflow/.local/lib/python3.12/site-packages/airflow/example_dags/example_xcomargs.py took 0.304 seconds
[2024-06-07T08:18:48.811+0000] {processor.py:161} INFO - Started process (PID=2025) to work on /home/airflow/.local/lib/python3.12/site-packages/airflow/example_dags/example_xcomargs.py
[2024-06-07T08:18:48.816+0000] {processor.py:830} INFO - Processing file /home/airflow/.local/lib/python3.12/site-packages/airflow/example_dags/example_xcomargs.py for tasks to queue
[2024-06-07T08:18:48.827+0000] {logging_mixin.py:188} INFO - [2024-06-07T08:18:48.826+0000] {dagbag.py:545} INFO - Filling up the DagBag from /home/airflow/.local/lib/python3.12/site-packages/airflow/example_dags/example_xcomargs.py
[2024-06-07T08:18:48.910+0000] {processor.py:840} INFO - DAG(s) 'example_xcom_args_with_operators', 'example_xcom_args' retrieved from /home/airflow/.local/lib/python3.12/site-packages/airflow/example_dags/example_xcomargs.py
[2024-06-07T08:18:49.148+0000] {logging_mixin.py:188} INFO - [2024-06-07T08:18:49.147+0000] {dag.py:3096} INFO - Sync 2 DAGs
[2024-06-07T08:18:49.279+0000] {logging_mixin.py:188} INFO - [2024-06-07T08:18:49.278+0000] {dag.py:3954} INFO - Setting next_dagrun for example_xcom_args to None, run_after=None
[2024-06-07T08:18:49.324+0000] {logging_mixin.py:188} INFO - [2024-06-07T08:18:49.323+0000] {dag.py:3954} INFO - Setting next_dagrun for example_xcom_args_with_operators to None, run_after=None
[2024-06-07T08:18:49.553+0000] {processor.py:183} INFO - Processing /home/airflow/.local/lib/python3.12/site-packages/airflow/example_dags/example_xcomargs.py took 0.824 seconds
[2024-06-07T08:19:22.893+0000] {processor.py:161} INFO - Started process (PID=2086) to work on /home/airflow/.local/lib/python3.12/site-packages/airflow/example_dags/example_xcomargs.py
[2024-06-07T08:19:22.908+0000] {processor.py:830} INFO - Processing file /home/airflow/.local/lib/python3.12/site-packages/airflow/example_dags/example_xcomargs.py for tasks to queue
[2024-06-07T08:19:22.925+0000] {logging_mixin.py:188} INFO - [2024-06-07T08:19:22.924+0000] {dagbag.py:545} INFO - Filling up the DagBag from /home/airflow/.local/lib/python3.12/site-packages/airflow/example_dags/example_xcomargs.py
[2024-06-07T08:19:23.008+0000] {processor.py:840} INFO - DAG(s) 'example_xcom_args', 'example_xcom_args_with_operators' retrieved from /home/airflow/.local/lib/python3.12/site-packages/airflow/example_dags/example_xcomargs.py
[2024-06-07T08:19:23.249+0000] {logging_mixin.py:188} INFO - [2024-06-07T08:19:23.237+0000] {dag.py:3096} INFO - Sync 2 DAGs
[2024-06-07T08:19:23.454+0000] {logging_mixin.py:188} INFO - [2024-06-07T08:19:23.454+0000] {dag.py:3954} INFO - Setting next_dagrun for example_xcom_args to None, run_after=None
[2024-06-07T08:19:23.574+0000] {logging_mixin.py:188} INFO - [2024-06-07T08:19:23.573+0000] {dag.py:3954} INFO - Setting next_dagrun for example_xcom_args_with_operators to None, run_after=None
[2024-06-07T08:19:25.835+0000] {processor.py:183} INFO - Processing /home/airflow/.local/lib/python3.12/site-packages/airflow/example_dags/example_xcomargs.py took 2.994 seconds
[2024-06-07T08:19:56.264+0000] {processor.py:161} INFO - Started process (PID=2144) to work on /home/airflow/.local/lib/python3.12/site-packages/airflow/example_dags/example_xcomargs.py
[2024-06-07T08:19:56.268+0000] {processor.py:830} INFO - Processing file /home/airflow/.local/lib/python3.12/site-packages/airflow/example_dags/example_xcomargs.py for tasks to queue
[2024-06-07T08:19:56.272+0000] {logging_mixin.py:188} INFO - [2024-06-07T08:19:56.271+0000] {dagbag.py:545} INFO - Filling up the DagBag from /home/airflow/.local/lib/python3.12/site-packages/airflow/example_dags/example_xcomargs.py
[2024-06-07T08:19:56.306+0000] {processor.py:840} INFO - DAG(s) 'example_xcom_args_with_operators', 'example_xcom_args' retrieved from /home/airflow/.local/lib/python3.12/site-packages/airflow/example_dags/example_xcomargs.py
[2024-06-07T08:19:56.420+0000] {logging_mixin.py:188} INFO - [2024-06-07T08:19:56.419+0000] {dag.py:3096} INFO - Sync 2 DAGs
[2024-06-07T08:19:56.480+0000] {logging_mixin.py:188} INFO - [2024-06-07T08:19:56.479+0000] {dag.py:3954} INFO - Setting next_dagrun for example_xcom_args to None, run_after=None
[2024-06-07T08:19:56.492+0000] {logging_mixin.py:188} INFO - [2024-06-07T08:19:56.492+0000] {dag.py:3954} INFO - Setting next_dagrun for example_xcom_args_with_operators to None, run_after=None
[2024-06-07T08:19:56.687+0000] {processor.py:183} INFO - Processing /home/airflow/.local/lib/python3.12/site-packages/airflow/example_dags/example_xcomargs.py took 0.441 seconds
[2024-06-07T08:20:27.149+0000] {processor.py:161} INFO - Started process (PID=2202) to work on /home/airflow/.local/lib/python3.12/site-packages/airflow/example_dags/example_xcomargs.py
[2024-06-07T08:20:27.151+0000] {processor.py:830} INFO - Processing file /home/airflow/.local/lib/python3.12/site-packages/airflow/example_dags/example_xcomargs.py for tasks to queue
[2024-06-07T08:20:27.154+0000] {logging_mixin.py:188} INFO - [2024-06-07T08:20:27.153+0000] {dagbag.py:545} INFO - Filling up the DagBag from /home/airflow/.local/lib/python3.12/site-packages/airflow/example_dags/example_xcomargs.py
[2024-06-07T08:20:27.170+0000] {processor.py:840} INFO - DAG(s) 'example_xcom_args', 'example_xcom_args_with_operators' retrieved from /home/airflow/.local/lib/python3.12/site-packages/airflow/example_dags/example_xcomargs.py
[2024-06-07T08:20:27.262+0000] {logging_mixin.py:188} INFO - [2024-06-07T08:20:27.261+0000] {dag.py:3096} INFO - Sync 2 DAGs
[2024-06-07T08:20:27.307+0000] {logging_mixin.py:188} INFO - [2024-06-07T08:20:27.306+0000] {dag.py:3954} INFO - Setting next_dagrun for example_xcom_args to None, run_after=None
[2024-06-07T08:20:27.341+0000] {logging_mixin.py:188} INFO - [2024-06-07T08:20:27.341+0000] {dag.py:3954} INFO - Setting next_dagrun for example_xcom_args_with_operators to None, run_after=None
[2024-06-07T08:20:27.668+0000] {processor.py:183} INFO - Processing /home/airflow/.local/lib/python3.12/site-packages/airflow/example_dags/example_xcomargs.py took 0.532 seconds
[2024-06-07T08:20:58.444+0000] {processor.py:161} INFO - Started process (PID=2260) to work on /home/airflow/.local/lib/python3.12/site-packages/airflow/example_dags/example_xcomargs.py
[2024-06-07T08:20:58.446+0000] {processor.py:830} INFO - Processing file /home/airflow/.local/lib/python3.12/site-packages/airflow/example_dags/example_xcomargs.py for tasks to queue
[2024-06-07T08:20:58.449+0000] {logging_mixin.py:188} INFO - [2024-06-07T08:20:58.448+0000] {dagbag.py:545} INFO - Filling up the DagBag from /home/airflow/.local/lib/python3.12/site-packages/airflow/example_dags/example_xcomargs.py
[2024-06-07T08:20:58.494+0000] {processor.py:840} INFO - DAG(s) 'example_xcom_args_with_operators', 'example_xcom_args' retrieved from /home/airflow/.local/lib/python3.12/site-packages/airflow/example_dags/example_xcomargs.py
[2024-06-07T08:20:58.632+0000] {logging_mixin.py:188} INFO - [2024-06-07T08:20:58.631+0000] {dag.py:3096} INFO - Sync 2 DAGs
[2024-06-07T08:20:58.685+0000] {logging_mixin.py:188} INFO - [2024-06-07T08:20:58.684+0000] {dag.py:3954} INFO - Setting next_dagrun for example_xcom_args to None, run_after=None
[2024-06-07T08:20:58.696+0000] {logging_mixin.py:188} INFO - [2024-06-07T08:20:58.696+0000] {dag.py:3954} INFO - Setting next_dagrun for example_xcom_args_with_operators to None, run_after=None
[2024-06-07T08:20:58.865+0000] {processor.py:183} INFO - Processing /home/airflow/.local/lib/python3.12/site-packages/airflow/example_dags/example_xcomargs.py took 0.458 seconds
[2024-06-07T08:21:29.286+0000] {processor.py:161} INFO - Started process (PID=2318) to work on /home/airflow/.local/lib/python3.12/site-packages/airflow/example_dags/example_xcomargs.py
[2024-06-07T08:21:29.288+0000] {processor.py:830} INFO - Processing file /home/airflow/.local/lib/python3.12/site-packages/airflow/example_dags/example_xcomargs.py for tasks to queue
[2024-06-07T08:21:29.290+0000] {logging_mixin.py:188} INFO - [2024-06-07T08:21:29.289+0000] {dagbag.py:545} INFO - Filling up the DagBag from /home/airflow/.local/lib/python3.12/site-packages/airflow/example_dags/example_xcomargs.py
[2024-06-07T08:21:29.312+0000] {processor.py:840} INFO - DAG(s) 'example_xcom_args_with_operators', 'example_xcom_args' retrieved from /home/airflow/.local/lib/python3.12/site-packages/airflow/example_dags/example_xcomargs.py
[2024-06-07T08:21:29.374+0000] {logging_mixin.py:188} INFO - [2024-06-07T08:21:29.374+0000] {dag.py:3096} INFO - Sync 2 DAGs
[2024-06-07T08:21:29.416+0000] {logging_mixin.py:188} INFO - [2024-06-07T08:21:29.415+0000] {dag.py:3954} INFO - Setting next_dagrun for example_xcom_args to None, run_after=None
[2024-06-07T08:21:29.428+0000] {logging_mixin.py:188} INFO - [2024-06-07T08:21:29.428+0000] {dag.py:3954} INFO - Setting next_dagrun for example_xcom_args_with_operators to None, run_after=None
[2024-06-07T08:21:29.548+0000] {processor.py:183} INFO - Processing /home/airflow/.local/lib/python3.12/site-packages/airflow/example_dags/example_xcomargs.py took 0.278 seconds
[2024-06-07T08:22:03.150+0000] {processor.py:161} INFO - Started process (PID=2376) to work on /home/airflow/.local/lib/python3.12/site-packages/airflow/example_dags/example_xcomargs.py
[2024-06-07T08:22:03.163+0000] {processor.py:830} INFO - Processing file /home/airflow/.local/lib/python3.12/site-packages/airflow/example_dags/example_xcomargs.py for tasks to queue
[2024-06-07T08:22:03.166+0000] {logging_mixin.py:188} INFO - [2024-06-07T08:22:03.165+0000] {dagbag.py:545} INFO - Filling up the DagBag from /home/airflow/.local/lib/python3.12/site-packages/airflow/example_dags/example_xcomargs.py
[2024-06-07T08:22:03.221+0000] {processor.py:840} INFO - DAG(s) 'example_xcom_args', 'example_xcom_args_with_operators' retrieved from /home/airflow/.local/lib/python3.12/site-packages/airflow/example_dags/example_xcomargs.py
[2024-06-07T08:22:03.351+0000] {logging_mixin.py:188} INFO - [2024-06-07T08:22:03.350+0000] {dag.py:3096} INFO - Sync 2 DAGs
[2024-06-07T08:22:03.399+0000] {logging_mixin.py:188} INFO - [2024-06-07T08:22:03.399+0000] {dag.py:3954} INFO - Setting next_dagrun for example_xcom_args to None, run_after=None
[2024-06-07T08:22:03.420+0000] {logging_mixin.py:188} INFO - [2024-06-07T08:22:03.419+0000] {dag.py:3954} INFO - Setting next_dagrun for example_xcom_args_with_operators to None, run_after=None
[2024-06-07T08:22:04.111+0000] {processor.py:183} INFO - Processing /home/airflow/.local/lib/python3.12/site-packages/airflow/example_dags/example_xcomargs.py took 1.011 seconds
[2024-06-07T08:22:35.042+0000] {processor.py:161} INFO - Started process (PID=2434) to work on /home/airflow/.local/lib/python3.12/site-packages/airflow/example_dags/example_xcomargs.py
[2024-06-07T08:22:35.044+0000] {processor.py:830} INFO - Processing file /home/airflow/.local/lib/python3.12/site-packages/airflow/example_dags/example_xcomargs.py for tasks to queue
[2024-06-07T08:22:35.046+0000] {logging_mixin.py:188} INFO - [2024-06-07T08:22:35.045+0000] {dagbag.py:545} INFO - Filling up the DagBag from /home/airflow/.local/lib/python3.12/site-packages/airflow/example_dags/example_xcomargs.py
[2024-06-07T08:22:35.062+0000] {processor.py:840} INFO - DAG(s) 'example_xcom_args', 'example_xcom_args_with_operators' retrieved from /home/airflow/.local/lib/python3.12/site-packages/airflow/example_dags/example_xcomargs.py
[2024-06-07T08:22:35.142+0000] {logging_mixin.py:188} INFO - [2024-06-07T08:22:35.141+0000] {dag.py:3096} INFO - Sync 2 DAGs
[2024-06-07T08:22:35.174+0000] {logging_mixin.py:188} INFO - [2024-06-07T08:22:35.173+0000] {dag.py:3954} INFO - Setting next_dagrun for example_xcom_args to None, run_after=None
[2024-06-07T08:22:35.182+0000] {logging_mixin.py:188} INFO - [2024-06-07T08:22:35.181+0000] {dag.py:3954} INFO - Setting next_dagrun for example_xcom_args_with_operators to None, run_after=None
[2024-06-07T08:22:35.612+0000] {processor.py:183} INFO - Processing /home/airflow/.local/lib/python3.12/site-packages/airflow/example_dags/example_xcomargs.py took 0.581 seconds
[2024-06-07T08:23:06.278+0000] {processor.py:161} INFO - Started process (PID=2494) to work on /home/airflow/.local/lib/python3.12/site-packages/airflow/example_dags/example_xcomargs.py
[2024-06-07T08:23:06.281+0000] {processor.py:830} INFO - Processing file /home/airflow/.local/lib/python3.12/site-packages/airflow/example_dags/example_xcomargs.py for tasks to queue
[2024-06-07T08:23:06.285+0000] {logging_mixin.py:188} INFO - [2024-06-07T08:23:06.284+0000] {dagbag.py:545} INFO - Filling up the DagBag from /home/airflow/.local/lib/python3.12/site-packages/airflow/example_dags/example_xcomargs.py
[2024-06-07T08:23:06.310+0000] {processor.py:840} INFO - DAG(s) 'example_xcom_args_with_operators', 'example_xcom_args' retrieved from /home/airflow/.local/lib/python3.12/site-packages/airflow/example_dags/example_xcomargs.py
[2024-06-07T08:23:06.390+0000] {logging_mixin.py:188} INFO - [2024-06-07T08:23:06.390+0000] {dag.py:3096} INFO - Sync 2 DAGs
[2024-06-07T08:23:06.436+0000] {logging_mixin.py:188} INFO - [2024-06-07T08:23:06.435+0000] {dag.py:3954} INFO - Setting next_dagrun for example_xcom_args to None, run_after=None
[2024-06-07T08:23:06.448+0000] {logging_mixin.py:188} INFO - [2024-06-07T08:23:06.448+0000] {dag.py:3954} INFO - Setting next_dagrun for example_xcom_args_with_operators to None, run_after=None
[2024-06-07T08:23:06.705+0000] {processor.py:183} INFO - Processing /home/airflow/.local/lib/python3.12/site-packages/airflow/example_dags/example_xcomargs.py took 0.455 seconds
