[2024-06-07T07:54:30.361+0000] {processor.py:161} INFO - Started process (PID=52) to work on /home/airflow/.local/lib/python3.12/site-packages/airflow/example_dags/example_bash_decorator.py
[2024-06-07T07:54:30.364+0000] {processor.py:830} INFO - Processing file /home/airflow/.local/lib/python3.12/site-packages/airflow/example_dags/example_bash_decorator.py for tasks to queue
[2024-06-07T07:54:30.367+0000] {logging_mixin.py:188} INFO - [2024-06-07T07:54:30.367+0000] {dagbag.py:545} INFO - Filling up the DagBag from /home/airflow/.local/lib/python3.12/site-packages/airflow/example_dags/example_bash_decorator.py
[2024-06-07T07:54:30.421+0000] {processor.py:840} INFO - DAG(s) 'example_bash_decorator' retrieved from /home/airflow/.local/lib/python3.12/site-packages/airflow/example_dags/example_bash_decorator.py
[2024-06-07T07:54:31.418+0000] {logging_mixin.py:188} INFO - [2024-06-07T07:54:31.416+0000] {override.py:1829} INFO - Created Permission View: can delete on DAG:example_bash_decorator
[2024-06-07T07:54:31.725+0000] {logging_mixin.py:188} INFO - [2024-06-07T07:54:31.724+0000] {override.py:1829} INFO - Created Permission View: can read on DAG:example_bash_decorator
[2024-06-07T07:54:32.009+0000] {logging_mixin.py:188} INFO - [2024-06-07T07:54:32.008+0000] {override.py:1829} INFO - Created Permission View: can edit on DAG:example_bash_decorator
[2024-06-07T07:54:32.021+0000] {logging_mixin.py:188} INFO - [2024-06-07T07:54:32.017+0000] {dag.py:3096} INFO - Sync 1 DAGs
[2024-06-07T07:54:32.131+0000] {logging_mixin.py:188} INFO - [2024-06-07T07:54:32.118+0000] {dag.py:3118} INFO - Creating ORM DAG for example_bash_decorator
[2024-06-07T07:54:32.134+0000] {logging_mixin.py:188} INFO - [2024-06-07T07:54:32.133+0000] {dag.py:3954} INFO - Setting next_dagrun for example_bash_decorator to None, run_after=None
[2024-06-07T07:54:32.372+0000] {processor.py:183} INFO - Processing /home/airflow/.local/lib/python3.12/site-packages/airflow/example_dags/example_bash_decorator.py took 2.024 seconds
[2024-06-07T07:55:29.369+0000] {processor.py:161} INFO - Started process (PID=117) to work on /home/airflow/.local/lib/python3.12/site-packages/airflow/example_dags/example_bash_decorator.py
[2024-06-07T07:55:29.371+0000] {processor.py:830} INFO - Processing file /home/airflow/.local/lib/python3.12/site-packages/airflow/example_dags/example_bash_decorator.py for tasks to queue
[2024-06-07T07:55:29.375+0000] {logging_mixin.py:188} INFO - [2024-06-07T07:55:29.374+0000] {dagbag.py:545} INFO - Filling up the DagBag from /home/airflow/.local/lib/python3.12/site-packages/airflow/example_dags/example_bash_decorator.py
[2024-06-07T07:55:29.434+0000] {processor.py:840} INFO - DAG(s) 'example_bash_decorator' retrieved from /home/airflow/.local/lib/python3.12/site-packages/airflow/example_dags/example_bash_decorator.py
[2024-06-07T07:55:29.509+0000] {logging_mixin.py:188} INFO - [2024-06-07T07:55:29.508+0000] {dag.py:3096} INFO - Sync 1 DAGs
[2024-06-07T07:55:29.533+0000] {logging_mixin.py:188} INFO - [2024-06-07T07:55:29.532+0000] {dag.py:3954} INFO - Setting next_dagrun for example_bash_decorator to None, run_after=None
[2024-06-07T07:55:29.668+0000] {processor.py:183} INFO - Processing /home/airflow/.local/lib/python3.12/site-packages/airflow/example_dags/example_bash_decorator.py took 0.317 seconds
[2024-06-07T07:56:01.387+0000] {processor.py:161} INFO - Started process (PID=173) to work on /home/airflow/.local/lib/python3.12/site-packages/airflow/example_dags/example_bash_decorator.py
[2024-06-07T07:56:01.409+0000] {processor.py:830} INFO - Processing file /home/airflow/.local/lib/python3.12/site-packages/airflow/example_dags/example_bash_decorator.py for tasks to queue
[2024-06-07T07:56:01.432+0000] {logging_mixin.py:188} INFO - [2024-06-07T07:56:01.425+0000] {dagbag.py:545} INFO - Filling up the DagBag from /home/airflow/.local/lib/python3.12/site-packages/airflow/example_dags/example_bash_decorator.py
[2024-06-07T07:56:01.519+0000] {processor.py:840} INFO - DAG(s) 'example_bash_decorator' retrieved from /home/airflow/.local/lib/python3.12/site-packages/airflow/example_dags/example_bash_decorator.py
[2024-06-07T07:56:01.756+0000] {logging_mixin.py:188} INFO - [2024-06-07T07:56:01.755+0000] {dag.py:3096} INFO - Sync 1 DAGs
[2024-06-07T07:56:01.925+0000] {logging_mixin.py:188} INFO - [2024-06-07T07:56:01.924+0000] {dag.py:3954} INFO - Setting next_dagrun for example_bash_decorator to None, run_after=None
[2024-06-07T07:56:02.544+0000] {processor.py:183} INFO - Processing /home/airflow/.local/lib/python3.12/site-packages/airflow/example_dags/example_bash_decorator.py took 1.198 seconds
[2024-06-07T07:56:38.287+0000] {processor.py:161} INFO - Started process (PID=231) to work on /home/airflow/.local/lib/python3.12/site-packages/airflow/example_dags/example_bash_decorator.py
[2024-06-07T07:56:38.303+0000] {processor.py:830} INFO - Processing file /home/airflow/.local/lib/python3.12/site-packages/airflow/example_dags/example_bash_decorator.py for tasks to queue
[2024-06-07T07:56:38.336+0000] {logging_mixin.py:188} INFO - [2024-06-07T07:56:38.335+0000] {dagbag.py:545} INFO - Filling up the DagBag from /home/airflow/.local/lib/python3.12/site-packages/airflow/example_dags/example_bash_decorator.py
[2024-06-07T07:56:38.612+0000] {processor.py:840} INFO - DAG(s) 'example_bash_decorator' retrieved from /home/airflow/.local/lib/python3.12/site-packages/airflow/example_dags/example_bash_decorator.py
[2024-06-07T07:56:38.880+0000] {logging_mixin.py:188} INFO - [2024-06-07T07:56:38.880+0000] {dag.py:3096} INFO - Sync 1 DAGs
[2024-06-07T07:56:39.103+0000] {logging_mixin.py:188} INFO - [2024-06-07T07:56:39.103+0000] {dag.py:3954} INFO - Setting next_dagrun for example_bash_decorator to None, run_after=None
[2024-06-07T07:56:39.337+0000] {processor.py:183} INFO - Processing /home/airflow/.local/lib/python3.12/site-packages/airflow/example_dags/example_bash_decorator.py took 1.231 seconds
[2024-06-07T07:57:18.007+0000] {processor.py:161} INFO - Started process (PID=289) to work on /home/airflow/.local/lib/python3.12/site-packages/airflow/example_dags/example_bash_decorator.py
[2024-06-07T07:57:18.009+0000] {processor.py:830} INFO - Processing file /home/airflow/.local/lib/python3.12/site-packages/airflow/example_dags/example_bash_decorator.py for tasks to queue
[2024-06-07T07:57:18.025+0000] {logging_mixin.py:188} INFO - [2024-06-07T07:57:18.023+0000] {dagbag.py:545} INFO - Filling up the DagBag from /home/airflow/.local/lib/python3.12/site-packages/airflow/example_dags/example_bash_decorator.py
[2024-06-07T07:57:18.183+0000] {processor.py:840} INFO - DAG(s) 'example_bash_decorator' retrieved from /home/airflow/.local/lib/python3.12/site-packages/airflow/example_dags/example_bash_decorator.py
[2024-06-07T07:57:18.786+0000] {logging_mixin.py:188} INFO - [2024-06-07T07:57:18.786+0000] {dag.py:3096} INFO - Sync 1 DAGs
[2024-06-07T07:57:19.134+0000] {logging_mixin.py:188} INFO - [2024-06-07T07:57:19.133+0000] {dag.py:3954} INFO - Setting next_dagrun for example_bash_decorator to None, run_after=None
[2024-06-07T07:57:19.597+0000] {processor.py:183} INFO - Processing /home/airflow/.local/lib/python3.12/site-packages/airflow/example_dags/example_bash_decorator.py took 1.623 seconds
[2024-06-07T07:57:50.013+0000] {processor.py:161} INFO - Started process (PID=347) to work on /home/airflow/.local/lib/python3.12/site-packages/airflow/example_dags/example_bash_decorator.py
[2024-06-07T07:57:50.021+0000] {processor.py:830} INFO - Processing file /home/airflow/.local/lib/python3.12/site-packages/airflow/example_dags/example_bash_decorator.py for tasks to queue
[2024-06-07T07:57:50.046+0000] {logging_mixin.py:188} INFO - [2024-06-07T07:57:50.045+0000] {dagbag.py:545} INFO - Filling up the DagBag from /home/airflow/.local/lib/python3.12/site-packages/airflow/example_dags/example_bash_decorator.py
[2024-06-07T07:57:50.140+0000] {processor.py:840} INFO - DAG(s) 'example_bash_decorator' retrieved from /home/airflow/.local/lib/python3.12/site-packages/airflow/example_dags/example_bash_decorator.py
[2024-06-07T07:57:50.405+0000] {logging_mixin.py:188} INFO - [2024-06-07T07:57:50.405+0000] {dag.py:3096} INFO - Sync 1 DAGs
[2024-06-07T07:57:50.544+0000] {logging_mixin.py:188} INFO - [2024-06-07T07:57:50.535+0000] {dag.py:3954} INFO - Setting next_dagrun for example_bash_decorator to None, run_after=None
[2024-06-07T07:57:50.792+0000] {processor.py:183} INFO - Processing /home/airflow/.local/lib/python3.12/site-packages/airflow/example_dags/example_bash_decorator.py took 0.839 seconds
[2024-06-07T07:58:22.016+0000] {processor.py:161} INFO - Started process (PID=406) to work on /home/airflow/.local/lib/python3.12/site-packages/airflow/example_dags/example_bash_decorator.py
[2024-06-07T07:58:22.038+0000] {processor.py:830} INFO - Processing file /home/airflow/.local/lib/python3.12/site-packages/airflow/example_dags/example_bash_decorator.py for tasks to queue
[2024-06-07T07:58:22.055+0000] {logging_mixin.py:188} INFO - [2024-06-07T07:58:22.053+0000] {dagbag.py:545} INFO - Filling up the DagBag from /home/airflow/.local/lib/python3.12/site-packages/airflow/example_dags/example_bash_decorator.py
[2024-06-07T07:58:22.229+0000] {processor.py:840} INFO - DAG(s) 'example_bash_decorator' retrieved from /home/airflow/.local/lib/python3.12/site-packages/airflow/example_dags/example_bash_decorator.py
[2024-06-07T07:58:22.353+0000] {logging_mixin.py:188} INFO - [2024-06-07T07:58:22.353+0000] {dag.py:3096} INFO - Sync 1 DAGs
[2024-06-07T07:58:22.539+0000] {logging_mixin.py:188} INFO - [2024-06-07T07:58:22.527+0000] {dag.py:3954} INFO - Setting next_dagrun for example_bash_decorator to None, run_after=None
[2024-06-07T07:58:22.818+0000] {processor.py:183} INFO - Processing /home/airflow/.local/lib/python3.12/site-packages/airflow/example_dags/example_bash_decorator.py took 0.828 seconds
[2024-06-07T07:58:56.211+0000] {processor.py:161} INFO - Started process (PID=457) to work on /home/airflow/.local/lib/python3.12/site-packages/airflow/example_dags/example_bash_decorator.py
[2024-06-07T07:58:56.238+0000] {processor.py:830} INFO - Processing file /home/airflow/.local/lib/python3.12/site-packages/airflow/example_dags/example_bash_decorator.py for tasks to queue
[2024-06-07T07:58:56.270+0000] {logging_mixin.py:188} INFO - [2024-06-07T07:58:56.269+0000] {dagbag.py:545} INFO - Filling up the DagBag from /home/airflow/.local/lib/python3.12/site-packages/airflow/example_dags/example_bash_decorator.py
[2024-06-07T07:58:56.414+0000] {processor.py:840} INFO - DAG(s) 'example_bash_decorator' retrieved from /home/airflow/.local/lib/python3.12/site-packages/airflow/example_dags/example_bash_decorator.py
[2024-06-07T07:58:56.804+0000] {logging_mixin.py:188} INFO - [2024-06-07T07:58:56.803+0000] {dag.py:3096} INFO - Sync 1 DAGs
[2024-06-07T07:58:56.835+0000] {logging_mixin.py:188} INFO - [2024-06-07T07:58:56.835+0000] {dag.py:3954} INFO - Setting next_dagrun for example_bash_decorator to None, run_after=None
[2024-06-07T07:58:56.972+0000] {processor.py:183} INFO - Processing /home/airflow/.local/lib/python3.12/site-packages/airflow/example_dags/example_bash_decorator.py took 0.789 seconds
[2024-06-07T07:59:30.309+0000] {processor.py:161} INFO - Started process (PID=515) to work on /home/airflow/.local/lib/python3.12/site-packages/airflow/example_dags/example_bash_decorator.py
[2024-06-07T07:59:30.323+0000] {processor.py:830} INFO - Processing file /home/airflow/.local/lib/python3.12/site-packages/airflow/example_dags/example_bash_decorator.py for tasks to queue
[2024-06-07T07:59:30.341+0000] {logging_mixin.py:188} INFO - [2024-06-07T07:59:30.340+0000] {dagbag.py:545} INFO - Filling up the DagBag from /home/airflow/.local/lib/python3.12/site-packages/airflow/example_dags/example_bash_decorator.py
[2024-06-07T07:59:30.472+0000] {processor.py:840} INFO - DAG(s) 'example_bash_decorator' retrieved from /home/airflow/.local/lib/python3.12/site-packages/airflow/example_dags/example_bash_decorator.py
[2024-06-07T07:59:30.747+0000] {logging_mixin.py:188} INFO - [2024-06-07T07:59:30.746+0000] {dag.py:3096} INFO - Sync 1 DAGs
[2024-06-07T07:59:30.857+0000] {logging_mixin.py:188} INFO - [2024-06-07T07:59:30.856+0000] {dag.py:3954} INFO - Setting next_dagrun for example_bash_decorator to None, run_after=None
[2024-06-07T07:59:30.979+0000] {processor.py:183} INFO - Processing /home/airflow/.local/lib/python3.12/site-packages/airflow/example_dags/example_bash_decorator.py took 0.716 seconds
[2024-06-07T08:00:06.721+0000] {processor.py:161} INFO - Started process (PID=563) to work on /home/airflow/.local/lib/python3.12/site-packages/airflow/example_dags/example_bash_decorator.py
[2024-06-07T08:00:06.748+0000] {processor.py:830} INFO - Processing file /home/airflow/.local/lib/python3.12/site-packages/airflow/example_dags/example_bash_decorator.py for tasks to queue
[2024-06-07T08:00:06.754+0000] {logging_mixin.py:188} INFO - [2024-06-07T08:00:06.753+0000] {dagbag.py:545} INFO - Filling up the DagBag from /home/airflow/.local/lib/python3.12/site-packages/airflow/example_dags/example_bash_decorator.py
[2024-06-07T08:00:06.797+0000] {processor.py:840} INFO - DAG(s) 'example_bash_decorator' retrieved from /home/airflow/.local/lib/python3.12/site-packages/airflow/example_dags/example_bash_decorator.py
[2024-06-07T08:00:06.902+0000] {logging_mixin.py:188} INFO - [2024-06-07T08:00:06.902+0000] {dag.py:3096} INFO - Sync 1 DAGs
[2024-06-07T08:00:07.027+0000] {logging_mixin.py:188} INFO - [2024-06-07T08:00:07.015+0000] {dag.py:3954} INFO - Setting next_dagrun for example_bash_decorator to None, run_after=None
[2024-06-07T08:00:07.628+0000] {processor.py:183} INFO - Processing /home/airflow/.local/lib/python3.12/site-packages/airflow/example_dags/example_bash_decorator.py took 1.019 seconds
[2024-06-07T08:00:51.517+0000] {processor.py:161} INFO - Started process (PID=614) to work on /home/airflow/.local/lib/python3.12/site-packages/airflow/example_dags/example_bash_decorator.py
[2024-06-07T08:00:51.519+0000] {processor.py:830} INFO - Processing file /home/airflow/.local/lib/python3.12/site-packages/airflow/example_dags/example_bash_decorator.py for tasks to queue
[2024-06-07T08:00:51.540+0000] {logging_mixin.py:188} INFO - [2024-06-07T08:00:51.538+0000] {dagbag.py:545} INFO - Filling up the DagBag from /home/airflow/.local/lib/python3.12/site-packages/airflow/example_dags/example_bash_decorator.py
[2024-06-07T08:00:51.667+0000] {processor.py:840} INFO - DAG(s) 'example_bash_decorator' retrieved from /home/airflow/.local/lib/python3.12/site-packages/airflow/example_dags/example_bash_decorator.py
[2024-06-07T08:00:51.793+0000] {logging_mixin.py:188} INFO - [2024-06-07T08:00:51.792+0000] {dag.py:3096} INFO - Sync 1 DAGs
[2024-06-07T08:00:51.883+0000] {logging_mixin.py:188} INFO - [2024-06-07T08:00:51.882+0000] {dag.py:3954} INFO - Setting next_dagrun for example_bash_decorator to None, run_after=None
[2024-06-07T08:00:52.236+0000] {processor.py:183} INFO - Processing /home/airflow/.local/lib/python3.12/site-packages/airflow/example_dags/example_bash_decorator.py took 0.832 seconds
[2024-06-07T08:01:24.979+0000] {processor.py:161} INFO - Started process (PID=677) to work on /home/airflow/.local/lib/python3.12/site-packages/airflow/example_dags/example_bash_decorator.py
[2024-06-07T08:01:24.982+0000] {processor.py:830} INFO - Processing file /home/airflow/.local/lib/python3.12/site-packages/airflow/example_dags/example_bash_decorator.py for tasks to queue
[2024-06-07T08:01:24.989+0000] {logging_mixin.py:188} INFO - [2024-06-07T08:01:24.988+0000] {dagbag.py:545} INFO - Filling up the DagBag from /home/airflow/.local/lib/python3.12/site-packages/airflow/example_dags/example_bash_decorator.py
[2024-06-07T08:01:25.033+0000] {processor.py:840} INFO - DAG(s) 'example_bash_decorator' retrieved from /home/airflow/.local/lib/python3.12/site-packages/airflow/example_dags/example_bash_decorator.py
[2024-06-07T08:01:25.145+0000] {logging_mixin.py:188} INFO - [2024-06-07T08:01:25.144+0000] {dag.py:3096} INFO - Sync 1 DAGs
[2024-06-07T08:01:26.376+0000] {logging_mixin.py:188} INFO - [2024-06-07T08:01:26.375+0000] {dag.py:3954} INFO - Setting next_dagrun for example_bash_decorator to None, run_after=None
[2024-06-07T08:01:26.986+0000] {processor.py:183} INFO - Processing /home/airflow/.local/lib/python3.12/site-packages/airflow/example_dags/example_bash_decorator.py took 2.028 seconds
[2024-06-07T08:02:19.946+0000] {processor.py:161} INFO - Started process (PID=727) to work on /home/airflow/.local/lib/python3.12/site-packages/airflow/example_dags/example_bash_decorator.py
[2024-06-07T08:02:19.950+0000] {processor.py:830} INFO - Processing file /home/airflow/.local/lib/python3.12/site-packages/airflow/example_dags/example_bash_decorator.py for tasks to queue
[2024-06-07T08:02:19.958+0000] {logging_mixin.py:188} INFO - [2024-06-07T08:02:19.957+0000] {dagbag.py:545} INFO - Filling up the DagBag from /home/airflow/.local/lib/python3.12/site-packages/airflow/example_dags/example_bash_decorator.py
[2024-06-07T08:02:20.206+0000] {processor.py:840} INFO - DAG(s) 'example_bash_decorator' retrieved from /home/airflow/.local/lib/python3.12/site-packages/airflow/example_dags/example_bash_decorator.py
[2024-06-07T08:02:21.235+0000] {logging_mixin.py:188} INFO - [2024-06-07T08:02:21.234+0000] {dag.py:3096} INFO - Sync 1 DAGs
[2024-06-07T08:02:21.608+0000] {logging_mixin.py:188} INFO - [2024-06-07T08:02:21.597+0000] {dag.py:3954} INFO - Setting next_dagrun for example_bash_decorator to None, run_after=None
[2024-06-07T08:02:22.020+0000] {processor.py:183} INFO - Processing /home/airflow/.local/lib/python3.12/site-packages/airflow/example_dags/example_bash_decorator.py took 2.231 seconds
[2024-06-07T08:02:53.478+0000] {processor.py:161} INFO - Started process (PID=786) to work on /home/airflow/.local/lib/python3.12/site-packages/airflow/example_dags/example_bash_decorator.py
[2024-06-07T08:02:53.481+0000] {processor.py:830} INFO - Processing file /home/airflow/.local/lib/python3.12/site-packages/airflow/example_dags/example_bash_decorator.py for tasks to queue
[2024-06-07T08:02:53.489+0000] {logging_mixin.py:188} INFO - [2024-06-07T08:02:53.487+0000] {dagbag.py:545} INFO - Filling up the DagBag from /home/airflow/.local/lib/python3.12/site-packages/airflow/example_dags/example_bash_decorator.py
[2024-06-07T08:02:53.539+0000] {processor.py:840} INFO - DAG(s) 'example_bash_decorator' retrieved from /home/airflow/.local/lib/python3.12/site-packages/airflow/example_dags/example_bash_decorator.py
[2024-06-07T08:02:53.665+0000] {logging_mixin.py:188} INFO - [2024-06-07T08:02:53.664+0000] {dag.py:3096} INFO - Sync 1 DAGs
[2024-06-07T08:02:53.695+0000] {logging_mixin.py:188} INFO - [2024-06-07T08:02:53.695+0000] {dag.py:3954} INFO - Setting next_dagrun for example_bash_decorator to None, run_after=None
[2024-06-07T08:02:53.779+0000] {processor.py:183} INFO - Processing /home/airflow/.local/lib/python3.12/site-packages/airflow/example_dags/example_bash_decorator.py took 0.317 seconds
[2024-06-07T08:03:28.209+0000] {processor.py:161} INFO - Started process (PID=850) to work on /home/airflow/.local/lib/python3.12/site-packages/airflow/example_dags/example_bash_decorator.py
[2024-06-07T08:03:28.211+0000] {processor.py:830} INFO - Processing file /home/airflow/.local/lib/python3.12/site-packages/airflow/example_dags/example_bash_decorator.py for tasks to queue
[2024-06-07T08:03:28.216+0000] {logging_mixin.py:188} INFO - [2024-06-07T08:03:28.215+0000] {dagbag.py:545} INFO - Filling up the DagBag from /home/airflow/.local/lib/python3.12/site-packages/airflow/example_dags/example_bash_decorator.py
[2024-06-07T08:03:28.255+0000] {processor.py:840} INFO - DAG(s) 'example_bash_decorator' retrieved from /home/airflow/.local/lib/python3.12/site-packages/airflow/example_dags/example_bash_decorator.py
[2024-06-07T08:03:28.308+0000] {logging_mixin.py:188} INFO - [2024-06-07T08:03:28.308+0000] {dag.py:3096} INFO - Sync 1 DAGs
[2024-06-07T08:03:28.345+0000] {logging_mixin.py:188} INFO - [2024-06-07T08:03:28.345+0000] {dag.py:3954} INFO - Setting next_dagrun for example_bash_decorator to None, run_after=None
[2024-06-07T08:03:28.481+0000] {processor.py:183} INFO - Processing /home/airflow/.local/lib/python3.12/site-packages/airflow/example_dags/example_bash_decorator.py took 0.286 seconds
[2024-06-07T08:03:58.880+0000] {processor.py:161} INFO - Started process (PID=906) to work on /home/airflow/.local/lib/python3.12/site-packages/airflow/example_dags/example_bash_decorator.py
[2024-06-07T08:03:58.882+0000] {processor.py:830} INFO - Processing file /home/airflow/.local/lib/python3.12/site-packages/airflow/example_dags/example_bash_decorator.py for tasks to queue
[2024-06-07T08:03:58.886+0000] {logging_mixin.py:188} INFO - [2024-06-07T08:03:58.885+0000] {dagbag.py:545} INFO - Filling up the DagBag from /home/airflow/.local/lib/python3.12/site-packages/airflow/example_dags/example_bash_decorator.py
[2024-06-07T08:03:58.914+0000] {processor.py:840} INFO - DAG(s) 'example_bash_decorator' retrieved from /home/airflow/.local/lib/python3.12/site-packages/airflow/example_dags/example_bash_decorator.py
[2024-06-07T08:03:58.980+0000] {logging_mixin.py:188} INFO - [2024-06-07T08:03:58.980+0000] {dag.py:3096} INFO - Sync 1 DAGs
[2024-06-07T08:03:59.020+0000] {logging_mixin.py:188} INFO - [2024-06-07T08:03:59.020+0000] {dag.py:3954} INFO - Setting next_dagrun for example_bash_decorator to None, run_after=None
[2024-06-07T08:03:59.103+0000] {processor.py:183} INFO - Processing /home/airflow/.local/lib/python3.12/site-packages/airflow/example_dags/example_bash_decorator.py took 0.236 seconds
[2024-06-07T08:04:29.788+0000] {processor.py:161} INFO - Started process (PID=964) to work on /home/airflow/.local/lib/python3.12/site-packages/airflow/example_dags/example_bash_decorator.py
[2024-06-07T08:04:29.790+0000] {processor.py:830} INFO - Processing file /home/airflow/.local/lib/python3.12/site-packages/airflow/example_dags/example_bash_decorator.py for tasks to queue
[2024-06-07T08:04:29.809+0000] {logging_mixin.py:188} INFO - [2024-06-07T08:04:29.808+0000] {dagbag.py:545} INFO - Filling up the DagBag from /home/airflow/.local/lib/python3.12/site-packages/airflow/example_dags/example_bash_decorator.py
[2024-06-07T08:04:29.871+0000] {processor.py:840} INFO - DAG(s) 'example_bash_decorator' retrieved from /home/airflow/.local/lib/python3.12/site-packages/airflow/example_dags/example_bash_decorator.py
[2024-06-07T08:04:29.955+0000] {logging_mixin.py:188} INFO - [2024-06-07T08:04:29.954+0000] {dag.py:3096} INFO - Sync 1 DAGs
[2024-06-07T08:04:30.006+0000] {logging_mixin.py:188} INFO - [2024-06-07T08:04:30.006+0000] {dag.py:3954} INFO - Setting next_dagrun for example_bash_decorator to None, run_after=None
[2024-06-07T08:04:31.742+0000] {processor.py:183} INFO - Processing /home/airflow/.local/lib/python3.12/site-packages/airflow/example_dags/example_bash_decorator.py took 1.976 seconds
[2024-06-07T08:05:01.993+0000] {processor.py:161} INFO - Started process (PID=1022) to work on /home/airflow/.local/lib/python3.12/site-packages/airflow/example_dags/example_bash_decorator.py
[2024-06-07T08:05:01.995+0000] {processor.py:830} INFO - Processing file /home/airflow/.local/lib/python3.12/site-packages/airflow/example_dags/example_bash_decorator.py for tasks to queue
[2024-06-07T08:05:01.999+0000] {logging_mixin.py:188} INFO - [2024-06-07T08:05:01.998+0000] {dagbag.py:545} INFO - Filling up the DagBag from /home/airflow/.local/lib/python3.12/site-packages/airflow/example_dags/example_bash_decorator.py
[2024-06-07T08:05:02.037+0000] {processor.py:840} INFO - DAG(s) 'example_bash_decorator' retrieved from /home/airflow/.local/lib/python3.12/site-packages/airflow/example_dags/example_bash_decorator.py
[2024-06-07T08:05:02.093+0000] {logging_mixin.py:188} INFO - [2024-06-07T08:05:02.092+0000] {dag.py:3096} INFO - Sync 1 DAGs
[2024-06-07T08:05:02.130+0000] {logging_mixin.py:188} INFO - [2024-06-07T08:05:02.130+0000] {dag.py:3954} INFO - Setting next_dagrun for example_bash_decorator to None, run_after=None
[2024-06-07T08:05:02.246+0000] {processor.py:183} INFO - Processing /home/airflow/.local/lib/python3.12/site-packages/airflow/example_dags/example_bash_decorator.py took 0.271 seconds
[2024-06-07T08:05:35.905+0000] {processor.py:161} INFO - Started process (PID=1080) to work on /home/airflow/.local/lib/python3.12/site-packages/airflow/example_dags/example_bash_decorator.py
[2024-06-07T08:05:35.907+0000] {processor.py:830} INFO - Processing file /home/airflow/.local/lib/python3.12/site-packages/airflow/example_dags/example_bash_decorator.py for tasks to queue
[2024-06-07T08:05:35.923+0000] {logging_mixin.py:188} INFO - [2024-06-07T08:05:35.922+0000] {dagbag.py:545} INFO - Filling up the DagBag from /home/airflow/.local/lib/python3.12/site-packages/airflow/example_dags/example_bash_decorator.py
[2024-06-07T08:05:36.066+0000] {processor.py:840} INFO - DAG(s) 'example_bash_decorator' retrieved from /home/airflow/.local/lib/python3.12/site-packages/airflow/example_dags/example_bash_decorator.py
[2024-06-07T08:05:36.293+0000] {logging_mixin.py:188} INFO - [2024-06-07T08:05:36.292+0000] {dag.py:3096} INFO - Sync 1 DAGs
[2024-06-07T08:05:36.442+0000] {logging_mixin.py:188} INFO - [2024-06-07T08:05:36.442+0000] {dag.py:3954} INFO - Setting next_dagrun for example_bash_decorator to None, run_after=None
[2024-06-07T08:05:37.444+0000] {processor.py:183} INFO - Processing /home/airflow/.local/lib/python3.12/site-packages/airflow/example_dags/example_bash_decorator.py took 1.601 seconds
[2024-06-07T08:06:08.067+0000] {processor.py:161} INFO - Started process (PID=1138) to work on /home/airflow/.local/lib/python3.12/site-packages/airflow/example_dags/example_bash_decorator.py
[2024-06-07T08:06:08.073+0000] {processor.py:830} INFO - Processing file /home/airflow/.local/lib/python3.12/site-packages/airflow/example_dags/example_bash_decorator.py for tasks to queue
[2024-06-07T08:06:08.078+0000] {logging_mixin.py:188} INFO - [2024-06-07T08:06:08.077+0000] {dagbag.py:545} INFO - Filling up the DagBag from /home/airflow/.local/lib/python3.12/site-packages/airflow/example_dags/example_bash_decorator.py
[2024-06-07T08:06:08.110+0000] {processor.py:840} INFO - DAG(s) 'example_bash_decorator' retrieved from /home/airflow/.local/lib/python3.12/site-packages/airflow/example_dags/example_bash_decorator.py
[2024-06-07T08:06:08.208+0000] {logging_mixin.py:188} INFO - [2024-06-07T08:06:08.207+0000] {dag.py:3096} INFO - Sync 1 DAGs
[2024-06-07T08:06:08.257+0000] {logging_mixin.py:188} INFO - [2024-06-07T08:06:08.256+0000] {dag.py:3954} INFO - Setting next_dagrun for example_bash_decorator to None, run_after=None
[2024-06-07T08:06:08.435+0000] {processor.py:183} INFO - Processing /home/airflow/.local/lib/python3.12/site-packages/airflow/example_dags/example_bash_decorator.py took 0.402 seconds
[2024-06-07T08:06:38.927+0000] {processor.py:161} INFO - Started process (PID=1205) to work on /home/airflow/.local/lib/python3.12/site-packages/airflow/example_dags/example_bash_decorator.py
[2024-06-07T08:06:38.929+0000] {processor.py:830} INFO - Processing file /home/airflow/.local/lib/python3.12/site-packages/airflow/example_dags/example_bash_decorator.py for tasks to queue
[2024-06-07T08:06:38.933+0000] {logging_mixin.py:188} INFO - [2024-06-07T08:06:38.932+0000] {dagbag.py:545} INFO - Filling up the DagBag from /home/airflow/.local/lib/python3.12/site-packages/airflow/example_dags/example_bash_decorator.py
[2024-06-07T08:06:39.532+0000] {processor.py:840} INFO - DAG(s) 'example_bash_decorator' retrieved from /home/airflow/.local/lib/python3.12/site-packages/airflow/example_dags/example_bash_decorator.py
[2024-06-07T08:06:39.705+0000] {logging_mixin.py:188} INFO - [2024-06-07T08:06:39.705+0000] {dag.py:3096} INFO - Sync 1 DAGs
[2024-06-07T08:06:39.748+0000] {logging_mixin.py:188} INFO - [2024-06-07T08:06:39.748+0000] {dag.py:3954} INFO - Setting next_dagrun for example_bash_decorator to None, run_after=None
[2024-06-07T08:06:40.584+0000] {processor.py:183} INFO - Processing /home/airflow/.local/lib/python3.12/site-packages/airflow/example_dags/example_bash_decorator.py took 1.677 seconds
[2024-06-07T08:07:46.455+0000] {processor.py:161} INFO - Started process (PID=1272) to work on /home/airflow/.local/lib/python3.12/site-packages/airflow/example_dags/example_bash_decorator.py
[2024-06-07T08:07:46.457+0000] {processor.py:830} INFO - Processing file /home/airflow/.local/lib/python3.12/site-packages/airflow/example_dags/example_bash_decorator.py for tasks to queue
[2024-06-07T08:07:46.462+0000] {logging_mixin.py:188} INFO - [2024-06-07T08:07:46.461+0000] {dagbag.py:545} INFO - Filling up the DagBag from /home/airflow/.local/lib/python3.12/site-packages/airflow/example_dags/example_bash_decorator.py
[2024-06-07T08:07:46.529+0000] {processor.py:840} INFO - DAG(s) 'example_bash_decorator' retrieved from /home/airflow/.local/lib/python3.12/site-packages/airflow/example_dags/example_bash_decorator.py
[2024-06-07T08:07:46.635+0000] {logging_mixin.py:188} INFO - [2024-06-07T08:07:46.634+0000] {dag.py:3096} INFO - Sync 1 DAGs
[2024-06-07T08:07:46.714+0000] {logging_mixin.py:188} INFO - [2024-06-07T08:07:46.714+0000] {dag.py:3954} INFO - Setting next_dagrun for example_bash_decorator to None, run_after=None
[2024-06-07T08:07:46.891+0000] {processor.py:183} INFO - Processing /home/airflow/.local/lib/python3.12/site-packages/airflow/example_dags/example_bash_decorator.py took 0.450 seconds
[2024-06-07T08:08:30.880+0000] {processor.py:161} INFO - Started process (PID=1334) to work on /home/airflow/.local/lib/python3.12/site-packages/airflow/example_dags/example_bash_decorator.py
[2024-06-07T08:08:30.882+0000] {processor.py:830} INFO - Processing file /home/airflow/.local/lib/python3.12/site-packages/airflow/example_dags/example_bash_decorator.py for tasks to queue
[2024-06-07T08:08:30.886+0000] {logging_mixin.py:188} INFO - [2024-06-07T08:08:30.885+0000] {dagbag.py:545} INFO - Filling up the DagBag from /home/airflow/.local/lib/python3.12/site-packages/airflow/example_dags/example_bash_decorator.py
[2024-06-07T08:08:30.977+0000] {processor.py:840} INFO - DAG(s) 'example_bash_decorator' retrieved from /home/airflow/.local/lib/python3.12/site-packages/airflow/example_dags/example_bash_decorator.py
[2024-06-07T08:08:31.095+0000] {logging_mixin.py:188} INFO - [2024-06-07T08:08:31.094+0000] {dag.py:3096} INFO - Sync 1 DAGs
[2024-06-07T08:08:31.144+0000] {logging_mixin.py:188} INFO - [2024-06-07T08:08:31.143+0000] {dag.py:3954} INFO - Setting next_dagrun for example_bash_decorator to None, run_after=None
[2024-06-07T08:08:31.470+0000] {processor.py:183} INFO - Processing /home/airflow/.local/lib/python3.12/site-packages/airflow/example_dags/example_bash_decorator.py took 0.606 seconds
[2024-06-07T08:10:37.157+0000] {processor.py:161} INFO - Started process (PID=1408) to work on /home/airflow/.local/lib/python3.12/site-packages/airflow/example_dags/example_bash_decorator.py
[2024-06-07T08:10:37.166+0000] {processor.py:830} INFO - Processing file /home/airflow/.local/lib/python3.12/site-packages/airflow/example_dags/example_bash_decorator.py for tasks to queue
[2024-06-07T08:10:37.171+0000] {logging_mixin.py:188} INFO - [2024-06-07T08:10:37.169+0000] {dagbag.py:545} INFO - Filling up the DagBag from /home/airflow/.local/lib/python3.12/site-packages/airflow/example_dags/example_bash_decorator.py
[2024-06-07T08:10:37.398+0000] {processor.py:840} INFO - DAG(s) 'example_bash_decorator' retrieved from /home/airflow/.local/lib/python3.12/site-packages/airflow/example_dags/example_bash_decorator.py
[2024-06-07T08:13:28.036+0000] {processor.py:161} INFO - Started process (PID=1459) to work on /home/airflow/.local/lib/python3.12/site-packages/airflow/example_dags/example_bash_decorator.py
[2024-06-07T08:13:28.038+0000] {processor.py:830} INFO - Processing file /home/airflow/.local/lib/python3.12/site-packages/airflow/example_dags/example_bash_decorator.py for tasks to queue
[2024-06-07T08:13:28.040+0000] {logging_mixin.py:188} INFO - [2024-06-07T08:13:28.039+0000] {dagbag.py:545} INFO - Filling up the DagBag from /home/airflow/.local/lib/python3.12/site-packages/airflow/example_dags/example_bash_decorator.py
[2024-06-07T08:13:28.080+0000] {processor.py:840} INFO - DAG(s) 'example_bash_decorator' retrieved from /home/airflow/.local/lib/python3.12/site-packages/airflow/example_dags/example_bash_decorator.py
[2024-06-07T08:13:28.752+0000] {logging_mixin.py:188} INFO - [2024-06-07T08:13:28.752+0000] {dag.py:3096} INFO - Sync 1 DAGs
[2024-06-07T08:13:28.779+0000] {logging_mixin.py:188} INFO - [2024-06-07T08:13:28.778+0000] {dag.py:3954} INFO - Setting next_dagrun for example_bash_decorator to None, run_after=None
[2024-06-07T08:13:28.956+0000] {processor.py:183} INFO - Processing /home/airflow/.local/lib/python3.12/site-packages/airflow/example_dags/example_bash_decorator.py took 0.936 seconds
[2024-06-07T08:13:59.203+0000] {processor.py:161} INFO - Started process (PID=1515) to work on /home/airflow/.local/lib/python3.12/site-packages/airflow/example_dags/example_bash_decorator.py
[2024-06-07T08:13:59.205+0000] {processor.py:830} INFO - Processing file /home/airflow/.local/lib/python3.12/site-packages/airflow/example_dags/example_bash_decorator.py for tasks to queue
[2024-06-07T08:13:59.208+0000] {logging_mixin.py:188} INFO - [2024-06-07T08:13:59.207+0000] {dagbag.py:545} INFO - Filling up the DagBag from /home/airflow/.local/lib/python3.12/site-packages/airflow/example_dags/example_bash_decorator.py
[2024-06-07T08:13:59.264+0000] {processor.py:840} INFO - DAG(s) 'example_bash_decorator' retrieved from /home/airflow/.local/lib/python3.12/site-packages/airflow/example_dags/example_bash_decorator.py
[2024-06-07T08:13:59.347+0000] {logging_mixin.py:188} INFO - [2024-06-07T08:13:59.347+0000] {dag.py:3096} INFO - Sync 1 DAGs
[2024-06-07T08:13:59.403+0000] {logging_mixin.py:188} INFO - [2024-06-07T08:13:59.402+0000] {dag.py:3954} INFO - Setting next_dagrun for example_bash_decorator to None, run_after=None
[2024-06-07T08:13:59.697+0000] {processor.py:183} INFO - Processing /home/airflow/.local/lib/python3.12/site-packages/airflow/example_dags/example_bash_decorator.py took 0.512 seconds
[2024-06-07T08:14:30.299+0000] {processor.py:161} INFO - Started process (PID=1572) to work on /home/airflow/.local/lib/python3.12/site-packages/airflow/example_dags/example_bash_decorator.py
[2024-06-07T08:14:30.352+0000] {processor.py:830} INFO - Processing file /home/airflow/.local/lib/python3.12/site-packages/airflow/example_dags/example_bash_decorator.py for tasks to queue
[2024-06-07T08:14:30.384+0000] {logging_mixin.py:188} INFO - [2024-06-07T08:14:30.383+0000] {dagbag.py:545} INFO - Filling up the DagBag from /home/airflow/.local/lib/python3.12/site-packages/airflow/example_dags/example_bash_decorator.py
[2024-06-07T08:14:30.467+0000] {processor.py:840} INFO - DAG(s) 'example_bash_decorator' retrieved from /home/airflow/.local/lib/python3.12/site-packages/airflow/example_dags/example_bash_decorator.py
[2024-06-07T08:14:30.539+0000] {logging_mixin.py:188} INFO - [2024-06-07T08:14:30.538+0000] {dag.py:3096} INFO - Sync 1 DAGs
[2024-06-07T08:14:30.589+0000] {logging_mixin.py:188} INFO - [2024-06-07T08:14:30.588+0000] {dag.py:3954} INFO - Setting next_dagrun for example_bash_decorator to None, run_after=None
[2024-06-07T08:14:30.762+0000] {processor.py:183} INFO - Processing /home/airflow/.local/lib/python3.12/site-packages/airflow/example_dags/example_bash_decorator.py took 0.496 seconds
[2024-06-07T08:15:01.509+0000] {processor.py:161} INFO - Started process (PID=1630) to work on /home/airflow/.local/lib/python3.12/site-packages/airflow/example_dags/example_bash_decorator.py
[2024-06-07T08:15:01.511+0000] {processor.py:830} INFO - Processing file /home/airflow/.local/lib/python3.12/site-packages/airflow/example_dags/example_bash_decorator.py for tasks to queue
[2024-06-07T08:15:01.513+0000] {logging_mixin.py:188} INFO - [2024-06-07T08:15:01.512+0000] {dagbag.py:545} INFO - Filling up the DagBag from /home/airflow/.local/lib/python3.12/site-packages/airflow/example_dags/example_bash_decorator.py
[2024-06-07T08:15:01.555+0000] {processor.py:840} INFO - DAG(s) 'example_bash_decorator' retrieved from /home/airflow/.local/lib/python3.12/site-packages/airflow/example_dags/example_bash_decorator.py
[2024-06-07T08:15:01.629+0000] {logging_mixin.py:188} INFO - [2024-06-07T08:15:01.629+0000] {dag.py:3096} INFO - Sync 1 DAGs
[2024-06-07T08:15:01.665+0000] {logging_mixin.py:188} INFO - [2024-06-07T08:15:01.664+0000] {dag.py:3954} INFO - Setting next_dagrun for example_bash_decorator to None, run_after=None
[2024-06-07T08:15:02.192+0000] {processor.py:183} INFO - Processing /home/airflow/.local/lib/python3.12/site-packages/airflow/example_dags/example_bash_decorator.py took 0.699 seconds
[2024-06-07T08:15:41.159+0000] {processor.py:161} INFO - Started process (PID=1694) to work on /home/airflow/.local/lib/python3.12/site-packages/airflow/example_dags/example_bash_decorator.py
[2024-06-07T08:15:41.162+0000] {processor.py:830} INFO - Processing file /home/airflow/.local/lib/python3.12/site-packages/airflow/example_dags/example_bash_decorator.py for tasks to queue
[2024-06-07T08:15:41.172+0000] {logging_mixin.py:188} INFO - [2024-06-07T08:15:41.169+0000] {dagbag.py:545} INFO - Filling up the DagBag from /home/airflow/.local/lib/python3.12/site-packages/airflow/example_dags/example_bash_decorator.py
[2024-06-07T08:15:41.250+0000] {processor.py:840} INFO - DAG(s) 'example_bash_decorator' retrieved from /home/airflow/.local/lib/python3.12/site-packages/airflow/example_dags/example_bash_decorator.py
[2024-06-07T08:15:41.335+0000] {logging_mixin.py:188} INFO - [2024-06-07T08:15:41.334+0000] {dag.py:3096} INFO - Sync 1 DAGs
[2024-06-07T08:15:41.716+0000] {logging_mixin.py:188} INFO - [2024-06-07T08:15:41.716+0000] {dag.py:3954} INFO - Setting next_dagrun for example_bash_decorator to None, run_after=None
[2024-06-07T08:15:42.010+0000] {processor.py:183} INFO - Processing /home/airflow/.local/lib/python3.12/site-packages/airflow/example_dags/example_bash_decorator.py took 0.875 seconds
[2024-06-07T08:16:12.308+0000] {processor.py:161} INFO - Started process (PID=1752) to work on /home/airflow/.local/lib/python3.12/site-packages/airflow/example_dags/example_bash_decorator.py
[2024-06-07T08:16:12.311+0000] {processor.py:830} INFO - Processing file /home/airflow/.local/lib/python3.12/site-packages/airflow/example_dags/example_bash_decorator.py for tasks to queue
[2024-06-07T08:16:12.313+0000] {logging_mixin.py:188} INFO - [2024-06-07T08:16:12.312+0000] {dagbag.py:545} INFO - Filling up the DagBag from /home/airflow/.local/lib/python3.12/site-packages/airflow/example_dags/example_bash_decorator.py
[2024-06-07T08:16:12.344+0000] {processor.py:840} INFO - DAG(s) 'example_bash_decorator' retrieved from /home/airflow/.local/lib/python3.12/site-packages/airflow/example_dags/example_bash_decorator.py
[2024-06-07T08:16:12.398+0000] {logging_mixin.py:188} INFO - [2024-06-07T08:16:12.398+0000] {dag.py:3096} INFO - Sync 1 DAGs
[2024-06-07T08:16:12.435+0000] {logging_mixin.py:188} INFO - [2024-06-07T08:16:12.434+0000] {dag.py:3954} INFO - Setting next_dagrun for example_bash_decorator to None, run_after=None
[2024-06-07T08:16:12.667+0000] {processor.py:183} INFO - Processing /home/airflow/.local/lib/python3.12/site-packages/airflow/example_dags/example_bash_decorator.py took 0.373 seconds
[2024-06-07T08:16:44.197+0000] {processor.py:161} INFO - Started process (PID=1807) to work on /home/airflow/.local/lib/python3.12/site-packages/airflow/example_dags/example_bash_decorator.py
[2024-06-07T08:16:44.200+0000] {processor.py:830} INFO - Processing file /home/airflow/.local/lib/python3.12/site-packages/airflow/example_dags/example_bash_decorator.py for tasks to queue
[2024-06-07T08:16:44.202+0000] {logging_mixin.py:188} INFO - [2024-06-07T08:16:44.201+0000] {dagbag.py:545} INFO - Filling up the DagBag from /home/airflow/.local/lib/python3.12/site-packages/airflow/example_dags/example_bash_decorator.py
[2024-06-07T08:16:44.253+0000] {processor.py:840} INFO - DAG(s) 'example_bash_decorator' retrieved from /home/airflow/.local/lib/python3.12/site-packages/airflow/example_dags/example_bash_decorator.py
[2024-06-07T08:16:44.345+0000] {logging_mixin.py:188} INFO - [2024-06-07T08:16:44.344+0000] {dag.py:3096} INFO - Sync 1 DAGs
[2024-06-07T08:16:44.393+0000] {logging_mixin.py:188} INFO - [2024-06-07T08:16:44.392+0000] {dag.py:3954} INFO - Setting next_dagrun for example_bash_decorator to None, run_after=None
[2024-06-07T08:16:44.653+0000] {processor.py:183} INFO - Processing /home/airflow/.local/lib/python3.12/site-packages/airflow/example_dags/example_bash_decorator.py took 0.473 seconds
[2024-06-07T08:17:15.317+0000] {processor.py:161} INFO - Started process (PID=1865) to work on /home/airflow/.local/lib/python3.12/site-packages/airflow/example_dags/example_bash_decorator.py
[2024-06-07T08:17:15.319+0000] {processor.py:830} INFO - Processing file /home/airflow/.local/lib/python3.12/site-packages/airflow/example_dags/example_bash_decorator.py for tasks to queue
[2024-06-07T08:17:15.325+0000] {logging_mixin.py:188} INFO - [2024-06-07T08:17:15.321+0000] {dagbag.py:545} INFO - Filling up the DagBag from /home/airflow/.local/lib/python3.12/site-packages/airflow/example_dags/example_bash_decorator.py
[2024-06-07T08:17:15.400+0000] {processor.py:840} INFO - DAG(s) 'example_bash_decorator' retrieved from /home/airflow/.local/lib/python3.12/site-packages/airflow/example_dags/example_bash_decorator.py
[2024-06-07T08:17:15.533+0000] {logging_mixin.py:188} INFO - [2024-06-07T08:17:15.533+0000] {dag.py:3096} INFO - Sync 1 DAGs
[2024-06-07T08:17:15.594+0000] {logging_mixin.py:188} INFO - [2024-06-07T08:17:15.593+0000] {dag.py:3954} INFO - Setting next_dagrun for example_bash_decorator to None, run_after=None
[2024-06-07T08:17:15.827+0000] {processor.py:183} INFO - Processing /home/airflow/.local/lib/python3.12/site-packages/airflow/example_dags/example_bash_decorator.py took 0.541 seconds
[2024-06-07T08:17:56.642+0000] {processor.py:161} INFO - Started process (PID=1938) to work on /home/airflow/.local/lib/python3.12/site-packages/airflow/example_dags/example_bash_decorator.py
[2024-06-07T08:17:56.644+0000] {processor.py:830} INFO - Processing file /home/airflow/.local/lib/python3.12/site-packages/airflow/example_dags/example_bash_decorator.py for tasks to queue
[2024-06-07T08:17:56.658+0000] {logging_mixin.py:188} INFO - [2024-06-07T08:17:56.646+0000] {dagbag.py:545} INFO - Filling up the DagBag from /home/airflow/.local/lib/python3.12/site-packages/airflow/example_dags/example_bash_decorator.py
[2024-06-07T08:17:56.758+0000] {processor.py:840} INFO - DAG(s) 'example_bash_decorator' retrieved from /home/airflow/.local/lib/python3.12/site-packages/airflow/example_dags/example_bash_decorator.py
[2024-06-07T08:17:56.855+0000] {logging_mixin.py:188} INFO - [2024-06-07T08:17:56.854+0000] {dag.py:3096} INFO - Sync 1 DAGs
[2024-06-07T08:17:56.906+0000] {logging_mixin.py:188} INFO - [2024-06-07T08:17:56.904+0000] {dag.py:3954} INFO - Setting next_dagrun for example_bash_decorator to None, run_after=None
[2024-06-07T08:17:57.364+0000] {processor.py:183} INFO - Processing /home/airflow/.local/lib/python3.12/site-packages/airflow/example_dags/example_bash_decorator.py took 0.822 seconds
[2024-06-07T08:18:27.517+0000] {processor.py:161} INFO - Started process (PID=1995) to work on /home/airflow/.local/lib/python3.12/site-packages/airflow/example_dags/example_bash_decorator.py
[2024-06-07T08:18:27.518+0000] {processor.py:830} INFO - Processing file /home/airflow/.local/lib/python3.12/site-packages/airflow/example_dags/example_bash_decorator.py for tasks to queue
[2024-06-07T08:18:27.520+0000] {logging_mixin.py:188} INFO - [2024-06-07T08:18:27.519+0000] {dagbag.py:545} INFO - Filling up the DagBag from /home/airflow/.local/lib/python3.12/site-packages/airflow/example_dags/example_bash_decorator.py
[2024-06-07T08:18:27.551+0000] {processor.py:840} INFO - DAG(s) 'example_bash_decorator' retrieved from /home/airflow/.local/lib/python3.12/site-packages/airflow/example_dags/example_bash_decorator.py
[2024-06-07T08:18:27.621+0000] {logging_mixin.py:188} INFO - [2024-06-07T08:18:27.620+0000] {dag.py:3096} INFO - Sync 1 DAGs
[2024-06-07T08:18:27.650+0000] {logging_mixin.py:188} INFO - [2024-06-07T08:18:27.649+0000] {dag.py:3954} INFO - Setting next_dagrun for example_bash_decorator to None, run_after=None
[2024-06-07T08:18:27.888+0000] {processor.py:183} INFO - Processing /home/airflow/.local/lib/python3.12/site-packages/airflow/example_dags/example_bash_decorator.py took 0.383 seconds
[2024-06-07T08:18:58.861+0000] {processor.py:161} INFO - Started process (PID=2054) to work on /home/airflow/.local/lib/python3.12/site-packages/airflow/example_dags/example_bash_decorator.py
[2024-06-07T08:18:58.867+0000] {processor.py:830} INFO - Processing file /home/airflow/.local/lib/python3.12/site-packages/airflow/example_dags/example_bash_decorator.py for tasks to queue
[2024-06-07T08:18:58.876+0000] {logging_mixin.py:188} INFO - [2024-06-07T08:18:58.870+0000] {dagbag.py:545} INFO - Filling up the DagBag from /home/airflow/.local/lib/python3.12/site-packages/airflow/example_dags/example_bash_decorator.py
[2024-06-07T08:18:58.935+0000] {processor.py:840} INFO - DAG(s) 'example_bash_decorator' retrieved from /home/airflow/.local/lib/python3.12/site-packages/airflow/example_dags/example_bash_decorator.py
[2024-06-07T08:18:59.062+0000] {logging_mixin.py:188} INFO - [2024-06-07T08:18:59.062+0000] {dag.py:3096} INFO - Sync 1 DAGs
[2024-06-07T08:18:59.147+0000] {logging_mixin.py:188} INFO - [2024-06-07T08:18:59.146+0000] {dag.py:3954} INFO - Setting next_dagrun for example_bash_decorator to None, run_after=None
[2024-06-07T08:18:59.604+0000] {processor.py:183} INFO - Processing /home/airflow/.local/lib/python3.12/site-packages/airflow/example_dags/example_bash_decorator.py took 0.764 seconds
[2024-06-07T08:19:31.833+0000] {processor.py:161} INFO - Started process (PID=2097) to work on /home/airflow/.local/lib/python3.12/site-packages/airflow/example_dags/example_bash_decorator.py
[2024-06-07T08:19:31.835+0000] {processor.py:830} INFO - Processing file /home/airflow/.local/lib/python3.12/site-packages/airflow/example_dags/example_bash_decorator.py for tasks to queue
[2024-06-07T08:19:31.838+0000] {logging_mixin.py:188} INFO - [2024-06-07T08:19:31.837+0000] {dagbag.py:545} INFO - Filling up the DagBag from /home/airflow/.local/lib/python3.12/site-packages/airflow/example_dags/example_bash_decorator.py
[2024-06-07T08:19:31.910+0000] {processor.py:840} INFO - DAG(s) 'example_bash_decorator' retrieved from /home/airflow/.local/lib/python3.12/site-packages/airflow/example_dags/example_bash_decorator.py
[2024-06-07T08:19:32.001+0000] {logging_mixin.py:188} INFO - [2024-06-07T08:19:32.000+0000] {dag.py:3096} INFO - Sync 1 DAGs
[2024-06-07T08:19:32.058+0000] {logging_mixin.py:188} INFO - [2024-06-07T08:19:32.058+0000] {dag.py:3954} INFO - Setting next_dagrun for example_bash_decorator to None, run_after=None
[2024-06-07T08:19:32.247+0000] {processor.py:183} INFO - Processing /home/airflow/.local/lib/python3.12/site-packages/airflow/example_dags/example_bash_decorator.py took 0.434 seconds
[2024-06-07T08:20:02.388+0000] {processor.py:161} INFO - Started process (PID=2153) to work on /home/airflow/.local/lib/python3.12/site-packages/airflow/example_dags/example_bash_decorator.py
[2024-06-07T08:20:02.390+0000] {processor.py:830} INFO - Processing file /home/airflow/.local/lib/python3.12/site-packages/airflow/example_dags/example_bash_decorator.py for tasks to queue
[2024-06-07T08:20:02.393+0000] {logging_mixin.py:188} INFO - [2024-06-07T08:20:02.392+0000] {dagbag.py:545} INFO - Filling up the DagBag from /home/airflow/.local/lib/python3.12/site-packages/airflow/example_dags/example_bash_decorator.py
[2024-06-07T08:20:02.447+0000] {processor.py:840} INFO - DAG(s) 'example_bash_decorator' retrieved from /home/airflow/.local/lib/python3.12/site-packages/airflow/example_dags/example_bash_decorator.py
[2024-06-07T08:20:02.642+0000] {logging_mixin.py:188} INFO - [2024-06-07T08:20:02.642+0000] {dag.py:3096} INFO - Sync 1 DAGs
[2024-06-07T08:20:02.750+0000] {logging_mixin.py:188} INFO - [2024-06-07T08:20:02.749+0000] {dag.py:3954} INFO - Setting next_dagrun for example_bash_decorator to None, run_after=None
[2024-06-07T08:20:02.871+0000] {processor.py:183} INFO - Processing /home/airflow/.local/lib/python3.12/site-packages/airflow/example_dags/example_bash_decorator.py took 0.498 seconds
[2024-06-07T08:20:32.999+0000] {processor.py:161} INFO - Started process (PID=2211) to work on /home/airflow/.local/lib/python3.12/site-packages/airflow/example_dags/example_bash_decorator.py
[2024-06-07T08:20:33.002+0000] {processor.py:830} INFO - Processing file /home/airflow/.local/lib/python3.12/site-packages/airflow/example_dags/example_bash_decorator.py for tasks to queue
[2024-06-07T08:20:33.004+0000] {logging_mixin.py:188} INFO - [2024-06-07T08:20:33.003+0000] {dagbag.py:545} INFO - Filling up the DagBag from /home/airflow/.local/lib/python3.12/site-packages/airflow/example_dags/example_bash_decorator.py
[2024-06-07T08:20:33.043+0000] {processor.py:840} INFO - DAG(s) 'example_bash_decorator' retrieved from /home/airflow/.local/lib/python3.12/site-packages/airflow/example_dags/example_bash_decorator.py
[2024-06-07T08:20:33.121+0000] {logging_mixin.py:188} INFO - [2024-06-07T08:20:33.121+0000] {dag.py:3096} INFO - Sync 1 DAGs
[2024-06-07T08:20:33.153+0000] {logging_mixin.py:188} INFO - [2024-06-07T08:20:33.152+0000] {dag.py:3954} INFO - Setting next_dagrun for example_bash_decorator to None, run_after=None
[2024-06-07T08:20:33.295+0000] {processor.py:183} INFO - Processing /home/airflow/.local/lib/python3.12/site-packages/airflow/example_dags/example_bash_decorator.py took 0.319 seconds
[2024-06-07T08:21:04.066+0000] {processor.py:161} INFO - Started process (PID=2268) to work on /home/airflow/.local/lib/python3.12/site-packages/airflow/example_dags/example_bash_decorator.py
[2024-06-07T08:21:04.068+0000] {processor.py:830} INFO - Processing file /home/airflow/.local/lib/python3.12/site-packages/airflow/example_dags/example_bash_decorator.py for tasks to queue
[2024-06-07T08:21:04.070+0000] {logging_mixin.py:188} INFO - [2024-06-07T08:21:04.069+0000] {dagbag.py:545} INFO - Filling up the DagBag from /home/airflow/.local/lib/python3.12/site-packages/airflow/example_dags/example_bash_decorator.py
[2024-06-07T08:21:04.099+0000] {processor.py:840} INFO - DAG(s) 'example_bash_decorator' retrieved from /home/airflow/.local/lib/python3.12/site-packages/airflow/example_dags/example_bash_decorator.py
[2024-06-07T08:21:04.154+0000] {logging_mixin.py:188} INFO - [2024-06-07T08:21:04.154+0000] {dag.py:3096} INFO - Sync 1 DAGs
[2024-06-07T08:21:04.185+0000] {logging_mixin.py:188} INFO - [2024-06-07T08:21:04.184+0000] {dag.py:3954} INFO - Setting next_dagrun for example_bash_decorator to None, run_after=None
[2024-06-07T08:21:04.456+0000] {processor.py:183} INFO - Processing /home/airflow/.local/lib/python3.12/site-packages/airflow/example_dags/example_bash_decorator.py took 0.403 seconds
[2024-06-07T08:21:35.253+0000] {processor.py:161} INFO - Started process (PID=2326) to work on /home/airflow/.local/lib/python3.12/site-packages/airflow/example_dags/example_bash_decorator.py
[2024-06-07T08:21:35.255+0000] {processor.py:830} INFO - Processing file /home/airflow/.local/lib/python3.12/site-packages/airflow/example_dags/example_bash_decorator.py for tasks to queue
[2024-06-07T08:21:35.257+0000] {logging_mixin.py:188} INFO - [2024-06-07T08:21:35.256+0000] {dagbag.py:545} INFO - Filling up the DagBag from /home/airflow/.local/lib/python3.12/site-packages/airflow/example_dags/example_bash_decorator.py
[2024-06-07T08:21:35.284+0000] {processor.py:840} INFO - DAG(s) 'example_bash_decorator' retrieved from /home/airflow/.local/lib/python3.12/site-packages/airflow/example_dags/example_bash_decorator.py
[2024-06-07T08:21:35.341+0000] {logging_mixin.py:188} INFO - [2024-06-07T08:21:35.340+0000] {dag.py:3096} INFO - Sync 1 DAGs
[2024-06-07T08:21:35.374+0000] {logging_mixin.py:188} INFO - [2024-06-07T08:21:35.374+0000] {dag.py:3954} INFO - Setting next_dagrun for example_bash_decorator to None, run_after=None
[2024-06-07T08:21:35.740+0000] {processor.py:183} INFO - Processing /home/airflow/.local/lib/python3.12/site-packages/airflow/example_dags/example_bash_decorator.py took 0.501 seconds
[2024-06-07T08:22:07.529+0000] {processor.py:161} INFO - Started process (PID=2384) to work on /home/airflow/.local/lib/python3.12/site-packages/airflow/example_dags/example_bash_decorator.py
[2024-06-07T08:22:07.532+0000] {processor.py:830} INFO - Processing file /home/airflow/.local/lib/python3.12/site-packages/airflow/example_dags/example_bash_decorator.py for tasks to queue
[2024-06-07T08:22:07.535+0000] {logging_mixin.py:188} INFO - [2024-06-07T08:22:07.534+0000] {dagbag.py:545} INFO - Filling up the DagBag from /home/airflow/.local/lib/python3.12/site-packages/airflow/example_dags/example_bash_decorator.py
[2024-06-07T08:22:07.589+0000] {processor.py:840} INFO - DAG(s) 'example_bash_decorator' retrieved from /home/airflow/.local/lib/python3.12/site-packages/airflow/example_dags/example_bash_decorator.py
[2024-06-07T08:22:07.766+0000] {logging_mixin.py:188} INFO - [2024-06-07T08:22:07.765+0000] {dag.py:3096} INFO - Sync 1 DAGs
[2024-06-07T08:22:07.865+0000] {logging_mixin.py:188} INFO - [2024-06-07T08:22:07.865+0000] {dag.py:3954} INFO - Setting next_dagrun for example_bash_decorator to None, run_after=None
[2024-06-07T08:22:09.752+0000] {processor.py:183} INFO - Processing /home/airflow/.local/lib/python3.12/site-packages/airflow/example_dags/example_bash_decorator.py took 2.243 seconds
[2024-06-07T08:22:40.168+0000] {processor.py:161} INFO - Started process (PID=2442) to work on /home/airflow/.local/lib/python3.12/site-packages/airflow/example_dags/example_bash_decorator.py
[2024-06-07T08:22:40.170+0000] {processor.py:830} INFO - Processing file /home/airflow/.local/lib/python3.12/site-packages/airflow/example_dags/example_bash_decorator.py for tasks to queue
[2024-06-07T08:22:40.173+0000] {logging_mixin.py:188} INFO - [2024-06-07T08:22:40.172+0000] {dagbag.py:545} INFO - Filling up the DagBag from /home/airflow/.local/lib/python3.12/site-packages/airflow/example_dags/example_bash_decorator.py
[2024-06-07T08:22:40.273+0000] {processor.py:840} INFO - DAG(s) 'example_bash_decorator' retrieved from /home/airflow/.local/lib/python3.12/site-packages/airflow/example_dags/example_bash_decorator.py
[2024-06-07T08:22:40.359+0000] {logging_mixin.py:188} INFO - [2024-06-07T08:22:40.358+0000] {dag.py:3096} INFO - Sync 1 DAGs
[2024-06-07T08:22:40.424+0000] {logging_mixin.py:188} INFO - [2024-06-07T08:22:40.424+0000] {dag.py:3954} INFO - Setting next_dagrun for example_bash_decorator to None, run_after=None
[2024-06-07T08:22:40.673+0000] {processor.py:183} INFO - Processing /home/airflow/.local/lib/python3.12/site-packages/airflow/example_dags/example_bash_decorator.py took 0.521 seconds
[2024-06-07T08:23:11.262+0000] {processor.py:161} INFO - Started process (PID=2501) to work on /home/airflow/.local/lib/python3.12/site-packages/airflow/example_dags/example_bash_decorator.py
[2024-06-07T08:23:11.264+0000] {processor.py:830} INFO - Processing file /home/airflow/.local/lib/python3.12/site-packages/airflow/example_dags/example_bash_decorator.py for tasks to queue
[2024-06-07T08:23:11.267+0000] {logging_mixin.py:188} INFO - [2024-06-07T08:23:11.266+0000] {dagbag.py:545} INFO - Filling up the DagBag from /home/airflow/.local/lib/python3.12/site-packages/airflow/example_dags/example_bash_decorator.py
[2024-06-07T08:23:11.312+0000] {processor.py:840} INFO - DAG(s) 'example_bash_decorator' retrieved from /home/airflow/.local/lib/python3.12/site-packages/airflow/example_dags/example_bash_decorator.py
[2024-06-07T08:23:11.425+0000] {logging_mixin.py:188} INFO - [2024-06-07T08:23:11.420+0000] {dag.py:3096} INFO - Sync 1 DAGs
[2024-06-07T08:23:11.474+0000] {logging_mixin.py:188} INFO - [2024-06-07T08:23:11.474+0000] {dag.py:3954} INFO - Setting next_dagrun for example_bash_decorator to None, run_after=None
[2024-06-07T08:23:11.732+0000] {processor.py:183} INFO - Processing /home/airflow/.local/lib/python3.12/site-packages/airflow/example_dags/example_bash_decorator.py took 0.491 seconds
