[2024-06-07T07:55:16.966+0000] {processor.py:161} INFO - Started process (PID=94) to work on /home/airflow/.local/lib/python3.12/site-packages/airflow/example_dags/example_sensors.py
[2024-06-07T07:55:16.973+0000] {processor.py:830} INFO - Processing file /home/airflow/.local/lib/python3.12/site-packages/airflow/example_dags/example_sensors.py for tasks to queue
[2024-06-07T07:55:16.990+0000] {logging_mixin.py:188} INFO - [2024-06-07T07:55:16.988+0000] {dagbag.py:545} INFO - Filling up the DagBag from /home/airflow/.local/lib/python3.12/site-packages/airflow/example_dags/example_sensors.py
[2024-06-07T07:55:17.064+0000] {processor.py:840} INFO - DAG(s) 'example_sensors' retrieved from /home/airflow/.local/lib/python3.12/site-packages/airflow/example_dags/example_sensors.py
[2024-06-07T07:55:17.980+0000] {logging_mixin.py:188} INFO - [2024-06-07T07:55:17.978+0000] {override.py:1829} INFO - Created Permission View: can delete on DAG:example_sensors
[2024-06-07T07:55:18.090+0000] {logging_mixin.py:188} INFO - [2024-06-07T07:55:18.089+0000] {override.py:1829} INFO - Created Permission View: can read on DAG:example_sensors
[2024-06-07T07:55:18.200+0000] {logging_mixin.py:188} INFO - [2024-06-07T07:55:18.200+0000] {override.py:1829} INFO - Created Permission View: can edit on DAG:example_sensors
[2024-06-07T07:55:18.207+0000] {logging_mixin.py:188} INFO - [2024-06-07T07:55:18.207+0000] {dag.py:3096} INFO - Sync 1 DAGs
[2024-06-07T07:55:18.242+0000] {logging_mixin.py:188} INFO - [2024-06-07T07:55:18.241+0000] {dag.py:3118} INFO - Creating ORM DAG for example_sensors
[2024-06-07T07:55:18.260+0000] {logging_mixin.py:188} INFO - [2024-06-07T07:55:18.244+0000] {dag.py:3954} INFO - Setting next_dagrun for example_sensors to None, run_after=None
[2024-06-07T07:55:18.468+0000] {processor.py:183} INFO - Processing /home/airflow/.local/lib/python3.12/site-packages/airflow/example_dags/example_sensors.py took 1.554 seconds
[2024-06-07T07:55:49.063+0000] {processor.py:161} INFO - Started process (PID=152) to work on /home/airflow/.local/lib/python3.12/site-packages/airflow/example_dags/example_sensors.py
[2024-06-07T07:55:49.065+0000] {processor.py:830} INFO - Processing file /home/airflow/.local/lib/python3.12/site-packages/airflow/example_dags/example_sensors.py for tasks to queue
[2024-06-07T07:55:49.079+0000] {logging_mixin.py:188} INFO - [2024-06-07T07:55:49.078+0000] {dagbag.py:545} INFO - Filling up the DagBag from /home/airflow/.local/lib/python3.12/site-packages/airflow/example_dags/example_sensors.py
[2024-06-07T07:55:49.206+0000] {processor.py:840} INFO - DAG(s) 'example_sensors' retrieved from /home/airflow/.local/lib/python3.12/site-packages/airflow/example_dags/example_sensors.py
[2024-06-07T07:55:49.494+0000] {logging_mixin.py:188} INFO - [2024-06-07T07:55:49.493+0000] {dag.py:3096} INFO - Sync 1 DAGs
[2024-06-07T07:55:49.651+0000] {logging_mixin.py:188} INFO - [2024-06-07T07:55:49.638+0000] {dag.py:3954} INFO - Setting next_dagrun for example_sensors to None, run_after=None
[2024-06-07T07:55:49.989+0000] {processor.py:183} INFO - Processing /home/airflow/.local/lib/python3.12/site-packages/airflow/example_dags/example_sensors.py took 0.958 seconds
[2024-06-07T07:56:20.203+0000] {processor.py:161} INFO - Started process (PID=216) to work on /home/airflow/.local/lib/python3.12/site-packages/airflow/example_dags/example_sensors.py
[2024-06-07T07:56:20.206+0000] {processor.py:830} INFO - Processing file /home/airflow/.local/lib/python3.12/site-packages/airflow/example_dags/example_sensors.py for tasks to queue
[2024-06-07T07:56:20.212+0000] {logging_mixin.py:188} INFO - [2024-06-07T07:56:20.211+0000] {dagbag.py:545} INFO - Filling up the DagBag from /home/airflow/.local/lib/python3.12/site-packages/airflow/example_dags/example_sensors.py
[2024-06-07T07:56:20.260+0000] {processor.py:840} INFO - DAG(s) 'example_sensors' retrieved from /home/airflow/.local/lib/python3.12/site-packages/airflow/example_dags/example_sensors.py
[2024-06-07T07:56:20.462+0000] {logging_mixin.py:188} INFO - [2024-06-07T07:56:20.461+0000] {dag.py:3096} INFO - Sync 1 DAGs
[2024-06-07T07:56:20.555+0000] {logging_mixin.py:188} INFO - [2024-06-07T07:56:20.555+0000] {dag.py:3954} INFO - Setting next_dagrun for example_sensors to None, run_after=None
[2024-06-07T07:56:20.731+0000] {processor.py:183} INFO - Processing /home/airflow/.local/lib/python3.12/site-packages/airflow/example_dags/example_sensors.py took 0.544 seconds
[2024-06-07T07:57:11.298+0000] {processor.py:161} INFO - Started process (PID=278) to work on /home/airflow/.local/lib/python3.12/site-packages/airflow/example_dags/example_sensors.py
[2024-06-07T07:57:11.331+0000] {processor.py:830} INFO - Processing file /home/airflow/.local/lib/python3.12/site-packages/airflow/example_dags/example_sensors.py for tasks to queue
[2024-06-07T07:57:11.350+0000] {logging_mixin.py:188} INFO - [2024-06-07T07:57:11.349+0000] {dagbag.py:545} INFO - Filling up the DagBag from /home/airflow/.local/lib/python3.12/site-packages/airflow/example_dags/example_sensors.py
[2024-06-07T07:57:11.509+0000] {processor.py:840} INFO - DAG(s) 'example_sensors' retrieved from /home/airflow/.local/lib/python3.12/site-packages/airflow/example_dags/example_sensors.py
[2024-06-07T07:57:11.931+0000] {logging_mixin.py:188} INFO - [2024-06-07T07:57:11.904+0000] {dag.py:3096} INFO - Sync 1 DAGs
[2024-06-07T07:57:12.084+0000] {logging_mixin.py:188} INFO - [2024-06-07T07:57:12.083+0000] {dag.py:3954} INFO - Setting next_dagrun for example_sensors to None, run_after=None
[2024-06-07T07:57:12.604+0000] {processor.py:183} INFO - Processing /home/airflow/.local/lib/python3.12/site-packages/airflow/example_dags/example_sensors.py took 1.481 seconds
[2024-06-07T07:57:43.342+0000] {processor.py:161} INFO - Started process (PID=336) to work on /home/airflow/.local/lib/python3.12/site-packages/airflow/example_dags/example_sensors.py
[2024-06-07T07:57:43.356+0000] {processor.py:830} INFO - Processing file /home/airflow/.local/lib/python3.12/site-packages/airflow/example_dags/example_sensors.py for tasks to queue
[2024-06-07T07:57:43.375+0000] {logging_mixin.py:188} INFO - [2024-06-07T07:57:43.374+0000] {dagbag.py:545} INFO - Filling up the DagBag from /home/airflow/.local/lib/python3.12/site-packages/airflow/example_dags/example_sensors.py
[2024-06-07T07:57:43.520+0000] {processor.py:840} INFO - DAG(s) 'example_sensors' retrieved from /home/airflow/.local/lib/python3.12/site-packages/airflow/example_dags/example_sensors.py
[2024-06-07T07:57:43.823+0000] {logging_mixin.py:188} INFO - [2024-06-07T07:57:43.823+0000] {dag.py:3096} INFO - Sync 1 DAGs
[2024-06-07T07:57:43.934+0000] {logging_mixin.py:188} INFO - [2024-06-07T07:57:43.934+0000] {dag.py:3954} INFO - Setting next_dagrun for example_sensors to None, run_after=None
[2024-06-07T07:57:44.261+0000] {processor.py:183} INFO - Processing /home/airflow/.local/lib/python3.12/site-packages/airflow/example_dags/example_sensors.py took 0.978 seconds
[2024-06-07T07:58:17.946+0000] {processor.py:161} INFO - Started process (PID=395) to work on /home/airflow/.local/lib/python3.12/site-packages/airflow/example_dags/example_sensors.py
[2024-06-07T07:58:17.961+0000] {processor.py:830} INFO - Processing file /home/airflow/.local/lib/python3.12/site-packages/airflow/example_dags/example_sensors.py for tasks to queue
[2024-06-07T07:58:17.988+0000] {logging_mixin.py:188} INFO - [2024-06-07T07:58:17.987+0000] {dagbag.py:545} INFO - Filling up the DagBag from /home/airflow/.local/lib/python3.12/site-packages/airflow/example_dags/example_sensors.py
[2024-06-07T07:58:18.140+0000] {processor.py:840} INFO - DAG(s) 'example_sensors' retrieved from /home/airflow/.local/lib/python3.12/site-packages/airflow/example_dags/example_sensors.py
[2024-06-07T07:58:18.171+0000] {logging_mixin.py:188} INFO - [2024-06-07T07:58:18.171+0000] {dag.py:3096} INFO - Sync 1 DAGs
[2024-06-07T07:58:18.206+0000] {logging_mixin.py:188} INFO - [2024-06-07T07:58:18.206+0000] {dag.py:3954} INFO - Setting next_dagrun for example_sensors to None, run_after=None
[2024-06-07T07:58:18.318+0000] {processor.py:183} INFO - Processing /home/airflow/.local/lib/python3.12/site-packages/airflow/example_dags/example_sensors.py took 0.405 seconds
[2024-06-07T07:59:01.465+0000] {processor.py:161} INFO - Started process (PID=464) to work on /home/airflow/.local/lib/python3.12/site-packages/airflow/example_dags/example_sensors.py
[2024-06-07T07:59:01.467+0000] {processor.py:830} INFO - Processing file /home/airflow/.local/lib/python3.12/site-packages/airflow/example_dags/example_sensors.py for tasks to queue
[2024-06-07T07:59:01.471+0000] {logging_mixin.py:188} INFO - [2024-06-07T07:59:01.470+0000] {dagbag.py:545} INFO - Filling up the DagBag from /home/airflow/.local/lib/python3.12/site-packages/airflow/example_dags/example_sensors.py
[2024-06-07T07:59:01.498+0000] {processor.py:840} INFO - DAG(s) 'example_sensors' retrieved from /home/airflow/.local/lib/python3.12/site-packages/airflow/example_dags/example_sensors.py
[2024-06-07T07:59:01.876+0000] {logging_mixin.py:188} INFO - [2024-06-07T07:59:01.875+0000] {dag.py:3096} INFO - Sync 1 DAGs
[2024-06-07T07:59:01.908+0000] {logging_mixin.py:188} INFO - [2024-06-07T07:59:01.908+0000] {dag.py:3954} INFO - Setting next_dagrun for example_sensors to None, run_after=None
[2024-06-07T07:59:02.531+0000] {processor.py:183} INFO - Processing /home/airflow/.local/lib/python3.12/site-packages/airflow/example_dags/example_sensors.py took 1.083 seconds
[2024-06-07T07:59:32.986+0000] {processor.py:161} INFO - Started process (PID=522) to work on /home/airflow/.local/lib/python3.12/site-packages/airflow/example_dags/example_sensors.py
[2024-06-07T07:59:32.988+0000] {processor.py:830} INFO - Processing file /home/airflow/.local/lib/python3.12/site-packages/airflow/example_dags/example_sensors.py for tasks to queue
[2024-06-07T07:59:32.999+0000] {logging_mixin.py:188} INFO - [2024-06-07T07:59:32.998+0000] {dagbag.py:545} INFO - Filling up the DagBag from /home/airflow/.local/lib/python3.12/site-packages/airflow/example_dags/example_sensors.py
[2024-06-07T07:59:33.049+0000] {processor.py:840} INFO - DAG(s) 'example_sensors' retrieved from /home/airflow/.local/lib/python3.12/site-packages/airflow/example_dags/example_sensors.py
[2024-06-07T07:59:33.139+0000] {logging_mixin.py:188} INFO - [2024-06-07T07:59:33.139+0000] {dag.py:3096} INFO - Sync 1 DAGs
[2024-06-07T07:59:33.178+0000] {logging_mixin.py:188} INFO - [2024-06-07T07:59:33.177+0000] {dag.py:3954} INFO - Setting next_dagrun for example_sensors to None, run_after=None
[2024-06-07T07:59:33.287+0000] {processor.py:183} INFO - Processing /home/airflow/.local/lib/python3.12/site-packages/airflow/example_dags/example_sensors.py took 0.334 seconds
[2024-06-07T08:00:39.230+0000] {processor.py:161} INFO - Started process (PID=600) to work on /home/airflow/.local/lib/python3.12/site-packages/airflow/example_dags/example_sensors.py
[2024-06-07T08:00:39.260+0000] {processor.py:830} INFO - Processing file /home/airflow/.local/lib/python3.12/site-packages/airflow/example_dags/example_sensors.py for tasks to queue
[2024-06-07T08:00:39.278+0000] {logging_mixin.py:188} INFO - [2024-06-07T08:00:39.277+0000] {dagbag.py:545} INFO - Filling up the DagBag from /home/airflow/.local/lib/python3.12/site-packages/airflow/example_dags/example_sensors.py
[2024-06-07T08:00:39.406+0000] {processor.py:840} INFO - DAG(s) 'example_sensors' retrieved from /home/airflow/.local/lib/python3.12/site-packages/airflow/example_dags/example_sensors.py
[2024-06-07T08:00:39.731+0000] {logging_mixin.py:188} INFO - [2024-06-07T08:00:39.730+0000] {dag.py:3096} INFO - Sync 1 DAGs
[2024-06-07T08:00:40.001+0000] {logging_mixin.py:188} INFO - [2024-06-07T08:00:39.967+0000] {dag.py:3954} INFO - Setting next_dagrun for example_sensors to None, run_after=None
[2024-06-07T08:00:40.821+0000] {processor.py:183} INFO - Processing /home/airflow/.local/lib/python3.12/site-packages/airflow/example_dags/example_sensors.py took 1.708 seconds
[2024-06-07T08:01:14.735+0000] {processor.py:161} INFO - Started process (PID=658) to work on /home/airflow/.local/lib/python3.12/site-packages/airflow/example_dags/example_sensors.py
[2024-06-07T08:01:14.772+0000] {processor.py:830} INFO - Processing file /home/airflow/.local/lib/python3.12/site-packages/airflow/example_dags/example_sensors.py for tasks to queue
[2024-06-07T08:01:14.839+0000] {logging_mixin.py:188} INFO - [2024-06-07T08:01:14.838+0000] {dagbag.py:545} INFO - Filling up the DagBag from /home/airflow/.local/lib/python3.12/site-packages/airflow/example_dags/example_sensors.py
[2024-06-07T08:01:15.068+0000] {processor.py:840} INFO - DAG(s) 'example_sensors' retrieved from /home/airflow/.local/lib/python3.12/site-packages/airflow/example_dags/example_sensors.py
[2024-06-07T08:01:15.442+0000] {logging_mixin.py:188} INFO - [2024-06-07T08:01:15.442+0000] {dag.py:3096} INFO - Sync 1 DAGs
[2024-06-07T08:01:15.555+0000] {logging_mixin.py:188} INFO - [2024-06-07T08:01:15.555+0000] {dag.py:3954} INFO - Setting next_dagrun for example_sensors to None, run_after=None
[2024-06-07T08:01:15.990+0000] {processor.py:183} INFO - Processing /home/airflow/.local/lib/python3.12/site-packages/airflow/example_dags/example_sensors.py took 1.390 seconds
[2024-06-07T08:02:31.045+0000] {processor.py:161} INFO - Started process (PID=745) to work on /home/airflow/.local/lib/python3.12/site-packages/airflow/example_dags/example_sensors.py
[2024-06-07T08:02:31.048+0000] {processor.py:830} INFO - Processing file /home/airflow/.local/lib/python3.12/site-packages/airflow/example_dags/example_sensors.py for tasks to queue
[2024-06-07T08:02:31.052+0000] {logging_mixin.py:188} INFO - [2024-06-07T08:02:31.052+0000] {dagbag.py:545} INFO - Filling up the DagBag from /home/airflow/.local/lib/python3.12/site-packages/airflow/example_dags/example_sensors.py
[2024-06-07T08:02:31.124+0000] {processor.py:840} INFO - DAG(s) 'example_sensors' retrieved from /home/airflow/.local/lib/python3.12/site-packages/airflow/example_dags/example_sensors.py
[2024-06-07T08:02:31.859+0000] {logging_mixin.py:188} INFO - [2024-06-07T08:02:31.858+0000] {dag.py:3096} INFO - Sync 1 DAGs
[2024-06-07T08:02:31.900+0000] {logging_mixin.py:188} INFO - [2024-06-07T08:02:31.900+0000] {dag.py:3954} INFO - Setting next_dagrun for example_sensors to None, run_after=None
[2024-06-07T08:02:32.020+0000] {processor.py:183} INFO - Processing /home/airflow/.local/lib/python3.12/site-packages/airflow/example_dags/example_sensors.py took 1.038 seconds
[2024-06-07T08:03:02.253+0000] {processor.py:161} INFO - Started process (PID=805) to work on /home/airflow/.local/lib/python3.12/site-packages/airflow/example_dags/example_sensors.py
[2024-06-07T08:03:02.264+0000] {processor.py:830} INFO - Processing file /home/airflow/.local/lib/python3.12/site-packages/airflow/example_dags/example_sensors.py for tasks to queue
[2024-06-07T08:03:02.271+0000] {logging_mixin.py:188} INFO - [2024-06-07T08:03:02.270+0000] {dagbag.py:545} INFO - Filling up the DagBag from /home/airflow/.local/lib/python3.12/site-packages/airflow/example_dags/example_sensors.py
[2024-06-07T08:03:02.306+0000] {processor.py:840} INFO - DAG(s) 'example_sensors' retrieved from /home/airflow/.local/lib/python3.12/site-packages/airflow/example_dags/example_sensors.py
[2024-06-07T08:03:02.495+0000] {logging_mixin.py:188} INFO - [2024-06-07T08:03:02.495+0000] {dag.py:3096} INFO - Sync 1 DAGs
[2024-06-07T08:03:02.544+0000] {logging_mixin.py:188} INFO - [2024-06-07T08:03:02.543+0000] {dag.py:3954} INFO - Setting next_dagrun for example_sensors to None, run_after=None
[2024-06-07T08:03:02.711+0000] {processor.py:183} INFO - Processing /home/airflow/.local/lib/python3.12/site-packages/airflow/example_dags/example_sensors.py took 0.484 seconds
[2024-06-07T08:03:33.677+0000] {processor.py:161} INFO - Started process (PID=863) to work on /home/airflow/.local/lib/python3.12/site-packages/airflow/example_dags/example_sensors.py
[2024-06-07T08:03:33.679+0000] {processor.py:830} INFO - Processing file /home/airflow/.local/lib/python3.12/site-packages/airflow/example_dags/example_sensors.py for tasks to queue
[2024-06-07T08:03:33.682+0000] {logging_mixin.py:188} INFO - [2024-06-07T08:03:33.681+0000] {dagbag.py:545} INFO - Filling up the DagBag from /home/airflow/.local/lib/python3.12/site-packages/airflow/example_dags/example_sensors.py
[2024-06-07T08:03:33.700+0000] {processor.py:840} INFO - DAG(s) 'example_sensors' retrieved from /home/airflow/.local/lib/python3.12/site-packages/airflow/example_dags/example_sensors.py
[2024-06-07T08:03:33.807+0000] {logging_mixin.py:188} INFO - [2024-06-07T08:03:33.807+0000] {dag.py:3096} INFO - Sync 1 DAGs
[2024-06-07T08:03:33.870+0000] {logging_mixin.py:188} INFO - [2024-06-07T08:03:33.869+0000] {dag.py:3954} INFO - Setting next_dagrun for example_sensors to None, run_after=None
[2024-06-07T08:03:34.062+0000] {processor.py:183} INFO - Processing /home/airflow/.local/lib/python3.12/site-packages/airflow/example_dags/example_sensors.py took 0.398 seconds
[2024-06-07T08:04:06.541+0000] {processor.py:161} INFO - Started process (PID=921) to work on /home/airflow/.local/lib/python3.12/site-packages/airflow/example_dags/example_sensors.py
[2024-06-07T08:04:06.544+0000] {processor.py:830} INFO - Processing file /home/airflow/.local/lib/python3.12/site-packages/airflow/example_dags/example_sensors.py for tasks to queue
[2024-06-07T08:04:06.553+0000] {logging_mixin.py:188} INFO - [2024-06-07T08:04:06.551+0000] {dagbag.py:545} INFO - Filling up the DagBag from /home/airflow/.local/lib/python3.12/site-packages/airflow/example_dags/example_sensors.py
[2024-06-07T08:04:06.601+0000] {processor.py:840} INFO - DAG(s) 'example_sensors' retrieved from /home/airflow/.local/lib/python3.12/site-packages/airflow/example_dags/example_sensors.py
[2024-06-07T08:04:06.738+0000] {logging_mixin.py:188} INFO - [2024-06-07T08:04:06.737+0000] {dag.py:3096} INFO - Sync 1 DAGs
[2024-06-07T08:04:06.834+0000] {logging_mixin.py:188} INFO - [2024-06-07T08:04:06.833+0000] {dag.py:3954} INFO - Setting next_dagrun for example_sensors to None, run_after=None
[2024-06-07T08:04:06.934+0000] {processor.py:183} INFO - Processing /home/airflow/.local/lib/python3.12/site-packages/airflow/example_dags/example_sensors.py took 0.412 seconds
[2024-06-07T08:04:40.430+0000] {processor.py:161} INFO - Started process (PID=979) to work on /home/airflow/.local/lib/python3.12/site-packages/airflow/example_dags/example_sensors.py
[2024-06-07T08:04:40.433+0000] {processor.py:830} INFO - Processing file /home/airflow/.local/lib/python3.12/site-packages/airflow/example_dags/example_sensors.py for tasks to queue
[2024-06-07T08:04:40.438+0000] {logging_mixin.py:188} INFO - [2024-06-07T08:04:40.436+0000] {dagbag.py:545} INFO - Filling up the DagBag from /home/airflow/.local/lib/python3.12/site-packages/airflow/example_dags/example_sensors.py
[2024-06-07T08:04:40.474+0000] {processor.py:840} INFO - DAG(s) 'example_sensors' retrieved from /home/airflow/.local/lib/python3.12/site-packages/airflow/example_dags/example_sensors.py
[2024-06-07T08:04:40.595+0000] {logging_mixin.py:188} INFO - [2024-06-07T08:04:40.594+0000] {dag.py:3096} INFO - Sync 1 DAGs
[2024-06-07T08:04:40.651+0000] {logging_mixin.py:188} INFO - [2024-06-07T08:04:40.650+0000] {dag.py:3954} INFO - Setting next_dagrun for example_sensors to None, run_after=None
[2024-06-07T08:04:40.782+0000] {processor.py:183} INFO - Processing /home/airflow/.local/lib/python3.12/site-packages/airflow/example_dags/example_sensors.py took 0.372 seconds
[2024-06-07T08:05:15.510+0000] {processor.py:161} INFO - Started process (PID=1039) to work on /home/airflow/.local/lib/python3.12/site-packages/airflow/example_dags/example_sensors.py
[2024-06-07T08:05:15.512+0000] {processor.py:830} INFO - Processing file /home/airflow/.local/lib/python3.12/site-packages/airflow/example_dags/example_sensors.py for tasks to queue
[2024-06-07T08:05:15.517+0000] {logging_mixin.py:188} INFO - [2024-06-07T08:05:15.516+0000] {dagbag.py:545} INFO - Filling up the DagBag from /home/airflow/.local/lib/python3.12/site-packages/airflow/example_dags/example_sensors.py
[2024-06-07T08:05:15.550+0000] {processor.py:840} INFO - DAG(s) 'example_sensors' retrieved from /home/airflow/.local/lib/python3.12/site-packages/airflow/example_dags/example_sensors.py
[2024-06-07T08:05:15.636+0000] {logging_mixin.py:188} INFO - [2024-06-07T08:05:15.635+0000] {dag.py:3096} INFO - Sync 1 DAGs
[2024-06-07T08:05:15.698+0000] {logging_mixin.py:188} INFO - [2024-06-07T08:05:15.698+0000] {dag.py:3954} INFO - Setting next_dagrun for example_sensors to None, run_after=None
[2024-06-07T08:05:15.837+0000] {processor.py:183} INFO - Processing /home/airflow/.local/lib/python3.12/site-packages/airflow/example_dags/example_sensors.py took 0.344 seconds
[2024-06-07T08:05:46.900+0000] {processor.py:161} INFO - Started process (PID=1097) to work on /home/airflow/.local/lib/python3.12/site-packages/airflow/example_dags/example_sensors.py
[2024-06-07T08:05:46.918+0000] {processor.py:830} INFO - Processing file /home/airflow/.local/lib/python3.12/site-packages/airflow/example_dags/example_sensors.py for tasks to queue
[2024-06-07T08:05:46.924+0000] {logging_mixin.py:188} INFO - [2024-06-07T08:05:46.922+0000] {dagbag.py:545} INFO - Filling up the DagBag from /home/airflow/.local/lib/python3.12/site-packages/airflow/example_dags/example_sensors.py
[2024-06-07T08:05:46.988+0000] {processor.py:840} INFO - DAG(s) 'example_sensors' retrieved from /home/airflow/.local/lib/python3.12/site-packages/airflow/example_dags/example_sensors.py
[2024-06-07T08:05:47.104+0000] {logging_mixin.py:188} INFO - [2024-06-07T08:05:47.103+0000] {dag.py:3096} INFO - Sync 1 DAGs
[2024-06-07T08:05:47.173+0000] {logging_mixin.py:188} INFO - [2024-06-07T08:05:47.172+0000] {dag.py:3954} INFO - Setting next_dagrun for example_sensors to None, run_after=None
[2024-06-07T08:05:47.269+0000] {processor.py:183} INFO - Processing /home/airflow/.local/lib/python3.12/site-packages/airflow/example_dags/example_sensors.py took 0.393 seconds
[2024-06-07T08:06:17.732+0000] {processor.py:161} INFO - Started process (PID=1163) to work on /home/airflow/.local/lib/python3.12/site-packages/airflow/example_dags/example_sensors.py
[2024-06-07T08:06:17.734+0000] {processor.py:830} INFO - Processing file /home/airflow/.local/lib/python3.12/site-packages/airflow/example_dags/example_sensors.py for tasks to queue
[2024-06-07T08:06:17.739+0000] {logging_mixin.py:188} INFO - [2024-06-07T08:06:17.738+0000] {dagbag.py:545} INFO - Filling up the DagBag from /home/airflow/.local/lib/python3.12/site-packages/airflow/example_dags/example_sensors.py
[2024-06-07T08:06:17.766+0000] {processor.py:840} INFO - DAG(s) 'example_sensors' retrieved from /home/airflow/.local/lib/python3.12/site-packages/airflow/example_dags/example_sensors.py
[2024-06-07T08:06:17.839+0000] {logging_mixin.py:188} INFO - [2024-06-07T08:06:17.839+0000] {dag.py:3096} INFO - Sync 1 DAGs
[2024-06-07T08:06:17.881+0000] {logging_mixin.py:188} INFO - [2024-06-07T08:06:17.881+0000] {dag.py:3954} INFO - Setting next_dagrun for example_sensors to None, run_after=None
[2024-06-07T08:06:18.214+0000] {processor.py:183} INFO - Processing /home/airflow/.local/lib/python3.12/site-packages/airflow/example_dags/example_sensors.py took 0.499 seconds
[2024-06-07T08:07:06.823+0000] {processor.py:161} INFO - Started process (PID=1227) to work on /home/airflow/.local/lib/python3.12/site-packages/airflow/example_dags/example_sensors.py
[2024-06-07T08:07:06.826+0000] {processor.py:830} INFO - Processing file /home/airflow/.local/lib/python3.12/site-packages/airflow/example_dags/example_sensors.py for tasks to queue
[2024-06-07T08:07:06.832+0000] {logging_mixin.py:188} INFO - [2024-06-07T08:07:06.831+0000] {dagbag.py:545} INFO - Filling up the DagBag from /home/airflow/.local/lib/python3.12/site-packages/airflow/example_dags/example_sensors.py
[2024-06-07T08:07:07.438+0000] {processor.py:840} INFO - DAG(s) 'example_sensors' retrieved from /home/airflow/.local/lib/python3.12/site-packages/airflow/example_dags/example_sensors.py
[2024-06-07T08:07:07.601+0000] {logging_mixin.py:188} INFO - [2024-06-07T08:07:07.600+0000] {dag.py:3096} INFO - Sync 1 DAGs
[2024-06-07T08:07:07.697+0000] {logging_mixin.py:188} INFO - [2024-06-07T08:07:07.696+0000] {dag.py:3954} INFO - Setting next_dagrun for example_sensors to None, run_after=None
[2024-06-07T08:07:08.258+0000] {processor.py:183} INFO - Processing /home/airflow/.local/lib/python3.12/site-packages/airflow/example_dags/example_sensors.py took 1.474 seconds
[2024-06-07T08:07:59.743+0000] {processor.py:161} INFO - Started process (PID=1288) to work on /home/airflow/.local/lib/python3.12/site-packages/airflow/example_dags/example_sensors.py
[2024-06-07T08:07:59.817+0000] {processor.py:830} INFO - Processing file /home/airflow/.local/lib/python3.12/site-packages/airflow/example_dags/example_sensors.py for tasks to queue
[2024-06-07T08:07:59.838+0000] {logging_mixin.py:188} INFO - [2024-06-07T08:07:59.833+0000] {dagbag.py:545} INFO - Filling up the DagBag from /home/airflow/.local/lib/python3.12/site-packages/airflow/example_dags/example_sensors.py
[2024-06-07T08:07:59.988+0000] {processor.py:840} INFO - DAG(s) 'example_sensors' retrieved from /home/airflow/.local/lib/python3.12/site-packages/airflow/example_dags/example_sensors.py
[2024-06-07T08:08:00.203+0000] {logging_mixin.py:188} INFO - [2024-06-07T08:08:00.202+0000] {dag.py:3096} INFO - Sync 1 DAGs
[2024-06-07T08:08:00.374+0000] {logging_mixin.py:188} INFO - [2024-06-07T08:08:00.373+0000] {dag.py:3954} INFO - Setting next_dagrun for example_sensors to None, run_after=None
[2024-06-07T08:08:00.889+0000] {processor.py:183} INFO - Processing /home/airflow/.local/lib/python3.12/site-packages/airflow/example_dags/example_sensors.py took 1.348 seconds
[2024-06-07T08:08:46.883+0000] {processor.py:161} INFO - Started process (PID=1358) to work on /home/airflow/.local/lib/python3.12/site-packages/airflow/example_dags/example_sensors.py
[2024-06-07T08:08:46.898+0000] {processor.py:830} INFO - Processing file /home/airflow/.local/lib/python3.12/site-packages/airflow/example_dags/example_sensors.py for tasks to queue
[2024-06-07T08:08:46.915+0000] {logging_mixin.py:188} INFO - [2024-06-07T08:08:46.914+0000] {dagbag.py:545} INFO - Filling up the DagBag from /home/airflow/.local/lib/python3.12/site-packages/airflow/example_dags/example_sensors.py
[2024-06-07T08:08:46.970+0000] {processor.py:840} INFO - DAG(s) 'example_sensors' retrieved from /home/airflow/.local/lib/python3.12/site-packages/airflow/example_dags/example_sensors.py
[2024-06-07T08:08:47.005+0000] {logging_mixin.py:188} INFO - [2024-06-07T08:08:47.004+0000] {dag.py:3096} INFO - Sync 1 DAGs
[2024-06-07T08:08:47.227+0000] {logging_mixin.py:188} INFO - [2024-06-07T08:08:47.226+0000] {dag.py:3954} INFO - Setting next_dagrun for example_sensors to None, run_after=None
[2024-06-07T08:08:47.777+0000] {processor.py:183} INFO - Processing /home/airflow/.local/lib/python3.12/site-packages/airflow/example_dags/example_sensors.py took 0.958 seconds
[2024-06-07T08:13:48.082+0000] {processor.py:161} INFO - Started process (PID=1495) to work on /home/airflow/.local/lib/python3.12/site-packages/airflow/example_dags/example_sensors.py
[2024-06-07T08:13:48.121+0000] {processor.py:830} INFO - Processing file /home/airflow/.local/lib/python3.12/site-packages/airflow/example_dags/example_sensors.py for tasks to queue
[2024-06-07T08:13:48.140+0000] {logging_mixin.py:188} INFO - [2024-06-07T08:13:48.139+0000] {dagbag.py:545} INFO - Filling up the DagBag from /home/airflow/.local/lib/python3.12/site-packages/airflow/example_dags/example_sensors.py
[2024-06-07T08:13:48.208+0000] {processor.py:840} INFO - DAG(s) 'example_sensors' retrieved from /home/airflow/.local/lib/python3.12/site-packages/airflow/example_dags/example_sensors.py
[2024-06-07T08:13:48.737+0000] {logging_mixin.py:188} INFO - [2024-06-07T08:13:48.736+0000] {dag.py:3096} INFO - Sync 1 DAGs
[2024-06-07T08:13:49.273+0000] {logging_mixin.py:188} INFO - [2024-06-07T08:13:49.273+0000] {dag.py:3954} INFO - Setting next_dagrun for example_sensors to None, run_after=None
[2024-06-07T08:13:49.432+0000] {processor.py:183} INFO - Processing /home/airflow/.local/lib/python3.12/site-packages/airflow/example_dags/example_sensors.py took 1.401 seconds
[2024-06-07T08:14:20.173+0000] {processor.py:161} INFO - Started process (PID=1552) to work on /home/airflow/.local/lib/python3.12/site-packages/airflow/example_dags/example_sensors.py
[2024-06-07T08:14:20.175+0000] {processor.py:830} INFO - Processing file /home/airflow/.local/lib/python3.12/site-packages/airflow/example_dags/example_sensors.py for tasks to queue
[2024-06-07T08:14:20.178+0000] {logging_mixin.py:188} INFO - [2024-06-07T08:14:20.177+0000] {dagbag.py:545} INFO - Filling up the DagBag from /home/airflow/.local/lib/python3.12/site-packages/airflow/example_dags/example_sensors.py
[2024-06-07T08:14:20.219+0000] {processor.py:840} INFO - DAG(s) 'example_sensors' retrieved from /home/airflow/.local/lib/python3.12/site-packages/airflow/example_dags/example_sensors.py
[2024-06-07T08:14:20.342+0000] {logging_mixin.py:188} INFO - [2024-06-07T08:14:20.342+0000] {dag.py:3096} INFO - Sync 1 DAGs
[2024-06-07T08:14:20.383+0000] {logging_mixin.py:188} INFO - [2024-06-07T08:14:20.382+0000] {dag.py:3954} INFO - Setting next_dagrun for example_sensors to None, run_after=None
[2024-06-07T08:14:21.084+0000] {processor.py:183} INFO - Processing /home/airflow/.local/lib/python3.12/site-packages/airflow/example_dags/example_sensors.py took 0.932 seconds
[2024-06-07T08:14:51.734+0000] {processor.py:161} INFO - Started process (PID=1611) to work on /home/airflow/.local/lib/python3.12/site-packages/airflow/example_dags/example_sensors.py
[2024-06-07T08:14:51.737+0000] {processor.py:830} INFO - Processing file /home/airflow/.local/lib/python3.12/site-packages/airflow/example_dags/example_sensors.py for tasks to queue
[2024-06-07T08:14:51.739+0000] {logging_mixin.py:188} INFO - [2024-06-07T08:14:51.738+0000] {dagbag.py:545} INFO - Filling up the DagBag from /home/airflow/.local/lib/python3.12/site-packages/airflow/example_dags/example_sensors.py
[2024-06-07T08:14:51.760+0000] {processor.py:840} INFO - DAG(s) 'example_sensors' retrieved from /home/airflow/.local/lib/python3.12/site-packages/airflow/example_dags/example_sensors.py
[2024-06-07T08:14:51.825+0000] {logging_mixin.py:188} INFO - [2024-06-07T08:14:51.824+0000] {dag.py:3096} INFO - Sync 1 DAGs
[2024-06-07T08:14:51.865+0000] {logging_mixin.py:188} INFO - [2024-06-07T08:14:51.864+0000] {dag.py:3954} INFO - Setting next_dagrun for example_sensors to None, run_after=None
[2024-06-07T08:14:53.320+0000] {processor.py:183} INFO - Processing /home/airflow/.local/lib/python3.12/site-packages/airflow/example_dags/example_sensors.py took 1.602 seconds
[2024-06-07T08:15:24.943+0000] {processor.py:161} INFO - Started process (PID=1669) to work on /home/airflow/.local/lib/python3.12/site-packages/airflow/example_dags/example_sensors.py
[2024-06-07T08:15:24.945+0000] {processor.py:830} INFO - Processing file /home/airflow/.local/lib/python3.12/site-packages/airflow/example_dags/example_sensors.py for tasks to queue
[2024-06-07T08:15:24.947+0000] {logging_mixin.py:188} INFO - [2024-06-07T08:15:24.947+0000] {dagbag.py:545} INFO - Filling up the DagBag from /home/airflow/.local/lib/python3.12/site-packages/airflow/example_dags/example_sensors.py
[2024-06-07T08:15:24.992+0000] {processor.py:840} INFO - DAG(s) 'example_sensors' retrieved from /home/airflow/.local/lib/python3.12/site-packages/airflow/example_dags/example_sensors.py
[2024-06-07T08:15:25.086+0000] {logging_mixin.py:188} INFO - [2024-06-07T08:15:25.086+0000] {dag.py:3096} INFO - Sync 1 DAGs
[2024-06-07T08:15:25.153+0000] {logging_mixin.py:188} INFO - [2024-06-07T08:15:25.153+0000] {dag.py:3954} INFO - Setting next_dagrun for example_sensors to None, run_after=None
[2024-06-07T08:15:25.400+0000] {processor.py:183} INFO - Processing /home/airflow/.local/lib/python3.12/site-packages/airflow/example_dags/example_sensors.py took 0.481 seconds
[2024-06-07T08:15:55.973+0000] {processor.py:161} INFO - Started process (PID=1727) to work on /home/airflow/.local/lib/python3.12/site-packages/airflow/example_dags/example_sensors.py
[2024-06-07T08:15:55.975+0000] {processor.py:830} INFO - Processing file /home/airflow/.local/lib/python3.12/site-packages/airflow/example_dags/example_sensors.py for tasks to queue
[2024-06-07T08:15:55.979+0000] {logging_mixin.py:188} INFO - [2024-06-07T08:15:55.978+0000] {dagbag.py:545} INFO - Filling up the DagBag from /home/airflow/.local/lib/python3.12/site-packages/airflow/example_dags/example_sensors.py
[2024-06-07T08:15:56.018+0000] {processor.py:840} INFO - DAG(s) 'example_sensors' retrieved from /home/airflow/.local/lib/python3.12/site-packages/airflow/example_dags/example_sensors.py
[2024-06-07T08:15:56.089+0000] {logging_mixin.py:188} INFO - [2024-06-07T08:15:56.088+0000] {dag.py:3096} INFO - Sync 1 DAGs
[2024-06-07T08:15:56.120+0000] {logging_mixin.py:188} INFO - [2024-06-07T08:15:56.120+0000] {dag.py:3954} INFO - Setting next_dagrun for example_sensors to None, run_after=None
[2024-06-07T08:15:56.478+0000] {processor.py:183} INFO - Processing /home/airflow/.local/lib/python3.12/site-packages/airflow/example_dags/example_sensors.py took 0.520 seconds
[2024-06-07T08:16:30.647+0000] {processor.py:161} INFO - Started process (PID=1785) to work on /home/airflow/.local/lib/python3.12/site-packages/airflow/example_dags/example_sensors.py
[2024-06-07T08:16:30.650+0000] {processor.py:830} INFO - Processing file /home/airflow/.local/lib/python3.12/site-packages/airflow/example_dags/example_sensors.py for tasks to queue
[2024-06-07T08:16:30.652+0000] {logging_mixin.py:188} INFO - [2024-06-07T08:16:30.651+0000] {dagbag.py:545} INFO - Filling up the DagBag from /home/airflow/.local/lib/python3.12/site-packages/airflow/example_dags/example_sensors.py
[2024-06-07T08:16:30.678+0000] {processor.py:840} INFO - DAG(s) 'example_sensors' retrieved from /home/airflow/.local/lib/python3.12/site-packages/airflow/example_dags/example_sensors.py
[2024-06-07T08:16:31.316+0000] {logging_mixin.py:188} INFO - [2024-06-07T08:16:31.315+0000] {dag.py:3096} INFO - Sync 1 DAGs
[2024-06-07T08:16:31.372+0000] {logging_mixin.py:188} INFO - [2024-06-07T08:16:31.371+0000] {dag.py:3954} INFO - Setting next_dagrun for example_sensors to None, run_after=None
[2024-06-07T08:16:31.946+0000] {processor.py:183} INFO - Processing /home/airflow/.local/lib/python3.12/site-packages/airflow/example_dags/example_sensors.py took 1.333 seconds
[2024-06-07T08:17:02.529+0000] {processor.py:161} INFO - Started process (PID=1842) to work on /home/airflow/.local/lib/python3.12/site-packages/airflow/example_dags/example_sensors.py
[2024-06-07T08:17:02.531+0000] {processor.py:830} INFO - Processing file /home/airflow/.local/lib/python3.12/site-packages/airflow/example_dags/example_sensors.py for tasks to queue
[2024-06-07T08:17:02.543+0000] {logging_mixin.py:188} INFO - [2024-06-07T08:17:02.533+0000] {dagbag.py:545} INFO - Filling up the DagBag from /home/airflow/.local/lib/python3.12/site-packages/airflow/example_dags/example_sensors.py
[2024-06-07T08:17:02.601+0000] {processor.py:840} INFO - DAG(s) 'example_sensors' retrieved from /home/airflow/.local/lib/python3.12/site-packages/airflow/example_dags/example_sensors.py
[2024-06-07T08:17:02.730+0000] {logging_mixin.py:188} INFO - [2024-06-07T08:17:02.730+0000] {dag.py:3096} INFO - Sync 1 DAGs
[2024-06-07T08:17:02.767+0000] {logging_mixin.py:188} INFO - [2024-06-07T08:17:02.767+0000] {dag.py:3954} INFO - Setting next_dagrun for example_sensors to None, run_after=None
[2024-06-07T08:17:02.914+0000] {processor.py:183} INFO - Processing /home/airflow/.local/lib/python3.12/site-packages/airflow/example_dags/example_sensors.py took 0.430 seconds
[2024-06-07T08:17:53.634+0000] {processor.py:161} INFO - Started process (PID=1929) to work on /home/airflow/.local/lib/python3.12/site-packages/airflow/example_dags/example_sensors.py
[2024-06-07T08:17:53.637+0000] {processor.py:830} INFO - Processing file /home/airflow/.local/lib/python3.12/site-packages/airflow/example_dags/example_sensors.py for tasks to queue
[2024-06-07T08:17:53.640+0000] {logging_mixin.py:188} INFO - [2024-06-07T08:17:53.639+0000] {dagbag.py:545} INFO - Filling up the DagBag from /home/airflow/.local/lib/python3.12/site-packages/airflow/example_dags/example_sensors.py
[2024-06-07T08:17:53.685+0000] {processor.py:840} INFO - DAG(s) 'example_sensors' retrieved from /home/airflow/.local/lib/python3.12/site-packages/airflow/example_dags/example_sensors.py
[2024-06-07T08:17:53.891+0000] {logging_mixin.py:188} INFO - [2024-06-07T08:17:53.891+0000] {dag.py:3096} INFO - Sync 1 DAGs
[2024-06-07T08:17:54.132+0000] {logging_mixin.py:188} INFO - [2024-06-07T08:17:54.131+0000] {dag.py:3954} INFO - Setting next_dagrun for example_sensors to None, run_after=None
[2024-06-07T08:17:54.426+0000] {processor.py:183} INFO - Processing /home/airflow/.local/lib/python3.12/site-packages/airflow/example_dags/example_sensors.py took 0.821 seconds
[2024-06-07T08:18:24.605+0000] {processor.py:161} INFO - Started process (PID=1987) to work on /home/airflow/.local/lib/python3.12/site-packages/airflow/example_dags/example_sensors.py
[2024-06-07T08:18:24.609+0000] {processor.py:830} INFO - Processing file /home/airflow/.local/lib/python3.12/site-packages/airflow/example_dags/example_sensors.py for tasks to queue
[2024-06-07T08:18:24.612+0000] {logging_mixin.py:188} INFO - [2024-06-07T08:18:24.611+0000] {dagbag.py:545} INFO - Filling up the DagBag from /home/airflow/.local/lib/python3.12/site-packages/airflow/example_dags/example_sensors.py
[2024-06-07T08:18:24.672+0000] {processor.py:840} INFO - DAG(s) 'example_sensors' retrieved from /home/airflow/.local/lib/python3.12/site-packages/airflow/example_dags/example_sensors.py
[2024-06-07T08:18:24.776+0000] {logging_mixin.py:188} INFO - [2024-06-07T08:18:24.775+0000] {dag.py:3096} INFO - Sync 1 DAGs
[2024-06-07T08:18:24.829+0000] {logging_mixin.py:188} INFO - [2024-06-07T08:18:24.829+0000] {dag.py:3954} INFO - Setting next_dagrun for example_sensors to None, run_after=None
[2024-06-07T08:18:24.989+0000] {processor.py:183} INFO - Processing /home/airflow/.local/lib/python3.12/site-packages/airflow/example_dags/example_sensors.py took 0.403 seconds
[2024-06-07T08:18:57.329+0000] {processor.py:161} INFO - Started process (PID=2045) to work on /home/airflow/.local/lib/python3.12/site-packages/airflow/example_dags/example_sensors.py
[2024-06-07T08:18:57.331+0000] {processor.py:830} INFO - Processing file /home/airflow/.local/lib/python3.12/site-packages/airflow/example_dags/example_sensors.py for tasks to queue
[2024-06-07T08:18:57.334+0000] {logging_mixin.py:188} INFO - [2024-06-07T08:18:57.333+0000] {dagbag.py:545} INFO - Filling up the DagBag from /home/airflow/.local/lib/python3.12/site-packages/airflow/example_dags/example_sensors.py
[2024-06-07T08:18:57.376+0000] {processor.py:840} INFO - DAG(s) 'example_sensors' retrieved from /home/airflow/.local/lib/python3.12/site-packages/airflow/example_dags/example_sensors.py
[2024-06-07T08:18:57.433+0000] {logging_mixin.py:188} INFO - [2024-06-07T08:18:57.433+0000] {dag.py:3096} INFO - Sync 1 DAGs
[2024-06-07T08:18:57.457+0000] {logging_mixin.py:188} INFO - [2024-06-07T08:18:57.457+0000] {dag.py:3954} INFO - Setting next_dagrun for example_sensors to None, run_after=None
[2024-06-07T08:18:57.705+0000] {processor.py:183} INFO - Processing /home/airflow/.local/lib/python3.12/site-packages/airflow/example_dags/example_sensors.py took 0.394 seconds
[2024-06-07T08:19:35.525+0000] {processor.py:161} INFO - Started process (PID=2107) to work on /home/airflow/.local/lib/python3.12/site-packages/airflow/example_dags/example_sensors.py
[2024-06-07T08:19:35.528+0000] {processor.py:830} INFO - Processing file /home/airflow/.local/lib/python3.12/site-packages/airflow/example_dags/example_sensors.py for tasks to queue
[2024-06-07T08:19:35.531+0000] {logging_mixin.py:188} INFO - [2024-06-07T08:19:35.530+0000] {dagbag.py:545} INFO - Filling up the DagBag from /home/airflow/.local/lib/python3.12/site-packages/airflow/example_dags/example_sensors.py
[2024-06-07T08:19:35.563+0000] {processor.py:840} INFO - DAG(s) 'example_sensors' retrieved from /home/airflow/.local/lib/python3.12/site-packages/airflow/example_dags/example_sensors.py
[2024-06-07T08:19:35.686+0000] {logging_mixin.py:188} INFO - [2024-06-07T08:19:35.686+0000] {dag.py:3096} INFO - Sync 1 DAGs
[2024-06-07T08:19:35.729+0000] {logging_mixin.py:188} INFO - [2024-06-07T08:19:35.728+0000] {dag.py:3954} INFO - Setting next_dagrun for example_sensors to None, run_after=None
[2024-06-07T08:19:35.998+0000] {processor.py:183} INFO - Processing /home/airflow/.local/lib/python3.12/site-packages/airflow/example_dags/example_sensors.py took 0.489 seconds
[2024-06-07T08:20:07.890+0000] {processor.py:161} INFO - Started process (PID=2165) to work on /home/airflow/.local/lib/python3.12/site-packages/airflow/example_dags/example_sensors.py
[2024-06-07T08:20:07.897+0000] {processor.py:830} INFO - Processing file /home/airflow/.local/lib/python3.12/site-packages/airflow/example_dags/example_sensors.py for tasks to queue
[2024-06-07T08:20:07.909+0000] {logging_mixin.py:188} INFO - [2024-06-07T08:20:07.905+0000] {dagbag.py:545} INFO - Filling up the DagBag from /home/airflow/.local/lib/python3.12/site-packages/airflow/example_dags/example_sensors.py
[2024-06-07T08:20:08.040+0000] {processor.py:840} INFO - DAG(s) 'example_sensors' retrieved from /home/airflow/.local/lib/python3.12/site-packages/airflow/example_dags/example_sensors.py
[2024-06-07T08:20:08.223+0000] {logging_mixin.py:188} INFO - [2024-06-07T08:20:08.223+0000] {dag.py:3096} INFO - Sync 1 DAGs
[2024-06-07T08:20:08.279+0000] {logging_mixin.py:188} INFO - [2024-06-07T08:20:08.279+0000] {dag.py:3954} INFO - Setting next_dagrun for example_sensors to None, run_after=None
[2024-06-07T08:20:08.527+0000] {processor.py:183} INFO - Processing /home/airflow/.local/lib/python3.12/site-packages/airflow/example_dags/example_sensors.py took 0.680 seconds
[2024-06-07T08:20:39.277+0000] {processor.py:161} INFO - Started process (PID=2224) to work on /home/airflow/.local/lib/python3.12/site-packages/airflow/example_dags/example_sensors.py
[2024-06-07T08:20:39.290+0000] {processor.py:830} INFO - Processing file /home/airflow/.local/lib/python3.12/site-packages/airflow/example_dags/example_sensors.py for tasks to queue
[2024-06-07T08:20:39.309+0000] {logging_mixin.py:188} INFO - [2024-06-07T08:20:39.308+0000] {dagbag.py:545} INFO - Filling up the DagBag from /home/airflow/.local/lib/python3.12/site-packages/airflow/example_dags/example_sensors.py
[2024-06-07T08:20:39.346+0000] {processor.py:840} INFO - DAG(s) 'example_sensors' retrieved from /home/airflow/.local/lib/python3.12/site-packages/airflow/example_dags/example_sensors.py
[2024-06-07T08:20:39.451+0000] {logging_mixin.py:188} INFO - [2024-06-07T08:20:39.450+0000] {dag.py:3096} INFO - Sync 1 DAGs
[2024-06-07T08:20:39.503+0000] {logging_mixin.py:188} INFO - [2024-06-07T08:20:39.503+0000] {dag.py:3954} INFO - Setting next_dagrun for example_sensors to None, run_after=None
[2024-06-07T08:20:39.692+0000] {processor.py:183} INFO - Processing /home/airflow/.local/lib/python3.12/site-packages/airflow/example_dags/example_sensors.py took 0.455 seconds
[2024-06-07T08:21:10.148+0000] {processor.py:161} INFO - Started process (PID=2282) to work on /home/airflow/.local/lib/python3.12/site-packages/airflow/example_dags/example_sensors.py
[2024-06-07T08:21:10.150+0000] {processor.py:830} INFO - Processing file /home/airflow/.local/lib/python3.12/site-packages/airflow/example_dags/example_sensors.py for tasks to queue
[2024-06-07T08:21:10.163+0000] {logging_mixin.py:188} INFO - [2024-06-07T08:21:10.152+0000] {dagbag.py:545} INFO - Filling up the DagBag from /home/airflow/.local/lib/python3.12/site-packages/airflow/example_dags/example_sensors.py
[2024-06-07T08:21:10.209+0000] {processor.py:840} INFO - DAG(s) 'example_sensors' retrieved from /home/airflow/.local/lib/python3.12/site-packages/airflow/example_dags/example_sensors.py
[2024-06-07T08:21:10.310+0000] {logging_mixin.py:188} INFO - [2024-06-07T08:21:10.309+0000] {dag.py:3096} INFO - Sync 1 DAGs
[2024-06-07T08:21:10.351+0000] {logging_mixin.py:188} INFO - [2024-06-07T08:21:10.350+0000] {dag.py:3954} INFO - Setting next_dagrun for example_sensors to None, run_after=None
[2024-06-07T08:21:10.530+0000] {processor.py:183} INFO - Processing /home/airflow/.local/lib/python3.12/site-packages/airflow/example_dags/example_sensors.py took 0.421 seconds
[2024-06-07T08:21:40.976+0000] {processor.py:161} INFO - Started process (PID=2340) to work on /home/airflow/.local/lib/python3.12/site-packages/airflow/example_dags/example_sensors.py
[2024-06-07T08:21:40.987+0000] {processor.py:830} INFO - Processing file /home/airflow/.local/lib/python3.12/site-packages/airflow/example_dags/example_sensors.py for tasks to queue
[2024-06-07T08:21:40.990+0000] {logging_mixin.py:188} INFO - [2024-06-07T08:21:40.989+0000] {dagbag.py:545} INFO - Filling up the DagBag from /home/airflow/.local/lib/python3.12/site-packages/airflow/example_dags/example_sensors.py
[2024-06-07T08:21:41.038+0000] {processor.py:840} INFO - DAG(s) 'example_sensors' retrieved from /home/airflow/.local/lib/python3.12/site-packages/airflow/example_dags/example_sensors.py
[2024-06-07T08:21:41.148+0000] {logging_mixin.py:188} INFO - [2024-06-07T08:21:41.147+0000] {dag.py:3096} INFO - Sync 1 DAGs
[2024-06-07T08:21:41.183+0000] {logging_mixin.py:188} INFO - [2024-06-07T08:21:41.182+0000] {dag.py:3954} INFO - Setting next_dagrun for example_sensors to None, run_after=None
[2024-06-07T08:21:41.320+0000] {processor.py:183} INFO - Processing /home/airflow/.local/lib/python3.12/site-packages/airflow/example_dags/example_sensors.py took 0.379 seconds
[2024-06-07T08:22:14.195+0000] {processor.py:161} INFO - Started process (PID=2404) to work on /home/airflow/.local/lib/python3.12/site-packages/airflow/example_dags/example_sensors.py
[2024-06-07T08:22:14.199+0000] {processor.py:830} INFO - Processing file /home/airflow/.local/lib/python3.12/site-packages/airflow/example_dags/example_sensors.py for tasks to queue
[2024-06-07T08:22:14.202+0000] {logging_mixin.py:188} INFO - [2024-06-07T08:22:14.200+0000] {dagbag.py:545} INFO - Filling up the DagBag from /home/airflow/.local/lib/python3.12/site-packages/airflow/example_dags/example_sensors.py
[2024-06-07T08:22:14.261+0000] {processor.py:840} INFO - DAG(s) 'example_sensors' retrieved from /home/airflow/.local/lib/python3.12/site-packages/airflow/example_dags/example_sensors.py
[2024-06-07T08:22:14.375+0000] {logging_mixin.py:188} INFO - [2024-06-07T08:22:14.374+0000] {dag.py:3096} INFO - Sync 1 DAGs
[2024-06-07T08:22:14.417+0000] {logging_mixin.py:188} INFO - [2024-06-07T08:22:14.416+0000] {dag.py:3954} INFO - Setting next_dagrun for example_sensors to None, run_after=None
[2024-06-07T08:22:14.603+0000] {processor.py:183} INFO - Processing /home/airflow/.local/lib/python3.12/site-packages/airflow/example_dags/example_sensors.py took 0.429 seconds
[2024-06-07T08:22:46.175+0000] {processor.py:161} INFO - Started process (PID=2463) to work on /home/airflow/.local/lib/python3.12/site-packages/airflow/example_dags/example_sensors.py
[2024-06-07T08:22:46.178+0000] {processor.py:830} INFO - Processing file /home/airflow/.local/lib/python3.12/site-packages/airflow/example_dags/example_sensors.py for tasks to queue
[2024-06-07T08:22:46.181+0000] {logging_mixin.py:188} INFO - [2024-06-07T08:22:46.180+0000] {dagbag.py:545} INFO - Filling up the DagBag from /home/airflow/.local/lib/python3.12/site-packages/airflow/example_dags/example_sensors.py
[2024-06-07T08:22:46.258+0000] {processor.py:840} INFO - DAG(s) 'example_sensors' retrieved from /home/airflow/.local/lib/python3.12/site-packages/airflow/example_dags/example_sensors.py
[2024-06-07T08:22:46.486+0000] {logging_mixin.py:188} INFO - [2024-06-07T08:22:46.485+0000] {dag.py:3096} INFO - Sync 1 DAGs
[2024-06-07T08:22:46.613+0000] {logging_mixin.py:188} INFO - [2024-06-07T08:22:46.612+0000] {dag.py:3954} INFO - Setting next_dagrun for example_sensors to None, run_after=None
[2024-06-07T08:22:46.775+0000] {processor.py:183} INFO - Processing /home/airflow/.local/lib/python3.12/site-packages/airflow/example_dags/example_sensors.py took 0.621 seconds
[2024-06-07T08:23:16.976+0000] {processor.py:161} INFO - Started process (PID=2521) to work on /home/airflow/.local/lib/python3.12/site-packages/airflow/example_dags/example_sensors.py
[2024-06-07T08:23:16.978+0000] {processor.py:830} INFO - Processing file /home/airflow/.local/lib/python3.12/site-packages/airflow/example_dags/example_sensors.py for tasks to queue
[2024-06-07T08:23:16.980+0000] {logging_mixin.py:188} INFO - [2024-06-07T08:23:16.979+0000] {dagbag.py:545} INFO - Filling up the DagBag from /home/airflow/.local/lib/python3.12/site-packages/airflow/example_dags/example_sensors.py
[2024-06-07T08:23:17.004+0000] {processor.py:840} INFO - DAG(s) 'example_sensors' retrieved from /home/airflow/.local/lib/python3.12/site-packages/airflow/example_dags/example_sensors.py
[2024-06-07T08:23:17.081+0000] {logging_mixin.py:188} INFO - [2024-06-07T08:23:17.080+0000] {dag.py:3096} INFO - Sync 1 DAGs
[2024-06-07T08:23:17.128+0000] {logging_mixin.py:188} INFO - [2024-06-07T08:23:17.125+0000] {dag.py:3954} INFO - Setting next_dagrun for example_sensors to None, run_after=None
[2024-06-07T08:23:17.274+0000] {processor.py:183} INFO - Processing /home/airflow/.local/lib/python3.12/site-packages/airflow/example_dags/example_sensors.py took 0.314 seconds
