[2024-06-07T07:54:35.924+0000] {processor.py:161} INFO - Started process (PID=56) to work on /home/airflow/.local/lib/python3.12/site-packages/airflow/example_dags/example_params_trigger_ui.py
[2024-06-07T07:54:35.926+0000] {processor.py:830} INFO - Processing file /home/airflow/.local/lib/python3.12/site-packages/airflow/example_dags/example_params_trigger_ui.py for tasks to queue
[2024-06-07T07:54:35.942+0000] {logging_mixin.py:188} INFO - [2024-06-07T07:54:35.940+0000] {dagbag.py:545} INFO - Filling up the DagBag from /home/airflow/.local/lib/python3.12/site-packages/airflow/example_dags/example_params_trigger_ui.py
[2024-06-07T07:54:35.993+0000] {processor.py:840} INFO - DAG(s) 'example_params_trigger_ui' retrieved from /home/airflow/.local/lib/python3.12/site-packages/airflow/example_dags/example_params_trigger_ui.py
[2024-06-07T07:54:38.558+0000] {logging_mixin.py:188} INFO - [2024-06-07T07:54:38.557+0000] {override.py:1829} INFO - Created Permission View: can delete on DAG:example_params_trigger_ui
[2024-06-07T07:54:38.911+0000] {logging_mixin.py:188} INFO - [2024-06-07T07:54:38.910+0000] {override.py:1829} INFO - Created Permission View: can read on DAG:example_params_trigger_ui
[2024-06-07T07:54:39.302+0000] {logging_mixin.py:188} INFO - [2024-06-07T07:54:39.301+0000] {override.py:1829} INFO - Created Permission View: can edit on DAG:example_params_trigger_ui
[2024-06-07T07:54:39.304+0000] {logging_mixin.py:188} INFO - [2024-06-07T07:54:39.303+0000] {dag.py:3096} INFO - Sync 1 DAGs
[2024-06-07T07:54:39.345+0000] {logging_mixin.py:188} INFO - [2024-06-07T07:54:39.344+0000] {dag.py:3118} INFO - Creating ORM DAG for example_params_trigger_ui
[2024-06-07T07:54:39.355+0000] {logging_mixin.py:188} INFO - [2024-06-07T07:54:39.354+0000] {dag.py:3954} INFO - Setting next_dagrun for example_params_trigger_ui to None, run_after=None
[2024-06-07T07:54:39.693+0000] {processor.py:183} INFO - Processing /home/airflow/.local/lib/python3.12/site-packages/airflow/example_dags/example_params_trigger_ui.py took 3.789 seconds
[2024-06-07T07:55:30.797+0000] {processor.py:161} INFO - Started process (PID=121) to work on /home/airflow/.local/lib/python3.12/site-packages/airflow/example_dags/example_params_trigger_ui.py
[2024-06-07T07:55:30.798+0000] {processor.py:830} INFO - Processing file /home/airflow/.local/lib/python3.12/site-packages/airflow/example_dags/example_params_trigger_ui.py for tasks to queue
[2024-06-07T07:55:30.803+0000] {logging_mixin.py:188} INFO - [2024-06-07T07:55:30.802+0000] {dagbag.py:545} INFO - Filling up the DagBag from /home/airflow/.local/lib/python3.12/site-packages/airflow/example_dags/example_params_trigger_ui.py
[2024-06-07T07:55:30.835+0000] {processor.py:840} INFO - DAG(s) 'example_params_trigger_ui' retrieved from /home/airflow/.local/lib/python3.12/site-packages/airflow/example_dags/example_params_trigger_ui.py
[2024-06-07T07:55:30.968+0000] {logging_mixin.py:188} INFO - [2024-06-07T07:55:30.968+0000] {dag.py:3096} INFO - Sync 1 DAGs
[2024-06-07T07:55:31.001+0000] {logging_mixin.py:188} INFO - [2024-06-07T07:55:31.000+0000] {dag.py:3954} INFO - Setting next_dagrun for example_params_trigger_ui to None, run_after=None
[2024-06-07T07:55:31.502+0000] {processor.py:183} INFO - Processing /home/airflow/.local/lib/python3.12/site-packages/airflow/example_dags/example_params_trigger_ui.py took 0.722 seconds
[2024-06-07T07:56:04.184+0000] {processor.py:161} INFO - Started process (PID=179) to work on /home/airflow/.local/lib/python3.12/site-packages/airflow/example_dags/example_params_trigger_ui.py
[2024-06-07T07:56:04.186+0000] {processor.py:830} INFO - Processing file /home/airflow/.local/lib/python3.12/site-packages/airflow/example_dags/example_params_trigger_ui.py for tasks to queue
[2024-06-07T07:56:04.190+0000] {logging_mixin.py:188} INFO - [2024-06-07T07:56:04.189+0000] {dagbag.py:545} INFO - Filling up the DagBag from /home/airflow/.local/lib/python3.12/site-packages/airflow/example_dags/example_params_trigger_ui.py
[2024-06-07T07:56:04.226+0000] {processor.py:840} INFO - DAG(s) 'example_params_trigger_ui' retrieved from /home/airflow/.local/lib/python3.12/site-packages/airflow/example_dags/example_params_trigger_ui.py
[2024-06-07T07:56:04.342+0000] {logging_mixin.py:188} INFO - [2024-06-07T07:56:04.341+0000] {dag.py:3096} INFO - Sync 1 DAGs
[2024-06-07T07:56:04.382+0000] {logging_mixin.py:188} INFO - [2024-06-07T07:56:04.382+0000] {dag.py:3954} INFO - Setting next_dagrun for example_params_trigger_ui to None, run_after=None
[2024-06-07T07:56:04.534+0000] {processor.py:183} INFO - Processing /home/airflow/.local/lib/python3.12/site-packages/airflow/example_dags/example_params_trigger_ui.py took 0.364 seconds
[2024-06-07T07:56:41.229+0000] {processor.py:161} INFO - Started process (PID=235) to work on /home/airflow/.local/lib/python3.12/site-packages/airflow/example_dags/example_params_trigger_ui.py
[2024-06-07T07:56:41.232+0000] {processor.py:830} INFO - Processing file /home/airflow/.local/lib/python3.12/site-packages/airflow/example_dags/example_params_trigger_ui.py for tasks to queue
[2024-06-07T07:56:41.263+0000] {logging_mixin.py:188} INFO - [2024-06-07T07:56:41.262+0000] {dagbag.py:545} INFO - Filling up the DagBag from /home/airflow/.local/lib/python3.12/site-packages/airflow/example_dags/example_params_trigger_ui.py
[2024-06-07T07:56:41.487+0000] {processor.py:840} INFO - DAG(s) 'example_params_trigger_ui' retrieved from /home/airflow/.local/lib/python3.12/site-packages/airflow/example_dags/example_params_trigger_ui.py
[2024-06-07T07:56:42.184+0000] {logging_mixin.py:188} INFO - [2024-06-07T07:56:42.172+0000] {dag.py:3096} INFO - Sync 1 DAGs
[2024-06-07T07:56:42.333+0000] {logging_mixin.py:188} INFO - [2024-06-07T07:56:42.333+0000] {dag.py:3954} INFO - Setting next_dagrun for example_params_trigger_ui to None, run_after=None
[2024-06-07T07:56:42.704+0000] {processor.py:183} INFO - Processing /home/airflow/.local/lib/python3.12/site-packages/airflow/example_dags/example_params_trigger_ui.py took 1.584 seconds
[2024-06-07T07:57:22.068+0000] {processor.py:161} INFO - Started process (PID=299) to work on /home/airflow/.local/lib/python3.12/site-packages/airflow/example_dags/example_params_trigger_ui.py
[2024-06-07T07:57:22.082+0000] {processor.py:830} INFO - Processing file /home/airflow/.local/lib/python3.12/site-packages/airflow/example_dags/example_params_trigger_ui.py for tasks to queue
[2024-06-07T07:57:22.102+0000] {logging_mixin.py:188} INFO - [2024-06-07T07:57:22.101+0000] {dagbag.py:545} INFO - Filling up the DagBag from /home/airflow/.local/lib/python3.12/site-packages/airflow/example_dags/example_params_trigger_ui.py
[2024-06-07T07:57:22.217+0000] {processor.py:840} INFO - DAG(s) 'example_params_trigger_ui' retrieved from /home/airflow/.local/lib/python3.12/site-packages/airflow/example_dags/example_params_trigger_ui.py
[2024-06-07T07:57:23.029+0000] {logging_mixin.py:188} INFO - [2024-06-07T07:57:23.028+0000] {dag.py:3096} INFO - Sync 1 DAGs
[2024-06-07T07:57:23.230+0000] {logging_mixin.py:188} INFO - [2024-06-07T07:57:23.230+0000] {dag.py:3954} INFO - Setting next_dagrun for example_params_trigger_ui to None, run_after=None
[2024-06-07T07:57:23.336+0000] {processor.py:183} INFO - Processing /home/airflow/.local/lib/python3.12/site-packages/airflow/example_dags/example_params_trigger_ui.py took 1.302 seconds
[2024-06-07T07:57:53.787+0000] {processor.py:161} INFO - Started process (PID=358) to work on /home/airflow/.local/lib/python3.12/site-packages/airflow/example_dags/example_params_trigger_ui.py
[2024-06-07T07:57:53.800+0000] {processor.py:830} INFO - Processing file /home/airflow/.local/lib/python3.12/site-packages/airflow/example_dags/example_params_trigger_ui.py for tasks to queue
[2024-06-07T07:57:53.807+0000] {logging_mixin.py:188} INFO - [2024-06-07T07:57:53.806+0000] {dagbag.py:545} INFO - Filling up the DagBag from /home/airflow/.local/lib/python3.12/site-packages/airflow/example_dags/example_params_trigger_ui.py
[2024-06-07T07:57:53.950+0000] {processor.py:840} INFO - DAG(s) 'example_params_trigger_ui' retrieved from /home/airflow/.local/lib/python3.12/site-packages/airflow/example_dags/example_params_trigger_ui.py
[2024-06-07T07:57:54.524+0000] {logging_mixin.py:188} INFO - [2024-06-07T07:57:54.523+0000] {dag.py:3096} INFO - Sync 1 DAGs
[2024-06-07T07:57:54.652+0000] {logging_mixin.py:188} INFO - [2024-06-07T07:57:54.651+0000] {dag.py:3954} INFO - Setting next_dagrun for example_params_trigger_ui to None, run_after=None
[2024-06-07T07:57:54.972+0000] {processor.py:183} INFO - Processing /home/airflow/.local/lib/python3.12/site-packages/airflow/example_dags/example_params_trigger_ui.py took 1.249 seconds
[2024-06-07T07:58:25.598+0000] {processor.py:161} INFO - Started process (PID=416) to work on /home/airflow/.local/lib/python3.12/site-packages/airflow/example_dags/example_params_trigger_ui.py
[2024-06-07T07:58:25.603+0000] {processor.py:830} INFO - Processing file /home/airflow/.local/lib/python3.12/site-packages/airflow/example_dags/example_params_trigger_ui.py for tasks to queue
[2024-06-07T07:58:25.620+0000] {logging_mixin.py:188} INFO - [2024-06-07T07:58:25.619+0000] {dagbag.py:545} INFO - Filling up the DagBag from /home/airflow/.local/lib/python3.12/site-packages/airflow/example_dags/example_params_trigger_ui.py
[2024-06-07T07:58:25.753+0000] {processor.py:840} INFO - DAG(s) 'example_params_trigger_ui' retrieved from /home/airflow/.local/lib/python3.12/site-packages/airflow/example_dags/example_params_trigger_ui.py
[2024-06-07T07:58:25.854+0000] {logging_mixin.py:188} INFO - [2024-06-07T07:58:25.853+0000] {dag.py:3096} INFO - Sync 1 DAGs
[2024-06-07T07:58:25.992+0000] {logging_mixin.py:188} INFO - [2024-06-07T07:58:25.991+0000] {dag.py:3954} INFO - Setting next_dagrun for example_params_trigger_ui to None, run_after=None
[2024-06-07T07:58:26.386+0000] {processor.py:183} INFO - Processing /home/airflow/.local/lib/python3.12/site-packages/airflow/example_dags/example_params_trigger_ui.py took 0.840 seconds
[2024-06-07T07:59:05.075+0000] {processor.py:161} INFO - Started process (PID=474) to work on /home/airflow/.local/lib/python3.12/site-packages/airflow/example_dags/example_params_trigger_ui.py
[2024-06-07T07:59:05.079+0000] {processor.py:830} INFO - Processing file /home/airflow/.local/lib/python3.12/site-packages/airflow/example_dags/example_params_trigger_ui.py for tasks to queue
[2024-06-07T07:59:05.090+0000] {logging_mixin.py:188} INFO - [2024-06-07T07:59:05.089+0000] {dagbag.py:545} INFO - Filling up the DagBag from /home/airflow/.local/lib/python3.12/site-packages/airflow/example_dags/example_params_trigger_ui.py
[2024-06-07T07:59:05.150+0000] {processor.py:840} INFO - DAG(s) 'example_params_trigger_ui' retrieved from /home/airflow/.local/lib/python3.12/site-packages/airflow/example_dags/example_params_trigger_ui.py
[2024-06-07T07:59:05.779+0000] {logging_mixin.py:188} INFO - [2024-06-07T07:59:05.779+0000] {dag.py:3096} INFO - Sync 1 DAGs
[2024-06-07T07:59:05.840+0000] {logging_mixin.py:188} INFO - [2024-06-07T07:59:05.840+0000] {dag.py:3954} INFO - Setting next_dagrun for example_params_trigger_ui to None, run_after=None
[2024-06-07T07:59:06.018+0000] {processor.py:183} INFO - Processing /home/airflow/.local/lib/python3.12/site-packages/airflow/example_dags/example_params_trigger_ui.py took 0.989 seconds
[2024-06-07T07:59:37.397+0000] {processor.py:161} INFO - Started process (PID=532) to work on /home/airflow/.local/lib/python3.12/site-packages/airflow/example_dags/example_params_trigger_ui.py
[2024-06-07T07:59:37.413+0000] {processor.py:830} INFO - Processing file /home/airflow/.local/lib/python3.12/site-packages/airflow/example_dags/example_params_trigger_ui.py for tasks to queue
[2024-06-07T07:59:37.460+0000] {logging_mixin.py:188} INFO - [2024-06-07T07:59:37.444+0000] {dagbag.py:545} INFO - Filling up the DagBag from /home/airflow/.local/lib/python3.12/site-packages/airflow/example_dags/example_params_trigger_ui.py
[2024-06-07T07:59:37.665+0000] {processor.py:840} INFO - DAG(s) 'example_params_trigger_ui' retrieved from /home/airflow/.local/lib/python3.12/site-packages/airflow/example_dags/example_params_trigger_ui.py
[2024-06-07T07:59:38.372+0000] {logging_mixin.py:188} INFO - [2024-06-07T07:59:38.371+0000] {dag.py:3096} INFO - Sync 1 DAGs
[2024-06-07T07:59:38.444+0000] {logging_mixin.py:188} INFO - [2024-06-07T07:59:38.444+0000] {dag.py:3954} INFO - Setting next_dagrun for example_params_trigger_ui to None, run_after=None
[2024-06-07T07:59:38.733+0000] {processor.py:183} INFO - Processing /home/airflow/.local/lib/python3.12/site-packages/airflow/example_dags/example_params_trigger_ui.py took 1.434 seconds
[2024-06-07T08:00:21.575+0000] {processor.py:161} INFO - Started process (PID=580) to work on /home/airflow/.local/lib/python3.12/site-packages/airflow/example_dags/example_params_trigger_ui.py
[2024-06-07T08:00:21.588+0000] {processor.py:830} INFO - Processing file /home/airflow/.local/lib/python3.12/site-packages/airflow/example_dags/example_params_trigger_ui.py for tasks to queue
[2024-06-07T08:00:21.606+0000] {logging_mixin.py:188} INFO - [2024-06-07T08:00:21.604+0000] {dagbag.py:545} INFO - Filling up the DagBag from /home/airflow/.local/lib/python3.12/site-packages/airflow/example_dags/example_params_trigger_ui.py
[2024-06-07T08:00:21.783+0000] {processor.py:840} INFO - DAG(s) 'example_params_trigger_ui' retrieved from /home/airflow/.local/lib/python3.12/site-packages/airflow/example_dags/example_params_trigger_ui.py
[2024-06-07T08:00:22.345+0000] {logging_mixin.py:188} INFO - [2024-06-07T08:00:22.344+0000] {dag.py:3096} INFO - Sync 1 DAGs
[2024-06-07T08:00:22.445+0000] {logging_mixin.py:188} INFO - [2024-06-07T08:00:22.445+0000] {dag.py:3954} INFO - Setting next_dagrun for example_params_trigger_ui to None, run_after=None
[2024-06-07T08:00:22.684+0000] {processor.py:183} INFO - Processing /home/airflow/.local/lib/python3.12/site-packages/airflow/example_dags/example_params_trigger_ui.py took 1.147 seconds
[2024-06-07T08:01:04.415+0000] {processor.py:161} INFO - Started process (PID=639) to work on /home/airflow/.local/lib/python3.12/site-packages/airflow/example_dags/example_params_trigger_ui.py
[2024-06-07T08:01:04.418+0000] {processor.py:830} INFO - Processing file /home/airflow/.local/lib/python3.12/site-packages/airflow/example_dags/example_params_trigger_ui.py for tasks to queue
[2024-06-07T08:01:04.423+0000] {logging_mixin.py:188} INFO - [2024-06-07T08:01:04.422+0000] {dagbag.py:545} INFO - Filling up the DagBag from /home/airflow/.local/lib/python3.12/site-packages/airflow/example_dags/example_params_trigger_ui.py
[2024-06-07T08:01:04.477+0000] {processor.py:840} INFO - DAG(s) 'example_params_trigger_ui' retrieved from /home/airflow/.local/lib/python3.12/site-packages/airflow/example_dags/example_params_trigger_ui.py
[2024-06-07T08:01:04.686+0000] {logging_mixin.py:188} INFO - [2024-06-07T08:01:04.685+0000] {dag.py:3096} INFO - Sync 1 DAGs
[2024-06-07T08:01:04.717+0000] {logging_mixin.py:188} INFO - [2024-06-07T08:01:04.716+0000] {dag.py:3954} INFO - Setting next_dagrun for example_params_trigger_ui to None, run_after=None
[2024-06-07T08:01:05.010+0000] {processor.py:183} INFO - Processing /home/airflow/.local/lib/python3.12/site-packages/airflow/example_dags/example_params_trigger_ui.py took 0.646 seconds
[2024-06-07T08:01:39.717+0000] {processor.py:161} INFO - Started process (PID=694) to work on /home/airflow/.local/lib/python3.12/site-packages/airflow/example_dags/example_params_trigger_ui.py
[2024-06-07T08:01:39.750+0000] {processor.py:830} INFO - Processing file /home/airflow/.local/lib/python3.12/site-packages/airflow/example_dags/example_params_trigger_ui.py for tasks to queue
[2024-06-07T08:01:39.815+0000] {logging_mixin.py:188} INFO - [2024-06-07T08:01:39.814+0000] {dagbag.py:545} INFO - Filling up the DagBag from /home/airflow/.local/lib/python3.12/site-packages/airflow/example_dags/example_params_trigger_ui.py
[2024-06-07T08:01:40.037+0000] {processor.py:840} INFO - DAG(s) 'example_params_trigger_ui' retrieved from /home/airflow/.local/lib/python3.12/site-packages/airflow/example_dags/example_params_trigger_ui.py
[2024-06-07T08:01:40.100+0000] {logging_mixin.py:188} INFO - [2024-06-07T08:01:40.098+0000] {dag.py:3096} INFO - Sync 1 DAGs
[2024-06-07T08:01:40.206+0000] {logging_mixin.py:188} INFO - [2024-06-07T08:01:40.205+0000] {dag.py:3954} INFO - Setting next_dagrun for example_params_trigger_ui to None, run_after=None
[2024-06-07T08:01:40.608+0000] {processor.py:183} INFO - Processing /home/airflow/.local/lib/python3.12/site-packages/airflow/example_dags/example_params_trigger_ui.py took 0.953 seconds
[2024-06-07T08:02:37.146+0000] {processor.py:161} INFO - Started process (PID=755) to work on /home/airflow/.local/lib/python3.12/site-packages/airflow/example_dags/example_params_trigger_ui.py
[2024-06-07T08:02:37.178+0000] {processor.py:830} INFO - Processing file /home/airflow/.local/lib/python3.12/site-packages/airflow/example_dags/example_params_trigger_ui.py for tasks to queue
[2024-06-07T08:02:37.195+0000] {logging_mixin.py:188} INFO - [2024-06-07T08:02:37.195+0000] {dagbag.py:545} INFO - Filling up the DagBag from /home/airflow/.local/lib/python3.12/site-packages/airflow/example_dags/example_params_trigger_ui.py
[2024-06-07T08:02:37.339+0000] {processor.py:840} INFO - DAG(s) 'example_params_trigger_ui' retrieved from /home/airflow/.local/lib/python3.12/site-packages/airflow/example_dags/example_params_trigger_ui.py
[2024-06-07T08:02:39.052+0000] {logging_mixin.py:188} INFO - [2024-06-07T08:02:39.051+0000] {dag.py:3096} INFO - Sync 1 DAGs
[2024-06-07T08:02:39.130+0000] {logging_mixin.py:188} INFO - [2024-06-07T08:02:39.130+0000] {dag.py:3954} INFO - Setting next_dagrun for example_params_trigger_ui to None, run_after=None
[2024-06-07T08:02:39.358+0000] {processor.py:183} INFO - Processing /home/airflow/.local/lib/python3.12/site-packages/airflow/example_dags/example_params_trigger_ui.py took 2.248 seconds
[2024-06-07T08:03:10.214+0000] {processor.py:161} INFO - Started process (PID=815) to work on /home/airflow/.local/lib/python3.12/site-packages/airflow/example_dags/example_params_trigger_ui.py
[2024-06-07T08:03:10.216+0000] {processor.py:830} INFO - Processing file /home/airflow/.local/lib/python3.12/site-packages/airflow/example_dags/example_params_trigger_ui.py for tasks to queue
[2024-06-07T08:03:10.222+0000] {logging_mixin.py:188} INFO - [2024-06-07T08:03:10.220+0000] {dagbag.py:545} INFO - Filling up the DagBag from /home/airflow/.local/lib/python3.12/site-packages/airflow/example_dags/example_params_trigger_ui.py
[2024-06-07T08:03:10.274+0000] {processor.py:840} INFO - DAG(s) 'example_params_trigger_ui' retrieved from /home/airflow/.local/lib/python3.12/site-packages/airflow/example_dags/example_params_trigger_ui.py
[2024-06-07T08:03:10.442+0000] {logging_mixin.py:188} INFO - [2024-06-07T08:03:10.442+0000] {dag.py:3096} INFO - Sync 1 DAGs
[2024-06-07T08:03:10.468+0000] {logging_mixin.py:188} INFO - [2024-06-07T08:03:10.467+0000] {dag.py:3954} INFO - Setting next_dagrun for example_params_trigger_ui to None, run_after=None
[2024-06-07T08:03:10.733+0000] {processor.py:183} INFO - Processing /home/airflow/.local/lib/python3.12/site-packages/airflow/example_dags/example_params_trigger_ui.py took 0.548 seconds
[2024-06-07T08:03:41.151+0000] {processor.py:161} INFO - Started process (PID=873) to work on /home/airflow/.local/lib/python3.12/site-packages/airflow/example_dags/example_params_trigger_ui.py
[2024-06-07T08:03:41.153+0000] {processor.py:830} INFO - Processing file /home/airflow/.local/lib/python3.12/site-packages/airflow/example_dags/example_params_trigger_ui.py for tasks to queue
[2024-06-07T08:03:41.163+0000] {logging_mixin.py:188} INFO - [2024-06-07T08:03:41.162+0000] {dagbag.py:545} INFO - Filling up the DagBag from /home/airflow/.local/lib/python3.12/site-packages/airflow/example_dags/example_params_trigger_ui.py
[2024-06-07T08:03:41.205+0000] {processor.py:840} INFO - DAG(s) 'example_params_trigger_ui' retrieved from /home/airflow/.local/lib/python3.12/site-packages/airflow/example_dags/example_params_trigger_ui.py
[2024-06-07T08:03:41.454+0000] {logging_mixin.py:188} INFO - [2024-06-07T08:03:41.454+0000] {dag.py:3096} INFO - Sync 1 DAGs
[2024-06-07T08:03:41.506+0000] {logging_mixin.py:188} INFO - [2024-06-07T08:03:41.505+0000] {dag.py:3954} INFO - Setting next_dagrun for example_params_trigger_ui to None, run_after=None
[2024-06-07T08:03:41.772+0000] {processor.py:183} INFO - Processing /home/airflow/.local/lib/python3.12/site-packages/airflow/example_dags/example_params_trigger_ui.py took 0.643 seconds
[2024-06-07T08:04:11.991+0000] {processor.py:161} INFO - Started process (PID=931) to work on /home/airflow/.local/lib/python3.12/site-packages/airflow/example_dags/example_params_trigger_ui.py
[2024-06-07T08:04:11.993+0000] {processor.py:830} INFO - Processing file /home/airflow/.local/lib/python3.12/site-packages/airflow/example_dags/example_params_trigger_ui.py for tasks to queue
[2024-06-07T08:04:11.998+0000] {logging_mixin.py:188} INFO - [2024-06-07T08:04:11.997+0000] {dagbag.py:545} INFO - Filling up the DagBag from /home/airflow/.local/lib/python3.12/site-packages/airflow/example_dags/example_params_trigger_ui.py
[2024-06-07T08:04:12.035+0000] {processor.py:840} INFO - DAG(s) 'example_params_trigger_ui' retrieved from /home/airflow/.local/lib/python3.12/site-packages/airflow/example_dags/example_params_trigger_ui.py
[2024-06-07T08:04:12.230+0000] {logging_mixin.py:188} INFO - [2024-06-07T08:04:12.229+0000] {dag.py:3096} INFO - Sync 1 DAGs
[2024-06-07T08:04:12.271+0000] {logging_mixin.py:188} INFO - [2024-06-07T08:04:12.270+0000] {dag.py:3954} INFO - Setting next_dagrun for example_params_trigger_ui to None, run_after=None
[2024-06-07T08:04:12.427+0000] {processor.py:183} INFO - Processing /home/airflow/.local/lib/python3.12/site-packages/airflow/example_dags/example_params_trigger_ui.py took 0.452 seconds
[2024-06-07T08:04:43.307+0000] {processor.py:161} INFO - Started process (PID=989) to work on /home/airflow/.local/lib/python3.12/site-packages/airflow/example_dags/example_params_trigger_ui.py
[2024-06-07T08:04:43.309+0000] {processor.py:830} INFO - Processing file /home/airflow/.local/lib/python3.12/site-packages/airflow/example_dags/example_params_trigger_ui.py for tasks to queue
[2024-06-07T08:04:43.320+0000] {logging_mixin.py:188} INFO - [2024-06-07T08:04:43.320+0000] {dagbag.py:545} INFO - Filling up the DagBag from /home/airflow/.local/lib/python3.12/site-packages/airflow/example_dags/example_params_trigger_ui.py
[2024-06-07T08:04:43.362+0000] {processor.py:840} INFO - DAG(s) 'example_params_trigger_ui' retrieved from /home/airflow/.local/lib/python3.12/site-packages/airflow/example_dags/example_params_trigger_ui.py
[2024-06-07T08:04:43.524+0000] {logging_mixin.py:188} INFO - [2024-06-07T08:04:43.524+0000] {dag.py:3096} INFO - Sync 1 DAGs
[2024-06-07T08:04:43.560+0000] {logging_mixin.py:188} INFO - [2024-06-07T08:04:43.560+0000] {dag.py:3954} INFO - Setting next_dagrun for example_params_trigger_ui to None, run_after=None
[2024-06-07T08:04:43.636+0000] {processor.py:183} INFO - Processing /home/airflow/.local/lib/python3.12/site-packages/airflow/example_dags/example_params_trigger_ui.py took 0.349 seconds
[2024-06-07T08:05:17.609+0000] {processor.py:161} INFO - Started process (PID=1047) to work on /home/airflow/.local/lib/python3.12/site-packages/airflow/example_dags/example_params_trigger_ui.py
[2024-06-07T08:05:17.622+0000] {processor.py:830} INFO - Processing file /home/airflow/.local/lib/python3.12/site-packages/airflow/example_dags/example_params_trigger_ui.py for tasks to queue
[2024-06-07T08:05:17.629+0000] {logging_mixin.py:188} INFO - [2024-06-07T08:05:17.628+0000] {dagbag.py:545} INFO - Filling up the DagBag from /home/airflow/.local/lib/python3.12/site-packages/airflow/example_dags/example_params_trigger_ui.py
[2024-06-07T08:05:17.768+0000] {processor.py:840} INFO - DAG(s) 'example_params_trigger_ui' retrieved from /home/airflow/.local/lib/python3.12/site-packages/airflow/example_dags/example_params_trigger_ui.py
[2024-06-07T08:05:18.003+0000] {logging_mixin.py:188} INFO - [2024-06-07T08:05:17.998+0000] {dag.py:3096} INFO - Sync 1 DAGs
[2024-06-07T08:05:18.082+0000] {logging_mixin.py:188} INFO - [2024-06-07T08:05:18.080+0000] {dag.py:3954} INFO - Setting next_dagrun for example_params_trigger_ui to None, run_after=None
[2024-06-07T08:05:18.351+0000] {processor.py:183} INFO - Processing /home/airflow/.local/lib/python3.12/site-packages/airflow/example_dags/example_params_trigger_ui.py took 0.779 seconds
[2024-06-07T08:05:48.797+0000] {processor.py:161} INFO - Started process (PID=1102) to work on /home/airflow/.local/lib/python3.12/site-packages/airflow/example_dags/example_params_trigger_ui.py
[2024-06-07T08:05:48.806+0000] {processor.py:830} INFO - Processing file /home/airflow/.local/lib/python3.12/site-packages/airflow/example_dags/example_params_trigger_ui.py for tasks to queue
[2024-06-07T08:05:48.815+0000] {logging_mixin.py:188} INFO - [2024-06-07T08:05:48.814+0000] {dagbag.py:545} INFO - Filling up the DagBag from /home/airflow/.local/lib/python3.12/site-packages/airflow/example_dags/example_params_trigger_ui.py
[2024-06-07T08:05:48.901+0000] {processor.py:840} INFO - DAG(s) 'example_params_trigger_ui' retrieved from /home/airflow/.local/lib/python3.12/site-packages/airflow/example_dags/example_params_trigger_ui.py
[2024-06-07T08:05:49.399+0000] {logging_mixin.py:188} INFO - [2024-06-07T08:05:49.398+0000] {dag.py:3096} INFO - Sync 1 DAGs
[2024-06-07T08:05:49.476+0000] {logging_mixin.py:188} INFO - [2024-06-07T08:05:49.475+0000] {dag.py:3954} INFO - Setting next_dagrun for example_params_trigger_ui to None, run_after=None
[2024-06-07T08:05:49.638+0000] {processor.py:183} INFO - Processing /home/airflow/.local/lib/python3.12/site-packages/airflow/example_dags/example_params_trigger_ui.py took 0.868 seconds
[2024-06-07T08:06:20.446+0000] {processor.py:161} INFO - Started process (PID=1169) to work on /home/airflow/.local/lib/python3.12/site-packages/airflow/example_dags/example_params_trigger_ui.py
[2024-06-07T08:06:20.459+0000] {processor.py:830} INFO - Processing file /home/airflow/.local/lib/python3.12/site-packages/airflow/example_dags/example_params_trigger_ui.py for tasks to queue
[2024-06-07T08:06:20.471+0000] {logging_mixin.py:188} INFO - [2024-06-07T08:06:20.470+0000] {dagbag.py:545} INFO - Filling up the DagBag from /home/airflow/.local/lib/python3.12/site-packages/airflow/example_dags/example_params_trigger_ui.py
[2024-06-07T08:06:20.623+0000] {processor.py:840} INFO - DAG(s) 'example_params_trigger_ui' retrieved from /home/airflow/.local/lib/python3.12/site-packages/airflow/example_dags/example_params_trigger_ui.py
[2024-06-07T08:06:21.025+0000] {logging_mixin.py:188} INFO - [2024-06-07T08:06:21.024+0000] {dag.py:3096} INFO - Sync 1 DAGs
[2024-06-07T08:06:21.056+0000] {logging_mixin.py:188} INFO - [2024-06-07T08:06:21.056+0000] {dag.py:3954} INFO - Setting next_dagrun for example_params_trigger_ui to None, run_after=None
[2024-06-07T08:06:21.353+0000] {processor.py:183} INFO - Processing /home/airflow/.local/lib/python3.12/site-packages/airflow/example_dags/example_params_trigger_ui.py took 0.932 seconds
[2024-06-07T08:07:15.255+0000] {processor.py:161} INFO - Started process (PID=1234) to work on /home/airflow/.local/lib/python3.12/site-packages/airflow/example_dags/example_params_trigger_ui.py
[2024-06-07T08:07:15.259+0000] {processor.py:830} INFO - Processing file /home/airflow/.local/lib/python3.12/site-packages/airflow/example_dags/example_params_trigger_ui.py for tasks to queue
[2024-06-07T08:07:15.271+0000] {logging_mixin.py:188} INFO - [2024-06-07T08:07:15.270+0000] {dagbag.py:545} INFO - Filling up the DagBag from /home/airflow/.local/lib/python3.12/site-packages/airflow/example_dags/example_params_trigger_ui.py
[2024-06-07T08:07:15.751+0000] {processor.py:840} INFO - DAG(s) 'example_params_trigger_ui' retrieved from /home/airflow/.local/lib/python3.12/site-packages/airflow/example_dags/example_params_trigger_ui.py
[2024-06-07T08:07:16.284+0000] {logging_mixin.py:188} INFO - [2024-06-07T08:07:16.283+0000] {dag.py:3096} INFO - Sync 1 DAGs
[2024-06-07T08:07:16.374+0000] {logging_mixin.py:188} INFO - [2024-06-07T08:07:16.374+0000] {dag.py:3954} INFO - Setting next_dagrun for example_params_trigger_ui to None, run_after=None
[2024-06-07T08:07:17.042+0000] {processor.py:183} INFO - Processing /home/airflow/.local/lib/python3.12/site-packages/airflow/example_dags/example_params_trigger_ui.py took 1.870 seconds
[2024-06-07T08:08:03.486+0000] {processor.py:161} INFO - Started process (PID=1297) to work on /home/airflow/.local/lib/python3.12/site-packages/airflow/example_dags/example_params_trigger_ui.py
[2024-06-07T08:08:03.490+0000] {processor.py:830} INFO - Processing file /home/airflow/.local/lib/python3.12/site-packages/airflow/example_dags/example_params_trigger_ui.py for tasks to queue
[2024-06-07T08:08:03.528+0000] {logging_mixin.py:188} INFO - [2024-06-07T08:08:03.527+0000] {dagbag.py:545} INFO - Filling up the DagBag from /home/airflow/.local/lib/python3.12/site-packages/airflow/example_dags/example_params_trigger_ui.py
[2024-06-07T08:08:03.691+0000] {processor.py:840} INFO - DAG(s) 'example_params_trigger_ui' retrieved from /home/airflow/.local/lib/python3.12/site-packages/airflow/example_dags/example_params_trigger_ui.py
[2024-06-07T08:08:04.357+0000] {logging_mixin.py:188} INFO - [2024-06-07T08:08:04.356+0000] {dag.py:3096} INFO - Sync 1 DAGs
[2024-06-07T08:08:04.452+0000] {logging_mixin.py:188} INFO - [2024-06-07T08:08:04.451+0000] {dag.py:3954} INFO - Setting next_dagrun for example_params_trigger_ui to None, run_after=None
[2024-06-07T08:08:04.965+0000] {processor.py:183} INFO - Processing /home/airflow/.local/lib/python3.12/site-packages/airflow/example_dags/example_params_trigger_ui.py took 1.519 seconds
[2024-06-07T08:08:42.430+0000] {processor.py:161} INFO - Started process (PID=1352) to work on /home/airflow/.local/lib/python3.12/site-packages/airflow/example_dags/example_params_trigger_ui.py
[2024-06-07T08:08:42.455+0000] {processor.py:830} INFO - Processing file /home/airflow/.local/lib/python3.12/site-packages/airflow/example_dags/example_params_trigger_ui.py for tasks to queue
[2024-06-07T08:08:42.466+0000] {logging_mixin.py:188} INFO - [2024-06-07T08:08:42.465+0000] {dagbag.py:545} INFO - Filling up the DagBag from /home/airflow/.local/lib/python3.12/site-packages/airflow/example_dags/example_params_trigger_ui.py
[2024-06-07T08:08:42.736+0000] {processor.py:840} INFO - DAG(s) 'example_params_trigger_ui' retrieved from /home/airflow/.local/lib/python3.12/site-packages/airflow/example_dags/example_params_trigger_ui.py
[2024-06-07T08:08:42.887+0000] {logging_mixin.py:188} INFO - [2024-06-07T08:08:42.886+0000] {dag.py:3096} INFO - Sync 1 DAGs
[2024-06-07T08:08:43.095+0000] {logging_mixin.py:188} INFO - [2024-06-07T08:08:43.094+0000] {dag.py:3954} INFO - Setting next_dagrun for example_params_trigger_ui to None, run_after=None
[2024-06-07T08:08:43.651+0000] {processor.py:183} INFO - Processing /home/airflow/.local/lib/python3.12/site-packages/airflow/example_dags/example_params_trigger_ui.py took 1.354 seconds
[2024-06-07T08:13:31.161+0000] {processor.py:161} INFO - Started process (PID=1463) to work on /home/airflow/.local/lib/python3.12/site-packages/airflow/example_dags/example_params_trigger_ui.py
[2024-06-07T08:13:31.256+0000] {processor.py:830} INFO - Processing file /home/airflow/.local/lib/python3.12/site-packages/airflow/example_dags/example_params_trigger_ui.py for tasks to queue
[2024-06-07T08:13:31.258+0000] {logging_mixin.py:188} INFO - [2024-06-07T08:13:31.257+0000] {dagbag.py:545} INFO - Filling up the DagBag from /home/airflow/.local/lib/python3.12/site-packages/airflow/example_dags/example_params_trigger_ui.py
[2024-06-07T08:13:31.293+0000] {processor.py:840} INFO - DAG(s) 'example_params_trigger_ui' retrieved from /home/airflow/.local/lib/python3.12/site-packages/airflow/example_dags/example_params_trigger_ui.py
[2024-06-07T08:13:31.631+0000] {logging_mixin.py:188} INFO - [2024-06-07T08:13:31.631+0000] {dag.py:3096} INFO - Sync 1 DAGs
[2024-06-07T08:13:31.658+0000] {logging_mixin.py:188} INFO - [2024-06-07T08:13:31.658+0000] {dag.py:3954} INFO - Setting next_dagrun for example_params_trigger_ui to None, run_after=None
[2024-06-07T08:13:32.151+0000] {processor.py:183} INFO - Processing /home/airflow/.local/lib/python3.12/site-packages/airflow/example_dags/example_params_trigger_ui.py took 1.008 seconds
[2024-06-07T08:14:03.963+0000] {processor.py:161} INFO - Started process (PID=1521) to work on /home/airflow/.local/lib/python3.12/site-packages/airflow/example_dags/example_params_trigger_ui.py
[2024-06-07T08:14:03.980+0000] {processor.py:830} INFO - Processing file /home/airflow/.local/lib/python3.12/site-packages/airflow/example_dags/example_params_trigger_ui.py for tasks to queue
[2024-06-07T08:14:03.990+0000] {logging_mixin.py:188} INFO - [2024-06-07T08:14:03.989+0000] {dagbag.py:545} INFO - Filling up the DagBag from /home/airflow/.local/lib/python3.12/site-packages/airflow/example_dags/example_params_trigger_ui.py
[2024-06-07T08:14:04.097+0000] {processor.py:840} INFO - DAG(s) 'example_params_trigger_ui' retrieved from /home/airflow/.local/lib/python3.12/site-packages/airflow/example_dags/example_params_trigger_ui.py
[2024-06-07T08:14:04.532+0000] {logging_mixin.py:188} INFO - [2024-06-07T08:14:04.532+0000] {dag.py:3096} INFO - Sync 1 DAGs
[2024-06-07T08:14:04.623+0000] {logging_mixin.py:188} INFO - [2024-06-07T08:14:04.622+0000] {dag.py:3954} INFO - Setting next_dagrun for example_params_trigger_ui to None, run_after=None
[2024-06-07T08:14:04.999+0000] {processor.py:183} INFO - Processing /home/airflow/.local/lib/python3.12/site-packages/airflow/example_dags/example_params_trigger_ui.py took 1.058 seconds
[2024-06-07T08:14:35.457+0000] {processor.py:161} INFO - Started process (PID=1576) to work on /home/airflow/.local/lib/python3.12/site-packages/airflow/example_dags/example_params_trigger_ui.py
[2024-06-07T08:14:35.469+0000] {processor.py:830} INFO - Processing file /home/airflow/.local/lib/python3.12/site-packages/airflow/example_dags/example_params_trigger_ui.py for tasks to queue
[2024-06-07T08:14:35.472+0000] {logging_mixin.py:188} INFO - [2024-06-07T08:14:35.471+0000] {dagbag.py:545} INFO - Filling up the DagBag from /home/airflow/.local/lib/python3.12/site-packages/airflow/example_dags/example_params_trigger_ui.py
[2024-06-07T08:14:35.569+0000] {processor.py:840} INFO - DAG(s) 'example_params_trigger_ui' retrieved from /home/airflow/.local/lib/python3.12/site-packages/airflow/example_dags/example_params_trigger_ui.py
[2024-06-07T08:14:36.054+0000] {logging_mixin.py:188} INFO - [2024-06-07T08:14:36.053+0000] {dag.py:3096} INFO - Sync 1 DAGs
[2024-06-07T08:14:36.103+0000] {logging_mixin.py:188} INFO - [2024-06-07T08:14:36.103+0000] {dag.py:3954} INFO - Setting next_dagrun for example_params_trigger_ui to None, run_after=None
[2024-06-07T08:14:36.289+0000] {processor.py:183} INFO - Processing /home/airflow/.local/lib/python3.12/site-packages/airflow/example_dags/example_params_trigger_ui.py took 0.853 seconds
[2024-06-07T08:15:06.478+0000] {processor.py:161} INFO - Started process (PID=1634) to work on /home/airflow/.local/lib/python3.12/site-packages/airflow/example_dags/example_params_trigger_ui.py
[2024-06-07T08:15:06.481+0000] {processor.py:830} INFO - Processing file /home/airflow/.local/lib/python3.12/site-packages/airflow/example_dags/example_params_trigger_ui.py for tasks to queue
[2024-06-07T08:15:06.485+0000] {logging_mixin.py:188} INFO - [2024-06-07T08:15:06.484+0000] {dagbag.py:545} INFO - Filling up the DagBag from /home/airflow/.local/lib/python3.12/site-packages/airflow/example_dags/example_params_trigger_ui.py
[2024-06-07T08:15:06.539+0000] {processor.py:840} INFO - DAG(s) 'example_params_trigger_ui' retrieved from /home/airflow/.local/lib/python3.12/site-packages/airflow/example_dags/example_params_trigger_ui.py
[2024-06-07T08:15:06.708+0000] {logging_mixin.py:188} INFO - [2024-06-07T08:15:06.708+0000] {dag.py:3096} INFO - Sync 1 DAGs
[2024-06-07T08:15:06.750+0000] {logging_mixin.py:188} INFO - [2024-06-07T08:15:06.750+0000] {dag.py:3954} INFO - Setting next_dagrun for example_params_trigger_ui to None, run_after=None
[2024-06-07T08:15:07.335+0000] {processor.py:183} INFO - Processing /home/airflow/.local/lib/python3.12/site-packages/airflow/example_dags/example_params_trigger_ui.py took 0.879 seconds
[2024-06-07T08:15:42.993+0000] {processor.py:161} INFO - Started process (PID=1698) to work on /home/airflow/.local/lib/python3.12/site-packages/airflow/example_dags/example_params_trigger_ui.py
[2024-06-07T08:15:42.995+0000] {processor.py:830} INFO - Processing file /home/airflow/.local/lib/python3.12/site-packages/airflow/example_dags/example_params_trigger_ui.py for tasks to queue
[2024-06-07T08:15:42.998+0000] {logging_mixin.py:188} INFO - [2024-06-07T08:15:42.997+0000] {dagbag.py:545} INFO - Filling up the DagBag from /home/airflow/.local/lib/python3.12/site-packages/airflow/example_dags/example_params_trigger_ui.py
[2024-06-07T08:15:43.041+0000] {processor.py:840} INFO - DAG(s) 'example_params_trigger_ui' retrieved from /home/airflow/.local/lib/python3.12/site-packages/airflow/example_dags/example_params_trigger_ui.py
[2024-06-07T08:15:43.527+0000] {logging_mixin.py:188} INFO - [2024-06-07T08:15:43.526+0000] {dag.py:3096} INFO - Sync 1 DAGs
[2024-06-07T08:15:43.559+0000] {logging_mixin.py:188} INFO - [2024-06-07T08:15:43.558+0000] {dag.py:3954} INFO - Setting next_dagrun for example_params_trigger_ui to None, run_after=None
[2024-06-07T08:15:43.730+0000] {processor.py:183} INFO - Processing /home/airflow/.local/lib/python3.12/site-packages/airflow/example_dags/example_params_trigger_ui.py took 0.760 seconds
[2024-06-07T08:16:14.146+0000] {processor.py:161} INFO - Started process (PID=1756) to work on /home/airflow/.local/lib/python3.12/site-packages/airflow/example_dags/example_params_trigger_ui.py
[2024-06-07T08:16:14.148+0000] {processor.py:830} INFO - Processing file /home/airflow/.local/lib/python3.12/site-packages/airflow/example_dags/example_params_trigger_ui.py for tasks to queue
[2024-06-07T08:16:14.151+0000] {logging_mixin.py:188} INFO - [2024-06-07T08:16:14.150+0000] {dagbag.py:545} INFO - Filling up the DagBag from /home/airflow/.local/lib/python3.12/site-packages/airflow/example_dags/example_params_trigger_ui.py
[2024-06-07T08:16:14.199+0000] {processor.py:840} INFO - DAG(s) 'example_params_trigger_ui' retrieved from /home/airflow/.local/lib/python3.12/site-packages/airflow/example_dags/example_params_trigger_ui.py
[2024-06-07T08:16:14.350+0000] {logging_mixin.py:188} INFO - [2024-06-07T08:16:14.349+0000] {dag.py:3096} INFO - Sync 1 DAGs
[2024-06-07T08:16:14.391+0000] {logging_mixin.py:188} INFO - [2024-06-07T08:16:14.390+0000] {dag.py:3954} INFO - Setting next_dagrun for example_params_trigger_ui to None, run_after=None
[2024-06-07T08:16:14.864+0000] {processor.py:183} INFO - Processing /home/airflow/.local/lib/python3.12/site-packages/airflow/example_dags/example_params_trigger_ui.py took 0.739 seconds
[2024-06-07T08:16:46.365+0000] {processor.py:161} INFO - Started process (PID=1813) to work on /home/airflow/.local/lib/python3.12/site-packages/airflow/example_dags/example_params_trigger_ui.py
[2024-06-07T08:16:46.379+0000] {processor.py:830} INFO - Processing file /home/airflow/.local/lib/python3.12/site-packages/airflow/example_dags/example_params_trigger_ui.py for tasks to queue
[2024-06-07T08:16:46.396+0000] {logging_mixin.py:188} INFO - [2024-06-07T08:16:46.395+0000] {dagbag.py:545} INFO - Filling up the DagBag from /home/airflow/.local/lib/python3.12/site-packages/airflow/example_dags/example_params_trigger_ui.py
[2024-06-07T08:16:46.479+0000] {processor.py:840} INFO - DAG(s) 'example_params_trigger_ui' retrieved from /home/airflow/.local/lib/python3.12/site-packages/airflow/example_dags/example_params_trigger_ui.py
[2024-06-07T08:16:46.886+0000] {logging_mixin.py:188} INFO - [2024-06-07T08:16:46.886+0000] {dag.py:3096} INFO - Sync 1 DAGs
[2024-06-07T08:16:46.985+0000] {logging_mixin.py:188} INFO - [2024-06-07T08:16:46.984+0000] {dag.py:3954} INFO - Setting next_dagrun for example_params_trigger_ui to None, run_after=None
[2024-06-07T08:16:47.291+0000] {processor.py:183} INFO - Processing /home/airflow/.local/lib/python3.12/site-packages/airflow/example_dags/example_params_trigger_ui.py took 0.965 seconds
[2024-06-07T08:17:20.000+0000] {processor.py:161} INFO - Started process (PID=1871) to work on /home/airflow/.local/lib/python3.12/site-packages/airflow/example_dags/example_params_trigger_ui.py
[2024-06-07T08:17:20.003+0000] {processor.py:830} INFO - Processing file /home/airflow/.local/lib/python3.12/site-packages/airflow/example_dags/example_params_trigger_ui.py for tasks to queue
[2024-06-07T08:17:20.021+0000] {logging_mixin.py:188} INFO - [2024-06-07T08:17:20.020+0000] {dagbag.py:545} INFO - Filling up the DagBag from /home/airflow/.local/lib/python3.12/site-packages/airflow/example_dags/example_params_trigger_ui.py
[2024-06-07T08:17:20.170+0000] {processor.py:840} INFO - DAG(s) 'example_params_trigger_ui' retrieved from /home/airflow/.local/lib/python3.12/site-packages/airflow/example_dags/example_params_trigger_ui.py
[2024-06-07T08:17:21.344+0000] {logging_mixin.py:188} INFO - [2024-06-07T08:17:21.343+0000] {dag.py:3096} INFO - Sync 1 DAGs
[2024-06-07T08:17:21.522+0000] {logging_mixin.py:188} INFO - [2024-06-07T08:17:21.521+0000] {dag.py:3954} INFO - Setting next_dagrun for example_params_trigger_ui to None, run_after=None
[2024-06-07T08:17:22.098+0000] {processor.py:183} INFO - Processing /home/airflow/.local/lib/python3.12/site-packages/airflow/example_dags/example_params_trigger_ui.py took 2.132 seconds
[2024-06-07T08:18:00.120+0000] {processor.py:161} INFO - Started process (PID=1942) to work on /home/airflow/.local/lib/python3.12/site-packages/airflow/example_dags/example_params_trigger_ui.py
[2024-06-07T08:18:00.122+0000] {processor.py:830} INFO - Processing file /home/airflow/.local/lib/python3.12/site-packages/airflow/example_dags/example_params_trigger_ui.py for tasks to queue
[2024-06-07T08:18:00.124+0000] {logging_mixin.py:188} INFO - [2024-06-07T08:18:00.124+0000] {dagbag.py:545} INFO - Filling up the DagBag from /home/airflow/.local/lib/python3.12/site-packages/airflow/example_dags/example_params_trigger_ui.py
[2024-06-07T08:18:00.258+0000] {processor.py:840} INFO - DAG(s) 'example_params_trigger_ui' retrieved from /home/airflow/.local/lib/python3.12/site-packages/airflow/example_dags/example_params_trigger_ui.py
[2024-06-07T08:18:00.820+0000] {logging_mixin.py:188} INFO - [2024-06-07T08:18:00.820+0000] {dag.py:3096} INFO - Sync 1 DAGs
[2024-06-07T08:18:01.104+0000] {logging_mixin.py:188} INFO - [2024-06-07T08:18:01.103+0000] {dag.py:3954} INFO - Setting next_dagrun for example_params_trigger_ui to None, run_after=None
[2024-06-07T08:18:01.571+0000] {processor.py:183} INFO - Processing /home/airflow/.local/lib/python3.12/site-packages/airflow/example_dags/example_params_trigger_ui.py took 1.471 seconds
[2024-06-07T08:18:31.687+0000] {processor.py:161} INFO - Started process (PID=2000) to work on /home/airflow/.local/lib/python3.12/site-packages/airflow/example_dags/example_params_trigger_ui.py
[2024-06-07T08:18:31.688+0000] {processor.py:830} INFO - Processing file /home/airflow/.local/lib/python3.12/site-packages/airflow/example_dags/example_params_trigger_ui.py for tasks to queue
[2024-06-07T08:18:31.690+0000] {logging_mixin.py:188} INFO - [2024-06-07T08:18:31.689+0000] {dagbag.py:545} INFO - Filling up the DagBag from /home/airflow/.local/lib/python3.12/site-packages/airflow/example_dags/example_params_trigger_ui.py
[2024-06-07T08:18:31.723+0000] {processor.py:840} INFO - DAG(s) 'example_params_trigger_ui' retrieved from /home/airflow/.local/lib/python3.12/site-packages/airflow/example_dags/example_params_trigger_ui.py
[2024-06-07T08:18:31.865+0000] {logging_mixin.py:188} INFO - [2024-06-07T08:18:31.864+0000] {dag.py:3096} INFO - Sync 1 DAGs
[2024-06-07T08:18:31.918+0000] {logging_mixin.py:188} INFO - [2024-06-07T08:18:31.917+0000] {dag.py:3954} INFO - Setting next_dagrun for example_params_trigger_ui to None, run_after=None
[2024-06-07T08:18:32.093+0000] {processor.py:183} INFO - Processing /home/airflow/.local/lib/python3.12/site-packages/airflow/example_dags/example_params_trigger_ui.py took 0.424 seconds
[2024-06-07T08:19:02.959+0000] {processor.py:161} INFO - Started process (PID=2058) to work on /home/airflow/.local/lib/python3.12/site-packages/airflow/example_dags/example_params_trigger_ui.py
[2024-06-07T08:19:02.969+0000] {processor.py:830} INFO - Processing file /home/airflow/.local/lib/python3.12/site-packages/airflow/example_dags/example_params_trigger_ui.py for tasks to queue
[2024-06-07T08:19:02.980+0000] {logging_mixin.py:188} INFO - [2024-06-07T08:19:02.979+0000] {dagbag.py:545} INFO - Filling up the DagBag from /home/airflow/.local/lib/python3.12/site-packages/airflow/example_dags/example_params_trigger_ui.py
[2024-06-07T08:19:03.121+0000] {processor.py:840} INFO - DAG(s) 'example_params_trigger_ui' retrieved from /home/airflow/.local/lib/python3.12/site-packages/airflow/example_dags/example_params_trigger_ui.py
[2024-06-07T08:19:03.656+0000] {logging_mixin.py:188} INFO - [2024-06-07T08:19:03.655+0000] {dag.py:3096} INFO - Sync 1 DAGs
[2024-06-07T08:19:03.795+0000] {logging_mixin.py:188} INFO - [2024-06-07T08:19:03.794+0000] {dag.py:3954} INFO - Setting next_dagrun for example_params_trigger_ui to None, run_after=None
[2024-06-07T08:19:04.396+0000] {processor.py:183} INFO - Processing /home/airflow/.local/lib/python3.12/site-packages/airflow/example_dags/example_params_trigger_ui.py took 1.486 seconds
[2024-06-07T08:19:37.218+0000] {processor.py:161} INFO - Started process (PID=2116) to work on /home/airflow/.local/lib/python3.12/site-packages/airflow/example_dags/example_params_trigger_ui.py
[2024-06-07T08:19:37.220+0000] {processor.py:830} INFO - Processing file /home/airflow/.local/lib/python3.12/site-packages/airflow/example_dags/example_params_trigger_ui.py for tasks to queue
[2024-06-07T08:19:37.236+0000] {logging_mixin.py:188} INFO - [2024-06-07T08:19:37.235+0000] {dagbag.py:545} INFO - Filling up the DagBag from /home/airflow/.local/lib/python3.12/site-packages/airflow/example_dags/example_params_trigger_ui.py
[2024-06-07T08:19:37.416+0000] {processor.py:840} INFO - DAG(s) 'example_params_trigger_ui' retrieved from /home/airflow/.local/lib/python3.12/site-packages/airflow/example_dags/example_params_trigger_ui.py
[2024-06-07T08:19:37.832+0000] {logging_mixin.py:188} INFO - [2024-06-07T08:19:37.831+0000] {dag.py:3096} INFO - Sync 1 DAGs
[2024-06-07T08:19:37.900+0000] {logging_mixin.py:188} INFO - [2024-06-07T08:19:37.898+0000] {dag.py:3954} INFO - Setting next_dagrun for example_params_trigger_ui to None, run_after=None
[2024-06-07T08:19:38.100+0000] {processor.py:183} INFO - Processing /home/airflow/.local/lib/python3.12/site-packages/airflow/example_dags/example_params_trigger_ui.py took 0.915 seconds
[2024-06-07T08:20:10.703+0000] {processor.py:161} INFO - Started process (PID=2174) to work on /home/airflow/.local/lib/python3.12/site-packages/airflow/example_dags/example_params_trigger_ui.py
[2024-06-07T08:20:10.706+0000] {processor.py:830} INFO - Processing file /home/airflow/.local/lib/python3.12/site-packages/airflow/example_dags/example_params_trigger_ui.py for tasks to queue
[2024-06-07T08:20:10.721+0000] {logging_mixin.py:188} INFO - [2024-06-07T08:20:10.720+0000] {dagbag.py:545} INFO - Filling up the DagBag from /home/airflow/.local/lib/python3.12/site-packages/airflow/example_dags/example_params_trigger_ui.py
[2024-06-07T08:20:10.967+0000] {processor.py:840} INFO - DAG(s) 'example_params_trigger_ui' retrieved from /home/airflow/.local/lib/python3.12/site-packages/airflow/example_dags/example_params_trigger_ui.py
[2024-06-07T08:20:11.529+0000] {logging_mixin.py:188} INFO - [2024-06-07T08:20:11.528+0000] {dag.py:3096} INFO - Sync 1 DAGs
[2024-06-07T08:20:11.577+0000] {logging_mixin.py:188} INFO - [2024-06-07T08:20:11.577+0000] {dag.py:3954} INFO - Setting next_dagrun for example_params_trigger_ui to None, run_after=None
[2024-06-07T08:20:11.784+0000] {processor.py:183} INFO - Processing /home/airflow/.local/lib/python3.12/site-packages/airflow/example_dags/example_params_trigger_ui.py took 1.150 seconds
[2024-06-07T08:20:42.556+0000] {processor.py:161} INFO - Started process (PID=2238) to work on /home/airflow/.local/lib/python3.12/site-packages/airflow/example_dags/example_params_trigger_ui.py
[2024-06-07T08:20:42.561+0000] {processor.py:830} INFO - Processing file /home/airflow/.local/lib/python3.12/site-packages/airflow/example_dags/example_params_trigger_ui.py for tasks to queue
[2024-06-07T08:20:42.568+0000] {logging_mixin.py:188} INFO - [2024-06-07T08:20:42.563+0000] {dagbag.py:545} INFO - Filling up the DagBag from /home/airflow/.local/lib/python3.12/site-packages/airflow/example_dags/example_params_trigger_ui.py
[2024-06-07T08:20:42.684+0000] {processor.py:840} INFO - DAG(s) 'example_params_trigger_ui' retrieved from /home/airflow/.local/lib/python3.12/site-packages/airflow/example_dags/example_params_trigger_ui.py
[2024-06-07T08:20:43.059+0000] {logging_mixin.py:188} INFO - [2024-06-07T08:20:43.058+0000] {dag.py:3096} INFO - Sync 1 DAGs
[2024-06-07T08:20:43.171+0000] {logging_mixin.py:188} INFO - [2024-06-07T08:20:43.170+0000] {dag.py:3954} INFO - Setting next_dagrun for example_params_trigger_ui to None, run_after=None
[2024-06-07T08:20:43.607+0000] {processor.py:183} INFO - Processing /home/airflow/.local/lib/python3.12/site-packages/airflow/example_dags/example_params_trigger_ui.py took 1.075 seconds
[2024-06-07T08:21:14.056+0000] {processor.py:161} INFO - Started process (PID=2296) to work on /home/airflow/.local/lib/python3.12/site-packages/airflow/example_dags/example_params_trigger_ui.py
[2024-06-07T08:21:14.058+0000] {processor.py:830} INFO - Processing file /home/airflow/.local/lib/python3.12/site-packages/airflow/example_dags/example_params_trigger_ui.py for tasks to queue
[2024-06-07T08:21:14.060+0000] {logging_mixin.py:188} INFO - [2024-06-07T08:21:14.059+0000] {dagbag.py:545} INFO - Filling up the DagBag from /home/airflow/.local/lib/python3.12/site-packages/airflow/example_dags/example_params_trigger_ui.py
[2024-06-07T08:21:14.094+0000] {processor.py:840} INFO - DAG(s) 'example_params_trigger_ui' retrieved from /home/airflow/.local/lib/python3.12/site-packages/airflow/example_dags/example_params_trigger_ui.py
[2024-06-07T08:21:14.222+0000] {logging_mixin.py:188} INFO - [2024-06-07T08:21:14.221+0000] {dag.py:3096} INFO - Sync 1 DAGs
[2024-06-07T08:21:14.249+0000] {logging_mixin.py:188} INFO - [2024-06-07T08:21:14.248+0000] {dag.py:3954} INFO - Setting next_dagrun for example_params_trigger_ui to None, run_after=None
[2024-06-07T08:21:14.632+0000] {processor.py:183} INFO - Processing /home/airflow/.local/lib/python3.12/site-packages/airflow/example_dags/example_params_trigger_ui.py took 0.588 seconds
[2024-06-07T08:21:45.342+0000] {processor.py:161} INFO - Started process (PID=2354) to work on /home/airflow/.local/lib/python3.12/site-packages/airflow/example_dags/example_params_trigger_ui.py
[2024-06-07T08:21:45.344+0000] {processor.py:830} INFO - Processing file /home/airflow/.local/lib/python3.12/site-packages/airflow/example_dags/example_params_trigger_ui.py for tasks to queue
[2024-06-07T08:21:45.346+0000] {logging_mixin.py:188} INFO - [2024-06-07T08:21:45.346+0000] {dagbag.py:545} INFO - Filling up the DagBag from /home/airflow/.local/lib/python3.12/site-packages/airflow/example_dags/example_params_trigger_ui.py
[2024-06-07T08:21:45.381+0000] {processor.py:840} INFO - DAG(s) 'example_params_trigger_ui' retrieved from /home/airflow/.local/lib/python3.12/site-packages/airflow/example_dags/example_params_trigger_ui.py
[2024-06-07T08:21:45.490+0000] {logging_mixin.py:188} INFO - [2024-06-07T08:21:45.490+0000] {dag.py:3096} INFO - Sync 1 DAGs
[2024-06-07T08:21:45.515+0000] {logging_mixin.py:188} INFO - [2024-06-07T08:21:45.514+0000] {dag.py:3954} INFO - Setting next_dagrun for example_params_trigger_ui to None, run_after=None
[2024-06-07T08:21:46.756+0000] {processor.py:183} INFO - Processing /home/airflow/.local/lib/python3.12/site-packages/airflow/example_dags/example_params_trigger_ui.py took 1.425 seconds
[2024-06-07T08:22:17.138+0000] {processor.py:161} INFO - Started process (PID=2412) to work on /home/airflow/.local/lib/python3.12/site-packages/airflow/example_dags/example_params_trigger_ui.py
[2024-06-07T08:22:17.140+0000] {processor.py:830} INFO - Processing file /home/airflow/.local/lib/python3.12/site-packages/airflow/example_dags/example_params_trigger_ui.py for tasks to queue
[2024-06-07T08:22:17.143+0000] {logging_mixin.py:188} INFO - [2024-06-07T08:22:17.142+0000] {dagbag.py:545} INFO - Filling up the DagBag from /home/airflow/.local/lib/python3.12/site-packages/airflow/example_dags/example_params_trigger_ui.py
[2024-06-07T08:22:17.188+0000] {processor.py:840} INFO - DAG(s) 'example_params_trigger_ui' retrieved from /home/airflow/.local/lib/python3.12/site-packages/airflow/example_dags/example_params_trigger_ui.py
[2024-06-07T08:22:17.334+0000] {logging_mixin.py:188} INFO - [2024-06-07T08:22:17.333+0000] {dag.py:3096} INFO - Sync 1 DAGs
[2024-06-07T08:22:17.374+0000] {logging_mixin.py:188} INFO - [2024-06-07T08:22:17.373+0000] {dag.py:3954} INFO - Setting next_dagrun for example_params_trigger_ui to None, run_after=None
[2024-06-07T08:22:17.751+0000] {processor.py:183} INFO - Processing /home/airflow/.local/lib/python3.12/site-packages/airflow/example_dags/example_params_trigger_ui.py took 0.629 seconds
[2024-06-07T08:22:48.553+0000] {processor.py:161} INFO - Started process (PID=2471) to work on /home/airflow/.local/lib/python3.12/site-packages/airflow/example_dags/example_params_trigger_ui.py
[2024-06-07T08:22:48.557+0000] {processor.py:830} INFO - Processing file /home/airflow/.local/lib/python3.12/site-packages/airflow/example_dags/example_params_trigger_ui.py for tasks to queue
[2024-06-07T08:22:48.560+0000] {logging_mixin.py:188} INFO - [2024-06-07T08:22:48.559+0000] {dagbag.py:545} INFO - Filling up the DagBag from /home/airflow/.local/lib/python3.12/site-packages/airflow/example_dags/example_params_trigger_ui.py
[2024-06-07T08:22:48.612+0000] {processor.py:840} INFO - DAG(s) 'example_params_trigger_ui' retrieved from /home/airflow/.local/lib/python3.12/site-packages/airflow/example_dags/example_params_trigger_ui.py
[2024-06-07T08:22:48.960+0000] {logging_mixin.py:188} INFO - [2024-06-07T08:22:48.960+0000] {dag.py:3096} INFO - Sync 1 DAGs
[2024-06-07T08:22:49.013+0000] {logging_mixin.py:188} INFO - [2024-06-07T08:22:49.012+0000] {dag.py:3954} INFO - Setting next_dagrun for example_params_trigger_ui to None, run_after=None
[2024-06-07T08:22:49.192+0000] {processor.py:183} INFO - Processing /home/airflow/.local/lib/python3.12/site-packages/airflow/example_dags/example_params_trigger_ui.py took 0.656 seconds
[2024-06-07T08:23:19.445+0000] {processor.py:161} INFO - Started process (PID=2529) to work on /home/airflow/.local/lib/python3.12/site-packages/airflow/example_dags/example_params_trigger_ui.py
[2024-06-07T08:23:19.450+0000] {processor.py:830} INFO - Processing file /home/airflow/.local/lib/python3.12/site-packages/airflow/example_dags/example_params_trigger_ui.py for tasks to queue
[2024-06-07T08:23:19.454+0000] {logging_mixin.py:188} INFO - [2024-06-07T08:23:19.453+0000] {dagbag.py:545} INFO - Filling up the DagBag from /home/airflow/.local/lib/python3.12/site-packages/airflow/example_dags/example_params_trigger_ui.py
[2024-06-07T08:23:19.529+0000] {processor.py:840} INFO - DAG(s) 'example_params_trigger_ui' retrieved from /home/airflow/.local/lib/python3.12/site-packages/airflow/example_dags/example_params_trigger_ui.py
[2024-06-07T08:23:19.721+0000] {logging_mixin.py:188} INFO - [2024-06-07T08:23:19.720+0000] {dag.py:3096} INFO - Sync 1 DAGs
[2024-06-07T08:23:19.759+0000] {logging_mixin.py:188} INFO - [2024-06-07T08:23:19.759+0000] {dag.py:3954} INFO - Setting next_dagrun for example_params_trigger_ui to None, run_after=None
[2024-06-07T08:23:19.944+0000] {processor.py:183} INFO - Processing /home/airflow/.local/lib/python3.12/site-packages/airflow/example_dags/example_params_trigger_ui.py took 0.535 seconds
