[2024-06-07T07:54:40.512+0000] {processor.py:161} INFO - Started process (PID=59) to work on /home/airflow/.local/lib/python3.12/site-packages/airflow/example_dags/example_bash_operator.py
[2024-06-07T07:54:40.516+0000] {processor.py:830} INFO - Processing file /home/airflow/.local/lib/python3.12/site-packages/airflow/example_dags/example_bash_operator.py for tasks to queue
[2024-06-07T07:54:40.528+0000] {logging_mixin.py:188} INFO - [2024-06-07T07:54:40.527+0000] {dagbag.py:545} INFO - Filling up the DagBag from /home/airflow/.local/lib/python3.12/site-packages/airflow/example_dags/example_bash_operator.py
[2024-06-07T07:54:40.588+0000] {processor.py:840} INFO - DAG(s) 'example_bash_operator' retrieved from /home/airflow/.local/lib/python3.12/site-packages/airflow/example_dags/example_bash_operator.py
[2024-06-07T07:54:41.929+0000] {logging_mixin.py:188} INFO - [2024-06-07T07:54:41.917+0000] {override.py:1829} INFO - Created Permission View: can delete on DAG:example_bash_operator
[2024-06-07T07:54:42.127+0000] {logging_mixin.py:188} INFO - [2024-06-07T07:54:42.126+0000] {override.py:1829} INFO - Created Permission View: can read on DAG:example_bash_operator
[2024-06-07T07:54:42.576+0000] {logging_mixin.py:188} INFO - [2024-06-07T07:54:42.575+0000] {override.py:1829} INFO - Created Permission View: can edit on DAG:example_bash_operator
[2024-06-07T07:54:42.579+0000] {logging_mixin.py:188} INFO - [2024-06-07T07:54:42.578+0000] {dag.py:3096} INFO - Sync 1 DAGs
[2024-06-07T07:54:42.619+0000] {logging_mixin.py:188} INFO - [2024-06-07T07:54:42.618+0000] {dag.py:3118} INFO - Creating ORM DAG for example_bash_operator
[2024-06-07T07:54:42.657+0000] {logging_mixin.py:188} INFO - [2024-06-07T07:54:42.656+0000] {dag.py:3954} INFO - Setting next_dagrun for example_bash_operator to 2024-06-06 00:00:00+00:00, run_after=2024-06-07 00:00:00+00:00
[2024-06-07T07:54:42.980+0000] {processor.py:183} INFO - Processing /home/airflow/.local/lib/python3.12/site-packages/airflow/example_dags/example_bash_operator.py took 2.500 seconds
[2024-06-07T07:55:31.991+0000] {processor.py:161} INFO - Started process (PID=124) to work on /home/airflow/.local/lib/python3.12/site-packages/airflow/example_dags/example_bash_operator.py
[2024-06-07T07:55:31.993+0000] {processor.py:830} INFO - Processing file /home/airflow/.local/lib/python3.12/site-packages/airflow/example_dags/example_bash_operator.py for tasks to queue
[2024-06-07T07:55:32.001+0000] {logging_mixin.py:188} INFO - [2024-06-07T07:55:32.000+0000] {dagbag.py:545} INFO - Filling up the DagBag from /home/airflow/.local/lib/python3.12/site-packages/airflow/example_dags/example_bash_operator.py
[2024-06-07T07:55:32.051+0000] {processor.py:840} INFO - DAG(s) 'example_bash_operator' retrieved from /home/airflow/.local/lib/python3.12/site-packages/airflow/example_dags/example_bash_operator.py
[2024-06-07T07:55:32.153+0000] {logging_mixin.py:188} INFO - [2024-06-07T07:55:32.152+0000] {dag.py:3096} INFO - Sync 1 DAGs
[2024-06-07T07:55:32.201+0000] {logging_mixin.py:188} INFO - [2024-06-07T07:55:32.200+0000] {dag.py:3954} INFO - Setting next_dagrun for example_bash_operator to 2024-06-06 00:00:00+00:00, run_after=2024-06-07 00:00:00+00:00
[2024-06-07T07:55:32.472+0000] {processor.py:183} INFO - Processing /home/airflow/.local/lib/python3.12/site-packages/airflow/example_dags/example_bash_operator.py took 0.507 seconds
[2024-06-07T07:56:05.649+0000] {processor.py:161} INFO - Started process (PID=182) to work on /home/airflow/.local/lib/python3.12/site-packages/airflow/example_dags/example_bash_operator.py
[2024-06-07T07:56:05.678+0000] {processor.py:830} INFO - Processing file /home/airflow/.local/lib/python3.12/site-packages/airflow/example_dags/example_bash_operator.py for tasks to queue
[2024-06-07T07:56:05.695+0000] {logging_mixin.py:188} INFO - [2024-06-07T07:56:05.694+0000] {dagbag.py:545} INFO - Filling up the DagBag from /home/airflow/.local/lib/python3.12/site-packages/airflow/example_dags/example_bash_operator.py
[2024-06-07T07:56:05.774+0000] {processor.py:840} INFO - DAG(s) 'example_bash_operator' retrieved from /home/airflow/.local/lib/python3.12/site-packages/airflow/example_dags/example_bash_operator.py
[2024-06-07T07:56:05.878+0000] {logging_mixin.py:188} INFO - [2024-06-07T07:56:05.876+0000] {dag.py:3096} INFO - Sync 1 DAGs
[2024-06-07T07:56:05.960+0000] {logging_mixin.py:188} INFO - [2024-06-07T07:56:05.960+0000] {dag.py:3954} INFO - Setting next_dagrun for example_bash_operator to 2024-06-06 00:00:00+00:00, run_after=2024-06-07 00:00:00+00:00
[2024-06-07T07:56:06.077+0000] {processor.py:183} INFO - Processing /home/airflow/.local/lib/python3.12/site-packages/airflow/example_dags/example_bash_operator.py took 0.479 seconds
[2024-06-07T07:56:42.963+0000] {processor.py:161} INFO - Started process (PID=238) to work on /home/airflow/.local/lib/python3.12/site-packages/airflow/example_dags/example_bash_operator.py
[2024-06-07T07:56:42.992+0000] {processor.py:830} INFO - Processing file /home/airflow/.local/lib/python3.12/site-packages/airflow/example_dags/example_bash_operator.py for tasks to queue
[2024-06-07T07:56:43.014+0000] {logging_mixin.py:188} INFO - [2024-06-07T07:56:43.013+0000] {dagbag.py:545} INFO - Filling up the DagBag from /home/airflow/.local/lib/python3.12/site-packages/airflow/example_dags/example_bash_operator.py
[2024-06-07T07:56:43.067+0000] {processor.py:840} INFO - DAG(s) 'example_bash_operator' retrieved from /home/airflow/.local/lib/python3.12/site-packages/airflow/example_dags/example_bash_operator.py
[2024-06-07T07:56:43.292+0000] {logging_mixin.py:188} INFO - [2024-06-07T07:56:43.291+0000] {dag.py:3096} INFO - Sync 1 DAGs
[2024-06-07T07:56:43.530+0000] {logging_mixin.py:188} INFO - [2024-06-07T07:56:43.529+0000] {dag.py:3954} INFO - Setting next_dagrun for example_bash_operator to 2024-06-06 00:00:00+00:00, run_after=2024-06-07 00:00:00+00:00
[2024-06-07T07:56:43.975+0000] {processor.py:183} INFO - Processing /home/airflow/.local/lib/python3.12/site-packages/airflow/example_dags/example_bash_operator.py took 1.059 seconds
[2024-06-07T07:57:23.737+0000] {processor.py:161} INFO - Started process (PID=302) to work on /home/airflow/.local/lib/python3.12/site-packages/airflow/example_dags/example_bash_operator.py
[2024-06-07T07:57:23.753+0000] {processor.py:830} INFO - Processing file /home/airflow/.local/lib/python3.12/site-packages/airflow/example_dags/example_bash_operator.py for tasks to queue
[2024-06-07T07:57:23.766+0000] {logging_mixin.py:188} INFO - [2024-06-07T07:57:23.766+0000] {dagbag.py:545} INFO - Filling up the DagBag from /home/airflow/.local/lib/python3.12/site-packages/airflow/example_dags/example_bash_operator.py
[2024-06-07T07:57:23.884+0000] {processor.py:840} INFO - DAG(s) 'example_bash_operator' retrieved from /home/airflow/.local/lib/python3.12/site-packages/airflow/example_dags/example_bash_operator.py
[2024-06-07T07:57:24.020+0000] {logging_mixin.py:188} INFO - [2024-06-07T07:57:24.019+0000] {dag.py:3096} INFO - Sync 1 DAGs
[2024-06-07T07:57:24.247+0000] {logging_mixin.py:188} INFO - [2024-06-07T07:57:24.247+0000] {dag.py:3954} INFO - Setting next_dagrun for example_bash_operator to 2024-06-06 00:00:00+00:00, run_after=2024-06-07 00:00:00+00:00
[2024-06-07T07:57:24.507+0000] {processor.py:183} INFO - Processing /home/airflow/.local/lib/python3.12/site-packages/airflow/example_dags/example_bash_operator.py took 0.832 seconds
[2024-06-07T07:57:55.476+0000] {processor.py:161} INFO - Started process (PID=361) to work on /home/airflow/.local/lib/python3.12/site-packages/airflow/example_dags/example_bash_operator.py
[2024-06-07T07:57:55.479+0000] {processor.py:830} INFO - Processing file /home/airflow/.local/lib/python3.12/site-packages/airflow/example_dags/example_bash_operator.py for tasks to queue
[2024-06-07T07:57:55.483+0000] {logging_mixin.py:188} INFO - [2024-06-07T07:57:55.482+0000] {dagbag.py:545} INFO - Filling up the DagBag from /home/airflow/.local/lib/python3.12/site-packages/airflow/example_dags/example_bash_operator.py
[2024-06-07T07:57:55.522+0000] {processor.py:840} INFO - DAG(s) 'example_bash_operator' retrieved from /home/airflow/.local/lib/python3.12/site-packages/airflow/example_dags/example_bash_operator.py
[2024-06-07T07:57:55.668+0000] {logging_mixin.py:188} INFO - [2024-06-07T07:57:55.668+0000] {dag.py:3096} INFO - Sync 1 DAGs
[2024-06-07T07:57:55.754+0000] {logging_mixin.py:188} INFO - [2024-06-07T07:57:55.753+0000] {dag.py:3954} INFO - Setting next_dagrun for example_bash_operator to 2024-06-06 00:00:00+00:00, run_after=2024-06-07 00:00:00+00:00
[2024-06-07T07:57:55.950+0000] {processor.py:183} INFO - Processing /home/airflow/.local/lib/python3.12/site-packages/airflow/example_dags/example_bash_operator.py took 0.489 seconds
[2024-06-07T07:58:27.508+0000] {processor.py:161} INFO - Started process (PID=419) to work on /home/airflow/.local/lib/python3.12/site-packages/airflow/example_dags/example_bash_operator.py
[2024-06-07T07:58:27.522+0000] {processor.py:830} INFO - Processing file /home/airflow/.local/lib/python3.12/site-packages/airflow/example_dags/example_bash_operator.py for tasks to queue
[2024-06-07T07:58:27.547+0000] {logging_mixin.py:188} INFO - [2024-06-07T07:58:27.546+0000] {dagbag.py:545} INFO - Filling up the DagBag from /home/airflow/.local/lib/python3.12/site-packages/airflow/example_dags/example_bash_operator.py
[2024-06-07T07:58:27.702+0000] {processor.py:840} INFO - DAG(s) 'example_bash_operator' retrieved from /home/airflow/.local/lib/python3.12/site-packages/airflow/example_dags/example_bash_operator.py
[2024-06-07T07:58:27.812+0000] {logging_mixin.py:188} INFO - [2024-06-07T07:58:27.811+0000] {dag.py:3096} INFO - Sync 1 DAGs
[2024-06-07T07:58:28.220+0000] {logging_mixin.py:188} INFO - [2024-06-07T07:58:28.219+0000] {dag.py:3954} INFO - Setting next_dagrun for example_bash_operator to 2024-06-06 00:00:00+00:00, run_after=2024-06-07 00:00:00+00:00
[2024-06-07T07:58:28.808+0000] {processor.py:183} INFO - Processing /home/airflow/.local/lib/python3.12/site-packages/airflow/example_dags/example_bash_operator.py took 1.367 seconds
[2024-06-07T07:59:07.806+0000] {processor.py:161} INFO - Started process (PID=477) to work on /home/airflow/.local/lib/python3.12/site-packages/airflow/example_dags/example_bash_operator.py
[2024-06-07T07:59:07.819+0000] {processor.py:830} INFO - Processing file /home/airflow/.local/lib/python3.12/site-packages/airflow/example_dags/example_bash_operator.py for tasks to queue
[2024-06-07T07:59:07.846+0000] {logging_mixin.py:188} INFO - [2024-06-07T07:59:07.845+0000] {dagbag.py:545} INFO - Filling up the DagBag from /home/airflow/.local/lib/python3.12/site-packages/airflow/example_dags/example_bash_operator.py
[2024-06-07T07:59:07.977+0000] {processor.py:840} INFO - DAG(s) 'example_bash_operator' retrieved from /home/airflow/.local/lib/python3.12/site-packages/airflow/example_dags/example_bash_operator.py
[2024-06-07T07:59:08.666+0000] {logging_mixin.py:188} INFO - [2024-06-07T07:59:08.666+0000] {dag.py:3096} INFO - Sync 1 DAGs
[2024-06-07T07:59:08.773+0000] {logging_mixin.py:188} INFO - [2024-06-07T07:59:08.773+0000] {dag.py:3954} INFO - Setting next_dagrun for example_bash_operator to 2024-06-06 00:00:00+00:00, run_after=2024-06-07 00:00:00+00:00
[2024-06-07T07:59:09.121+0000] {processor.py:183} INFO - Processing /home/airflow/.local/lib/python3.12/site-packages/airflow/example_dags/example_bash_operator.py took 1.361 seconds
[2024-06-07T07:59:40.077+0000] {processor.py:161} INFO - Started process (PID=535) to work on /home/airflow/.local/lib/python3.12/site-packages/airflow/example_dags/example_bash_operator.py
[2024-06-07T07:59:40.091+0000] {processor.py:830} INFO - Processing file /home/airflow/.local/lib/python3.12/site-packages/airflow/example_dags/example_bash_operator.py for tasks to queue
[2024-06-07T07:59:40.096+0000] {logging_mixin.py:188} INFO - [2024-06-07T07:59:40.095+0000] {dagbag.py:545} INFO - Filling up the DagBag from /home/airflow/.local/lib/python3.12/site-packages/airflow/example_dags/example_bash_operator.py
[2024-06-07T07:59:40.206+0000] {processor.py:840} INFO - DAG(s) 'example_bash_operator' retrieved from /home/airflow/.local/lib/python3.12/site-packages/airflow/example_dags/example_bash_operator.py
[2024-06-07T07:59:40.583+0000] {logging_mixin.py:188} INFO - [2024-06-07T07:59:40.579+0000] {dag.py:3096} INFO - Sync 1 DAGs
[2024-06-07T07:59:40.879+0000] {logging_mixin.py:188} INFO - [2024-06-07T07:59:40.867+0000] {dag.py:3954} INFO - Setting next_dagrun for example_bash_operator to 2024-06-06 00:00:00+00:00, run_after=2024-06-07 00:00:00+00:00
[2024-06-07T07:59:41.349+0000] {processor.py:183} INFO - Processing /home/airflow/.local/lib/python3.12/site-packages/airflow/example_dags/example_bash_operator.py took 1.311 seconds
[2024-06-07T08:00:24.288+0000] {processor.py:161} INFO - Started process (PID=589) to work on /home/airflow/.local/lib/python3.12/site-packages/airflow/example_dags/example_bash_operator.py
[2024-06-07T08:00:24.292+0000] {processor.py:830} INFO - Processing file /home/airflow/.local/lib/python3.12/site-packages/airflow/example_dags/example_bash_operator.py for tasks to queue
[2024-06-07T08:00:24.342+0000] {logging_mixin.py:188} INFO - [2024-06-07T08:00:24.341+0000] {dagbag.py:545} INFO - Filling up the DagBag from /home/airflow/.local/lib/python3.12/site-packages/airflow/example_dags/example_bash_operator.py
[2024-06-07T08:00:24.458+0000] {processor.py:840} INFO - DAG(s) 'example_bash_operator' retrieved from /home/airflow/.local/lib/python3.12/site-packages/airflow/example_dags/example_bash_operator.py
[2024-06-07T08:00:24.847+0000] {logging_mixin.py:188} INFO - [2024-06-07T08:00:24.840+0000] {dag.py:3096} INFO - Sync 1 DAGs
[2024-06-07T08:00:25.288+0000] {logging_mixin.py:188} INFO - [2024-06-07T08:00:25.288+0000] {dag.py:3954} INFO - Setting next_dagrun for example_bash_operator to 2024-06-06 00:00:00+00:00, run_after=2024-06-07 00:00:00+00:00
[2024-06-07T08:00:25.566+0000] {processor.py:183} INFO - Processing /home/airflow/.local/lib/python3.12/site-packages/airflow/example_dags/example_bash_operator.py took 1.329 seconds
[2024-06-07T08:01:05.501+0000] {processor.py:161} INFO - Started process (PID=642) to work on /home/airflow/.local/lib/python3.12/site-packages/airflow/example_dags/example_bash_operator.py
[2024-06-07T08:01:05.503+0000] {processor.py:830} INFO - Processing file /home/airflow/.local/lib/python3.12/site-packages/airflow/example_dags/example_bash_operator.py for tasks to queue
[2024-06-07T08:01:05.507+0000] {logging_mixin.py:188} INFO - [2024-06-07T08:01:05.507+0000] {dagbag.py:545} INFO - Filling up the DagBag from /home/airflow/.local/lib/python3.12/site-packages/airflow/example_dags/example_bash_operator.py
[2024-06-07T08:01:05.531+0000] {processor.py:840} INFO - DAG(s) 'example_bash_operator' retrieved from /home/airflow/.local/lib/python3.12/site-packages/airflow/example_dags/example_bash_operator.py
[2024-06-07T08:01:05.604+0000] {logging_mixin.py:188} INFO - [2024-06-07T08:01:05.603+0000] {dag.py:3096} INFO - Sync 1 DAGs
[2024-06-07T08:01:05.679+0000] {logging_mixin.py:188} INFO - [2024-06-07T08:01:05.678+0000] {dag.py:3954} INFO - Setting next_dagrun for example_bash_operator to 2024-06-06 00:00:00+00:00, run_after=2024-06-07 00:00:00+00:00
[2024-06-07T08:01:05.905+0000] {processor.py:183} INFO - Processing /home/airflow/.local/lib/python3.12/site-packages/airflow/example_dags/example_bash_operator.py took 0.411 seconds
[2024-06-07T08:01:41.574+0000] {processor.py:161} INFO - Started process (PID=697) to work on /home/airflow/.local/lib/python3.12/site-packages/airflow/example_dags/example_bash_operator.py
[2024-06-07T08:01:41.597+0000] {processor.py:830} INFO - Processing file /home/airflow/.local/lib/python3.12/site-packages/airflow/example_dags/example_bash_operator.py for tasks to queue
[2024-06-07T08:01:41.652+0000] {logging_mixin.py:188} INFO - [2024-06-07T08:01:41.622+0000] {dagbag.py:545} INFO - Filling up the DagBag from /home/airflow/.local/lib/python3.12/site-packages/airflow/example_dags/example_bash_operator.py
[2024-06-07T08:01:41.842+0000] {processor.py:840} INFO - DAG(s) 'example_bash_operator' retrieved from /home/airflow/.local/lib/python3.12/site-packages/airflow/example_dags/example_bash_operator.py
[2024-06-07T08:01:42.179+0000] {logging_mixin.py:188} INFO - [2024-06-07T08:01:42.178+0000] {dag.py:3096} INFO - Sync 1 DAGs
[2024-06-07T08:01:42.668+0000] {logging_mixin.py:188} INFO - [2024-06-07T08:01:42.668+0000] {dag.py:3954} INFO - Setting next_dagrun for example_bash_operator to 2024-06-06 00:00:00+00:00, run_after=2024-06-07 00:00:00+00:00
[2024-06-07T08:01:42.995+0000] {processor.py:183} INFO - Processing /home/airflow/.local/lib/python3.12/site-packages/airflow/example_dags/example_bash_operator.py took 1.470 seconds
[2024-06-07T08:02:39.818+0000] {processor.py:161} INFO - Started process (PID=758) to work on /home/airflow/.local/lib/python3.12/site-packages/airflow/example_dags/example_bash_operator.py
[2024-06-07T08:02:39.831+0000] {processor.py:830} INFO - Processing file /home/airflow/.local/lib/python3.12/site-packages/airflow/example_dags/example_bash_operator.py for tasks to queue
[2024-06-07T08:02:39.864+0000] {logging_mixin.py:188} INFO - [2024-06-07T08:02:39.863+0000] {dagbag.py:545} INFO - Filling up the DagBag from /home/airflow/.local/lib/python3.12/site-packages/airflow/example_dags/example_bash_operator.py
[2024-06-07T08:02:39.992+0000] {processor.py:840} INFO - DAG(s) 'example_bash_operator' retrieved from /home/airflow/.local/lib/python3.12/site-packages/airflow/example_dags/example_bash_operator.py
[2024-06-07T08:02:41.077+0000] {logging_mixin.py:188} INFO - [2024-06-07T08:02:41.077+0000] {dag.py:3096} INFO - Sync 1 DAGs
[2024-06-07T08:02:41.255+0000] {logging_mixin.py:188} INFO - [2024-06-07T08:02:41.255+0000] {dag.py:3954} INFO - Setting next_dagrun for example_bash_operator to 2024-06-06 00:00:00+00:00, run_after=2024-06-07 00:00:00+00:00
[2024-06-07T08:02:41.456+0000] {processor.py:183} INFO - Processing /home/airflow/.local/lib/python3.12/site-packages/airflow/example_dags/example_bash_operator.py took 1.727 seconds
[2024-06-07T08:03:11.840+0000] {processor.py:161} INFO - Started process (PID=818) to work on /home/airflow/.local/lib/python3.12/site-packages/airflow/example_dags/example_bash_operator.py
[2024-06-07T08:03:11.843+0000] {processor.py:830} INFO - Processing file /home/airflow/.local/lib/python3.12/site-packages/airflow/example_dags/example_bash_operator.py for tasks to queue
[2024-06-07T08:03:11.851+0000] {logging_mixin.py:188} INFO - [2024-06-07T08:03:11.851+0000] {dagbag.py:545} INFO - Filling up the DagBag from /home/airflow/.local/lib/python3.12/site-packages/airflow/example_dags/example_bash_operator.py
[2024-06-07T08:03:11.888+0000] {processor.py:840} INFO - DAG(s) 'example_bash_operator' retrieved from /home/airflow/.local/lib/python3.12/site-packages/airflow/example_dags/example_bash_operator.py
[2024-06-07T08:03:12.009+0000] {logging_mixin.py:188} INFO - [2024-06-07T08:03:12.009+0000] {dag.py:3096} INFO - Sync 1 DAGs
[2024-06-07T08:03:12.160+0000] {logging_mixin.py:188} INFO - [2024-06-07T08:03:12.160+0000] {dag.py:3954} INFO - Setting next_dagrun for example_bash_operator to 2024-06-06 00:00:00+00:00, run_after=2024-06-07 00:00:00+00:00
[2024-06-07T08:03:12.241+0000] {processor.py:183} INFO - Processing /home/airflow/.local/lib/python3.12/site-packages/airflow/example_dags/example_bash_operator.py took 0.417 seconds
[2024-06-07T08:03:42.840+0000] {processor.py:161} INFO - Started process (PID=876) to work on /home/airflow/.local/lib/python3.12/site-packages/airflow/example_dags/example_bash_operator.py
[2024-06-07T08:03:42.842+0000] {processor.py:830} INFO - Processing file /home/airflow/.local/lib/python3.12/site-packages/airflow/example_dags/example_bash_operator.py for tasks to queue
[2024-06-07T08:03:42.911+0000] {logging_mixin.py:188} INFO - [2024-06-07T08:03:42.910+0000] {dagbag.py:545} INFO - Filling up the DagBag from /home/airflow/.local/lib/python3.12/site-packages/airflow/example_dags/example_bash_operator.py
[2024-06-07T08:03:42.976+0000] {processor.py:840} INFO - DAG(s) 'example_bash_operator' retrieved from /home/airflow/.local/lib/python3.12/site-packages/airflow/example_dags/example_bash_operator.py
[2024-06-07T08:03:43.042+0000] {logging_mixin.py:188} INFO - [2024-06-07T08:03:43.042+0000] {dag.py:3096} INFO - Sync 1 DAGs
[2024-06-07T08:03:43.259+0000] {logging_mixin.py:188} INFO - [2024-06-07T08:03:43.258+0000] {dag.py:3954} INFO - Setting next_dagrun for example_bash_operator to 2024-06-06 00:00:00+00:00, run_after=2024-06-07 00:00:00+00:00
[2024-06-07T08:03:43.486+0000] {processor.py:183} INFO - Processing /home/airflow/.local/lib/python3.12/site-packages/airflow/example_dags/example_bash_operator.py took 0.660 seconds
[2024-06-07T08:04:13.941+0000] {processor.py:161} INFO - Started process (PID=934) to work on /home/airflow/.local/lib/python3.12/site-packages/airflow/example_dags/example_bash_operator.py
[2024-06-07T08:04:13.945+0000] {processor.py:830} INFO - Processing file /home/airflow/.local/lib/python3.12/site-packages/airflow/example_dags/example_bash_operator.py for tasks to queue
[2024-06-07T08:04:13.948+0000] {logging_mixin.py:188} INFO - [2024-06-07T08:04:13.947+0000] {dagbag.py:545} INFO - Filling up the DagBag from /home/airflow/.local/lib/python3.12/site-packages/airflow/example_dags/example_bash_operator.py
[2024-06-07T08:04:13.969+0000] {processor.py:840} INFO - DAG(s) 'example_bash_operator' retrieved from /home/airflow/.local/lib/python3.12/site-packages/airflow/example_dags/example_bash_operator.py
[2024-06-07T08:04:14.025+0000] {logging_mixin.py:188} INFO - [2024-06-07T08:04:14.025+0000] {dag.py:3096} INFO - Sync 1 DAGs
[2024-06-07T08:04:14.070+0000] {logging_mixin.py:188} INFO - [2024-06-07T08:04:14.070+0000] {dag.py:3954} INFO - Setting next_dagrun for example_bash_operator to 2024-06-06 00:00:00+00:00, run_after=2024-06-07 00:00:00+00:00
[2024-06-07T08:04:14.198+0000] {processor.py:183} INFO - Processing /home/airflow/.local/lib/python3.12/site-packages/airflow/example_dags/example_bash_operator.py took 0.269 seconds
[2024-06-07T08:04:44.670+0000] {processor.py:161} INFO - Started process (PID=992) to work on /home/airflow/.local/lib/python3.12/site-packages/airflow/example_dags/example_bash_operator.py
[2024-06-07T08:04:44.673+0000] {processor.py:830} INFO - Processing file /home/airflow/.local/lib/python3.12/site-packages/airflow/example_dags/example_bash_operator.py for tasks to queue
[2024-06-07T08:04:44.677+0000] {logging_mixin.py:188} INFO - [2024-06-07T08:04:44.677+0000] {dagbag.py:545} INFO - Filling up the DagBag from /home/airflow/.local/lib/python3.12/site-packages/airflow/example_dags/example_bash_operator.py
[2024-06-07T08:04:44.703+0000] {processor.py:840} INFO - DAG(s) 'example_bash_operator' retrieved from /home/airflow/.local/lib/python3.12/site-packages/airflow/example_dags/example_bash_operator.py
[2024-06-07T08:04:44.779+0000] {logging_mixin.py:188} INFO - [2024-06-07T08:04:44.778+0000] {dag.py:3096} INFO - Sync 1 DAGs
[2024-06-07T08:04:44.836+0000] {logging_mixin.py:188} INFO - [2024-06-07T08:04:44.835+0000] {dag.py:3954} INFO - Setting next_dagrun for example_bash_operator to 2024-06-06 00:00:00+00:00, run_after=2024-06-07 00:00:00+00:00
[2024-06-07T08:04:44.942+0000] {processor.py:183} INFO - Processing /home/airflow/.local/lib/python3.12/site-packages/airflow/example_dags/example_bash_operator.py took 0.288 seconds
[2024-06-07T08:05:18.584+0000] {processor.py:161} INFO - Started process (PID=1050) to work on /home/airflow/.local/lib/python3.12/site-packages/airflow/example_dags/example_bash_operator.py
[2024-06-07T08:05:18.588+0000] {processor.py:830} INFO - Processing file /home/airflow/.local/lib/python3.12/site-packages/airflow/example_dags/example_bash_operator.py for tasks to queue
[2024-06-07T08:05:18.593+0000] {logging_mixin.py:188} INFO - [2024-06-07T08:05:18.592+0000] {dagbag.py:545} INFO - Filling up the DagBag from /home/airflow/.local/lib/python3.12/site-packages/airflow/example_dags/example_bash_operator.py
[2024-06-07T08:05:18.651+0000] {processor.py:840} INFO - DAG(s) 'example_bash_operator' retrieved from /home/airflow/.local/lib/python3.12/site-packages/airflow/example_dags/example_bash_operator.py
[2024-06-07T08:05:18.752+0000] {logging_mixin.py:188} INFO - [2024-06-07T08:05:18.751+0000] {dag.py:3096} INFO - Sync 1 DAGs
[2024-06-07T08:05:18.831+0000] {logging_mixin.py:188} INFO - [2024-06-07T08:05:18.830+0000] {dag.py:3954} INFO - Setting next_dagrun for example_bash_operator to 2024-06-06 00:00:00+00:00, run_after=2024-06-07 00:00:00+00:00
[2024-06-07T08:05:19.003+0000] {processor.py:183} INFO - Processing /home/airflow/.local/lib/python3.12/site-packages/airflow/example_dags/example_bash_operator.py took 0.442 seconds
[2024-06-07T08:05:50.571+0000] {processor.py:161} INFO - Started process (PID=1108) to work on /home/airflow/.local/lib/python3.12/site-packages/airflow/example_dags/example_bash_operator.py
[2024-06-07T08:05:50.574+0000] {processor.py:830} INFO - Processing file /home/airflow/.local/lib/python3.12/site-packages/airflow/example_dags/example_bash_operator.py for tasks to queue
[2024-06-07T08:05:50.580+0000] {logging_mixin.py:188} INFO - [2024-06-07T08:05:50.578+0000] {dagbag.py:545} INFO - Filling up the DagBag from /home/airflow/.local/lib/python3.12/site-packages/airflow/example_dags/example_bash_operator.py
[2024-06-07T08:05:50.633+0000] {processor.py:840} INFO - DAG(s) 'example_bash_operator' retrieved from /home/airflow/.local/lib/python3.12/site-packages/airflow/example_dags/example_bash_operator.py
[2024-06-07T08:05:50.875+0000] {logging_mixin.py:188} INFO - [2024-06-07T08:05:50.864+0000] {dag.py:3096} INFO - Sync 1 DAGs
[2024-06-07T08:05:51.029+0000] {logging_mixin.py:188} INFO - [2024-06-07T08:05:51.029+0000] {dag.py:3954} INFO - Setting next_dagrun for example_bash_operator to 2024-06-06 00:00:00+00:00, run_after=2024-06-07 00:00:00+00:00
[2024-06-07T08:05:51.166+0000] {processor.py:183} INFO - Processing /home/airflow/.local/lib/python3.12/site-packages/airflow/example_dags/example_bash_operator.py took 0.624 seconds
[2024-06-07T08:06:21.988+0000] {processor.py:161} INFO - Started process (PID=1173) to work on /home/airflow/.local/lib/python3.12/site-packages/airflow/example_dags/example_bash_operator.py
[2024-06-07T08:06:22.001+0000] {processor.py:830} INFO - Processing file /home/airflow/.local/lib/python3.12/site-packages/airflow/example_dags/example_bash_operator.py for tasks to queue
[2024-06-07T08:06:22.007+0000] {logging_mixin.py:188} INFO - [2024-06-07T08:06:22.004+0000] {dagbag.py:545} INFO - Filling up the DagBag from /home/airflow/.local/lib/python3.12/site-packages/airflow/example_dags/example_bash_operator.py
[2024-06-07T08:06:22.106+0000] {processor.py:840} INFO - DAG(s) 'example_bash_operator' retrieved from /home/airflow/.local/lib/python3.12/site-packages/airflow/example_dags/example_bash_operator.py
[2024-06-07T08:06:22.250+0000] {logging_mixin.py:188} INFO - [2024-06-07T08:06:22.250+0000] {dag.py:3096} INFO - Sync 1 DAGs
[2024-06-07T08:06:22.309+0000] {logging_mixin.py:188} INFO - [2024-06-07T08:06:22.308+0000] {dag.py:3954} INFO - Setting next_dagrun for example_bash_operator to 2024-06-07 00:00:00+00:00, run_after=2024-06-08 00:00:00+00:00
[2024-06-07T08:06:22.824+0000] {processor.py:183} INFO - Processing /home/airflow/.local/lib/python3.12/site-packages/airflow/example_dags/example_bash_operator.py took 0.858 seconds
[2024-06-07T08:07:20.196+0000] {processor.py:161} INFO - Started process (PID=1237) to work on /home/airflow/.local/lib/python3.12/site-packages/airflow/example_dags/example_bash_operator.py
[2024-06-07T08:07:20.199+0000] {processor.py:830} INFO - Processing file /home/airflow/.local/lib/python3.12/site-packages/airflow/example_dags/example_bash_operator.py for tasks to queue
[2024-06-07T08:07:20.203+0000] {logging_mixin.py:188} INFO - [2024-06-07T08:07:20.202+0000] {dagbag.py:545} INFO - Filling up the DagBag from /home/airflow/.local/lib/python3.12/site-packages/airflow/example_dags/example_bash_operator.py
[2024-06-07T08:07:20.230+0000] {processor.py:840} INFO - DAG(s) 'example_bash_operator' retrieved from /home/airflow/.local/lib/python3.12/site-packages/airflow/example_dags/example_bash_operator.py
[2024-06-07T08:07:20.293+0000] {logging_mixin.py:188} INFO - [2024-06-07T08:07:20.292+0000] {dag.py:3096} INFO - Sync 1 DAGs
[2024-06-07T08:07:20.354+0000] {logging_mixin.py:188} INFO - [2024-06-07T08:07:20.354+0000] {dag.py:3954} INFO - Setting next_dagrun for example_bash_operator to 2024-06-07 00:00:00+00:00, run_after=2024-06-08 00:00:00+00:00
[2024-06-07T08:07:20.715+0000] {processor.py:183} INFO - Processing /home/airflow/.local/lib/python3.12/site-packages/airflow/example_dags/example_bash_operator.py took 0.530 seconds
[2024-06-07T08:08:07.145+0000] {processor.py:161} INFO - Started process (PID=1300) to work on /home/airflow/.local/lib/python3.12/site-packages/airflow/example_dags/example_bash_operator.py
[2024-06-07T08:08:07.147+0000] {processor.py:830} INFO - Processing file /home/airflow/.local/lib/python3.12/site-packages/airflow/example_dags/example_bash_operator.py for tasks to queue
[2024-06-07T08:08:07.154+0000] {logging_mixin.py:188} INFO - [2024-06-07T08:08:07.153+0000] {dagbag.py:545} INFO - Filling up the DagBag from /home/airflow/.local/lib/python3.12/site-packages/airflow/example_dags/example_bash_operator.py
[2024-06-07T08:08:07.186+0000] {processor.py:840} INFO - DAG(s) 'example_bash_operator' retrieved from /home/airflow/.local/lib/python3.12/site-packages/airflow/example_dags/example_bash_operator.py
[2024-06-07T08:08:07.307+0000] {logging_mixin.py:188} INFO - [2024-06-07T08:08:07.306+0000] {dag.py:3096} INFO - Sync 1 DAGs
[2024-06-07T08:08:07.384+0000] {logging_mixin.py:188} INFO - [2024-06-07T08:08:07.384+0000] {dag.py:3954} INFO - Setting next_dagrun for example_bash_operator to 2024-06-07 00:00:00+00:00, run_after=2024-06-08 00:00:00+00:00
[2024-06-07T08:08:07.720+0000] {processor.py:183} INFO - Processing /home/airflow/.local/lib/python3.12/site-packages/airflow/example_dags/example_bash_operator.py took 0.591 seconds
[2024-06-07T08:08:44.879+0000] {processor.py:161} INFO - Started process (PID=1355) to work on /home/airflow/.local/lib/python3.12/site-packages/airflow/example_dags/example_bash_operator.py
[2024-06-07T08:08:44.912+0000] {processor.py:830} INFO - Processing file /home/airflow/.local/lib/python3.12/site-packages/airflow/example_dags/example_bash_operator.py for tasks to queue
[2024-06-07T08:08:44.929+0000] {logging_mixin.py:188} INFO - [2024-06-07T08:08:44.929+0000] {dagbag.py:545} INFO - Filling up the DagBag from /home/airflow/.local/lib/python3.12/site-packages/airflow/example_dags/example_bash_operator.py
[2024-06-07T08:08:45.161+0000] {processor.py:840} INFO - DAG(s) 'example_bash_operator' retrieved from /home/airflow/.local/lib/python3.12/site-packages/airflow/example_dags/example_bash_operator.py
[2024-06-07T08:08:45.349+0000] {logging_mixin.py:188} INFO - [2024-06-07T08:08:45.348+0000] {dag.py:3096} INFO - Sync 1 DAGs
[2024-06-07T08:08:45.617+0000] {logging_mixin.py:188} INFO - [2024-06-07T08:08:45.616+0000] {dag.py:3954} INFO - Setting next_dagrun for example_bash_operator to 2024-06-07 00:00:00+00:00, run_after=2024-06-08 00:00:00+00:00
[2024-06-07T08:08:46.205+0000] {processor.py:183} INFO - Processing /home/airflow/.local/lib/python3.12/site-packages/airflow/example_dags/example_bash_operator.py took 1.526 seconds
[2024-06-07T08:13:34.697+0000] {processor.py:161} INFO - Started process (PID=1466) to work on /home/airflow/.local/lib/python3.12/site-packages/airflow/example_dags/example_bash_operator.py
[2024-06-07T08:13:35.209+0000] {processor.py:830} INFO - Processing file /home/airflow/.local/lib/python3.12/site-packages/airflow/example_dags/example_bash_operator.py for tasks to queue
[2024-06-07T08:13:35.211+0000] {logging_mixin.py:188} INFO - [2024-06-07T08:13:35.210+0000] {dagbag.py:545} INFO - Filling up the DagBag from /home/airflow/.local/lib/python3.12/site-packages/airflow/example_dags/example_bash_operator.py
[2024-06-07T08:13:35.253+0000] {processor.py:840} INFO - DAG(s) 'example_bash_operator' retrieved from /home/airflow/.local/lib/python3.12/site-packages/airflow/example_dags/example_bash_operator.py
[2024-06-07T08:13:35.584+0000] {logging_mixin.py:188} INFO - [2024-06-07T08:13:35.584+0000] {dag.py:3096} INFO - Sync 1 DAGs
[2024-06-07T08:13:35.702+0000] {logging_mixin.py:188} INFO - [2024-06-07T08:13:35.701+0000] {dag.py:3954} INFO - Setting next_dagrun for example_bash_operator to 2024-06-07 00:00:00+00:00, run_after=2024-06-08 00:00:00+00:00
[2024-06-07T08:13:36.136+0000] {processor.py:183} INFO - Processing /home/airflow/.local/lib/python3.12/site-packages/airflow/example_dags/example_bash_operator.py took 1.451 seconds
[2024-06-07T08:14:06.528+0000] {processor.py:161} INFO - Started process (PID=1525) to work on /home/airflow/.local/lib/python3.12/site-packages/airflow/example_dags/example_bash_operator.py
[2024-06-07T08:14:06.533+0000] {processor.py:830} INFO - Processing file /home/airflow/.local/lib/python3.12/site-packages/airflow/example_dags/example_bash_operator.py for tasks to queue
[2024-06-07T08:14:06.536+0000] {logging_mixin.py:188} INFO - [2024-06-07T08:14:06.535+0000] {dagbag.py:545} INFO - Filling up the DagBag from /home/airflow/.local/lib/python3.12/site-packages/airflow/example_dags/example_bash_operator.py
[2024-06-07T08:14:06.592+0000] {processor.py:840} INFO - DAG(s) 'example_bash_operator' retrieved from /home/airflow/.local/lib/python3.12/site-packages/airflow/example_dags/example_bash_operator.py
[2024-06-07T08:14:06.712+0000] {logging_mixin.py:188} INFO - [2024-06-07T08:14:06.711+0000] {dag.py:3096} INFO - Sync 1 DAGs
[2024-06-07T08:14:06.867+0000] {logging_mixin.py:188} INFO - [2024-06-07T08:14:06.856+0000] {dag.py:3954} INFO - Setting next_dagrun for example_bash_operator to 2024-06-07 00:00:00+00:00, run_after=2024-06-08 00:00:00+00:00
[2024-06-07T08:14:07.168+0000] {processor.py:183} INFO - Processing /home/airflow/.local/lib/python3.12/site-packages/airflow/example_dags/example_bash_operator.py took 0.657 seconds
[2024-06-07T08:14:37.951+0000] {processor.py:161} INFO - Started process (PID=1587) to work on /home/airflow/.local/lib/python3.12/site-packages/airflow/example_dags/example_bash_operator.py
[2024-06-07T08:14:37.954+0000] {processor.py:830} INFO - Processing file /home/airflow/.local/lib/python3.12/site-packages/airflow/example_dags/example_bash_operator.py for tasks to queue
[2024-06-07T08:14:37.957+0000] {logging_mixin.py:188} INFO - [2024-06-07T08:14:37.956+0000] {dagbag.py:545} INFO - Filling up the DagBag from /home/airflow/.local/lib/python3.12/site-packages/airflow/example_dags/example_bash_operator.py
[2024-06-07T08:14:37.995+0000] {processor.py:840} INFO - DAG(s) 'example_bash_operator' retrieved from /home/airflow/.local/lib/python3.12/site-packages/airflow/example_dags/example_bash_operator.py
[2024-06-07T08:14:38.082+0000] {logging_mixin.py:188} INFO - [2024-06-07T08:14:38.082+0000] {dag.py:3096} INFO - Sync 1 DAGs
[2024-06-07T08:14:38.153+0000] {logging_mixin.py:188} INFO - [2024-06-07T08:14:38.151+0000] {dag.py:3954} INFO - Setting next_dagrun for example_bash_operator to 2024-06-07 00:00:00+00:00, run_after=2024-06-08 00:00:00+00:00
[2024-06-07T08:14:38.456+0000] {processor.py:183} INFO - Processing /home/airflow/.local/lib/python3.12/site-packages/airflow/example_dags/example_bash_operator.py took 0.529 seconds
[2024-06-07T08:15:09.098+0000] {processor.py:161} INFO - Started process (PID=1645) to work on /home/airflow/.local/lib/python3.12/site-packages/airflow/example_dags/example_bash_operator.py
[2024-06-07T08:15:09.102+0000] {processor.py:830} INFO - Processing file /home/airflow/.local/lib/python3.12/site-packages/airflow/example_dags/example_bash_operator.py for tasks to queue
[2024-06-07T08:15:09.105+0000] {logging_mixin.py:188} INFO - [2024-06-07T08:15:09.104+0000] {dagbag.py:545} INFO - Filling up the DagBag from /home/airflow/.local/lib/python3.12/site-packages/airflow/example_dags/example_bash_operator.py
[2024-06-07T08:15:09.140+0000] {processor.py:840} INFO - DAG(s) 'example_bash_operator' retrieved from /home/airflow/.local/lib/python3.12/site-packages/airflow/example_dags/example_bash_operator.py
[2024-06-07T08:15:09.270+0000] {logging_mixin.py:188} INFO - [2024-06-07T08:15:09.270+0000] {dag.py:3096} INFO - Sync 1 DAGs
[2024-06-07T08:15:09.408+0000] {logging_mixin.py:188} INFO - [2024-06-07T08:15:09.408+0000] {dag.py:3954} INFO - Setting next_dagrun for example_bash_operator to 2024-06-07 00:00:00+00:00, run_after=2024-06-08 00:00:00+00:00
[2024-06-07T08:15:10.188+0000] {processor.py:183} INFO - Processing /home/airflow/.local/lib/python3.12/site-packages/airflow/example_dags/example_bash_operator.py took 1.109 seconds
[2024-06-07T08:15:44.257+0000] {processor.py:161} INFO - Started process (PID=1701) to work on /home/airflow/.local/lib/python3.12/site-packages/airflow/example_dags/example_bash_operator.py
[2024-06-07T08:15:44.259+0000] {processor.py:830} INFO - Processing file /home/airflow/.local/lib/python3.12/site-packages/airflow/example_dags/example_bash_operator.py for tasks to queue
[2024-06-07T08:15:44.262+0000] {logging_mixin.py:188} INFO - [2024-06-07T08:15:44.261+0000] {dagbag.py:545} INFO - Filling up the DagBag from /home/airflow/.local/lib/python3.12/site-packages/airflow/example_dags/example_bash_operator.py
[2024-06-07T08:15:44.295+0000] {processor.py:840} INFO - DAG(s) 'example_bash_operator' retrieved from /home/airflow/.local/lib/python3.12/site-packages/airflow/example_dags/example_bash_operator.py
[2024-06-07T08:15:44.372+0000] {logging_mixin.py:188} INFO - [2024-06-07T08:15:44.371+0000] {dag.py:3096} INFO - Sync 1 DAGs
[2024-06-07T08:15:44.792+0000] {logging_mixin.py:188} INFO - [2024-06-07T08:15:44.792+0000] {dag.py:3954} INFO - Setting next_dagrun for example_bash_operator to 2024-06-07 00:00:00+00:00, run_after=2024-06-08 00:00:00+00:00
[2024-06-07T08:15:44.986+0000] {processor.py:183} INFO - Processing /home/airflow/.local/lib/python3.12/site-packages/airflow/example_dags/example_bash_operator.py took 0.747 seconds
[2024-06-07T08:16:15.138+0000] {processor.py:161} INFO - Started process (PID=1759) to work on /home/airflow/.local/lib/python3.12/site-packages/airflow/example_dags/example_bash_operator.py
[2024-06-07T08:16:15.140+0000] {processor.py:830} INFO - Processing file /home/airflow/.local/lib/python3.12/site-packages/airflow/example_dags/example_bash_operator.py for tasks to queue
[2024-06-07T08:16:15.146+0000] {logging_mixin.py:188} INFO - [2024-06-07T08:16:15.144+0000] {dagbag.py:545} INFO - Filling up the DagBag from /home/airflow/.local/lib/python3.12/site-packages/airflow/example_dags/example_bash_operator.py
[2024-06-07T08:16:15.191+0000] {processor.py:840} INFO - DAG(s) 'example_bash_operator' retrieved from /home/airflow/.local/lib/python3.12/site-packages/airflow/example_dags/example_bash_operator.py
[2024-06-07T08:16:15.457+0000] {logging_mixin.py:188} INFO - [2024-06-07T08:16:15.456+0000] {dag.py:3096} INFO - Sync 1 DAGs
[2024-06-07T08:16:15.539+0000] {logging_mixin.py:188} INFO - [2024-06-07T08:16:15.539+0000] {dag.py:3954} INFO - Setting next_dagrun for example_bash_operator to 2024-06-07 00:00:00+00:00, run_after=2024-06-08 00:00:00+00:00
[2024-06-07T08:16:16.035+0000] {processor.py:183} INFO - Processing /home/airflow/.local/lib/python3.12/site-packages/airflow/example_dags/example_bash_operator.py took 0.915 seconds
[2024-06-07T08:16:48.017+0000] {processor.py:161} INFO - Started process (PID=1816) to work on /home/airflow/.local/lib/python3.12/site-packages/airflow/example_dags/example_bash_operator.py
[2024-06-07T08:16:48.021+0000] {processor.py:830} INFO - Processing file /home/airflow/.local/lib/python3.12/site-packages/airflow/example_dags/example_bash_operator.py for tasks to queue
[2024-06-07T08:16:48.023+0000] {logging_mixin.py:188} INFO - [2024-06-07T08:16:48.022+0000] {dagbag.py:545} INFO - Filling up the DagBag from /home/airflow/.local/lib/python3.12/site-packages/airflow/example_dags/example_bash_operator.py
[2024-06-07T08:16:48.065+0000] {processor.py:840} INFO - DAG(s) 'example_bash_operator' retrieved from /home/airflow/.local/lib/python3.12/site-packages/airflow/example_dags/example_bash_operator.py
[2024-06-07T08:16:48.198+0000] {logging_mixin.py:188} INFO - [2024-06-07T08:16:48.197+0000] {dag.py:3096} INFO - Sync 1 DAGs
[2024-06-07T08:16:48.264+0000] {logging_mixin.py:188} INFO - [2024-06-07T08:16:48.264+0000] {dag.py:3954} INFO - Setting next_dagrun for example_bash_operator to 2024-06-07 00:00:00+00:00, run_after=2024-06-08 00:00:00+00:00
[2024-06-07T08:16:48.675+0000] {processor.py:183} INFO - Processing /home/airflow/.local/lib/python3.12/site-packages/airflow/example_dags/example_bash_operator.py took 0.682 seconds
[2024-06-07T08:17:25.084+0000] {processor.py:161} INFO - Started process (PID=1874) to work on /home/airflow/.local/lib/python3.12/site-packages/airflow/example_dags/example_bash_operator.py
[2024-06-07T08:17:25.143+0000] {processor.py:830} INFO - Processing file /home/airflow/.local/lib/python3.12/site-packages/airflow/example_dags/example_bash_operator.py for tasks to queue
[2024-06-07T08:17:25.160+0000] {logging_mixin.py:188} INFO - [2024-06-07T08:17:25.145+0000] {dagbag.py:545} INFO - Filling up the DagBag from /home/airflow/.local/lib/python3.12/site-packages/airflow/example_dags/example_bash_operator.py
[2024-06-07T08:17:25.322+0000] {processor.py:840} INFO - DAG(s) 'example_bash_operator' retrieved from /home/airflow/.local/lib/python3.12/site-packages/airflow/example_dags/example_bash_operator.py
[2024-06-07T08:17:25.752+0000] {logging_mixin.py:188} INFO - [2024-06-07T08:17:25.740+0000] {dag.py:3096} INFO - Sync 1 DAGs
[2024-06-07T08:17:26.329+0000] {logging_mixin.py:188} INFO - [2024-06-07T08:17:26.328+0000] {dag.py:3954} INFO - Setting next_dagrun for example_bash_operator to 2024-06-06 00:00:00+00:00, run_after=2024-06-07 00:00:00+00:00
[2024-06-07T08:17:26.837+0000] {processor.py:183} INFO - Processing /home/airflow/.local/lib/python3.12/site-packages/airflow/example_dags/example_bash_operator.py took 1.823 seconds
[2024-06-07T08:18:04.108+0000] {processor.py:161} INFO - Started process (PID=1947) to work on /home/airflow/.local/lib/python3.12/site-packages/airflow/example_dags/example_bash_operator.py
[2024-06-07T08:18:04.121+0000] {processor.py:830} INFO - Processing file /home/airflow/.local/lib/python3.12/site-packages/airflow/example_dags/example_bash_operator.py for tasks to queue
[2024-06-07T08:18:04.130+0000] {logging_mixin.py:188} INFO - [2024-06-07T08:18:04.128+0000] {dagbag.py:545} INFO - Filling up the DagBag from /home/airflow/.local/lib/python3.12/site-packages/airflow/example_dags/example_bash_operator.py
[2024-06-07T08:18:04.233+0000] {processor.py:840} INFO - DAG(s) 'example_bash_operator' retrieved from /home/airflow/.local/lib/python3.12/site-packages/airflow/example_dags/example_bash_operator.py
[2024-06-07T08:18:04.425+0000] {logging_mixin.py:188} INFO - [2024-06-07T08:18:04.425+0000] {dag.py:3096} INFO - Sync 1 DAGs
[2024-06-07T08:18:04.509+0000] {logging_mixin.py:188} INFO - [2024-06-07T08:18:04.508+0000] {dag.py:3954} INFO - Setting next_dagrun for example_bash_operator to 2024-06-07 00:00:00+00:00, run_after=2024-06-08 00:00:00+00:00
[2024-06-07T08:18:04.993+0000] {processor.py:183} INFO - Processing /home/airflow/.local/lib/python3.12/site-packages/airflow/example_dags/example_bash_operator.py took 0.929 seconds
[2024-06-07T08:18:35.519+0000] {processor.py:161} INFO - Started process (PID=2005) to work on /home/airflow/.local/lib/python3.12/site-packages/airflow/example_dags/example_bash_operator.py
[2024-06-07T08:18:35.521+0000] {processor.py:830} INFO - Processing file /home/airflow/.local/lib/python3.12/site-packages/airflow/example_dags/example_bash_operator.py for tasks to queue
[2024-06-07T08:18:35.523+0000] {logging_mixin.py:188} INFO - [2024-06-07T08:18:35.522+0000] {dagbag.py:545} INFO - Filling up the DagBag from /home/airflow/.local/lib/python3.12/site-packages/airflow/example_dags/example_bash_operator.py
[2024-06-07T08:18:35.545+0000] {processor.py:840} INFO - DAG(s) 'example_bash_operator' retrieved from /home/airflow/.local/lib/python3.12/site-packages/airflow/example_dags/example_bash_operator.py
[2024-06-07T08:18:35.608+0000] {logging_mixin.py:188} INFO - [2024-06-07T08:18:35.607+0000] {dag.py:3096} INFO - Sync 1 DAGs
[2024-06-07T08:18:35.660+0000] {logging_mixin.py:188} INFO - [2024-06-07T08:18:35.660+0000] {dag.py:3954} INFO - Setting next_dagrun for example_bash_operator to 2024-06-07 00:00:00+00:00, run_after=2024-06-08 00:00:00+00:00
[2024-06-07T08:18:35.807+0000] {processor.py:183} INFO - Processing /home/airflow/.local/lib/python3.12/site-packages/airflow/example_dags/example_bash_operator.py took 0.301 seconds
[2024-06-07T08:19:05.891+0000] {processor.py:161} INFO - Started process (PID=2063) to work on /home/airflow/.local/lib/python3.12/site-packages/airflow/example_dags/example_bash_operator.py
[2024-06-07T08:19:05.892+0000] {processor.py:830} INFO - Processing file /home/airflow/.local/lib/python3.12/site-packages/airflow/example_dags/example_bash_operator.py for tasks to queue
[2024-06-07T08:19:05.894+0000] {logging_mixin.py:188} INFO - [2024-06-07T08:19:05.894+0000] {dagbag.py:545} INFO - Filling up the DagBag from /home/airflow/.local/lib/python3.12/site-packages/airflow/example_dags/example_bash_operator.py
[2024-06-07T08:19:05.922+0000] {processor.py:840} INFO - DAG(s) 'example_bash_operator' retrieved from /home/airflow/.local/lib/python3.12/site-packages/airflow/example_dags/example_bash_operator.py
[2024-06-07T08:19:05.989+0000] {logging_mixin.py:188} INFO - [2024-06-07T08:19:05.989+0000] {dag.py:3096} INFO - Sync 1 DAGs
[2024-06-07T08:19:06.043+0000] {logging_mixin.py:188} INFO - [2024-06-07T08:19:06.043+0000] {dag.py:3954} INFO - Setting next_dagrun for example_bash_operator to 2024-06-07 00:00:00+00:00, run_after=2024-06-08 00:00:00+00:00
[2024-06-07T08:19:06.246+0000] {processor.py:183} INFO - Processing /home/airflow/.local/lib/python3.12/site-packages/airflow/example_dags/example_bash_operator.py took 0.369 seconds
[2024-06-07T08:19:38.719+0000] {processor.py:161} INFO - Started process (PID=2119) to work on /home/airflow/.local/lib/python3.12/site-packages/airflow/example_dags/example_bash_operator.py
[2024-06-07T08:19:38.722+0000] {processor.py:830} INFO - Processing file /home/airflow/.local/lib/python3.12/site-packages/airflow/example_dags/example_bash_operator.py for tasks to queue
[2024-06-07T08:19:38.733+0000] {logging_mixin.py:188} INFO - [2024-06-07T08:19:38.732+0000] {dagbag.py:545} INFO - Filling up the DagBag from /home/airflow/.local/lib/python3.12/site-packages/airflow/example_dags/example_bash_operator.py
[2024-06-07T08:19:38.772+0000] {processor.py:840} INFO - DAG(s) 'example_bash_operator' retrieved from /home/airflow/.local/lib/python3.12/site-packages/airflow/example_dags/example_bash_operator.py
[2024-06-07T08:19:38.995+0000] {logging_mixin.py:188} INFO - [2024-06-07T08:19:38.994+0000] {dag.py:3096} INFO - Sync 1 DAGs
[2024-06-07T08:19:39.281+0000] {logging_mixin.py:188} INFO - [2024-06-07T08:19:39.281+0000] {dag.py:3954} INFO - Setting next_dagrun for example_bash_operator to 2024-06-07 00:00:00+00:00, run_after=2024-06-08 00:00:00+00:00
[2024-06-07T08:19:39.600+0000] {processor.py:183} INFO - Processing /home/airflow/.local/lib/python3.12/site-packages/airflow/example_dags/example_bash_operator.py took 0.903 seconds
[2024-06-07T08:20:12.071+0000] {processor.py:161} INFO - Started process (PID=2183) to work on /home/airflow/.local/lib/python3.12/site-packages/airflow/example_dags/example_bash_operator.py
[2024-06-07T08:20:12.074+0000] {processor.py:830} INFO - Processing file /home/airflow/.local/lib/python3.12/site-packages/airflow/example_dags/example_bash_operator.py for tasks to queue
[2024-06-07T08:20:12.077+0000] {logging_mixin.py:188} INFO - [2024-06-07T08:20:12.076+0000] {dagbag.py:545} INFO - Filling up the DagBag from /home/airflow/.local/lib/python3.12/site-packages/airflow/example_dags/example_bash_operator.py
[2024-06-07T08:20:12.117+0000] {processor.py:840} INFO - DAG(s) 'example_bash_operator' retrieved from /home/airflow/.local/lib/python3.12/site-packages/airflow/example_dags/example_bash_operator.py
[2024-06-07T08:20:12.187+0000] {logging_mixin.py:188} INFO - [2024-06-07T08:20:12.186+0000] {dag.py:3096} INFO - Sync 1 DAGs
[2024-06-07T08:20:12.257+0000] {logging_mixin.py:188} INFO - [2024-06-07T08:20:12.257+0000] {dag.py:3954} INFO - Setting next_dagrun for example_bash_operator to 2024-06-07 00:00:00+00:00, run_after=2024-06-08 00:00:00+00:00
[2024-06-07T08:20:12.564+0000] {processor.py:183} INFO - Processing /home/airflow/.local/lib/python3.12/site-packages/airflow/example_dags/example_bash_operator.py took 0.529 seconds
[2024-06-07T08:20:43.778+0000] {processor.py:161} INFO - Started process (PID=2241) to work on /home/airflow/.local/lib/python3.12/site-packages/airflow/example_dags/example_bash_operator.py
[2024-06-07T08:20:43.785+0000] {processor.py:830} INFO - Processing file /home/airflow/.local/lib/python3.12/site-packages/airflow/example_dags/example_bash_operator.py for tasks to queue
[2024-06-07T08:20:43.793+0000] {logging_mixin.py:188} INFO - [2024-06-07T08:20:43.792+0000] {dagbag.py:545} INFO - Filling up the DagBag from /home/airflow/.local/lib/python3.12/site-packages/airflow/example_dags/example_bash_operator.py
[2024-06-07T08:20:43.847+0000] {processor.py:840} INFO - DAG(s) 'example_bash_operator' retrieved from /home/airflow/.local/lib/python3.12/site-packages/airflow/example_dags/example_bash_operator.py
[2024-06-07T08:20:44.001+0000] {logging_mixin.py:188} INFO - [2024-06-07T08:20:44.001+0000] {dag.py:3096} INFO - Sync 1 DAGs
[2024-06-07T08:20:44.122+0000] {logging_mixin.py:188} INFO - [2024-06-07T08:20:44.122+0000] {dag.py:3954} INFO - Setting next_dagrun for example_bash_operator to 2024-06-07 00:00:00+00:00, run_after=2024-06-08 00:00:00+00:00
[2024-06-07T08:20:44.373+0000] {processor.py:183} INFO - Processing /home/airflow/.local/lib/python3.12/site-packages/airflow/example_dags/example_bash_operator.py took 0.622 seconds
[2024-06-07T08:21:14.744+0000] {processor.py:161} INFO - Started process (PID=2299) to work on /home/airflow/.local/lib/python3.12/site-packages/airflow/example_dags/example_bash_operator.py
[2024-06-07T08:21:14.750+0000] {processor.py:830} INFO - Processing file /home/airflow/.local/lib/python3.12/site-packages/airflow/example_dags/example_bash_operator.py for tasks to queue
[2024-06-07T08:21:14.753+0000] {logging_mixin.py:188} INFO - [2024-06-07T08:21:14.752+0000] {dagbag.py:545} INFO - Filling up the DagBag from /home/airflow/.local/lib/python3.12/site-packages/airflow/example_dags/example_bash_operator.py
[2024-06-07T08:21:14.809+0000] {processor.py:840} INFO - DAG(s) 'example_bash_operator' retrieved from /home/airflow/.local/lib/python3.12/site-packages/airflow/example_dags/example_bash_operator.py
[2024-06-07T08:21:14.949+0000] {logging_mixin.py:188} INFO - [2024-06-07T08:21:14.948+0000] {dag.py:3096} INFO - Sync 1 DAGs
[2024-06-07T08:21:15.024+0000] {logging_mixin.py:188} INFO - [2024-06-07T08:21:15.024+0000] {dag.py:3954} INFO - Setting next_dagrun for example_bash_operator to 2024-06-07 00:00:00+00:00, run_after=2024-06-08 00:00:00+00:00
[2024-06-07T08:21:15.190+0000] {processor.py:183} INFO - Processing /home/airflow/.local/lib/python3.12/site-packages/airflow/example_dags/example_bash_operator.py took 0.468 seconds
[2024-06-07T08:21:47.449+0000] {processor.py:161} INFO - Started process (PID=2357) to work on /home/airflow/.local/lib/python3.12/site-packages/airflow/example_dags/example_bash_operator.py
[2024-06-07T08:21:47.451+0000] {processor.py:830} INFO - Processing file /home/airflow/.local/lib/python3.12/site-packages/airflow/example_dags/example_bash_operator.py for tasks to queue
[2024-06-07T08:21:47.454+0000] {logging_mixin.py:188} INFO - [2024-06-07T08:21:47.453+0000] {dagbag.py:545} INFO - Filling up the DagBag from /home/airflow/.local/lib/python3.12/site-packages/airflow/example_dags/example_bash_operator.py
[2024-06-07T08:21:47.481+0000] {processor.py:840} INFO - DAG(s) 'example_bash_operator' retrieved from /home/airflow/.local/lib/python3.12/site-packages/airflow/example_dags/example_bash_operator.py
[2024-06-07T08:21:47.561+0000] {logging_mixin.py:188} INFO - [2024-06-07T08:21:47.560+0000] {dag.py:3096} INFO - Sync 1 DAGs
[2024-06-07T08:21:47.611+0000] {logging_mixin.py:188} INFO - [2024-06-07T08:21:47.611+0000] {dag.py:3954} INFO - Setting next_dagrun for example_bash_operator to 2024-06-07 00:00:00+00:00, run_after=2024-06-08 00:00:00+00:00
[2024-06-07T08:21:48.161+0000] {processor.py:183} INFO - Processing /home/airflow/.local/lib/python3.12/site-packages/airflow/example_dags/example_bash_operator.py took 0.725 seconds
[2024-06-07T08:22:18.360+0000] {processor.py:161} INFO - Started process (PID=2415) to work on /home/airflow/.local/lib/python3.12/site-packages/airflow/example_dags/example_bash_operator.py
[2024-06-07T08:22:18.362+0000] {processor.py:830} INFO - Processing file /home/airflow/.local/lib/python3.12/site-packages/airflow/example_dags/example_bash_operator.py for tasks to queue
[2024-06-07T08:22:18.365+0000] {logging_mixin.py:188} INFO - [2024-06-07T08:22:18.364+0000] {dagbag.py:545} INFO - Filling up the DagBag from /home/airflow/.local/lib/python3.12/site-packages/airflow/example_dags/example_bash_operator.py
[2024-06-07T08:22:18.397+0000] {processor.py:840} INFO - DAG(s) 'example_bash_operator' retrieved from /home/airflow/.local/lib/python3.12/site-packages/airflow/example_dags/example_bash_operator.py
[2024-06-07T08:22:18.508+0000] {logging_mixin.py:188} INFO - [2024-06-07T08:22:18.507+0000] {dag.py:3096} INFO - Sync 1 DAGs
[2024-06-07T08:22:18.600+0000] {logging_mixin.py:188} INFO - [2024-06-07T08:22:18.599+0000] {dag.py:3954} INFO - Setting next_dagrun for example_bash_operator to 2024-06-07 00:00:00+00:00, run_after=2024-06-08 00:00:00+00:00
[2024-06-07T08:22:19.015+0000] {processor.py:183} INFO - Processing /home/airflow/.local/lib/python3.12/site-packages/airflow/example_dags/example_bash_operator.py took 0.670 seconds
[2024-06-07T08:22:50.265+0000] {processor.py:161} INFO - Started process (PID=2474) to work on /home/airflow/.local/lib/python3.12/site-packages/airflow/example_dags/example_bash_operator.py
[2024-06-07T08:22:50.267+0000] {processor.py:830} INFO - Processing file /home/airflow/.local/lib/python3.12/site-packages/airflow/example_dags/example_bash_operator.py for tasks to queue
[2024-06-07T08:22:50.270+0000] {logging_mixin.py:188} INFO - [2024-06-07T08:22:50.269+0000] {dagbag.py:545} INFO - Filling up the DagBag from /home/airflow/.local/lib/python3.12/site-packages/airflow/example_dags/example_bash_operator.py
[2024-06-07T08:22:50.300+0000] {processor.py:840} INFO - DAG(s) 'example_bash_operator' retrieved from /home/airflow/.local/lib/python3.12/site-packages/airflow/example_dags/example_bash_operator.py
[2024-06-07T08:22:50.385+0000] {logging_mixin.py:188} INFO - [2024-06-07T08:22:50.385+0000] {dag.py:3096} INFO - Sync 1 DAGs
[2024-06-07T08:22:50.438+0000] {logging_mixin.py:188} INFO - [2024-06-07T08:22:50.437+0000] {dag.py:3954} INFO - Setting next_dagrun for example_bash_operator to 2024-06-07 00:00:00+00:00, run_after=2024-06-08 00:00:00+00:00
[2024-06-07T08:22:51.084+0000] {processor.py:183} INFO - Processing /home/airflow/.local/lib/python3.12/site-packages/airflow/example_dags/example_bash_operator.py took 0.831 seconds
[2024-06-07T08:23:21.640+0000] {processor.py:161} INFO - Started process (PID=2532) to work on /home/airflow/.local/lib/python3.12/site-packages/airflow/example_dags/example_bash_operator.py
[2024-06-07T08:23:21.643+0000] {processor.py:830} INFO - Processing file /home/airflow/.local/lib/python3.12/site-packages/airflow/example_dags/example_bash_operator.py for tasks to queue
[2024-06-07T08:23:21.646+0000] {logging_mixin.py:188} INFO - [2024-06-07T08:23:21.645+0000] {dagbag.py:545} INFO - Filling up the DagBag from /home/airflow/.local/lib/python3.12/site-packages/airflow/example_dags/example_bash_operator.py
[2024-06-07T08:23:21.714+0000] {processor.py:840} INFO - DAG(s) 'example_bash_operator' retrieved from /home/airflow/.local/lib/python3.12/site-packages/airflow/example_dags/example_bash_operator.py
[2024-06-07T08:23:22.002+0000] {logging_mixin.py:188} INFO - [2024-06-07T08:23:22.002+0000] {dag.py:3096} INFO - Sync 1 DAGs
[2024-06-07T08:23:22.191+0000] {logging_mixin.py:188} INFO - [2024-06-07T08:23:22.191+0000] {dag.py:3954} INFO - Setting next_dagrun for example_bash_operator to 2024-06-07 00:00:00+00:00, run_after=2024-06-08 00:00:00+00:00
[2024-06-07T08:23:22.488+0000] {processor.py:183} INFO - Processing /home/airflow/.local/lib/python3.12/site-packages/airflow/example_dags/example_bash_operator.py took 0.867 seconds
