[2024-06-07T07:54:23.893+0000] {processor.py:161} INFO - Started process (PID=46) to work on /home/airflow/.local/lib/python3.12/site-packages/airflow/example_dags/example_task_group.py
[2024-06-07T07:54:23.895+0000] {processor.py:830} INFO - Processing file /home/airflow/.local/lib/python3.12/site-packages/airflow/example_dags/example_task_group.py for tasks to queue
[2024-06-07T07:54:23.899+0000] {logging_mixin.py:188} INFO - [2024-06-07T07:54:23.898+0000] {dagbag.py:545} INFO - Filling up the DagBag from /home/airflow/.local/lib/python3.12/site-packages/airflow/example_dags/example_task_group.py
[2024-06-07T07:54:23.937+0000] {processor.py:840} INFO - DAG(s) 'example_task_group' retrieved from /home/airflow/.local/lib/python3.12/site-packages/airflow/example_dags/example_task_group.py
[2024-06-07T07:54:25.146+0000] {logging_mixin.py:188} INFO - [2024-06-07T07:54:25.145+0000] {override.py:1829} INFO - Created Permission View: can delete on DAG:example_task_group
[2024-06-07T07:54:25.292+0000] {logging_mixin.py:188} INFO - [2024-06-07T07:54:25.292+0000] {override.py:1829} INFO - Created Permission View: can read on DAG:example_task_group
[2024-06-07T07:54:25.422+0000] {logging_mixin.py:188} INFO - [2024-06-07T07:54:25.421+0000] {override.py:1829} INFO - Created Permission View: can edit on DAG:example_task_group
[2024-06-07T07:54:25.424+0000] {logging_mixin.py:188} INFO - [2024-06-07T07:54:25.423+0000] {dag.py:3096} INFO - Sync 1 DAGs
[2024-06-07T07:54:25.455+0000] {logging_mixin.py:188} INFO - [2024-06-07T07:54:25.455+0000] {dag.py:3118} INFO - Creating ORM DAG for example_task_group
[2024-06-07T07:54:25.504+0000] {logging_mixin.py:188} INFO - [2024-06-07T07:54:25.504+0000] {dag.py:3954} INFO - Setting next_dagrun for example_task_group to 2024-06-06 00:00:00+00:00, run_after=2024-06-07 00:00:00+00:00
[2024-06-07T07:54:25.708+0000] {processor.py:183} INFO - Processing /home/airflow/.local/lib/python3.12/site-packages/airflow/example_dags/example_task_group.py took 1.828 seconds
[2024-06-07T07:55:26.000+0000] {processor.py:161} INFO - Started process (PID=111) to work on /home/airflow/.local/lib/python3.12/site-packages/airflow/example_dags/example_task_group.py
[2024-06-07T07:55:26.002+0000] {processor.py:830} INFO - Processing file /home/airflow/.local/lib/python3.12/site-packages/airflow/example_dags/example_task_group.py for tasks to queue
[2024-06-07T07:55:26.007+0000] {logging_mixin.py:188} INFO - [2024-06-07T07:55:26.006+0000] {dagbag.py:545} INFO - Filling up the DagBag from /home/airflow/.local/lib/python3.12/site-packages/airflow/example_dags/example_task_group.py
[2024-06-07T07:55:26.043+0000] {processor.py:840} INFO - DAG(s) 'example_task_group' retrieved from /home/airflow/.local/lib/python3.12/site-packages/airflow/example_dags/example_task_group.py
[2024-06-07T07:55:26.100+0000] {logging_mixin.py:188} INFO - [2024-06-07T07:55:26.100+0000] {dag.py:3096} INFO - Sync 1 DAGs
[2024-06-07T07:55:26.179+0000] {logging_mixin.py:188} INFO - [2024-06-07T07:55:26.178+0000] {dag.py:3954} INFO - Setting next_dagrun for example_task_group to 2024-06-06 00:00:00+00:00, run_after=2024-06-07 00:00:00+00:00
[2024-06-07T07:55:26.318+0000] {processor.py:183} INFO - Processing /home/airflow/.local/lib/python3.12/site-packages/airflow/example_dags/example_task_group.py took 0.337 seconds
[2024-06-07T07:55:56.816+0000] {processor.py:161} INFO - Started process (PID=167) to work on /home/airflow/.local/lib/python3.12/site-packages/airflow/example_dags/example_task_group.py
[2024-06-07T07:55:56.826+0000] {processor.py:830} INFO - Processing file /home/airflow/.local/lib/python3.12/site-packages/airflow/example_dags/example_task_group.py for tasks to queue
[2024-06-07T07:55:56.833+0000] {logging_mixin.py:188} INFO - [2024-06-07T07:55:56.832+0000] {dagbag.py:545} INFO - Filling up the DagBag from /home/airflow/.local/lib/python3.12/site-packages/airflow/example_dags/example_task_group.py
[2024-06-07T07:55:56.889+0000] {processor.py:840} INFO - DAG(s) 'example_task_group' retrieved from /home/airflow/.local/lib/python3.12/site-packages/airflow/example_dags/example_task_group.py
[2024-06-07T07:55:57.040+0000] {logging_mixin.py:188} INFO - [2024-06-07T07:55:57.040+0000] {dag.py:3096} INFO - Sync 1 DAGs
[2024-06-07T07:55:57.165+0000] {logging_mixin.py:188} INFO - [2024-06-07T07:55:57.164+0000] {dag.py:3954} INFO - Setting next_dagrun for example_task_group to 2024-06-06 00:00:00+00:00, run_after=2024-06-07 00:00:00+00:00
[2024-06-07T07:55:57.444+0000] {processor.py:183} INFO - Processing /home/airflow/.local/lib/python3.12/site-packages/airflow/example_dags/example_task_group.py took 0.696 seconds
[2024-06-07T07:56:28.306+0000] {processor.py:161} INFO - Started process (PID=225) to work on /home/airflow/.local/lib/python3.12/site-packages/airflow/example_dags/example_task_group.py
[2024-06-07T07:56:28.320+0000] {processor.py:830} INFO - Processing file /home/airflow/.local/lib/python3.12/site-packages/airflow/example_dags/example_task_group.py for tasks to queue
[2024-06-07T07:56:28.327+0000] {logging_mixin.py:188} INFO - [2024-06-07T07:56:28.326+0000] {dagbag.py:545} INFO - Filling up the DagBag from /home/airflow/.local/lib/python3.12/site-packages/airflow/example_dags/example_task_group.py
[2024-06-07T07:56:28.462+0000] {processor.py:840} INFO - DAG(s) 'example_task_group' retrieved from /home/airflow/.local/lib/python3.12/site-packages/airflow/example_dags/example_task_group.py
[2024-06-07T07:56:28.764+0000] {logging_mixin.py:188} INFO - [2024-06-07T07:56:28.764+0000] {dag.py:3096} INFO - Sync 1 DAGs
[2024-06-07T07:56:29.058+0000] {logging_mixin.py:188} INFO - [2024-06-07T07:56:29.057+0000] {dag.py:3954} INFO - Setting next_dagrun for example_task_group to 2024-06-06 00:00:00+00:00, run_after=2024-06-07 00:00:00+00:00
[2024-06-07T07:56:30.178+0000] {processor.py:183} INFO - Processing /home/airflow/.local/lib/python3.12/site-packages/airflow/example_dags/example_task_group.py took 1.941 seconds
[2024-06-07T07:57:05.356+0000] {processor.py:161} INFO - Started process (PID=271) to work on /home/airflow/.local/lib/python3.12/site-packages/airflow/example_dags/example_task_group.py
[2024-06-07T07:57:05.358+0000] {processor.py:830} INFO - Processing file /home/airflow/.local/lib/python3.12/site-packages/airflow/example_dags/example_task_group.py for tasks to queue
[2024-06-07T07:57:05.363+0000] {logging_mixin.py:188} INFO - [2024-06-07T07:57:05.362+0000] {dagbag.py:545} INFO - Filling up the DagBag from /home/airflow/.local/lib/python3.12/site-packages/airflow/example_dags/example_task_group.py
[2024-06-07T07:57:05.377+0000] {processor.py:840} INFO - DAG(s) 'example_task_group' retrieved from /home/airflow/.local/lib/python3.12/site-packages/airflow/example_dags/example_task_group.py
[2024-06-07T07:57:05.454+0000] {logging_mixin.py:188} INFO - [2024-06-07T07:57:05.454+0000] {dag.py:3096} INFO - Sync 1 DAGs
[2024-06-07T07:57:05.531+0000] {logging_mixin.py:188} INFO - [2024-06-07T07:57:05.531+0000] {dag.py:3954} INFO - Setting next_dagrun for example_task_group to 2024-06-06 00:00:00+00:00, run_after=2024-06-07 00:00:00+00:00
[2024-06-07T07:57:05.687+0000] {processor.py:183} INFO - Processing /home/airflow/.local/lib/python3.12/site-packages/airflow/example_dags/example_task_group.py took 0.342 seconds
[2024-06-07T07:57:38.462+0000] {processor.py:161} INFO - Started process (PID=328) to work on /home/airflow/.local/lib/python3.12/site-packages/airflow/example_dags/example_task_group.py
[2024-06-07T07:57:38.493+0000] {processor.py:830} INFO - Processing file /home/airflow/.local/lib/python3.12/site-packages/airflow/example_dags/example_task_group.py for tasks to queue
[2024-06-07T07:57:38.501+0000] {logging_mixin.py:188} INFO - [2024-06-07T07:57:38.498+0000] {dagbag.py:545} INFO - Filling up the DagBag from /home/airflow/.local/lib/python3.12/site-packages/airflow/example_dags/example_task_group.py
[2024-06-07T07:57:38.618+0000] {processor.py:840} INFO - DAG(s) 'example_task_group' retrieved from /home/airflow/.local/lib/python3.12/site-packages/airflow/example_dags/example_task_group.py
[2024-06-07T07:57:38.821+0000] {logging_mixin.py:188} INFO - [2024-06-07T07:57:38.820+0000] {dag.py:3096} INFO - Sync 1 DAGs
[2024-06-07T07:57:38.982+0000] {logging_mixin.py:188} INFO - [2024-06-07T07:57:38.979+0000] {dag.py:3954} INFO - Setting next_dagrun for example_task_group to 2024-06-06 00:00:00+00:00, run_after=2024-06-07 00:00:00+00:00
[2024-06-07T07:57:39.344+0000] {processor.py:183} INFO - Processing /home/airflow/.local/lib/python3.12/site-packages/airflow/example_dags/example_task_group.py took 1.081 seconds
[2024-06-07T07:58:10.617+0000] {processor.py:161} INFO - Started process (PID=378) to work on /home/airflow/.local/lib/python3.12/site-packages/airflow/example_dags/example_task_group.py
[2024-06-07T07:58:10.631+0000] {processor.py:830} INFO - Processing file /home/airflow/.local/lib/python3.12/site-packages/airflow/example_dags/example_task_group.py for tasks to queue
[2024-06-07T07:58:10.647+0000] {logging_mixin.py:188} INFO - [2024-06-07T07:58:10.635+0000] {dagbag.py:545} INFO - Filling up the DagBag from /home/airflow/.local/lib/python3.12/site-packages/airflow/example_dags/example_task_group.py
[2024-06-07T07:58:10.682+0000] {processor.py:840} INFO - DAG(s) 'example_task_group' retrieved from /home/airflow/.local/lib/python3.12/site-packages/airflow/example_dags/example_task_group.py
[2024-06-07T07:58:10.802+0000] {logging_mixin.py:188} INFO - [2024-06-07T07:58:10.801+0000] {dag.py:3096} INFO - Sync 1 DAGs
[2024-06-07T07:58:10.897+0000] {logging_mixin.py:188} INFO - [2024-06-07T07:58:10.896+0000] {dag.py:3954} INFO - Setting next_dagrun for example_task_group to 2024-06-06 00:00:00+00:00, run_after=2024-06-07 00:00:00+00:00
[2024-06-07T07:58:11.058+0000] {processor.py:183} INFO - Processing /home/airflow/.local/lib/python3.12/site-packages/airflow/example_dags/example_task_group.py took 0.491 seconds
[2024-06-07T07:58:43.112+0000] {processor.py:161} INFO - Started process (PID=432) to work on /home/airflow/.local/lib/python3.12/site-packages/airflow/example_dags/example_task_group.py
[2024-06-07T07:58:43.149+0000] {processor.py:830} INFO - Processing file /home/airflow/.local/lib/python3.12/site-packages/airflow/example_dags/example_task_group.py for tasks to queue
[2024-06-07T07:58:43.160+0000] {logging_mixin.py:188} INFO - [2024-06-07T07:58:43.159+0000] {dagbag.py:545} INFO - Filling up the DagBag from /home/airflow/.local/lib/python3.12/site-packages/airflow/example_dags/example_task_group.py
[2024-06-07T07:58:43.226+0000] {processor.py:840} INFO - DAG(s) 'example_task_group' retrieved from /home/airflow/.local/lib/python3.12/site-packages/airflow/example_dags/example_task_group.py
[2024-06-07T07:58:44.142+0000] {logging_mixin.py:188} INFO - [2024-06-07T07:58:44.141+0000] {dag.py:3096} INFO - Sync 1 DAGs
[2024-06-07T07:58:44.242+0000] {logging_mixin.py:188} INFO - [2024-06-07T07:58:44.242+0000] {dag.py:3954} INFO - Setting next_dagrun for example_task_group to 2024-06-06 00:00:00+00:00, run_after=2024-06-07 00:00:00+00:00
[2024-06-07T07:58:45.125+0000] {processor.py:183} INFO - Processing /home/airflow/.local/lib/python3.12/site-packages/airflow/example_dags/example_task_group.py took 2.066 seconds
[2024-06-07T07:59:16.825+0000] {processor.py:161} INFO - Started process (PID=486) to work on /home/airflow/.local/lib/python3.12/site-packages/airflow/example_dags/example_task_group.py
[2024-06-07T07:59:16.827+0000] {processor.py:830} INFO - Processing file /home/airflow/.local/lib/python3.12/site-packages/airflow/example_dags/example_task_group.py for tasks to queue
[2024-06-07T07:59:16.832+0000] {logging_mixin.py:188} INFO - [2024-06-07T07:59:16.831+0000] {dagbag.py:545} INFO - Filling up the DagBag from /home/airflow/.local/lib/python3.12/site-packages/airflow/example_dags/example_task_group.py
[2024-06-07T07:59:16.871+0000] {processor.py:840} INFO - DAG(s) 'example_task_group' retrieved from /home/airflow/.local/lib/python3.12/site-packages/airflow/example_dags/example_task_group.py
[2024-06-07T07:59:16.946+0000] {logging_mixin.py:188} INFO - [2024-06-07T07:59:16.945+0000] {dag.py:3096} INFO - Sync 1 DAGs
[2024-06-07T07:59:17.032+0000] {logging_mixin.py:188} INFO - [2024-06-07T07:59:17.031+0000] {dag.py:3954} INFO - Setting next_dagrun for example_task_group to 2024-06-06 00:00:00+00:00, run_after=2024-06-07 00:00:00+00:00
[2024-06-07T07:59:17.517+0000] {processor.py:183} INFO - Processing /home/airflow/.local/lib/python3.12/site-packages/airflow/example_dags/example_task_group.py took 0.709 seconds
[2024-06-07T07:59:49.555+0000] {processor.py:161} INFO - Started process (PID=544) to work on /home/airflow/.local/lib/python3.12/site-packages/airflow/example_dags/example_task_group.py
[2024-06-07T07:59:49.558+0000] {processor.py:830} INFO - Processing file /home/airflow/.local/lib/python3.12/site-packages/airflow/example_dags/example_task_group.py for tasks to queue
[2024-06-07T07:59:49.603+0000] {logging_mixin.py:188} INFO - [2024-06-07T07:59:49.602+0000] {dagbag.py:545} INFO - Filling up the DagBag from /home/airflow/.local/lib/python3.12/site-packages/airflow/example_dags/example_task_group.py
[2024-06-07T07:59:49.685+0000] {processor.py:840} INFO - DAG(s) 'example_task_group' retrieved from /home/airflow/.local/lib/python3.12/site-packages/airflow/example_dags/example_task_group.py
[2024-06-07T07:59:50.074+0000] {logging_mixin.py:188} INFO - [2024-06-07T07:59:50.073+0000] {dag.py:3096} INFO - Sync 1 DAGs
[2024-06-07T07:59:50.532+0000] {logging_mixin.py:188} INFO - [2024-06-07T07:59:50.531+0000] {dag.py:3954} INFO - Setting next_dagrun for example_task_group to 2024-06-06 00:00:00+00:00, run_after=2024-06-07 00:00:00+00:00
[2024-06-07T07:59:50.861+0000] {processor.py:183} INFO - Processing /home/airflow/.local/lib/python3.12/site-packages/airflow/example_dags/example_task_group.py took 1.385 seconds
[2024-06-07T08:00:46.066+0000] {processor.py:161} INFO - Started process (PID=608) to work on /home/airflow/.local/lib/python3.12/site-packages/airflow/example_dags/example_task_group.py
[2024-06-07T08:00:46.068+0000] {processor.py:830} INFO - Processing file /home/airflow/.local/lib/python3.12/site-packages/airflow/example_dags/example_task_group.py for tasks to queue
[2024-06-07T08:00:46.084+0000] {logging_mixin.py:188} INFO - [2024-06-07T08:00:46.083+0000] {dagbag.py:545} INFO - Filling up the DagBag from /home/airflow/.local/lib/python3.12/site-packages/airflow/example_dags/example_task_group.py
[2024-06-07T08:00:46.151+0000] {processor.py:840} INFO - DAG(s) 'example_task_group' retrieved from /home/airflow/.local/lib/python3.12/site-packages/airflow/example_dags/example_task_group.py
[2024-06-07T08:00:46.374+0000] {logging_mixin.py:188} INFO - [2024-06-07T08:00:46.374+0000] {dag.py:3096} INFO - Sync 1 DAGs
[2024-06-07T08:00:46.578+0000] {logging_mixin.py:188} INFO - [2024-06-07T08:00:46.578+0000] {dag.py:3954} INFO - Setting next_dagrun for example_task_group to 2024-06-06 00:00:00+00:00, run_after=2024-06-07 00:00:00+00:00
[2024-06-07T08:00:47.804+0000] {processor.py:183} INFO - Processing /home/airflow/.local/lib/python3.12/site-packages/airflow/example_dags/example_task_group.py took 1.774 seconds
[2024-06-07T08:01:18.374+0000] {processor.py:161} INFO - Started process (PID=662) to work on /home/airflow/.local/lib/python3.12/site-packages/airflow/example_dags/example_task_group.py
[2024-06-07T08:01:18.377+0000] {processor.py:830} INFO - Processing file /home/airflow/.local/lib/python3.12/site-packages/airflow/example_dags/example_task_group.py for tasks to queue
[2024-06-07T08:01:18.385+0000] {logging_mixin.py:188} INFO - [2024-06-07T08:01:18.384+0000] {dagbag.py:545} INFO - Filling up the DagBag from /home/airflow/.local/lib/python3.12/site-packages/airflow/example_dags/example_task_group.py
[2024-06-07T08:01:18.471+0000] {processor.py:840} INFO - DAG(s) 'example_task_group' retrieved from /home/airflow/.local/lib/python3.12/site-packages/airflow/example_dags/example_task_group.py
[2024-06-07T08:01:18.926+0000] {logging_mixin.py:188} INFO - [2024-06-07T08:01:18.925+0000] {dag.py:3096} INFO - Sync 1 DAGs
[2024-06-07T08:01:19.120+0000] {logging_mixin.py:188} INFO - [2024-06-07T08:01:19.120+0000] {dag.py:3954} INFO - Setting next_dagrun for example_task_group to 2024-06-06 00:00:00+00:00, run_after=2024-06-07 00:00:00+00:00
[2024-06-07T08:01:19.455+0000] {processor.py:183} INFO - Processing /home/airflow/.local/lib/python3.12/site-packages/airflow/example_dags/example_task_group.py took 1.113 seconds
[2024-06-07T08:02:08.870+0000] {processor.py:161} INFO - Started process (PID=721) to work on /home/airflow/.local/lib/python3.12/site-packages/airflow/example_dags/example_task_group.py
[2024-06-07T08:02:08.873+0000] {processor.py:830} INFO - Processing file /home/airflow/.local/lib/python3.12/site-packages/airflow/example_dags/example_task_group.py for tasks to queue
[2024-06-07T08:02:08.890+0000] {logging_mixin.py:188} INFO - [2024-06-07T08:02:08.886+0000] {dagbag.py:545} INFO - Filling up the DagBag from /home/airflow/.local/lib/python3.12/site-packages/airflow/example_dags/example_task_group.py
[2024-06-07T08:02:08.966+0000] {processor.py:840} INFO - DAG(s) 'example_task_group' retrieved from /home/airflow/.local/lib/python3.12/site-packages/airflow/example_dags/example_task_group.py
[2024-06-07T08:02:10.827+0000] {logging_mixin.py:188} INFO - [2024-06-07T08:02:10.826+0000] {dag.py:3096} INFO - Sync 1 DAGs
[2024-06-07T08:02:10.909+0000] {logging_mixin.py:188} INFO - [2024-06-07T08:02:10.908+0000] {dag.py:3954} INFO - Setting next_dagrun for example_task_group to 2024-06-06 00:00:00+00:00, run_after=2024-06-07 00:00:00+00:00
[2024-06-07T08:02:11.649+0000] {processor.py:183} INFO - Processing /home/airflow/.local/lib/python3.12/site-packages/airflow/example_dags/example_task_group.py took 2.918 seconds
[2024-06-07T08:02:51.162+0000] {processor.py:161} INFO - Started process (PID=778) to work on /home/airflow/.local/lib/python3.12/site-packages/airflow/example_dags/example_task_group.py
[2024-06-07T08:02:51.164+0000] {processor.py:830} INFO - Processing file /home/airflow/.local/lib/python3.12/site-packages/airflow/example_dags/example_task_group.py for tasks to queue
[2024-06-07T08:02:51.170+0000] {logging_mixin.py:188} INFO - [2024-06-07T08:02:51.169+0000] {dagbag.py:545} INFO - Filling up the DagBag from /home/airflow/.local/lib/python3.12/site-packages/airflow/example_dags/example_task_group.py
[2024-06-07T08:02:51.211+0000] {processor.py:840} INFO - DAG(s) 'example_task_group' retrieved from /home/airflow/.local/lib/python3.12/site-packages/airflow/example_dags/example_task_group.py
[2024-06-07T08:02:51.317+0000] {logging_mixin.py:188} INFO - [2024-06-07T08:02:51.316+0000] {dag.py:3096} INFO - Sync 1 DAGs
[2024-06-07T08:02:51.415+0000] {logging_mixin.py:188} INFO - [2024-06-07T08:02:51.414+0000] {dag.py:3954} INFO - Setting next_dagrun for example_task_group to 2024-06-06 00:00:00+00:00, run_after=2024-06-07 00:00:00+00:00
[2024-06-07T08:02:51.554+0000] {processor.py:183} INFO - Processing /home/airflow/.local/lib/python3.12/site-packages/airflow/example_dags/example_task_group.py took 0.408 seconds
[2024-06-07T08:03:22.559+0000] {processor.py:161} INFO - Started process (PID=827) to work on /home/airflow/.local/lib/python3.12/site-packages/airflow/example_dags/example_task_group.py
[2024-06-07T08:03:22.577+0000] {processor.py:830} INFO - Processing file /home/airflow/.local/lib/python3.12/site-packages/airflow/example_dags/example_task_group.py for tasks to queue
[2024-06-07T08:03:22.581+0000] {logging_mixin.py:188} INFO - [2024-06-07T08:03:22.580+0000] {dagbag.py:545} INFO - Filling up the DagBag from /home/airflow/.local/lib/python3.12/site-packages/airflow/example_dags/example_task_group.py
[2024-06-07T08:03:22.637+0000] {processor.py:840} INFO - DAG(s) 'example_task_group' retrieved from /home/airflow/.local/lib/python3.12/site-packages/airflow/example_dags/example_task_group.py
[2024-06-07T08:03:22.829+0000] {logging_mixin.py:188} INFO - [2024-06-07T08:03:22.828+0000] {dag.py:3096} INFO - Sync 1 DAGs
[2024-06-07T08:03:22.971+0000] {logging_mixin.py:188} INFO - [2024-06-07T08:03:22.970+0000] {dag.py:3954} INFO - Setting next_dagrun for example_task_group to 2024-06-06 00:00:00+00:00, run_after=2024-06-07 00:00:00+00:00
[2024-06-07T08:03:23.248+0000] {processor.py:183} INFO - Processing /home/airflow/.local/lib/python3.12/site-packages/airflow/example_dags/example_task_group.py took 0.727 seconds
[2024-06-07T08:03:53.449+0000] {processor.py:161} INFO - Started process (PID=885) to work on /home/airflow/.local/lib/python3.12/site-packages/airflow/example_dags/example_task_group.py
[2024-06-07T08:03:53.451+0000] {processor.py:830} INFO - Processing file /home/airflow/.local/lib/python3.12/site-packages/airflow/example_dags/example_task_group.py for tasks to queue
[2024-06-07T08:03:53.459+0000] {logging_mixin.py:188} INFO - [2024-06-07T08:03:53.458+0000] {dagbag.py:545} INFO - Filling up the DagBag from /home/airflow/.local/lib/python3.12/site-packages/airflow/example_dags/example_task_group.py
[2024-06-07T08:03:53.485+0000] {processor.py:840} INFO - DAG(s) 'example_task_group' retrieved from /home/airflow/.local/lib/python3.12/site-packages/airflow/example_dags/example_task_group.py
[2024-06-07T08:03:53.646+0000] {logging_mixin.py:188} INFO - [2024-06-07T08:03:53.645+0000] {dag.py:3096} INFO - Sync 1 DAGs
[2024-06-07T08:03:54.135+0000] {logging_mixin.py:188} INFO - [2024-06-07T08:03:54.134+0000] {dag.py:3954} INFO - Setting next_dagrun for example_task_group to 2024-06-06 00:00:00+00:00, run_after=2024-06-07 00:00:00+00:00
[2024-06-07T08:03:54.279+0000] {processor.py:183} INFO - Processing /home/airflow/.local/lib/python3.12/site-packages/airflow/example_dags/example_task_group.py took 0.861 seconds
[2024-06-07T08:04:24.515+0000] {processor.py:161} INFO - Started process (PID=943) to work on /home/airflow/.local/lib/python3.12/site-packages/airflow/example_dags/example_task_group.py
[2024-06-07T08:04:24.517+0000] {processor.py:830} INFO - Processing file /home/airflow/.local/lib/python3.12/site-packages/airflow/example_dags/example_task_group.py for tasks to queue
[2024-06-07T08:04:24.521+0000] {logging_mixin.py:188} INFO - [2024-06-07T08:04:24.520+0000] {dagbag.py:545} INFO - Filling up the DagBag from /home/airflow/.local/lib/python3.12/site-packages/airflow/example_dags/example_task_group.py
[2024-06-07T08:04:24.542+0000] {processor.py:840} INFO - DAG(s) 'example_task_group' retrieved from /home/airflow/.local/lib/python3.12/site-packages/airflow/example_dags/example_task_group.py
[2024-06-07T08:04:24.624+0000] {logging_mixin.py:188} INFO - [2024-06-07T08:04:24.624+0000] {dag.py:3096} INFO - Sync 1 DAGs
[2024-06-07T08:04:24.780+0000] {logging_mixin.py:188} INFO - [2024-06-07T08:04:24.780+0000] {dag.py:3954} INFO - Setting next_dagrun for example_task_group to 2024-06-06 00:00:00+00:00, run_after=2024-06-07 00:00:00+00:00
[2024-06-07T08:04:25.088+0000] {processor.py:183} INFO - Processing /home/airflow/.local/lib/python3.12/site-packages/airflow/example_dags/example_task_group.py took 0.590 seconds
[2024-06-07T08:04:55.649+0000] {processor.py:161} INFO - Started process (PID=1001) to work on /home/airflow/.local/lib/python3.12/site-packages/airflow/example_dags/example_task_group.py
[2024-06-07T08:04:55.651+0000] {processor.py:830} INFO - Processing file /home/airflow/.local/lib/python3.12/site-packages/airflow/example_dags/example_task_group.py for tasks to queue
[2024-06-07T08:04:55.655+0000] {logging_mixin.py:188} INFO - [2024-06-07T08:04:55.654+0000] {dagbag.py:545} INFO - Filling up the DagBag from /home/airflow/.local/lib/python3.12/site-packages/airflow/example_dags/example_task_group.py
[2024-06-07T08:04:55.677+0000] {processor.py:840} INFO - DAG(s) 'example_task_group' retrieved from /home/airflow/.local/lib/python3.12/site-packages/airflow/example_dags/example_task_group.py
[2024-06-07T08:04:55.724+0000] {logging_mixin.py:188} INFO - [2024-06-07T08:04:55.723+0000] {dag.py:3096} INFO - Sync 1 DAGs
[2024-06-07T08:04:55.781+0000] {logging_mixin.py:188} INFO - [2024-06-07T08:04:55.781+0000] {dag.py:3954} INFO - Setting next_dagrun for example_task_group to 2024-06-06 00:00:00+00:00, run_after=2024-06-07 00:00:00+00:00
[2024-06-07T08:04:55.910+0000] {processor.py:183} INFO - Processing /home/airflow/.local/lib/python3.12/site-packages/airflow/example_dags/example_task_group.py took 0.278 seconds
[2024-06-07T08:05:26.691+0000] {processor.py:161} INFO - Started process (PID=1059) to work on /home/airflow/.local/lib/python3.12/site-packages/airflow/example_dags/example_task_group.py
[2024-06-07T08:05:26.696+0000] {processor.py:830} INFO - Processing file /home/airflow/.local/lib/python3.12/site-packages/airflow/example_dags/example_task_group.py for tasks to queue
[2024-06-07T08:05:26.705+0000] {logging_mixin.py:188} INFO - [2024-06-07T08:05:26.704+0000] {dagbag.py:545} INFO - Filling up the DagBag from /home/airflow/.local/lib/python3.12/site-packages/airflow/example_dags/example_task_group.py
[2024-06-07T08:05:26.822+0000] {processor.py:840} INFO - DAG(s) 'example_task_group' retrieved from /home/airflow/.local/lib/python3.12/site-packages/airflow/example_dags/example_task_group.py
[2024-06-07T08:05:27.019+0000] {logging_mixin.py:188} INFO - [2024-06-07T08:05:27.017+0000] {dag.py:3096} INFO - Sync 1 DAGs
[2024-06-07T08:05:27.249+0000] {logging_mixin.py:188} INFO - [2024-06-07T08:05:27.243+0000] {dag.py:3954} INFO - Setting next_dagrun for example_task_group to 2024-06-06 00:00:00+00:00, run_after=2024-06-07 00:00:00+00:00
[2024-06-07T08:05:27.441+0000] {processor.py:183} INFO - Processing /home/airflow/.local/lib/python3.12/site-packages/airflow/example_dags/example_task_group.py took 0.771 seconds
[2024-06-07T08:05:58.073+0000] {processor.py:161} INFO - Started process (PID=1124) to work on /home/airflow/.local/lib/python3.12/site-packages/airflow/example_dags/example_task_group.py
[2024-06-07T08:05:58.078+0000] {processor.py:830} INFO - Processing file /home/airflow/.local/lib/python3.12/site-packages/airflow/example_dags/example_task_group.py for tasks to queue
[2024-06-07T08:05:58.083+0000] {logging_mixin.py:188} INFO - [2024-06-07T08:05:58.082+0000] {dagbag.py:545} INFO - Filling up the DagBag from /home/airflow/.local/lib/python3.12/site-packages/airflow/example_dags/example_task_group.py
[2024-06-07T08:05:58.106+0000] {processor.py:840} INFO - DAG(s) 'example_task_group' retrieved from /home/airflow/.local/lib/python3.12/site-packages/airflow/example_dags/example_task_group.py
[2024-06-07T08:05:58.249+0000] {logging_mixin.py:188} INFO - [2024-06-07T08:05:58.249+0000] {dag.py:3096} INFO - Sync 1 DAGs
[2024-06-07T08:05:58.411+0000] {logging_mixin.py:188} INFO - [2024-06-07T08:05:58.410+0000] {dag.py:3954} INFO - Setting next_dagrun for example_task_group to 2024-06-06 00:00:00+00:00, run_after=2024-06-07 00:00:00+00:00
[2024-06-07T08:05:58.548+0000] {processor.py:183} INFO - Processing /home/airflow/.local/lib/python3.12/site-packages/airflow/example_dags/example_task_group.py took 0.526 seconds
[2024-06-07T08:06:29.262+0000] {processor.py:161} INFO - Started process (PID=1191) to work on /home/airflow/.local/lib/python3.12/site-packages/airflow/example_dags/example_task_group.py
[2024-06-07T08:06:29.264+0000] {processor.py:830} INFO - Processing file /home/airflow/.local/lib/python3.12/site-packages/airflow/example_dags/example_task_group.py for tasks to queue
[2024-06-07T08:06:29.283+0000] {logging_mixin.py:188} INFO - [2024-06-07T08:06:29.281+0000] {dagbag.py:545} INFO - Filling up the DagBag from /home/airflow/.local/lib/python3.12/site-packages/airflow/example_dags/example_task_group.py
[2024-06-07T08:06:29.309+0000] {processor.py:840} INFO - DAG(s) 'example_task_group' retrieved from /home/airflow/.local/lib/python3.12/site-packages/airflow/example_dags/example_task_group.py
[2024-06-07T08:06:29.373+0000] {logging_mixin.py:188} INFO - [2024-06-07T08:06:29.372+0000] {dag.py:3096} INFO - Sync 1 DAGs
[2024-06-07T08:06:29.431+0000] {logging_mixin.py:188} INFO - [2024-06-07T08:06:29.430+0000] {dag.py:3954} INFO - Setting next_dagrun for example_task_group to 2024-06-06 00:00:00+00:00, run_after=2024-06-07 00:00:00+00:00
[2024-06-07T08:06:30.049+0000] {processor.py:183} INFO - Processing /home/airflow/.local/lib/python3.12/site-packages/airflow/example_dags/example_task_group.py took 0.801 seconds
[2024-06-07T08:07:09.527+0000] {processor.py:161} INFO - Started process (PID=1229) to work on /home/airflow/.local/lib/python3.12/site-packages/airflow/example_dags/example_task_group.py
[2024-06-07T08:07:09.529+0000] {processor.py:830} INFO - Processing file /home/airflow/.local/lib/python3.12/site-packages/airflow/example_dags/example_task_group.py for tasks to queue
[2024-06-07T08:07:09.533+0000] {logging_mixin.py:188} INFO - [2024-06-07T08:07:09.532+0000] {dagbag.py:545} INFO - Filling up the DagBag from /home/airflow/.local/lib/python3.12/site-packages/airflow/example_dags/example_task_group.py
[2024-06-07T08:07:09.550+0000] {processor.py:840} INFO - DAG(s) 'example_task_group' retrieved from /home/airflow/.local/lib/python3.12/site-packages/airflow/example_dags/example_task_group.py
[2024-06-07T08:07:09.616+0000] {logging_mixin.py:188} INFO - [2024-06-07T08:07:09.616+0000] {dag.py:3096} INFO - Sync 1 DAGs
[2024-06-07T08:07:09.687+0000] {logging_mixin.py:188} INFO - [2024-06-07T08:07:09.686+0000] {dag.py:3954} INFO - Setting next_dagrun for example_task_group to 2024-06-06 00:00:00+00:00, run_after=2024-06-07 00:00:00+00:00
[2024-06-07T08:07:10.273+0000] {processor.py:183} INFO - Processing /home/airflow/.local/lib/python3.12/site-packages/airflow/example_dags/example_task_group.py took 0.760 seconds
[2024-06-07T08:07:44.020+0000] {processor.py:161} INFO - Started process (PID=1268) to work on /home/airflow/.local/lib/python3.12/site-packages/airflow/example_dags/example_task_group.py
[2024-06-07T08:07:44.022+0000] {processor.py:830} INFO - Processing file /home/airflow/.local/lib/python3.12/site-packages/airflow/example_dags/example_task_group.py for tasks to queue
[2024-06-07T08:07:44.027+0000] {logging_mixin.py:188} INFO - [2024-06-07T08:07:44.026+0000] {dagbag.py:545} INFO - Filling up the DagBag from /home/airflow/.local/lib/python3.12/site-packages/airflow/example_dags/example_task_group.py
[2024-06-07T08:07:44.050+0000] {processor.py:840} INFO - DAG(s) 'example_task_group' retrieved from /home/airflow/.local/lib/python3.12/site-packages/airflow/example_dags/example_task_group.py
[2024-06-07T08:07:44.122+0000] {logging_mixin.py:188} INFO - [2024-06-07T08:07:44.122+0000] {dag.py:3096} INFO - Sync 1 DAGs
[2024-06-07T08:07:44.250+0000] {logging_mixin.py:188} INFO - [2024-06-07T08:07:44.249+0000] {dag.py:3954} INFO - Setting next_dagrun for example_task_group to 2024-06-06 00:00:00+00:00, run_after=2024-06-07 00:00:00+00:00
[2024-06-07T08:07:44.547+0000] {processor.py:183} INFO - Processing /home/airflow/.local/lib/python3.12/site-packages/airflow/example_dags/example_task_group.py took 0.562 seconds
[2024-06-07T08:08:16.490+0000] {processor.py:161} INFO - Started process (PID=1309) to work on /home/airflow/.local/lib/python3.12/site-packages/airflow/example_dags/example_task_group.py
[2024-06-07T08:08:16.494+0000] {processor.py:830} INFO - Processing file /home/airflow/.local/lib/python3.12/site-packages/airflow/example_dags/example_task_group.py for tasks to queue
[2024-06-07T08:08:16.502+0000] {logging_mixin.py:188} INFO - [2024-06-07T08:08:16.500+0000] {dagbag.py:545} INFO - Filling up the DagBag from /home/airflow/.local/lib/python3.12/site-packages/airflow/example_dags/example_task_group.py
[2024-06-07T08:08:16.528+0000] {processor.py:840} INFO - DAG(s) 'example_task_group' retrieved from /home/airflow/.local/lib/python3.12/site-packages/airflow/example_dags/example_task_group.py
[2024-06-07T08:08:16.618+0000] {logging_mixin.py:188} INFO - [2024-06-07T08:08:16.617+0000] {dag.py:3096} INFO - Sync 1 DAGs
[2024-06-07T08:08:16.671+0000] {logging_mixin.py:188} INFO - [2024-06-07T08:08:16.671+0000] {dag.py:3954} INFO - Setting next_dagrun for example_task_group to 2024-06-06 00:00:00+00:00, run_after=2024-06-07 00:00:00+00:00
[2024-06-07T08:08:16.983+0000] {processor.py:183} INFO - Processing /home/airflow/.local/lib/python3.12/site-packages/airflow/example_dags/example_task_group.py took 0.519 seconds
[2024-06-07T08:08:48.122+0000] {processor.py:161} INFO - Started process (PID=1360) to work on /home/airflow/.local/lib/python3.12/site-packages/airflow/example_dags/example_task_group.py
[2024-06-07T08:08:48.139+0000] {processor.py:830} INFO - Processing file /home/airflow/.local/lib/python3.12/site-packages/airflow/example_dags/example_task_group.py for tasks to queue
[2024-06-07T08:08:48.150+0000] {logging_mixin.py:188} INFO - [2024-06-07T08:08:48.146+0000] {dagbag.py:545} INFO - Filling up the DagBag from /home/airflow/.local/lib/python3.12/site-packages/airflow/example_dags/example_task_group.py
[2024-06-07T08:08:48.249+0000] {processor.py:840} INFO - DAG(s) 'example_task_group' retrieved from /home/airflow/.local/lib/python3.12/site-packages/airflow/example_dags/example_task_group.py
[2024-06-07T08:08:49.168+0000] {logging_mixin.py:188} INFO - [2024-06-07T08:08:49.168+0000] {dag.py:3096} INFO - Sync 1 DAGs
[2024-06-07T08:08:49.265+0000] {logging_mixin.py:188} INFO - [2024-06-07T08:08:49.265+0000] {dag.py:3954} INFO - Setting next_dagrun for example_task_group to 2024-06-06 00:00:00+00:00, run_after=2024-06-07 00:00:00+00:00
[2024-06-07T08:08:49.563+0000] {processor.py:183} INFO - Processing /home/airflow/.local/lib/python3.12/site-packages/airflow/example_dags/example_task_group.py took 1.509 seconds
[2024-06-07T08:13:19.423+0000] {processor.py:161} INFO - Started process (PID=1452) to work on /home/airflow/.local/lib/python3.12/site-packages/airflow/example_dags/example_task_group.py
[2024-06-07T08:13:19.459+0000] {processor.py:830} INFO - Processing file /home/airflow/.local/lib/python3.12/site-packages/airflow/example_dags/example_task_group.py for tasks to queue
[2024-06-07T08:13:19.461+0000] {logging_mixin.py:188} INFO - [2024-06-07T08:13:19.460+0000] {dagbag.py:545} INFO - Filling up the DagBag from /home/airflow/.local/lib/python3.12/site-packages/airflow/example_dags/example_task_group.py
[2024-06-07T08:13:19.484+0000] {processor.py:840} INFO - DAG(s) 'example_task_group' retrieved from /home/airflow/.local/lib/python3.12/site-packages/airflow/example_dags/example_task_group.py
[2024-06-07T08:13:19.548+0000] {logging_mixin.py:188} INFO - [2024-06-07T08:13:19.547+0000] {dag.py:3096} INFO - Sync 1 DAGs
[2024-06-07T08:13:19.677+0000] {logging_mixin.py:188} INFO - [2024-06-07T08:13:19.676+0000] {dag.py:3954} INFO - Setting next_dagrun for example_task_group to 2024-06-06 00:00:00+00:00, run_after=2024-06-07 00:00:00+00:00
[2024-06-07T08:13:19.925+0000] {processor.py:183} INFO - Processing /home/airflow/.local/lib/python3.12/site-packages/airflow/example_dags/example_task_group.py took 0.520 seconds
[2024-06-07T08:13:51.376+0000] {processor.py:161} INFO - Started process (PID=1504) to work on /home/airflow/.local/lib/python3.12/site-packages/airflow/example_dags/example_task_group.py
[2024-06-07T08:13:51.388+0000] {processor.py:830} INFO - Processing file /home/airflow/.local/lib/python3.12/site-packages/airflow/example_dags/example_task_group.py for tasks to queue
[2024-06-07T08:13:51.391+0000] {logging_mixin.py:188} INFO - [2024-06-07T08:13:51.390+0000] {dagbag.py:545} INFO - Filling up the DagBag from /home/airflow/.local/lib/python3.12/site-packages/airflow/example_dags/example_task_group.py
[2024-06-07T08:13:51.441+0000] {processor.py:840} INFO - DAG(s) 'example_task_group' retrieved from /home/airflow/.local/lib/python3.12/site-packages/airflow/example_dags/example_task_group.py
[2024-06-07T08:13:51.509+0000] {logging_mixin.py:188} INFO - [2024-06-07T08:13:51.509+0000] {dag.py:3096} INFO - Sync 1 DAGs
[2024-06-07T08:13:51.591+0000] {logging_mixin.py:188} INFO - [2024-06-07T08:13:51.591+0000] {dag.py:3954} INFO - Setting next_dagrun for example_task_group to 2024-06-06 00:00:00+00:00, run_after=2024-06-07 00:00:00+00:00
[2024-06-07T08:13:51.820+0000] {processor.py:183} INFO - Processing /home/airflow/.local/lib/python3.12/site-packages/airflow/example_dags/example_task_group.py took 0.462 seconds
[2024-06-07T08:14:22.086+0000] {processor.py:161} INFO - Started process (PID=1561) to work on /home/airflow/.local/lib/python3.12/site-packages/airflow/example_dags/example_task_group.py
[2024-06-07T08:14:22.089+0000] {processor.py:830} INFO - Processing file /home/airflow/.local/lib/python3.12/site-packages/airflow/example_dags/example_task_group.py for tasks to queue
[2024-06-07T08:14:22.091+0000] {logging_mixin.py:188} INFO - [2024-06-07T08:14:22.090+0000] {dagbag.py:545} INFO - Filling up the DagBag from /home/airflow/.local/lib/python3.12/site-packages/airflow/example_dags/example_task_group.py
[2024-06-07T08:14:22.129+0000] {processor.py:840} INFO - DAG(s) 'example_task_group' retrieved from /home/airflow/.local/lib/python3.12/site-packages/airflow/example_dags/example_task_group.py
[2024-06-07T08:14:22.189+0000] {logging_mixin.py:188} INFO - [2024-06-07T08:14:22.187+0000] {dag.py:3096} INFO - Sync 1 DAGs
[2024-06-07T08:14:22.269+0000] {logging_mixin.py:188} INFO - [2024-06-07T08:14:22.268+0000] {dag.py:3954} INFO - Setting next_dagrun for example_task_group to 2024-06-06 00:00:00+00:00, run_after=2024-06-07 00:00:00+00:00
[2024-06-07T08:14:22.900+0000] {processor.py:183} INFO - Processing /home/airflow/.local/lib/python3.12/site-packages/airflow/example_dags/example_task_group.py took 0.845 seconds
[2024-06-07T08:14:54.101+0000] {processor.py:161} INFO - Started process (PID=1619) to work on /home/airflow/.local/lib/python3.12/site-packages/airflow/example_dags/example_task_group.py
[2024-06-07T08:14:54.103+0000] {processor.py:830} INFO - Processing file /home/airflow/.local/lib/python3.12/site-packages/airflow/example_dags/example_task_group.py for tasks to queue
[2024-06-07T08:14:54.105+0000] {logging_mixin.py:188} INFO - [2024-06-07T08:14:54.105+0000] {dagbag.py:545} INFO - Filling up the DagBag from /home/airflow/.local/lib/python3.12/site-packages/airflow/example_dags/example_task_group.py
[2024-06-07T08:14:54.126+0000] {processor.py:840} INFO - DAG(s) 'example_task_group' retrieved from /home/airflow/.local/lib/python3.12/site-packages/airflow/example_dags/example_task_group.py
[2024-06-07T08:14:54.220+0000] {logging_mixin.py:188} INFO - [2024-06-07T08:14:54.219+0000] {dag.py:3096} INFO - Sync 1 DAGs
[2024-06-07T08:14:54.296+0000] {logging_mixin.py:188} INFO - [2024-06-07T08:14:54.295+0000] {dag.py:3954} INFO - Setting next_dagrun for example_task_group to 2024-06-06 00:00:00+00:00, run_after=2024-06-07 00:00:00+00:00
[2024-06-07T08:14:54.996+0000] {processor.py:183} INFO - Processing /home/airflow/.local/lib/python3.12/site-packages/airflow/example_dags/example_task_group.py took 0.908 seconds
[2024-06-07T08:15:28.776+0000] {processor.py:161} INFO - Started process (PID=1677) to work on /home/airflow/.local/lib/python3.12/site-packages/airflow/example_dags/example_task_group.py
[2024-06-07T08:15:28.787+0000] {processor.py:830} INFO - Processing file /home/airflow/.local/lib/python3.12/site-packages/airflow/example_dags/example_task_group.py for tasks to queue
[2024-06-07T08:15:28.793+0000] {logging_mixin.py:188} INFO - [2024-06-07T08:15:28.792+0000] {dagbag.py:545} INFO - Filling up the DagBag from /home/airflow/.local/lib/python3.12/site-packages/airflow/example_dags/example_task_group.py
[2024-06-07T08:15:28.898+0000] {processor.py:840} INFO - DAG(s) 'example_task_group' retrieved from /home/airflow/.local/lib/python3.12/site-packages/airflow/example_dags/example_task_group.py
[2024-06-07T08:15:29.016+0000] {logging_mixin.py:188} INFO - [2024-06-07T08:15:29.016+0000] {dag.py:3096} INFO - Sync 1 DAGs
[2024-06-07T08:15:29.159+0000] {logging_mixin.py:188} INFO - [2024-06-07T08:15:29.158+0000] {dag.py:3954} INFO - Setting next_dagrun for example_task_group to 2024-06-06 00:00:00+00:00, run_after=2024-06-07 00:00:00+00:00
[2024-06-07T08:15:29.807+0000] {processor.py:183} INFO - Processing /home/airflow/.local/lib/python3.12/site-packages/airflow/example_dags/example_task_group.py took 1.096 seconds
[2024-06-07T08:16:00.654+0000] {processor.py:161} INFO - Started process (PID=1735) to work on /home/airflow/.local/lib/python3.12/site-packages/airflow/example_dags/example_task_group.py
[2024-06-07T08:16:00.657+0000] {processor.py:830} INFO - Processing file /home/airflow/.local/lib/python3.12/site-packages/airflow/example_dags/example_task_group.py for tasks to queue
[2024-06-07T08:16:00.660+0000] {logging_mixin.py:188} INFO - [2024-06-07T08:16:00.659+0000] {dagbag.py:545} INFO - Filling up the DagBag from /home/airflow/.local/lib/python3.12/site-packages/airflow/example_dags/example_task_group.py
[2024-06-07T08:16:00.681+0000] {processor.py:840} INFO - DAG(s) 'example_task_group' retrieved from /home/airflow/.local/lib/python3.12/site-packages/airflow/example_dags/example_task_group.py
[2024-06-07T08:16:00.733+0000] {logging_mixin.py:188} INFO - [2024-06-07T08:16:00.732+0000] {dag.py:3096} INFO - Sync 1 DAGs
[2024-06-07T08:16:00.804+0000] {logging_mixin.py:188} INFO - [2024-06-07T08:16:00.802+0000] {dag.py:3954} INFO - Setting next_dagrun for example_task_group to 2024-06-06 00:00:00+00:00, run_after=2024-06-07 00:00:00+00:00
[2024-06-07T08:16:01.178+0000] {processor.py:183} INFO - Processing /home/airflow/.local/lib/python3.12/site-packages/airflow/example_dags/example_task_group.py took 0.541 seconds
[2024-06-07T08:16:33.294+0000] {processor.py:161} INFO - Started process (PID=1788) to work on /home/airflow/.local/lib/python3.12/site-packages/airflow/example_dags/example_task_group.py
[2024-06-07T08:16:33.298+0000] {processor.py:830} INFO - Processing file /home/airflow/.local/lib/python3.12/site-packages/airflow/example_dags/example_task_group.py for tasks to queue
[2024-06-07T08:16:33.309+0000] {logging_mixin.py:188} INFO - [2024-06-07T08:16:33.308+0000] {dagbag.py:545} INFO - Filling up the DagBag from /home/airflow/.local/lib/python3.12/site-packages/airflow/example_dags/example_task_group.py
[2024-06-07T08:16:33.373+0000] {processor.py:840} INFO - DAG(s) 'example_task_group' retrieved from /home/airflow/.local/lib/python3.12/site-packages/airflow/example_dags/example_task_group.py
[2024-06-07T08:16:33.949+0000] {logging_mixin.py:188} INFO - [2024-06-07T08:16:33.948+0000] {dag.py:3096} INFO - Sync 1 DAGs
[2024-06-07T08:16:34.011+0000] {logging_mixin.py:188} INFO - [2024-06-07T08:16:34.011+0000] {dag.py:3954} INFO - Setting next_dagrun for example_task_group to 2024-06-06 00:00:00+00:00, run_after=2024-06-07 00:00:00+00:00
[2024-06-07T08:16:36.442+0000] {processor.py:183} INFO - Processing /home/airflow/.local/lib/python3.12/site-packages/airflow/example_dags/example_task_group.py took 3.190 seconds
[2024-06-07T08:17:07.102+0000] {processor.py:161} INFO - Started process (PID=1844) to work on /home/airflow/.local/lib/python3.12/site-packages/airflow/example_dags/example_task_group.py
[2024-06-07T08:17:07.104+0000] {processor.py:830} INFO - Processing file /home/airflow/.local/lib/python3.12/site-packages/airflow/example_dags/example_task_group.py for tasks to queue
[2024-06-07T08:17:07.116+0000] {logging_mixin.py:188} INFO - [2024-06-07T08:17:07.115+0000] {dagbag.py:545} INFO - Filling up the DagBag from /home/airflow/.local/lib/python3.12/site-packages/airflow/example_dags/example_task_group.py
[2024-06-07T08:17:07.155+0000] {processor.py:840} INFO - DAG(s) 'example_task_group' retrieved from /home/airflow/.local/lib/python3.12/site-packages/airflow/example_dags/example_task_group.py
[2024-06-07T08:17:07.301+0000] {logging_mixin.py:188} INFO - [2024-06-07T08:17:07.300+0000] {dag.py:3096} INFO - Sync 1 DAGs
[2024-06-07T08:17:07.496+0000] {logging_mixin.py:188} INFO - [2024-06-07T08:17:07.486+0000] {dag.py:3954} INFO - Setting next_dagrun for example_task_group to 2024-06-06 00:00:00+00:00, run_after=2024-06-07 00:00:00+00:00
[2024-06-07T08:17:07.787+0000] {processor.py:183} INFO - Processing /home/airflow/.local/lib/python3.12/site-packages/airflow/example_dags/example_task_group.py took 0.734 seconds
[2024-06-07T08:17:47.163+0000] {processor.py:161} INFO - Started process (PID=1913) to work on /home/airflow/.local/lib/python3.12/site-packages/airflow/example_dags/example_task_group.py
[2024-06-07T08:17:47.174+0000] {processor.py:830} INFO - Processing file /home/airflow/.local/lib/python3.12/site-packages/airflow/example_dags/example_task_group.py for tasks to queue
[2024-06-07T08:17:47.177+0000] {logging_mixin.py:188} INFO - [2024-06-07T08:17:47.176+0000] {dagbag.py:545} INFO - Filling up the DagBag from /home/airflow/.local/lib/python3.12/site-packages/airflow/example_dags/example_task_group.py
[2024-06-07T08:17:47.213+0000] {processor.py:840} INFO - DAG(s) 'example_task_group' retrieved from /home/airflow/.local/lib/python3.12/site-packages/airflow/example_dags/example_task_group.py
[2024-06-07T08:17:47.445+0000] {logging_mixin.py:188} INFO - [2024-06-07T08:17:47.444+0000] {dag.py:3096} INFO - Sync 1 DAGs
[2024-06-07T08:17:47.701+0000] {logging_mixin.py:188} INFO - [2024-06-07T08:17:47.700+0000] {dag.py:3954} INFO - Setting next_dagrun for example_task_group to 2024-06-06 00:00:00+00:00, run_after=2024-06-07 00:00:00+00:00
[2024-06-07T08:17:47.935+0000] {processor.py:183} INFO - Processing /home/airflow/.local/lib/python3.12/site-packages/airflow/example_dags/example_task_group.py took 0.800 seconds
[2024-06-07T08:18:18.315+0000] {processor.py:161} INFO - Started process (PID=1971) to work on /home/airflow/.local/lib/python3.12/site-packages/airflow/example_dags/example_task_group.py
[2024-06-07T08:18:18.317+0000] {processor.py:830} INFO - Processing file /home/airflow/.local/lib/python3.12/site-packages/airflow/example_dags/example_task_group.py for tasks to queue
[2024-06-07T08:18:18.319+0000] {logging_mixin.py:188} INFO - [2024-06-07T08:18:18.318+0000] {dagbag.py:545} INFO - Filling up the DagBag from /home/airflow/.local/lib/python3.12/site-packages/airflow/example_dags/example_task_group.py
[2024-06-07T08:18:18.339+0000] {processor.py:840} INFO - DAG(s) 'example_task_group' retrieved from /home/airflow/.local/lib/python3.12/site-packages/airflow/example_dags/example_task_group.py
[2024-06-07T08:18:18.399+0000] {logging_mixin.py:188} INFO - [2024-06-07T08:18:18.398+0000] {dag.py:3096} INFO - Sync 1 DAGs
[2024-06-07T08:18:18.462+0000] {logging_mixin.py:188} INFO - [2024-06-07T08:18:18.462+0000] {dag.py:3954} INFO - Setting next_dagrun for example_task_group to 2024-06-06 00:00:00+00:00, run_after=2024-06-07 00:00:00+00:00
[2024-06-07T08:18:18.712+0000] {processor.py:183} INFO - Processing /home/airflow/.local/lib/python3.12/site-packages/airflow/example_dags/example_task_group.py took 0.414 seconds
[2024-06-07T08:18:49.669+0000] {processor.py:161} INFO - Started process (PID=2027) to work on /home/airflow/.local/lib/python3.12/site-packages/airflow/example_dags/example_task_group.py
[2024-06-07T08:18:49.671+0000] {processor.py:830} INFO - Processing file /home/airflow/.local/lib/python3.12/site-packages/airflow/example_dags/example_task_group.py for tasks to queue
[2024-06-07T08:18:49.674+0000] {logging_mixin.py:188} INFO - [2024-06-07T08:18:49.673+0000] {dagbag.py:545} INFO - Filling up the DagBag from /home/airflow/.local/lib/python3.12/site-packages/airflow/example_dags/example_task_group.py
[2024-06-07T08:18:49.705+0000] {processor.py:840} INFO - DAG(s) 'example_task_group' retrieved from /home/airflow/.local/lib/python3.12/site-packages/airflow/example_dags/example_task_group.py
[2024-06-07T08:18:49.773+0000] {logging_mixin.py:188} INFO - [2024-06-07T08:18:49.773+0000] {dag.py:3096} INFO - Sync 1 DAGs
[2024-06-07T08:18:49.848+0000] {logging_mixin.py:188} INFO - [2024-06-07T08:18:49.848+0000] {dag.py:3954} INFO - Setting next_dagrun for example_task_group to 2024-06-06 00:00:00+00:00, run_after=2024-06-07 00:00:00+00:00
[2024-06-07T08:18:50.184+0000] {processor.py:183} INFO - Processing /home/airflow/.local/lib/python3.12/site-packages/airflow/example_dags/example_task_group.py took 0.532 seconds
[2024-06-07T08:19:20.990+0000] {processor.py:161} INFO - Started process (PID=2084) to work on /home/airflow/.local/lib/python3.12/site-packages/airflow/example_dags/example_task_group.py
[2024-06-07T08:19:20.995+0000] {processor.py:830} INFO - Processing file /home/airflow/.local/lib/python3.12/site-packages/airflow/example_dags/example_task_group.py for tasks to queue
[2024-06-07T08:19:21.009+0000] {logging_mixin.py:188} INFO - [2024-06-07T08:19:21.008+0000] {dagbag.py:545} INFO - Filling up the DagBag from /home/airflow/.local/lib/python3.12/site-packages/airflow/example_dags/example_task_group.py
[2024-06-07T08:19:21.049+0000] {processor.py:840} INFO - DAG(s) 'example_task_group' retrieved from /home/airflow/.local/lib/python3.12/site-packages/airflow/example_dags/example_task_group.py
[2024-06-07T08:19:21.194+0000] {logging_mixin.py:188} INFO - [2024-06-07T08:19:21.189+0000] {dag.py:3096} INFO - Sync 1 DAGs
[2024-06-07T08:19:21.418+0000] {logging_mixin.py:188} INFO - [2024-06-07T08:19:21.417+0000] {dag.py:3954} INFO - Setting next_dagrun for example_task_group to 2024-06-06 00:00:00+00:00, run_after=2024-06-07 00:00:00+00:00
[2024-06-07T08:19:22.292+0000] {processor.py:183} INFO - Processing /home/airflow/.local/lib/python3.12/site-packages/airflow/example_dags/example_task_group.py took 1.367 seconds
[2024-06-07T08:19:52.630+0000] {processor.py:161} INFO - Started process (PID=2141) to work on /home/airflow/.local/lib/python3.12/site-packages/airflow/example_dags/example_task_group.py
[2024-06-07T08:19:52.633+0000] {processor.py:830} INFO - Processing file /home/airflow/.local/lib/python3.12/site-packages/airflow/example_dags/example_task_group.py for tasks to queue
[2024-06-07T08:19:52.635+0000] {logging_mixin.py:188} INFO - [2024-06-07T08:19:52.634+0000] {dagbag.py:545} INFO - Filling up the DagBag from /home/airflow/.local/lib/python3.12/site-packages/airflow/example_dags/example_task_group.py
[2024-06-07T08:19:52.656+0000] {processor.py:840} INFO - DAG(s) 'example_task_group' retrieved from /home/airflow/.local/lib/python3.12/site-packages/airflow/example_dags/example_task_group.py
[2024-06-07T08:19:52.703+0000] {logging_mixin.py:188} INFO - [2024-06-07T08:19:52.703+0000] {dag.py:3096} INFO - Sync 1 DAGs
[2024-06-07T08:19:52.754+0000] {logging_mixin.py:188} INFO - [2024-06-07T08:19:52.753+0000] {dag.py:3954} INFO - Setting next_dagrun for example_task_group to 2024-06-06 00:00:00+00:00, run_after=2024-06-07 00:00:00+00:00
[2024-06-07T08:19:53.138+0000] {processor.py:183} INFO - Processing /home/airflow/.local/lib/python3.12/site-packages/airflow/example_dags/example_task_group.py took 0.521 seconds
[2024-06-07T08:20:23.426+0000] {processor.py:161} INFO - Started process (PID=2199) to work on /home/airflow/.local/lib/python3.12/site-packages/airflow/example_dags/example_task_group.py
[2024-06-07T08:20:23.428+0000] {processor.py:830} INFO - Processing file /home/airflow/.local/lib/python3.12/site-packages/airflow/example_dags/example_task_group.py for tasks to queue
[2024-06-07T08:20:23.430+0000] {logging_mixin.py:188} INFO - [2024-06-07T08:20:23.429+0000] {dagbag.py:545} INFO - Filling up the DagBag from /home/airflow/.local/lib/python3.12/site-packages/airflow/example_dags/example_task_group.py
[2024-06-07T08:20:23.446+0000] {processor.py:840} INFO - DAG(s) 'example_task_group' retrieved from /home/airflow/.local/lib/python3.12/site-packages/airflow/example_dags/example_task_group.py
[2024-06-07T08:20:23.491+0000] {logging_mixin.py:188} INFO - [2024-06-07T08:20:23.491+0000] {dag.py:3096} INFO - Sync 1 DAGs
[2024-06-07T08:20:23.549+0000] {logging_mixin.py:188} INFO - [2024-06-07T08:20:23.548+0000] {dag.py:3954} INFO - Setting next_dagrun for example_task_group to 2024-06-06 00:00:00+00:00, run_after=2024-06-07 00:00:00+00:00
[2024-06-07T08:20:24.048+0000] {processor.py:183} INFO - Processing /home/airflow/.local/lib/python3.12/site-packages/airflow/example_dags/example_task_group.py took 0.634 seconds
[2024-06-07T08:20:54.562+0000] {processor.py:161} INFO - Started process (PID=2258) to work on /home/airflow/.local/lib/python3.12/site-packages/airflow/example_dags/example_task_group.py
[2024-06-07T08:20:54.564+0000] {processor.py:830} INFO - Processing file /home/airflow/.local/lib/python3.12/site-packages/airflow/example_dags/example_task_group.py for tasks to queue
[2024-06-07T08:20:54.566+0000] {logging_mixin.py:188} INFO - [2024-06-07T08:20:54.565+0000] {dagbag.py:545} INFO - Filling up the DagBag from /home/airflow/.local/lib/python3.12/site-packages/airflow/example_dags/example_task_group.py
[2024-06-07T08:20:54.598+0000] {processor.py:840} INFO - DAG(s) 'example_task_group' retrieved from /home/airflow/.local/lib/python3.12/site-packages/airflow/example_dags/example_task_group.py
[2024-06-07T08:20:54.659+0000] {logging_mixin.py:188} INFO - [2024-06-07T08:20:54.658+0000] {dag.py:3096} INFO - Sync 1 DAGs
[2024-06-07T08:20:54.713+0000] {logging_mixin.py:188} INFO - [2024-06-07T08:20:54.712+0000] {dag.py:3954} INFO - Setting next_dagrun for example_task_group to 2024-06-06 00:00:00+00:00, run_after=2024-06-07 00:00:00+00:00
[2024-06-07T08:20:55.257+0000] {processor.py:183} INFO - Processing /home/airflow/.local/lib/python3.12/site-packages/airflow/example_dags/example_task_group.py took 0.712 seconds
[2024-06-07T08:21:25.613+0000] {processor.py:161} INFO - Started process (PID=2316) to work on /home/airflow/.local/lib/python3.12/site-packages/airflow/example_dags/example_task_group.py
[2024-06-07T08:21:25.654+0000] {processor.py:830} INFO - Processing file /home/airflow/.local/lib/python3.12/site-packages/airflow/example_dags/example_task_group.py for tasks to queue
[2024-06-07T08:21:25.660+0000] {logging_mixin.py:188} INFO - [2024-06-07T08:21:25.659+0000] {dagbag.py:545} INFO - Filling up the DagBag from /home/airflow/.local/lib/python3.12/site-packages/airflow/example_dags/example_task_group.py
[2024-06-07T08:21:25.727+0000] {processor.py:840} INFO - DAG(s) 'example_task_group' retrieved from /home/airflow/.local/lib/python3.12/site-packages/airflow/example_dags/example_task_group.py
[2024-06-07T08:21:25.852+0000] {logging_mixin.py:188} INFO - [2024-06-07T08:21:25.851+0000] {dag.py:3096} INFO - Sync 1 DAGs
[2024-06-07T08:21:25.921+0000] {logging_mixin.py:188} INFO - [2024-06-07T08:21:25.919+0000] {dag.py:3954} INFO - Setting next_dagrun for example_task_group to 2024-06-06 00:00:00+00:00, run_after=2024-06-07 00:00:00+00:00
[2024-06-07T08:21:26.223+0000] {processor.py:183} INFO - Processing /home/airflow/.local/lib/python3.12/site-packages/airflow/example_dags/example_task_group.py took 0.650 seconds
[2024-06-07T08:21:59.180+0000] {processor.py:161} INFO - Started process (PID=2373) to work on /home/airflow/.local/lib/python3.12/site-packages/airflow/example_dags/example_task_group.py
[2024-06-07T08:21:59.187+0000] {processor.py:830} INFO - Processing file /home/airflow/.local/lib/python3.12/site-packages/airflow/example_dags/example_task_group.py for tasks to queue
[2024-06-07T08:21:59.196+0000] {logging_mixin.py:188} INFO - [2024-06-07T08:21:59.190+0000] {dagbag.py:545} INFO - Filling up the DagBag from /home/airflow/.local/lib/python3.12/site-packages/airflow/example_dags/example_task_group.py
[2024-06-07T08:21:59.266+0000] {processor.py:840} INFO - DAG(s) 'example_task_group' retrieved from /home/airflow/.local/lib/python3.12/site-packages/airflow/example_dags/example_task_group.py
[2024-06-07T08:21:59.446+0000] {logging_mixin.py:188} INFO - [2024-06-07T08:21:59.445+0000] {dag.py:3096} INFO - Sync 1 DAGs
[2024-06-07T08:21:59.831+0000] {logging_mixin.py:188} INFO - [2024-06-07T08:21:59.830+0000] {dag.py:3954} INFO - Setting next_dagrun for example_task_group to 2024-06-06 00:00:00+00:00, run_after=2024-06-07 00:00:00+00:00
[2024-06-07T08:22:02.263+0000] {processor.py:183} INFO - Processing /home/airflow/.local/lib/python3.12/site-packages/airflow/example_dags/example_task_group.py took 3.133 seconds
[2024-06-07T08:22:32.799+0000] {processor.py:161} INFO - Started process (PID=2431) to work on /home/airflow/.local/lib/python3.12/site-packages/airflow/example_dags/example_task_group.py
[2024-06-07T08:22:32.801+0000] {processor.py:830} INFO - Processing file /home/airflow/.local/lib/python3.12/site-packages/airflow/example_dags/example_task_group.py for tasks to queue
[2024-06-07T08:22:32.804+0000] {logging_mixin.py:188} INFO - [2024-06-07T08:22:32.803+0000] {dagbag.py:545} INFO - Filling up the DagBag from /home/airflow/.local/lib/python3.12/site-packages/airflow/example_dags/example_task_group.py
[2024-06-07T08:22:32.840+0000] {processor.py:840} INFO - DAG(s) 'example_task_group' retrieved from /home/airflow/.local/lib/python3.12/site-packages/airflow/example_dags/example_task_group.py
[2024-06-07T08:22:32.933+0000] {logging_mixin.py:188} INFO - [2024-06-07T08:22:32.933+0000] {dag.py:3096} INFO - Sync 1 DAGs
[2024-06-07T08:22:33.031+0000] {logging_mixin.py:188} INFO - [2024-06-07T08:22:33.030+0000] {dag.py:3954} INFO - Setting next_dagrun for example_task_group to 2024-06-06 00:00:00+00:00, run_after=2024-06-07 00:00:00+00:00
[2024-06-07T08:22:33.424+0000] {processor.py:183} INFO - Processing /home/airflow/.local/lib/python3.12/site-packages/airflow/example_dags/example_task_group.py took 0.652 seconds
[2024-06-07T08:23:04.039+0000] {processor.py:161} INFO - Started process (PID=2490) to work on /home/airflow/.local/lib/python3.12/site-packages/airflow/example_dags/example_task_group.py
[2024-06-07T08:23:04.041+0000] {processor.py:830} INFO - Processing file /home/airflow/.local/lib/python3.12/site-packages/airflow/example_dags/example_task_group.py for tasks to queue
[2024-06-07T08:23:04.044+0000] {logging_mixin.py:188} INFO - [2024-06-07T08:23:04.043+0000] {dagbag.py:545} INFO - Filling up the DagBag from /home/airflow/.local/lib/python3.12/site-packages/airflow/example_dags/example_task_group.py
[2024-06-07T08:23:04.078+0000] {processor.py:840} INFO - DAG(s) 'example_task_group' retrieved from /home/airflow/.local/lib/python3.12/site-packages/airflow/example_dags/example_task_group.py
[2024-06-07T08:23:04.163+0000] {logging_mixin.py:188} INFO - [2024-06-07T08:23:04.163+0000] {dag.py:3096} INFO - Sync 1 DAGs
[2024-06-07T08:23:04.222+0000] {logging_mixin.py:188} INFO - [2024-06-07T08:23:04.221+0000] {dag.py:3954} INFO - Setting next_dagrun for example_task_group to 2024-06-06 00:00:00+00:00, run_after=2024-06-07 00:00:00+00:00
[2024-06-07T08:23:04.508+0000] {processor.py:183} INFO - Processing /home/airflow/.local/lib/python3.12/site-packages/airflow/example_dags/example_task_group.py took 0.489 seconds
