[2024-06-07T07:54:59.670+0000] {processor.py:161} INFO - Started process (PID=80) to work on /home/airflow/.local/lib/python3.12/site-packages/airflow/example_dags/example_branch_python_dop_operator_3.py
[2024-06-07T07:54:59.672+0000] {processor.py:830} INFO - Processing file /home/airflow/.local/lib/python3.12/site-packages/airflow/example_dags/example_branch_python_dop_operator_3.py for tasks to queue
[2024-06-07T07:54:59.677+0000] {logging_mixin.py:188} INFO - [2024-06-07T07:54:59.676+0000] {dagbag.py:545} INFO - Filling up the DagBag from /home/airflow/.local/lib/python3.12/site-packages/airflow/example_dags/example_branch_python_dop_operator_3.py
[2024-06-07T07:54:59.700+0000] {processor.py:840} INFO - DAG(s) 'example_branch_dop_operator_v3' retrieved from /home/airflow/.local/lib/python3.12/site-packages/airflow/example_dags/example_branch_python_dop_operator_3.py
[2024-06-07T07:55:00.873+0000] {logging_mixin.py:188} INFO - [2024-06-07T07:55:00.872+0000] {override.py:1829} INFO - Created Permission View: can delete on DAG:example_branch_dop_operator_v3
[2024-06-07T07:55:01.106+0000] {logging_mixin.py:188} INFO - [2024-06-07T07:55:01.105+0000] {override.py:1829} INFO - Created Permission View: can read on DAG:example_branch_dop_operator_v3
[2024-06-07T07:55:01.316+0000] {logging_mixin.py:188} INFO - [2024-06-07T07:55:01.315+0000] {override.py:1829} INFO - Created Permission View: can edit on DAG:example_branch_dop_operator_v3
[2024-06-07T07:55:01.319+0000] {logging_mixin.py:188} INFO - [2024-06-07T07:55:01.318+0000] {dag.py:3096} INFO - Sync 1 DAGs
[2024-06-07T07:55:01.354+0000] {logging_mixin.py:188} INFO - [2024-06-07T07:55:01.353+0000] {dag.py:3118} INFO - Creating ORM DAG for example_branch_dop_operator_v3
[2024-06-07T07:55:01.395+0000] {logging_mixin.py:188} INFO - [2024-06-07T07:55:01.394+0000] {dag.py:3954} INFO - Setting next_dagrun for example_branch_dop_operator_v3 to 2024-06-07 07:54:00+00:00, run_after=2024-06-07 07:55:00+00:00
[2024-06-07T07:55:01.639+0000] {processor.py:183} INFO - Processing /home/airflow/.local/lib/python3.12/site-packages/airflow/example_dags/example_branch_python_dop_operator_3.py took 1.985 seconds
[2024-06-07T07:55:37.694+0000] {processor.py:161} INFO - Started process (PID=138) to work on /home/airflow/.local/lib/python3.12/site-packages/airflow/example_dags/example_branch_python_dop_operator_3.py
[2024-06-07T07:55:37.716+0000] {processor.py:830} INFO - Processing file /home/airflow/.local/lib/python3.12/site-packages/airflow/example_dags/example_branch_python_dop_operator_3.py for tasks to queue
[2024-06-07T07:55:37.722+0000] {logging_mixin.py:188} INFO - [2024-06-07T07:55:37.721+0000] {dagbag.py:545} INFO - Filling up the DagBag from /home/airflow/.local/lib/python3.12/site-packages/airflow/example_dags/example_branch_python_dop_operator_3.py
[2024-06-07T07:55:37.819+0000] {processor.py:840} INFO - DAG(s) 'example_branch_dop_operator_v3' retrieved from /home/airflow/.local/lib/python3.12/site-packages/airflow/example_dags/example_branch_python_dop_operator_3.py
[2024-06-07T07:55:37.982+0000] {logging_mixin.py:188} INFO - [2024-06-07T07:55:37.982+0000] {dag.py:3096} INFO - Sync 1 DAGs
[2024-06-07T07:55:38.217+0000] {logging_mixin.py:188} INFO - [2024-06-07T07:55:38.205+0000] {dag.py:3954} INFO - Setting next_dagrun for example_branch_dop_operator_v3 to 2024-06-07 07:54:00+00:00, run_after=2024-06-07 07:55:00+00:00
[2024-06-07T07:55:38.861+0000] {processor.py:183} INFO - Processing /home/airflow/.local/lib/python3.12/site-packages/airflow/example_dags/example_branch_python_dop_operator_3.py took 1.206 seconds
[2024-06-07T07:56:09.040+0000] {processor.py:161} INFO - Started process (PID=197) to work on /home/airflow/.local/lib/python3.12/site-packages/airflow/example_dags/example_branch_python_dop_operator_3.py
[2024-06-07T07:56:09.042+0000] {processor.py:830} INFO - Processing file /home/airflow/.local/lib/python3.12/site-packages/airflow/example_dags/example_branch_python_dop_operator_3.py for tasks to queue
[2024-06-07T07:56:09.047+0000] {logging_mixin.py:188} INFO - [2024-06-07T07:56:09.046+0000] {dagbag.py:545} INFO - Filling up the DagBag from /home/airflow/.local/lib/python3.12/site-packages/airflow/example_dags/example_branch_python_dop_operator_3.py
[2024-06-07T07:56:09.082+0000] {processor.py:840} INFO - DAG(s) 'example_branch_dop_operator_v3' retrieved from /home/airflow/.local/lib/python3.12/site-packages/airflow/example_dags/example_branch_python_dop_operator_3.py
[2024-06-07T07:56:09.141+0000] {logging_mixin.py:188} INFO - [2024-06-07T07:56:09.140+0000] {dag.py:3096} INFO - Sync 1 DAGs
[2024-06-07T07:56:09.230+0000] {logging_mixin.py:188} INFO - [2024-06-07T07:56:09.229+0000] {dag.py:3954} INFO - Setting next_dagrun for example_branch_dop_operator_v3 to 2024-06-07 07:55:00+00:00, run_after=2024-06-07 07:56:00+00:00
[2024-06-07T07:56:09.446+0000] {processor.py:183} INFO - Processing /home/airflow/.local/lib/python3.12/site-packages/airflow/example_dags/example_branch_python_dop_operator_3.py took 0.436 seconds
[2024-06-07T07:57:00.381+0000] {processor.py:161} INFO - Started process (PID=260) to work on /home/airflow/.local/lib/python3.12/site-packages/airflow/example_dags/example_branch_python_dop_operator_3.py
[2024-06-07T07:57:00.394+0000] {processor.py:830} INFO - Processing file /home/airflow/.local/lib/python3.12/site-packages/airflow/example_dags/example_branch_python_dop_operator_3.py for tasks to queue
[2024-06-07T07:57:00.409+0000] {logging_mixin.py:188} INFO - [2024-06-07T07:57:00.408+0000] {dagbag.py:545} INFO - Filling up the DagBag from /home/airflow/.local/lib/python3.12/site-packages/airflow/example_dags/example_branch_python_dop_operator_3.py
[2024-06-07T07:57:00.490+0000] {processor.py:840} INFO - DAG(s) 'example_branch_dop_operator_v3' retrieved from /home/airflow/.local/lib/python3.12/site-packages/airflow/example_dags/example_branch_python_dop_operator_3.py
[2024-06-07T07:57:00.813+0000] {logging_mixin.py:188} INFO - [2024-06-07T07:57:00.812+0000] {dag.py:3096} INFO - Sync 1 DAGs
[2024-06-07T07:57:01.153+0000] {logging_mixin.py:188} INFO - [2024-06-07T07:57:01.152+0000] {dag.py:3954} INFO - Setting next_dagrun for example_branch_dop_operator_v3 to 2024-06-07 07:56:00+00:00, run_after=2024-06-07 07:57:00+00:00
[2024-06-07T07:57:01.581+0000] {processor.py:183} INFO - Processing /home/airflow/.local/lib/python3.12/site-packages/airflow/example_dags/example_branch_python_dop_operator_3.py took 1.246 seconds
[2024-06-07T07:57:34.056+0000] {processor.py:161} INFO - Started process (PID=318) to work on /home/airflow/.local/lib/python3.12/site-packages/airflow/example_dags/example_branch_python_dop_operator_3.py
[2024-06-07T07:57:34.058+0000] {processor.py:830} INFO - Processing file /home/airflow/.local/lib/python3.12/site-packages/airflow/example_dags/example_branch_python_dop_operator_3.py for tasks to queue
[2024-06-07T07:57:34.062+0000] {logging_mixin.py:188} INFO - [2024-06-07T07:57:34.062+0000] {dagbag.py:545} INFO - Filling up the DagBag from /home/airflow/.local/lib/python3.12/site-packages/airflow/example_dags/example_branch_python_dop_operator_3.py
[2024-06-07T07:57:34.087+0000] {processor.py:840} INFO - DAG(s) 'example_branch_dop_operator_v3' retrieved from /home/airflow/.local/lib/python3.12/site-packages/airflow/example_dags/example_branch_python_dop_operator_3.py
[2024-06-07T07:57:34.193+0000] {logging_mixin.py:188} INFO - [2024-06-07T07:57:34.192+0000] {dag.py:3096} INFO - Sync 1 DAGs
[2024-06-07T07:57:34.359+0000] {logging_mixin.py:188} INFO - [2024-06-07T07:57:34.359+0000] {dag.py:3954} INFO - Setting next_dagrun for example_branch_dop_operator_v3 to 2024-06-07 07:56:00+00:00, run_after=2024-06-07 07:57:00+00:00
[2024-06-07T07:57:34.885+0000] {processor.py:183} INFO - Processing /home/airflow/.local/lib/python3.12/site-packages/airflow/example_dags/example_branch_python_dop_operator_3.py took 0.845 seconds
[2024-06-07T07:58:12.298+0000] {processor.py:161} INFO - Started process (PID=380) to work on /home/airflow/.local/lib/python3.12/site-packages/airflow/example_dags/example_branch_python_dop_operator_3.py
[2024-06-07T07:58:12.301+0000] {processor.py:830} INFO - Processing file /home/airflow/.local/lib/python3.12/site-packages/airflow/example_dags/example_branch_python_dop_operator_3.py for tasks to queue
[2024-06-07T07:58:12.305+0000] {logging_mixin.py:188} INFO - [2024-06-07T07:58:12.304+0000] {dagbag.py:545} INFO - Filling up the DagBag from /home/airflow/.local/lib/python3.12/site-packages/airflow/example_dags/example_branch_python_dop_operator_3.py
[2024-06-07T07:58:12.338+0000] {processor.py:840} INFO - DAG(s) 'example_branch_dop_operator_v3' retrieved from /home/airflow/.local/lib/python3.12/site-packages/airflow/example_dags/example_branch_python_dop_operator_3.py
[2024-06-07T07:58:12.429+0000] {logging_mixin.py:188} INFO - [2024-06-07T07:58:12.428+0000] {dag.py:3096} INFO - Sync 1 DAGs
[2024-06-07T07:58:12.661+0000] {logging_mixin.py:188} INFO - [2024-06-07T07:58:12.661+0000] {dag.py:3954} INFO - Setting next_dagrun for example_branch_dop_operator_v3 to 2024-06-07 07:57:00+00:00, run_after=2024-06-07 07:58:00+00:00
[2024-06-07T07:58:12.789+0000] {processor.py:183} INFO - Processing /home/airflow/.local/lib/python3.12/site-packages/airflow/example_dags/example_branch_python_dop_operator_3.py took 0.506 seconds
[2024-06-07T07:58:49.452+0000] {processor.py:161} INFO - Started process (PID=439) to work on /home/airflow/.local/lib/python3.12/site-packages/airflow/example_dags/example_branch_python_dop_operator_3.py
[2024-06-07T07:58:49.457+0000] {processor.py:830} INFO - Processing file /home/airflow/.local/lib/python3.12/site-packages/airflow/example_dags/example_branch_python_dop_operator_3.py for tasks to queue
[2024-06-07T07:58:49.475+0000] {logging_mixin.py:188} INFO - [2024-06-07T07:58:49.474+0000] {dagbag.py:545} INFO - Filling up the DagBag from /home/airflow/.local/lib/python3.12/site-packages/airflow/example_dags/example_branch_python_dop_operator_3.py
[2024-06-07T07:58:49.514+0000] {processor.py:840} INFO - DAG(s) 'example_branch_dop_operator_v3' retrieved from /home/airflow/.local/lib/python3.12/site-packages/airflow/example_dags/example_branch_python_dop_operator_3.py
[2024-06-07T07:58:50.069+0000] {logging_mixin.py:188} INFO - [2024-06-07T07:58:50.068+0000] {dag.py:3096} INFO - Sync 1 DAGs
[2024-06-07T07:58:50.152+0000] {logging_mixin.py:188} INFO - [2024-06-07T07:58:50.152+0000] {dag.py:3954} INFO - Setting next_dagrun for example_branch_dop_operator_v3 to 2024-06-07 07:57:00+00:00, run_after=2024-06-07 07:58:00+00:00
[2024-06-07T07:58:50.410+0000] {processor.py:183} INFO - Processing /home/airflow/.local/lib/python3.12/site-packages/airflow/example_dags/example_branch_python_dop_operator_3.py took 0.992 seconds
[2024-06-07T07:59:25.803+0000] {processor.py:161} INFO - Started process (PID=503) to work on /home/airflow/.local/lib/python3.12/site-packages/airflow/example_dags/example_branch_python_dop_operator_3.py
[2024-06-07T07:59:25.808+0000] {processor.py:830} INFO - Processing file /home/airflow/.local/lib/python3.12/site-packages/airflow/example_dags/example_branch_python_dop_operator_3.py for tasks to queue
[2024-06-07T07:59:25.848+0000] {logging_mixin.py:188} INFO - [2024-06-07T07:59:25.847+0000] {dagbag.py:545} INFO - Filling up the DagBag from /home/airflow/.local/lib/python3.12/site-packages/airflow/example_dags/example_branch_python_dop_operator_3.py
[2024-06-07T07:59:25.945+0000] {processor.py:840} INFO - DAG(s) 'example_branch_dop_operator_v3' retrieved from /home/airflow/.local/lib/python3.12/site-packages/airflow/example_dags/example_branch_python_dop_operator_3.py
[2024-06-07T07:59:26.307+0000] {logging_mixin.py:188} INFO - [2024-06-07T07:59:26.307+0000] {dag.py:3096} INFO - Sync 1 DAGs
[2024-06-07T07:59:26.488+0000] {logging_mixin.py:188} INFO - [2024-06-07T07:59:26.487+0000] {dag.py:3954} INFO - Setting next_dagrun for example_branch_dop_operator_v3 to 2024-06-07 07:58:00+00:00, run_after=2024-06-07 07:59:00+00:00
[2024-06-07T07:59:26.789+0000] {processor.py:183} INFO - Processing /home/airflow/.local/lib/python3.12/site-packages/airflow/example_dags/example_branch_python_dop_operator_3.py took 1.027 seconds
[2024-06-07T08:00:08.731+0000] {processor.py:161} INFO - Started process (PID=566) to work on /home/airflow/.local/lib/python3.12/site-packages/airflow/example_dags/example_branch_python_dop_operator_3.py
[2024-06-07T08:00:08.733+0000] {processor.py:830} INFO - Processing file /home/airflow/.local/lib/python3.12/site-packages/airflow/example_dags/example_branch_python_dop_operator_3.py for tasks to queue
[2024-06-07T08:00:08.748+0000] {logging_mixin.py:188} INFO - [2024-06-07T08:00:08.747+0000] {dagbag.py:545} INFO - Filling up the DagBag from /home/airflow/.local/lib/python3.12/site-packages/airflow/example_dags/example_branch_python_dop_operator_3.py
[2024-06-07T08:00:08.776+0000] {processor.py:840} INFO - DAG(s) 'example_branch_dop_operator_v3' retrieved from /home/airflow/.local/lib/python3.12/site-packages/airflow/example_dags/example_branch_python_dop_operator_3.py
[2024-06-07T08:00:08.929+0000] {logging_mixin.py:188} INFO - [2024-06-07T08:00:08.929+0000] {dag.py:3096} INFO - Sync 1 DAGs
[2024-06-07T08:00:09.201+0000] {logging_mixin.py:188} INFO - [2024-06-07T08:00:09.200+0000] {dag.py:3954} INFO - Setting next_dagrun for example_branch_dop_operator_v3 to 2024-06-07 07:59:00+00:00, run_after=2024-06-07 08:00:00+00:00
[2024-06-07T08:00:09.635+0000] {processor.py:183} INFO - Processing /home/airflow/.local/lib/python3.12/site-packages/airflow/example_dags/example_branch_python_dop_operator_3.py took 0.944 seconds
[2024-06-07T08:00:55.959+0000] {processor.py:161} INFO - Started process (PID=628) to work on /home/airflow/.local/lib/python3.12/site-packages/airflow/example_dags/example_branch_python_dop_operator_3.py
[2024-06-07T08:00:55.962+0000] {processor.py:830} INFO - Processing file /home/airflow/.local/lib/python3.12/site-packages/airflow/example_dags/example_branch_python_dop_operator_3.py for tasks to queue
[2024-06-07T08:00:55.967+0000] {logging_mixin.py:188} INFO - [2024-06-07T08:00:55.966+0000] {dagbag.py:545} INFO - Filling up the DagBag from /home/airflow/.local/lib/python3.12/site-packages/airflow/example_dags/example_branch_python_dop_operator_3.py
[2024-06-07T08:00:55.991+0000] {processor.py:840} INFO - DAG(s) 'example_branch_dop_operator_v3' retrieved from /home/airflow/.local/lib/python3.12/site-packages/airflow/example_dags/example_branch_python_dop_operator_3.py
[2024-06-07T08:00:56.029+0000] {logging_mixin.py:188} INFO - [2024-06-07T08:00:56.028+0000] {dag.py:3096} INFO - Sync 1 DAGs
[2024-06-07T08:00:56.127+0000] {logging_mixin.py:188} INFO - [2024-06-07T08:00:56.127+0000] {dag.py:3954} INFO - Setting next_dagrun for example_branch_dop_operator_v3 to 2024-06-07 07:59:00+00:00, run_after=2024-06-07 08:00:00+00:00
[2024-06-07T08:00:56.727+0000] {processor.py:183} INFO - Processing /home/airflow/.local/lib/python3.12/site-packages/airflow/example_dags/example_branch_python_dop_operator_3.py took 0.781 seconds
[2024-06-07T08:01:31.584+0000] {processor.py:161} INFO - Started process (PID=685) to work on /home/airflow/.local/lib/python3.12/site-packages/airflow/example_dags/example_branch_python_dop_operator_3.py
[2024-06-07T08:01:31.597+0000] {processor.py:830} INFO - Processing file /home/airflow/.local/lib/python3.12/site-packages/airflow/example_dags/example_branch_python_dop_operator_3.py for tasks to queue
[2024-06-07T08:01:31.614+0000] {logging_mixin.py:188} INFO - [2024-06-07T08:01:31.612+0000] {dagbag.py:545} INFO - Filling up the DagBag from /home/airflow/.local/lib/python3.12/site-packages/airflow/example_dags/example_branch_python_dop_operator_3.py
[2024-06-07T08:01:31.706+0000] {processor.py:840} INFO - DAG(s) 'example_branch_dop_operator_v3' retrieved from /home/airflow/.local/lib/python3.12/site-packages/airflow/example_dags/example_branch_python_dop_operator_3.py
[2024-06-07T08:01:31.991+0000] {logging_mixin.py:188} INFO - [2024-06-07T08:01:31.990+0000] {dag.py:3096} INFO - Sync 1 DAGs
[2024-06-07T08:01:32.579+0000] {logging_mixin.py:188} INFO - [2024-06-07T08:01:32.578+0000] {dag.py:3954} INFO - Setting next_dagrun for example_branch_dop_operator_v3 to 2024-06-07 08:00:00+00:00, run_after=2024-06-07 08:01:00+00:00
[2024-06-07T08:01:32.910+0000] {processor.py:183} INFO - Processing /home/airflow/.local/lib/python3.12/site-packages/airflow/example_dags/example_branch_python_dop_operator_3.py took 1.379 seconds
[2024-06-07T08:02:29.346+0000] {processor.py:161} INFO - Started process (PID=742) to work on /home/airflow/.local/lib/python3.12/site-packages/airflow/example_dags/example_branch_python_dop_operator_3.py
[2024-06-07T08:02:29.348+0000] {processor.py:830} INFO - Processing file /home/airflow/.local/lib/python3.12/site-packages/airflow/example_dags/example_branch_python_dop_operator_3.py for tasks to queue
[2024-06-07T08:02:29.360+0000] {logging_mixin.py:188} INFO - [2024-06-07T08:02:29.359+0000] {dagbag.py:545} INFO - Filling up the DagBag from /home/airflow/.local/lib/python3.12/site-packages/airflow/example_dags/example_branch_python_dop_operator_3.py
[2024-06-07T08:02:29.419+0000] {processor.py:840} INFO - DAG(s) 'example_branch_dop_operator_v3' retrieved from /home/airflow/.local/lib/python3.12/site-packages/airflow/example_dags/example_branch_python_dop_operator_3.py
[2024-06-07T08:02:29.969+0000] {logging_mixin.py:188} INFO - [2024-06-07T08:02:29.963+0000] {dag.py:3096} INFO - Sync 1 DAGs
[2024-06-07T08:02:30.184+0000] {logging_mixin.py:188} INFO - [2024-06-07T08:02:30.183+0000] {dag.py:3954} INFO - Setting next_dagrun for example_branch_dop_operator_v3 to 2024-06-07 08:01:00+00:00, run_after=2024-06-07 08:02:00+00:00
[2024-06-07T08:02:30.406+0000] {processor.py:183} INFO - Processing /home/airflow/.local/lib/python3.12/site-packages/airflow/example_dags/example_branch_python_dop_operator_3.py took 1.115 seconds
[2024-06-07T08:03:00.820+0000] {processor.py:161} INFO - Started process (PID=802) to work on /home/airflow/.local/lib/python3.12/site-packages/airflow/example_dags/example_branch_python_dop_operator_3.py
[2024-06-07T08:03:00.822+0000] {processor.py:830} INFO - Processing file /home/airflow/.local/lib/python3.12/site-packages/airflow/example_dags/example_branch_python_dop_operator_3.py for tasks to queue
[2024-06-07T08:03:00.827+0000] {logging_mixin.py:188} INFO - [2024-06-07T08:03:00.826+0000] {dagbag.py:545} INFO - Filling up the DagBag from /home/airflow/.local/lib/python3.12/site-packages/airflow/example_dags/example_branch_python_dop_operator_3.py
[2024-06-07T08:03:00.851+0000] {processor.py:840} INFO - DAG(s) 'example_branch_dop_operator_v3' retrieved from /home/airflow/.local/lib/python3.12/site-packages/airflow/example_dags/example_branch_python_dop_operator_3.py
[2024-06-07T08:03:00.947+0000] {logging_mixin.py:188} INFO - [2024-06-07T08:03:00.946+0000] {dag.py:3096} INFO - Sync 1 DAGs
[2024-06-07T08:03:01.024+0000] {logging_mixin.py:188} INFO - [2024-06-07T08:03:01.023+0000] {dag.py:3954} INFO - Setting next_dagrun for example_branch_dop_operator_v3 to 2024-06-07 08:02:00+00:00, run_after=2024-06-07 08:03:00+00:00
[2024-06-07T08:03:01.114+0000] {processor.py:183} INFO - Processing /home/airflow/.local/lib/python3.12/site-packages/airflow/example_dags/example_branch_python_dop_operator_3.py took 0.313 seconds
[2024-06-07T08:03:32.924+0000] {processor.py:161} INFO - Started process (PID=860) to work on /home/airflow/.local/lib/python3.12/site-packages/airflow/example_dags/example_branch_python_dop_operator_3.py
[2024-06-07T08:03:32.938+0000] {processor.py:830} INFO - Processing file /home/airflow/.local/lib/python3.12/site-packages/airflow/example_dags/example_branch_python_dop_operator_3.py for tasks to queue
[2024-06-07T08:03:32.950+0000] {logging_mixin.py:188} INFO - [2024-06-07T08:03:32.949+0000] {dagbag.py:545} INFO - Filling up the DagBag from /home/airflow/.local/lib/python3.12/site-packages/airflow/example_dags/example_branch_python_dop_operator_3.py
[2024-06-07T08:03:33.009+0000] {processor.py:840} INFO - DAG(s) 'example_branch_dop_operator_v3' retrieved from /home/airflow/.local/lib/python3.12/site-packages/airflow/example_dags/example_branch_python_dop_operator_3.py
[2024-06-07T08:03:33.110+0000] {logging_mixin.py:188} INFO - [2024-06-07T08:03:33.109+0000] {dag.py:3096} INFO - Sync 1 DAGs
[2024-06-07T08:03:33.212+0000] {logging_mixin.py:188} INFO - [2024-06-07T08:03:33.212+0000] {dag.py:3954} INFO - Setting next_dagrun for example_branch_dop_operator_v3 to 2024-06-07 08:02:00+00:00, run_after=2024-06-07 08:03:00+00:00
[2024-06-07T08:03:33.380+0000] {processor.py:183} INFO - Processing /home/airflow/.local/lib/python3.12/site-packages/airflow/example_dags/example_branch_python_dop_operator_3.py took 0.501 seconds
[2024-06-07T08:04:05.851+0000] {processor.py:161} INFO - Started process (PID=918) to work on /home/airflow/.local/lib/python3.12/site-packages/airflow/example_dags/example_branch_python_dop_operator_3.py
[2024-06-07T08:04:05.853+0000] {processor.py:830} INFO - Processing file /home/airflow/.local/lib/python3.12/site-packages/airflow/example_dags/example_branch_python_dop_operator_3.py for tasks to queue
[2024-06-07T08:04:05.858+0000] {logging_mixin.py:188} INFO - [2024-06-07T08:04:05.857+0000] {dagbag.py:545} INFO - Filling up the DagBag from /home/airflow/.local/lib/python3.12/site-packages/airflow/example_dags/example_branch_python_dop_operator_3.py
[2024-06-07T08:04:05.880+0000] {processor.py:840} INFO - DAG(s) 'example_branch_dop_operator_v3' retrieved from /home/airflow/.local/lib/python3.12/site-packages/airflow/example_dags/example_branch_python_dop_operator_3.py
[2024-06-07T08:04:05.934+0000] {logging_mixin.py:188} INFO - [2024-06-07T08:04:05.934+0000] {dag.py:3096} INFO - Sync 1 DAGs
[2024-06-07T08:04:06.002+0000] {logging_mixin.py:188} INFO - [2024-06-07T08:04:06.001+0000] {dag.py:3954} INFO - Setting next_dagrun for example_branch_dop_operator_v3 to 2024-06-07 08:03:00+00:00, run_after=2024-06-07 08:04:00+00:00
[2024-06-07T08:04:06.098+0000] {processor.py:183} INFO - Processing /home/airflow/.local/lib/python3.12/site-packages/airflow/example_dags/example_branch_python_dop_operator_3.py took 0.263 seconds
[2024-06-07T08:04:39.320+0000] {processor.py:161} INFO - Started process (PID=976) to work on /home/airflow/.local/lib/python3.12/site-packages/airflow/example_dags/example_branch_python_dop_operator_3.py
[2024-06-07T08:04:39.323+0000] {processor.py:830} INFO - Processing file /home/airflow/.local/lib/python3.12/site-packages/airflow/example_dags/example_branch_python_dop_operator_3.py for tasks to queue
[2024-06-07T08:04:39.329+0000] {logging_mixin.py:188} INFO - [2024-06-07T08:04:39.328+0000] {dagbag.py:545} INFO - Filling up the DagBag from /home/airflow/.local/lib/python3.12/site-packages/airflow/example_dags/example_branch_python_dop_operator_3.py
[2024-06-07T08:04:39.363+0000] {processor.py:840} INFO - DAG(s) 'example_branch_dop_operator_v3' retrieved from /home/airflow/.local/lib/python3.12/site-packages/airflow/example_dags/example_branch_python_dop_operator_3.py
[2024-06-07T08:04:39.489+0000] {logging_mixin.py:188} INFO - [2024-06-07T08:04:39.488+0000] {dag.py:3096} INFO - Sync 1 DAGs
[2024-06-07T08:04:39.666+0000] {logging_mixin.py:188} INFO - [2024-06-07T08:04:39.665+0000] {dag.py:3954} INFO - Setting next_dagrun for example_branch_dop_operator_v3 to 2024-06-07 08:03:00+00:00, run_after=2024-06-07 08:04:00+00:00
[2024-06-07T08:04:39.858+0000] {processor.py:183} INFO - Processing /home/airflow/.local/lib/python3.12/site-packages/airflow/example_dags/example_branch_python_dop_operator_3.py took 0.568 seconds
[2024-06-07T08:05:14.241+0000] {processor.py:161} INFO - Started process (PID=1036) to work on /home/airflow/.local/lib/python3.12/site-packages/airflow/example_dags/example_branch_python_dop_operator_3.py
[2024-06-07T08:05:14.243+0000] {processor.py:830} INFO - Processing file /home/airflow/.local/lib/python3.12/site-packages/airflow/example_dags/example_branch_python_dop_operator_3.py for tasks to queue
[2024-06-07T08:05:14.248+0000] {logging_mixin.py:188} INFO - [2024-06-07T08:05:14.247+0000] {dagbag.py:545} INFO - Filling up the DagBag from /home/airflow/.local/lib/python3.12/site-packages/airflow/example_dags/example_branch_python_dop_operator_3.py
[2024-06-07T08:05:14.273+0000] {processor.py:840} INFO - DAG(s) 'example_branch_dop_operator_v3' retrieved from /home/airflow/.local/lib/python3.12/site-packages/airflow/example_dags/example_branch_python_dop_operator_3.py
[2024-06-07T08:05:14.334+0000] {logging_mixin.py:188} INFO - [2024-06-07T08:05:14.334+0000] {dag.py:3096} INFO - Sync 1 DAGs
[2024-06-07T08:05:14.425+0000] {logging_mixin.py:188} INFO - [2024-06-07T08:05:14.424+0000] {dag.py:3954} INFO - Setting next_dagrun for example_branch_dop_operator_v3 to 2024-06-07 08:04:00+00:00, run_after=2024-06-07 08:05:00+00:00
[2024-06-07T08:05:14.626+0000] {processor.py:183} INFO - Processing /home/airflow/.local/lib/python3.12/site-packages/airflow/example_dags/example_branch_python_dop_operator_3.py took 0.401 seconds
[2024-06-07T08:05:44.819+0000] {processor.py:161} INFO - Started process (PID=1092) to work on /home/airflow/.local/lib/python3.12/site-packages/airflow/example_dags/example_branch_python_dop_operator_3.py
[2024-06-07T08:05:44.821+0000] {processor.py:830} INFO - Processing file /home/airflow/.local/lib/python3.12/site-packages/airflow/example_dags/example_branch_python_dop_operator_3.py for tasks to queue
[2024-06-07T08:05:44.835+0000] {logging_mixin.py:188} INFO - [2024-06-07T08:05:44.834+0000] {dagbag.py:545} INFO - Filling up the DagBag from /home/airflow/.local/lib/python3.12/site-packages/airflow/example_dags/example_branch_python_dop_operator_3.py
[2024-06-07T08:05:44.910+0000] {processor.py:840} INFO - DAG(s) 'example_branch_dop_operator_v3' retrieved from /home/airflow/.local/lib/python3.12/site-packages/airflow/example_dags/example_branch_python_dop_operator_3.py
[2024-06-07T08:05:45.041+0000] {logging_mixin.py:188} INFO - [2024-06-07T08:05:45.041+0000] {dag.py:3096} INFO - Sync 1 DAGs
[2024-06-07T08:05:45.152+0000] {logging_mixin.py:188} INFO - [2024-06-07T08:05:45.151+0000] {dag.py:3954} INFO - Setting next_dagrun for example_branch_dop_operator_v3 to 2024-06-07 08:04:00+00:00, run_after=2024-06-07 08:05:00+00:00
[2024-06-07T08:05:45.400+0000] {processor.py:183} INFO - Processing /home/airflow/.local/lib/python3.12/site-packages/airflow/example_dags/example_branch_python_dop_operator_3.py took 0.601 seconds
[2024-06-07T08:06:15.803+0000] {processor.py:161} INFO - Started process (PID=1155) to work on /home/airflow/.local/lib/python3.12/site-packages/airflow/example_dags/example_branch_python_dop_operator_3.py
[2024-06-07T08:06:15.806+0000] {processor.py:830} INFO - Processing file /home/airflow/.local/lib/python3.12/site-packages/airflow/example_dags/example_branch_python_dop_operator_3.py for tasks to queue
[2024-06-07T08:06:15.812+0000] {logging_mixin.py:188} INFO - [2024-06-07T08:06:15.811+0000] {dagbag.py:545} INFO - Filling up the DagBag from /home/airflow/.local/lib/python3.12/site-packages/airflow/example_dags/example_branch_python_dop_operator_3.py
[2024-06-07T08:06:15.833+0000] {processor.py:840} INFO - DAG(s) 'example_branch_dop_operator_v3' retrieved from /home/airflow/.local/lib/python3.12/site-packages/airflow/example_dags/example_branch_python_dop_operator_3.py
[2024-06-07T08:06:15.880+0000] {logging_mixin.py:188} INFO - [2024-06-07T08:06:15.880+0000] {dag.py:3096} INFO - Sync 1 DAGs
[2024-06-07T08:06:15.959+0000] {logging_mixin.py:188} INFO - [2024-06-07T08:06:15.958+0000] {dag.py:3954} INFO - Setting next_dagrun for example_branch_dop_operator_v3 to 2024-06-07 08:05:00+00:00, run_after=2024-06-07 08:06:00+00:00
[2024-06-07T08:06:16.126+0000] {processor.py:183} INFO - Processing /home/airflow/.local/lib/python3.12/site-packages/airflow/example_dags/example_branch_python_dop_operator_3.py took 0.338 seconds
[2024-06-07T08:07:03.645+0000] {processor.py:161} INFO - Started process (PID=1224) to work on /home/airflow/.local/lib/python3.12/site-packages/airflow/example_dags/example_branch_python_dop_operator_3.py
[2024-06-07T08:07:03.647+0000] {processor.py:830} INFO - Processing file /home/airflow/.local/lib/python3.12/site-packages/airflow/example_dags/example_branch_python_dop_operator_3.py for tasks to queue
[2024-06-07T08:07:03.654+0000] {logging_mixin.py:188} INFO - [2024-06-07T08:07:03.653+0000] {dagbag.py:545} INFO - Filling up the DagBag from /home/airflow/.local/lib/python3.12/site-packages/airflow/example_dags/example_branch_python_dop_operator_3.py
[2024-06-07T08:07:03.678+0000] {processor.py:840} INFO - DAG(s) 'example_branch_dop_operator_v3' retrieved from /home/airflow/.local/lib/python3.12/site-packages/airflow/example_dags/example_branch_python_dop_operator_3.py
[2024-06-07T08:07:03.738+0000] {logging_mixin.py:188} INFO - [2024-06-07T08:07:03.737+0000] {dag.py:3096} INFO - Sync 1 DAGs
[2024-06-07T08:07:03.907+0000] {logging_mixin.py:188} INFO - [2024-06-07T08:07:03.906+0000] {dag.py:3954} INFO - Setting next_dagrun for example_branch_dop_operator_v3 to 2024-06-07 08:06:00+00:00, run_after=2024-06-07 08:07:00+00:00
[2024-06-07T08:07:04.206+0000] {processor.py:183} INFO - Processing /home/airflow/.local/lib/python3.12/site-packages/airflow/example_dags/example_branch_python_dop_operator_3.py took 0.577 seconds
[2024-06-07T08:07:53.455+0000] {processor.py:161} INFO - Started process (PID=1281) to work on /home/airflow/.local/lib/python3.12/site-packages/airflow/example_dags/example_branch_python_dop_operator_3.py
[2024-06-07T08:07:53.470+0000] {processor.py:830} INFO - Processing file /home/airflow/.local/lib/python3.12/site-packages/airflow/example_dags/example_branch_python_dop_operator_3.py for tasks to queue
[2024-06-07T08:07:53.494+0000] {logging_mixin.py:188} INFO - [2024-06-07T08:07:53.489+0000] {dagbag.py:545} INFO - Filling up the DagBag from /home/airflow/.local/lib/python3.12/site-packages/airflow/example_dags/example_branch_python_dop_operator_3.py
[2024-06-07T08:07:53.594+0000] {processor.py:840} INFO - DAG(s) 'example_branch_dop_operator_v3' retrieved from /home/airflow/.local/lib/python3.12/site-packages/airflow/example_dags/example_branch_python_dop_operator_3.py
[2024-06-07T08:07:53.917+0000] {logging_mixin.py:188} INFO - [2024-06-07T08:07:53.917+0000] {dag.py:3096} INFO - Sync 1 DAGs
[2024-06-07T08:07:54.331+0000] {logging_mixin.py:188} INFO - [2024-06-07T08:07:54.330+0000] {dag.py:3954} INFO - Setting next_dagrun for example_branch_dop_operator_v3 to 2024-06-07 08:06:00+00:00, run_after=2024-06-07 08:07:00+00:00
[2024-06-07T08:07:54.855+0000] {processor.py:183} INFO - Processing /home/airflow/.local/lib/python3.12/site-packages/airflow/example_dags/example_branch_python_dop_operator_3.py took 1.529 seconds
[2024-06-07T08:08:36.224+0000] {processor.py:161} INFO - Started process (PID=1343) to work on /home/airflow/.local/lib/python3.12/site-packages/airflow/example_dags/example_branch_python_dop_operator_3.py
[2024-06-07T08:08:36.228+0000] {processor.py:830} INFO - Processing file /home/airflow/.local/lib/python3.12/site-packages/airflow/example_dags/example_branch_python_dop_operator_3.py for tasks to queue
[2024-06-07T08:08:36.236+0000] {logging_mixin.py:188} INFO - [2024-06-07T08:08:36.235+0000] {dagbag.py:545} INFO - Filling up the DagBag from /home/airflow/.local/lib/python3.12/site-packages/airflow/example_dags/example_branch_python_dop_operator_3.py
[2024-06-07T08:08:36.276+0000] {processor.py:840} INFO - DAG(s) 'example_branch_dop_operator_v3' retrieved from /home/airflow/.local/lib/python3.12/site-packages/airflow/example_dags/example_branch_python_dop_operator_3.py
[2024-06-07T08:08:36.466+0000] {logging_mixin.py:188} INFO - [2024-06-07T08:08:36.465+0000] {dag.py:3096} INFO - Sync 1 DAGs
[2024-06-07T08:08:36.977+0000] {logging_mixin.py:188} INFO - [2024-06-07T08:08:36.977+0000] {dag.py:3954} INFO - Setting next_dagrun for example_branch_dop_operator_v3 to 2024-06-07 08:07:00+00:00, run_after=2024-06-07 08:08:00+00:00
[2024-06-07T08:08:37.335+0000] {processor.py:183} INFO - Processing /home/airflow/.local/lib/python3.12/site-packages/airflow/example_dags/example_branch_python_dop_operator_3.py took 1.140 seconds
[2024-06-07T08:13:14.913+0000] {processor.py:161} INFO - Started process (PID=1448) to work on /home/airflow/.local/lib/python3.12/site-packages/airflow/example_dags/example_branch_python_dop_operator_3.py
[2024-06-07T08:13:15.078+0000] {processor.py:830} INFO - Processing file /home/airflow/.local/lib/python3.12/site-packages/airflow/example_dags/example_branch_python_dop_operator_3.py for tasks to queue
[2024-06-07T08:13:15.081+0000] {logging_mixin.py:188} INFO - [2024-06-07T08:13:15.080+0000] {dagbag.py:545} INFO - Filling up the DagBag from /home/airflow/.local/lib/python3.12/site-packages/airflow/example_dags/example_branch_python_dop_operator_3.py
[2024-06-07T08:13:15.103+0000] {processor.py:840} INFO - DAG(s) 'example_branch_dop_operator_v3' retrieved from /home/airflow/.local/lib/python3.12/site-packages/airflow/example_dags/example_branch_python_dop_operator_3.py
[2024-06-07T08:13:15.765+0000] {logging_mixin.py:188} INFO - [2024-06-07T08:13:15.764+0000] {dag.py:3096} INFO - Sync 1 DAGs
[2024-06-07T08:13:15.855+0000] {logging_mixin.py:188} INFO - [2024-06-07T08:13:15.855+0000] {dag.py:3954} INFO - Setting next_dagrun for example_branch_dop_operator_v3 to 2024-06-07 08:12:00+00:00, run_after=2024-06-07 08:13:00+00:00
[2024-06-07T08:13:16.307+0000] {processor.py:183} INFO - Processing /home/airflow/.local/lib/python3.12/site-packages/airflow/example_dags/example_branch_python_dop_operator_3.py took 1.407 seconds
[2024-06-07T08:13:52.181+0000] {processor.py:161} INFO - Started process (PID=1508) to work on /home/airflow/.local/lib/python3.12/site-packages/airflow/example_dags/example_branch_python_dop_operator_3.py
[2024-06-07T08:13:52.183+0000] {processor.py:830} INFO - Processing file /home/airflow/.local/lib/python3.12/site-packages/airflow/example_dags/example_branch_python_dop_operator_3.py for tasks to queue
[2024-06-07T08:13:52.187+0000] {logging_mixin.py:188} INFO - [2024-06-07T08:13:52.186+0000] {dagbag.py:545} INFO - Filling up the DagBag from /home/airflow/.local/lib/python3.12/site-packages/airflow/example_dags/example_branch_python_dop_operator_3.py
[2024-06-07T08:13:52.209+0000] {processor.py:840} INFO - DAG(s) 'example_branch_dop_operator_v3' retrieved from /home/airflow/.local/lib/python3.12/site-packages/airflow/example_dags/example_branch_python_dop_operator_3.py
[2024-06-07T08:13:52.269+0000] {logging_mixin.py:188} INFO - [2024-06-07T08:13:52.269+0000] {dag.py:3096} INFO - Sync 1 DAGs
[2024-06-07T08:13:52.402+0000] {logging_mixin.py:188} INFO - [2024-06-07T08:13:52.400+0000] {dag.py:3954} INFO - Setting next_dagrun for example_branch_dop_operator_v3 to 2024-06-07 08:12:00+00:00, run_after=2024-06-07 08:13:00+00:00
[2024-06-07T08:13:52.690+0000] {processor.py:183} INFO - Processing /home/airflow/.local/lib/python3.12/site-packages/airflow/example_dags/example_branch_python_dop_operator_3.py took 0.520 seconds
[2024-06-07T08:14:23.863+0000] {processor.py:161} INFO - Started process (PID=1565) to work on /home/airflow/.local/lib/python3.12/site-packages/airflow/example_dags/example_branch_python_dop_operator_3.py
[2024-06-07T08:14:23.871+0000] {processor.py:830} INFO - Processing file /home/airflow/.local/lib/python3.12/site-packages/airflow/example_dags/example_branch_python_dop_operator_3.py for tasks to queue
[2024-06-07T08:14:23.881+0000] {logging_mixin.py:188} INFO - [2024-06-07T08:14:23.880+0000] {dagbag.py:545} INFO - Filling up the DagBag from /home/airflow/.local/lib/python3.12/site-packages/airflow/example_dags/example_branch_python_dop_operator_3.py
[2024-06-07T08:14:23.923+0000] {processor.py:840} INFO - DAG(s) 'example_branch_dop_operator_v3' retrieved from /home/airflow/.local/lib/python3.12/site-packages/airflow/example_dags/example_branch_python_dop_operator_3.py
[2024-06-07T08:14:24.018+0000] {logging_mixin.py:188} INFO - [2024-06-07T08:14:24.017+0000] {dag.py:3096} INFO - Sync 1 DAGs
[2024-06-07T08:14:24.153+0000] {logging_mixin.py:188} INFO - [2024-06-07T08:14:24.152+0000] {dag.py:3954} INFO - Setting next_dagrun for example_branch_dop_operator_v3 to 2024-06-07 08:13:00+00:00, run_after=2024-06-07 08:14:00+00:00
[2024-06-07T08:14:24.697+0000] {processor.py:183} INFO - Processing /home/airflow/.local/lib/python3.12/site-packages/airflow/example_dags/example_branch_python_dop_operator_3.py took 0.854 seconds
[2024-06-07T08:14:56.694+0000] {processor.py:161} INFO - Started process (PID=1623) to work on /home/airflow/.local/lib/python3.12/site-packages/airflow/example_dags/example_branch_python_dop_operator_3.py
[2024-06-07T08:14:56.696+0000] {processor.py:830} INFO - Processing file /home/airflow/.local/lib/python3.12/site-packages/airflow/example_dags/example_branch_python_dop_operator_3.py for tasks to queue
[2024-06-07T08:14:56.698+0000] {logging_mixin.py:188} INFO - [2024-06-07T08:14:56.698+0000] {dagbag.py:545} INFO - Filling up the DagBag from /home/airflow/.local/lib/python3.12/site-packages/airflow/example_dags/example_branch_python_dop_operator_3.py
[2024-06-07T08:14:56.716+0000] {processor.py:840} INFO - DAG(s) 'example_branch_dop_operator_v3' retrieved from /home/airflow/.local/lib/python3.12/site-packages/airflow/example_dags/example_branch_python_dop_operator_3.py
[2024-06-07T08:14:56.777+0000] {logging_mixin.py:188} INFO - [2024-06-07T08:14:56.777+0000] {dag.py:3096} INFO - Sync 1 DAGs
[2024-06-07T08:14:57.094+0000] {logging_mixin.py:188} INFO - [2024-06-07T08:14:57.094+0000] {dag.py:3954} INFO - Setting next_dagrun for example_branch_dop_operator_v3 to 2024-06-07 08:13:00+00:00, run_after=2024-06-07 08:14:00+00:00
[2024-06-07T08:14:57.800+0000] {processor.py:183} INFO - Processing /home/airflow/.local/lib/python3.12/site-packages/airflow/example_dags/example_branch_python_dop_operator_3.py took 1.122 seconds
[2024-06-07T08:15:39.677+0000] {processor.py:161} INFO - Started process (PID=1692) to work on /home/airflow/.local/lib/python3.12/site-packages/airflow/example_dags/example_branch_python_dop_operator_3.py
[2024-06-07T08:15:39.682+0000] {processor.py:830} INFO - Processing file /home/airflow/.local/lib/python3.12/site-packages/airflow/example_dags/example_branch_python_dop_operator_3.py for tasks to queue
[2024-06-07T08:15:39.685+0000] {logging_mixin.py:188} INFO - [2024-06-07T08:15:39.684+0000] {dagbag.py:545} INFO - Filling up the DagBag from /home/airflow/.local/lib/python3.12/site-packages/airflow/example_dags/example_branch_python_dop_operator_3.py
[2024-06-07T08:15:39.754+0000] {processor.py:840} INFO - DAG(s) 'example_branch_dop_operator_v3' retrieved from /home/airflow/.local/lib/python3.12/site-packages/airflow/example_dags/example_branch_python_dop_operator_3.py
[2024-06-07T08:15:40.012+0000] {logging_mixin.py:188} INFO - [2024-06-07T08:15:39.996+0000] {dag.py:3096} INFO - Sync 1 DAGs
[2024-06-07T08:15:40.533+0000] {logging_mixin.py:188} INFO - [2024-06-07T08:15:40.532+0000] {dag.py:3954} INFO - Setting next_dagrun for example_branch_dop_operator_v3 to 2024-06-07 08:14:00+00:00, run_after=2024-06-07 08:15:00+00:00
[2024-06-07T08:15:41.077+0000] {processor.py:183} INFO - Processing /home/airflow/.local/lib/python3.12/site-packages/airflow/example_dags/example_branch_python_dop_operator_3.py took 1.436 seconds
[2024-06-07T08:16:11.271+0000] {processor.py:161} INFO - Started process (PID=1750) to work on /home/airflow/.local/lib/python3.12/site-packages/airflow/example_dags/example_branch_python_dop_operator_3.py
[2024-06-07T08:16:11.273+0000] {processor.py:830} INFO - Processing file /home/airflow/.local/lib/python3.12/site-packages/airflow/example_dags/example_branch_python_dop_operator_3.py for tasks to queue
[2024-06-07T08:16:11.285+0000] {logging_mixin.py:188} INFO - [2024-06-07T08:16:11.276+0000] {dagbag.py:545} INFO - Filling up the DagBag from /home/airflow/.local/lib/python3.12/site-packages/airflow/example_dags/example_branch_python_dop_operator_3.py
[2024-06-07T08:16:11.340+0000] {processor.py:840} INFO - DAG(s) 'example_branch_dop_operator_v3' retrieved from /home/airflow/.local/lib/python3.12/site-packages/airflow/example_dags/example_branch_python_dop_operator_3.py
[2024-06-07T08:16:11.476+0000] {logging_mixin.py:188} INFO - [2024-06-07T08:16:11.476+0000] {dag.py:3096} INFO - Sync 1 DAGs
[2024-06-07T08:16:11.676+0000] {logging_mixin.py:188} INFO - [2024-06-07T08:16:11.676+0000] {dag.py:3954} INFO - Setting next_dagrun for example_branch_dop_operator_v3 to 2024-06-07 08:15:00+00:00, run_after=2024-06-07 08:16:00+00:00
[2024-06-07T08:16:11.818+0000] {processor.py:183} INFO - Processing /home/airflow/.local/lib/python3.12/site-packages/airflow/example_dags/example_branch_python_dop_operator_3.py took 0.577 seconds
[2024-06-07T08:16:44.795+0000] {processor.py:161} INFO - Started process (PID=1809) to work on /home/airflow/.local/lib/python3.12/site-packages/airflow/example_dags/example_branch_python_dop_operator_3.py
[2024-06-07T08:16:44.797+0000] {processor.py:830} INFO - Processing file /home/airflow/.local/lib/python3.12/site-packages/airflow/example_dags/example_branch_python_dop_operator_3.py for tasks to queue
[2024-06-07T08:16:44.801+0000] {logging_mixin.py:188} INFO - [2024-06-07T08:16:44.798+0000] {dagbag.py:545} INFO - Filling up the DagBag from /home/airflow/.local/lib/python3.12/site-packages/airflow/example_dags/example_branch_python_dop_operator_3.py
[2024-06-07T08:16:44.854+0000] {processor.py:840} INFO - DAG(s) 'example_branch_dop_operator_v3' retrieved from /home/airflow/.local/lib/python3.12/site-packages/airflow/example_dags/example_branch_python_dop_operator_3.py
[2024-06-07T08:16:44.965+0000] {logging_mixin.py:188} INFO - [2024-06-07T08:16:44.965+0000] {dag.py:3096} INFO - Sync 1 DAGs
[2024-06-07T08:16:45.240+0000] {logging_mixin.py:188} INFO - [2024-06-07T08:16:45.239+0000] {dag.py:3954} INFO - Setting next_dagrun for example_branch_dop_operator_v3 to 2024-06-07 08:15:00+00:00, run_after=2024-06-07 08:16:00+00:00
[2024-06-07T08:16:45.546+0000] {processor.py:183} INFO - Processing /home/airflow/.local/lib/python3.12/site-packages/airflow/example_dags/example_branch_python_dop_operator_3.py took 0.781 seconds
[2024-06-07T08:17:15.977+0000] {processor.py:161} INFO - Started process (PID=1867) to work on /home/airflow/.local/lib/python3.12/site-packages/airflow/example_dags/example_branch_python_dop_operator_3.py
[2024-06-07T08:17:15.981+0000] {processor.py:830} INFO - Processing file /home/airflow/.local/lib/python3.12/site-packages/airflow/example_dags/example_branch_python_dop_operator_3.py for tasks to queue
[2024-06-07T08:17:15.984+0000] {logging_mixin.py:188} INFO - [2024-06-07T08:17:15.982+0000] {dagbag.py:545} INFO - Filling up the DagBag from /home/airflow/.local/lib/python3.12/site-packages/airflow/example_dags/example_branch_python_dop_operator_3.py
[2024-06-07T08:17:16.015+0000] {processor.py:840} INFO - DAG(s) 'example_branch_dop_operator_v3' retrieved from /home/airflow/.local/lib/python3.12/site-packages/airflow/example_dags/example_branch_python_dop_operator_3.py
[2024-06-07T08:17:16.105+0000] {logging_mixin.py:188} INFO - [2024-06-07T08:17:16.105+0000] {dag.py:3096} INFO - Sync 1 DAGs
[2024-06-07T08:17:16.264+0000] {logging_mixin.py:188} INFO - [2024-06-07T08:17:16.263+0000] {dag.py:3954} INFO - Setting next_dagrun for example_branch_dop_operator_v3 to 2024-06-07 08:16:00+00:00, run_after=2024-06-07 08:17:00+00:00
[2024-06-07T08:17:16.421+0000] {processor.py:183} INFO - Processing /home/airflow/.local/lib/python3.12/site-packages/airflow/example_dags/example_branch_python_dop_operator_3.py took 0.465 seconds
[2024-06-07T08:18:02.670+0000] {processor.py:161} INFO - Started process (PID=1945) to work on /home/airflow/.local/lib/python3.12/site-packages/airflow/example_dags/example_branch_python_dop_operator_3.py
[2024-06-07T08:18:02.679+0000] {processor.py:830} INFO - Processing file /home/airflow/.local/lib/python3.12/site-packages/airflow/example_dags/example_branch_python_dop_operator_3.py for tasks to queue
[2024-06-07T08:18:02.697+0000] {logging_mixin.py:188} INFO - [2024-06-07T08:18:02.696+0000] {dagbag.py:545} INFO - Filling up the DagBag from /home/airflow/.local/lib/python3.12/site-packages/airflow/example_dags/example_branch_python_dop_operator_3.py
[2024-06-07T08:18:02.772+0000] {processor.py:840} INFO - DAG(s) 'example_branch_dop_operator_v3' retrieved from /home/airflow/.local/lib/python3.12/site-packages/airflow/example_dags/example_branch_python_dop_operator_3.py
[2024-06-07T08:18:02.855+0000] {logging_mixin.py:188} INFO - [2024-06-07T08:18:02.855+0000] {dag.py:3096} INFO - Sync 1 DAGs
[2024-06-07T08:18:03.169+0000] {logging_mixin.py:188} INFO - [2024-06-07T08:18:03.168+0000] {dag.py:3954} INFO - Setting next_dagrun for example_branch_dop_operator_v3 to 2024-06-07 08:17:00+00:00, run_after=2024-06-07 08:18:00+00:00
[2024-06-07T08:18:03.649+0000] {processor.py:183} INFO - Processing /home/airflow/.local/lib/python3.12/site-packages/airflow/example_dags/example_branch_python_dop_operator_3.py took 1.084 seconds
[2024-06-07T08:18:34.018+0000] {processor.py:161} INFO - Started process (PID=2003) to work on /home/airflow/.local/lib/python3.12/site-packages/airflow/example_dags/example_branch_python_dop_operator_3.py
[2024-06-07T08:18:34.020+0000] {processor.py:830} INFO - Processing file /home/airflow/.local/lib/python3.12/site-packages/airflow/example_dags/example_branch_python_dop_operator_3.py for tasks to queue
[2024-06-07T08:18:34.022+0000] {logging_mixin.py:188} INFO - [2024-06-07T08:18:34.021+0000] {dagbag.py:545} INFO - Filling up the DagBag from /home/airflow/.local/lib/python3.12/site-packages/airflow/example_dags/example_branch_python_dop_operator_3.py
[2024-06-07T08:18:34.048+0000] {processor.py:840} INFO - DAG(s) 'example_branch_dop_operator_v3' retrieved from /home/airflow/.local/lib/python3.12/site-packages/airflow/example_dags/example_branch_python_dop_operator_3.py
[2024-06-07T08:18:34.137+0000] {logging_mixin.py:188} INFO - [2024-06-07T08:18:34.136+0000] {dag.py:3096} INFO - Sync 1 DAGs
[2024-06-07T08:18:34.242+0000] {logging_mixin.py:188} INFO - [2024-06-07T08:18:34.241+0000] {dag.py:3954} INFO - Setting next_dagrun for example_branch_dop_operator_v3 to 2024-06-07 08:17:00+00:00, run_after=2024-06-07 08:18:00+00:00
[2024-06-07T08:18:34.509+0000] {processor.py:183} INFO - Processing /home/airflow/.local/lib/python3.12/site-packages/airflow/example_dags/example_branch_python_dop_operator_3.py took 0.507 seconds
[2024-06-07T08:19:05.176+0000] {processor.py:161} INFO - Started process (PID=2061) to work on /home/airflow/.local/lib/python3.12/site-packages/airflow/example_dags/example_branch_python_dop_operator_3.py
[2024-06-07T08:19:05.178+0000] {processor.py:830} INFO - Processing file /home/airflow/.local/lib/python3.12/site-packages/airflow/example_dags/example_branch_python_dop_operator_3.py for tasks to queue
[2024-06-07T08:19:05.181+0000] {logging_mixin.py:188} INFO - [2024-06-07T08:19:05.180+0000] {dagbag.py:545} INFO - Filling up the DagBag from /home/airflow/.local/lib/python3.12/site-packages/airflow/example_dags/example_branch_python_dop_operator_3.py
[2024-06-07T08:19:05.203+0000] {processor.py:840} INFO - DAG(s) 'example_branch_dop_operator_v3' retrieved from /home/airflow/.local/lib/python3.12/site-packages/airflow/example_dags/example_branch_python_dop_operator_3.py
[2024-06-07T08:19:05.254+0000] {logging_mixin.py:188} INFO - [2024-06-07T08:19:05.253+0000] {dag.py:3096} INFO - Sync 1 DAGs
[2024-06-07T08:19:05.357+0000] {logging_mixin.py:188} INFO - [2024-06-07T08:19:05.357+0000] {dag.py:3954} INFO - Setting next_dagrun for example_branch_dop_operator_v3 to 2024-06-07 08:18:00+00:00, run_after=2024-06-07 08:19:00+00:00
[2024-06-07T08:19:05.822+0000] {processor.py:183} INFO - Processing /home/airflow/.local/lib/python3.12/site-packages/airflow/example_dags/example_branch_python_dop_operator_3.py took 0.661 seconds
[2024-06-07T08:19:39.842+0000] {processor.py:161} INFO - Started process (PID=2121) to work on /home/airflow/.local/lib/python3.12/site-packages/airflow/example_dags/example_branch_python_dop_operator_3.py
[2024-06-07T08:19:39.858+0000] {processor.py:830} INFO - Processing file /home/airflow/.local/lib/python3.12/site-packages/airflow/example_dags/example_branch_python_dop_operator_3.py for tasks to queue
[2024-06-07T08:19:39.865+0000] {logging_mixin.py:188} INFO - [2024-06-07T08:19:39.864+0000] {dagbag.py:545} INFO - Filling up the DagBag from /home/airflow/.local/lib/python3.12/site-packages/airflow/example_dags/example_branch_python_dop_operator_3.py
[2024-06-07T08:19:39.925+0000] {processor.py:840} INFO - DAG(s) 'example_branch_dop_operator_v3' retrieved from /home/airflow/.local/lib/python3.12/site-packages/airflow/example_dags/example_branch_python_dop_operator_3.py
[2024-06-07T08:19:40.057+0000] {logging_mixin.py:188} INFO - [2024-06-07T08:19:40.056+0000] {dag.py:3096} INFO - Sync 1 DAGs
[2024-06-07T08:19:40.181+0000] {logging_mixin.py:188} INFO - [2024-06-07T08:19:40.179+0000] {dag.py:3954} INFO - Setting next_dagrun for example_branch_dop_operator_v3 to 2024-06-07 08:18:00+00:00, run_after=2024-06-07 08:19:00+00:00
[2024-06-07T08:19:40.443+0000] {processor.py:183} INFO - Processing /home/airflow/.local/lib/python3.12/site-packages/airflow/example_dags/example_branch_python_dop_operator_3.py took 0.628 seconds
[2024-06-07T08:20:12.653+0000] {processor.py:161} INFO - Started process (PID=2185) to work on /home/airflow/.local/lib/python3.12/site-packages/airflow/example_dags/example_branch_python_dop_operator_3.py
[2024-06-07T08:20:12.659+0000] {processor.py:830} INFO - Processing file /home/airflow/.local/lib/python3.12/site-packages/airflow/example_dags/example_branch_python_dop_operator_3.py for tasks to queue
[2024-06-07T08:20:12.662+0000] {logging_mixin.py:188} INFO - [2024-06-07T08:20:12.661+0000] {dagbag.py:545} INFO - Filling up the DagBag from /home/airflow/.local/lib/python3.12/site-packages/airflow/example_dags/example_branch_python_dop_operator_3.py
[2024-06-07T08:20:12.689+0000] {processor.py:840} INFO - DAG(s) 'example_branch_dop_operator_v3' retrieved from /home/airflow/.local/lib/python3.12/site-packages/airflow/example_dags/example_branch_python_dop_operator_3.py
[2024-06-07T08:20:12.747+0000] {logging_mixin.py:188} INFO - [2024-06-07T08:20:12.747+0000] {dag.py:3096} INFO - Sync 1 DAGs
[2024-06-07T08:20:12.817+0000] {logging_mixin.py:188} INFO - [2024-06-07T08:20:12.816+0000] {dag.py:3954} INFO - Setting next_dagrun for example_branch_dop_operator_v3 to 2024-06-07 08:19:00+00:00, run_after=2024-06-07 08:20:00+00:00
[2024-06-07T08:20:13.057+0000] {processor.py:183} INFO - Processing /home/airflow/.local/lib/python3.12/site-packages/airflow/example_dags/example_branch_python_dop_operator_3.py took 0.427 seconds
[2024-06-07T08:20:44.444+0000] {processor.py:161} INFO - Started process (PID=2243) to work on /home/airflow/.local/lib/python3.12/site-packages/airflow/example_dags/example_branch_python_dop_operator_3.py
[2024-06-07T08:20:44.457+0000] {processor.py:830} INFO - Processing file /home/airflow/.local/lib/python3.12/site-packages/airflow/example_dags/example_branch_python_dop_operator_3.py for tasks to queue
[2024-06-07T08:20:44.460+0000] {logging_mixin.py:188} INFO - [2024-06-07T08:20:44.459+0000] {dagbag.py:545} INFO - Filling up the DagBag from /home/airflow/.local/lib/python3.12/site-packages/airflow/example_dags/example_branch_python_dop_operator_3.py
[2024-06-07T08:20:44.506+0000] {processor.py:840} INFO - DAG(s) 'example_branch_dop_operator_v3' retrieved from /home/airflow/.local/lib/python3.12/site-packages/airflow/example_dags/example_branch_python_dop_operator_3.py
[2024-06-07T08:20:44.604+0000] {logging_mixin.py:188} INFO - [2024-06-07T08:20:44.603+0000] {dag.py:3096} INFO - Sync 1 DAGs
[2024-06-07T08:20:44.821+0000] {logging_mixin.py:188} INFO - [2024-06-07T08:20:44.820+0000] {dag.py:3954} INFO - Setting next_dagrun for example_branch_dop_operator_v3 to 2024-06-07 08:19:00+00:00, run_after=2024-06-07 08:20:00+00:00
[2024-06-07T08:20:45.085+0000] {processor.py:183} INFO - Processing /home/airflow/.local/lib/python3.12/site-packages/airflow/example_dags/example_branch_python_dop_operator_3.py took 0.661 seconds
[2024-06-07T08:21:15.257+0000] {processor.py:161} INFO - Started process (PID=2301) to work on /home/airflow/.local/lib/python3.12/site-packages/airflow/example_dags/example_branch_python_dop_operator_3.py
[2024-06-07T08:21:15.260+0000] {processor.py:830} INFO - Processing file /home/airflow/.local/lib/python3.12/site-packages/airflow/example_dags/example_branch_python_dop_operator_3.py for tasks to queue
[2024-06-07T08:21:15.263+0000] {logging_mixin.py:188} INFO - [2024-06-07T08:21:15.262+0000] {dagbag.py:545} INFO - Filling up the DagBag from /home/airflow/.local/lib/python3.12/site-packages/airflow/example_dags/example_branch_python_dop_operator_3.py
[2024-06-07T08:21:15.290+0000] {processor.py:840} INFO - DAG(s) 'example_branch_dop_operator_v3' retrieved from /home/airflow/.local/lib/python3.12/site-packages/airflow/example_dags/example_branch_python_dop_operator_3.py
[2024-06-07T08:21:15.356+0000] {logging_mixin.py:188} INFO - [2024-06-07T08:21:15.355+0000] {dag.py:3096} INFO - Sync 1 DAGs
[2024-06-07T08:21:15.427+0000] {logging_mixin.py:188} INFO - [2024-06-07T08:21:15.426+0000] {dag.py:3954} INFO - Setting next_dagrun for example_branch_dop_operator_v3 to 2024-06-07 08:20:00+00:00, run_after=2024-06-07 08:21:00+00:00
[2024-06-07T08:21:15.619+0000] {processor.py:183} INFO - Processing /home/airflow/.local/lib/python3.12/site-packages/airflow/example_dags/example_branch_python_dop_operator_3.py took 0.382 seconds
[2024-06-07T08:21:48.640+0000] {processor.py:161} INFO - Started process (PID=2361) to work on /home/airflow/.local/lib/python3.12/site-packages/airflow/example_dags/example_branch_python_dop_operator_3.py
[2024-06-07T08:21:48.642+0000] {processor.py:830} INFO - Processing file /home/airflow/.local/lib/python3.12/site-packages/airflow/example_dags/example_branch_python_dop_operator_3.py for tasks to queue
[2024-06-07T08:21:48.644+0000] {logging_mixin.py:188} INFO - [2024-06-07T08:21:48.643+0000] {dagbag.py:545} INFO - Filling up the DagBag from /home/airflow/.local/lib/python3.12/site-packages/airflow/example_dags/example_branch_python_dop_operator_3.py
[2024-06-07T08:21:48.660+0000] {processor.py:840} INFO - DAG(s) 'example_branch_dop_operator_v3' retrieved from /home/airflow/.local/lib/python3.12/site-packages/airflow/example_dags/example_branch_python_dop_operator_3.py
[2024-06-07T08:21:48.698+0000] {logging_mixin.py:188} INFO - [2024-06-07T08:21:48.698+0000] {dag.py:3096} INFO - Sync 1 DAGs
[2024-06-07T08:21:48.756+0000] {logging_mixin.py:188} INFO - [2024-06-07T08:21:48.755+0000] {dag.py:3954} INFO - Setting next_dagrun for example_branch_dop_operator_v3 to 2024-06-07 08:20:00+00:00, run_after=2024-06-07 08:21:00+00:00
[2024-06-07T08:21:49.228+0000] {processor.py:183} INFO - Processing /home/airflow/.local/lib/python3.12/site-packages/airflow/example_dags/example_branch_python_dop_operator_3.py took 0.601 seconds
[2024-06-07T08:22:19.503+0000] {processor.py:161} INFO - Started process (PID=2419) to work on /home/airflow/.local/lib/python3.12/site-packages/airflow/example_dags/example_branch_python_dop_operator_3.py
[2024-06-07T08:22:19.504+0000] {processor.py:830} INFO - Processing file /home/airflow/.local/lib/python3.12/site-packages/airflow/example_dags/example_branch_python_dop_operator_3.py for tasks to queue
[2024-06-07T08:22:19.506+0000] {logging_mixin.py:188} INFO - [2024-06-07T08:22:19.506+0000] {dagbag.py:545} INFO - Filling up the DagBag from /home/airflow/.local/lib/python3.12/site-packages/airflow/example_dags/example_branch_python_dop_operator_3.py
[2024-06-07T08:22:19.526+0000] {processor.py:840} INFO - DAG(s) 'example_branch_dop_operator_v3' retrieved from /home/airflow/.local/lib/python3.12/site-packages/airflow/example_dags/example_branch_python_dop_operator_3.py
[2024-06-07T08:22:19.611+0000] {logging_mixin.py:188} INFO - [2024-06-07T08:22:19.610+0000] {dag.py:3096} INFO - Sync 1 DAGs
[2024-06-07T08:22:19.704+0000] {logging_mixin.py:188} INFO - [2024-06-07T08:22:19.704+0000] {dag.py:3954} INFO - Setting next_dagrun for example_branch_dop_operator_v3 to 2024-06-07 08:21:00+00:00, run_after=2024-06-07 08:22:00+00:00
[2024-06-07T08:22:19.883+0000] {processor.py:183} INFO - Processing /home/airflow/.local/lib/python3.12/site-packages/airflow/example_dags/example_branch_python_dop_operator_3.py took 0.398 seconds
[2024-06-07T08:22:52.032+0000] {processor.py:161} INFO - Started process (PID=2479) to work on /home/airflow/.local/lib/python3.12/site-packages/airflow/example_dags/example_branch_python_dop_operator_3.py
[2024-06-07T08:22:52.034+0000] {processor.py:830} INFO - Processing file /home/airflow/.local/lib/python3.12/site-packages/airflow/example_dags/example_branch_python_dop_operator_3.py for tasks to queue
[2024-06-07T08:22:52.037+0000] {logging_mixin.py:188} INFO - [2024-06-07T08:22:52.036+0000] {dagbag.py:545} INFO - Filling up the DagBag from /home/airflow/.local/lib/python3.12/site-packages/airflow/example_dags/example_branch_python_dop_operator_3.py
[2024-06-07T08:22:52.058+0000] {processor.py:840} INFO - DAG(s) 'example_branch_dop_operator_v3' retrieved from /home/airflow/.local/lib/python3.12/site-packages/airflow/example_dags/example_branch_python_dop_operator_3.py
[2024-06-07T08:22:52.099+0000] {logging_mixin.py:188} INFO - [2024-06-07T08:22:52.099+0000] {dag.py:3096} INFO - Sync 1 DAGs
[2024-06-07T08:22:52.151+0000] {logging_mixin.py:188} INFO - [2024-06-07T08:22:52.151+0000] {dag.py:3954} INFO - Setting next_dagrun for example_branch_dop_operator_v3 to 2024-06-07 08:21:00+00:00, run_after=2024-06-07 08:22:00+00:00
[2024-06-07T08:22:52.289+0000] {processor.py:183} INFO - Processing /home/airflow/.local/lib/python3.12/site-packages/airflow/example_dags/example_branch_python_dop_operator_3.py took 0.272 seconds
