[2024-06-07T07:54:49.536+0000] {processor.py:161} INFO - Started process (PID=75) to work on /home/airflow/.local/lib/python3.12/site-packages/airflow/example_dags/example_python_operator.py
[2024-06-07T07:54:49.539+0000] {processor.py:830} INFO - Processing file /home/airflow/.local/lib/python3.12/site-packages/airflow/example_dags/example_python_operator.py for tasks to queue
[2024-06-07T07:54:49.552+0000] {logging_mixin.py:188} INFO - [2024-06-07T07:54:49.551+0000] {dagbag.py:545} INFO - Filling up the DagBag from /home/airflow/.local/lib/python3.12/site-packages/airflow/example_dags/example_python_operator.py
[2024-06-07T07:54:49.635+0000] {processor.py:840} INFO - DAG(s) 'example_python_operator' retrieved from /home/airflow/.local/lib/python3.12/site-packages/airflow/example_dags/example_python_operator.py
[2024-06-07T07:54:50.921+0000] {logging_mixin.py:188} INFO - [2024-06-07T07:54:50.919+0000] {override.py:1829} INFO - Created Permission View: can delete on DAG:example_python_operator
[2024-06-07T07:54:51.299+0000] {logging_mixin.py:188} INFO - [2024-06-07T07:54:51.298+0000] {override.py:1829} INFO - Created Permission View: can read on DAG:example_python_operator
[2024-06-07T07:54:51.468+0000] {logging_mixin.py:188} INFO - [2024-06-07T07:54:51.468+0000] {override.py:1829} INFO - Created Permission View: can edit on DAG:example_python_operator
[2024-06-07T07:54:51.474+0000] {logging_mixin.py:188} INFO - [2024-06-07T07:54:51.474+0000] {dag.py:3096} INFO - Sync 1 DAGs
[2024-06-07T07:54:51.560+0000] {logging_mixin.py:188} INFO - [2024-06-07T07:54:51.557+0000] {dag.py:3118} INFO - Creating ORM DAG for example_python_operator
[2024-06-07T07:54:51.563+0000] {logging_mixin.py:188} INFO - [2024-06-07T07:54:51.562+0000] {dag.py:3954} INFO - Setting next_dagrun for example_python_operator to None, run_after=None
[2024-06-07T07:54:51.947+0000] {processor.py:183} INFO - Processing /home/airflow/.local/lib/python3.12/site-packages/airflow/example_dags/example_python_operator.py took 2.447 seconds
[2024-06-07T07:55:35.195+0000] {processor.py:161} INFO - Started process (PID=132) to work on /home/airflow/.local/lib/python3.12/site-packages/airflow/example_dags/example_python_operator.py
[2024-06-07T07:55:35.196+0000] {processor.py:830} INFO - Processing file /home/airflow/.local/lib/python3.12/site-packages/airflow/example_dags/example_python_operator.py for tasks to queue
[2024-06-07T07:55:35.200+0000] {logging_mixin.py:188} INFO - [2024-06-07T07:55:35.199+0000] {dagbag.py:545} INFO - Filling up the DagBag from /home/airflow/.local/lib/python3.12/site-packages/airflow/example_dags/example_python_operator.py
[2024-06-07T07:55:35.220+0000] {processor.py:840} INFO - DAG(s) 'example_python_operator' retrieved from /home/airflow/.local/lib/python3.12/site-packages/airflow/example_dags/example_python_operator.py
[2024-06-07T07:55:35.262+0000] {logging_mixin.py:188} INFO - [2024-06-07T07:55:35.262+0000] {dag.py:3096} INFO - Sync 1 DAGs
[2024-06-07T07:55:35.289+0000] {logging_mixin.py:188} INFO - [2024-06-07T07:55:35.289+0000] {dag.py:3954} INFO - Setting next_dagrun for example_python_operator to None, run_after=None
[2024-06-07T07:55:35.631+0000] {processor.py:183} INFO - Processing /home/airflow/.local/lib/python3.12/site-packages/airflow/example_dags/example_python_operator.py took 0.447 seconds
[2024-06-07T07:56:07.642+0000] {processor.py:161} INFO - Started process (PID=190) to work on /home/airflow/.local/lib/python3.12/site-packages/airflow/example_dags/example_python_operator.py
[2024-06-07T07:56:07.644+0000] {processor.py:830} INFO - Processing file /home/airflow/.local/lib/python3.12/site-packages/airflow/example_dags/example_python_operator.py for tasks to queue
[2024-06-07T07:56:07.647+0000] {logging_mixin.py:188} INFO - [2024-06-07T07:56:07.647+0000] {dagbag.py:545} INFO - Filling up the DagBag from /home/airflow/.local/lib/python3.12/site-packages/airflow/example_dags/example_python_operator.py
[2024-06-07T07:56:07.676+0000] {processor.py:840} INFO - DAG(s) 'example_python_operator' retrieved from /home/airflow/.local/lib/python3.12/site-packages/airflow/example_dags/example_python_operator.py
[2024-06-07T07:56:07.752+0000] {logging_mixin.py:188} INFO - [2024-06-07T07:56:07.751+0000] {dag.py:3096} INFO - Sync 1 DAGs
[2024-06-07T07:56:07.784+0000] {logging_mixin.py:188} INFO - [2024-06-07T07:56:07.784+0000] {dag.py:3954} INFO - Setting next_dagrun for example_python_operator to None, run_after=None
[2024-06-07T07:56:07.904+0000] {processor.py:183} INFO - Processing /home/airflow/.local/lib/python3.12/site-packages/airflow/example_dags/example_python_operator.py took 0.274 seconds
[2024-06-07T07:56:56.152+0000] {processor.py:161} INFO - Started process (PID=255) to work on /home/airflow/.local/lib/python3.12/site-packages/airflow/example_dags/example_python_operator.py
[2024-06-07T07:56:56.165+0000] {processor.py:830} INFO - Processing file /home/airflow/.local/lib/python3.12/site-packages/airflow/example_dags/example_python_operator.py for tasks to queue
[2024-06-07T07:56:56.173+0000] {logging_mixin.py:188} INFO - [2024-06-07T07:56:56.172+0000] {dagbag.py:545} INFO - Filling up the DagBag from /home/airflow/.local/lib/python3.12/site-packages/airflow/example_dags/example_python_operator.py
[2024-06-07T07:56:56.315+0000] {processor.py:840} INFO - DAG(s) 'example_python_operator' retrieved from /home/airflow/.local/lib/python3.12/site-packages/airflow/example_dags/example_python_operator.py
[2024-06-07T07:56:56.693+0000] {logging_mixin.py:188} INFO - [2024-06-07T07:56:56.692+0000] {dag.py:3096} INFO - Sync 1 DAGs
[2024-06-07T07:56:56.842+0000] {logging_mixin.py:188} INFO - [2024-06-07T07:56:56.841+0000] {dag.py:3954} INFO - Setting next_dagrun for example_python_operator to None, run_after=None
[2024-06-07T07:56:57.093+0000] {processor.py:183} INFO - Processing /home/airflow/.local/lib/python3.12/site-packages/airflow/example_dags/example_python_operator.py took 0.979 seconds
[2024-06-07T07:57:29.726+0000] {processor.py:161} INFO - Started process (PID=312) to work on /home/airflow/.local/lib/python3.12/site-packages/airflow/example_dags/example_python_operator.py
[2024-06-07T07:57:29.741+0000] {processor.py:830} INFO - Processing file /home/airflow/.local/lib/python3.12/site-packages/airflow/example_dags/example_python_operator.py for tasks to queue
[2024-06-07T07:57:29.746+0000] {logging_mixin.py:188} INFO - [2024-06-07T07:57:29.745+0000] {dagbag.py:545} INFO - Filling up the DagBag from /home/airflow/.local/lib/python3.12/site-packages/airflow/example_dags/example_python_operator.py
[2024-06-07T07:57:29.777+0000] {processor.py:840} INFO - DAG(s) 'example_python_operator' retrieved from /home/airflow/.local/lib/python3.12/site-packages/airflow/example_dags/example_python_operator.py
[2024-06-07T07:57:29.849+0000] {logging_mixin.py:188} INFO - [2024-06-07T07:57:29.848+0000] {dag.py:3096} INFO - Sync 1 DAGs
[2024-06-07T07:57:29.904+0000] {logging_mixin.py:188} INFO - [2024-06-07T07:57:29.904+0000] {dag.py:3954} INFO - Setting next_dagrun for example_python_operator to None, run_after=None
[2024-06-07T07:57:30.045+0000] {processor.py:183} INFO - Processing /home/airflow/.local/lib/python3.12/site-packages/airflow/example_dags/example_python_operator.py took 0.340 seconds
[2024-06-07T07:58:01.968+0000] {processor.py:161} INFO - Started process (PID=369) to work on /home/airflow/.local/lib/python3.12/site-packages/airflow/example_dags/example_python_operator.py
[2024-06-07T07:58:01.984+0000] {processor.py:830} INFO - Processing file /home/airflow/.local/lib/python3.12/site-packages/airflow/example_dags/example_python_operator.py for tasks to queue
[2024-06-07T07:58:02.054+0000] {logging_mixin.py:188} INFO - [2024-06-07T07:58:02.053+0000] {dagbag.py:545} INFO - Filling up the DagBag from /home/airflow/.local/lib/python3.12/site-packages/airflow/example_dags/example_python_operator.py
[2024-06-07T07:58:02.392+0000] {processor.py:840} INFO - DAG(s) 'example_python_operator' retrieved from /home/airflow/.local/lib/python3.12/site-packages/airflow/example_dags/example_python_operator.py
[2024-06-07T07:58:02.768+0000] {logging_mixin.py:188} INFO - [2024-06-07T07:58:02.768+0000] {dag.py:3096} INFO - Sync 1 DAGs
[2024-06-07T07:58:03.502+0000] {logging_mixin.py:188} INFO - [2024-06-07T07:58:03.502+0000] {dag.py:3954} INFO - Setting next_dagrun for example_python_operator to None, run_after=None
[2024-06-07T07:58:03.831+0000] {processor.py:183} INFO - Processing /home/airflow/.local/lib/python3.12/site-packages/airflow/example_dags/example_python_operator.py took 1.976 seconds
[2024-06-07T07:58:37.101+0000] {processor.py:161} INFO - Started process (PID=426) to work on /home/airflow/.local/lib/python3.12/site-packages/airflow/example_dags/example_python_operator.py
[2024-06-07T07:58:37.119+0000] {processor.py:830} INFO - Processing file /home/airflow/.local/lib/python3.12/site-packages/airflow/example_dags/example_python_operator.py for tasks to queue
[2024-06-07T07:58:37.141+0000] {logging_mixin.py:188} INFO - [2024-06-07T07:58:37.140+0000] {dagbag.py:545} INFO - Filling up the DagBag from /home/airflow/.local/lib/python3.12/site-packages/airflow/example_dags/example_python_operator.py
[2024-06-07T07:58:37.204+0000] {processor.py:840} INFO - DAG(s) 'example_python_operator' retrieved from /home/airflow/.local/lib/python3.12/site-packages/airflow/example_dags/example_python_operator.py
[2024-06-07T07:58:37.301+0000] {logging_mixin.py:188} INFO - [2024-06-07T07:58:37.300+0000] {dag.py:3096} INFO - Sync 1 DAGs
[2024-06-07T07:58:37.443+0000] {logging_mixin.py:188} INFO - [2024-06-07T07:58:37.443+0000] {dag.py:3954} INFO - Setting next_dagrun for example_python_operator to None, run_after=None
[2024-06-07T07:58:37.811+0000] {processor.py:183} INFO - Processing /home/airflow/.local/lib/python3.12/site-packages/airflow/example_dags/example_python_operator.py took 0.744 seconds
[2024-06-07T07:59:15.314+0000] {processor.py:161} INFO - Started process (PID=484) to work on /home/airflow/.local/lib/python3.12/site-packages/airflow/example_dags/example_python_operator.py
[2024-06-07T07:59:15.321+0000] {processor.py:830} INFO - Processing file /home/airflow/.local/lib/python3.12/site-packages/airflow/example_dags/example_python_operator.py for tasks to queue
[2024-06-07T07:59:15.326+0000] {logging_mixin.py:188} INFO - [2024-06-07T07:59:15.325+0000] {dagbag.py:545} INFO - Filling up the DagBag from /home/airflow/.local/lib/python3.12/site-packages/airflow/example_dags/example_python_operator.py
[2024-06-07T07:59:15.384+0000] {processor.py:840} INFO - DAG(s) 'example_python_operator' retrieved from /home/airflow/.local/lib/python3.12/site-packages/airflow/example_dags/example_python_operator.py
[2024-06-07T07:59:16.270+0000] {logging_mixin.py:188} INFO - [2024-06-07T07:59:16.270+0000] {dag.py:3096} INFO - Sync 1 DAGs
[2024-06-07T07:59:16.319+0000] {logging_mixin.py:188} INFO - [2024-06-07T07:59:16.318+0000] {dag.py:3954} INFO - Setting next_dagrun for example_python_operator to None, run_after=None
[2024-06-07T07:59:16.732+0000] {processor.py:183} INFO - Processing /home/airflow/.local/lib/python3.12/site-packages/airflow/example_dags/example_python_operator.py took 1.435 seconds
[2024-06-07T07:59:47.985+0000] {processor.py:161} INFO - Started process (PID=543) to work on /home/airflow/.local/lib/python3.12/site-packages/airflow/example_dags/example_python_operator.py
[2024-06-07T07:59:48.002+0000] {processor.py:830} INFO - Processing file /home/airflow/.local/lib/python3.12/site-packages/airflow/example_dags/example_python_operator.py for tasks to queue
[2024-06-07T07:59:48.034+0000] {logging_mixin.py:188} INFO - [2024-06-07T07:59:48.033+0000] {dagbag.py:545} INFO - Filling up the DagBag from /home/airflow/.local/lib/python3.12/site-packages/airflow/example_dags/example_python_operator.py
[2024-06-07T07:59:48.163+0000] {processor.py:840} INFO - DAG(s) 'example_python_operator' retrieved from /home/airflow/.local/lib/python3.12/site-packages/airflow/example_dags/example_python_operator.py
[2024-06-07T07:59:48.558+0000] {logging_mixin.py:188} INFO - [2024-06-07T07:59:48.557+0000] {dag.py:3096} INFO - Sync 1 DAGs
[2024-06-07T07:59:48.763+0000] {logging_mixin.py:188} INFO - [2024-06-07T07:59:48.762+0000] {dag.py:3954} INFO - Setting next_dagrun for example_python_operator to None, run_after=None
[2024-06-07T07:59:49.269+0000] {processor.py:183} INFO - Processing /home/airflow/.local/lib/python3.12/site-packages/airflow/example_dags/example_python_operator.py took 1.371 seconds
[2024-06-07T08:00:33.002+0000] {processor.py:161} INFO - Started process (PID=596) to work on /home/airflow/.local/lib/python3.12/site-packages/airflow/example_dags/example_python_operator.py
[2024-06-07T08:00:33.015+0000] {processor.py:830} INFO - Processing file /home/airflow/.local/lib/python3.12/site-packages/airflow/example_dags/example_python_operator.py for tasks to queue
[2024-06-07T08:00:33.032+0000] {logging_mixin.py:188} INFO - [2024-06-07T08:00:33.030+0000] {dagbag.py:545} INFO - Filling up the DagBag from /home/airflow/.local/lib/python3.12/site-packages/airflow/example_dags/example_python_operator.py
[2024-06-07T08:00:33.164+0000] {processor.py:840} INFO - DAG(s) 'example_python_operator' retrieved from /home/airflow/.local/lib/python3.12/site-packages/airflow/example_dags/example_python_operator.py
[2024-06-07T08:00:33.572+0000] {logging_mixin.py:188} INFO - [2024-06-07T08:00:33.571+0000] {dag.py:3096} INFO - Sync 1 DAGs
[2024-06-07T08:00:33.810+0000] {logging_mixin.py:188} INFO - [2024-06-07T08:00:33.810+0000] {dag.py:3954} INFO - Setting next_dagrun for example_python_operator to None, run_after=None
[2024-06-07T08:00:34.543+0000] {processor.py:183} INFO - Processing /home/airflow/.local/lib/python3.12/site-packages/airflow/example_dags/example_python_operator.py took 1.624 seconds
[2024-06-07T08:01:11.380+0000] {processor.py:161} INFO - Started process (PID=654) to work on /home/airflow/.local/lib/python3.12/site-packages/airflow/example_dags/example_python_operator.py
[2024-06-07T08:01:11.393+0000] {processor.py:830} INFO - Processing file /home/airflow/.local/lib/python3.12/site-packages/airflow/example_dags/example_python_operator.py for tasks to queue
[2024-06-07T08:01:11.398+0000] {logging_mixin.py:188} INFO - [2024-06-07T08:01:11.397+0000] {dagbag.py:545} INFO - Filling up the DagBag from /home/airflow/.local/lib/python3.12/site-packages/airflow/example_dags/example_python_operator.py
[2024-06-07T08:01:11.514+0000] {processor.py:840} INFO - DAG(s) 'example_python_operator' retrieved from /home/airflow/.local/lib/python3.12/site-packages/airflow/example_dags/example_python_operator.py
[2024-06-07T08:01:11.709+0000] {logging_mixin.py:188} INFO - [2024-06-07T08:01:11.702+0000] {dag.py:3096} INFO - Sync 1 DAGs
[2024-06-07T08:01:11.856+0000] {logging_mixin.py:188} INFO - [2024-06-07T08:01:11.856+0000] {dag.py:3954} INFO - Setting next_dagrun for example_python_operator to None, run_after=None
[2024-06-07T08:01:12.095+0000] {processor.py:183} INFO - Processing /home/airflow/.local/lib/python3.12/site-packages/airflow/example_dags/example_python_operator.py took 0.746 seconds
[2024-06-07T08:01:52.506+0000] {processor.py:161} INFO - Started process (PID=706) to work on /home/airflow/.local/lib/python3.12/site-packages/airflow/example_dags/example_python_operator.py
[2024-06-07T08:01:52.541+0000] {processor.py:830} INFO - Processing file /home/airflow/.local/lib/python3.12/site-packages/airflow/example_dags/example_python_operator.py for tasks to queue
[2024-06-07T08:01:52.560+0000] {logging_mixin.py:188} INFO - [2024-06-07T08:01:52.560+0000] {dagbag.py:545} INFO - Filling up the DagBag from /home/airflow/.local/lib/python3.12/site-packages/airflow/example_dags/example_python_operator.py
[2024-06-07T08:01:52.887+0000] {processor.py:840} INFO - DAG(s) 'example_python_operator' retrieved from /home/airflow/.local/lib/python3.12/site-packages/airflow/example_dags/example_python_operator.py
[2024-06-07T08:01:54.985+0000] {logging_mixin.py:188} INFO - [2024-06-07T08:01:54.985+0000] {dag.py:3096} INFO - Sync 1 DAGs
[2024-06-07T08:01:55.076+0000] {logging_mixin.py:188} INFO - [2024-06-07T08:01:55.075+0000] {dag.py:3954} INFO - Setting next_dagrun for example_python_operator to None, run_after=None
[2024-06-07T08:01:55.563+0000] {processor.py:183} INFO - Processing /home/airflow/.local/lib/python3.12/site-packages/airflow/example_dags/example_python_operator.py took 3.114 seconds
[2024-06-07T08:02:46.767+0000] {processor.py:161} INFO - Started process (PID=765) to work on /home/airflow/.local/lib/python3.12/site-packages/airflow/example_dags/example_python_operator.py
[2024-06-07T08:02:46.773+0000] {processor.py:830} INFO - Processing file /home/airflow/.local/lib/python3.12/site-packages/airflow/example_dags/example_python_operator.py for tasks to queue
[2024-06-07T08:02:46.779+0000] {logging_mixin.py:188} INFO - [2024-06-07T08:02:46.778+0000] {dagbag.py:545} INFO - Filling up the DagBag from /home/airflow/.local/lib/python3.12/site-packages/airflow/example_dags/example_python_operator.py
[2024-06-07T08:02:46.806+0000] {processor.py:840} INFO - DAG(s) 'example_python_operator' retrieved from /home/airflow/.local/lib/python3.12/site-packages/airflow/example_dags/example_python_operator.py
[2024-06-07T08:02:46.880+0000] {logging_mixin.py:188} INFO - [2024-06-07T08:02:46.880+0000] {dag.py:3096} INFO - Sync 1 DAGs
[2024-06-07T08:02:46.936+0000] {logging_mixin.py:188} INFO - [2024-06-07T08:02:46.936+0000] {dag.py:3954} INFO - Setting next_dagrun for example_python_operator to None, run_after=None
[2024-06-07T08:02:47.106+0000] {processor.py:183} INFO - Processing /home/airflow/.local/lib/python3.12/site-packages/airflow/example_dags/example_python_operator.py took 0.360 seconds
[2024-06-07T08:03:22.022+0000] {processor.py:161} INFO - Started process (PID=825) to work on /home/airflow/.local/lib/python3.12/site-packages/airflow/example_dags/example_python_operator.py
[2024-06-07T08:03:22.024+0000] {processor.py:830} INFO - Processing file /home/airflow/.local/lib/python3.12/site-packages/airflow/example_dags/example_python_operator.py for tasks to queue
[2024-06-07T08:03:22.029+0000] {logging_mixin.py:188} INFO - [2024-06-07T08:03:22.028+0000] {dagbag.py:545} INFO - Filling up the DagBag from /home/airflow/.local/lib/python3.12/site-packages/airflow/example_dags/example_python_operator.py
[2024-06-07T08:03:22.059+0000] {processor.py:840} INFO - DAG(s) 'example_python_operator' retrieved from /home/airflow/.local/lib/python3.12/site-packages/airflow/example_dags/example_python_operator.py
[2024-06-07T08:03:22.120+0000] {logging_mixin.py:188} INFO - [2024-06-07T08:03:22.120+0000] {dag.py:3096} INFO - Sync 1 DAGs
[2024-06-07T08:03:22.163+0000] {logging_mixin.py:188} INFO - [2024-06-07T08:03:22.163+0000] {dag.py:3954} INFO - Setting next_dagrun for example_python_operator to None, run_after=None
[2024-06-07T08:03:22.279+0000] {processor.py:183} INFO - Processing /home/airflow/.local/lib/python3.12/site-packages/airflow/example_dags/example_python_operator.py took 0.272 seconds
[2024-06-07T08:03:53.070+0000] {processor.py:161} INFO - Started process (PID=883) to work on /home/airflow/.local/lib/python3.12/site-packages/airflow/example_dags/example_python_operator.py
[2024-06-07T08:03:53.072+0000] {processor.py:830} INFO - Processing file /home/airflow/.local/lib/python3.12/site-packages/airflow/example_dags/example_python_operator.py for tasks to queue
[2024-06-07T08:03:53.076+0000] {logging_mixin.py:188} INFO - [2024-06-07T08:03:53.076+0000] {dagbag.py:545} INFO - Filling up the DagBag from /home/airflow/.local/lib/python3.12/site-packages/airflow/example_dags/example_python_operator.py
[2024-06-07T08:03:53.145+0000] {processor.py:840} INFO - DAG(s) 'example_python_operator' retrieved from /home/airflow/.local/lib/python3.12/site-packages/airflow/example_dags/example_python_operator.py
[2024-06-07T08:03:53.207+0000] {logging_mixin.py:188} INFO - [2024-06-07T08:03:53.206+0000] {dag.py:3096} INFO - Sync 1 DAGs
[2024-06-07T08:03:53.234+0000] {logging_mixin.py:188} INFO - [2024-06-07T08:03:53.233+0000] {dag.py:3954} INFO - Setting next_dagrun for example_python_operator to None, run_after=None
[2024-06-07T08:03:53.323+0000] {processor.py:183} INFO - Processing /home/airflow/.local/lib/python3.12/site-packages/airflow/example_dags/example_python_operator.py took 0.270 seconds
[2024-06-07T08:04:23.493+0000] {processor.py:161} INFO - Started process (PID=941) to work on /home/airflow/.local/lib/python3.12/site-packages/airflow/example_dags/example_python_operator.py
[2024-06-07T08:04:23.495+0000] {processor.py:830} INFO - Processing file /home/airflow/.local/lib/python3.12/site-packages/airflow/example_dags/example_python_operator.py for tasks to queue
[2024-06-07T08:04:23.500+0000] {logging_mixin.py:188} INFO - [2024-06-07T08:04:23.499+0000] {dagbag.py:545} INFO - Filling up the DagBag from /home/airflow/.local/lib/python3.12/site-packages/airflow/example_dags/example_python_operator.py
[2024-06-07T08:04:23.524+0000] {processor.py:840} INFO - DAG(s) 'example_python_operator' retrieved from /home/airflow/.local/lib/python3.12/site-packages/airflow/example_dags/example_python_operator.py
[2024-06-07T08:04:23.583+0000] {logging_mixin.py:188} INFO - [2024-06-07T08:04:23.582+0000] {dag.py:3096} INFO - Sync 1 DAGs
[2024-06-07T08:04:23.626+0000] {logging_mixin.py:188} INFO - [2024-06-07T08:04:23.626+0000] {dag.py:3954} INFO - Setting next_dagrun for example_python_operator to None, run_after=None
[2024-06-07T08:04:23.877+0000] {processor.py:183} INFO - Processing /home/airflow/.local/lib/python3.12/site-packages/airflow/example_dags/example_python_operator.py took 0.404 seconds
[2024-06-07T08:04:54.182+0000] {processor.py:161} INFO - Started process (PID=999) to work on /home/airflow/.local/lib/python3.12/site-packages/airflow/example_dags/example_python_operator.py
[2024-06-07T08:04:54.184+0000] {processor.py:830} INFO - Processing file /home/airflow/.local/lib/python3.12/site-packages/airflow/example_dags/example_python_operator.py for tasks to queue
[2024-06-07T08:04:54.187+0000] {logging_mixin.py:188} INFO - [2024-06-07T08:04:54.187+0000] {dagbag.py:545} INFO - Filling up the DagBag from /home/airflow/.local/lib/python3.12/site-packages/airflow/example_dags/example_python_operator.py
[2024-06-07T08:04:54.210+0000] {processor.py:840} INFO - DAG(s) 'example_python_operator' retrieved from /home/airflow/.local/lib/python3.12/site-packages/airflow/example_dags/example_python_operator.py
[2024-06-07T08:04:54.273+0000] {logging_mixin.py:188} INFO - [2024-06-07T08:04:54.272+0000] {dag.py:3096} INFO - Sync 1 DAGs
[2024-06-07T08:04:54.332+0000] {logging_mixin.py:188} INFO - [2024-06-07T08:04:54.331+0000] {dag.py:3954} INFO - Setting next_dagrun for example_python_operator to None, run_after=None
[2024-06-07T08:04:54.563+0000] {processor.py:183} INFO - Processing /home/airflow/.local/lib/python3.12/site-packages/airflow/example_dags/example_python_operator.py took 0.394 seconds
[2024-06-07T08:05:25.072+0000] {processor.py:161} INFO - Started process (PID=1057) to work on /home/airflow/.local/lib/python3.12/site-packages/airflow/example_dags/example_python_operator.py
[2024-06-07T08:05:25.081+0000] {processor.py:830} INFO - Processing file /home/airflow/.local/lib/python3.12/site-packages/airflow/example_dags/example_python_operator.py for tasks to queue
[2024-06-07T08:05:25.094+0000] {logging_mixin.py:188} INFO - [2024-06-07T08:05:25.092+0000] {dagbag.py:545} INFO - Filling up the DagBag from /home/airflow/.local/lib/python3.12/site-packages/airflow/example_dags/example_python_operator.py
[2024-06-07T08:05:25.163+0000] {processor.py:840} INFO - DAG(s) 'example_python_operator' retrieved from /home/airflow/.local/lib/python3.12/site-packages/airflow/example_dags/example_python_operator.py
[2024-06-07T08:05:25.257+0000] {logging_mixin.py:188} INFO - [2024-06-07T08:05:25.256+0000] {dag.py:3096} INFO - Sync 1 DAGs
[2024-06-07T08:05:25.336+0000] {logging_mixin.py:188} INFO - [2024-06-07T08:05:25.336+0000] {dag.py:3954} INFO - Setting next_dagrun for example_python_operator to None, run_after=None
[2024-06-07T08:05:25.557+0000] {processor.py:183} INFO - Processing /home/airflow/.local/lib/python3.12/site-packages/airflow/example_dags/example_python_operator.py took 0.499 seconds
[2024-06-07T08:05:56.715+0000] {processor.py:161} INFO - Started process (PID=1116) to work on /home/airflow/.local/lib/python3.12/site-packages/airflow/example_dags/example_python_operator.py
[2024-06-07T08:05:56.718+0000] {processor.py:830} INFO - Processing file /home/airflow/.local/lib/python3.12/site-packages/airflow/example_dags/example_python_operator.py for tasks to queue
[2024-06-07T08:05:56.725+0000] {logging_mixin.py:188} INFO - [2024-06-07T08:05:56.723+0000] {dagbag.py:545} INFO - Filling up the DagBag from /home/airflow/.local/lib/python3.12/site-packages/airflow/example_dags/example_python_operator.py
[2024-06-07T08:05:56.769+0000] {processor.py:840} INFO - DAG(s) 'example_python_operator' retrieved from /home/airflow/.local/lib/python3.12/site-packages/airflow/example_dags/example_python_operator.py
[2024-06-07T08:05:56.995+0000] {logging_mixin.py:188} INFO - [2024-06-07T08:05:56.990+0000] {dag.py:3096} INFO - Sync 1 DAGs
[2024-06-07T08:05:57.045+0000] {logging_mixin.py:188} INFO - [2024-06-07T08:05:57.045+0000] {dag.py:3954} INFO - Setting next_dagrun for example_python_operator to None, run_after=None
[2024-06-07T08:05:57.353+0000] {processor.py:183} INFO - Processing /home/airflow/.local/lib/python3.12/site-packages/airflow/example_dags/example_python_operator.py took 0.664 seconds
[2024-06-07T08:06:28.165+0000] {processor.py:161} INFO - Started process (PID=1190) to work on /home/airflow/.local/lib/python3.12/site-packages/airflow/example_dags/example_python_operator.py
[2024-06-07T08:06:28.185+0000] {processor.py:830} INFO - Processing file /home/airflow/.local/lib/python3.12/site-packages/airflow/example_dags/example_python_operator.py for tasks to queue
[2024-06-07T08:06:28.207+0000] {logging_mixin.py:188} INFO - [2024-06-07T08:06:28.206+0000] {dagbag.py:545} INFO - Filling up the DagBag from /home/airflow/.local/lib/python3.12/site-packages/airflow/example_dags/example_python_operator.py
[2024-06-07T08:06:28.282+0000] {processor.py:840} INFO - DAG(s) 'example_python_operator' retrieved from /home/airflow/.local/lib/python3.12/site-packages/airflow/example_dags/example_python_operator.py
[2024-06-07T08:06:28.383+0000] {logging_mixin.py:188} INFO - [2024-06-07T08:06:28.383+0000] {dag.py:3096} INFO - Sync 1 DAGs
[2024-06-07T08:06:28.455+0000] {logging_mixin.py:188} INFO - [2024-06-07T08:06:28.454+0000] {dag.py:3954} INFO - Setting next_dagrun for example_python_operator to None, run_after=None
[2024-06-07T08:06:29.133+0000] {processor.py:183} INFO - Processing /home/airflow/.local/lib/python3.12/site-packages/airflow/example_dags/example_python_operator.py took 1.010 seconds
[2024-06-07T08:07:28.289+0000] {processor.py:161} INFO - Started process (PID=1244) to work on /home/airflow/.local/lib/python3.12/site-packages/airflow/example_dags/example_python_operator.py
[2024-06-07T08:07:28.291+0000] {processor.py:830} INFO - Processing file /home/airflow/.local/lib/python3.12/site-packages/airflow/example_dags/example_python_operator.py for tasks to queue
[2024-06-07T08:07:28.296+0000] {logging_mixin.py:188} INFO - [2024-06-07T08:07:28.295+0000] {dagbag.py:545} INFO - Filling up the DagBag from /home/airflow/.local/lib/python3.12/site-packages/airflow/example_dags/example_python_operator.py
[2024-06-07T08:07:28.444+0000] {processor.py:840} INFO - DAG(s) 'example_python_operator' retrieved from /home/airflow/.local/lib/python3.12/site-packages/airflow/example_dags/example_python_operator.py
[2024-06-07T08:07:28.713+0000] {logging_mixin.py:188} INFO - [2024-06-07T08:07:28.712+0000] {dag.py:3096} INFO - Sync 1 DAGs
[2024-06-07T08:07:28.863+0000] {logging_mixin.py:188} INFO - [2024-06-07T08:07:28.862+0000] {dag.py:3954} INFO - Setting next_dagrun for example_python_operator to None, run_after=None
[2024-06-07T08:07:29.256+0000] {processor.py:183} INFO - Processing /home/airflow/.local/lib/python3.12/site-packages/airflow/example_dags/example_python_operator.py took 0.981 seconds
[2024-06-07T08:08:14.742+0000] {processor.py:161} INFO - Started process (PID=1307) to work on /home/airflow/.local/lib/python3.12/site-packages/airflow/example_dags/example_python_operator.py
[2024-06-07T08:08:14.745+0000] {processor.py:830} INFO - Processing file /home/airflow/.local/lib/python3.12/site-packages/airflow/example_dags/example_python_operator.py for tasks to queue
[2024-06-07T08:08:14.750+0000] {logging_mixin.py:188} INFO - [2024-06-07T08:08:14.749+0000] {dagbag.py:545} INFO - Filling up the DagBag from /home/airflow/.local/lib/python3.12/site-packages/airflow/example_dags/example_python_operator.py
[2024-06-07T08:08:14.929+0000] {processor.py:840} INFO - DAG(s) 'example_python_operator' retrieved from /home/airflow/.local/lib/python3.12/site-packages/airflow/example_dags/example_python_operator.py
[2024-06-07T08:08:14.980+0000] {logging_mixin.py:188} INFO - [2024-06-07T08:08:14.979+0000] {dag.py:3096} INFO - Sync 1 DAGs
[2024-06-07T08:08:15.054+0000] {logging_mixin.py:188} INFO - [2024-06-07T08:08:15.053+0000] {dag.py:3954} INFO - Setting next_dagrun for example_python_operator to None, run_after=None
[2024-06-07T08:08:15.489+0000] {processor.py:183} INFO - Processing /home/airflow/.local/lib/python3.12/site-packages/airflow/example_dags/example_python_operator.py took 0.760 seconds
[2024-06-07T08:08:55.150+0000] {processor.py:161} INFO - Started process (PID=1365) to work on /home/airflow/.local/lib/python3.12/site-packages/airflow/example_dags/example_python_operator.py
[2024-06-07T08:08:55.159+0000] {processor.py:830} INFO - Processing file /home/airflow/.local/lib/python3.12/site-packages/airflow/example_dags/example_python_operator.py for tasks to queue
[2024-06-07T08:08:55.186+0000] {logging_mixin.py:188} INFO - [2024-06-07T08:08:55.184+0000] {dagbag.py:545} INFO - Filling up the DagBag from /home/airflow/.local/lib/python3.12/site-packages/airflow/example_dags/example_python_operator.py
[2024-06-07T08:08:55.349+0000] {processor.py:840} INFO - DAG(s) 'example_python_operator' retrieved from /home/airflow/.local/lib/python3.12/site-packages/airflow/example_dags/example_python_operator.py
[2024-06-07T08:08:56.941+0000] {logging_mixin.py:188} INFO - [2024-06-07T08:08:56.939+0000] {dag.py:3096} INFO - Sync 1 DAGs
[2024-06-07T08:08:57.018+0000] {logging_mixin.py:188} INFO - [2024-06-07T08:08:57.018+0000] {dag.py:3954} INFO - Setting next_dagrun for example_python_operator to None, run_after=None
[2024-06-07T08:08:57.497+0000] {processor.py:183} INFO - Processing /home/airflow/.local/lib/python3.12/site-packages/airflow/example_dags/example_python_operator.py took 2.467 seconds
[2024-06-07T08:13:40.813+0000] {processor.py:161} INFO - Started process (PID=1481) to work on /home/airflow/.local/lib/python3.12/site-packages/airflow/example_dags/example_python_operator.py
[2024-06-07T08:13:40.816+0000] {processor.py:830} INFO - Processing file /home/airflow/.local/lib/python3.12/site-packages/airflow/example_dags/example_python_operator.py for tasks to queue
[2024-06-07T08:13:40.818+0000] {logging_mixin.py:188} INFO - [2024-06-07T08:13:40.817+0000] {dagbag.py:545} INFO - Filling up the DagBag from /home/airflow/.local/lib/python3.12/site-packages/airflow/example_dags/example_python_operator.py
[2024-06-07T08:13:40.848+0000] {processor.py:840} INFO - DAG(s) 'example_python_operator' retrieved from /home/airflow/.local/lib/python3.12/site-packages/airflow/example_dags/example_python_operator.py
[2024-06-07T08:13:40.910+0000] {logging_mixin.py:188} INFO - [2024-06-07T08:13:40.910+0000] {dag.py:3096} INFO - Sync 1 DAGs
[2024-06-07T08:13:40.947+0000] {logging_mixin.py:188} INFO - [2024-06-07T08:13:40.947+0000] {dag.py:3954} INFO - Setting next_dagrun for example_python_operator to None, run_after=None
[2024-06-07T08:13:41.067+0000] {processor.py:183} INFO - Processing /home/airflow/.local/lib/python3.12/site-packages/airflow/example_dags/example_python_operator.py took 0.269 seconds
[2024-06-07T08:14:12.211+0000] {processor.py:161} INFO - Started process (PID=1537) to work on /home/airflow/.local/lib/python3.12/site-packages/airflow/example_dags/example_python_operator.py
[2024-06-07T08:14:12.213+0000] {processor.py:830} INFO - Processing file /home/airflow/.local/lib/python3.12/site-packages/airflow/example_dags/example_python_operator.py for tasks to queue
[2024-06-07T08:14:12.215+0000] {logging_mixin.py:188} INFO - [2024-06-07T08:14:12.214+0000] {dagbag.py:545} INFO - Filling up the DagBag from /home/airflow/.local/lib/python3.12/site-packages/airflow/example_dags/example_python_operator.py
[2024-06-07T08:14:12.238+0000] {processor.py:840} INFO - DAG(s) 'example_python_operator' retrieved from /home/airflow/.local/lib/python3.12/site-packages/airflow/example_dags/example_python_operator.py
[2024-06-07T08:14:12.290+0000] {logging_mixin.py:188} INFO - [2024-06-07T08:14:12.289+0000] {dag.py:3096} INFO - Sync 1 DAGs
[2024-06-07T08:14:12.320+0000] {logging_mixin.py:188} INFO - [2024-06-07T08:14:12.320+0000] {dag.py:3954} INFO - Setting next_dagrun for example_python_operator to None, run_after=None
[2024-06-07T08:14:12.480+0000] {processor.py:183} INFO - Processing /home/airflow/.local/lib/python3.12/site-packages/airflow/example_dags/example_python_operator.py took 0.282 seconds
[2024-06-07T08:14:45.005+0000] {processor.py:161} INFO - Started process (PID=1595) to work on /home/airflow/.local/lib/python3.12/site-packages/airflow/example_dags/example_python_operator.py
[2024-06-07T08:14:45.007+0000] {processor.py:830} INFO - Processing file /home/airflow/.local/lib/python3.12/site-packages/airflow/example_dags/example_python_operator.py for tasks to queue
[2024-06-07T08:14:45.013+0000] {logging_mixin.py:188} INFO - [2024-06-07T08:14:45.012+0000] {dagbag.py:545} INFO - Filling up the DagBag from /home/airflow/.local/lib/python3.12/site-packages/airflow/example_dags/example_python_operator.py
[2024-06-07T08:14:45.045+0000] {processor.py:840} INFO - DAG(s) 'example_python_operator' retrieved from /home/airflow/.local/lib/python3.12/site-packages/airflow/example_dags/example_python_operator.py
[2024-06-07T08:14:45.131+0000] {logging_mixin.py:188} INFO - [2024-06-07T08:14:45.130+0000] {dag.py:3096} INFO - Sync 1 DAGs
[2024-06-07T08:14:45.171+0000] {logging_mixin.py:188} INFO - [2024-06-07T08:14:45.171+0000] {dag.py:3954} INFO - Setting next_dagrun for example_python_operator to None, run_after=None
[2024-06-07T08:14:45.731+0000] {processor.py:183} INFO - Processing /home/airflow/.local/lib/python3.12/site-packages/airflow/example_dags/example_python_operator.py took 0.743 seconds
[2024-06-07T08:15:16.387+0000] {processor.py:161} INFO - Started process (PID=1653) to work on /home/airflow/.local/lib/python3.12/site-packages/airflow/example_dags/example_python_operator.py
[2024-06-07T08:15:16.389+0000] {processor.py:830} INFO - Processing file /home/airflow/.local/lib/python3.12/site-packages/airflow/example_dags/example_python_operator.py for tasks to queue
[2024-06-07T08:15:16.391+0000] {logging_mixin.py:188} INFO - [2024-06-07T08:15:16.390+0000] {dagbag.py:545} INFO - Filling up the DagBag from /home/airflow/.local/lib/python3.12/site-packages/airflow/example_dags/example_python_operator.py
[2024-06-07T08:15:16.413+0000] {processor.py:840} INFO - DAG(s) 'example_python_operator' retrieved from /home/airflow/.local/lib/python3.12/site-packages/airflow/example_dags/example_python_operator.py
[2024-06-07T08:15:16.524+0000] {logging_mixin.py:188} INFO - [2024-06-07T08:15:16.524+0000] {dag.py:3096} INFO - Sync 1 DAGs
[2024-06-07T08:15:16.559+0000] {logging_mixin.py:188} INFO - [2024-06-07T08:15:16.559+0000] {dag.py:3954} INFO - Setting next_dagrun for example_python_operator to None, run_after=None
[2024-06-07T08:15:16.867+0000] {processor.py:183} INFO - Processing /home/airflow/.local/lib/python3.12/site-packages/airflow/example_dags/example_python_operator.py took 0.493 seconds
[2024-06-07T08:15:49.561+0000] {processor.py:161} INFO - Started process (PID=1711) to work on /home/airflow/.local/lib/python3.12/site-packages/airflow/example_dags/example_python_operator.py
[2024-06-07T08:15:49.563+0000] {processor.py:830} INFO - Processing file /home/airflow/.local/lib/python3.12/site-packages/airflow/example_dags/example_python_operator.py for tasks to queue
[2024-06-07T08:15:49.565+0000] {logging_mixin.py:188} INFO - [2024-06-07T08:15:49.565+0000] {dagbag.py:545} INFO - Filling up the DagBag from /home/airflow/.local/lib/python3.12/site-packages/airflow/example_dags/example_python_operator.py
[2024-06-07T08:15:49.610+0000] {processor.py:840} INFO - DAG(s) 'example_python_operator' retrieved from /home/airflow/.local/lib/python3.12/site-packages/airflow/example_dags/example_python_operator.py
[2024-06-07T08:15:50.019+0000] {logging_mixin.py:188} INFO - [2024-06-07T08:15:50.019+0000] {dag.py:3096} INFO - Sync 1 DAGs
[2024-06-07T08:15:50.058+0000] {logging_mixin.py:188} INFO - [2024-06-07T08:15:50.058+0000] {dag.py:3954} INFO - Setting next_dagrun for example_python_operator to None, run_after=None
[2024-06-07T08:15:50.292+0000] {processor.py:183} INFO - Processing /home/airflow/.local/lib/python3.12/site-packages/airflow/example_dags/example_python_operator.py took 0.752 seconds
[2024-06-07T08:16:22.356+0000] {processor.py:161} INFO - Started process (PID=1770) to work on /home/airflow/.local/lib/python3.12/site-packages/airflow/example_dags/example_python_operator.py
[2024-06-07T08:16:22.358+0000] {processor.py:830} INFO - Processing file /home/airflow/.local/lib/python3.12/site-packages/airflow/example_dags/example_python_operator.py for tasks to queue
[2024-06-07T08:16:22.360+0000] {logging_mixin.py:188} INFO - [2024-06-07T08:16:22.359+0000] {dagbag.py:545} INFO - Filling up the DagBag from /home/airflow/.local/lib/python3.12/site-packages/airflow/example_dags/example_python_operator.py
[2024-06-07T08:16:22.380+0000] {processor.py:840} INFO - DAG(s) 'example_python_operator' retrieved from /home/airflow/.local/lib/python3.12/site-packages/airflow/example_dags/example_python_operator.py
[2024-06-07T08:16:22.426+0000] {logging_mixin.py:188} INFO - [2024-06-07T08:16:22.426+0000] {dag.py:3096} INFO - Sync 1 DAGs
[2024-06-07T08:16:22.734+0000] {logging_mixin.py:188} INFO - [2024-06-07T08:16:22.733+0000] {dag.py:3954} INFO - Setting next_dagrun for example_python_operator to None, run_after=None
[2024-06-07T08:16:23.149+0000] {processor.py:183} INFO - Processing /home/airflow/.local/lib/python3.12/site-packages/airflow/example_dags/example_python_operator.py took 0.806 seconds
[2024-06-07T08:16:53.800+0000] {processor.py:161} INFO - Started process (PID=1827) to work on /home/airflow/.local/lib/python3.12/site-packages/airflow/example_dags/example_python_operator.py
[2024-06-07T08:16:53.802+0000] {processor.py:830} INFO - Processing file /home/airflow/.local/lib/python3.12/site-packages/airflow/example_dags/example_python_operator.py for tasks to queue
[2024-06-07T08:16:53.806+0000] {logging_mixin.py:188} INFO - [2024-06-07T08:16:53.804+0000] {dagbag.py:545} INFO - Filling up the DagBag from /home/airflow/.local/lib/python3.12/site-packages/airflow/example_dags/example_python_operator.py
[2024-06-07T08:16:53.836+0000] {processor.py:840} INFO - DAG(s) 'example_python_operator' retrieved from /home/airflow/.local/lib/python3.12/site-packages/airflow/example_dags/example_python_operator.py
[2024-06-07T08:16:53.893+0000] {logging_mixin.py:188} INFO - [2024-06-07T08:16:53.892+0000] {dag.py:3096} INFO - Sync 1 DAGs
[2024-06-07T08:16:53.929+0000] {logging_mixin.py:188} INFO - [2024-06-07T08:16:53.928+0000] {dag.py:3954} INFO - Setting next_dagrun for example_python_operator to None, run_after=None
[2024-06-07T08:16:54.118+0000] {processor.py:183} INFO - Processing /home/airflow/.local/lib/python3.12/site-packages/airflow/example_dags/example_python_operator.py took 0.334 seconds
[2024-06-07T08:17:40.268+0000] {processor.py:161} INFO - Started process (PID=1904) to work on /home/airflow/.local/lib/python3.12/site-packages/airflow/example_dags/example_python_operator.py
[2024-06-07T08:17:40.272+0000] {processor.py:830} INFO - Processing file /home/airflow/.local/lib/python3.12/site-packages/airflow/example_dags/example_python_operator.py for tasks to queue
[2024-06-07T08:17:40.285+0000] {logging_mixin.py:188} INFO - [2024-06-07T08:17:40.284+0000] {dagbag.py:545} INFO - Filling up the DagBag from /home/airflow/.local/lib/python3.12/site-packages/airflow/example_dags/example_python_operator.py
[2024-06-07T08:17:40.351+0000] {processor.py:840} INFO - DAG(s) 'example_python_operator' retrieved from /home/airflow/.local/lib/python3.12/site-packages/airflow/example_dags/example_python_operator.py
[2024-06-07T08:17:40.882+0000] {logging_mixin.py:188} INFO - [2024-06-07T08:17:40.877+0000] {dag.py:3096} INFO - Sync 1 DAGs
[2024-06-07T08:17:40.968+0000] {logging_mixin.py:188} INFO - [2024-06-07T08:17:40.967+0000] {dag.py:3954} INFO - Setting next_dagrun for example_python_operator to None, run_after=None
[2024-06-07T08:17:41.293+0000] {processor.py:183} INFO - Processing /home/airflow/.local/lib/python3.12/site-packages/airflow/example_dags/example_python_operator.py took 1.122 seconds
[2024-06-07T08:18:11.581+0000] {processor.py:161} INFO - Started process (PID=1961) to work on /home/airflow/.local/lib/python3.12/site-packages/airflow/example_dags/example_python_operator.py
[2024-06-07T08:18:11.583+0000] {processor.py:830} INFO - Processing file /home/airflow/.local/lib/python3.12/site-packages/airflow/example_dags/example_python_operator.py for tasks to queue
[2024-06-07T08:18:11.586+0000] {logging_mixin.py:188} INFO - [2024-06-07T08:18:11.586+0000] {dagbag.py:545} INFO - Filling up the DagBag from /home/airflow/.local/lib/python3.12/site-packages/airflow/example_dags/example_python_operator.py
[2024-06-07T08:18:11.611+0000] {processor.py:840} INFO - DAG(s) 'example_python_operator' retrieved from /home/airflow/.local/lib/python3.12/site-packages/airflow/example_dags/example_python_operator.py
[2024-06-07T08:18:11.677+0000] {logging_mixin.py:188} INFO - [2024-06-07T08:18:11.677+0000] {dag.py:3096} INFO - Sync 1 DAGs
[2024-06-07T08:18:11.708+0000] {logging_mixin.py:188} INFO - [2024-06-07T08:18:11.708+0000] {dag.py:3954} INFO - Setting next_dagrun for example_python_operator to None, run_after=None
[2024-06-07T08:18:12.090+0000] {processor.py:183} INFO - Processing /home/airflow/.local/lib/python3.12/site-packages/airflow/example_dags/example_python_operator.py took 0.524 seconds
[2024-06-07T08:18:42.252+0000] {processor.py:161} INFO - Started process (PID=2019) to work on /home/airflow/.local/lib/python3.12/site-packages/airflow/example_dags/example_python_operator.py
[2024-06-07T08:18:42.254+0000] {processor.py:830} INFO - Processing file /home/airflow/.local/lib/python3.12/site-packages/airflow/example_dags/example_python_operator.py for tasks to queue
[2024-06-07T08:18:42.259+0000] {logging_mixin.py:188} INFO - [2024-06-07T08:18:42.258+0000] {dagbag.py:545} INFO - Filling up the DagBag from /home/airflow/.local/lib/python3.12/site-packages/airflow/example_dags/example_python_operator.py
[2024-06-07T08:18:42.315+0000] {processor.py:840} INFO - DAG(s) 'example_python_operator' retrieved from /home/airflow/.local/lib/python3.12/site-packages/airflow/example_dags/example_python_operator.py
[2024-06-07T08:18:42.454+0000] {logging_mixin.py:188} INFO - [2024-06-07T08:18:42.453+0000] {dag.py:3096} INFO - Sync 1 DAGs
[2024-06-07T08:18:42.568+0000] {logging_mixin.py:188} INFO - [2024-06-07T08:18:42.567+0000] {dag.py:3954} INFO - Setting next_dagrun for example_python_operator to None, run_after=None
[2024-06-07T08:18:42.866+0000] {processor.py:183} INFO - Processing /home/airflow/.local/lib/python3.12/site-packages/airflow/example_dags/example_python_operator.py took 0.652 seconds
[2024-06-07T08:19:13.289+0000] {processor.py:161} INFO - Started process (PID=2077) to work on /home/airflow/.local/lib/python3.12/site-packages/airflow/example_dags/example_python_operator.py
[2024-06-07T08:19:13.291+0000] {processor.py:830} INFO - Processing file /home/airflow/.local/lib/python3.12/site-packages/airflow/example_dags/example_python_operator.py for tasks to queue
[2024-06-07T08:19:13.292+0000] {logging_mixin.py:188} INFO - [2024-06-07T08:19:13.292+0000] {dagbag.py:545} INFO - Filling up the DagBag from /home/airflow/.local/lib/python3.12/site-packages/airflow/example_dags/example_python_operator.py
[2024-06-07T08:19:13.313+0000] {processor.py:840} INFO - DAG(s) 'example_python_operator' retrieved from /home/airflow/.local/lib/python3.12/site-packages/airflow/example_dags/example_python_operator.py
[2024-06-07T08:19:13.358+0000] {logging_mixin.py:188} INFO - [2024-06-07T08:19:13.358+0000] {dag.py:3096} INFO - Sync 1 DAGs
[2024-06-07T08:19:13.383+0000] {logging_mixin.py:188} INFO - [2024-06-07T08:19:13.382+0000] {dag.py:3954} INFO - Setting next_dagrun for example_python_operator to None, run_after=None
[2024-06-07T08:19:13.529+0000] {processor.py:183} INFO - Processing /home/airflow/.local/lib/python3.12/site-packages/airflow/example_dags/example_python_operator.py took 0.253 seconds
[2024-06-07T08:19:43.719+0000] {processor.py:161} INFO - Started process (PID=2135) to work on /home/airflow/.local/lib/python3.12/site-packages/airflow/example_dags/example_python_operator.py
[2024-06-07T08:19:43.720+0000] {processor.py:830} INFO - Processing file /home/airflow/.local/lib/python3.12/site-packages/airflow/example_dags/example_python_operator.py for tasks to queue
[2024-06-07T08:19:43.723+0000] {logging_mixin.py:188} INFO - [2024-06-07T08:19:43.722+0000] {dagbag.py:545} INFO - Filling up the DagBag from /home/airflow/.local/lib/python3.12/site-packages/airflow/example_dags/example_python_operator.py
[2024-06-07T08:19:43.754+0000] {processor.py:840} INFO - DAG(s) 'example_python_operator' retrieved from /home/airflow/.local/lib/python3.12/site-packages/airflow/example_dags/example_python_operator.py
[2024-06-07T08:19:43.855+0000] {logging_mixin.py:188} INFO - [2024-06-07T08:19:43.855+0000] {dag.py:3096} INFO - Sync 1 DAGs
[2024-06-07T08:19:43.892+0000] {logging_mixin.py:188} INFO - [2024-06-07T08:19:43.892+0000] {dag.py:3954} INFO - Setting next_dagrun for example_python_operator to None, run_after=None
[2024-06-07T08:19:44.087+0000] {processor.py:183} INFO - Processing /home/airflow/.local/lib/python3.12/site-packages/airflow/example_dags/example_python_operator.py took 0.382 seconds
[2024-06-07T08:20:14.825+0000] {processor.py:161} INFO - Started process (PID=2193) to work on /home/airflow/.local/lib/python3.12/site-packages/airflow/example_dags/example_python_operator.py
[2024-06-07T08:20:14.827+0000] {processor.py:830} INFO - Processing file /home/airflow/.local/lib/python3.12/site-packages/airflow/example_dags/example_python_operator.py for tasks to queue
[2024-06-07T08:20:14.829+0000] {logging_mixin.py:188} INFO - [2024-06-07T08:20:14.829+0000] {dagbag.py:545} INFO - Filling up the DagBag from /home/airflow/.local/lib/python3.12/site-packages/airflow/example_dags/example_python_operator.py
[2024-06-07T08:20:14.859+0000] {processor.py:840} INFO - DAG(s) 'example_python_operator' retrieved from /home/airflow/.local/lib/python3.12/site-packages/airflow/example_dags/example_python_operator.py
[2024-06-07T08:20:14.920+0000] {logging_mixin.py:188} INFO - [2024-06-07T08:20:14.920+0000] {dag.py:3096} INFO - Sync 1 DAGs
[2024-06-07T08:20:14.957+0000] {logging_mixin.py:188} INFO - [2024-06-07T08:20:14.956+0000] {dag.py:3954} INFO - Setting next_dagrun for example_python_operator to None, run_after=None
[2024-06-07T08:20:15.159+0000] {processor.py:183} INFO - Processing /home/airflow/.local/lib/python3.12/site-packages/airflow/example_dags/example_python_operator.py took 0.355 seconds
[2024-06-07T08:20:49.265+0000] {processor.py:161} INFO - Started process (PID=2251) to work on /home/airflow/.local/lib/python3.12/site-packages/airflow/example_dags/example_python_operator.py
[2024-06-07T08:20:49.270+0000] {processor.py:830} INFO - Processing file /home/airflow/.local/lib/python3.12/site-packages/airflow/example_dags/example_python_operator.py for tasks to queue
[2024-06-07T08:20:49.273+0000] {logging_mixin.py:188} INFO - [2024-06-07T08:20:49.272+0000] {dagbag.py:545} INFO - Filling up the DagBag from /home/airflow/.local/lib/python3.12/site-packages/airflow/example_dags/example_python_operator.py
[2024-06-07T08:20:49.313+0000] {processor.py:840} INFO - DAG(s) 'example_python_operator' retrieved from /home/airflow/.local/lib/python3.12/site-packages/airflow/example_dags/example_python_operator.py
[2024-06-07T08:20:49.507+0000] {logging_mixin.py:188} INFO - [2024-06-07T08:20:49.506+0000] {dag.py:3096} INFO - Sync 1 DAGs
[2024-06-07T08:20:49.621+0000] {logging_mixin.py:188} INFO - [2024-06-07T08:20:49.620+0000] {dag.py:3954} INFO - Setting next_dagrun for example_python_operator to None, run_after=None
[2024-06-07T08:20:49.898+0000] {processor.py:183} INFO - Processing /home/airflow/.local/lib/python3.12/site-packages/airflow/example_dags/example_python_operator.py took 0.679 seconds
[2024-06-07T08:21:20.265+0000] {processor.py:161} INFO - Started process (PID=2309) to work on /home/airflow/.local/lib/python3.12/site-packages/airflow/example_dags/example_python_operator.py
[2024-06-07T08:21:20.268+0000] {processor.py:830} INFO - Processing file /home/airflow/.local/lib/python3.12/site-packages/airflow/example_dags/example_python_operator.py for tasks to queue
[2024-06-07T08:21:20.277+0000] {logging_mixin.py:188} INFO - [2024-06-07T08:21:20.276+0000] {dagbag.py:545} INFO - Filling up the DagBag from /home/airflow/.local/lib/python3.12/site-packages/airflow/example_dags/example_python_operator.py
[2024-06-07T08:21:20.335+0000] {processor.py:840} INFO - DAG(s) 'example_python_operator' retrieved from /home/airflow/.local/lib/python3.12/site-packages/airflow/example_dags/example_python_operator.py
[2024-06-07T08:21:20.419+0000] {logging_mixin.py:188} INFO - [2024-06-07T08:21:20.419+0000] {dag.py:3096} INFO - Sync 1 DAGs
[2024-06-07T08:21:20.461+0000] {logging_mixin.py:188} INFO - [2024-06-07T08:21:20.460+0000] {dag.py:3954} INFO - Setting next_dagrun for example_python_operator to None, run_after=None
[2024-06-07T08:21:20.645+0000] {processor.py:183} INFO - Processing /home/airflow/.local/lib/python3.12/site-packages/airflow/example_dags/example_python_operator.py took 0.421 seconds
[2024-06-07T08:21:50.940+0000] {processor.py:161} INFO - Started process (PID=2367) to work on /home/airflow/.local/lib/python3.12/site-packages/airflow/example_dags/example_python_operator.py
[2024-06-07T08:21:50.942+0000] {processor.py:830} INFO - Processing file /home/airflow/.local/lib/python3.12/site-packages/airflow/example_dags/example_python_operator.py for tasks to queue
[2024-06-07T08:21:50.944+0000] {logging_mixin.py:188} INFO - [2024-06-07T08:21:50.944+0000] {dagbag.py:545} INFO - Filling up the DagBag from /home/airflow/.local/lib/python3.12/site-packages/airflow/example_dags/example_python_operator.py
[2024-06-07T08:21:50.968+0000] {processor.py:840} INFO - DAG(s) 'example_python_operator' retrieved from /home/airflow/.local/lib/python3.12/site-packages/airflow/example_dags/example_python_operator.py
[2024-06-07T08:21:51.018+0000] {logging_mixin.py:188} INFO - [2024-06-07T08:21:51.017+0000] {dag.py:3096} INFO - Sync 1 DAGs
[2024-06-07T08:21:51.045+0000] {logging_mixin.py:188} INFO - [2024-06-07T08:21:51.045+0000] {dag.py:3954} INFO - Setting next_dagrun for example_python_operator to None, run_after=None
[2024-06-07T08:21:51.240+0000] {processor.py:183} INFO - Processing /home/airflow/.local/lib/python3.12/site-packages/airflow/example_dags/example_python_operator.py took 0.315 seconds
[2024-06-07T08:22:21.973+0000] {processor.py:161} INFO - Started process (PID=2425) to work on /home/airflow/.local/lib/python3.12/site-packages/airflow/example_dags/example_python_operator.py
[2024-06-07T08:22:21.976+0000] {processor.py:830} INFO - Processing file /home/airflow/.local/lib/python3.12/site-packages/airflow/example_dags/example_python_operator.py for tasks to queue
[2024-06-07T08:22:21.978+0000] {logging_mixin.py:188} INFO - [2024-06-07T08:22:21.977+0000] {dagbag.py:545} INFO - Filling up the DagBag from /home/airflow/.local/lib/python3.12/site-packages/airflow/example_dags/example_python_operator.py
[2024-06-07T08:22:22.007+0000] {processor.py:840} INFO - DAG(s) 'example_python_operator' retrieved from /home/airflow/.local/lib/python3.12/site-packages/airflow/example_dags/example_python_operator.py
[2024-06-07T08:22:22.068+0000] {logging_mixin.py:188} INFO - [2024-06-07T08:22:22.068+0000] {dag.py:3096} INFO - Sync 1 DAGs
[2024-06-07T08:22:22.100+0000] {logging_mixin.py:188} INFO - [2024-06-07T08:22:22.099+0000] {dag.py:3954} INFO - Setting next_dagrun for example_python_operator to None, run_after=None
[2024-06-07T08:22:22.395+0000] {processor.py:183} INFO - Processing /home/airflow/.local/lib/python3.12/site-packages/airflow/example_dags/example_python_operator.py took 0.440 seconds
[2024-06-07T08:22:53.360+0000] {processor.py:161} INFO - Started process (PID=2484) to work on /home/airflow/.local/lib/python3.12/site-packages/airflow/example_dags/example_python_operator.py
[2024-06-07T08:22:53.362+0000] {processor.py:830} INFO - Processing file /home/airflow/.local/lib/python3.12/site-packages/airflow/example_dags/example_python_operator.py for tasks to queue
[2024-06-07T08:22:53.364+0000] {logging_mixin.py:188} INFO - [2024-06-07T08:22:53.363+0000] {dagbag.py:545} INFO - Filling up the DagBag from /home/airflow/.local/lib/python3.12/site-packages/airflow/example_dags/example_python_operator.py
[2024-06-07T08:22:53.386+0000] {processor.py:840} INFO - DAG(s) 'example_python_operator' retrieved from /home/airflow/.local/lib/python3.12/site-packages/airflow/example_dags/example_python_operator.py
[2024-06-07T08:22:53.466+0000] {logging_mixin.py:188} INFO - [2024-06-07T08:22:53.465+0000] {dag.py:3096} INFO - Sync 1 DAGs
[2024-06-07T08:22:53.502+0000] {logging_mixin.py:188} INFO - [2024-06-07T08:22:53.501+0000] {dag.py:3954} INFO - Setting next_dagrun for example_python_operator to None, run_after=None
[2024-06-07T08:22:53.730+0000] {processor.py:183} INFO - Processing /home/airflow/.local/lib/python3.12/site-packages/airflow/example_dags/example_python_operator.py took 0.383 seconds
