[2024-06-07T07:54:32.113+0000] {processor.py:161} INFO - Started process (PID=53) to work on /home/airflow/.local/lib/python3.12/site-packages/airflow/example_dags/example_short_circuit_operator.py
[2024-06-07T07:54:32.128+0000] {processor.py:830} INFO - Processing file /home/airflow/.local/lib/python3.12/site-packages/airflow/example_dags/example_short_circuit_operator.py for tasks to queue
[2024-06-07T07:54:32.136+0000] {logging_mixin.py:188} INFO - [2024-06-07T07:54:32.133+0000] {dagbag.py:545} INFO - Filling up the DagBag from /home/airflow/.local/lib/python3.12/site-packages/airflow/example_dags/example_short_circuit_operator.py
[2024-06-07T07:54:32.194+0000] {processor.py:840} INFO - DAG(s) 'example_short_circuit_operator' retrieved from /home/airflow/.local/lib/python3.12/site-packages/airflow/example_dags/example_short_circuit_operator.py
[2024-06-07T07:54:33.235+0000] {logging_mixin.py:188} INFO - [2024-06-07T07:54:33.233+0000] {override.py:1829} INFO - Created Permission View: can delete on DAG:example_short_circuit_operator
[2024-06-07T07:54:33.610+0000] {logging_mixin.py:188} INFO - [2024-06-07T07:54:33.609+0000] {override.py:1829} INFO - Created Permission View: can read on DAG:example_short_circuit_operator
[2024-06-07T07:54:33.782+0000] {logging_mixin.py:188} INFO - [2024-06-07T07:54:33.781+0000] {override.py:1829} INFO - Created Permission View: can edit on DAG:example_short_circuit_operator
[2024-06-07T07:54:33.790+0000] {logging_mixin.py:188} INFO - [2024-06-07T07:54:33.789+0000] {dag.py:3096} INFO - Sync 1 DAGs
[2024-06-07T07:54:33.876+0000] {logging_mixin.py:188} INFO - [2024-06-07T07:54:33.875+0000] {dag.py:3118} INFO - Creating ORM DAG for example_short_circuit_operator
[2024-06-07T07:54:34.059+0000] {logging_mixin.py:188} INFO - [2024-06-07T07:54:34.058+0000] {dag.py:3954} INFO - Setting next_dagrun for example_short_circuit_operator to 2024-06-06 00:00:00+00:00, run_after=2024-06-07 00:00:00+00:00
[2024-06-07T07:54:34.399+0000] {processor.py:183} INFO - Processing /home/airflow/.local/lib/python3.12/site-packages/airflow/example_dags/example_short_circuit_operator.py took 2.347 seconds
[2024-06-07T07:55:29.769+0000] {processor.py:161} INFO - Started process (PID=118) to work on /home/airflow/.local/lib/python3.12/site-packages/airflow/example_dags/example_short_circuit_operator.py
[2024-06-07T07:55:29.782+0000] {processor.py:830} INFO - Processing file /home/airflow/.local/lib/python3.12/site-packages/airflow/example_dags/example_short_circuit_operator.py for tasks to queue
[2024-06-07T07:55:29.787+0000] {logging_mixin.py:188} INFO - [2024-06-07T07:55:29.786+0000] {dagbag.py:545} INFO - Filling up the DagBag from /home/airflow/.local/lib/python3.12/site-packages/airflow/example_dags/example_short_circuit_operator.py
[2024-06-07T07:55:29.824+0000] {processor.py:840} INFO - DAG(s) 'example_short_circuit_operator' retrieved from /home/airflow/.local/lib/python3.12/site-packages/airflow/example_dags/example_short_circuit_operator.py
[2024-06-07T07:55:29.900+0000] {logging_mixin.py:188} INFO - [2024-06-07T07:55:29.900+0000] {dag.py:3096} INFO - Sync 1 DAGs
[2024-06-07T07:55:30.044+0000] {logging_mixin.py:188} INFO - [2024-06-07T07:55:30.044+0000] {dag.py:3954} INFO - Setting next_dagrun for example_short_circuit_operator to 2024-06-06 00:00:00+00:00, run_after=2024-06-07 00:00:00+00:00
[2024-06-07T07:55:30.576+0000] {processor.py:183} INFO - Processing /home/airflow/.local/lib/python3.12/site-packages/airflow/example_dags/example_short_circuit_operator.py took 0.842 seconds
[2024-06-07T07:56:01.546+0000] {processor.py:161} INFO - Started process (PID=174) to work on /home/airflow/.local/lib/python3.12/site-packages/airflow/example_dags/example_short_circuit_operator.py
[2024-06-07T07:56:01.550+0000] {processor.py:830} INFO - Processing file /home/airflow/.local/lib/python3.12/site-packages/airflow/example_dags/example_short_circuit_operator.py for tasks to queue
[2024-06-07T07:56:01.555+0000] {logging_mixin.py:188} INFO - [2024-06-07T07:56:01.554+0000] {dagbag.py:545} INFO - Filling up the DagBag from /home/airflow/.local/lib/python3.12/site-packages/airflow/example_dags/example_short_circuit_operator.py
[2024-06-07T07:56:01.620+0000] {processor.py:840} INFO - DAG(s) 'example_short_circuit_operator' retrieved from /home/airflow/.local/lib/python3.12/site-packages/airflow/example_dags/example_short_circuit_operator.py
[2024-06-07T07:56:01.875+0000] {logging_mixin.py:188} INFO - [2024-06-07T07:56:01.872+0000] {dag.py:3096} INFO - Sync 1 DAGs
[2024-06-07T07:56:02.105+0000] {logging_mixin.py:188} INFO - [2024-06-07T07:56:02.105+0000] {dag.py:3954} INFO - Setting next_dagrun for example_short_circuit_operator to 2024-06-06 00:00:00+00:00, run_after=2024-06-07 00:00:00+00:00
[2024-06-07T07:56:02.655+0000] {processor.py:183} INFO - Processing /home/airflow/.local/lib/python3.12/site-packages/airflow/example_dags/example_short_circuit_operator.py took 1.168 seconds
[2024-06-07T07:56:39.289+0000] {processor.py:161} INFO - Started process (PID=232) to work on /home/airflow/.local/lib/python3.12/site-packages/airflow/example_dags/example_short_circuit_operator.py
[2024-06-07T07:56:39.307+0000] {processor.py:830} INFO - Processing file /home/airflow/.local/lib/python3.12/site-packages/airflow/example_dags/example_short_circuit_operator.py for tasks to queue
[2024-06-07T07:56:39.335+0000] {logging_mixin.py:188} INFO - [2024-06-07T07:56:39.334+0000] {dagbag.py:545} INFO - Filling up the DagBag from /home/airflow/.local/lib/python3.12/site-packages/airflow/example_dags/example_short_circuit_operator.py
[2024-06-07T07:56:39.433+0000] {processor.py:840} INFO - DAG(s) 'example_short_circuit_operator' retrieved from /home/airflow/.local/lib/python3.12/site-packages/airflow/example_dags/example_short_circuit_operator.py
[2024-06-07T07:56:39.712+0000] {logging_mixin.py:188} INFO - [2024-06-07T07:56:39.711+0000] {dag.py:3096} INFO - Sync 1 DAGs
[2024-06-07T07:56:39.862+0000] {logging_mixin.py:188} INFO - [2024-06-07T07:56:39.861+0000] {dag.py:3954} INFO - Setting next_dagrun for example_short_circuit_operator to 2024-06-06 00:00:00+00:00, run_after=2024-06-07 00:00:00+00:00
[2024-06-07T07:56:40.093+0000] {processor.py:183} INFO - Processing /home/airflow/.local/lib/python3.12/site-packages/airflow/example_dags/example_short_circuit_operator.py took 0.852 seconds
[2024-06-07T07:57:19.075+0000] {processor.py:161} INFO - Started process (PID=290) to work on /home/airflow/.local/lib/python3.12/site-packages/airflow/example_dags/example_short_circuit_operator.py
[2024-06-07T07:57:19.107+0000] {processor.py:830} INFO - Processing file /home/airflow/.local/lib/python3.12/site-packages/airflow/example_dags/example_short_circuit_operator.py for tasks to queue
[2024-06-07T07:57:19.204+0000] {logging_mixin.py:188} INFO - [2024-06-07T07:57:19.163+0000] {dagbag.py:545} INFO - Filling up the DagBag from /home/airflow/.local/lib/python3.12/site-packages/airflow/example_dags/example_short_circuit_operator.py
[2024-06-07T07:57:19.439+0000] {processor.py:840} INFO - DAG(s) 'example_short_circuit_operator' retrieved from /home/airflow/.local/lib/python3.12/site-packages/airflow/example_dags/example_short_circuit_operator.py
[2024-06-07T07:57:19.844+0000] {logging_mixin.py:188} INFO - [2024-06-07T07:57:19.843+0000] {dag.py:3096} INFO - Sync 1 DAGs
[2024-06-07T07:57:20.153+0000] {logging_mixin.py:188} INFO - [2024-06-07T07:57:20.152+0000] {dag.py:3954} INFO - Setting next_dagrun for example_short_circuit_operator to 2024-06-06 00:00:00+00:00, run_after=2024-06-07 00:00:00+00:00
[2024-06-07T07:57:20.658+0000] {processor.py:183} INFO - Processing /home/airflow/.local/lib/python3.12/site-packages/airflow/example_dags/example_short_circuit_operator.py took 1.669 seconds
[2024-06-07T07:57:51.033+0000] {processor.py:161} INFO - Started process (PID=348) to work on /home/airflow/.local/lib/python3.12/site-packages/airflow/example_dags/example_short_circuit_operator.py
[2024-06-07T07:57:51.035+0000] {processor.py:830} INFO - Processing file /home/airflow/.local/lib/python3.12/site-packages/airflow/example_dags/example_short_circuit_operator.py for tasks to queue
[2024-06-07T07:57:51.080+0000] {logging_mixin.py:188} INFO - [2024-06-07T07:57:51.057+0000] {dagbag.py:545} INFO - Filling up the DagBag from /home/airflow/.local/lib/python3.12/site-packages/airflow/example_dags/example_short_circuit_operator.py
[2024-06-07T07:57:51.131+0000] {processor.py:840} INFO - DAG(s) 'example_short_circuit_operator' retrieved from /home/airflow/.local/lib/python3.12/site-packages/airflow/example_dags/example_short_circuit_operator.py
[2024-06-07T07:57:51.451+0000] {logging_mixin.py:188} INFO - [2024-06-07T07:57:51.450+0000] {dag.py:3096} INFO - Sync 1 DAGs
[2024-06-07T07:57:51.844+0000] {logging_mixin.py:188} INFO - [2024-06-07T07:57:51.825+0000] {dag.py:3954} INFO - Setting next_dagrun for example_short_circuit_operator to 2024-06-06 00:00:00+00:00, run_after=2024-06-07 00:00:00+00:00
[2024-06-07T07:57:52.178+0000] {processor.py:183} INFO - Processing /home/airflow/.local/lib/python3.12/site-packages/airflow/example_dags/example_short_circuit_operator.py took 1.225 seconds
[2024-06-07T07:58:22.785+0000] {processor.py:161} INFO - Started process (PID=413) to work on /home/airflow/.local/lib/python3.12/site-packages/airflow/example_dags/example_short_circuit_operator.py
[2024-06-07T07:58:22.799+0000] {processor.py:830} INFO - Processing file /home/airflow/.local/lib/python3.12/site-packages/airflow/example_dags/example_short_circuit_operator.py for tasks to queue
[2024-06-07T07:58:22.841+0000] {logging_mixin.py:188} INFO - [2024-06-07T07:58:22.840+0000] {dagbag.py:545} INFO - Filling up the DagBag from /home/airflow/.local/lib/python3.12/site-packages/airflow/example_dags/example_short_circuit_operator.py
[2024-06-07T07:58:22.935+0000] {processor.py:840} INFO - DAG(s) 'example_short_circuit_operator' retrieved from /home/airflow/.local/lib/python3.12/site-packages/airflow/example_dags/example_short_circuit_operator.py
[2024-06-07T07:58:23.090+0000] {logging_mixin.py:188} INFO - [2024-06-07T07:58:23.089+0000] {dag.py:3096} INFO - Sync 1 DAGs
[2024-06-07T07:58:23.320+0000] {logging_mixin.py:188} INFO - [2024-06-07T07:58:23.320+0000] {dag.py:3954} INFO - Setting next_dagrun for example_short_circuit_operator to 2024-06-06 00:00:00+00:00, run_after=2024-06-07 00:00:00+00:00
[2024-06-07T07:58:23.741+0000] {processor.py:183} INFO - Processing /home/airflow/.local/lib/python3.12/site-packages/airflow/example_dags/example_short_circuit_operator.py took 1.003 seconds
[2024-06-07T07:58:57.057+0000] {processor.py:161} INFO - Started process (PID=458) to work on /home/airflow/.local/lib/python3.12/site-packages/airflow/example_dags/example_short_circuit_operator.py
[2024-06-07T07:58:57.061+0000] {processor.py:830} INFO - Processing file /home/airflow/.local/lib/python3.12/site-packages/airflow/example_dags/example_short_circuit_operator.py for tasks to queue
[2024-06-07T07:58:57.066+0000] {logging_mixin.py:188} INFO - [2024-06-07T07:58:57.065+0000] {dagbag.py:545} INFO - Filling up the DagBag from /home/airflow/.local/lib/python3.12/site-packages/airflow/example_dags/example_short_circuit_operator.py
[2024-06-07T07:58:57.095+0000] {processor.py:840} INFO - DAG(s) 'example_short_circuit_operator' retrieved from /home/airflow/.local/lib/python3.12/site-packages/airflow/example_dags/example_short_circuit_operator.py
[2024-06-07T07:58:57.615+0000] {logging_mixin.py:188} INFO - [2024-06-07T07:58:57.614+0000] {dag.py:3096} INFO - Sync 1 DAGs
[2024-06-07T07:58:57.728+0000] {logging_mixin.py:188} INFO - [2024-06-07T07:58:57.727+0000] {dag.py:3954} INFO - Setting next_dagrun for example_short_circuit_operator to 2024-06-06 00:00:00+00:00, run_after=2024-06-07 00:00:00+00:00
[2024-06-07T07:58:58.415+0000] {processor.py:183} INFO - Processing /home/airflow/.local/lib/python3.12/site-packages/airflow/example_dags/example_short_circuit_operator.py took 1.376 seconds
[2024-06-07T07:59:30.625+0000] {processor.py:161} INFO - Started process (PID=516) to work on /home/airflow/.local/lib/python3.12/site-packages/airflow/example_dags/example_short_circuit_operator.py
[2024-06-07T07:59:30.644+0000] {processor.py:830} INFO - Processing file /home/airflow/.local/lib/python3.12/site-packages/airflow/example_dags/example_short_circuit_operator.py for tasks to queue
[2024-06-07T07:59:30.662+0000] {logging_mixin.py:188} INFO - [2024-06-07T07:59:30.662+0000] {dagbag.py:545} INFO - Filling up the DagBag from /home/airflow/.local/lib/python3.12/site-packages/airflow/example_dags/example_short_circuit_operator.py
[2024-06-07T07:59:30.716+0000] {processor.py:840} INFO - DAG(s) 'example_short_circuit_operator' retrieved from /home/airflow/.local/lib/python3.12/site-packages/airflow/example_dags/example_short_circuit_operator.py
[2024-06-07T07:59:30.873+0000] {logging_mixin.py:188} INFO - [2024-06-07T07:59:30.872+0000] {dag.py:3096} INFO - Sync 1 DAGs
[2024-06-07T07:59:30.941+0000] {logging_mixin.py:188} INFO - [2024-06-07T07:59:30.940+0000] {dag.py:3954} INFO - Setting next_dagrun for example_short_circuit_operator to 2024-06-06 00:00:00+00:00, run_after=2024-06-07 00:00:00+00:00
[2024-06-07T07:59:31.148+0000] {processor.py:183} INFO - Processing /home/airflow/.local/lib/python3.12/site-packages/airflow/example_dags/example_short_circuit_operator.py took 0.587 seconds
[2024-06-07T08:00:07.398+0000] {processor.py:161} INFO - Started process (PID=564) to work on /home/airflow/.local/lib/python3.12/site-packages/airflow/example_dags/example_short_circuit_operator.py
[2024-06-07T08:00:07.400+0000] {processor.py:830} INFO - Processing file /home/airflow/.local/lib/python3.12/site-packages/airflow/example_dags/example_short_circuit_operator.py for tasks to queue
[2024-06-07T08:00:07.405+0000] {logging_mixin.py:188} INFO - [2024-06-07T08:00:07.404+0000] {dagbag.py:545} INFO - Filling up the DagBag from /home/airflow/.local/lib/python3.12/site-packages/airflow/example_dags/example_short_circuit_operator.py
[2024-06-07T08:00:07.432+0000] {processor.py:840} INFO - DAG(s) 'example_short_circuit_operator' retrieved from /home/airflow/.local/lib/python3.12/site-packages/airflow/example_dags/example_short_circuit_operator.py
[2024-06-07T08:00:07.599+0000] {logging_mixin.py:188} INFO - [2024-06-07T08:00:07.598+0000] {dag.py:3096} INFO - Sync 1 DAGs
[2024-06-07T08:00:07.886+0000] {logging_mixin.py:188} INFO - [2024-06-07T08:00:07.873+0000] {dag.py:3954} INFO - Setting next_dagrun for example_short_circuit_operator to 2024-06-06 00:00:00+00:00, run_after=2024-06-07 00:00:00+00:00
[2024-06-07T08:00:08.362+0000] {processor.py:183} INFO - Processing /home/airflow/.local/lib/python3.12/site-packages/airflow/example_dags/example_short_circuit_operator.py took 0.983 seconds
[2024-06-07T08:00:52.093+0000] {processor.py:161} INFO - Started process (PID=615) to work on /home/airflow/.local/lib/python3.12/site-packages/airflow/example_dags/example_short_circuit_operator.py
[2024-06-07T08:00:52.097+0000] {processor.py:830} INFO - Processing file /home/airflow/.local/lib/python3.12/site-packages/airflow/example_dags/example_short_circuit_operator.py for tasks to queue
[2024-06-07T08:00:52.109+0000] {logging_mixin.py:188} INFO - [2024-06-07T08:00:52.108+0000] {dagbag.py:545} INFO - Filling up the DagBag from /home/airflow/.local/lib/python3.12/site-packages/airflow/example_dags/example_short_circuit_operator.py
[2024-06-07T08:00:52.145+0000] {processor.py:840} INFO - DAG(s) 'example_short_circuit_operator' retrieved from /home/airflow/.local/lib/python3.12/site-packages/airflow/example_dags/example_short_circuit_operator.py
[2024-06-07T08:00:52.306+0000] {logging_mixin.py:188} INFO - [2024-06-07T08:00:52.305+0000] {dag.py:3096} INFO - Sync 1 DAGs
[2024-06-07T08:00:52.720+0000] {logging_mixin.py:188} INFO - [2024-06-07T08:00:52.707+0000] {dag.py:3954} INFO - Setting next_dagrun for example_short_circuit_operator to 2024-06-06 00:00:00+00:00, run_after=2024-06-07 00:00:00+00:00
[2024-06-07T08:00:53.289+0000] {processor.py:183} INFO - Processing /home/airflow/.local/lib/python3.12/site-packages/airflow/example_dags/example_short_circuit_operator.py took 1.233 seconds
[2024-06-07T08:01:27.464+0000] {processor.py:161} INFO - Started process (PID=678) to work on /home/airflow/.local/lib/python3.12/site-packages/airflow/example_dags/example_short_circuit_operator.py
[2024-06-07T08:01:27.493+0000] {processor.py:830} INFO - Processing file /home/airflow/.local/lib/python3.12/site-packages/airflow/example_dags/example_short_circuit_operator.py for tasks to queue
[2024-06-07T08:01:27.523+0000] {logging_mixin.py:188} INFO - [2024-06-07T08:01:27.516+0000] {dagbag.py:545} INFO - Filling up the DagBag from /home/airflow/.local/lib/python3.12/site-packages/airflow/example_dags/example_short_circuit_operator.py
[2024-06-07T08:01:27.571+0000] {processor.py:840} INFO - DAG(s) 'example_short_circuit_operator' retrieved from /home/airflow/.local/lib/python3.12/site-packages/airflow/example_dags/example_short_circuit_operator.py
[2024-06-07T08:01:27.678+0000] {logging_mixin.py:188} INFO - [2024-06-07T08:01:27.667+0000] {dag.py:3096} INFO - Sync 1 DAGs
[2024-06-07T08:01:27.987+0000] {logging_mixin.py:188} INFO - [2024-06-07T08:01:27.986+0000] {dag.py:3954} INFO - Setting next_dagrun for example_short_circuit_operator to 2024-06-06 00:00:00+00:00, run_after=2024-06-07 00:00:00+00:00
[2024-06-07T08:01:28.356+0000] {processor.py:183} INFO - Processing /home/airflow/.local/lib/python3.12/site-packages/airflow/example_dags/example_short_circuit_operator.py took 1.030 seconds
[2024-06-07T08:02:22.253+0000] {processor.py:161} INFO - Started process (PID=728) to work on /home/airflow/.local/lib/python3.12/site-packages/airflow/example_dags/example_short_circuit_operator.py
[2024-06-07T08:02:22.326+0000] {processor.py:830} INFO - Processing file /home/airflow/.local/lib/python3.12/site-packages/airflow/example_dags/example_short_circuit_operator.py for tasks to queue
[2024-06-07T08:02:22.331+0000] {logging_mixin.py:188} INFO - [2024-06-07T08:02:22.330+0000] {dagbag.py:545} INFO - Filling up the DagBag from /home/airflow/.local/lib/python3.12/site-packages/airflow/example_dags/example_short_circuit_operator.py
[2024-06-07T08:02:22.433+0000] {processor.py:840} INFO - DAG(s) 'example_short_circuit_operator' retrieved from /home/airflow/.local/lib/python3.12/site-packages/airflow/example_dags/example_short_circuit_operator.py
[2024-06-07T08:02:23.480+0000] {logging_mixin.py:188} INFO - [2024-06-07T08:02:23.472+0000] {dag.py:3096} INFO - Sync 1 DAGs
[2024-06-07T08:02:23.624+0000] {logging_mixin.py:188} INFO - [2024-06-07T08:02:23.623+0000] {dag.py:3954} INFO - Setting next_dagrun for example_short_circuit_operator to 2024-06-06 00:00:00+00:00, run_after=2024-06-07 00:00:00+00:00
[2024-06-07T08:02:23.859+0000] {processor.py:183} INFO - Processing /home/airflow/.local/lib/python3.12/site-packages/airflow/example_dags/example_short_circuit_operator.py took 1.665 seconds
[2024-06-07T08:02:54.803+0000] {processor.py:161} INFO - Started process (PID=787) to work on /home/airflow/.local/lib/python3.12/site-packages/airflow/example_dags/example_short_circuit_operator.py
[2024-06-07T08:02:54.805+0000] {processor.py:830} INFO - Processing file /home/airflow/.local/lib/python3.12/site-packages/airflow/example_dags/example_short_circuit_operator.py for tasks to queue
[2024-06-07T08:02:54.811+0000] {logging_mixin.py:188} INFO - [2024-06-07T08:02:54.810+0000] {dagbag.py:545} INFO - Filling up the DagBag from /home/airflow/.local/lib/python3.12/site-packages/airflow/example_dags/example_short_circuit_operator.py
[2024-06-07T08:02:54.830+0000] {processor.py:840} INFO - DAG(s) 'example_short_circuit_operator' retrieved from /home/airflow/.local/lib/python3.12/site-packages/airflow/example_dags/example_short_circuit_operator.py
[2024-06-07T08:02:54.900+0000] {logging_mixin.py:188} INFO - [2024-06-07T08:02:54.899+0000] {dag.py:3096} INFO - Sync 1 DAGs
[2024-06-07T08:02:54.952+0000] {logging_mixin.py:188} INFO - [2024-06-07T08:02:54.951+0000] {dag.py:3954} INFO - Setting next_dagrun for example_short_circuit_operator to 2024-06-06 00:00:00+00:00, run_after=2024-06-07 00:00:00+00:00
[2024-06-07T08:02:55.664+0000] {processor.py:183} INFO - Processing /home/airflow/.local/lib/python3.12/site-packages/airflow/example_dags/example_short_circuit_operator.py took 0.876 seconds
[2024-06-07T08:03:28.567+0000] {processor.py:161} INFO - Started process (PID=851) to work on /home/airflow/.local/lib/python3.12/site-packages/airflow/example_dags/example_short_circuit_operator.py
[2024-06-07T08:03:28.569+0000] {processor.py:830} INFO - Processing file /home/airflow/.local/lib/python3.12/site-packages/airflow/example_dags/example_short_circuit_operator.py for tasks to queue
[2024-06-07T08:03:28.575+0000] {logging_mixin.py:188} INFO - [2024-06-07T08:03:28.573+0000] {dagbag.py:545} INFO - Filling up the DagBag from /home/airflow/.local/lib/python3.12/site-packages/airflow/example_dags/example_short_circuit_operator.py
[2024-06-07T08:03:28.597+0000] {processor.py:840} INFO - DAG(s) 'example_short_circuit_operator' retrieved from /home/airflow/.local/lib/python3.12/site-packages/airflow/example_dags/example_short_circuit_operator.py
[2024-06-07T08:03:28.648+0000] {logging_mixin.py:188} INFO - [2024-06-07T08:03:28.648+0000] {dag.py:3096} INFO - Sync 1 DAGs
[2024-06-07T08:03:28.801+0000] {logging_mixin.py:188} INFO - [2024-06-07T08:03:28.800+0000] {dag.py:3954} INFO - Setting next_dagrun for example_short_circuit_operator to 2024-06-06 00:00:00+00:00, run_after=2024-06-07 00:00:00+00:00
[2024-06-07T08:03:28.941+0000] {processor.py:183} INFO - Processing /home/airflow/.local/lib/python3.12/site-packages/airflow/example_dags/example_short_circuit_operator.py took 0.392 seconds
[2024-06-07T08:03:59.185+0000] {processor.py:161} INFO - Started process (PID=907) to work on /home/airflow/.local/lib/python3.12/site-packages/airflow/example_dags/example_short_circuit_operator.py
[2024-06-07T08:03:59.187+0000] {processor.py:830} INFO - Processing file /home/airflow/.local/lib/python3.12/site-packages/airflow/example_dags/example_short_circuit_operator.py for tasks to queue
[2024-06-07T08:03:59.195+0000] {logging_mixin.py:188} INFO - [2024-06-07T08:03:59.194+0000] {dagbag.py:545} INFO - Filling up the DagBag from /home/airflow/.local/lib/python3.12/site-packages/airflow/example_dags/example_short_circuit_operator.py
[2024-06-07T08:03:59.219+0000] {processor.py:840} INFO - DAG(s) 'example_short_circuit_operator' retrieved from /home/airflow/.local/lib/python3.12/site-packages/airflow/example_dags/example_short_circuit_operator.py
[2024-06-07T08:03:59.346+0000] {logging_mixin.py:188} INFO - [2024-06-07T08:03:59.345+0000] {dag.py:3096} INFO - Sync 1 DAGs
[2024-06-07T08:03:59.467+0000] {logging_mixin.py:188} INFO - [2024-06-07T08:03:59.466+0000] {dag.py:3954} INFO - Setting next_dagrun for example_short_circuit_operator to 2024-06-06 00:00:00+00:00, run_after=2024-06-07 00:00:00+00:00
[2024-06-07T08:03:59.589+0000] {processor.py:183} INFO - Processing /home/airflow/.local/lib/python3.12/site-packages/airflow/example_dags/example_short_circuit_operator.py took 0.421 seconds
[2024-06-07T08:04:30.219+0000] {processor.py:161} INFO - Started process (PID=965) to work on /home/airflow/.local/lib/python3.12/site-packages/airflow/example_dags/example_short_circuit_operator.py
[2024-06-07T08:04:30.221+0000] {processor.py:830} INFO - Processing file /home/airflow/.local/lib/python3.12/site-packages/airflow/example_dags/example_short_circuit_operator.py for tasks to queue
[2024-06-07T08:04:30.225+0000] {logging_mixin.py:188} INFO - [2024-06-07T08:04:30.224+0000] {dagbag.py:545} INFO - Filling up the DagBag from /home/airflow/.local/lib/python3.12/site-packages/airflow/example_dags/example_short_circuit_operator.py
[2024-06-07T08:04:30.239+0000] {processor.py:840} INFO - DAG(s) 'example_short_circuit_operator' retrieved from /home/airflow/.local/lib/python3.12/site-packages/airflow/example_dags/example_short_circuit_operator.py
[2024-06-07T08:04:30.285+0000] {logging_mixin.py:188} INFO - [2024-06-07T08:04:30.284+0000] {dag.py:3096} INFO - Sync 1 DAGs
[2024-06-07T08:04:30.329+0000] {logging_mixin.py:188} INFO - [2024-06-07T08:04:30.328+0000] {dag.py:3954} INFO - Setting next_dagrun for example_short_circuit_operator to 2024-06-06 00:00:00+00:00, run_after=2024-06-07 00:00:00+00:00
[2024-06-07T08:04:32.080+0000] {processor.py:183} INFO - Processing /home/airflow/.local/lib/python3.12/site-packages/airflow/example_dags/example_short_circuit_operator.py took 1.873 seconds
[2024-06-07T08:05:02.323+0000] {processor.py:161} INFO - Started process (PID=1023) to work on /home/airflow/.local/lib/python3.12/site-packages/airflow/example_dags/example_short_circuit_operator.py
[2024-06-07T08:05:02.324+0000] {processor.py:830} INFO - Processing file /home/airflow/.local/lib/python3.12/site-packages/airflow/example_dags/example_short_circuit_operator.py for tasks to queue
[2024-06-07T08:05:02.329+0000] {logging_mixin.py:188} INFO - [2024-06-07T08:05:02.328+0000] {dagbag.py:545} INFO - Filling up the DagBag from /home/airflow/.local/lib/python3.12/site-packages/airflow/example_dags/example_short_circuit_operator.py
[2024-06-07T08:05:02.359+0000] {processor.py:840} INFO - DAG(s) 'example_short_circuit_operator' retrieved from /home/airflow/.local/lib/python3.12/site-packages/airflow/example_dags/example_short_circuit_operator.py
[2024-06-07T08:05:02.417+0000] {logging_mixin.py:188} INFO - [2024-06-07T08:05:02.415+0000] {dag.py:3096} INFO - Sync 1 DAGs
[2024-06-07T08:05:02.480+0000] {logging_mixin.py:188} INFO - [2024-06-07T08:05:02.479+0000] {dag.py:3954} INFO - Setting next_dagrun for example_short_circuit_operator to 2024-06-06 00:00:00+00:00, run_after=2024-06-07 00:00:00+00:00
[2024-06-07T08:05:02.597+0000] {processor.py:183} INFO - Processing /home/airflow/.local/lib/python3.12/site-packages/airflow/example_dags/example_short_circuit_operator.py took 0.291 seconds
[2024-06-07T08:05:37.629+0000] {processor.py:161} INFO - Started process (PID=1081) to work on /home/airflow/.local/lib/python3.12/site-packages/airflow/example_dags/example_short_circuit_operator.py
[2024-06-07T08:05:37.644+0000] {processor.py:830} INFO - Processing file /home/airflow/.local/lib/python3.12/site-packages/airflow/example_dags/example_short_circuit_operator.py for tasks to queue
[2024-06-07T08:05:37.661+0000] {logging_mixin.py:188} INFO - [2024-06-07T08:05:37.660+0000] {dagbag.py:545} INFO - Filling up the DagBag from /home/airflow/.local/lib/python3.12/site-packages/airflow/example_dags/example_short_circuit_operator.py
[2024-06-07T08:05:37.756+0000] {processor.py:840} INFO - DAG(s) 'example_short_circuit_operator' retrieved from /home/airflow/.local/lib/python3.12/site-packages/airflow/example_dags/example_short_circuit_operator.py
[2024-06-07T08:05:37.980+0000] {logging_mixin.py:188} INFO - [2024-06-07T08:05:37.979+0000] {dag.py:3096} INFO - Sync 1 DAGs
[2024-06-07T08:05:38.192+0000] {logging_mixin.py:188} INFO - [2024-06-07T08:05:38.192+0000] {dag.py:3954} INFO - Setting next_dagrun for example_short_circuit_operator to 2024-06-06 00:00:00+00:00, run_after=2024-06-07 00:00:00+00:00
[2024-06-07T08:05:38.503+0000] {processor.py:183} INFO - Processing /home/airflow/.local/lib/python3.12/site-packages/airflow/example_dags/example_short_circuit_operator.py took 0.922 seconds
[2024-06-07T08:06:09.133+0000] {processor.py:161} INFO - Started process (PID=1139) to work on /home/airflow/.local/lib/python3.12/site-packages/airflow/example_dags/example_short_circuit_operator.py
[2024-06-07T08:06:09.135+0000] {processor.py:830} INFO - Processing file /home/airflow/.local/lib/python3.12/site-packages/airflow/example_dags/example_short_circuit_operator.py for tasks to queue
[2024-06-07T08:06:09.140+0000] {logging_mixin.py:188} INFO - [2024-06-07T08:06:09.139+0000] {dagbag.py:545} INFO - Filling up the DagBag from /home/airflow/.local/lib/python3.12/site-packages/airflow/example_dags/example_short_circuit_operator.py
[2024-06-07T08:06:09.169+0000] {processor.py:840} INFO - DAG(s) 'example_short_circuit_operator' retrieved from /home/airflow/.local/lib/python3.12/site-packages/airflow/example_dags/example_short_circuit_operator.py
[2024-06-07T08:06:09.284+0000] {logging_mixin.py:188} INFO - [2024-06-07T08:06:09.283+0000] {dag.py:3096} INFO - Sync 1 DAGs
[2024-06-07T08:06:09.403+0000] {logging_mixin.py:188} INFO - [2024-06-07T08:06:09.402+0000] {dag.py:3954} INFO - Setting next_dagrun for example_short_circuit_operator to 2024-06-06 00:00:00+00:00, run_after=2024-06-07 00:00:00+00:00
[2024-06-07T08:06:09.648+0000] {processor.py:183} INFO - Processing /home/airflow/.local/lib/python3.12/site-packages/airflow/example_dags/example_short_circuit_operator.py took 0.526 seconds
[2024-06-07T08:06:40.767+0000] {processor.py:161} INFO - Started process (PID=1207) to work on /home/airflow/.local/lib/python3.12/site-packages/airflow/example_dags/example_short_circuit_operator.py
[2024-06-07T08:06:40.769+0000] {processor.py:830} INFO - Processing file /home/airflow/.local/lib/python3.12/site-packages/airflow/example_dags/example_short_circuit_operator.py for tasks to queue
[2024-06-07T08:06:40.775+0000] {logging_mixin.py:188} INFO - [2024-06-07T08:06:40.774+0000] {dagbag.py:545} INFO - Filling up the DagBag from /home/airflow/.local/lib/python3.12/site-packages/airflow/example_dags/example_short_circuit_operator.py
[2024-06-07T08:06:40.856+0000] {processor.py:840} INFO - DAG(s) 'example_short_circuit_operator' retrieved from /home/airflow/.local/lib/python3.12/site-packages/airflow/example_dags/example_short_circuit_operator.py
[2024-06-07T08:06:41.110+0000] {logging_mixin.py:188} INFO - [2024-06-07T08:06:41.109+0000] {dag.py:3096} INFO - Sync 1 DAGs
[2024-06-07T08:06:41.371+0000] {logging_mixin.py:188} INFO - [2024-06-07T08:06:41.370+0000] {dag.py:3954} INFO - Setting next_dagrun for example_short_circuit_operator to 2024-06-06 00:00:00+00:00, run_after=2024-06-07 00:00:00+00:00
[2024-06-07T08:06:42.108+0000] {processor.py:183} INFO - Processing /home/airflow/.local/lib/python3.12/site-packages/airflow/example_dags/example_short_circuit_operator.py took 1.370 seconds
[2024-06-07T08:07:47.000+0000] {processor.py:161} INFO - Started process (PID=1273) to work on /home/airflow/.local/lib/python3.12/site-packages/airflow/example_dags/example_short_circuit_operator.py
[2024-06-07T08:07:47.003+0000] {processor.py:830} INFO - Processing file /home/airflow/.local/lib/python3.12/site-packages/airflow/example_dags/example_short_circuit_operator.py for tasks to queue
[2024-06-07T08:07:47.022+0000] {logging_mixin.py:188} INFO - [2024-06-07T08:07:47.021+0000] {dagbag.py:545} INFO - Filling up the DagBag from /home/airflow/.local/lib/python3.12/site-packages/airflow/example_dags/example_short_circuit_operator.py
[2024-06-07T08:07:47.094+0000] {processor.py:840} INFO - DAG(s) 'example_short_circuit_operator' retrieved from /home/airflow/.local/lib/python3.12/site-packages/airflow/example_dags/example_short_circuit_operator.py
[2024-06-07T08:07:47.296+0000] {logging_mixin.py:188} INFO - [2024-06-07T08:07:47.296+0000] {dag.py:3096} INFO - Sync 1 DAGs
[2024-06-07T08:07:47.376+0000] {logging_mixin.py:188} INFO - [2024-06-07T08:07:47.376+0000] {dag.py:3954} INFO - Setting next_dagrun for example_short_circuit_operator to 2024-06-06 00:00:00+00:00, run_after=2024-06-07 00:00:00+00:00
[2024-06-07T08:07:47.744+0000] {processor.py:183} INFO - Processing /home/airflow/.local/lib/python3.12/site-packages/airflow/example_dags/example_short_circuit_operator.py took 0.787 seconds
[2024-06-07T08:08:31.723+0000] {processor.py:161} INFO - Started process (PID=1335) to work on /home/airflow/.local/lib/python3.12/site-packages/airflow/example_dags/example_short_circuit_operator.py
[2024-06-07T08:08:31.735+0000] {processor.py:830} INFO - Processing file /home/airflow/.local/lib/python3.12/site-packages/airflow/example_dags/example_short_circuit_operator.py for tasks to queue
[2024-06-07T08:08:31.752+0000] {logging_mixin.py:188} INFO - [2024-06-07T08:08:31.751+0000] {dagbag.py:545} INFO - Filling up the DagBag from /home/airflow/.local/lib/python3.12/site-packages/airflow/example_dags/example_short_circuit_operator.py
[2024-06-07T08:08:31.868+0000] {processor.py:840} INFO - DAG(s) 'example_short_circuit_operator' retrieved from /home/airflow/.local/lib/python3.12/site-packages/airflow/example_dags/example_short_circuit_operator.py
[2024-06-07T08:08:32.012+0000] {logging_mixin.py:188} INFO - [2024-06-07T08:08:32.001+0000] {dag.py:3096} INFO - Sync 1 DAGs
[2024-06-07T08:08:32.306+0000] {logging_mixin.py:188} INFO - [2024-06-07T08:08:32.305+0000] {dag.py:3954} INFO - Setting next_dagrun for example_short_circuit_operator to 2024-06-06 00:00:00+00:00, run_after=2024-06-07 00:00:00+00:00
[2024-06-07T08:08:32.673+0000] {processor.py:183} INFO - Processing /home/airflow/.local/lib/python3.12/site-packages/airflow/example_dags/example_short_circuit_operator.py took 0.991 seconds
[2024-06-07T08:10:48.708+0000] {processor.py:161} INFO - Started process (PID=1409) to work on /home/airflow/.local/lib/python3.12/site-packages/airflow/example_dags/example_short_circuit_operator.py
[2024-06-07T08:10:48.710+0000] {processor.py:830} INFO - Processing file /home/airflow/.local/lib/python3.12/site-packages/airflow/example_dags/example_short_circuit_operator.py for tasks to queue
[2024-06-07T08:10:48.715+0000] {logging_mixin.py:188} INFO - [2024-06-07T08:10:48.714+0000] {dagbag.py:545} INFO - Filling up the DagBag from /home/airflow/.local/lib/python3.12/site-packages/airflow/example_dags/example_short_circuit_operator.py
[2024-06-07T08:10:48.957+0000] {processor.py:840} INFO - DAG(s) 'example_short_circuit_operator' retrieved from /home/airflow/.local/lib/python3.12/site-packages/airflow/example_dags/example_short_circuit_operator.py
[2024-06-07T08:13:29.023+0000] {processor.py:161} INFO - Started process (PID=1460) to work on /home/airflow/.local/lib/python3.12/site-packages/airflow/example_dags/example_short_circuit_operator.py
[2024-06-07T08:13:29.025+0000] {processor.py:830} INFO - Processing file /home/airflow/.local/lib/python3.12/site-packages/airflow/example_dags/example_short_circuit_operator.py for tasks to queue
[2024-06-07T08:13:29.028+0000] {logging_mixin.py:188} INFO - [2024-06-07T08:13:29.027+0000] {dagbag.py:545} INFO - Filling up the DagBag from /home/airflow/.local/lib/python3.12/site-packages/airflow/example_dags/example_short_circuit_operator.py
[2024-06-07T08:13:29.044+0000] {processor.py:840} INFO - DAG(s) 'example_short_circuit_operator' retrieved from /home/airflow/.local/lib/python3.12/site-packages/airflow/example_dags/example_short_circuit_operator.py
[2024-06-07T08:13:29.612+0000] {logging_mixin.py:188} INFO - [2024-06-07T08:13:29.611+0000] {dag.py:3096} INFO - Sync 1 DAGs
[2024-06-07T08:13:29.722+0000] {logging_mixin.py:188} INFO - [2024-06-07T08:13:29.722+0000] {dag.py:3954} INFO - Setting next_dagrun for example_short_circuit_operator to 2024-06-06 00:00:00+00:00, run_after=2024-06-07 00:00:00+00:00
[2024-06-07T08:13:29.968+0000] {processor.py:183} INFO - Processing /home/airflow/.local/lib/python3.12/site-packages/airflow/example_dags/example_short_circuit_operator.py took 0.958 seconds
[2024-06-07T08:14:00.786+0000] {processor.py:161} INFO - Started process (PID=1516) to work on /home/airflow/.local/lib/python3.12/site-packages/airflow/example_dags/example_short_circuit_operator.py
[2024-06-07T08:14:00.790+0000] {processor.py:830} INFO - Processing file /home/airflow/.local/lib/python3.12/site-packages/airflow/example_dags/example_short_circuit_operator.py for tasks to queue
[2024-06-07T08:14:00.801+0000] {logging_mixin.py:188} INFO - [2024-06-07T08:14:00.800+0000] {dagbag.py:545} INFO - Filling up the DagBag from /home/airflow/.local/lib/python3.12/site-packages/airflow/example_dags/example_short_circuit_operator.py
[2024-06-07T08:14:00.871+0000] {processor.py:840} INFO - DAG(s) 'example_short_circuit_operator' retrieved from /home/airflow/.local/lib/python3.12/site-packages/airflow/example_dags/example_short_circuit_operator.py
[2024-06-07T08:14:01.033+0000] {logging_mixin.py:188} INFO - [2024-06-07T08:14:01.033+0000] {dag.py:3096} INFO - Sync 1 DAGs
[2024-06-07T08:14:01.370+0000] {logging_mixin.py:188} INFO - [2024-06-07T08:14:01.369+0000] {dag.py:3954} INFO - Setting next_dagrun for example_short_circuit_operator to 2024-06-06 00:00:00+00:00, run_after=2024-06-07 00:00:00+00:00
[2024-06-07T08:14:01.746+0000] {processor.py:183} INFO - Processing /home/airflow/.local/lib/python3.12/site-packages/airflow/example_dags/example_short_circuit_operator.py took 1.003 seconds
[2024-06-07T08:14:32.238+0000] {processor.py:161} INFO - Started process (PID=1574) to work on /home/airflow/.local/lib/python3.12/site-packages/airflow/example_dags/example_short_circuit_operator.py
[2024-06-07T08:14:32.250+0000] {processor.py:830} INFO - Processing file /home/airflow/.local/lib/python3.12/site-packages/airflow/example_dags/example_short_circuit_operator.py for tasks to queue
[2024-06-07T08:14:32.270+0000] {logging_mixin.py:188} INFO - [2024-06-07T08:14:32.270+0000] {dagbag.py:545} INFO - Filling up the DagBag from /home/airflow/.local/lib/python3.12/site-packages/airflow/example_dags/example_short_circuit_operator.py
[2024-06-07T08:14:32.320+0000] {processor.py:840} INFO - DAG(s) 'example_short_circuit_operator' retrieved from /home/airflow/.local/lib/python3.12/site-packages/airflow/example_dags/example_short_circuit_operator.py
[2024-06-07T08:14:32.498+0000] {logging_mixin.py:188} INFO - [2024-06-07T08:14:32.497+0000] {dag.py:3096} INFO - Sync 1 DAGs
[2024-06-07T08:14:32.631+0000] {logging_mixin.py:188} INFO - [2024-06-07T08:14:32.630+0000] {dag.py:3954} INFO - Setting next_dagrun for example_short_circuit_operator to 2024-06-06 00:00:00+00:00, run_after=2024-06-07 00:00:00+00:00
[2024-06-07T08:14:32.876+0000] {processor.py:183} INFO - Processing /home/airflow/.local/lib/python3.12/site-packages/airflow/example_dags/example_short_circuit_operator.py took 0.661 seconds
[2024-06-07T08:15:02.974+0000] {processor.py:161} INFO - Started process (PID=1632) to work on /home/airflow/.local/lib/python3.12/site-packages/airflow/example_dags/example_short_circuit_operator.py
[2024-06-07T08:15:02.976+0000] {processor.py:830} INFO - Processing file /home/airflow/.local/lib/python3.12/site-packages/airflow/example_dags/example_short_circuit_operator.py for tasks to queue
[2024-06-07T08:15:02.978+0000] {logging_mixin.py:188} INFO - [2024-06-07T08:15:02.978+0000] {dagbag.py:545} INFO - Filling up the DagBag from /home/airflow/.local/lib/python3.12/site-packages/airflow/example_dags/example_short_circuit_operator.py
[2024-06-07T08:15:02.995+0000] {processor.py:840} INFO - DAG(s) 'example_short_circuit_operator' retrieved from /home/airflow/.local/lib/python3.12/site-packages/airflow/example_dags/example_short_circuit_operator.py
[2024-06-07T08:15:03.044+0000] {logging_mixin.py:188} INFO - [2024-06-07T08:15:03.043+0000] {dag.py:3096} INFO - Sync 1 DAGs
[2024-06-07T08:15:03.089+0000] {logging_mixin.py:188} INFO - [2024-06-07T08:15:03.089+0000] {dag.py:3954} INFO - Setting next_dagrun for example_short_circuit_operator to 2024-06-06 00:00:00+00:00, run_after=2024-06-07 00:00:00+00:00
[2024-06-07T08:15:03.221+0000] {processor.py:183} INFO - Processing /home/airflow/.local/lib/python3.12/site-packages/airflow/example_dags/example_short_circuit_operator.py took 0.260 seconds
[2024-06-07T08:15:41.693+0000] {processor.py:161} INFO - Started process (PID=1695) to work on /home/airflow/.local/lib/python3.12/site-packages/airflow/example_dags/example_short_circuit_operator.py
[2024-06-07T08:15:41.695+0000] {processor.py:830} INFO - Processing file /home/airflow/.local/lib/python3.12/site-packages/airflow/example_dags/example_short_circuit_operator.py for tasks to queue
[2024-06-07T08:15:41.699+0000] {logging_mixin.py:188} INFO - [2024-06-07T08:15:41.698+0000] {dagbag.py:545} INFO - Filling up the DagBag from /home/airflow/.local/lib/python3.12/site-packages/airflow/example_dags/example_short_circuit_operator.py
[2024-06-07T08:15:41.721+0000] {processor.py:840} INFO - DAG(s) 'example_short_circuit_operator' retrieved from /home/airflow/.local/lib/python3.12/site-packages/airflow/example_dags/example_short_circuit_operator.py
[2024-06-07T08:15:41.772+0000] {logging_mixin.py:188} INFO - [2024-06-07T08:15:41.772+0000] {dag.py:3096} INFO - Sync 1 DAGs
[2024-06-07T08:15:42.133+0000] {logging_mixin.py:188} INFO - [2024-06-07T08:15:42.133+0000] {dag.py:3954} INFO - Setting next_dagrun for example_short_circuit_operator to 2024-06-06 00:00:00+00:00, run_after=2024-06-07 00:00:00+00:00
[2024-06-07T08:15:42.377+0000] {processor.py:183} INFO - Processing /home/airflow/.local/lib/python3.12/site-packages/airflow/example_dags/example_short_circuit_operator.py took 0.697 seconds
[2024-06-07T08:16:12.744+0000] {processor.py:161} INFO - Started process (PID=1753) to work on /home/airflow/.local/lib/python3.12/site-packages/airflow/example_dags/example_short_circuit_operator.py
[2024-06-07T08:16:12.746+0000] {processor.py:830} INFO - Processing file /home/airflow/.local/lib/python3.12/site-packages/airflow/example_dags/example_short_circuit_operator.py for tasks to queue
[2024-06-07T08:16:12.749+0000] {logging_mixin.py:188} INFO - [2024-06-07T08:16:12.748+0000] {dagbag.py:545} INFO - Filling up the DagBag from /home/airflow/.local/lib/python3.12/site-packages/airflow/example_dags/example_short_circuit_operator.py
[2024-06-07T08:16:12.769+0000] {processor.py:840} INFO - DAG(s) 'example_short_circuit_operator' retrieved from /home/airflow/.local/lib/python3.12/site-packages/airflow/example_dags/example_short_circuit_operator.py
[2024-06-07T08:16:12.859+0000] {logging_mixin.py:188} INFO - [2024-06-07T08:16:12.858+0000] {dag.py:3096} INFO - Sync 1 DAGs
[2024-06-07T08:16:12.919+0000] {logging_mixin.py:188} INFO - [2024-06-07T08:16:12.918+0000] {dag.py:3954} INFO - Setting next_dagrun for example_short_circuit_operator to 2024-06-06 00:00:00+00:00, run_after=2024-06-07 00:00:00+00:00
[2024-06-07T08:16:13.082+0000] {processor.py:183} INFO - Processing /home/airflow/.local/lib/python3.12/site-packages/airflow/example_dags/example_short_circuit_operator.py took 0.352 seconds
[2024-06-07T08:16:44.663+0000] {processor.py:161} INFO - Started process (PID=1808) to work on /home/airflow/.local/lib/python3.12/site-packages/airflow/example_dags/example_short_circuit_operator.py
[2024-06-07T08:16:44.675+0000] {processor.py:830} INFO - Processing file /home/airflow/.local/lib/python3.12/site-packages/airflow/example_dags/example_short_circuit_operator.py for tasks to queue
[2024-06-07T08:16:44.678+0000] {logging_mixin.py:188} INFO - [2024-06-07T08:16:44.677+0000] {dagbag.py:545} INFO - Filling up the DagBag from /home/airflow/.local/lib/python3.12/site-packages/airflow/example_dags/example_short_circuit_operator.py
[2024-06-07T08:16:44.714+0000] {processor.py:840} INFO - DAG(s) 'example_short_circuit_operator' retrieved from /home/airflow/.local/lib/python3.12/site-packages/airflow/example_dags/example_short_circuit_operator.py
[2024-06-07T08:16:44.909+0000] {logging_mixin.py:188} INFO - [2024-06-07T08:16:44.908+0000] {dag.py:3096} INFO - Sync 1 DAGs
[2024-06-07T08:16:45.108+0000] {logging_mixin.py:188} INFO - [2024-06-07T08:16:45.107+0000] {dag.py:3954} INFO - Setting next_dagrun for example_short_circuit_operator to 2024-06-06 00:00:00+00:00, run_after=2024-06-07 00:00:00+00:00
[2024-06-07T08:16:45.342+0000] {processor.py:183} INFO - Processing /home/airflow/.local/lib/python3.12/site-packages/airflow/example_dags/example_short_circuit_operator.py took 0.703 seconds
[2024-06-07T08:17:15.774+0000] {processor.py:161} INFO - Started process (PID=1866) to work on /home/airflow/.local/lib/python3.12/site-packages/airflow/example_dags/example_short_circuit_operator.py
[2024-06-07T08:17:15.801+0000] {processor.py:830} INFO - Processing file /home/airflow/.local/lib/python3.12/site-packages/airflow/example_dags/example_short_circuit_operator.py for tasks to queue
[2024-06-07T08:17:15.813+0000] {logging_mixin.py:188} INFO - [2024-06-07T08:17:15.811+0000] {dagbag.py:545} INFO - Filling up the DagBag from /home/airflow/.local/lib/python3.12/site-packages/airflow/example_dags/example_short_circuit_operator.py
[2024-06-07T08:17:15.857+0000] {processor.py:840} INFO - DAG(s) 'example_short_circuit_operator' retrieved from /home/airflow/.local/lib/python3.12/site-packages/airflow/example_dags/example_short_circuit_operator.py
[2024-06-07T08:17:15.994+0000] {logging_mixin.py:188} INFO - [2024-06-07T08:17:15.993+0000] {dag.py:3096} INFO - Sync 1 DAGs
[2024-06-07T08:17:16.106+0000] {logging_mixin.py:188} INFO - [2024-06-07T08:17:16.105+0000] {dag.py:3954} INFO - Setting next_dagrun for example_short_circuit_operator to 2024-06-06 00:00:00+00:00, run_after=2024-06-07 00:00:00+00:00
[2024-06-07T08:17:16.363+0000] {processor.py:183} INFO - Processing /home/airflow/.local/lib/python3.12/site-packages/airflow/example_dags/example_short_circuit_operator.py took 0.627 seconds
[2024-06-07T08:17:57.711+0000] {processor.py:161} INFO - Started process (PID=1939) to work on /home/airflow/.local/lib/python3.12/site-packages/airflow/example_dags/example_short_circuit_operator.py
[2024-06-07T08:17:57.720+0000] {processor.py:830} INFO - Processing file /home/airflow/.local/lib/python3.12/site-packages/airflow/example_dags/example_short_circuit_operator.py for tasks to queue
[2024-06-07T08:17:57.726+0000] {logging_mixin.py:188} INFO - [2024-06-07T08:17:57.725+0000] {dagbag.py:545} INFO - Filling up the DagBag from /home/airflow/.local/lib/python3.12/site-packages/airflow/example_dags/example_short_circuit_operator.py
[2024-06-07T08:17:57.803+0000] {processor.py:840} INFO - DAG(s) 'example_short_circuit_operator' retrieved from /home/airflow/.local/lib/python3.12/site-packages/airflow/example_dags/example_short_circuit_operator.py
[2024-06-07T08:17:58.140+0000] {logging_mixin.py:188} INFO - [2024-06-07T08:17:58.139+0000] {dag.py:3096} INFO - Sync 1 DAGs
[2024-06-07T08:17:58.295+0000] {logging_mixin.py:188} INFO - [2024-06-07T08:17:58.294+0000] {dag.py:3954} INFO - Setting next_dagrun for example_short_circuit_operator to 2024-06-06 00:00:00+00:00, run_after=2024-06-07 00:00:00+00:00
[2024-06-07T08:17:58.722+0000] {processor.py:183} INFO - Processing /home/airflow/.local/lib/python3.12/site-packages/airflow/example_dags/example_short_circuit_operator.py took 1.075 seconds
[2024-06-07T08:18:28.963+0000] {processor.py:161} INFO - Started process (PID=1997) to work on /home/airflow/.local/lib/python3.12/site-packages/airflow/example_dags/example_short_circuit_operator.py
[2024-06-07T08:18:28.965+0000] {processor.py:830} INFO - Processing file /home/airflow/.local/lib/python3.12/site-packages/airflow/example_dags/example_short_circuit_operator.py for tasks to queue
[2024-06-07T08:18:28.967+0000] {logging_mixin.py:188} INFO - [2024-06-07T08:18:28.966+0000] {dagbag.py:545} INFO - Filling up the DagBag from /home/airflow/.local/lib/python3.12/site-packages/airflow/example_dags/example_short_circuit_operator.py
[2024-06-07T08:18:28.983+0000] {processor.py:840} INFO - DAG(s) 'example_short_circuit_operator' retrieved from /home/airflow/.local/lib/python3.12/site-packages/airflow/example_dags/example_short_circuit_operator.py
[2024-06-07T08:18:29.031+0000] {logging_mixin.py:188} INFO - [2024-06-07T08:18:29.031+0000] {dag.py:3096} INFO - Sync 1 DAGs
[2024-06-07T08:18:29.088+0000] {logging_mixin.py:188} INFO - [2024-06-07T08:18:29.088+0000] {dag.py:3954} INFO - Setting next_dagrun for example_short_circuit_operator to 2024-06-06 00:00:00+00:00, run_after=2024-06-07 00:00:00+00:00
[2024-06-07T08:18:29.202+0000] {processor.py:183} INFO - Processing /home/airflow/.local/lib/python3.12/site-packages/airflow/example_dags/example_short_circuit_operator.py took 0.255 seconds
[2024-06-07T08:18:59.471+0000] {processor.py:161} INFO - Started process (PID=2055) to work on /home/airflow/.local/lib/python3.12/site-packages/airflow/example_dags/example_short_circuit_operator.py
[2024-06-07T08:18:59.474+0000] {processor.py:830} INFO - Processing file /home/airflow/.local/lib/python3.12/site-packages/airflow/example_dags/example_short_circuit_operator.py for tasks to queue
[2024-06-07T08:18:59.476+0000] {logging_mixin.py:188} INFO - [2024-06-07T08:18:59.475+0000] {dagbag.py:545} INFO - Filling up the DagBag from /home/airflow/.local/lib/python3.12/site-packages/airflow/example_dags/example_short_circuit_operator.py
[2024-06-07T08:18:59.499+0000] {processor.py:840} INFO - DAG(s) 'example_short_circuit_operator' retrieved from /home/airflow/.local/lib/python3.12/site-packages/airflow/example_dags/example_short_circuit_operator.py
[2024-06-07T08:18:59.604+0000] {logging_mixin.py:188} INFO - [2024-06-07T08:18:59.604+0000] {dag.py:3096} INFO - Sync 1 DAGs
[2024-06-07T08:18:59.731+0000] {logging_mixin.py:188} INFO - [2024-06-07T08:18:59.730+0000] {dag.py:3954} INFO - Setting next_dagrun for example_short_circuit_operator to 2024-06-06 00:00:00+00:00, run_after=2024-06-07 00:00:00+00:00
[2024-06-07T08:19:00.128+0000] {processor.py:183} INFO - Processing /home/airflow/.local/lib/python3.12/site-packages/airflow/example_dags/example_short_circuit_operator.py took 0.671 seconds
[2024-06-07T08:19:32.569+0000] {processor.py:161} INFO - Started process (PID=2098) to work on /home/airflow/.local/lib/python3.12/site-packages/airflow/example_dags/example_short_circuit_operator.py
[2024-06-07T08:19:32.579+0000] {processor.py:830} INFO - Processing file /home/airflow/.local/lib/python3.12/site-packages/airflow/example_dags/example_short_circuit_operator.py for tasks to queue
[2024-06-07T08:19:32.587+0000] {logging_mixin.py:188} INFO - [2024-06-07T08:19:32.585+0000] {dagbag.py:545} INFO - Filling up the DagBag from /home/airflow/.local/lib/python3.12/site-packages/airflow/example_dags/example_short_circuit_operator.py
[2024-06-07T08:19:32.643+0000] {processor.py:840} INFO - DAG(s) 'example_short_circuit_operator' retrieved from /home/airflow/.local/lib/python3.12/site-packages/airflow/example_dags/example_short_circuit_operator.py
[2024-06-07T08:19:32.740+0000] {logging_mixin.py:188} INFO - [2024-06-07T08:19:32.739+0000] {dag.py:3096} INFO - Sync 1 DAGs
[2024-06-07T08:19:32.812+0000] {logging_mixin.py:188} INFO - [2024-06-07T08:19:32.811+0000] {dag.py:3954} INFO - Setting next_dagrun for example_short_circuit_operator to 2024-06-06 00:00:00+00:00, run_after=2024-06-07 00:00:00+00:00
[2024-06-07T08:19:33.188+0000] {processor.py:183} INFO - Processing /home/airflow/.local/lib/python3.12/site-packages/airflow/example_dags/example_short_circuit_operator.py took 0.652 seconds
[2024-06-07T08:20:03.646+0000] {processor.py:161} INFO - Started process (PID=2156) to work on /home/airflow/.local/lib/python3.12/site-packages/airflow/example_dags/example_short_circuit_operator.py
[2024-06-07T08:20:03.648+0000] {processor.py:830} INFO - Processing file /home/airflow/.local/lib/python3.12/site-packages/airflow/example_dags/example_short_circuit_operator.py for tasks to queue
[2024-06-07T08:20:03.663+0000] {logging_mixin.py:188} INFO - [2024-06-07T08:20:03.662+0000] {dagbag.py:545} INFO - Filling up the DagBag from /home/airflow/.local/lib/python3.12/site-packages/airflow/example_dags/example_short_circuit_operator.py
[2024-06-07T08:20:03.718+0000] {processor.py:840} INFO - DAG(s) 'example_short_circuit_operator' retrieved from /home/airflow/.local/lib/python3.12/site-packages/airflow/example_dags/example_short_circuit_operator.py
[2024-06-07T08:20:03.806+0000] {logging_mixin.py:188} INFO - [2024-06-07T08:20:03.805+0000] {dag.py:3096} INFO - Sync 1 DAGs
[2024-06-07T08:20:03.892+0000] {logging_mixin.py:188} INFO - [2024-06-07T08:20:03.891+0000] {dag.py:3954} INFO - Setting next_dagrun for example_short_circuit_operator to 2024-06-06 00:00:00+00:00, run_after=2024-06-07 00:00:00+00:00
[2024-06-07T08:20:04.172+0000] {processor.py:183} INFO - Processing /home/airflow/.local/lib/python3.12/site-packages/airflow/example_dags/example_short_circuit_operator.py took 0.561 seconds
[2024-06-07T08:20:34.383+0000] {processor.py:161} INFO - Started process (PID=2212) to work on /home/airflow/.local/lib/python3.12/site-packages/airflow/example_dags/example_short_circuit_operator.py
[2024-06-07T08:20:34.386+0000] {processor.py:830} INFO - Processing file /home/airflow/.local/lib/python3.12/site-packages/airflow/example_dags/example_short_circuit_operator.py for tasks to queue
[2024-06-07T08:20:34.389+0000] {logging_mixin.py:188} INFO - [2024-06-07T08:20:34.388+0000] {dagbag.py:545} INFO - Filling up the DagBag from /home/airflow/.local/lib/python3.12/site-packages/airflow/example_dags/example_short_circuit_operator.py
[2024-06-07T08:20:34.411+0000] {processor.py:840} INFO - DAG(s) 'example_short_circuit_operator' retrieved from /home/airflow/.local/lib/python3.12/site-packages/airflow/example_dags/example_short_circuit_operator.py
[2024-06-07T08:20:34.472+0000] {logging_mixin.py:188} INFO - [2024-06-07T08:20:34.471+0000] {dag.py:3096} INFO - Sync 1 DAGs
[2024-06-07T08:20:34.536+0000] {logging_mixin.py:188} INFO - [2024-06-07T08:20:34.535+0000] {dag.py:3954} INFO - Setting next_dagrun for example_short_circuit_operator to 2024-06-06 00:00:00+00:00, run_after=2024-06-07 00:00:00+00:00
[2024-06-07T08:20:34.675+0000] {processor.py:183} INFO - Processing /home/airflow/.local/lib/python3.12/site-packages/airflow/example_dags/example_short_circuit_operator.py took 0.311 seconds
[2024-06-07T08:21:04.941+0000] {processor.py:161} INFO - Started process (PID=2270) to work on /home/airflow/.local/lib/python3.12/site-packages/airflow/example_dags/example_short_circuit_operator.py
[2024-06-07T08:21:04.944+0000] {processor.py:830} INFO - Processing file /home/airflow/.local/lib/python3.12/site-packages/airflow/example_dags/example_short_circuit_operator.py for tasks to queue
[2024-06-07T08:21:04.946+0000] {logging_mixin.py:188} INFO - [2024-06-07T08:21:04.946+0000] {dagbag.py:545} INFO - Filling up the DagBag from /home/airflow/.local/lib/python3.12/site-packages/airflow/example_dags/example_short_circuit_operator.py
[2024-06-07T08:21:04.967+0000] {processor.py:840} INFO - DAG(s) 'example_short_circuit_operator' retrieved from /home/airflow/.local/lib/python3.12/site-packages/airflow/example_dags/example_short_circuit_operator.py
[2024-06-07T08:21:05.019+0000] {logging_mixin.py:188} INFO - [2024-06-07T08:21:05.019+0000] {dag.py:3096} INFO - Sync 1 DAGs
[2024-06-07T08:21:05.077+0000] {logging_mixin.py:188} INFO - [2024-06-07T08:21:05.076+0000] {dag.py:3954} INFO - Setting next_dagrun for example_short_circuit_operator to 2024-06-06 00:00:00+00:00, run_after=2024-06-07 00:00:00+00:00
[2024-06-07T08:21:05.255+0000] {processor.py:183} INFO - Processing /home/airflow/.local/lib/python3.12/site-packages/airflow/example_dags/example_short_circuit_operator.py took 0.331 seconds
[2024-06-07T08:21:35.926+0000] {processor.py:161} INFO - Started process (PID=2327) to work on /home/airflow/.local/lib/python3.12/site-packages/airflow/example_dags/example_short_circuit_operator.py
[2024-06-07T08:21:35.928+0000] {processor.py:830} INFO - Processing file /home/airflow/.local/lib/python3.12/site-packages/airflow/example_dags/example_short_circuit_operator.py for tasks to queue
[2024-06-07T08:21:35.931+0000] {logging_mixin.py:188} INFO - [2024-06-07T08:21:35.930+0000] {dagbag.py:545} INFO - Filling up the DagBag from /home/airflow/.local/lib/python3.12/site-packages/airflow/example_dags/example_short_circuit_operator.py
[2024-06-07T08:21:35.953+0000] {processor.py:840} INFO - DAG(s) 'example_short_circuit_operator' retrieved from /home/airflow/.local/lib/python3.12/site-packages/airflow/example_dags/example_short_circuit_operator.py
[2024-06-07T08:21:36.019+0000] {logging_mixin.py:188} INFO - [2024-06-07T08:21:36.019+0000] {dag.py:3096} INFO - Sync 1 DAGs
[2024-06-07T08:21:36.070+0000] {logging_mixin.py:188} INFO - [2024-06-07T08:21:36.070+0000] {dag.py:3954} INFO - Setting next_dagrun for example_short_circuit_operator to 2024-06-06 00:00:00+00:00, run_after=2024-06-07 00:00:00+00:00
[2024-06-07T08:21:37.628+0000] {processor.py:183} INFO - Processing /home/airflow/.local/lib/python3.12/site-packages/airflow/example_dags/example_short_circuit_operator.py took 1.723 seconds
[2024-06-07T08:22:08.005+0000] {processor.py:161} INFO - Started process (PID=2385) to work on /home/airflow/.local/lib/python3.12/site-packages/airflow/example_dags/example_short_circuit_operator.py
[2024-06-07T08:22:08.007+0000] {processor.py:830} INFO - Processing file /home/airflow/.local/lib/python3.12/site-packages/airflow/example_dags/example_short_circuit_operator.py for tasks to queue
[2024-06-07T08:22:08.014+0000] {logging_mixin.py:188} INFO - [2024-06-07T08:22:08.013+0000] {dagbag.py:545} INFO - Filling up the DagBag from /home/airflow/.local/lib/python3.12/site-packages/airflow/example_dags/example_short_circuit_operator.py
[2024-06-07T08:22:08.041+0000] {processor.py:840} INFO - DAG(s) 'example_short_circuit_operator' retrieved from /home/airflow/.local/lib/python3.12/site-packages/airflow/example_dags/example_short_circuit_operator.py
[2024-06-07T08:22:08.139+0000] {logging_mixin.py:188} INFO - [2024-06-07T08:22:08.138+0000] {dag.py:3096} INFO - Sync 1 DAGs
[2024-06-07T08:22:08.220+0000] {logging_mixin.py:188} INFO - [2024-06-07T08:22:08.219+0000] {dag.py:3954} INFO - Setting next_dagrun for example_short_circuit_operator to 2024-06-06 00:00:00+00:00, run_after=2024-06-07 00:00:00+00:00
[2024-06-07T08:22:09.740+0000] {processor.py:183} INFO - Processing /home/airflow/.local/lib/python3.12/site-packages/airflow/example_dags/example_short_circuit_operator.py took 1.754 seconds
[2024-06-07T08:22:40.421+0000] {processor.py:161} INFO - Started process (PID=2443) to work on /home/airflow/.local/lib/python3.12/site-packages/airflow/example_dags/example_short_circuit_operator.py
[2024-06-07T08:22:40.423+0000] {processor.py:830} INFO - Processing file /home/airflow/.local/lib/python3.12/site-packages/airflow/example_dags/example_short_circuit_operator.py for tasks to queue
[2024-06-07T08:22:40.426+0000] {logging_mixin.py:188} INFO - [2024-06-07T08:22:40.425+0000] {dagbag.py:545} INFO - Filling up the DagBag from /home/airflow/.local/lib/python3.12/site-packages/airflow/example_dags/example_short_circuit_operator.py
[2024-06-07T08:22:40.452+0000] {processor.py:840} INFO - DAG(s) 'example_short_circuit_operator' retrieved from /home/airflow/.local/lib/python3.12/site-packages/airflow/example_dags/example_short_circuit_operator.py
[2024-06-07T08:22:40.521+0000] {logging_mixin.py:188} INFO - [2024-06-07T08:22:40.520+0000] {dag.py:3096} INFO - Sync 1 DAGs
[2024-06-07T08:22:40.581+0000] {logging_mixin.py:188} INFO - [2024-06-07T08:22:40.581+0000] {dag.py:3954} INFO - Setting next_dagrun for example_short_circuit_operator to 2024-06-06 00:00:00+00:00, run_after=2024-06-07 00:00:00+00:00
[2024-06-07T08:22:40.861+0000] {processor.py:183} INFO - Processing /home/airflow/.local/lib/python3.12/site-packages/airflow/example_dags/example_short_circuit_operator.py took 0.459 seconds
[2024-06-07T08:23:11.788+0000] {processor.py:161} INFO - Started process (PID=2502) to work on /home/airflow/.local/lib/python3.12/site-packages/airflow/example_dags/example_short_circuit_operator.py
[2024-06-07T08:23:11.790+0000] {processor.py:830} INFO - Processing file /home/airflow/.local/lib/python3.12/site-packages/airflow/example_dags/example_short_circuit_operator.py for tasks to queue
[2024-06-07T08:23:11.792+0000] {logging_mixin.py:188} INFO - [2024-06-07T08:23:11.791+0000] {dagbag.py:545} INFO - Filling up the DagBag from /home/airflow/.local/lib/python3.12/site-packages/airflow/example_dags/example_short_circuit_operator.py
[2024-06-07T08:23:11.809+0000] {processor.py:840} INFO - DAG(s) 'example_short_circuit_operator' retrieved from /home/airflow/.local/lib/python3.12/site-packages/airflow/example_dags/example_short_circuit_operator.py
[2024-06-07T08:23:11.904+0000] {logging_mixin.py:188} INFO - [2024-06-07T08:23:11.903+0000] {dag.py:3096} INFO - Sync 1 DAGs
[2024-06-07T08:23:12.012+0000] {logging_mixin.py:188} INFO - [2024-06-07T08:23:12.012+0000] {dag.py:3954} INFO - Setting next_dagrun for example_short_circuit_operator to 2024-06-06 00:00:00+00:00, run_after=2024-06-07 00:00:00+00:00
[2024-06-07T08:23:12.264+0000] {processor.py:183} INFO - Processing /home/airflow/.local/lib/python3.12/site-packages/airflow/example_dags/example_short_circuit_operator.py took 0.489 seconds
