[2024-06-07T07:55:13.852+0000] {processor.py:161} INFO - Started process (PID=91) to work on /home/airflow/.local/lib/python3.12/site-packages/airflow/example_dags/example_params_ui_tutorial.py
[2024-06-07T07:55:13.854+0000] {processor.py:830} INFO - Processing file /home/airflow/.local/lib/python3.12/site-packages/airflow/example_dags/example_params_ui_tutorial.py for tasks to queue
[2024-06-07T07:55:13.859+0000] {logging_mixin.py:188} INFO - [2024-06-07T07:55:13.858+0000] {dagbag.py:545} INFO - Filling up the DagBag from /home/airflow/.local/lib/python3.12/site-packages/airflow/example_dags/example_params_ui_tutorial.py
[2024-06-07T07:55:13.886+0000] {processor.py:840} INFO - DAG(s) 'example_params_ui_tutorial' retrieved from /home/airflow/.local/lib/python3.12/site-packages/airflow/example_dags/example_params_ui_tutorial.py
[2024-06-07T07:55:15.023+0000] {logging_mixin.py:188} INFO - [2024-06-07T07:55:15.021+0000] {override.py:1829} INFO - Created Permission View: can delete on DAG:example_params_ui_tutorial
[2024-06-07T07:55:15.133+0000] {logging_mixin.py:188} INFO - [2024-06-07T07:55:15.133+0000] {override.py:1829} INFO - Created Permission View: can read on DAG:example_params_ui_tutorial
[2024-06-07T07:55:15.258+0000] {logging_mixin.py:188} INFO - [2024-06-07T07:55:15.257+0000] {override.py:1829} INFO - Created Permission View: can edit on DAG:example_params_ui_tutorial
[2024-06-07T07:55:15.259+0000] {logging_mixin.py:188} INFO - [2024-06-07T07:55:15.259+0000] {dag.py:3096} INFO - Sync 1 DAGs
[2024-06-07T07:55:15.307+0000] {logging_mixin.py:188} INFO - [2024-06-07T07:55:15.306+0000] {dag.py:3118} INFO - Creating ORM DAG for example_params_ui_tutorial
[2024-06-07T07:55:15.308+0000] {logging_mixin.py:188} INFO - [2024-06-07T07:55:15.308+0000] {dag.py:3954} INFO - Setting next_dagrun for example_params_ui_tutorial to None, run_after=None
[2024-06-07T07:55:15.432+0000] {processor.py:183} INFO - Processing /home/airflow/.local/lib/python3.12/site-packages/airflow/example_dags/example_params_ui_tutorial.py took 1.599 seconds
[2024-06-07T07:55:45.947+0000] {processor.py:161} INFO - Started process (PID=149) to work on /home/airflow/.local/lib/python3.12/site-packages/airflow/example_dags/example_params_ui_tutorial.py
[2024-06-07T07:55:45.949+0000] {processor.py:830} INFO - Processing file /home/airflow/.local/lib/python3.12/site-packages/airflow/example_dags/example_params_ui_tutorial.py for tasks to queue
[2024-06-07T07:55:45.954+0000] {logging_mixin.py:188} INFO - [2024-06-07T07:55:45.953+0000] {dagbag.py:545} INFO - Filling up the DagBag from /home/airflow/.local/lib/python3.12/site-packages/airflow/example_dags/example_params_ui_tutorial.py
[2024-06-07T07:55:45.980+0000] {processor.py:840} INFO - DAG(s) 'example_params_ui_tutorial' retrieved from /home/airflow/.local/lib/python3.12/site-packages/airflow/example_dags/example_params_ui_tutorial.py
[2024-06-07T07:55:46.097+0000] {logging_mixin.py:188} INFO - [2024-06-07T07:55:46.096+0000] {dag.py:3096} INFO - Sync 1 DAGs
[2024-06-07T07:55:46.121+0000] {logging_mixin.py:188} INFO - [2024-06-07T07:55:46.120+0000] {dag.py:3954} INFO - Setting next_dagrun for example_params_ui_tutorial to None, run_after=None
[2024-06-07T07:55:46.340+0000] {processor.py:183} INFO - Processing /home/airflow/.local/lib/python3.12/site-packages/airflow/example_dags/example_params_ui_tutorial.py took 0.407 seconds
[2024-06-07T07:56:17.321+0000] {processor.py:161} INFO - Started process (PID=207) to work on /home/airflow/.local/lib/python3.12/site-packages/airflow/example_dags/example_params_ui_tutorial.py
[2024-06-07T07:56:17.330+0000] {processor.py:830} INFO - Processing file /home/airflow/.local/lib/python3.12/site-packages/airflow/example_dags/example_params_ui_tutorial.py for tasks to queue
[2024-06-07T07:56:17.337+0000] {logging_mixin.py:188} INFO - [2024-06-07T07:56:17.336+0000] {dagbag.py:545} INFO - Filling up the DagBag from /home/airflow/.local/lib/python3.12/site-packages/airflow/example_dags/example_params_ui_tutorial.py
[2024-06-07T07:56:17.406+0000] {processor.py:840} INFO - DAG(s) 'example_params_ui_tutorial' retrieved from /home/airflow/.local/lib/python3.12/site-packages/airflow/example_dags/example_params_ui_tutorial.py
[2024-06-07T07:56:17.660+0000] {logging_mixin.py:188} INFO - [2024-06-07T07:56:17.660+0000] {dag.py:3096} INFO - Sync 1 DAGs
[2024-06-07T07:56:17.699+0000] {logging_mixin.py:188} INFO - [2024-06-07T07:56:17.698+0000] {dag.py:3954} INFO - Setting next_dagrun for example_params_ui_tutorial to None, run_after=None
[2024-06-07T07:56:17.825+0000] {processor.py:183} INFO - Processing /home/airflow/.local/lib/python3.12/site-packages/airflow/example_dags/example_params_ui_tutorial.py took 0.531 seconds
[2024-06-07T07:57:07.044+0000] {processor.py:161} INFO - Started process (PID=275) to work on /home/airflow/.local/lib/python3.12/site-packages/airflow/example_dags/example_params_ui_tutorial.py
[2024-06-07T07:57:07.049+0000] {processor.py:830} INFO - Processing file /home/airflow/.local/lib/python3.12/site-packages/airflow/example_dags/example_params_ui_tutorial.py for tasks to queue
[2024-06-07T07:57:07.060+0000] {logging_mixin.py:188} INFO - [2024-06-07T07:57:07.059+0000] {dagbag.py:545} INFO - Filling up the DagBag from /home/airflow/.local/lib/python3.12/site-packages/airflow/example_dags/example_params_ui_tutorial.py
[2024-06-07T07:57:07.151+0000] {processor.py:840} INFO - DAG(s) 'example_params_ui_tutorial' retrieved from /home/airflow/.local/lib/python3.12/site-packages/airflow/example_dags/example_params_ui_tutorial.py
[2024-06-07T07:57:07.923+0000] {logging_mixin.py:188} INFO - [2024-06-07T07:57:07.920+0000] {dag.py:3096} INFO - Sync 1 DAGs
[2024-06-07T07:57:08.075+0000] {logging_mixin.py:188} INFO - [2024-06-07T07:57:08.072+0000] {dag.py:3954} INFO - Setting next_dagrun for example_params_ui_tutorial to None, run_after=None
[2024-06-07T07:57:08.791+0000] {processor.py:183} INFO - Processing /home/airflow/.local/lib/python3.12/site-packages/airflow/example_dags/example_params_ui_tutorial.py took 1.857 seconds
[2024-06-07T07:57:40.653+0000] {processor.py:161} INFO - Started process (PID=333) to work on /home/airflow/.local/lib/python3.12/site-packages/airflow/example_dags/example_params_ui_tutorial.py
[2024-06-07T07:57:40.659+0000] {processor.py:830} INFO - Processing file /home/airflow/.local/lib/python3.12/site-packages/airflow/example_dags/example_params_ui_tutorial.py for tasks to queue
[2024-06-07T07:57:40.664+0000] {logging_mixin.py:188} INFO - [2024-06-07T07:57:40.663+0000] {dagbag.py:545} INFO - Filling up the DagBag from /home/airflow/.local/lib/python3.12/site-packages/airflow/example_dags/example_params_ui_tutorial.py
[2024-06-07T07:57:40.701+0000] {processor.py:840} INFO - DAG(s) 'example_params_ui_tutorial' retrieved from /home/airflow/.local/lib/python3.12/site-packages/airflow/example_dags/example_params_ui_tutorial.py
[2024-06-07T07:57:41.071+0000] {logging_mixin.py:188} INFO - [2024-06-07T07:57:41.071+0000] {dag.py:3096} INFO - Sync 1 DAGs
[2024-06-07T07:57:41.177+0000] {logging_mixin.py:188} INFO - [2024-06-07T07:57:41.177+0000] {dag.py:3954} INFO - Setting next_dagrun for example_params_ui_tutorial to None, run_after=None
[2024-06-07T07:57:41.567+0000] {processor.py:183} INFO - Processing /home/airflow/.local/lib/python3.12/site-packages/airflow/example_dags/example_params_ui_tutorial.py took 0.928 seconds
[2024-06-07T07:58:17.383+0000] {processor.py:161} INFO - Started process (PID=392) to work on /home/airflow/.local/lib/python3.12/site-packages/airflow/example_dags/example_params_ui_tutorial.py
[2024-06-07T07:58:17.389+0000] {processor.py:830} INFO - Processing file /home/airflow/.local/lib/python3.12/site-packages/airflow/example_dags/example_params_ui_tutorial.py for tasks to queue
[2024-06-07T07:58:17.396+0000] {logging_mixin.py:188} INFO - [2024-06-07T07:58:17.394+0000] {dagbag.py:545} INFO - Filling up the DagBag from /home/airflow/.local/lib/python3.12/site-packages/airflow/example_dags/example_params_ui_tutorial.py
[2024-06-07T07:58:17.474+0000] {processor.py:840} INFO - DAG(s) 'example_params_ui_tutorial' retrieved from /home/airflow/.local/lib/python3.12/site-packages/airflow/example_dags/example_params_ui_tutorial.py
[2024-06-07T07:58:17.548+0000] {logging_mixin.py:188} INFO - [2024-06-07T07:58:17.548+0000] {dag.py:3096} INFO - Sync 1 DAGs
[2024-06-07T07:58:17.589+0000] {logging_mixin.py:188} INFO - [2024-06-07T07:58:17.588+0000] {dag.py:3954} INFO - Setting next_dagrun for example_params_ui_tutorial to None, run_after=None
[2024-06-07T07:58:17.789+0000] {processor.py:183} INFO - Processing /home/airflow/.local/lib/python3.12/site-packages/airflow/example_dags/example_params_ui_tutorial.py took 0.436 seconds
[2024-06-07T07:58:59.161+0000] {processor.py:161} INFO - Started process (PID=461) to work on /home/airflow/.local/lib/python3.12/site-packages/airflow/example_dags/example_params_ui_tutorial.py
[2024-06-07T07:58:59.164+0000] {processor.py:830} INFO - Processing file /home/airflow/.local/lib/python3.12/site-packages/airflow/example_dags/example_params_ui_tutorial.py for tasks to queue
[2024-06-07T07:58:59.167+0000] {logging_mixin.py:188} INFO - [2024-06-07T07:58:59.167+0000] {dagbag.py:545} INFO - Filling up the DagBag from /home/airflow/.local/lib/python3.12/site-packages/airflow/example_dags/example_params_ui_tutorial.py
[2024-06-07T07:58:59.202+0000] {processor.py:840} INFO - DAG(s) 'example_params_ui_tutorial' retrieved from /home/airflow/.local/lib/python3.12/site-packages/airflow/example_dags/example_params_ui_tutorial.py
[2024-06-07T07:58:59.598+0000] {logging_mixin.py:188} INFO - [2024-06-07T07:58:59.597+0000] {dag.py:3096} INFO - Sync 1 DAGs
[2024-06-07T07:58:59.681+0000] {logging_mixin.py:188} INFO - [2024-06-07T07:58:59.681+0000] {dag.py:3954} INFO - Setting next_dagrun for example_params_ui_tutorial to None, run_after=None
[2024-06-07T07:58:59.838+0000] {processor.py:183} INFO - Processing /home/airflow/.local/lib/python3.12/site-packages/airflow/example_dags/example_params_ui_tutorial.py took 0.690 seconds
[2024-06-07T07:59:31.796+0000] {processor.py:161} INFO - Started process (PID=519) to work on /home/airflow/.local/lib/python3.12/site-packages/airflow/example_dags/example_params_ui_tutorial.py
[2024-06-07T07:59:31.814+0000] {processor.py:830} INFO - Processing file /home/airflow/.local/lib/python3.12/site-packages/airflow/example_dags/example_params_ui_tutorial.py for tasks to queue
[2024-06-07T07:59:31.834+0000] {logging_mixin.py:188} INFO - [2024-06-07T07:59:31.823+0000] {dagbag.py:545} INFO - Filling up the DagBag from /home/airflow/.local/lib/python3.12/site-packages/airflow/example_dags/example_params_ui_tutorial.py
[2024-06-07T07:59:31.886+0000] {processor.py:840} INFO - DAG(s) 'example_params_ui_tutorial' retrieved from /home/airflow/.local/lib/python3.12/site-packages/airflow/example_dags/example_params_ui_tutorial.py
[2024-06-07T07:59:32.464+0000] {logging_mixin.py:188} INFO - [2024-06-07T07:59:32.453+0000] {dag.py:3096} INFO - Sync 1 DAGs
[2024-06-07T07:59:32.596+0000] {logging_mixin.py:188} INFO - [2024-06-07T07:59:32.595+0000] {dag.py:3954} INFO - Setting next_dagrun for example_params_ui_tutorial to None, run_after=None
[2024-06-07T07:59:32.824+0000] {processor.py:183} INFO - Processing /home/airflow/.local/lib/python3.12/site-packages/airflow/example_dags/example_params_ui_tutorial.py took 1.046 seconds
[2024-06-07T08:00:34.949+0000] {processor.py:161} INFO - Started process (PID=597) to work on /home/airflow/.local/lib/python3.12/site-packages/airflow/example_dags/example_params_ui_tutorial.py
[2024-06-07T08:00:34.979+0000] {processor.py:830} INFO - Processing file /home/airflow/.local/lib/python3.12/site-packages/airflow/example_dags/example_params_ui_tutorial.py for tasks to queue
[2024-06-07T08:00:34.995+0000] {logging_mixin.py:188} INFO - [2024-06-07T08:00:34.995+0000] {dagbag.py:545} INFO - Filling up the DagBag from /home/airflow/.local/lib/python3.12/site-packages/airflow/example_dags/example_params_ui_tutorial.py
[2024-06-07T08:00:35.125+0000] {processor.py:840} INFO - DAG(s) 'example_params_ui_tutorial' retrieved from /home/airflow/.local/lib/python3.12/site-packages/airflow/example_dags/example_params_ui_tutorial.py
[2024-06-07T08:00:36.355+0000] {logging_mixin.py:188} INFO - [2024-06-07T08:00:36.355+0000] {dag.py:3096} INFO - Sync 1 DAGs
[2024-06-07T08:00:36.820+0000] {logging_mixin.py:188} INFO - [2024-06-07T08:00:36.819+0000] {dag.py:3954} INFO - Setting next_dagrun for example_params_ui_tutorial to None, run_after=None
[2024-06-07T08:00:37.459+0000] {processor.py:183} INFO - Processing /home/airflow/.local/lib/python3.12/site-packages/airflow/example_dags/example_params_ui_tutorial.py took 2.591 seconds
[2024-06-07T08:01:11.724+0000] {processor.py:161} INFO - Started process (PID=655) to work on /home/airflow/.local/lib/python3.12/site-packages/airflow/example_dags/example_params_ui_tutorial.py
[2024-06-07T08:01:11.740+0000] {processor.py:830} INFO - Processing file /home/airflow/.local/lib/python3.12/site-packages/airflow/example_dags/example_params_ui_tutorial.py for tasks to queue
[2024-06-07T08:01:11.808+0000] {logging_mixin.py:188} INFO - [2024-06-07T08:01:11.807+0000] {dagbag.py:545} INFO - Filling up the DagBag from /home/airflow/.local/lib/python3.12/site-packages/airflow/example_dags/example_params_ui_tutorial.py
[2024-06-07T08:01:11.959+0000] {processor.py:840} INFO - DAG(s) 'example_params_ui_tutorial' retrieved from /home/airflow/.local/lib/python3.12/site-packages/airflow/example_dags/example_params_ui_tutorial.py
[2024-06-07T08:01:13.374+0000] {logging_mixin.py:188} INFO - [2024-06-07T08:01:13.373+0000] {dag.py:3096} INFO - Sync 1 DAGs
[2024-06-07T08:01:13.582+0000] {logging_mixin.py:188} INFO - [2024-06-07T08:01:13.582+0000] {dag.py:3954} INFO - Setting next_dagrun for example_params_ui_tutorial to None, run_after=None
[2024-06-07T08:01:13.969+0000] {processor.py:183} INFO - Processing /home/airflow/.local/lib/python3.12/site-packages/airflow/example_dags/example_params_ui_tutorial.py took 2.287 seconds
[2024-06-07T08:02:04.055+0000] {processor.py:161} INFO - Started process (PID=718) to work on /home/airflow/.local/lib/python3.12/site-packages/airflow/example_dags/example_params_ui_tutorial.py
[2024-06-07T08:02:04.065+0000] {processor.py:830} INFO - Processing file /home/airflow/.local/lib/python3.12/site-packages/airflow/example_dags/example_params_ui_tutorial.py for tasks to queue
[2024-06-07T08:02:04.090+0000] {logging_mixin.py:188} INFO - [2024-06-07T08:02:04.089+0000] {dagbag.py:545} INFO - Filling up the DagBag from /home/airflow/.local/lib/python3.12/site-packages/airflow/example_dags/example_params_ui_tutorial.py
[2024-06-07T08:02:04.298+0000] {processor.py:840} INFO - DAG(s) 'example_params_ui_tutorial' retrieved from /home/airflow/.local/lib/python3.12/site-packages/airflow/example_dags/example_params_ui_tutorial.py
[2024-06-07T08:02:07.661+0000] {logging_mixin.py:188} INFO - [2024-06-07T08:02:07.661+0000] {dag.py:3096} INFO - Sync 1 DAGs
[2024-06-07T08:02:07.837+0000] {logging_mixin.py:188} INFO - [2024-06-07T08:02:07.837+0000] {dag.py:3954} INFO - Setting next_dagrun for example_params_ui_tutorial to None, run_after=None
[2024-06-07T08:02:08.489+0000] {processor.py:183} INFO - Processing /home/airflow/.local/lib/python3.12/site-packages/airflow/example_dags/example_params_ui_tutorial.py took 4.524 seconds
[2024-06-07T08:02:52.979+0000] {processor.py:161} INFO - Started process (PID=783) to work on /home/airflow/.local/lib/python3.12/site-packages/airflow/example_dags/example_params_ui_tutorial.py
[2024-06-07T08:02:52.981+0000] {processor.py:830} INFO - Processing file /home/airflow/.local/lib/python3.12/site-packages/airflow/example_dags/example_params_ui_tutorial.py for tasks to queue
[2024-06-07T08:02:52.985+0000] {logging_mixin.py:188} INFO - [2024-06-07T08:02:52.985+0000] {dagbag.py:545} INFO - Filling up the DagBag from /home/airflow/.local/lib/python3.12/site-packages/airflow/example_dags/example_params_ui_tutorial.py
[2024-06-07T08:02:53.021+0000] {processor.py:840} INFO - DAG(s) 'example_params_ui_tutorial' retrieved from /home/airflow/.local/lib/python3.12/site-packages/airflow/example_dags/example_params_ui_tutorial.py
[2024-06-07T08:02:53.228+0000] {logging_mixin.py:188} INFO - [2024-06-07T08:02:53.228+0000] {dag.py:3096} INFO - Sync 1 DAGs
[2024-06-07T08:02:53.274+0000] {logging_mixin.py:188} INFO - [2024-06-07T08:02:53.273+0000] {dag.py:3954} INFO - Setting next_dagrun for example_params_ui_tutorial to None, run_after=None
[2024-06-07T08:02:53.392+0000] {processor.py:183} INFO - Processing /home/airflow/.local/lib/python3.12/site-packages/airflow/example_dags/example_params_ui_tutorial.py took 0.427 seconds
[2024-06-07T08:03:29.005+0000] {processor.py:161} INFO - Started process (PID=852) to work on /home/airflow/.local/lib/python3.12/site-packages/airflow/example_dags/example_params_ui_tutorial.py
[2024-06-07T08:03:29.007+0000] {processor.py:830} INFO - Processing file /home/airflow/.local/lib/python3.12/site-packages/airflow/example_dags/example_params_ui_tutorial.py for tasks to queue
[2024-06-07T08:03:29.011+0000] {logging_mixin.py:188} INFO - [2024-06-07T08:03:29.010+0000] {dagbag.py:545} INFO - Filling up the DagBag from /home/airflow/.local/lib/python3.12/site-packages/airflow/example_dags/example_params_ui_tutorial.py
[2024-06-07T08:03:29.042+0000] {processor.py:840} INFO - DAG(s) 'example_params_ui_tutorial' retrieved from /home/airflow/.local/lib/python3.12/site-packages/airflow/example_dags/example_params_ui_tutorial.py
[2024-06-07T08:03:29.179+0000] {logging_mixin.py:188} INFO - [2024-06-07T08:03:29.179+0000] {dag.py:3096} INFO - Sync 1 DAGs
[2024-06-07T08:03:29.207+0000] {logging_mixin.py:188} INFO - [2024-06-07T08:03:29.206+0000] {dag.py:3954} INFO - Setting next_dagrun for example_params_ui_tutorial to None, run_after=None
[2024-06-07T08:03:29.376+0000] {processor.py:183} INFO - Processing /home/airflow/.local/lib/python3.12/site-packages/airflow/example_dags/example_params_ui_tutorial.py took 0.387 seconds
[2024-06-07T08:03:59.834+0000] {processor.py:161} INFO - Started process (PID=908) to work on /home/airflow/.local/lib/python3.12/site-packages/airflow/example_dags/example_params_ui_tutorial.py
[2024-06-07T08:03:59.848+0000] {processor.py:830} INFO - Processing file /home/airflow/.local/lib/python3.12/site-packages/airflow/example_dags/example_params_ui_tutorial.py for tasks to queue
[2024-06-07T08:03:59.875+0000] {logging_mixin.py:188} INFO - [2024-06-07T08:03:59.874+0000] {dagbag.py:545} INFO - Filling up the DagBag from /home/airflow/.local/lib/python3.12/site-packages/airflow/example_dags/example_params_ui_tutorial.py
[2024-06-07T08:03:59.955+0000] {processor.py:840} INFO - DAG(s) 'example_params_ui_tutorial' retrieved from /home/airflow/.local/lib/python3.12/site-packages/airflow/example_dags/example_params_ui_tutorial.py
[2024-06-07T08:04:00.259+0000] {logging_mixin.py:188} INFO - [2024-06-07T08:04:00.258+0000] {dag.py:3096} INFO - Sync 1 DAGs
[2024-06-07T08:04:00.307+0000] {logging_mixin.py:188} INFO - [2024-06-07T08:04:00.306+0000] {dag.py:3954} INFO - Setting next_dagrun for example_params_ui_tutorial to None, run_after=None
[2024-06-07T08:04:00.458+0000] {processor.py:183} INFO - Processing /home/airflow/.local/lib/python3.12/site-packages/airflow/example_dags/example_params_ui_tutorial.py took 0.675 seconds
[2024-06-07T08:04:31.793+0000] {processor.py:161} INFO - Started process (PID=966) to work on /home/airflow/.local/lib/python3.12/site-packages/airflow/example_dags/example_params_ui_tutorial.py
[2024-06-07T08:04:31.795+0000] {processor.py:830} INFO - Processing file /home/airflow/.local/lib/python3.12/site-packages/airflow/example_dags/example_params_ui_tutorial.py for tasks to queue
[2024-06-07T08:04:31.798+0000] {logging_mixin.py:188} INFO - [2024-06-07T08:04:31.798+0000] {dagbag.py:545} INFO - Filling up the DagBag from /home/airflow/.local/lib/python3.12/site-packages/airflow/example_dags/example_params_ui_tutorial.py
[2024-06-07T08:04:31.822+0000] {processor.py:840} INFO - DAG(s) 'example_params_ui_tutorial' retrieved from /home/airflow/.local/lib/python3.12/site-packages/airflow/example_dags/example_params_ui_tutorial.py
[2024-06-07T08:04:31.962+0000] {logging_mixin.py:188} INFO - [2024-06-07T08:04:31.962+0000] {dag.py:3096} INFO - Sync 1 DAGs
[2024-06-07T08:04:31.987+0000] {logging_mixin.py:188} INFO - [2024-06-07T08:04:31.987+0000] {dag.py:3954} INFO - Setting next_dagrun for example_params_ui_tutorial to None, run_after=None
[2024-06-07T08:04:32.273+0000] {processor.py:183} INFO - Processing /home/airflow/.local/lib/python3.12/site-packages/airflow/example_dags/example_params_ui_tutorial.py took 0.491 seconds
[2024-06-07T08:05:02.677+0000] {processor.py:161} INFO - Started process (PID=1024) to work on /home/airflow/.local/lib/python3.12/site-packages/airflow/example_dags/example_params_ui_tutorial.py
[2024-06-07T08:05:02.679+0000] {processor.py:830} INFO - Processing file /home/airflow/.local/lib/python3.12/site-packages/airflow/example_dags/example_params_ui_tutorial.py for tasks to queue
[2024-06-07T08:05:02.689+0000] {logging_mixin.py:188} INFO - [2024-06-07T08:05:02.688+0000] {dagbag.py:545} INFO - Filling up the DagBag from /home/airflow/.local/lib/python3.12/site-packages/airflow/example_dags/example_params_ui_tutorial.py
[2024-06-07T08:05:02.729+0000] {processor.py:840} INFO - DAG(s) 'example_params_ui_tutorial' retrieved from /home/airflow/.local/lib/python3.12/site-packages/airflow/example_dags/example_params_ui_tutorial.py
[2024-06-07T08:05:03.069+0000] {logging_mixin.py:188} INFO - [2024-06-07T08:05:03.067+0000] {dag.py:3096} INFO - Sync 1 DAGs
[2024-06-07T08:05:03.131+0000] {logging_mixin.py:188} INFO - [2024-06-07T08:05:03.130+0000] {dag.py:3954} INFO - Setting next_dagrun for example_params_ui_tutorial to None, run_after=None
[2024-06-07T08:05:04.790+0000] {processor.py:183} INFO - Processing /home/airflow/.local/lib/python3.12/site-packages/airflow/example_dags/example_params_ui_tutorial.py took 2.130 seconds
[2024-06-07T08:05:37.858+0000] {processor.py:161} INFO - Started process (PID=1082) to work on /home/airflow/.local/lib/python3.12/site-packages/airflow/example_dags/example_params_ui_tutorial.py
[2024-06-07T08:05:37.879+0000] {processor.py:830} INFO - Processing file /home/airflow/.local/lib/python3.12/site-packages/airflow/example_dags/example_params_ui_tutorial.py for tasks to queue
[2024-06-07T08:05:37.913+0000] {logging_mixin.py:188} INFO - [2024-06-07T08:05:37.912+0000] {dagbag.py:545} INFO - Filling up the DagBag from /home/airflow/.local/lib/python3.12/site-packages/airflow/example_dags/example_params_ui_tutorial.py
[2024-06-07T08:05:38.014+0000] {processor.py:840} INFO - DAG(s) 'example_params_ui_tutorial' retrieved from /home/airflow/.local/lib/python3.12/site-packages/airflow/example_dags/example_params_ui_tutorial.py
[2024-06-07T08:05:38.762+0000] {logging_mixin.py:188} INFO - [2024-06-07T08:05:38.762+0000] {dag.py:3096} INFO - Sync 1 DAGs
[2024-06-07T08:05:38.931+0000] {logging_mixin.py:188} INFO - [2024-06-07T08:05:38.919+0000] {dag.py:3954} INFO - Setting next_dagrun for example_params_ui_tutorial to None, run_after=None
[2024-06-07T08:05:39.136+0000] {processor.py:183} INFO - Processing /home/airflow/.local/lib/python3.12/site-packages/airflow/example_dags/example_params_ui_tutorial.py took 1.330 seconds
[2024-06-07T08:06:09.581+0000] {processor.py:161} INFO - Started process (PID=1140) to work on /home/airflow/.local/lib/python3.12/site-packages/airflow/example_dags/example_params_ui_tutorial.py
[2024-06-07T08:06:09.584+0000] {processor.py:830} INFO - Processing file /home/airflow/.local/lib/python3.12/site-packages/airflow/example_dags/example_params_ui_tutorial.py for tasks to queue
[2024-06-07T08:06:09.620+0000] {logging_mixin.py:188} INFO - [2024-06-07T08:06:09.619+0000] {dagbag.py:545} INFO - Filling up the DagBag from /home/airflow/.local/lib/python3.12/site-packages/airflow/example_dags/example_params_ui_tutorial.py
[2024-06-07T08:06:09.683+0000] {processor.py:840} INFO - DAG(s) 'example_params_ui_tutorial' retrieved from /home/airflow/.local/lib/python3.12/site-packages/airflow/example_dags/example_params_ui_tutorial.py
[2024-06-07T08:06:09.874+0000] {logging_mixin.py:188} INFO - [2024-06-07T08:06:09.873+0000] {dag.py:3096} INFO - Sync 1 DAGs
[2024-06-07T08:06:09.908+0000] {logging_mixin.py:188} INFO - [2024-06-07T08:06:09.907+0000] {dag.py:3954} INFO - Setting next_dagrun for example_params_ui_tutorial to None, run_after=None
[2024-06-07T08:06:10.058+0000] {processor.py:183} INFO - Processing /home/airflow/.local/lib/python3.12/site-packages/airflow/example_dags/example_params_ui_tutorial.py took 0.529 seconds
[2024-06-07T08:06:41.470+0000] {processor.py:161} INFO - Started process (PID=1208) to work on /home/airflow/.local/lib/python3.12/site-packages/airflow/example_dags/example_params_ui_tutorial.py
[2024-06-07T08:06:41.498+0000] {processor.py:830} INFO - Processing file /home/airflow/.local/lib/python3.12/site-packages/airflow/example_dags/example_params_ui_tutorial.py for tasks to queue
[2024-06-07T08:06:41.515+0000] {logging_mixin.py:188} INFO - [2024-06-07T08:06:41.514+0000] {dagbag.py:545} INFO - Filling up the DagBag from /home/airflow/.local/lib/python3.12/site-packages/airflow/example_dags/example_params_ui_tutorial.py
[2024-06-07T08:06:41.834+0000] {processor.py:840} INFO - DAG(s) 'example_params_ui_tutorial' retrieved from /home/airflow/.local/lib/python3.12/site-packages/airflow/example_dags/example_params_ui_tutorial.py
[2024-06-07T08:06:47.396+0000] {logging_mixin.py:188} INFO - [2024-06-07T08:06:47.395+0000] {dag.py:3096} INFO - Sync 1 DAGs
[2024-06-07T08:06:47.436+0000] {logging_mixin.py:188} INFO - [2024-06-07T08:06:47.436+0000] {dag.py:3954} INFO - Setting next_dagrun for example_params_ui_tutorial to None, run_after=None
[2024-06-07T08:06:47.699+0000] {processor.py:183} INFO - Processing /home/airflow/.local/lib/python3.12/site-packages/airflow/example_dags/example_params_ui_tutorial.py took 6.292 seconds
[2024-06-07T08:07:57.134+0000] {processor.py:161} INFO - Started process (PID=1285) to work on /home/airflow/.local/lib/python3.12/site-packages/airflow/example_dags/example_params_ui_tutorial.py
[2024-06-07T08:07:57.136+0000] {processor.py:830} INFO - Processing file /home/airflow/.local/lib/python3.12/site-packages/airflow/example_dags/example_params_ui_tutorial.py for tasks to queue
[2024-06-07T08:07:57.141+0000] {logging_mixin.py:188} INFO - [2024-06-07T08:07:57.140+0000] {dagbag.py:545} INFO - Filling up the DagBag from /home/airflow/.local/lib/python3.12/site-packages/airflow/example_dags/example_params_ui_tutorial.py
[2024-06-07T08:07:57.201+0000] {processor.py:840} INFO - DAG(s) 'example_params_ui_tutorial' retrieved from /home/airflow/.local/lib/python3.12/site-packages/airflow/example_dags/example_params_ui_tutorial.py
[2024-06-07T08:07:57.545+0000] {logging_mixin.py:188} INFO - [2024-06-07T08:07:57.544+0000] {dag.py:3096} INFO - Sync 1 DAGs
[2024-06-07T08:07:57.599+0000] {logging_mixin.py:188} INFO - [2024-06-07T08:07:57.599+0000] {dag.py:3954} INFO - Setting next_dagrun for example_params_ui_tutorial to None, run_after=None
[2024-06-07T08:07:57.892+0000] {processor.py:183} INFO - Processing /home/airflow/.local/lib/python3.12/site-packages/airflow/example_dags/example_params_ui_tutorial.py took 0.771 seconds
[2024-06-07T08:08:39.555+0000] {processor.py:161} INFO - Started process (PID=1347) to work on /home/airflow/.local/lib/python3.12/site-packages/airflow/example_dags/example_params_ui_tutorial.py
[2024-06-07T08:08:39.557+0000] {processor.py:830} INFO - Processing file /home/airflow/.local/lib/python3.12/site-packages/airflow/example_dags/example_params_ui_tutorial.py for tasks to queue
[2024-06-07T08:08:39.562+0000] {logging_mixin.py:188} INFO - [2024-06-07T08:08:39.560+0000] {dagbag.py:545} INFO - Filling up the DagBag from /home/airflow/.local/lib/python3.12/site-packages/airflow/example_dags/example_params_ui_tutorial.py
[2024-06-07T08:08:39.627+0000] {processor.py:840} INFO - DAG(s) 'example_params_ui_tutorial' retrieved from /home/airflow/.local/lib/python3.12/site-packages/airflow/example_dags/example_params_ui_tutorial.py
[2024-06-07T08:08:39.700+0000] {logging_mixin.py:188} INFO - [2024-06-07T08:08:39.699+0000] {dag.py:3096} INFO - Sync 1 DAGs
[2024-06-07T08:08:39.763+0000] {logging_mixin.py:188} INFO - [2024-06-07T08:08:39.762+0000] {dag.py:3954} INFO - Setting next_dagrun for example_params_ui_tutorial to None, run_after=None
[2024-06-07T08:08:40.182+0000] {processor.py:183} INFO - Processing /home/airflow/.local/lib/python3.12/site-packages/airflow/example_dags/example_params_ui_tutorial.py took 0.648 seconds
[2024-06-07T08:13:45.257+0000] {processor.py:161} INFO - Started process (PID=1492) to work on /home/airflow/.local/lib/python3.12/site-packages/airflow/example_dags/example_params_ui_tutorial.py
[2024-06-07T08:13:45.294+0000] {processor.py:830} INFO - Processing file /home/airflow/.local/lib/python3.12/site-packages/airflow/example_dags/example_params_ui_tutorial.py for tasks to queue
[2024-06-07T08:13:45.297+0000] {logging_mixin.py:188} INFO - [2024-06-07T08:13:45.296+0000] {dagbag.py:545} INFO - Filling up the DagBag from /home/airflow/.local/lib/python3.12/site-packages/airflow/example_dags/example_params_ui_tutorial.py
[2024-06-07T08:13:45.331+0000] {processor.py:840} INFO - DAG(s) 'example_params_ui_tutorial' retrieved from /home/airflow/.local/lib/python3.12/site-packages/airflow/example_dags/example_params_ui_tutorial.py
[2024-06-07T08:13:45.787+0000] {logging_mixin.py:188} INFO - [2024-06-07T08:13:45.787+0000] {dag.py:3096} INFO - Sync 1 DAGs
[2024-06-07T08:13:46.206+0000] {logging_mixin.py:188} INFO - [2024-06-07T08:13:46.206+0000] {dag.py:3954} INFO - Setting next_dagrun for example_params_ui_tutorial to None, run_after=None
[2024-06-07T08:13:46.338+0000] {processor.py:183} INFO - Processing /home/airflow/.local/lib/python3.12/site-packages/airflow/example_dags/example_params_ui_tutorial.py took 1.102 seconds
[2024-06-07T08:14:16.490+0000] {processor.py:161} INFO - Started process (PID=1549) to work on /home/airflow/.local/lib/python3.12/site-packages/airflow/example_dags/example_params_ui_tutorial.py
[2024-06-07T08:14:16.492+0000] {processor.py:830} INFO - Processing file /home/airflow/.local/lib/python3.12/site-packages/airflow/example_dags/example_params_ui_tutorial.py for tasks to queue
[2024-06-07T08:14:16.494+0000] {logging_mixin.py:188} INFO - [2024-06-07T08:14:16.493+0000] {dagbag.py:545} INFO - Filling up the DagBag from /home/airflow/.local/lib/python3.12/site-packages/airflow/example_dags/example_params_ui_tutorial.py
[2024-06-07T08:14:16.520+0000] {processor.py:840} INFO - DAG(s) 'example_params_ui_tutorial' retrieved from /home/airflow/.local/lib/python3.12/site-packages/airflow/example_dags/example_params_ui_tutorial.py
[2024-06-07T08:14:16.675+0000] {logging_mixin.py:188} INFO - [2024-06-07T08:14:16.674+0000] {dag.py:3096} INFO - Sync 1 DAGs
[2024-06-07T08:14:16.713+0000] {logging_mixin.py:188} INFO - [2024-06-07T08:14:16.712+0000] {dag.py:3954} INFO - Setting next_dagrun for example_params_ui_tutorial to None, run_after=None
[2024-06-07T08:14:17.045+0000] {processor.py:183} INFO - Processing /home/airflow/.local/lib/python3.12/site-packages/airflow/example_dags/example_params_ui_tutorial.py took 0.566 seconds
[2024-06-07T08:14:49.655+0000] {processor.py:161} INFO - Started process (PID=1607) to work on /home/airflow/.local/lib/python3.12/site-packages/airflow/example_dags/example_params_ui_tutorial.py
[2024-06-07T08:14:49.657+0000] {processor.py:830} INFO - Processing file /home/airflow/.local/lib/python3.12/site-packages/airflow/example_dags/example_params_ui_tutorial.py for tasks to queue
[2024-06-07T08:14:49.659+0000] {logging_mixin.py:188} INFO - [2024-06-07T08:14:49.659+0000] {dagbag.py:545} INFO - Filling up the DagBag from /home/airflow/.local/lib/python3.12/site-packages/airflow/example_dags/example_params_ui_tutorial.py
[2024-06-07T08:14:49.686+0000] {processor.py:840} INFO - DAG(s) 'example_params_ui_tutorial' retrieved from /home/airflow/.local/lib/python3.12/site-packages/airflow/example_dags/example_params_ui_tutorial.py
[2024-06-07T08:14:49.881+0000] {logging_mixin.py:188} INFO - [2024-06-07T08:14:49.880+0000] {dag.py:3096} INFO - Sync 1 DAGs
[2024-06-07T08:14:49.922+0000] {logging_mixin.py:188} INFO - [2024-06-07T08:14:49.921+0000] {dag.py:3954} INFO - Setting next_dagrun for example_params_ui_tutorial to None, run_after=None
[2024-06-07T08:14:50.427+0000] {processor.py:183} INFO - Processing /home/airflow/.local/lib/python3.12/site-packages/airflow/example_dags/example_params_ui_tutorial.py took 0.786 seconds
[2024-06-07T08:15:22.817+0000] {processor.py:161} INFO - Started process (PID=1665) to work on /home/airflow/.local/lib/python3.12/site-packages/airflow/example_dags/example_params_ui_tutorial.py
[2024-06-07T08:15:22.823+0000] {processor.py:830} INFO - Processing file /home/airflow/.local/lib/python3.12/site-packages/airflow/example_dags/example_params_ui_tutorial.py for tasks to queue
[2024-06-07T08:15:22.834+0000] {logging_mixin.py:188} INFO - [2024-06-07T08:15:22.833+0000] {dagbag.py:545} INFO - Filling up the DagBag from /home/airflow/.local/lib/python3.12/site-packages/airflow/example_dags/example_params_ui_tutorial.py
[2024-06-07T08:15:22.921+0000] {processor.py:840} INFO - DAG(s) 'example_params_ui_tutorial' retrieved from /home/airflow/.local/lib/python3.12/site-packages/airflow/example_dags/example_params_ui_tutorial.py
[2024-06-07T08:15:23.344+0000] {logging_mixin.py:188} INFO - [2024-06-07T08:15:23.340+0000] {dag.py:3096} INFO - Sync 1 DAGs
[2024-06-07T08:15:23.447+0000] {logging_mixin.py:188} INFO - [2024-06-07T08:15:23.446+0000] {dag.py:3954} INFO - Setting next_dagrun for example_params_ui_tutorial to None, run_after=None
[2024-06-07T08:15:23.914+0000] {processor.py:183} INFO - Processing /home/airflow/.local/lib/python3.12/site-packages/airflow/example_dags/example_params_ui_tutorial.py took 1.160 seconds
[2024-06-07T08:15:54.270+0000] {processor.py:161} INFO - Started process (PID=1723) to work on /home/airflow/.local/lib/python3.12/site-packages/airflow/example_dags/example_params_ui_tutorial.py
[2024-06-07T08:15:54.272+0000] {processor.py:830} INFO - Processing file /home/airflow/.local/lib/python3.12/site-packages/airflow/example_dags/example_params_ui_tutorial.py for tasks to queue
[2024-06-07T08:15:54.275+0000] {logging_mixin.py:188} INFO - [2024-06-07T08:15:54.274+0000] {dagbag.py:545} INFO - Filling up the DagBag from /home/airflow/.local/lib/python3.12/site-packages/airflow/example_dags/example_params_ui_tutorial.py
[2024-06-07T08:15:54.317+0000] {processor.py:840} INFO - DAG(s) 'example_params_ui_tutorial' retrieved from /home/airflow/.local/lib/python3.12/site-packages/airflow/example_dags/example_params_ui_tutorial.py
[2024-06-07T08:15:54.467+0000] {logging_mixin.py:188} INFO - [2024-06-07T08:15:54.466+0000] {dag.py:3096} INFO - Sync 1 DAGs
[2024-06-07T08:15:54.492+0000] {logging_mixin.py:188} INFO - [2024-06-07T08:15:54.492+0000] {dag.py:3954} INFO - Setting next_dagrun for example_params_ui_tutorial to None, run_after=None
[2024-06-07T08:15:54.698+0000] {processor.py:183} INFO - Processing /home/airflow/.local/lib/python3.12/site-packages/airflow/example_dags/example_params_ui_tutorial.py took 0.447 seconds
[2024-06-07T08:16:28.770+0000] {processor.py:161} INFO - Started process (PID=1782) to work on /home/airflow/.local/lib/python3.12/site-packages/airflow/example_dags/example_params_ui_tutorial.py
[2024-06-07T08:16:28.773+0000] {processor.py:830} INFO - Processing file /home/airflow/.local/lib/python3.12/site-packages/airflow/example_dags/example_params_ui_tutorial.py for tasks to queue
[2024-06-07T08:16:28.775+0000] {logging_mixin.py:188} INFO - [2024-06-07T08:16:28.774+0000] {dagbag.py:545} INFO - Filling up the DagBag from /home/airflow/.local/lib/python3.12/site-packages/airflow/example_dags/example_params_ui_tutorial.py
[2024-06-07T08:16:28.829+0000] {processor.py:840} INFO - DAG(s) 'example_params_ui_tutorial' retrieved from /home/airflow/.local/lib/python3.12/site-packages/airflow/example_dags/example_params_ui_tutorial.py
[2024-06-07T08:16:29.779+0000] {logging_mixin.py:188} INFO - [2024-06-07T08:16:29.778+0000] {dag.py:3096} INFO - Sync 1 DAGs
[2024-06-07T08:16:29.844+0000] {logging_mixin.py:188} INFO - [2024-06-07T08:16:29.844+0000] {dag.py:3954} INFO - Setting next_dagrun for example_params_ui_tutorial to None, run_after=None
[2024-06-07T08:16:30.200+0000] {processor.py:183} INFO - Processing /home/airflow/.local/lib/python3.12/site-packages/airflow/example_dags/example_params_ui_tutorial.py took 1.461 seconds
[2024-06-07T08:17:00.517+0000] {processor.py:161} INFO - Started process (PID=1839) to work on /home/airflow/.local/lib/python3.12/site-packages/airflow/example_dags/example_params_ui_tutorial.py
[2024-06-07T08:17:00.519+0000] {processor.py:830} INFO - Processing file /home/airflow/.local/lib/python3.12/site-packages/airflow/example_dags/example_params_ui_tutorial.py for tasks to queue
[2024-06-07T08:17:00.521+0000] {logging_mixin.py:188} INFO - [2024-06-07T08:17:00.520+0000] {dagbag.py:545} INFO - Filling up the DagBag from /home/airflow/.local/lib/python3.12/site-packages/airflow/example_dags/example_params_ui_tutorial.py
[2024-06-07T08:17:00.573+0000] {processor.py:840} INFO - DAG(s) 'example_params_ui_tutorial' retrieved from /home/airflow/.local/lib/python3.12/site-packages/airflow/example_dags/example_params_ui_tutorial.py
[2024-06-07T08:17:00.865+0000] {logging_mixin.py:188} INFO - [2024-06-07T08:17:00.864+0000] {dag.py:3096} INFO - Sync 1 DAGs
[2024-06-07T08:17:00.902+0000] {logging_mixin.py:188} INFO - [2024-06-07T08:17:00.901+0000] {dag.py:3954} INFO - Setting next_dagrun for example_params_ui_tutorial to None, run_after=None
[2024-06-07T08:17:01.137+0000] {processor.py:183} INFO - Processing /home/airflow/.local/lib/python3.12/site-packages/airflow/example_dags/example_params_ui_tutorial.py took 0.663 seconds
[2024-06-07T08:17:52.177+0000] {processor.py:161} INFO - Started process (PID=1926) to work on /home/airflow/.local/lib/python3.12/site-packages/airflow/example_dags/example_params_ui_tutorial.py
[2024-06-07T08:17:52.179+0000] {processor.py:830} INFO - Processing file /home/airflow/.local/lib/python3.12/site-packages/airflow/example_dags/example_params_ui_tutorial.py for tasks to queue
[2024-06-07T08:17:52.183+0000] {logging_mixin.py:188} INFO - [2024-06-07T08:17:52.181+0000] {dagbag.py:545} INFO - Filling up the DagBag from /home/airflow/.local/lib/python3.12/site-packages/airflow/example_dags/example_params_ui_tutorial.py
[2024-06-07T08:17:52.229+0000] {processor.py:840} INFO - DAG(s) 'example_params_ui_tutorial' retrieved from /home/airflow/.local/lib/python3.12/site-packages/airflow/example_dags/example_params_ui_tutorial.py
[2024-06-07T08:17:52.886+0000] {logging_mixin.py:188} INFO - [2024-06-07T08:17:52.885+0000] {dag.py:3096} INFO - Sync 1 DAGs
[2024-06-07T08:17:52.988+0000] {logging_mixin.py:188} INFO - [2024-06-07T08:17:52.987+0000] {dag.py:3954} INFO - Setting next_dagrun for example_params_ui_tutorial to None, run_after=None
[2024-06-07T08:17:53.211+0000] {processor.py:183} INFO - Processing /home/airflow/.local/lib/python3.12/site-packages/airflow/example_dags/example_params_ui_tutorial.py took 1.055 seconds
[2024-06-07T08:18:23.318+0000] {processor.py:161} INFO - Started process (PID=1984) to work on /home/airflow/.local/lib/python3.12/site-packages/airflow/example_dags/example_params_ui_tutorial.py
[2024-06-07T08:18:23.322+0000] {processor.py:830} INFO - Processing file /home/airflow/.local/lib/python3.12/site-packages/airflow/example_dags/example_params_ui_tutorial.py for tasks to queue
[2024-06-07T08:18:23.326+0000] {logging_mixin.py:188} INFO - [2024-06-07T08:18:23.325+0000] {dagbag.py:545} INFO - Filling up the DagBag from /home/airflow/.local/lib/python3.12/site-packages/airflow/example_dags/example_params_ui_tutorial.py
[2024-06-07T08:18:23.368+0000] {processor.py:840} INFO - DAG(s) 'example_params_ui_tutorial' retrieved from /home/airflow/.local/lib/python3.12/site-packages/airflow/example_dags/example_params_ui_tutorial.py
[2024-06-07T08:18:23.794+0000] {logging_mixin.py:188} INFO - [2024-06-07T08:18:23.793+0000] {dag.py:3096} INFO - Sync 1 DAGs
[2024-06-07T08:18:23.830+0000] {logging_mixin.py:188} INFO - [2024-06-07T08:18:23.830+0000] {dag.py:3954} INFO - Setting next_dagrun for example_params_ui_tutorial to None, run_after=None
[2024-06-07T08:18:23.992+0000] {processor.py:183} INFO - Processing /home/airflow/.local/lib/python3.12/site-packages/airflow/example_dags/example_params_ui_tutorial.py took 0.692 seconds
[2024-06-07T08:18:55.860+0000] {processor.py:161} INFO - Started process (PID=2042) to work on /home/airflow/.local/lib/python3.12/site-packages/airflow/example_dags/example_params_ui_tutorial.py
[2024-06-07T08:18:55.874+0000] {processor.py:830} INFO - Processing file /home/airflow/.local/lib/python3.12/site-packages/airflow/example_dags/example_params_ui_tutorial.py for tasks to queue
[2024-06-07T08:18:55.932+0000] {logging_mixin.py:188} INFO - [2024-06-07T08:18:55.931+0000] {dagbag.py:545} INFO - Filling up the DagBag from /home/airflow/.local/lib/python3.12/site-packages/airflow/example_dags/example_params_ui_tutorial.py
[2024-06-07T08:18:56.062+0000] {processor.py:840} INFO - DAG(s) 'example_params_ui_tutorial' retrieved from /home/airflow/.local/lib/python3.12/site-packages/airflow/example_dags/example_params_ui_tutorial.py
[2024-06-07T08:18:56.458+0000] {logging_mixin.py:188} INFO - [2024-06-07T08:18:56.457+0000] {dag.py:3096} INFO - Sync 1 DAGs
[2024-06-07T08:18:56.529+0000] {logging_mixin.py:188} INFO - [2024-06-07T08:18:56.529+0000] {dag.py:3954} INFO - Setting next_dagrun for example_params_ui_tutorial to None, run_after=None
[2024-06-07T08:18:56.779+0000] {processor.py:183} INFO - Processing /home/airflow/.local/lib/python3.12/site-packages/airflow/example_dags/example_params_ui_tutorial.py took 0.959 seconds
[2024-06-07T08:19:34.631+0000] {processor.py:161} INFO - Started process (PID=2104) to work on /home/airflow/.local/lib/python3.12/site-packages/airflow/example_dags/example_params_ui_tutorial.py
[2024-06-07T08:19:34.632+0000] {processor.py:830} INFO - Processing file /home/airflow/.local/lib/python3.12/site-packages/airflow/example_dags/example_params_ui_tutorial.py for tasks to queue
[2024-06-07T08:19:34.635+0000] {logging_mixin.py:188} INFO - [2024-06-07T08:19:34.634+0000] {dagbag.py:545} INFO - Filling up the DagBag from /home/airflow/.local/lib/python3.12/site-packages/airflow/example_dags/example_params_ui_tutorial.py
[2024-06-07T08:19:34.663+0000] {processor.py:840} INFO - DAG(s) 'example_params_ui_tutorial' retrieved from /home/airflow/.local/lib/python3.12/site-packages/airflow/example_dags/example_params_ui_tutorial.py
[2024-06-07T08:19:34.830+0000] {logging_mixin.py:188} INFO - [2024-06-07T08:19:34.829+0000] {dag.py:3096} INFO - Sync 1 DAGs
[2024-06-07T08:19:34.882+0000] {logging_mixin.py:188} INFO - [2024-06-07T08:19:34.882+0000] {dag.py:3954} INFO - Setting next_dagrun for example_params_ui_tutorial to None, run_after=None
[2024-06-07T08:19:35.090+0000] {processor.py:183} INFO - Processing /home/airflow/.local/lib/python3.12/site-packages/airflow/example_dags/example_params_ui_tutorial.py took 0.474 seconds
[2024-06-07T08:20:06.243+0000] {processor.py:161} INFO - Started process (PID=2162) to work on /home/airflow/.local/lib/python3.12/site-packages/airflow/example_dags/example_params_ui_tutorial.py
[2024-06-07T08:20:06.246+0000] {processor.py:830} INFO - Processing file /home/airflow/.local/lib/python3.12/site-packages/airflow/example_dags/example_params_ui_tutorial.py for tasks to queue
[2024-06-07T08:20:06.248+0000] {logging_mixin.py:188} INFO - [2024-06-07T08:20:06.247+0000] {dagbag.py:545} INFO - Filling up the DagBag from /home/airflow/.local/lib/python3.12/site-packages/airflow/example_dags/example_params_ui_tutorial.py
[2024-06-07T08:20:06.289+0000] {processor.py:840} INFO - DAG(s) 'example_params_ui_tutorial' retrieved from /home/airflow/.local/lib/python3.12/site-packages/airflow/example_dags/example_params_ui_tutorial.py
[2024-06-07T08:20:06.580+0000] {logging_mixin.py:188} INFO - [2024-06-07T08:20:06.580+0000] {dag.py:3096} INFO - Sync 1 DAGs
[2024-06-07T08:20:06.624+0000] {logging_mixin.py:188} INFO - [2024-06-07T08:20:06.623+0000] {dag.py:3954} INFO - Setting next_dagrun for example_params_ui_tutorial to None, run_after=None
[2024-06-07T08:20:07.593+0000] {processor.py:183} INFO - Processing /home/airflow/.local/lib/python3.12/site-packages/airflow/example_dags/example_params_ui_tutorial.py took 1.373 seconds
[2024-06-07T08:20:37.892+0000] {processor.py:161} INFO - Started process (PID=2221) to work on /home/airflow/.local/lib/python3.12/site-packages/airflow/example_dags/example_params_ui_tutorial.py
[2024-06-07T08:20:37.896+0000] {processor.py:830} INFO - Processing file /home/airflow/.local/lib/python3.12/site-packages/airflow/example_dags/example_params_ui_tutorial.py for tasks to queue
[2024-06-07T08:20:37.901+0000] {logging_mixin.py:188} INFO - [2024-06-07T08:20:37.900+0000] {dagbag.py:545} INFO - Filling up the DagBag from /home/airflow/.local/lib/python3.12/site-packages/airflow/example_dags/example_params_ui_tutorial.py
[2024-06-07T08:20:37.989+0000] {processor.py:840} INFO - DAG(s) 'example_params_ui_tutorial' retrieved from /home/airflow/.local/lib/python3.12/site-packages/airflow/example_dags/example_params_ui_tutorial.py
[2024-06-07T08:20:38.221+0000] {logging_mixin.py:188} INFO - [2024-06-07T08:20:38.220+0000] {dag.py:3096} INFO - Sync 1 DAGs
[2024-06-07T08:20:38.286+0000] {logging_mixin.py:188} INFO - [2024-06-07T08:20:38.285+0000] {dag.py:3954} INFO - Setting next_dagrun for example_params_ui_tutorial to None, run_after=None
[2024-06-07T08:20:38.506+0000] {processor.py:183} INFO - Processing /home/airflow/.local/lib/python3.12/site-packages/airflow/example_dags/example_params_ui_tutorial.py took 0.639 seconds
[2024-06-07T08:21:08.947+0000] {processor.py:161} INFO - Started process (PID=2279) to work on /home/airflow/.local/lib/python3.12/site-packages/airflow/example_dags/example_params_ui_tutorial.py
[2024-06-07T08:21:08.949+0000] {processor.py:830} INFO - Processing file /home/airflow/.local/lib/python3.12/site-packages/airflow/example_dags/example_params_ui_tutorial.py for tasks to queue
[2024-06-07T08:21:08.952+0000] {logging_mixin.py:188} INFO - [2024-06-07T08:21:08.951+0000] {dagbag.py:545} INFO - Filling up the DagBag from /home/airflow/.local/lib/python3.12/site-packages/airflow/example_dags/example_params_ui_tutorial.py
[2024-06-07T08:21:08.989+0000] {processor.py:840} INFO - DAG(s) 'example_params_ui_tutorial' retrieved from /home/airflow/.local/lib/python3.12/site-packages/airflow/example_dags/example_params_ui_tutorial.py
[2024-06-07T08:21:09.157+0000] {logging_mixin.py:188} INFO - [2024-06-07T08:21:09.156+0000] {dag.py:3096} INFO - Sync 1 DAGs
[2024-06-07T08:21:09.223+0000] {logging_mixin.py:188} INFO - [2024-06-07T08:21:09.223+0000] {dag.py:3954} INFO - Setting next_dagrun for example_params_ui_tutorial to None, run_after=None
[2024-06-07T08:21:09.506+0000] {processor.py:183} INFO - Processing /home/airflow/.local/lib/python3.12/site-packages/airflow/example_dags/example_params_ui_tutorial.py took 0.569 seconds
[2024-06-07T08:21:40.067+0000] {processor.py:161} INFO - Started process (PID=2336) to work on /home/airflow/.local/lib/python3.12/site-packages/airflow/example_dags/example_params_ui_tutorial.py
[2024-06-07T08:21:40.069+0000] {processor.py:830} INFO - Processing file /home/airflow/.local/lib/python3.12/site-packages/airflow/example_dags/example_params_ui_tutorial.py for tasks to queue
[2024-06-07T08:21:40.071+0000] {logging_mixin.py:188} INFO - [2024-06-07T08:21:40.070+0000] {dagbag.py:545} INFO - Filling up the DagBag from /home/airflow/.local/lib/python3.12/site-packages/airflow/example_dags/example_params_ui_tutorial.py
[2024-06-07T08:21:40.095+0000] {processor.py:840} INFO - DAG(s) 'example_params_ui_tutorial' retrieved from /home/airflow/.local/lib/python3.12/site-packages/airflow/example_dags/example_params_ui_tutorial.py
[2024-06-07T08:21:40.217+0000] {logging_mixin.py:188} INFO - [2024-06-07T08:21:40.216+0000] {dag.py:3096} INFO - Sync 1 DAGs
[2024-06-07T08:21:40.241+0000] {logging_mixin.py:188} INFO - [2024-06-07T08:21:40.241+0000] {dag.py:3954} INFO - Setting next_dagrun for example_params_ui_tutorial to None, run_after=None
[2024-06-07T08:21:40.387+0000] {processor.py:183} INFO - Processing /home/airflow/.local/lib/python3.12/site-packages/airflow/example_dags/example_params_ui_tutorial.py took 0.331 seconds
[2024-06-07T08:22:12.239+0000] {processor.py:161} INFO - Started process (PID=2398) to work on /home/airflow/.local/lib/python3.12/site-packages/airflow/example_dags/example_params_ui_tutorial.py
[2024-06-07T08:22:12.241+0000] {processor.py:830} INFO - Processing file /home/airflow/.local/lib/python3.12/site-packages/airflow/example_dags/example_params_ui_tutorial.py for tasks to queue
[2024-06-07T08:22:12.242+0000] {logging_mixin.py:188} INFO - [2024-06-07T08:22:12.242+0000] {dagbag.py:545} INFO - Filling up the DagBag from /home/airflow/.local/lib/python3.12/site-packages/airflow/example_dags/example_params_ui_tutorial.py
[2024-06-07T08:22:12.275+0000] {processor.py:840} INFO - DAG(s) 'example_params_ui_tutorial' retrieved from /home/airflow/.local/lib/python3.12/site-packages/airflow/example_dags/example_params_ui_tutorial.py
[2024-06-07T08:22:12.542+0000] {logging_mixin.py:188} INFO - [2024-06-07T08:22:12.542+0000] {dag.py:3096} INFO - Sync 1 DAGs
[2024-06-07T08:22:12.648+0000] {logging_mixin.py:188} INFO - [2024-06-07T08:22:12.647+0000] {dag.py:3954} INFO - Setting next_dagrun for example_params_ui_tutorial to None, run_after=None
[2024-06-07T08:22:13.301+0000] {processor.py:183} INFO - Processing /home/airflow/.local/lib/python3.12/site-packages/airflow/example_dags/example_params_ui_tutorial.py took 1.075 seconds
[2024-06-07T08:22:43.415+0000] {processor.py:161} INFO - Started process (PID=2457) to work on /home/airflow/.local/lib/python3.12/site-packages/airflow/example_dags/example_params_ui_tutorial.py
[2024-06-07T08:22:43.420+0000] {processor.py:830} INFO - Processing file /home/airflow/.local/lib/python3.12/site-packages/airflow/example_dags/example_params_ui_tutorial.py for tasks to queue
[2024-06-07T08:22:43.425+0000] {logging_mixin.py:188} INFO - [2024-06-07T08:22:43.425+0000] {dagbag.py:545} INFO - Filling up the DagBag from /home/airflow/.local/lib/python3.12/site-packages/airflow/example_dags/example_params_ui_tutorial.py
[2024-06-07T08:22:43.468+0000] {processor.py:840} INFO - DAG(s) 'example_params_ui_tutorial' retrieved from /home/airflow/.local/lib/python3.12/site-packages/airflow/example_dags/example_params_ui_tutorial.py
[2024-06-07T08:22:43.755+0000] {logging_mixin.py:188} INFO - [2024-06-07T08:22:43.754+0000] {dag.py:3096} INFO - Sync 1 DAGs
[2024-06-07T08:22:43.800+0000] {logging_mixin.py:188} INFO - [2024-06-07T08:22:43.798+0000] {dag.py:3954} INFO - Setting next_dagrun for example_params_ui_tutorial to None, run_after=None
[2024-06-07T08:22:44.295+0000] {processor.py:183} INFO - Processing /home/airflow/.local/lib/python3.12/site-packages/airflow/example_dags/example_params_ui_tutorial.py took 0.897 seconds
[2024-06-07T08:23:14.563+0000] {processor.py:161} INFO - Started process (PID=2515) to work on /home/airflow/.local/lib/python3.12/site-packages/airflow/example_dags/example_params_ui_tutorial.py
[2024-06-07T08:23:14.567+0000] {processor.py:830} INFO - Processing file /home/airflow/.local/lib/python3.12/site-packages/airflow/example_dags/example_params_ui_tutorial.py for tasks to queue
[2024-06-07T08:23:14.582+0000] {logging_mixin.py:188} INFO - [2024-06-07T08:23:14.577+0000] {dagbag.py:545} INFO - Filling up the DagBag from /home/airflow/.local/lib/python3.12/site-packages/airflow/example_dags/example_params_ui_tutorial.py
[2024-06-07T08:23:14.618+0000] {processor.py:840} INFO - DAG(s) 'example_params_ui_tutorial' retrieved from /home/airflow/.local/lib/python3.12/site-packages/airflow/example_dags/example_params_ui_tutorial.py
[2024-06-07T08:23:14.760+0000] {logging_mixin.py:188} INFO - [2024-06-07T08:23:14.759+0000] {dag.py:3096} INFO - Sync 1 DAGs
[2024-06-07T08:23:14.796+0000] {logging_mixin.py:188} INFO - [2024-06-07T08:23:14.795+0000] {dag.py:3954} INFO - Setting next_dagrun for example_params_ui_tutorial to None, run_after=None
[2024-06-07T08:23:14.916+0000] {processor.py:183} INFO - Processing /home/airflow/.local/lib/python3.12/site-packages/airflow/example_dags/example_params_ui_tutorial.py took 0.369 seconds
