[2024-06-07T07:55:17.243+0000] {processor.py:161} INFO - Started process (PID=95) to work on /home/airflow/.local/lib/python3.12/site-packages/airflow/example_dags/example_time_delta_sensor_async.py
[2024-06-07T07:55:17.249+0000] {processor.py:830} INFO - Processing file /home/airflow/.local/lib/python3.12/site-packages/airflow/example_dags/example_time_delta_sensor_async.py for tasks to queue
[2024-06-07T07:55:17.293+0000] {logging_mixin.py:188} INFO - [2024-06-07T07:55:17.292+0000] {dagbag.py:545} INFO - Filling up the DagBag from /home/airflow/.local/lib/python3.12/site-packages/airflow/example_dags/example_time_delta_sensor_async.py
[2024-06-07T07:55:17.328+0000] {processor.py:840} INFO - DAG(s) 'example_time_delta_sensor_async' retrieved from /home/airflow/.local/lib/python3.12/site-packages/airflow/example_dags/example_time_delta_sensor_async.py
[2024-06-07T07:55:18.146+0000] {logging_mixin.py:188} INFO - [2024-06-07T07:55:18.144+0000] {override.py:1829} INFO - Created Permission View: can delete on DAG:example_time_delta_sensor_async
[2024-06-07T07:55:18.262+0000] {logging_mixin.py:188} INFO - [2024-06-07T07:55:18.260+0000] {override.py:1829} INFO - Created Permission View: can read on DAG:example_time_delta_sensor_async
[2024-06-07T07:55:18.444+0000] {logging_mixin.py:188} INFO - [2024-06-07T07:55:18.443+0000] {override.py:1829} INFO - Created Permission View: can edit on DAG:example_time_delta_sensor_async
[2024-06-07T07:55:18.446+0000] {logging_mixin.py:188} INFO - [2024-06-07T07:55:18.445+0000] {dag.py:3096} INFO - Sync 1 DAGs
[2024-06-07T07:55:18.489+0000] {logging_mixin.py:188} INFO - [2024-06-07T07:55:18.488+0000] {dag.py:3118} INFO - Creating ORM DAG for example_time_delta_sensor_async
[2024-06-07T07:55:18.503+0000] {logging_mixin.py:188} INFO - [2024-06-07T07:55:18.502+0000] {dag.py:3954} INFO - Setting next_dagrun for example_time_delta_sensor_async to None, run_after=None
[2024-06-07T07:55:18.917+0000] {processor.py:183} INFO - Processing /home/airflow/.local/lib/python3.12/site-packages/airflow/example_dags/example_time_delta_sensor_async.py took 1.743 seconds
[2024-06-07T07:55:52.113+0000] {processor.py:161} INFO - Started process (PID=159) to work on /home/airflow/.local/lib/python3.12/site-packages/airflow/example_dags/example_time_delta_sensor_async.py
[2024-06-07T07:55:52.116+0000] {processor.py:830} INFO - Processing file /home/airflow/.local/lib/python3.12/site-packages/airflow/example_dags/example_time_delta_sensor_async.py for tasks to queue
[2024-06-07T07:55:52.123+0000] {logging_mixin.py:188} INFO - [2024-06-07T07:55:52.121+0000] {dagbag.py:545} INFO - Filling up the DagBag from /home/airflow/.local/lib/python3.12/site-packages/airflow/example_dags/example_time_delta_sensor_async.py
[2024-06-07T07:55:52.138+0000] {processor.py:840} INFO - DAG(s) 'example_time_delta_sensor_async' retrieved from /home/airflow/.local/lib/python3.12/site-packages/airflow/example_dags/example_time_delta_sensor_async.py
[2024-06-07T07:55:52.238+0000] {logging_mixin.py:188} INFO - [2024-06-07T07:55:52.237+0000] {dag.py:3096} INFO - Sync 1 DAGs
[2024-06-07T07:55:52.320+0000] {logging_mixin.py:188} INFO - [2024-06-07T07:55:52.319+0000] {dag.py:3954} INFO - Setting next_dagrun for example_time_delta_sensor_async to None, run_after=None
[2024-06-07T07:55:52.599+0000] {processor.py:183} INFO - Processing /home/airflow/.local/lib/python3.12/site-packages/airflow/example_dags/example_time_delta_sensor_async.py took 0.516 seconds
[2024-06-07T07:56:22.916+0000] {processor.py:161} INFO - Started process (PID=217) to work on /home/airflow/.local/lib/python3.12/site-packages/airflow/example_dags/example_time_delta_sensor_async.py
[2024-06-07T07:56:22.919+0000] {processor.py:830} INFO - Processing file /home/airflow/.local/lib/python3.12/site-packages/airflow/example_dags/example_time_delta_sensor_async.py for tasks to queue
[2024-06-07T07:56:22.930+0000] {logging_mixin.py:188} INFO - [2024-06-07T07:56:22.929+0000] {dagbag.py:545} INFO - Filling up the DagBag from /home/airflow/.local/lib/python3.12/site-packages/airflow/example_dags/example_time_delta_sensor_async.py
[2024-06-07T07:56:22.946+0000] {processor.py:840} INFO - DAG(s) 'example_time_delta_sensor_async' retrieved from /home/airflow/.local/lib/python3.12/site-packages/airflow/example_dags/example_time_delta_sensor_async.py
[2024-06-07T07:56:23.014+0000] {logging_mixin.py:188} INFO - [2024-06-07T07:56:23.013+0000] {dag.py:3096} INFO - Sync 1 DAGs
[2024-06-07T07:56:23.059+0000] {logging_mixin.py:188} INFO - [2024-06-07T07:56:23.058+0000] {dag.py:3954} INFO - Setting next_dagrun for example_time_delta_sensor_async to None, run_after=None
[2024-06-07T07:56:23.247+0000] {processor.py:183} INFO - Processing /home/airflow/.local/lib/python3.12/site-packages/airflow/example_dags/example_time_delta_sensor_async.py took 0.360 seconds
[2024-06-07T07:57:12.171+0000] {processor.py:161} INFO - Started process (PID=279) to work on /home/airflow/.local/lib/python3.12/site-packages/airflow/example_dags/example_time_delta_sensor_async.py
[2024-06-07T07:57:12.184+0000] {processor.py:830} INFO - Processing file /home/airflow/.local/lib/python3.12/site-packages/airflow/example_dags/example_time_delta_sensor_async.py for tasks to queue
[2024-06-07T07:57:12.189+0000] {logging_mixin.py:188} INFO - [2024-06-07T07:57:12.188+0000] {dagbag.py:545} INFO - Filling up the DagBag from /home/airflow/.local/lib/python3.12/site-packages/airflow/example_dags/example_time_delta_sensor_async.py
[2024-06-07T07:57:12.216+0000] {processor.py:840} INFO - DAG(s) 'example_time_delta_sensor_async' retrieved from /home/airflow/.local/lib/python3.12/site-packages/airflow/example_dags/example_time_delta_sensor_async.py
[2024-06-07T07:57:12.376+0000] {logging_mixin.py:188} INFO - [2024-06-07T07:57:12.375+0000] {dag.py:3096} INFO - Sync 1 DAGs
[2024-06-07T07:57:12.443+0000] {logging_mixin.py:188} INFO - [2024-06-07T07:57:12.438+0000] {dag.py:3954} INFO - Setting next_dagrun for example_time_delta_sensor_async to None, run_after=None
[2024-06-07T07:57:12.774+0000] {processor.py:183} INFO - Processing /home/airflow/.local/lib/python3.12/site-packages/airflow/example_dags/example_time_delta_sensor_async.py took 0.689 seconds
[2024-06-07T07:57:43.530+0000] {processor.py:161} INFO - Started process (PID=337) to work on /home/airflow/.local/lib/python3.12/site-packages/airflow/example_dags/example_time_delta_sensor_async.py
[2024-06-07T07:57:43.612+0000] {processor.py:830} INFO - Processing file /home/airflow/.local/lib/python3.12/site-packages/airflow/example_dags/example_time_delta_sensor_async.py for tasks to queue
[2024-06-07T07:57:43.649+0000] {logging_mixin.py:188} INFO - [2024-06-07T07:57:43.648+0000] {dagbag.py:545} INFO - Filling up the DagBag from /home/airflow/.local/lib/python3.12/site-packages/airflow/example_dags/example_time_delta_sensor_async.py
[2024-06-07T07:57:43.740+0000] {processor.py:840} INFO - DAG(s) 'example_time_delta_sensor_async' retrieved from /home/airflow/.local/lib/python3.12/site-packages/airflow/example_dags/example_time_delta_sensor_async.py
[2024-06-07T07:57:43.878+0000] {logging_mixin.py:188} INFO - [2024-06-07T07:57:43.877+0000] {dag.py:3096} INFO - Sync 1 DAGs
[2024-06-07T07:57:44.005+0000] {logging_mixin.py:188} INFO - [2024-06-07T07:57:44.005+0000] {dag.py:3954} INFO - Setting next_dagrun for example_time_delta_sensor_async to None, run_after=None
[2024-06-07T07:57:44.272+0000] {processor.py:183} INFO - Processing /home/airflow/.local/lib/python3.12/site-packages/airflow/example_dags/example_time_delta_sensor_async.py took 0.819 seconds
[2024-06-07T07:58:18.415+0000] {processor.py:161} INFO - Started process (PID=396) to work on /home/airflow/.local/lib/python3.12/site-packages/airflow/example_dags/example_time_delta_sensor_async.py
[2024-06-07T07:58:18.417+0000] {processor.py:830} INFO - Processing file /home/airflow/.local/lib/python3.12/site-packages/airflow/example_dags/example_time_delta_sensor_async.py for tasks to queue
[2024-06-07T07:58:18.423+0000] {logging_mixin.py:188} INFO - [2024-06-07T07:58:18.422+0000] {dagbag.py:545} INFO - Filling up the DagBag from /home/airflow/.local/lib/python3.12/site-packages/airflow/example_dags/example_time_delta_sensor_async.py
[2024-06-07T07:58:18.439+0000] {processor.py:840} INFO - DAG(s) 'example_time_delta_sensor_async' retrieved from /home/airflow/.local/lib/python3.12/site-packages/airflow/example_dags/example_time_delta_sensor_async.py
[2024-06-07T07:58:18.469+0000] {logging_mixin.py:188} INFO - [2024-06-07T07:58:18.469+0000] {dag.py:3096} INFO - Sync 1 DAGs
[2024-06-07T07:58:18.505+0000] {logging_mixin.py:188} INFO - [2024-06-07T07:58:18.505+0000] {dag.py:3954} INFO - Setting next_dagrun for example_time_delta_sensor_async to None, run_after=None
[2024-06-07T07:58:18.750+0000] {processor.py:183} INFO - Processing /home/airflow/.local/lib/python3.12/site-packages/airflow/example_dags/example_time_delta_sensor_async.py took 0.357 seconds
[2024-06-07T07:59:01.974+0000] {processor.py:161} INFO - Started process (PID=465) to work on /home/airflow/.local/lib/python3.12/site-packages/airflow/example_dags/example_time_delta_sensor_async.py
[2024-06-07T07:59:01.976+0000] {processor.py:830} INFO - Processing file /home/airflow/.local/lib/python3.12/site-packages/airflow/example_dags/example_time_delta_sensor_async.py for tasks to queue
[2024-06-07T07:59:02.192+0000] {logging_mixin.py:188} INFO - [2024-06-07T07:59:02.191+0000] {dagbag.py:545} INFO - Filling up the DagBag from /home/airflow/.local/lib/python3.12/site-packages/airflow/example_dags/example_time_delta_sensor_async.py
[2024-06-07T07:59:02.290+0000] {processor.py:840} INFO - DAG(s) 'example_time_delta_sensor_async' retrieved from /home/airflow/.local/lib/python3.12/site-packages/airflow/example_dags/example_time_delta_sensor_async.py
[2024-06-07T07:59:02.664+0000] {logging_mixin.py:188} INFO - [2024-06-07T07:59:02.664+0000] {dag.py:3096} INFO - Sync 1 DAGs
[2024-06-07T07:59:02.706+0000] {logging_mixin.py:188} INFO - [2024-06-07T07:59:02.706+0000] {dag.py:3954} INFO - Setting next_dagrun for example_time_delta_sensor_async to None, run_after=None
[2024-06-07T07:59:03.237+0000] {processor.py:183} INFO - Processing /home/airflow/.local/lib/python3.12/site-packages/airflow/example_dags/example_time_delta_sensor_async.py took 1.281 seconds
[2024-06-07T07:59:33.332+0000] {processor.py:161} INFO - Started process (PID=523) to work on /home/airflow/.local/lib/python3.12/site-packages/airflow/example_dags/example_time_delta_sensor_async.py
[2024-06-07T07:59:33.334+0000] {processor.py:830} INFO - Processing file /home/airflow/.local/lib/python3.12/site-packages/airflow/example_dags/example_time_delta_sensor_async.py for tasks to queue
[2024-06-07T07:59:33.339+0000] {logging_mixin.py:188} INFO - [2024-06-07T07:59:33.338+0000] {dagbag.py:545} INFO - Filling up the DagBag from /home/airflow/.local/lib/python3.12/site-packages/airflow/example_dags/example_time_delta_sensor_async.py
[2024-06-07T07:59:33.354+0000] {processor.py:840} INFO - DAG(s) 'example_time_delta_sensor_async' retrieved from /home/airflow/.local/lib/python3.12/site-packages/airflow/example_dags/example_time_delta_sensor_async.py
[2024-06-07T07:59:33.411+0000] {logging_mixin.py:188} INFO - [2024-06-07T07:59:33.411+0000] {dag.py:3096} INFO - Sync 1 DAGs
[2024-06-07T07:59:33.462+0000] {logging_mixin.py:188} INFO - [2024-06-07T07:59:33.461+0000] {dag.py:3954} INFO - Setting next_dagrun for example_time_delta_sensor_async to None, run_after=None
[2024-06-07T07:59:33.616+0000] {processor.py:183} INFO - Processing /home/airflow/.local/lib/python3.12/site-packages/airflow/example_dags/example_time_delta_sensor_async.py took 0.309 seconds
[2024-06-07T08:00:41.841+0000] {processor.py:161} INFO - Started process (PID=601) to work on /home/airflow/.local/lib/python3.12/site-packages/airflow/example_dags/example_time_delta_sensor_async.py
[2024-06-07T08:00:41.885+0000] {processor.py:830} INFO - Processing file /home/airflow/.local/lib/python3.12/site-packages/airflow/example_dags/example_time_delta_sensor_async.py for tasks to queue
[2024-06-07T08:00:41.948+0000] {logging_mixin.py:188} INFO - [2024-06-07T08:00:41.904+0000] {dagbag.py:545} INFO - Filling up the DagBag from /home/airflow/.local/lib/python3.12/site-packages/airflow/example_dags/example_time_delta_sensor_async.py
[2024-06-07T08:00:42.060+0000] {processor.py:840} INFO - DAG(s) 'example_time_delta_sensor_async' retrieved from /home/airflow/.local/lib/python3.12/site-packages/airflow/example_dags/example_time_delta_sensor_async.py
[2024-06-07T08:00:42.600+0000] {logging_mixin.py:188} INFO - [2024-06-07T08:00:42.599+0000] {dag.py:3096} INFO - Sync 1 DAGs
[2024-06-07T08:00:42.755+0000] {logging_mixin.py:188} INFO - [2024-06-07T08:00:42.742+0000] {dag.py:3954} INFO - Setting next_dagrun for example_time_delta_sensor_async to None, run_after=None
[2024-06-07T08:00:43.635+0000] {processor.py:183} INFO - Processing /home/airflow/.local/lib/python3.12/site-packages/airflow/example_dags/example_time_delta_sensor_async.py took 1.876 seconds
[2024-06-07T08:01:16.618+0000] {processor.py:161} INFO - Started process (PID=659) to work on /home/airflow/.local/lib/python3.12/site-packages/airflow/example_dags/example_time_delta_sensor_async.py
[2024-06-07T08:01:16.637+0000] {processor.py:830} INFO - Processing file /home/airflow/.local/lib/python3.12/site-packages/airflow/example_dags/example_time_delta_sensor_async.py for tasks to queue
[2024-06-07T08:01:16.655+0000] {logging_mixin.py:188} INFO - [2024-06-07T08:01:16.654+0000] {dagbag.py:545} INFO - Filling up the DagBag from /home/airflow/.local/lib/python3.12/site-packages/airflow/example_dags/example_time_delta_sensor_async.py
[2024-06-07T08:01:16.848+0000] {processor.py:840} INFO - DAG(s) 'example_time_delta_sensor_async' retrieved from /home/airflow/.local/lib/python3.12/site-packages/airflow/example_dags/example_time_delta_sensor_async.py
[2024-06-07T08:01:17.432+0000] {logging_mixin.py:188} INFO - [2024-06-07T08:01:17.432+0000] {dag.py:3096} INFO - Sync 1 DAGs
[2024-06-07T08:01:17.611+0000] {logging_mixin.py:188} INFO - [2024-06-07T08:01:17.610+0000] {dag.py:3954} INFO - Setting next_dagrun for example_time_delta_sensor_async to None, run_after=None
[2024-06-07T08:01:17.916+0000] {processor.py:183} INFO - Processing /home/airflow/.local/lib/python3.12/site-packages/airflow/example_dags/example_time_delta_sensor_async.py took 1.412 seconds
[2024-06-07T08:02:31.798+0000] {processor.py:161} INFO - Started process (PID=746) to work on /home/airflow/.local/lib/python3.12/site-packages/airflow/example_dags/example_time_delta_sensor_async.py
[2024-06-07T08:02:31.804+0000] {processor.py:830} INFO - Processing file /home/airflow/.local/lib/python3.12/site-packages/airflow/example_dags/example_time_delta_sensor_async.py for tasks to queue
[2024-06-07T08:02:31.811+0000] {logging_mixin.py:188} INFO - [2024-06-07T08:02:31.810+0000] {dagbag.py:545} INFO - Filling up the DagBag from /home/airflow/.local/lib/python3.12/site-packages/airflow/example_dags/example_time_delta_sensor_async.py
[2024-06-07T08:02:31.825+0000] {processor.py:840} INFO - DAG(s) 'example_time_delta_sensor_async' retrieved from /home/airflow/.local/lib/python3.12/site-packages/airflow/example_dags/example_time_delta_sensor_async.py
[2024-06-07T08:02:32.565+0000] {logging_mixin.py:188} INFO - [2024-06-07T08:02:32.563+0000] {dag.py:3096} INFO - Sync 1 DAGs
[2024-06-07T08:02:32.704+0000] {logging_mixin.py:188} INFO - [2024-06-07T08:02:32.703+0000] {dag.py:3954} INFO - Setting next_dagrun for example_time_delta_sensor_async to None, run_after=None
[2024-06-07T08:02:32.828+0000] {processor.py:183} INFO - Processing /home/airflow/.local/lib/python3.12/site-packages/airflow/example_dags/example_time_delta_sensor_async.py took 1.056 seconds
[2024-06-07T08:03:03.739+0000] {processor.py:161} INFO - Started process (PID=806) to work on /home/airflow/.local/lib/python3.12/site-packages/airflow/example_dags/example_time_delta_sensor_async.py
[2024-06-07T08:03:03.740+0000] {processor.py:830} INFO - Processing file /home/airflow/.local/lib/python3.12/site-packages/airflow/example_dags/example_time_delta_sensor_async.py for tasks to queue
[2024-06-07T08:03:03.745+0000] {logging_mixin.py:188} INFO - [2024-06-07T08:03:03.744+0000] {dagbag.py:545} INFO - Filling up the DagBag from /home/airflow/.local/lib/python3.12/site-packages/airflow/example_dags/example_time_delta_sensor_async.py
[2024-06-07T08:03:03.771+0000] {processor.py:840} INFO - DAG(s) 'example_time_delta_sensor_async' retrieved from /home/airflow/.local/lib/python3.12/site-packages/airflow/example_dags/example_time_delta_sensor_async.py
[2024-06-07T08:03:03.938+0000] {logging_mixin.py:188} INFO - [2024-06-07T08:03:03.938+0000] {dag.py:3096} INFO - Sync 1 DAGs
[2024-06-07T08:03:04.007+0000] {logging_mixin.py:188} INFO - [2024-06-07T08:03:04.007+0000] {dag.py:3954} INFO - Setting next_dagrun for example_time_delta_sensor_async to None, run_after=None
[2024-06-07T08:03:04.196+0000] {processor.py:183} INFO - Processing /home/airflow/.local/lib/python3.12/site-packages/airflow/example_dags/example_time_delta_sensor_async.py took 0.484 seconds
[2024-06-07T08:03:34.865+0000] {processor.py:161} INFO - Started process (PID=864) to work on /home/airflow/.local/lib/python3.12/site-packages/airflow/example_dags/example_time_delta_sensor_async.py
[2024-06-07T08:03:34.867+0000] {processor.py:830} INFO - Processing file /home/airflow/.local/lib/python3.12/site-packages/airflow/example_dags/example_time_delta_sensor_async.py for tasks to queue
[2024-06-07T08:03:34.872+0000] {logging_mixin.py:188} INFO - [2024-06-07T08:03:34.871+0000] {dagbag.py:545} INFO - Filling up the DagBag from /home/airflow/.local/lib/python3.12/site-packages/airflow/example_dags/example_time_delta_sensor_async.py
[2024-06-07T08:03:34.882+0000] {processor.py:840} INFO - DAG(s) 'example_time_delta_sensor_async' retrieved from /home/airflow/.local/lib/python3.12/site-packages/airflow/example_dags/example_time_delta_sensor_async.py
[2024-06-07T08:03:34.952+0000] {logging_mixin.py:188} INFO - [2024-06-07T08:03:34.952+0000] {dag.py:3096} INFO - Sync 1 DAGs
[2024-06-07T08:03:34.992+0000] {logging_mixin.py:188} INFO - [2024-06-07T08:03:34.992+0000] {dag.py:3954} INFO - Setting next_dagrun for example_time_delta_sensor_async to None, run_after=None
[2024-06-07T08:03:35.147+0000] {processor.py:183} INFO - Processing /home/airflow/.local/lib/python3.12/site-packages/airflow/example_dags/example_time_delta_sensor_async.py took 0.297 seconds
[2024-06-07T08:04:07.010+0000] {processor.py:161} INFO - Started process (PID=922) to work on /home/airflow/.local/lib/python3.12/site-packages/airflow/example_dags/example_time_delta_sensor_async.py
[2024-06-07T08:04:07.012+0000] {processor.py:830} INFO - Processing file /home/airflow/.local/lib/python3.12/site-packages/airflow/example_dags/example_time_delta_sensor_async.py for tasks to queue
[2024-06-07T08:04:07.017+0000] {logging_mixin.py:188} INFO - [2024-06-07T08:04:07.016+0000] {dagbag.py:545} INFO - Filling up the DagBag from /home/airflow/.local/lib/python3.12/site-packages/airflow/example_dags/example_time_delta_sensor_async.py
[2024-06-07T08:04:07.029+0000] {processor.py:840} INFO - DAG(s) 'example_time_delta_sensor_async' retrieved from /home/airflow/.local/lib/python3.12/site-packages/airflow/example_dags/example_time_delta_sensor_async.py
[2024-06-07T08:04:07.092+0000] {logging_mixin.py:188} INFO - [2024-06-07T08:04:07.091+0000] {dag.py:3096} INFO - Sync 1 DAGs
[2024-06-07T08:04:07.145+0000] {logging_mixin.py:188} INFO - [2024-06-07T08:04:07.144+0000] {dag.py:3954} INFO - Setting next_dagrun for example_time_delta_sensor_async to None, run_after=None
[2024-06-07T08:04:07.231+0000] {processor.py:183} INFO - Processing /home/airflow/.local/lib/python3.12/site-packages/airflow/example_dags/example_time_delta_sensor_async.py took 0.235 seconds
[2024-06-07T08:04:40.478+0000] {processor.py:161} INFO - Started process (PID=980) to work on /home/airflow/.local/lib/python3.12/site-packages/airflow/example_dags/example_time_delta_sensor_async.py
[2024-06-07T08:04:40.481+0000] {processor.py:830} INFO - Processing file /home/airflow/.local/lib/python3.12/site-packages/airflow/example_dags/example_time_delta_sensor_async.py for tasks to queue
[2024-06-07T08:04:40.490+0000] {logging_mixin.py:188} INFO - [2024-06-07T08:04:40.487+0000] {dagbag.py:545} INFO - Filling up the DagBag from /home/airflow/.local/lib/python3.12/site-packages/airflow/example_dags/example_time_delta_sensor_async.py
[2024-06-07T08:04:40.512+0000] {processor.py:840} INFO - DAG(s) 'example_time_delta_sensor_async' retrieved from /home/airflow/.local/lib/python3.12/site-packages/airflow/example_dags/example_time_delta_sensor_async.py
[2024-06-07T08:04:40.593+0000] {logging_mixin.py:188} INFO - [2024-06-07T08:04:40.593+0000] {dag.py:3096} INFO - Sync 1 DAGs
[2024-06-07T08:04:40.632+0000] {logging_mixin.py:188} INFO - [2024-06-07T08:04:40.632+0000] {dag.py:3954} INFO - Setting next_dagrun for example_time_delta_sensor_async to None, run_after=None
[2024-06-07T08:04:40.719+0000] {processor.py:183} INFO - Processing /home/airflow/.local/lib/python3.12/site-packages/airflow/example_dags/example_time_delta_sensor_async.py took 0.259 seconds
[2024-06-07T08:05:15.622+0000] {processor.py:161} INFO - Started process (PID=1040) to work on /home/airflow/.local/lib/python3.12/site-packages/airflow/example_dags/example_time_delta_sensor_async.py
[2024-06-07T08:05:15.624+0000] {processor.py:830} INFO - Processing file /home/airflow/.local/lib/python3.12/site-packages/airflow/example_dags/example_time_delta_sensor_async.py for tasks to queue
[2024-06-07T08:05:15.630+0000] {logging_mixin.py:188} INFO - [2024-06-07T08:05:15.629+0000] {dagbag.py:545} INFO - Filling up the DagBag from /home/airflow/.local/lib/python3.12/site-packages/airflow/example_dags/example_time_delta_sensor_async.py
[2024-06-07T08:05:15.641+0000] {processor.py:840} INFO - DAG(s) 'example_time_delta_sensor_async' retrieved from /home/airflow/.local/lib/python3.12/site-packages/airflow/example_dags/example_time_delta_sensor_async.py
[2024-06-07T08:05:15.722+0000] {logging_mixin.py:188} INFO - [2024-06-07T08:05:15.722+0000] {dag.py:3096} INFO - Sync 1 DAGs
[2024-06-07T08:05:15.770+0000] {logging_mixin.py:188} INFO - [2024-06-07T08:05:15.770+0000] {dag.py:3954} INFO - Setting next_dagrun for example_time_delta_sensor_async to None, run_after=None
[2024-06-07T08:05:15.929+0000] {processor.py:183} INFO - Processing /home/airflow/.local/lib/python3.12/site-packages/airflow/example_dags/example_time_delta_sensor_async.py took 0.319 seconds
[2024-06-07T08:05:47.437+0000] {processor.py:161} INFO - Started process (PID=1098) to work on /home/airflow/.local/lib/python3.12/site-packages/airflow/example_dags/example_time_delta_sensor_async.py
[2024-06-07T08:05:47.467+0000] {processor.py:830} INFO - Processing file /home/airflow/.local/lib/python3.12/site-packages/airflow/example_dags/example_time_delta_sensor_async.py for tasks to queue
[2024-06-07T08:05:47.491+0000] {logging_mixin.py:188} INFO - [2024-06-07T08:05:47.491+0000] {dagbag.py:545} INFO - Filling up the DagBag from /home/airflow/.local/lib/python3.12/site-packages/airflow/example_dags/example_time_delta_sensor_async.py
[2024-06-07T08:05:47.559+0000] {processor.py:840} INFO - DAG(s) 'example_time_delta_sensor_async' retrieved from /home/airflow/.local/lib/python3.12/site-packages/airflow/example_dags/example_time_delta_sensor_async.py
[2024-06-07T08:05:47.740+0000] {logging_mixin.py:188} INFO - [2024-06-07T08:05:47.739+0000] {dag.py:3096} INFO - Sync 1 DAGs
[2024-06-07T08:05:47.834+0000] {logging_mixin.py:188} INFO - [2024-06-07T08:05:47.833+0000] {dag.py:3954} INFO - Setting next_dagrun for example_time_delta_sensor_async to None, run_after=None
[2024-06-07T08:05:48.069+0000] {processor.py:183} INFO - Processing /home/airflow/.local/lib/python3.12/site-packages/airflow/example_dags/example_time_delta_sensor_async.py took 0.664 seconds
[2024-06-07T08:06:18.422+0000] {processor.py:161} INFO - Started process (PID=1165) to work on /home/airflow/.local/lib/python3.12/site-packages/airflow/example_dags/example_time_delta_sensor_async.py
[2024-06-07T08:06:18.424+0000] {processor.py:830} INFO - Processing file /home/airflow/.local/lib/python3.12/site-packages/airflow/example_dags/example_time_delta_sensor_async.py for tasks to queue
[2024-06-07T08:06:18.430+0000] {logging_mixin.py:188} INFO - [2024-06-07T08:06:18.429+0000] {dagbag.py:545} INFO - Filling up the DagBag from /home/airflow/.local/lib/python3.12/site-packages/airflow/example_dags/example_time_delta_sensor_async.py
[2024-06-07T08:06:18.440+0000] {processor.py:840} INFO - DAG(s) 'example_time_delta_sensor_async' retrieved from /home/airflow/.local/lib/python3.12/site-packages/airflow/example_dags/example_time_delta_sensor_async.py
[2024-06-07T08:06:18.502+0000] {logging_mixin.py:188} INFO - [2024-06-07T08:06:18.502+0000] {dag.py:3096} INFO - Sync 1 DAGs
[2024-06-07T08:06:18.547+0000] {logging_mixin.py:188} INFO - [2024-06-07T08:06:18.546+0000] {dag.py:3954} INFO - Setting next_dagrun for example_time_delta_sensor_async to None, run_after=None
[2024-06-07T08:06:18.733+0000] {processor.py:183} INFO - Processing /home/airflow/.local/lib/python3.12/site-packages/airflow/example_dags/example_time_delta_sensor_async.py took 0.326 seconds
[2024-06-07T08:07:38.582+0000] {processor.py:161} INFO - Started process (PID=1258) to work on /home/airflow/.local/lib/python3.12/site-packages/airflow/example_dags/example_time_delta_sensor_async.py
[2024-06-07T08:07:38.585+0000] {processor.py:830} INFO - Processing file /home/airflow/.local/lib/python3.12/site-packages/airflow/example_dags/example_time_delta_sensor_async.py for tasks to queue
[2024-06-07T08:07:38.591+0000] {logging_mixin.py:188} INFO - [2024-06-07T08:07:38.591+0000] {dagbag.py:545} INFO - Filling up the DagBag from /home/airflow/.local/lib/python3.12/site-packages/airflow/example_dags/example_time_delta_sensor_async.py
[2024-06-07T08:07:38.614+0000] {processor.py:840} INFO - DAG(s) 'example_time_delta_sensor_async' retrieved from /home/airflow/.local/lib/python3.12/site-packages/airflow/example_dags/example_time_delta_sensor_async.py
[2024-06-07T08:07:38.668+0000] {logging_mixin.py:188} INFO - [2024-06-07T08:07:38.667+0000] {dag.py:3096} INFO - Sync 1 DAGs
[2024-06-07T08:07:38.698+0000] {logging_mixin.py:188} INFO - [2024-06-07T08:07:38.697+0000] {dag.py:3954} INFO - Setting next_dagrun for example_time_delta_sensor_async to None, run_after=None
[2024-06-07T08:07:38.965+0000] {processor.py:183} INFO - Processing /home/airflow/.local/lib/python3.12/site-packages/airflow/example_dags/example_time_delta_sensor_async.py took 0.393 seconds
[2024-06-07T08:08:27.751+0000] {processor.py:161} INFO - Started process (PID=1318) to work on /home/airflow/.local/lib/python3.12/site-packages/airflow/example_dags/example_time_delta_sensor_async.py
[2024-06-07T08:08:27.753+0000] {processor.py:830} INFO - Processing file /home/airflow/.local/lib/python3.12/site-packages/airflow/example_dags/example_time_delta_sensor_async.py for tasks to queue
[2024-06-07T08:08:27.759+0000] {logging_mixin.py:188} INFO - [2024-06-07T08:08:27.758+0000] {dagbag.py:545} INFO - Filling up the DagBag from /home/airflow/.local/lib/python3.12/site-packages/airflow/example_dags/example_time_delta_sensor_async.py
[2024-06-07T08:08:27.770+0000] {processor.py:840} INFO - DAG(s) 'example_time_delta_sensor_async' retrieved from /home/airflow/.local/lib/python3.12/site-packages/airflow/example_dags/example_time_delta_sensor_async.py
[2024-06-07T08:08:27.805+0000] {logging_mixin.py:188} INFO - [2024-06-07T08:08:27.804+0000] {dag.py:3096} INFO - Sync 1 DAGs
[2024-06-07T08:08:27.838+0000] {logging_mixin.py:188} INFO - [2024-06-07T08:08:27.837+0000] {dag.py:3954} INFO - Setting next_dagrun for example_time_delta_sensor_async to None, run_after=None
[2024-06-07T08:08:28.049+0000] {processor.py:183} INFO - Processing /home/airflow/.local/lib/python3.12/site-packages/airflow/example_dags/example_time_delta_sensor_async.py took 0.311 seconds
[2024-06-07T08:09:04.393+0000] {processor.py:161} INFO - Started process (PID=1380) to work on /home/airflow/.local/lib/python3.12/site-packages/airflow/example_dags/example_time_delta_sensor_async.py
[2024-06-07T08:09:04.394+0000] {processor.py:830} INFO - Processing file /home/airflow/.local/lib/python3.12/site-packages/airflow/example_dags/example_time_delta_sensor_async.py for tasks to queue
[2024-06-07T08:09:04.399+0000] {logging_mixin.py:188} INFO - [2024-06-07T08:09:04.398+0000] {dagbag.py:545} INFO - Filling up the DagBag from /home/airflow/.local/lib/python3.12/site-packages/airflow/example_dags/example_time_delta_sensor_async.py
[2024-06-07T08:09:04.411+0000] {processor.py:840} INFO - DAG(s) 'example_time_delta_sensor_async' retrieved from /home/airflow/.local/lib/python3.12/site-packages/airflow/example_dags/example_time_delta_sensor_async.py
[2024-06-07T08:09:05.156+0000] {logging_mixin.py:188} INFO - [2024-06-07T08:09:05.155+0000] {dag.py:3096} INFO - Sync 1 DAGs
[2024-06-07T08:09:05.251+0000] {logging_mixin.py:188} INFO - [2024-06-07T08:09:05.251+0000] {dag.py:3954} INFO - Setting next_dagrun for example_time_delta_sensor_async to None, run_after=None
[2024-06-07T08:09:05.618+0000] {processor.py:183} INFO - Processing /home/airflow/.local/lib/python3.12/site-packages/airflow/example_dags/example_time_delta_sensor_async.py took 1.247 seconds
[2024-06-07T08:13:48.580+0000] {processor.py:161} INFO - Started process (PID=1496) to work on /home/airflow/.local/lib/python3.12/site-packages/airflow/example_dags/example_time_delta_sensor_async.py
[2024-06-07T08:13:48.663+0000] {processor.py:830} INFO - Processing file /home/airflow/.local/lib/python3.12/site-packages/airflow/example_dags/example_time_delta_sensor_async.py for tasks to queue
[2024-06-07T08:13:48.666+0000] {logging_mixin.py:188} INFO - [2024-06-07T08:13:48.665+0000] {dagbag.py:545} INFO - Filling up the DagBag from /home/airflow/.local/lib/python3.12/site-packages/airflow/example_dags/example_time_delta_sensor_async.py
[2024-06-07T08:13:48.688+0000] {processor.py:840} INFO - DAG(s) 'example_time_delta_sensor_async' retrieved from /home/airflow/.local/lib/python3.12/site-packages/airflow/example_dags/example_time_delta_sensor_async.py
[2024-06-07T08:13:48.792+0000] {logging_mixin.py:188} INFO - [2024-06-07T08:13:48.792+0000] {dag.py:3096} INFO - Sync 1 DAGs
[2024-06-07T08:13:48.897+0000] {logging_mixin.py:188} INFO - [2024-06-07T08:13:48.896+0000] {dag.py:3954} INFO - Setting next_dagrun for example_time_delta_sensor_async to None, run_after=None
[2024-06-07T08:13:49.273+0000] {processor.py:183} INFO - Processing /home/airflow/.local/lib/python3.12/site-packages/airflow/example_dags/example_time_delta_sensor_async.py took 0.720 seconds
[2024-06-07T08:14:20.179+0000] {processor.py:161} INFO - Started process (PID=1553) to work on /home/airflow/.local/lib/python3.12/site-packages/airflow/example_dags/example_time_delta_sensor_async.py
[2024-06-07T08:14:20.181+0000] {processor.py:830} INFO - Processing file /home/airflow/.local/lib/python3.12/site-packages/airflow/example_dags/example_time_delta_sensor_async.py for tasks to queue
[2024-06-07T08:14:20.190+0000] {logging_mixin.py:188} INFO - [2024-06-07T08:14:20.183+0000] {dagbag.py:545} INFO - Filling up the DagBag from /home/airflow/.local/lib/python3.12/site-packages/airflow/example_dags/example_time_delta_sensor_async.py
[2024-06-07T08:14:20.211+0000] {processor.py:840} INFO - DAG(s) 'example_time_delta_sensor_async' retrieved from /home/airflow/.local/lib/python3.12/site-packages/airflow/example_dags/example_time_delta_sensor_async.py
[2024-06-07T08:14:20.308+0000] {logging_mixin.py:188} INFO - [2024-06-07T08:14:20.307+0000] {dag.py:3096} INFO - Sync 1 DAGs
[2024-06-07T08:14:20.345+0000] {logging_mixin.py:188} INFO - [2024-06-07T08:14:20.345+0000] {dag.py:3954} INFO - Setting next_dagrun for example_time_delta_sensor_async to None, run_after=None
[2024-06-07T08:14:20.844+0000] {processor.py:183} INFO - Processing /home/airflow/.local/lib/python3.12/site-packages/airflow/example_dags/example_time_delta_sensor_async.py took 0.682 seconds
[2024-06-07T08:14:51.060+0000] {processor.py:161} INFO - Started process (PID=1610) to work on /home/airflow/.local/lib/python3.12/site-packages/airflow/example_dags/example_time_delta_sensor_async.py
[2024-06-07T08:14:51.062+0000] {processor.py:830} INFO - Processing file /home/airflow/.local/lib/python3.12/site-packages/airflow/example_dags/example_time_delta_sensor_async.py for tasks to queue
[2024-06-07T08:14:51.065+0000] {logging_mixin.py:188} INFO - [2024-06-07T08:14:51.064+0000] {dagbag.py:545} INFO - Filling up the DagBag from /home/airflow/.local/lib/python3.12/site-packages/airflow/example_dags/example_time_delta_sensor_async.py
[2024-06-07T08:14:51.073+0000] {processor.py:840} INFO - DAG(s) 'example_time_delta_sensor_async' retrieved from /home/airflow/.local/lib/python3.12/site-packages/airflow/example_dags/example_time_delta_sensor_async.py
[2024-06-07T08:14:51.111+0000] {logging_mixin.py:188} INFO - [2024-06-07T08:14:51.110+0000] {dag.py:3096} INFO - Sync 1 DAGs
[2024-06-07T08:14:51.139+0000] {logging_mixin.py:188} INFO - [2024-06-07T08:14:51.138+0000] {dag.py:3954} INFO - Setting next_dagrun for example_time_delta_sensor_async to None, run_after=None
[2024-06-07T08:14:51.655+0000] {processor.py:183} INFO - Processing /home/airflow/.local/lib/python3.12/site-packages/airflow/example_dags/example_time_delta_sensor_async.py took 0.609 seconds
[2024-06-07T08:15:25.318+0000] {processor.py:161} INFO - Started process (PID=1670) to work on /home/airflow/.local/lib/python3.12/site-packages/airflow/example_dags/example_time_delta_sensor_async.py
[2024-06-07T08:15:25.320+0000] {processor.py:830} INFO - Processing file /home/airflow/.local/lib/python3.12/site-packages/airflow/example_dags/example_time_delta_sensor_async.py for tasks to queue
[2024-06-07T08:15:25.323+0000] {logging_mixin.py:188} INFO - [2024-06-07T08:15:25.322+0000] {dagbag.py:545} INFO - Filling up the DagBag from /home/airflow/.local/lib/python3.12/site-packages/airflow/example_dags/example_time_delta_sensor_async.py
[2024-06-07T08:15:25.347+0000] {processor.py:840} INFO - DAG(s) 'example_time_delta_sensor_async' retrieved from /home/airflow/.local/lib/python3.12/site-packages/airflow/example_dags/example_time_delta_sensor_async.py
[2024-06-07T08:15:25.420+0000] {logging_mixin.py:188} INFO - [2024-06-07T08:15:25.419+0000] {dag.py:3096} INFO - Sync 1 DAGs
[2024-06-07T08:15:25.532+0000] {logging_mixin.py:188} INFO - [2024-06-07T08:15:25.532+0000] {dag.py:3954} INFO - Setting next_dagrun for example_time_delta_sensor_async to None, run_after=None
[2024-06-07T08:15:25.793+0000] {processor.py:183} INFO - Processing /home/airflow/.local/lib/python3.12/site-packages/airflow/example_dags/example_time_delta_sensor_async.py took 0.496 seconds
[2024-06-07T08:15:55.975+0000] {processor.py:161} INFO - Started process (PID=1728) to work on /home/airflow/.local/lib/python3.12/site-packages/airflow/example_dags/example_time_delta_sensor_async.py
[2024-06-07T08:15:55.979+0000] {processor.py:830} INFO - Processing file /home/airflow/.local/lib/python3.12/site-packages/airflow/example_dags/example_time_delta_sensor_async.py for tasks to queue
[2024-06-07T08:15:55.982+0000] {logging_mixin.py:188} INFO - [2024-06-07T08:15:55.981+0000] {dagbag.py:545} INFO - Filling up the DagBag from /home/airflow/.local/lib/python3.12/site-packages/airflow/example_dags/example_time_delta_sensor_async.py
[2024-06-07T08:15:55.995+0000] {processor.py:840} INFO - DAG(s) 'example_time_delta_sensor_async' retrieved from /home/airflow/.local/lib/python3.12/site-packages/airflow/example_dags/example_time_delta_sensor_async.py
[2024-06-07T08:15:56.042+0000] {logging_mixin.py:188} INFO - [2024-06-07T08:15:56.041+0000] {dag.py:3096} INFO - Sync 1 DAGs
[2024-06-07T08:15:56.071+0000] {logging_mixin.py:188} INFO - [2024-06-07T08:15:56.070+0000] {dag.py:3954} INFO - Setting next_dagrun for example_time_delta_sensor_async to None, run_after=None
[2024-06-07T08:15:56.478+0000] {processor.py:183} INFO - Processing /home/airflow/.local/lib/python3.12/site-packages/airflow/example_dags/example_time_delta_sensor_async.py took 0.519 seconds
[2024-06-07T08:16:31.339+0000] {processor.py:161} INFO - Started process (PID=1786) to work on /home/airflow/.local/lib/python3.12/site-packages/airflow/example_dags/example_time_delta_sensor_async.py
[2024-06-07T08:16:31.343+0000] {processor.py:830} INFO - Processing file /home/airflow/.local/lib/python3.12/site-packages/airflow/example_dags/example_time_delta_sensor_async.py for tasks to queue
[2024-06-07T08:16:31.351+0000] {logging_mixin.py:188} INFO - [2024-06-07T08:16:31.348+0000] {dagbag.py:545} INFO - Filling up the DagBag from /home/airflow/.local/lib/python3.12/site-packages/airflow/example_dags/example_time_delta_sensor_async.py
[2024-06-07T08:16:31.371+0000] {processor.py:840} INFO - DAG(s) 'example_time_delta_sensor_async' retrieved from /home/airflow/.local/lib/python3.12/site-packages/airflow/example_dags/example_time_delta_sensor_async.py
[2024-06-07T08:16:31.517+0000] {logging_mixin.py:188} INFO - [2024-06-07T08:16:31.517+0000] {dag.py:3096} INFO - Sync 1 DAGs
[2024-06-07T08:16:32.498+0000] {logging_mixin.py:188} INFO - [2024-06-07T08:16:32.497+0000] {dag.py:3954} INFO - Setting next_dagrun for example_time_delta_sensor_async to None, run_after=None
[2024-06-07T08:16:33.058+0000] {processor.py:183} INFO - Processing /home/airflow/.local/lib/python3.12/site-packages/airflow/example_dags/example_time_delta_sensor_async.py took 1.743 seconds
[2024-06-07T08:17:03.872+0000] {processor.py:161} INFO - Started process (PID=1843) to work on /home/airflow/.local/lib/python3.12/site-packages/airflow/example_dags/example_time_delta_sensor_async.py
[2024-06-07T08:17:03.879+0000] {processor.py:830} INFO - Processing file /home/airflow/.local/lib/python3.12/site-packages/airflow/example_dags/example_time_delta_sensor_async.py for tasks to queue
[2024-06-07T08:17:03.886+0000] {logging_mixin.py:188} INFO - [2024-06-07T08:17:03.885+0000] {dagbag.py:545} INFO - Filling up the DagBag from /home/airflow/.local/lib/python3.12/site-packages/airflow/example_dags/example_time_delta_sensor_async.py
[2024-06-07T08:17:03.897+0000] {processor.py:840} INFO - DAG(s) 'example_time_delta_sensor_async' retrieved from /home/airflow/.local/lib/python3.12/site-packages/airflow/example_dags/example_time_delta_sensor_async.py
[2024-06-07T08:17:03.961+0000] {logging_mixin.py:188} INFO - [2024-06-07T08:17:03.961+0000] {dag.py:3096} INFO - Sync 1 DAGs
[2024-06-07T08:17:04.017+0000] {logging_mixin.py:188} INFO - [2024-06-07T08:17:04.016+0000] {dag.py:3954} INFO - Setting next_dagrun for example_time_delta_sensor_async to None, run_after=None
[2024-06-07T08:17:04.218+0000] {processor.py:183} INFO - Processing /home/airflow/.local/lib/python3.12/site-packages/airflow/example_dags/example_time_delta_sensor_async.py took 0.360 seconds
[2024-06-07T08:17:54.141+0000] {processor.py:161} INFO - Started process (PID=1930) to work on /home/airflow/.local/lib/python3.12/site-packages/airflow/example_dags/example_time_delta_sensor_async.py
[2024-06-07T08:17:54.150+0000] {processor.py:830} INFO - Processing file /home/airflow/.local/lib/python3.12/site-packages/airflow/example_dags/example_time_delta_sensor_async.py for tasks to queue
[2024-06-07T08:17:54.158+0000] {logging_mixin.py:188} INFO - [2024-06-07T08:17:54.156+0000] {dagbag.py:545} INFO - Filling up the DagBag from /home/airflow/.local/lib/python3.12/site-packages/airflow/example_dags/example_time_delta_sensor_async.py
[2024-06-07T08:17:54.236+0000] {processor.py:840} INFO - DAG(s) 'example_time_delta_sensor_async' retrieved from /home/airflow/.local/lib/python3.12/site-packages/airflow/example_dags/example_time_delta_sensor_async.py
[2024-06-07T08:17:54.379+0000] {logging_mixin.py:188} INFO - [2024-06-07T08:17:54.378+0000] {dag.py:3096} INFO - Sync 1 DAGs
[2024-06-07T08:17:54.460+0000] {logging_mixin.py:188} INFO - [2024-06-07T08:17:54.459+0000] {dag.py:3954} INFO - Setting next_dagrun for example_time_delta_sensor_async to None, run_after=None
[2024-06-07T08:17:54.992+0000] {processor.py:183} INFO - Processing /home/airflow/.local/lib/python3.12/site-packages/airflow/example_dags/example_time_delta_sensor_async.py took 0.953 seconds
[2024-06-07T08:18:25.651+0000] {processor.py:161} INFO - Started process (PID=1988) to work on /home/airflow/.local/lib/python3.12/site-packages/airflow/example_dags/example_time_delta_sensor_async.py
[2024-06-07T08:18:25.653+0000] {processor.py:830} INFO - Processing file /home/airflow/.local/lib/python3.12/site-packages/airflow/example_dags/example_time_delta_sensor_async.py for tasks to queue
[2024-06-07T08:18:25.656+0000] {logging_mixin.py:188} INFO - [2024-06-07T08:18:25.655+0000] {dagbag.py:545} INFO - Filling up the DagBag from /home/airflow/.local/lib/python3.12/site-packages/airflow/example_dags/example_time_delta_sensor_async.py
[2024-06-07T08:18:25.700+0000] {processor.py:840} INFO - DAG(s) 'example_time_delta_sensor_async' retrieved from /home/airflow/.local/lib/python3.12/site-packages/airflow/example_dags/example_time_delta_sensor_async.py
[2024-06-07T08:18:25.773+0000] {logging_mixin.py:188} INFO - [2024-06-07T08:18:25.773+0000] {dag.py:3096} INFO - Sync 1 DAGs
[2024-06-07T08:18:25.814+0000] {logging_mixin.py:188} INFO - [2024-06-07T08:18:25.813+0000] {dag.py:3954} INFO - Setting next_dagrun for example_time_delta_sensor_async to None, run_after=None
[2024-06-07T08:18:25.945+0000] {processor.py:183} INFO - Processing /home/airflow/.local/lib/python3.12/site-packages/airflow/example_dags/example_time_delta_sensor_async.py took 0.320 seconds
[2024-06-07T08:18:57.880+0000] {processor.py:161} INFO - Started process (PID=2046) to work on /home/airflow/.local/lib/python3.12/site-packages/airflow/example_dags/example_time_delta_sensor_async.py
[2024-06-07T08:18:57.892+0000] {processor.py:830} INFO - Processing file /home/airflow/.local/lib/python3.12/site-packages/airflow/example_dags/example_time_delta_sensor_async.py for tasks to queue
[2024-06-07T08:18:57.897+0000] {logging_mixin.py:188} INFO - [2024-06-07T08:18:57.896+0000] {dagbag.py:545} INFO - Filling up the DagBag from /home/airflow/.local/lib/python3.12/site-packages/airflow/example_dags/example_time_delta_sensor_async.py
[2024-06-07T08:18:57.928+0000] {processor.py:840} INFO - DAG(s) 'example_time_delta_sensor_async' retrieved from /home/airflow/.local/lib/python3.12/site-packages/airflow/example_dags/example_time_delta_sensor_async.py
[2024-06-07T08:18:58.067+0000] {logging_mixin.py:188} INFO - [2024-06-07T08:18:58.067+0000] {dag.py:3096} INFO - Sync 1 DAGs
[2024-06-07T08:18:58.137+0000] {logging_mixin.py:188} INFO - [2024-06-07T08:18:58.136+0000] {dag.py:3954} INFO - Setting next_dagrun for example_time_delta_sensor_async to None, run_after=None
[2024-06-07T08:18:58.313+0000] {processor.py:183} INFO - Processing /home/airflow/.local/lib/python3.12/site-packages/airflow/example_dags/example_time_delta_sensor_async.py took 0.470 seconds
[2024-06-07T08:19:35.630+0000] {processor.py:161} INFO - Started process (PID=2108) to work on /home/airflow/.local/lib/python3.12/site-packages/airflow/example_dags/example_time_delta_sensor_async.py
[2024-06-07T08:19:35.633+0000] {processor.py:830} INFO - Processing file /home/airflow/.local/lib/python3.12/site-packages/airflow/example_dags/example_time_delta_sensor_async.py for tasks to queue
[2024-06-07T08:19:35.636+0000] {logging_mixin.py:188} INFO - [2024-06-07T08:19:35.635+0000] {dagbag.py:545} INFO - Filling up the DagBag from /home/airflow/.local/lib/python3.12/site-packages/airflow/example_dags/example_time_delta_sensor_async.py
[2024-06-07T08:19:35.655+0000] {processor.py:840} INFO - DAG(s) 'example_time_delta_sensor_async' retrieved from /home/airflow/.local/lib/python3.12/site-packages/airflow/example_dags/example_time_delta_sensor_async.py
[2024-06-07T08:19:35.720+0000] {logging_mixin.py:188} INFO - [2024-06-07T08:19:35.720+0000] {dag.py:3096} INFO - Sync 1 DAGs
[2024-06-07T08:19:35.760+0000] {logging_mixin.py:188} INFO - [2024-06-07T08:19:35.759+0000] {dag.py:3954} INFO - Setting next_dagrun for example_time_delta_sensor_async to None, run_after=None
[2024-06-07T08:19:36.253+0000] {processor.py:183} INFO - Processing /home/airflow/.local/lib/python3.12/site-packages/airflow/example_dags/example_time_delta_sensor_async.py took 0.639 seconds
[2024-06-07T08:20:08.981+0000] {processor.py:161} INFO - Started process (PID=2167) to work on /home/airflow/.local/lib/python3.12/site-packages/airflow/example_dags/example_time_delta_sensor_async.py
[2024-06-07T08:20:08.983+0000] {processor.py:830} INFO - Processing file /home/airflow/.local/lib/python3.12/site-packages/airflow/example_dags/example_time_delta_sensor_async.py for tasks to queue
[2024-06-07T08:20:08.986+0000] {logging_mixin.py:188} INFO - [2024-06-07T08:20:08.985+0000] {dagbag.py:545} INFO - Filling up the DagBag from /home/airflow/.local/lib/python3.12/site-packages/airflow/example_dags/example_time_delta_sensor_async.py
[2024-06-07T08:20:09.008+0000] {processor.py:840} INFO - DAG(s) 'example_time_delta_sensor_async' retrieved from /home/airflow/.local/lib/python3.12/site-packages/airflow/example_dags/example_time_delta_sensor_async.py
[2024-06-07T08:20:09.146+0000] {logging_mixin.py:188} INFO - [2024-06-07T08:20:09.146+0000] {dag.py:3096} INFO - Sync 1 DAGs
[2024-06-07T08:20:09.224+0000] {logging_mixin.py:188} INFO - [2024-06-07T08:20:09.224+0000] {dag.py:3954} INFO - Setting next_dagrun for example_time_delta_sensor_async to None, run_after=None
[2024-06-07T08:20:09.648+0000] {processor.py:183} INFO - Processing /home/airflow/.local/lib/python3.12/site-packages/airflow/example_dags/example_time_delta_sensor_async.py took 0.732 seconds
[2024-06-07T08:20:39.986+0000] {processor.py:161} INFO - Started process (PID=2225) to work on /home/airflow/.local/lib/python3.12/site-packages/airflow/example_dags/example_time_delta_sensor_async.py
[2024-06-07T08:20:40.004+0000] {processor.py:830} INFO - Processing file /home/airflow/.local/lib/python3.12/site-packages/airflow/example_dags/example_time_delta_sensor_async.py for tasks to queue
[2024-06-07T08:20:40.020+0000] {logging_mixin.py:188} INFO - [2024-06-07T08:20:40.019+0000] {dagbag.py:545} INFO - Filling up the DagBag from /home/airflow/.local/lib/python3.12/site-packages/airflow/example_dags/example_time_delta_sensor_async.py
[2024-06-07T08:20:40.133+0000] {processor.py:840} INFO - DAG(s) 'example_time_delta_sensor_async' retrieved from /home/airflow/.local/lib/python3.12/site-packages/airflow/example_dags/example_time_delta_sensor_async.py
[2024-06-07T08:20:40.430+0000] {logging_mixin.py:188} INFO - [2024-06-07T08:20:40.423+0000] {dag.py:3096} INFO - Sync 1 DAGs
[2024-06-07T08:20:40.549+0000] {logging_mixin.py:188} INFO - [2024-06-07T08:20:40.548+0000] {dag.py:3954} INFO - Setting next_dagrun for example_time_delta_sensor_async to None, run_after=None
[2024-06-07T08:20:40.859+0000] {processor.py:183} INFO - Processing /home/airflow/.local/lib/python3.12/site-packages/airflow/example_dags/example_time_delta_sensor_async.py took 1.034 seconds
[2024-06-07T08:21:11.590+0000] {processor.py:161} INFO - Started process (PID=2283) to work on /home/airflow/.local/lib/python3.12/site-packages/airflow/example_dags/example_time_delta_sensor_async.py
[2024-06-07T08:21:11.594+0000] {processor.py:830} INFO - Processing file /home/airflow/.local/lib/python3.12/site-packages/airflow/example_dags/example_time_delta_sensor_async.py for tasks to queue
[2024-06-07T08:21:11.597+0000] {logging_mixin.py:188} INFO - [2024-06-07T08:21:11.596+0000] {dagbag.py:545} INFO - Filling up the DagBag from /home/airflow/.local/lib/python3.12/site-packages/airflow/example_dags/example_time_delta_sensor_async.py
[2024-06-07T08:21:11.615+0000] {processor.py:840} INFO - DAG(s) 'example_time_delta_sensor_async' retrieved from /home/airflow/.local/lib/python3.12/site-packages/airflow/example_dags/example_time_delta_sensor_async.py
[2024-06-07T08:21:11.709+0000] {logging_mixin.py:188} INFO - [2024-06-07T08:21:11.709+0000] {dag.py:3096} INFO - Sync 1 DAGs
[2024-06-07T08:21:11.752+0000] {logging_mixin.py:188} INFO - [2024-06-07T08:21:11.752+0000] {dag.py:3954} INFO - Setting next_dagrun for example_time_delta_sensor_async to None, run_after=None
[2024-06-07T08:21:12.563+0000] {processor.py:183} INFO - Processing /home/airflow/.local/lib/python3.12/site-packages/airflow/example_dags/example_time_delta_sensor_async.py took 0.990 seconds
[2024-06-07T08:21:43.377+0000] {processor.py:161} INFO - Started process (PID=2347) to work on /home/airflow/.local/lib/python3.12/site-packages/airflow/example_dags/example_time_delta_sensor_async.py
[2024-06-07T08:21:43.382+0000] {processor.py:830} INFO - Processing file /home/airflow/.local/lib/python3.12/site-packages/airflow/example_dags/example_time_delta_sensor_async.py for tasks to queue
[2024-06-07T08:21:43.388+0000] {logging_mixin.py:188} INFO - [2024-06-07T08:21:43.387+0000] {dagbag.py:545} INFO - Filling up the DagBag from /home/airflow/.local/lib/python3.12/site-packages/airflow/example_dags/example_time_delta_sensor_async.py
[2024-06-07T08:21:43.402+0000] {processor.py:840} INFO - DAG(s) 'example_time_delta_sensor_async' retrieved from /home/airflow/.local/lib/python3.12/site-packages/airflow/example_dags/example_time_delta_sensor_async.py
[2024-06-07T08:21:43.493+0000] {logging_mixin.py:188} INFO - [2024-06-07T08:21:43.492+0000] {dag.py:3096} INFO - Sync 1 DAGs
[2024-06-07T08:21:43.554+0000] {logging_mixin.py:188} INFO - [2024-06-07T08:21:43.553+0000] {dag.py:3954} INFO - Setting next_dagrun for example_time_delta_sensor_async to None, run_after=None
[2024-06-07T08:21:43.697+0000] {processor.py:183} INFO - Processing /home/airflow/.local/lib/python3.12/site-packages/airflow/example_dags/example_time_delta_sensor_async.py took 0.344 seconds
[2024-06-07T08:22:14.334+0000] {processor.py:161} INFO - Started process (PID=2405) to work on /home/airflow/.local/lib/python3.12/site-packages/airflow/example_dags/example_time_delta_sensor_async.py
[2024-06-07T08:22:14.336+0000] {processor.py:830} INFO - Processing file /home/airflow/.local/lib/python3.12/site-packages/airflow/example_dags/example_time_delta_sensor_async.py for tasks to queue
[2024-06-07T08:22:14.339+0000] {logging_mixin.py:188} INFO - [2024-06-07T08:22:14.338+0000] {dagbag.py:545} INFO - Filling up the DagBag from /home/airflow/.local/lib/python3.12/site-packages/airflow/example_dags/example_time_delta_sensor_async.py
[2024-06-07T08:22:14.352+0000] {processor.py:840} INFO - DAG(s) 'example_time_delta_sensor_async' retrieved from /home/airflow/.local/lib/python3.12/site-packages/airflow/example_dags/example_time_delta_sensor_async.py
[2024-06-07T08:22:14.423+0000] {logging_mixin.py:188} INFO - [2024-06-07T08:22:14.423+0000] {dag.py:3096} INFO - Sync 1 DAGs
[2024-06-07T08:22:14.459+0000] {logging_mixin.py:188} INFO - [2024-06-07T08:22:14.459+0000] {dag.py:3954} INFO - Setting next_dagrun for example_time_delta_sensor_async to None, run_after=None
[2024-06-07T08:22:14.674+0000] {processor.py:183} INFO - Processing /home/airflow/.local/lib/python3.12/site-packages/airflow/example_dags/example_time_delta_sensor_async.py took 0.358 seconds
[2024-06-07T08:22:46.425+0000] {processor.py:161} INFO - Started process (PID=2464) to work on /home/airflow/.local/lib/python3.12/site-packages/airflow/example_dags/example_time_delta_sensor_async.py
[2024-06-07T08:22:46.433+0000] {processor.py:830} INFO - Processing file /home/airflow/.local/lib/python3.12/site-packages/airflow/example_dags/example_time_delta_sensor_async.py for tasks to queue
[2024-06-07T08:22:46.444+0000] {logging_mixin.py:188} INFO - [2024-06-07T08:22:46.438+0000] {dagbag.py:545} INFO - Filling up the DagBag from /home/airflow/.local/lib/python3.12/site-packages/airflow/example_dags/example_time_delta_sensor_async.py
[2024-06-07T08:22:46.486+0000] {processor.py:840} INFO - DAG(s) 'example_time_delta_sensor_async' retrieved from /home/airflow/.local/lib/python3.12/site-packages/airflow/example_dags/example_time_delta_sensor_async.py
[2024-06-07T08:22:46.616+0000] {logging_mixin.py:188} INFO - [2024-06-07T08:22:46.616+0000] {dag.py:3096} INFO - Sync 1 DAGs
[2024-06-07T08:22:46.700+0000] {logging_mixin.py:188} INFO - [2024-06-07T08:22:46.700+0000] {dag.py:3954} INFO - Setting next_dagrun for example_time_delta_sensor_async to None, run_after=None
[2024-06-07T08:22:46.954+0000] {processor.py:183} INFO - Processing /home/airflow/.local/lib/python3.12/site-packages/airflow/example_dags/example_time_delta_sensor_async.py took 0.562 seconds
[2024-06-07T08:23:17.383+0000] {processor.py:161} INFO - Started process (PID=2522) to work on /home/airflow/.local/lib/python3.12/site-packages/airflow/example_dags/example_time_delta_sensor_async.py
[2024-06-07T08:23:17.386+0000] {processor.py:830} INFO - Processing file /home/airflow/.local/lib/python3.12/site-packages/airflow/example_dags/example_time_delta_sensor_async.py for tasks to queue
[2024-06-07T08:23:17.388+0000] {logging_mixin.py:188} INFO - [2024-06-07T08:23:17.387+0000] {dagbag.py:545} INFO - Filling up the DagBag from /home/airflow/.local/lib/python3.12/site-packages/airflow/example_dags/example_time_delta_sensor_async.py
[2024-06-07T08:23:17.401+0000] {processor.py:840} INFO - DAG(s) 'example_time_delta_sensor_async' retrieved from /home/airflow/.local/lib/python3.12/site-packages/airflow/example_dags/example_time_delta_sensor_async.py
[2024-06-07T08:23:17.467+0000] {logging_mixin.py:188} INFO - [2024-06-07T08:23:17.466+0000] {dag.py:3096} INFO - Sync 1 DAGs
[2024-06-07T08:23:17.506+0000] {logging_mixin.py:188} INFO - [2024-06-07T08:23:17.505+0000] {dag.py:3954} INFO - Setting next_dagrun for example_time_delta_sensor_async to None, run_after=None
[2024-06-07T08:23:17.779+0000] {processor.py:183} INFO - Processing /home/airflow/.local/lib/python3.12/site-packages/airflow/example_dags/example_time_delta_sensor_async.py took 0.417 seconds
