[2024-06-07T07:55:02.848+0000] {processor.py:161} INFO - Started process (PID=82) to work on /home/airflow/.local/lib/python3.12/site-packages/airflow/example_dags/example_xcom.py
[2024-06-07T07:55:02.850+0000] {processor.py:830} INFO - Processing file /home/airflow/.local/lib/python3.12/site-packages/airflow/example_dags/example_xcom.py for tasks to queue
[2024-06-07T07:55:02.853+0000] {logging_mixin.py:188} INFO - [2024-06-07T07:55:02.852+0000] {dagbag.py:545} INFO - Filling up the DagBag from /home/airflow/.local/lib/python3.12/site-packages/airflow/example_dags/example_xcom.py
[2024-06-07T07:55:02.870+0000] {processor.py:840} INFO - DAG(s) 'example_xcom' retrieved from /home/airflow/.local/lib/python3.12/site-packages/airflow/example_dags/example_xcom.py
[2024-06-07T07:55:03.833+0000] {logging_mixin.py:188} INFO - [2024-06-07T07:55:03.831+0000] {override.py:1829} INFO - Created Permission View: can delete on DAG:example_xcom
[2024-06-07T07:55:04.060+0000] {logging_mixin.py:188} INFO - [2024-06-07T07:55:04.059+0000] {override.py:1829} INFO - Created Permission View: can read on DAG:example_xcom
[2024-06-07T07:55:04.396+0000] {logging_mixin.py:188} INFO - [2024-06-07T07:55:04.395+0000] {override.py:1829} INFO - Created Permission View: can edit on DAG:example_xcom
[2024-06-07T07:55:04.400+0000] {logging_mixin.py:188} INFO - [2024-06-07T07:55:04.399+0000] {dag.py:3096} INFO - Sync 1 DAGs
[2024-06-07T07:55:04.434+0000] {logging_mixin.py:188} INFO - [2024-06-07T07:55:04.434+0000] {dag.py:3118} INFO - Creating ORM DAG for example_xcom
[2024-06-07T07:55:04.462+0000] {logging_mixin.py:188} INFO - [2024-06-07T07:55:04.462+0000] {dag.py:3954} INFO - Setting next_dagrun for example_xcom to 2021-01-01 00:00:00+00:00, run_after=2021-01-01 00:00:00+00:00
[2024-06-07T07:55:04.669+0000] {processor.py:183} INFO - Processing /home/airflow/.local/lib/python3.12/site-packages/airflow/example_dags/example_xcom.py took 1.834 seconds
[2024-06-07T07:55:38.889+0000] {processor.py:161} INFO - Started process (PID=140) to work on /home/airflow/.local/lib/python3.12/site-packages/airflow/example_dags/example_xcom.py
[2024-06-07T07:55:38.897+0000] {processor.py:830} INFO - Processing file /home/airflow/.local/lib/python3.12/site-packages/airflow/example_dags/example_xcom.py for tasks to queue
[2024-06-07T07:55:38.902+0000] {logging_mixin.py:188} INFO - [2024-06-07T07:55:38.901+0000] {dagbag.py:545} INFO - Filling up the DagBag from /home/airflow/.local/lib/python3.12/site-packages/airflow/example_dags/example_xcom.py
[2024-06-07T07:55:38.940+0000] {processor.py:840} INFO - DAG(s) 'example_xcom' retrieved from /home/airflow/.local/lib/python3.12/site-packages/airflow/example_dags/example_xcom.py
[2024-06-07T07:55:39.003+0000] {logging_mixin.py:188} INFO - [2024-06-07T07:55:39.002+0000] {dag.py:3096} INFO - Sync 1 DAGs
[2024-06-07T07:55:39.097+0000] {logging_mixin.py:188} INFO - [2024-06-07T07:55:39.096+0000] {dag.py:3954} INFO - Setting next_dagrun for example_xcom to 2021-01-01 00:00:00+00:00, run_after=2021-01-01 00:00:00+00:00
[2024-06-07T07:55:39.218+0000] {processor.py:183} INFO - Processing /home/airflow/.local/lib/python3.12/site-packages/airflow/example_dags/example_xcom.py took 0.378 seconds
[2024-06-07T07:56:09.463+0000] {processor.py:161} INFO - Started process (PID=198) to work on /home/airflow/.local/lib/python3.12/site-packages/airflow/example_dags/example_xcom.py
[2024-06-07T07:56:09.465+0000] {processor.py:830} INFO - Processing file /home/airflow/.local/lib/python3.12/site-packages/airflow/example_dags/example_xcom.py for tasks to queue
[2024-06-07T07:56:09.472+0000] {logging_mixin.py:188} INFO - [2024-06-07T07:56:09.472+0000] {dagbag.py:545} INFO - Filling up the DagBag from /home/airflow/.local/lib/python3.12/site-packages/airflow/example_dags/example_xcom.py
[2024-06-07T07:56:09.516+0000] {processor.py:840} INFO - DAG(s) 'example_xcom' retrieved from /home/airflow/.local/lib/python3.12/site-packages/airflow/example_dags/example_xcom.py
[2024-06-07T07:56:09.592+0000] {logging_mixin.py:188} INFO - [2024-06-07T07:56:09.591+0000] {dag.py:3096} INFO - Sync 1 DAGs
[2024-06-07T07:56:09.667+0000] {logging_mixin.py:188} INFO - [2024-06-07T07:56:09.665+0000] {dag.py:3954} INFO - Setting next_dagrun for example_xcom to 2021-01-01 00:00:00+00:00, run_after=2021-01-01 00:00:00+00:00
[2024-06-07T07:56:09.830+0000] {processor.py:183} INFO - Processing /home/airflow/.local/lib/python3.12/site-packages/airflow/example_dags/example_xcom.py took 0.388 seconds
[2024-06-07T07:57:01.735+0000] {processor.py:161} INFO - Started process (PID=262) to work on /home/airflow/.local/lib/python3.12/site-packages/airflow/example_dags/example_xcom.py
[2024-06-07T07:57:01.750+0000] {processor.py:830} INFO - Processing file /home/airflow/.local/lib/python3.12/site-packages/airflow/example_dags/example_xcom.py for tasks to queue
[2024-06-07T07:57:01.757+0000] {logging_mixin.py:188} INFO - [2024-06-07T07:57:01.756+0000] {dagbag.py:545} INFO - Filling up the DagBag from /home/airflow/.local/lib/python3.12/site-packages/airflow/example_dags/example_xcom.py
[2024-06-07T07:57:01.781+0000] {processor.py:840} INFO - DAG(s) 'example_xcom' retrieved from /home/airflow/.local/lib/python3.12/site-packages/airflow/example_dags/example_xcom.py
[2024-06-07T07:57:01.828+0000] {logging_mixin.py:188} INFO - [2024-06-07T07:57:01.827+0000] {dag.py:3096} INFO - Sync 1 DAGs
[2024-06-07T07:57:01.933+0000] {logging_mixin.py:188} INFO - [2024-06-07T07:57:01.920+0000] {dag.py:3954} INFO - Setting next_dagrun for example_xcom to 2021-01-01 00:00:00+00:00, run_after=2021-01-01 00:00:00+00:00
[2024-06-07T07:57:02.127+0000] {processor.py:183} INFO - Processing /home/airflow/.local/lib/python3.12/site-packages/airflow/example_dags/example_xcom.py took 0.419 seconds
[2024-06-07T07:57:35.054+0000] {processor.py:161} INFO - Started process (PID=320) to work on /home/airflow/.local/lib/python3.12/site-packages/airflow/example_dags/example_xcom.py
[2024-06-07T07:57:35.057+0000] {processor.py:830} INFO - Processing file /home/airflow/.local/lib/python3.12/site-packages/airflow/example_dags/example_xcom.py for tasks to queue
[2024-06-07T07:57:35.097+0000] {logging_mixin.py:188} INFO - [2024-06-07T07:57:35.072+0000] {dagbag.py:545} INFO - Filling up the DagBag from /home/airflow/.local/lib/python3.12/site-packages/airflow/example_dags/example_xcom.py
[2024-06-07T07:57:35.198+0000] {processor.py:840} INFO - DAG(s) 'example_xcom' retrieved from /home/airflow/.local/lib/python3.12/site-packages/airflow/example_dags/example_xcom.py
[2024-06-07T07:57:35.377+0000] {logging_mixin.py:188} INFO - [2024-06-07T07:57:35.376+0000] {dag.py:3096} INFO - Sync 1 DAGs
[2024-06-07T07:57:35.677+0000] {logging_mixin.py:188} INFO - [2024-06-07T07:57:35.676+0000] {dag.py:3954} INFO - Setting next_dagrun for example_xcom to 2021-01-01 00:00:00+00:00, run_after=2021-01-01 00:00:00+00:00
[2024-06-07T07:57:36.142+0000] {processor.py:183} INFO - Processing /home/airflow/.local/lib/python3.12/site-packages/airflow/example_dags/example_xcom.py took 1.133 seconds
[2024-06-07T07:58:12.925+0000] {processor.py:161} INFO - Started process (PID=382) to work on /home/airflow/.local/lib/python3.12/site-packages/airflow/example_dags/example_xcom.py
[2024-06-07T07:58:12.928+0000] {processor.py:830} INFO - Processing file /home/airflow/.local/lib/python3.12/site-packages/airflow/example_dags/example_xcom.py for tasks to queue
[2024-06-07T07:58:12.935+0000] {logging_mixin.py:188} INFO - [2024-06-07T07:58:12.934+0000] {dagbag.py:545} INFO - Filling up the DagBag from /home/airflow/.local/lib/python3.12/site-packages/airflow/example_dags/example_xcom.py
[2024-06-07T07:58:13.040+0000] {processor.py:840} INFO - DAG(s) 'example_xcom' retrieved from /home/airflow/.local/lib/python3.12/site-packages/airflow/example_dags/example_xcom.py
[2024-06-07T07:58:13.278+0000] {logging_mixin.py:188} INFO - [2024-06-07T07:58:13.277+0000] {dag.py:3096} INFO - Sync 1 DAGs
[2024-06-07T07:58:13.522+0000] {logging_mixin.py:188} INFO - [2024-06-07T07:58:13.522+0000] {dag.py:3954} INFO - Setting next_dagrun for example_xcom to 2021-01-01 00:00:00+00:00, run_after=2021-01-01 00:00:00+00:00
[2024-06-07T07:58:13.930+0000] {processor.py:183} INFO - Processing /home/airflow/.local/lib/python3.12/site-packages/airflow/example_dags/example_xcom.py took 1.025 seconds
[2024-06-07T07:58:50.383+0000] {processor.py:161} INFO - Started process (PID=441) to work on /home/airflow/.local/lib/python3.12/site-packages/airflow/example_dags/example_xcom.py
[2024-06-07T07:58:50.386+0000] {processor.py:830} INFO - Processing file /home/airflow/.local/lib/python3.12/site-packages/airflow/example_dags/example_xcom.py for tasks to queue
[2024-06-07T07:58:50.417+0000] {logging_mixin.py:188} INFO - [2024-06-07T07:58:50.412+0000] {dagbag.py:545} INFO - Filling up the DagBag from /home/airflow/.local/lib/python3.12/site-packages/airflow/example_dags/example_xcom.py
[2024-06-07T07:58:50.477+0000] {processor.py:840} INFO - DAG(s) 'example_xcom' retrieved from /home/airflow/.local/lib/python3.12/site-packages/airflow/example_dags/example_xcom.py
[2024-06-07T07:58:50.990+0000] {logging_mixin.py:188} INFO - [2024-06-07T07:58:50.989+0000] {dag.py:3096} INFO - Sync 1 DAGs
[2024-06-07T07:58:51.153+0000] {logging_mixin.py:188} INFO - [2024-06-07T07:58:51.152+0000] {dag.py:3954} INFO - Setting next_dagrun for example_xcom to 2021-01-01 00:00:00+00:00, run_after=2021-01-01 00:00:00+00:00
[2024-06-07T07:58:51.381+0000] {processor.py:183} INFO - Processing /home/airflow/.local/lib/python3.12/site-packages/airflow/example_dags/example_xcom.py took 1.022 seconds
[2024-06-07T07:59:28.048+0000] {processor.py:161} INFO - Started process (PID=508) to work on /home/airflow/.local/lib/python3.12/site-packages/airflow/example_dags/example_xcom.py
[2024-06-07T07:59:28.051+0000] {processor.py:830} INFO - Processing file /home/airflow/.local/lib/python3.12/site-packages/airflow/example_dags/example_xcom.py for tasks to queue
[2024-06-07T07:59:28.055+0000] {logging_mixin.py:188} INFO - [2024-06-07T07:59:28.054+0000] {dagbag.py:545} INFO - Filling up the DagBag from /home/airflow/.local/lib/python3.12/site-packages/airflow/example_dags/example_xcom.py
[2024-06-07T07:59:28.077+0000] {processor.py:840} INFO - DAG(s) 'example_xcom' retrieved from /home/airflow/.local/lib/python3.12/site-packages/airflow/example_dags/example_xcom.py
[2024-06-07T07:59:28.128+0000] {logging_mixin.py:188} INFO - [2024-06-07T07:59:28.127+0000] {dag.py:3096} INFO - Sync 1 DAGs
[2024-06-07T07:59:28.195+0000] {logging_mixin.py:188} INFO - [2024-06-07T07:59:28.195+0000] {dag.py:3954} INFO - Setting next_dagrun for example_xcom to 2021-01-01 00:00:00+00:00, run_after=2021-01-01 00:00:00+00:00
[2024-06-07T07:59:28.411+0000] {processor.py:183} INFO - Processing /home/airflow/.local/lib/python3.12/site-packages/airflow/example_dags/example_xcom.py took 0.377 seconds
[2024-06-07T08:00:10.180+0000] {processor.py:161} INFO - Started process (PID=568) to work on /home/airflow/.local/lib/python3.12/site-packages/airflow/example_dags/example_xcom.py
[2024-06-07T08:00:10.186+0000] {processor.py:830} INFO - Processing file /home/airflow/.local/lib/python3.12/site-packages/airflow/example_dags/example_xcom.py for tasks to queue
[2024-06-07T08:00:10.218+0000] {logging_mixin.py:188} INFO - [2024-06-07T08:00:10.217+0000] {dagbag.py:545} INFO - Filling up the DagBag from /home/airflow/.local/lib/python3.12/site-packages/airflow/example_dags/example_xcom.py
[2024-06-07T08:00:10.274+0000] {processor.py:840} INFO - DAG(s) 'example_xcom' retrieved from /home/airflow/.local/lib/python3.12/site-packages/airflow/example_dags/example_xcom.py
[2024-06-07T08:00:10.673+0000] {logging_mixin.py:188} INFO - [2024-06-07T08:00:10.672+0000] {dag.py:3096} INFO - Sync 1 DAGs
[2024-06-07T08:00:11.063+0000] {logging_mixin.py:188} INFO - [2024-06-07T08:00:11.062+0000] {dag.py:3954} INFO - Setting next_dagrun for example_xcom to 2021-01-01 00:00:00+00:00, run_after=2021-01-01 00:00:00+00:00
[2024-06-07T08:00:11.402+0000] {processor.py:183} INFO - Processing /home/airflow/.local/lib/python3.12/site-packages/airflow/example_dags/example_xcom.py took 1.273 seconds
[2024-06-07T08:00:56.959+0000] {processor.py:161} INFO - Started process (PID=630) to work on /home/airflow/.local/lib/python3.12/site-packages/airflow/example_dags/example_xcom.py
[2024-06-07T08:00:56.961+0000] {processor.py:830} INFO - Processing file /home/airflow/.local/lib/python3.12/site-packages/airflow/example_dags/example_xcom.py for tasks to queue
[2024-06-07T08:00:56.975+0000] {logging_mixin.py:188} INFO - [2024-06-07T08:00:56.974+0000] {dagbag.py:545} INFO - Filling up the DagBag from /home/airflow/.local/lib/python3.12/site-packages/airflow/example_dags/example_xcom.py
[2024-06-07T08:00:57.004+0000] {processor.py:840} INFO - DAG(s) 'example_xcom' retrieved from /home/airflow/.local/lib/python3.12/site-packages/airflow/example_dags/example_xcom.py
[2024-06-07T08:00:57.049+0000] {logging_mixin.py:188} INFO - [2024-06-07T08:00:57.048+0000] {dag.py:3096} INFO - Sync 1 DAGs
[2024-06-07T08:00:57.189+0000] {logging_mixin.py:188} INFO - [2024-06-07T08:00:57.188+0000] {dag.py:3954} INFO - Setting next_dagrun for example_xcom to 2021-01-01 00:00:00+00:00, run_after=2021-01-01 00:00:00+00:00
[2024-06-07T08:00:57.800+0000] {processor.py:183} INFO - Processing /home/airflow/.local/lib/python3.12/site-packages/airflow/example_dags/example_xcom.py took 0.862 seconds
[2024-06-07T08:01:33.677+0000] {processor.py:161} INFO - Started process (PID=688) to work on /home/airflow/.local/lib/python3.12/site-packages/airflow/example_dags/example_xcom.py
[2024-06-07T08:01:33.693+0000] {processor.py:830} INFO - Processing file /home/airflow/.local/lib/python3.12/site-packages/airflow/example_dags/example_xcom.py for tasks to queue
[2024-06-07T08:01:33.778+0000] {logging_mixin.py:188} INFO - [2024-06-07T08:01:33.713+0000] {dagbag.py:545} INFO - Filling up the DagBag from /home/airflow/.local/lib/python3.12/site-packages/airflow/example_dags/example_xcom.py
[2024-06-07T08:01:33.994+0000] {processor.py:840} INFO - DAG(s) 'example_xcom' retrieved from /home/airflow/.local/lib/python3.12/site-packages/airflow/example_dags/example_xcom.py
[2024-06-07T08:01:34.420+0000] {logging_mixin.py:188} INFO - [2024-06-07T08:01:34.419+0000] {dag.py:3096} INFO - Sync 1 DAGs
[2024-06-07T08:01:34.688+0000] {logging_mixin.py:188} INFO - [2024-06-07T08:01:34.671+0000] {dag.py:3954} INFO - Setting next_dagrun for example_xcom to 2021-01-01 00:00:00+00:00, run_after=2021-01-01 00:00:00+00:00
[2024-06-07T08:01:35.256+0000] {processor.py:183} INFO - Processing /home/airflow/.local/lib/python3.12/site-packages/airflow/example_dags/example_xcom.py took 1.646 seconds
[2024-06-07T08:02:47.006+0000] {processor.py:161} INFO - Started process (PID=766) to work on /home/airflow/.local/lib/python3.12/site-packages/airflow/example_dags/example_xcom.py
[2024-06-07T08:02:47.009+0000] {processor.py:830} INFO - Processing file /home/airflow/.local/lib/python3.12/site-packages/airflow/example_dags/example_xcom.py for tasks to queue
[2024-06-07T08:02:47.014+0000] {logging_mixin.py:188} INFO - [2024-06-07T08:02:47.013+0000] {dagbag.py:545} INFO - Filling up the DagBag from /home/airflow/.local/lib/python3.12/site-packages/airflow/example_dags/example_xcom.py
[2024-06-07T08:02:47.050+0000] {processor.py:840} INFO - DAG(s) 'example_xcom' retrieved from /home/airflow/.local/lib/python3.12/site-packages/airflow/example_dags/example_xcom.py
[2024-06-07T08:02:47.760+0000] {logging_mixin.py:188} INFO - [2024-06-07T08:02:47.760+0000] {dag.py:3096} INFO - Sync 1 DAGs
[2024-06-07T08:02:47.844+0000] {logging_mixin.py:188} INFO - [2024-06-07T08:02:47.843+0000] {dag.py:3954} INFO - Setting next_dagrun for example_xcom to 2021-01-01 00:00:00+00:00, run_after=2021-01-01 00:00:00+00:00
[2024-06-07T08:02:47.937+0000] {processor.py:183} INFO - Processing /home/airflow/.local/lib/python3.12/site-packages/airflow/example_dags/example_xcom.py took 0.951 seconds
[2024-06-07T08:03:23.328+0000] {processor.py:161} INFO - Started process (PID=829) to work on /home/airflow/.local/lib/python3.12/site-packages/airflow/example_dags/example_xcom.py
[2024-06-07T08:03:23.331+0000] {processor.py:830} INFO - Processing file /home/airflow/.local/lib/python3.12/site-packages/airflow/example_dags/example_xcom.py for tasks to queue
[2024-06-07T08:03:23.338+0000] {logging_mixin.py:188} INFO - [2024-06-07T08:03:23.337+0000] {dagbag.py:545} INFO - Filling up the DagBag from /home/airflow/.local/lib/python3.12/site-packages/airflow/example_dags/example_xcom.py
[2024-06-07T08:03:23.361+0000] {processor.py:840} INFO - DAG(s) 'example_xcom' retrieved from /home/airflow/.local/lib/python3.12/site-packages/airflow/example_dags/example_xcom.py
[2024-06-07T08:03:23.441+0000] {logging_mixin.py:188} INFO - [2024-06-07T08:03:23.440+0000] {dag.py:3096} INFO - Sync 1 DAGs
[2024-06-07T08:03:23.494+0000] {logging_mixin.py:188} INFO - [2024-06-07T08:03:23.493+0000] {dag.py:3954} INFO - Setting next_dagrun for example_xcom to 2021-01-01 00:00:00+00:00, run_after=2021-01-01 00:00:00+00:00
[2024-06-07T08:03:23.605+0000] {processor.py:183} INFO - Processing /home/airflow/.local/lib/python3.12/site-packages/airflow/example_dags/example_xcom.py took 0.293 seconds
[2024-06-07T08:03:54.506+0000] {processor.py:161} INFO - Started process (PID=887) to work on /home/airflow/.local/lib/python3.12/site-packages/airflow/example_dags/example_xcom.py
[2024-06-07T08:03:54.510+0000] {processor.py:830} INFO - Processing file /home/airflow/.local/lib/python3.12/site-packages/airflow/example_dags/example_xcom.py for tasks to queue
[2024-06-07T08:03:54.519+0000] {logging_mixin.py:188} INFO - [2024-06-07T08:03:54.518+0000] {dagbag.py:545} INFO - Filling up the DagBag from /home/airflow/.local/lib/python3.12/site-packages/airflow/example_dags/example_xcom.py
[2024-06-07T08:03:54.553+0000] {processor.py:840} INFO - DAG(s) 'example_xcom' retrieved from /home/airflow/.local/lib/python3.12/site-packages/airflow/example_dags/example_xcom.py
[2024-06-07T08:03:54.618+0000] {logging_mixin.py:188} INFO - [2024-06-07T08:03:54.617+0000] {dag.py:3096} INFO - Sync 1 DAGs
[2024-06-07T08:03:54.719+0000] {logging_mixin.py:188} INFO - [2024-06-07T08:03:54.719+0000] {dag.py:3954} INFO - Setting next_dagrun for example_xcom to 2021-01-01 00:00:00+00:00, run_after=2021-01-01 00:00:00+00:00
[2024-06-07T08:03:54.800+0000] {processor.py:183} INFO - Processing /home/airflow/.local/lib/python3.12/site-packages/airflow/example_dags/example_xcom.py took 0.328 seconds
[2024-06-07T08:04:25.179+0000] {processor.py:161} INFO - Started process (PID=945) to work on /home/airflow/.local/lib/python3.12/site-packages/airflow/example_dags/example_xcom.py
[2024-06-07T08:04:25.182+0000] {processor.py:830} INFO - Processing file /home/airflow/.local/lib/python3.12/site-packages/airflow/example_dags/example_xcom.py for tasks to queue
[2024-06-07T08:04:25.186+0000] {logging_mixin.py:188} INFO - [2024-06-07T08:04:25.186+0000] {dagbag.py:545} INFO - Filling up the DagBag from /home/airflow/.local/lib/python3.12/site-packages/airflow/example_dags/example_xcom.py
[2024-06-07T08:04:25.206+0000] {processor.py:840} INFO - DAG(s) 'example_xcom' retrieved from /home/airflow/.local/lib/python3.12/site-packages/airflow/example_dags/example_xcom.py
[2024-06-07T08:04:25.273+0000] {logging_mixin.py:188} INFO - [2024-06-07T08:04:25.272+0000] {dag.py:3096} INFO - Sync 1 DAGs
[2024-06-07T08:04:25.714+0000] {logging_mixin.py:188} INFO - [2024-06-07T08:04:25.713+0000] {dag.py:3954} INFO - Setting next_dagrun for example_xcom to 2021-01-01 00:00:00+00:00, run_after=2021-01-01 00:00:00+00:00
[2024-06-07T08:04:25.816+0000] {processor.py:183} INFO - Processing /home/airflow/.local/lib/python3.12/site-packages/airflow/example_dags/example_xcom.py took 0.669 seconds
[2024-06-07T08:04:56.011+0000] {processor.py:161} INFO - Started process (PID=1003) to work on /home/airflow/.local/lib/python3.12/site-packages/airflow/example_dags/example_xcom.py
[2024-06-07T08:04:56.013+0000] {processor.py:830} INFO - Processing file /home/airflow/.local/lib/python3.12/site-packages/airflow/example_dags/example_xcom.py for tasks to queue
[2024-06-07T08:04:56.017+0000] {logging_mixin.py:188} INFO - [2024-06-07T08:04:56.017+0000] {dagbag.py:545} INFO - Filling up the DagBag from /home/airflow/.local/lib/python3.12/site-packages/airflow/example_dags/example_xcom.py
[2024-06-07T08:04:56.034+0000] {processor.py:840} INFO - DAG(s) 'example_xcom' retrieved from /home/airflow/.local/lib/python3.12/site-packages/airflow/example_dags/example_xcom.py
[2024-06-07T08:04:56.084+0000] {logging_mixin.py:188} INFO - [2024-06-07T08:04:56.084+0000] {dag.py:3096} INFO - Sync 1 DAGs
[2024-06-07T08:04:56.136+0000] {logging_mixin.py:188} INFO - [2024-06-07T08:04:56.136+0000] {dag.py:3954} INFO - Setting next_dagrun for example_xcom to 2021-01-01 00:00:00+00:00, run_after=2021-01-01 00:00:00+00:00
[2024-06-07T08:04:56.210+0000] {processor.py:183} INFO - Processing /home/airflow/.local/lib/python3.12/site-packages/airflow/example_dags/example_xcom.py took 0.219 seconds
[2024-06-07T08:05:27.548+0000] {processor.py:161} INFO - Started process (PID=1067) to work on /home/airflow/.local/lib/python3.12/site-packages/airflow/example_dags/example_xcom.py
[2024-06-07T08:05:27.550+0000] {processor.py:830} INFO - Processing file /home/airflow/.local/lib/python3.12/site-packages/airflow/example_dags/example_xcom.py for tasks to queue
[2024-06-07T08:05:27.557+0000] {logging_mixin.py:188} INFO - [2024-06-07T08:05:27.555+0000] {dagbag.py:545} INFO - Filling up the DagBag from /home/airflow/.local/lib/python3.12/site-packages/airflow/example_dags/example_xcom.py
[2024-06-07T08:05:27.580+0000] {processor.py:840} INFO - DAG(s) 'example_xcom' retrieved from /home/airflow/.local/lib/python3.12/site-packages/airflow/example_dags/example_xcom.py
[2024-06-07T08:05:27.641+0000] {logging_mixin.py:188} INFO - [2024-06-07T08:05:27.641+0000] {dag.py:3096} INFO - Sync 1 DAGs
[2024-06-07T08:05:27.705+0000] {logging_mixin.py:188} INFO - [2024-06-07T08:05:27.704+0000] {dag.py:3954} INFO - Setting next_dagrun for example_xcom to 2021-01-01 00:00:00+00:00, run_after=2021-01-01 00:00:00+00:00
[2024-06-07T08:05:27.817+0000] {processor.py:183} INFO - Processing /home/airflow/.local/lib/python3.12/site-packages/airflow/example_dags/example_xcom.py took 0.288 seconds
[2024-06-07T08:05:58.264+0000] {processor.py:161} INFO - Started process (PID=1125) to work on /home/airflow/.local/lib/python3.12/site-packages/airflow/example_dags/example_xcom.py
[2024-06-07T08:05:58.266+0000] {processor.py:830} INFO - Processing file /home/airflow/.local/lib/python3.12/site-packages/airflow/example_dags/example_xcom.py for tasks to queue
[2024-06-07T08:05:58.271+0000] {logging_mixin.py:188} INFO - [2024-06-07T08:05:58.270+0000] {dagbag.py:545} INFO - Filling up the DagBag from /home/airflow/.local/lib/python3.12/site-packages/airflow/example_dags/example_xcom.py
[2024-06-07T08:05:58.294+0000] {processor.py:840} INFO - DAG(s) 'example_xcom' retrieved from /home/airflow/.local/lib/python3.12/site-packages/airflow/example_dags/example_xcom.py
[2024-06-07T08:05:58.366+0000] {logging_mixin.py:188} INFO - [2024-06-07T08:05:58.365+0000] {dag.py:3096} INFO - Sync 1 DAGs
[2024-06-07T08:05:58.479+0000] {logging_mixin.py:188} INFO - [2024-06-07T08:05:58.478+0000] {dag.py:3954} INFO - Setting next_dagrun for example_xcom to 2021-01-01 00:00:00+00:00, run_after=2021-01-01 00:00:00+00:00
[2024-06-07T08:05:58.647+0000] {processor.py:183} INFO - Processing /home/airflow/.local/lib/python3.12/site-packages/airflow/example_dags/example_xcom.py took 0.400 seconds
[2024-06-07T08:06:30.200+0000] {processor.py:161} INFO - Started process (PID=1193) to work on /home/airflow/.local/lib/python3.12/site-packages/airflow/example_dags/example_xcom.py
[2024-06-07T08:06:30.202+0000] {processor.py:830} INFO - Processing file /home/airflow/.local/lib/python3.12/site-packages/airflow/example_dags/example_xcom.py for tasks to queue
[2024-06-07T08:06:30.217+0000] {logging_mixin.py:188} INFO - [2024-06-07T08:06:30.207+0000] {dagbag.py:545} INFO - Filling up the DagBag from /home/airflow/.local/lib/python3.12/site-packages/airflow/example_dags/example_xcom.py
[2024-06-07T08:06:30.287+0000] {processor.py:840} INFO - DAG(s) 'example_xcom' retrieved from /home/airflow/.local/lib/python3.12/site-packages/airflow/example_dags/example_xcom.py
[2024-06-07T08:06:30.434+0000] {logging_mixin.py:188} INFO - [2024-06-07T08:06:30.434+0000] {dag.py:3096} INFO - Sync 1 DAGs
[2024-06-07T08:06:30.500+0000] {logging_mixin.py:188} INFO - [2024-06-07T08:06:30.499+0000] {dag.py:3954} INFO - Setting next_dagrun for example_xcom to 2021-01-01 00:00:00+00:00, run_after=2021-01-01 00:00:00+00:00
[2024-06-07T08:06:30.739+0000] {processor.py:183} INFO - Processing /home/airflow/.local/lib/python3.12/site-packages/airflow/example_dags/example_xcom.py took 0.566 seconds
[2024-06-07T08:07:29.372+0000] {processor.py:161} INFO - Started process (PID=1251) to work on /home/airflow/.local/lib/python3.12/site-packages/airflow/example_dags/example_xcom.py
[2024-06-07T08:07:29.376+0000] {processor.py:830} INFO - Processing file /home/airflow/.local/lib/python3.12/site-packages/airflow/example_dags/example_xcom.py for tasks to queue
[2024-06-07T08:07:29.394+0000] {logging_mixin.py:188} INFO - [2024-06-07T08:07:29.393+0000] {dagbag.py:545} INFO - Filling up the DagBag from /home/airflow/.local/lib/python3.12/site-packages/airflow/example_dags/example_xcom.py
[2024-06-07T08:07:29.447+0000] {processor.py:840} INFO - DAG(s) 'example_xcom' retrieved from /home/airflow/.local/lib/python3.12/site-packages/airflow/example_dags/example_xcom.py
[2024-06-07T08:07:29.546+0000] {logging_mixin.py:188} INFO - [2024-06-07T08:07:29.546+0000] {dag.py:3096} INFO - Sync 1 DAGs
[2024-06-07T08:07:29.679+0000] {logging_mixin.py:188} INFO - [2024-06-07T08:07:29.679+0000] {dag.py:3954} INFO - Setting next_dagrun for example_xcom to 2021-01-01 00:00:00+00:00, run_after=2021-01-01 00:00:00+00:00
[2024-06-07T08:07:29.977+0000] {processor.py:183} INFO - Processing /home/airflow/.local/lib/python3.12/site-packages/airflow/example_dags/example_xcom.py took 0.622 seconds
[2024-06-07T08:08:22.887+0000] {processor.py:161} INFO - Started process (PID=1311) to work on /home/airflow/.local/lib/python3.12/site-packages/airflow/example_dags/example_xcom.py
[2024-06-07T08:08:22.889+0000] {processor.py:830} INFO - Processing file /home/airflow/.local/lib/python3.12/site-packages/airflow/example_dags/example_xcom.py for tasks to queue
[2024-06-07T08:08:22.894+0000] {logging_mixin.py:188} INFO - [2024-06-07T08:08:22.893+0000] {dagbag.py:545} INFO - Filling up the DagBag from /home/airflow/.local/lib/python3.12/site-packages/airflow/example_dags/example_xcom.py
[2024-06-07T08:08:22.925+0000] {processor.py:840} INFO - DAG(s) 'example_xcom' retrieved from /home/airflow/.local/lib/python3.12/site-packages/airflow/example_dags/example_xcom.py
[2024-06-07T08:08:23.008+0000] {logging_mixin.py:188} INFO - [2024-06-07T08:08:23.007+0000] {dag.py:3096} INFO - Sync 1 DAGs
[2024-06-07T08:08:23.070+0000] {logging_mixin.py:188} INFO - [2024-06-07T08:08:23.069+0000] {dag.py:3954} INFO - Setting next_dagrun for example_xcom to 2021-01-01 00:00:00+00:00, run_after=2021-01-01 00:00:00+00:00
[2024-06-07T08:08:23.402+0000] {processor.py:183} INFO - Processing /home/airflow/.local/lib/python3.12/site-packages/airflow/example_dags/example_xcom.py took 0.598 seconds
[2024-06-07T08:08:57.624+0000] {processor.py:161} INFO - Started process (PID=1367) to work on /home/airflow/.local/lib/python3.12/site-packages/airflow/example_dags/example_xcom.py
[2024-06-07T08:08:57.627+0000] {processor.py:830} INFO - Processing file /home/airflow/.local/lib/python3.12/site-packages/airflow/example_dags/example_xcom.py for tasks to queue
[2024-06-07T08:08:57.633+0000] {logging_mixin.py:188} INFO - [2024-06-07T08:08:57.632+0000] {dagbag.py:545} INFO - Filling up the DagBag from /home/airflow/.local/lib/python3.12/site-packages/airflow/example_dags/example_xcom.py
[2024-06-07T08:08:57.658+0000] {processor.py:840} INFO - DAG(s) 'example_xcom' retrieved from /home/airflow/.local/lib/python3.12/site-packages/airflow/example_dags/example_xcom.py
[2024-06-07T08:08:58.155+0000] {logging_mixin.py:188} INFO - [2024-06-07T08:08:58.154+0000] {dag.py:3096} INFO - Sync 1 DAGs
[2024-06-07T08:08:58.264+0000] {logging_mixin.py:188} INFO - [2024-06-07T08:08:58.254+0000] {dag.py:3954} INFO - Setting next_dagrun for example_xcom to 2021-01-01 00:00:00+00:00, run_after=2021-01-01 00:00:00+00:00
[2024-06-07T08:08:58.538+0000] {processor.py:183} INFO - Processing /home/airflow/.local/lib/python3.12/site-packages/airflow/example_dags/example_xcom.py took 0.935 seconds
[2024-06-07T08:13:42.082+0000] {processor.py:161} INFO - Started process (PID=1483) to work on /home/airflow/.local/lib/python3.12/site-packages/airflow/example_dags/example_xcom.py
[2024-06-07T08:13:42.442+0000] {processor.py:830} INFO - Processing file /home/airflow/.local/lib/python3.12/site-packages/airflow/example_dags/example_xcom.py for tasks to queue
[2024-06-07T08:13:42.455+0000] {logging_mixin.py:188} INFO - [2024-06-07T08:13:42.450+0000] {dagbag.py:545} INFO - Filling up the DagBag from /home/airflow/.local/lib/python3.12/site-packages/airflow/example_dags/example_xcom.py
[2024-06-07T08:13:42.483+0000] {processor.py:840} INFO - DAG(s) 'example_xcom' retrieved from /home/airflow/.local/lib/python3.12/site-packages/airflow/example_dags/example_xcom.py
[2024-06-07T08:13:42.563+0000] {logging_mixin.py:188} INFO - [2024-06-07T08:13:42.562+0000] {dag.py:3096} INFO - Sync 1 DAGs
[2024-06-07T08:13:42.638+0000] {logging_mixin.py:188} INFO - [2024-06-07T08:13:42.637+0000] {dag.py:3954} INFO - Setting next_dagrun for example_xcom to 2021-01-01 00:00:00+00:00, run_after=2021-01-01 00:00:00+00:00
[2024-06-07T08:13:42.901+0000] {processor.py:183} INFO - Processing /home/airflow/.local/lib/python3.12/site-packages/airflow/example_dags/example_xcom.py took 0.836 seconds
[2024-06-07T08:14:13.168+0000] {processor.py:161} INFO - Started process (PID=1540) to work on /home/airflow/.local/lib/python3.12/site-packages/airflow/example_dags/example_xcom.py
[2024-06-07T08:14:13.170+0000] {processor.py:830} INFO - Processing file /home/airflow/.local/lib/python3.12/site-packages/airflow/example_dags/example_xcom.py for tasks to queue
[2024-06-07T08:14:13.172+0000] {logging_mixin.py:188} INFO - [2024-06-07T08:14:13.171+0000] {dagbag.py:545} INFO - Filling up the DagBag from /home/airflow/.local/lib/python3.12/site-packages/airflow/example_dags/example_xcom.py
[2024-06-07T08:14:13.191+0000] {processor.py:840} INFO - DAG(s) 'example_xcom' retrieved from /home/airflow/.local/lib/python3.12/site-packages/airflow/example_dags/example_xcom.py
[2024-06-07T08:14:13.235+0000] {logging_mixin.py:188} INFO - [2024-06-07T08:14:13.235+0000] {dag.py:3096} INFO - Sync 1 DAGs
[2024-06-07T08:14:13.292+0000] {logging_mixin.py:188} INFO - [2024-06-07T08:14:13.292+0000] {dag.py:3954} INFO - Setting next_dagrun for example_xcom to 2021-01-01 00:00:00+00:00, run_after=2021-01-01 00:00:00+00:00
[2024-06-07T08:14:13.694+0000] {processor.py:183} INFO - Processing /home/airflow/.local/lib/python3.12/site-packages/airflow/example_dags/example_xcom.py took 0.545 seconds
[2024-06-07T08:14:46.785+0000] {processor.py:161} INFO - Started process (PID=1598) to work on /home/airflow/.local/lib/python3.12/site-packages/airflow/example_dags/example_xcom.py
[2024-06-07T08:14:46.787+0000] {processor.py:830} INFO - Processing file /home/airflow/.local/lib/python3.12/site-packages/airflow/example_dags/example_xcom.py for tasks to queue
[2024-06-07T08:14:46.790+0000] {logging_mixin.py:188} INFO - [2024-06-07T08:14:46.789+0000] {dagbag.py:545} INFO - Filling up the DagBag from /home/airflow/.local/lib/python3.12/site-packages/airflow/example_dags/example_xcom.py
[2024-06-07T08:14:46.819+0000] {processor.py:840} INFO - DAG(s) 'example_xcom' retrieved from /home/airflow/.local/lib/python3.12/site-packages/airflow/example_dags/example_xcom.py
[2024-06-07T08:14:46.910+0000] {logging_mixin.py:188} INFO - [2024-06-07T08:14:46.906+0000] {dag.py:3096} INFO - Sync 1 DAGs
[2024-06-07T08:14:47.082+0000] {logging_mixin.py:188} INFO - [2024-06-07T08:14:47.081+0000] {dag.py:3954} INFO - Setting next_dagrun for example_xcom to 2021-01-01 00:00:00+00:00, run_after=2021-01-01 00:00:00+00:00
[2024-06-07T08:14:47.530+0000] {processor.py:183} INFO - Processing /home/airflow/.local/lib/python3.12/site-packages/airflow/example_dags/example_xcom.py took 0.773 seconds
[2024-06-07T08:15:18.418+0000] {processor.py:161} INFO - Started process (PID=1656) to work on /home/airflow/.local/lib/python3.12/site-packages/airflow/example_dags/example_xcom.py
[2024-06-07T08:15:18.420+0000] {processor.py:830} INFO - Processing file /home/airflow/.local/lib/python3.12/site-packages/airflow/example_dags/example_xcom.py for tasks to queue
[2024-06-07T08:15:18.424+0000] {logging_mixin.py:188} INFO - [2024-06-07T08:15:18.423+0000] {dagbag.py:545} INFO - Filling up the DagBag from /home/airflow/.local/lib/python3.12/site-packages/airflow/example_dags/example_xcom.py
[2024-06-07T08:15:18.469+0000] {processor.py:840} INFO - DAG(s) 'example_xcom' retrieved from /home/airflow/.local/lib/python3.12/site-packages/airflow/example_dags/example_xcom.py
[2024-06-07T08:15:18.596+0000] {logging_mixin.py:188} INFO - [2024-06-07T08:15:18.596+0000] {dag.py:3096} INFO - Sync 1 DAGs
[2024-06-07T08:15:18.697+0000] {logging_mixin.py:188} INFO - [2024-06-07T08:15:18.696+0000] {dag.py:3954} INFO - Setting next_dagrun for example_xcom to 2021-01-01 00:00:00+00:00, run_after=2021-01-01 00:00:00+00:00
[2024-06-07T08:15:19.102+0000] {processor.py:183} INFO - Processing /home/airflow/.local/lib/python3.12/site-packages/airflow/example_dags/example_xcom.py took 0.703 seconds
[2024-06-07T08:15:50.505+0000] {processor.py:161} INFO - Started process (PID=1714) to work on /home/airflow/.local/lib/python3.12/site-packages/airflow/example_dags/example_xcom.py
[2024-06-07T08:15:50.507+0000] {processor.py:830} INFO - Processing file /home/airflow/.local/lib/python3.12/site-packages/airflow/example_dags/example_xcom.py for tasks to queue
[2024-06-07T08:15:50.528+0000] {logging_mixin.py:188} INFO - [2024-06-07T08:15:50.527+0000] {dagbag.py:545} INFO - Filling up the DagBag from /home/airflow/.local/lib/python3.12/site-packages/airflow/example_dags/example_xcom.py
[2024-06-07T08:15:50.590+0000] {processor.py:840} INFO - DAG(s) 'example_xcom' retrieved from /home/airflow/.local/lib/python3.12/site-packages/airflow/example_dags/example_xcom.py
[2024-06-07T08:15:50.690+0000] {logging_mixin.py:188} INFO - [2024-06-07T08:15:50.689+0000] {dag.py:3096} INFO - Sync 1 DAGs
[2024-06-07T08:15:50.788+0000] {logging_mixin.py:188} INFO - [2024-06-07T08:15:50.788+0000] {dag.py:3954} INFO - Setting next_dagrun for example_xcom to 2021-01-01 00:00:00+00:00, run_after=2021-01-01 00:00:00+00:00
[2024-06-07T08:15:50.931+0000] {processor.py:183} INFO - Processing /home/airflow/.local/lib/python3.12/site-packages/airflow/example_dags/example_xcom.py took 0.455 seconds
[2024-06-07T08:16:23.207+0000] {processor.py:161} INFO - Started process (PID=1772) to work on /home/airflow/.local/lib/python3.12/site-packages/airflow/example_dags/example_xcom.py
[2024-06-07T08:16:23.208+0000] {processor.py:830} INFO - Processing file /home/airflow/.local/lib/python3.12/site-packages/airflow/example_dags/example_xcom.py for tasks to queue
[2024-06-07T08:16:23.210+0000] {logging_mixin.py:188} INFO - [2024-06-07T08:16:23.209+0000] {dagbag.py:545} INFO - Filling up the DagBag from /home/airflow/.local/lib/python3.12/site-packages/airflow/example_dags/example_xcom.py
[2024-06-07T08:16:23.226+0000] {processor.py:840} INFO - DAG(s) 'example_xcom' retrieved from /home/airflow/.local/lib/python3.12/site-packages/airflow/example_dags/example_xcom.py
[2024-06-07T08:16:23.339+0000] {logging_mixin.py:188} INFO - [2024-06-07T08:16:23.339+0000] {dag.py:3096} INFO - Sync 1 DAGs
[2024-06-07T08:16:23.719+0000] {logging_mixin.py:188} INFO - [2024-06-07T08:16:23.719+0000] {dag.py:3954} INFO - Setting next_dagrun for example_xcom to 2021-01-01 00:00:00+00:00, run_after=2021-01-01 00:00:00+00:00
[2024-06-07T08:16:24.080+0000] {processor.py:183} INFO - Processing /home/airflow/.local/lib/python3.12/site-packages/airflow/example_dags/example_xcom.py took 0.886 seconds
[2024-06-07T08:16:54.173+0000] {processor.py:161} INFO - Started process (PID=1829) to work on /home/airflow/.local/lib/python3.12/site-packages/airflow/example_dags/example_xcom.py
[2024-06-07T08:16:54.174+0000] {processor.py:830} INFO - Processing file /home/airflow/.local/lib/python3.12/site-packages/airflow/example_dags/example_xcom.py for tasks to queue
[2024-06-07T08:16:54.177+0000] {logging_mixin.py:188} INFO - [2024-06-07T08:16:54.176+0000] {dagbag.py:545} INFO - Filling up the DagBag from /home/airflow/.local/lib/python3.12/site-packages/airflow/example_dags/example_xcom.py
[2024-06-07T08:16:54.194+0000] {processor.py:840} INFO - DAG(s) 'example_xcom' retrieved from /home/airflow/.local/lib/python3.12/site-packages/airflow/example_dags/example_xcom.py
[2024-06-07T08:16:54.246+0000] {logging_mixin.py:188} INFO - [2024-06-07T08:16:54.246+0000] {dag.py:3096} INFO - Sync 1 DAGs
[2024-06-07T08:16:54.334+0000] {logging_mixin.py:188} INFO - [2024-06-07T08:16:54.334+0000] {dag.py:3954} INFO - Setting next_dagrun for example_xcom to 2021-01-01 00:00:00+00:00, run_after=2021-01-01 00:00:00+00:00
[2024-06-07T08:16:54.485+0000] {processor.py:183} INFO - Processing /home/airflow/.local/lib/python3.12/site-packages/airflow/example_dags/example_xcom.py took 0.325 seconds
[2024-06-07T08:17:42.285+0000] {processor.py:161} INFO - Started process (PID=1906) to work on /home/airflow/.local/lib/python3.12/site-packages/airflow/example_dags/example_xcom.py
[2024-06-07T08:17:42.299+0000] {processor.py:830} INFO - Processing file /home/airflow/.local/lib/python3.12/site-packages/airflow/example_dags/example_xcom.py for tasks to queue
[2024-06-07T08:17:42.317+0000] {logging_mixin.py:188} INFO - [2024-06-07T08:17:42.316+0000] {dagbag.py:545} INFO - Filling up the DagBag from /home/airflow/.local/lib/python3.12/site-packages/airflow/example_dags/example_xcom.py
[2024-06-07T08:17:42.527+0000] {processor.py:840} INFO - DAG(s) 'example_xcom' retrieved from /home/airflow/.local/lib/python3.12/site-packages/airflow/example_dags/example_xcom.py
[2024-06-07T08:17:43.028+0000] {logging_mixin.py:188} INFO - [2024-06-07T08:17:43.027+0000] {dag.py:3096} INFO - Sync 1 DAGs
[2024-06-07T08:17:43.604+0000] {logging_mixin.py:188} INFO - [2024-06-07T08:17:43.603+0000] {dag.py:3954} INFO - Setting next_dagrun for example_xcom to 2021-01-01 00:00:00+00:00, run_after=2021-01-01 00:00:00+00:00
[2024-06-07T08:17:43.939+0000] {processor.py:183} INFO - Processing /home/airflow/.local/lib/python3.12/site-packages/airflow/example_dags/example_xcom.py took 1.757 seconds
[2024-06-07T08:18:14.201+0000] {processor.py:161} INFO - Started process (PID=1964) to work on /home/airflow/.local/lib/python3.12/site-packages/airflow/example_dags/example_xcom.py
[2024-06-07T08:18:14.204+0000] {processor.py:830} INFO - Processing file /home/airflow/.local/lib/python3.12/site-packages/airflow/example_dags/example_xcom.py for tasks to queue
[2024-06-07T08:18:14.206+0000] {logging_mixin.py:188} INFO - [2024-06-07T08:18:14.205+0000] {dagbag.py:545} INFO - Filling up the DagBag from /home/airflow/.local/lib/python3.12/site-packages/airflow/example_dags/example_xcom.py
[2024-06-07T08:18:14.227+0000] {processor.py:840} INFO - DAG(s) 'example_xcom' retrieved from /home/airflow/.local/lib/python3.12/site-packages/airflow/example_dags/example_xcom.py
[2024-06-07T08:18:14.279+0000] {logging_mixin.py:188} INFO - [2024-06-07T08:18:14.278+0000] {dag.py:3096} INFO - Sync 1 DAGs
[2024-06-07T08:18:14.336+0000] {logging_mixin.py:188} INFO - [2024-06-07T08:18:14.335+0000] {dag.py:3954} INFO - Setting next_dagrun for example_xcom to 2021-01-01 00:00:00+00:00, run_after=2021-01-01 00:00:00+00:00
[2024-06-07T08:18:14.530+0000] {processor.py:183} INFO - Processing /home/airflow/.local/lib/python3.12/site-packages/airflow/example_dags/example_xcom.py took 0.344 seconds
[2024-06-07T08:18:45.363+0000] {processor.py:161} INFO - Started process (PID=2022) to work on /home/airflow/.local/lib/python3.12/site-packages/airflow/example_dags/example_xcom.py
[2024-06-07T08:18:45.379+0000] {processor.py:830} INFO - Processing file /home/airflow/.local/lib/python3.12/site-packages/airflow/example_dags/example_xcom.py for tasks to queue
[2024-06-07T08:18:45.408+0000] {logging_mixin.py:188} INFO - [2024-06-07T08:18:45.406+0000] {dagbag.py:545} INFO - Filling up the DagBag from /home/airflow/.local/lib/python3.12/site-packages/airflow/example_dags/example_xcom.py
[2024-06-07T08:18:45.566+0000] {processor.py:840} INFO - DAG(s) 'example_xcom' retrieved from /home/airflow/.local/lib/python3.12/site-packages/airflow/example_dags/example_xcom.py
[2024-06-07T08:18:46.252+0000] {logging_mixin.py:188} INFO - [2024-06-07T08:18:46.237+0000] {dag.py:3096} INFO - Sync 1 DAGs
[2024-06-07T08:18:46.717+0000] {logging_mixin.py:188} INFO - [2024-06-07T08:18:46.716+0000] {dag.py:3954} INFO - Setting next_dagrun for example_xcom to 2021-01-01 00:00:00+00:00, run_after=2021-01-01 00:00:00+00:00
[2024-06-07T08:18:47.222+0000] {processor.py:183} INFO - Processing /home/airflow/.local/lib/python3.12/site-packages/airflow/example_dags/example_xcom.py took 1.911 seconds
[2024-06-07T08:19:17.648+0000] {processor.py:161} INFO - Started process (PID=2080) to work on /home/airflow/.local/lib/python3.12/site-packages/airflow/example_dags/example_xcom.py
[2024-06-07T08:19:17.668+0000] {processor.py:830} INFO - Processing file /home/airflow/.local/lib/python3.12/site-packages/airflow/example_dags/example_xcom.py for tasks to queue
[2024-06-07T08:19:17.674+0000] {logging_mixin.py:188} INFO - [2024-06-07T08:19:17.672+0000] {dagbag.py:545} INFO - Filling up the DagBag from /home/airflow/.local/lib/python3.12/site-packages/airflow/example_dags/example_xcom.py
[2024-06-07T08:19:17.695+0000] {processor.py:840} INFO - DAG(s) 'example_xcom' retrieved from /home/airflow/.local/lib/python3.12/site-packages/airflow/example_dags/example_xcom.py
[2024-06-07T08:19:17.784+0000] {logging_mixin.py:188} INFO - [2024-06-07T08:19:17.782+0000] {dag.py:3096} INFO - Sync 1 DAGs
[2024-06-07T08:19:17.873+0000] {logging_mixin.py:188} INFO - [2024-06-07T08:19:17.872+0000] {dag.py:3954} INFO - Setting next_dagrun for example_xcom to 2021-01-01 00:00:00+00:00, run_after=2021-01-01 00:00:00+00:00
[2024-06-07T08:19:18.086+0000] {processor.py:183} INFO - Processing /home/airflow/.local/lib/python3.12/site-packages/airflow/example_dags/example_xcom.py took 0.458 seconds
[2024-06-07T08:19:48.198+0000] {processor.py:161} INFO - Started process (PID=2138) to work on /home/airflow/.local/lib/python3.12/site-packages/airflow/example_dags/example_xcom.py
[2024-06-07T08:19:48.201+0000] {processor.py:830} INFO - Processing file /home/airflow/.local/lib/python3.12/site-packages/airflow/example_dags/example_xcom.py for tasks to queue
[2024-06-07T08:19:48.203+0000] {logging_mixin.py:188} INFO - [2024-06-07T08:19:48.202+0000] {dagbag.py:545} INFO - Filling up the DagBag from /home/airflow/.local/lib/python3.12/site-packages/airflow/example_dags/example_xcom.py
[2024-06-07T08:19:48.225+0000] {processor.py:840} INFO - DAG(s) 'example_xcom' retrieved from /home/airflow/.local/lib/python3.12/site-packages/airflow/example_dags/example_xcom.py
[2024-06-07T08:19:48.284+0000] {logging_mixin.py:188} INFO - [2024-06-07T08:19:48.284+0000] {dag.py:3096} INFO - Sync 1 DAGs
[2024-06-07T08:19:48.348+0000] {logging_mixin.py:188} INFO - [2024-06-07T08:19:48.347+0000] {dag.py:3954} INFO - Setting next_dagrun for example_xcom to 2021-01-01 00:00:00+00:00, run_after=2021-01-01 00:00:00+00:00
[2024-06-07T08:19:48.609+0000] {processor.py:183} INFO - Processing /home/airflow/.local/lib/python3.12/site-packages/airflow/example_dags/example_xcom.py took 0.425 seconds
[2024-06-07T08:20:19.310+0000] {processor.py:161} INFO - Started process (PID=2196) to work on /home/airflow/.local/lib/python3.12/site-packages/airflow/example_dags/example_xcom.py
[2024-06-07T08:20:19.312+0000] {processor.py:830} INFO - Processing file /home/airflow/.local/lib/python3.12/site-packages/airflow/example_dags/example_xcom.py for tasks to queue
[2024-06-07T08:20:19.314+0000] {logging_mixin.py:188} INFO - [2024-06-07T08:20:19.313+0000] {dagbag.py:545} INFO - Filling up the DagBag from /home/airflow/.local/lib/python3.12/site-packages/airflow/example_dags/example_xcom.py
[2024-06-07T08:20:19.346+0000] {processor.py:840} INFO - DAG(s) 'example_xcom' retrieved from /home/airflow/.local/lib/python3.12/site-packages/airflow/example_dags/example_xcom.py
[2024-06-07T08:20:19.425+0000] {logging_mixin.py:188} INFO - [2024-06-07T08:20:19.424+0000] {dag.py:3096} INFO - Sync 1 DAGs
[2024-06-07T08:20:19.517+0000] {logging_mixin.py:188} INFO - [2024-06-07T08:20:19.517+0000] {dag.py:3954} INFO - Setting next_dagrun for example_xcom to 2021-01-01 00:00:00+00:00, run_after=2021-01-01 00:00:00+00:00
[2024-06-07T08:20:19.868+0000] {processor.py:183} INFO - Processing /home/airflow/.local/lib/python3.12/site-packages/airflow/example_dags/example_xcom.py took 0.576 seconds
[2024-06-07T08:20:50.082+0000] {processor.py:161} INFO - Started process (PID=2253) to work on /home/airflow/.local/lib/python3.12/site-packages/airflow/example_dags/example_xcom.py
[2024-06-07T08:20:50.096+0000] {processor.py:830} INFO - Processing file /home/airflow/.local/lib/python3.12/site-packages/airflow/example_dags/example_xcom.py for tasks to queue
[2024-06-07T08:20:50.106+0000] {logging_mixin.py:188} INFO - [2024-06-07T08:20:50.105+0000] {dagbag.py:545} INFO - Filling up the DagBag from /home/airflow/.local/lib/python3.12/site-packages/airflow/example_dags/example_xcom.py
[2024-06-07T08:20:50.178+0000] {processor.py:840} INFO - DAG(s) 'example_xcom' retrieved from /home/airflow/.local/lib/python3.12/site-packages/airflow/example_dags/example_xcom.py
[2024-06-07T08:20:50.439+0000] {logging_mixin.py:188} INFO - [2024-06-07T08:20:50.428+0000] {dag.py:3096} INFO - Sync 1 DAGs
[2024-06-07T08:20:50.663+0000] {logging_mixin.py:188} INFO - [2024-06-07T08:20:50.662+0000] {dag.py:3954} INFO - Setting next_dagrun for example_xcom to 2021-01-01 00:00:00+00:00, run_after=2021-01-01 00:00:00+00:00
[2024-06-07T08:20:52.759+0000] {processor.py:183} INFO - Processing /home/airflow/.local/lib/python3.12/site-packages/airflow/example_dags/example_xcom.py took 2.722 seconds
[2024-06-07T08:21:23.464+0000] {processor.py:161} INFO - Started process (PID=2312) to work on /home/airflow/.local/lib/python3.12/site-packages/airflow/example_dags/example_xcom.py
[2024-06-07T08:21:23.466+0000] {processor.py:830} INFO - Processing file /home/airflow/.local/lib/python3.12/site-packages/airflow/example_dags/example_xcom.py for tasks to queue
[2024-06-07T08:21:23.469+0000] {logging_mixin.py:188} INFO - [2024-06-07T08:21:23.468+0000] {dagbag.py:545} INFO - Filling up the DagBag from /home/airflow/.local/lib/python3.12/site-packages/airflow/example_dags/example_xcom.py
[2024-06-07T08:21:23.497+0000] {processor.py:840} INFO - DAG(s) 'example_xcom' retrieved from /home/airflow/.local/lib/python3.12/site-packages/airflow/example_dags/example_xcom.py
[2024-06-07T08:21:23.559+0000] {logging_mixin.py:188} INFO - [2024-06-07T08:21:23.557+0000] {dag.py:3096} INFO - Sync 1 DAGs
[2024-06-07T08:21:23.637+0000] {logging_mixin.py:188} INFO - [2024-06-07T08:21:23.636+0000] {dag.py:3954} INFO - Setting next_dagrun for example_xcom to 2021-01-01 00:00:00+00:00, run_after=2021-01-01 00:00:00+00:00
[2024-06-07T08:21:23.775+0000] {processor.py:183} INFO - Processing /home/airflow/.local/lib/python3.12/site-packages/airflow/example_dags/example_xcom.py took 0.331 seconds
[2024-06-07T08:21:54.410+0000] {processor.py:161} INFO - Started process (PID=2370) to work on /home/airflow/.local/lib/python3.12/site-packages/airflow/example_dags/example_xcom.py
[2024-06-07T08:21:54.413+0000] {processor.py:830} INFO - Processing file /home/airflow/.local/lib/python3.12/site-packages/airflow/example_dags/example_xcom.py for tasks to queue
[2024-06-07T08:21:54.415+0000] {logging_mixin.py:188} INFO - [2024-06-07T08:21:54.414+0000] {dagbag.py:545} INFO - Filling up the DagBag from /home/airflow/.local/lib/python3.12/site-packages/airflow/example_dags/example_xcom.py
[2024-06-07T08:21:54.451+0000] {processor.py:840} INFO - DAG(s) 'example_xcom' retrieved from /home/airflow/.local/lib/python3.12/site-packages/airflow/example_dags/example_xcom.py
[2024-06-07T08:21:54.542+0000] {logging_mixin.py:188} INFO - [2024-06-07T08:21:54.541+0000] {dag.py:3096} INFO - Sync 1 DAGs
[2024-06-07T08:21:54.636+0000] {logging_mixin.py:188} INFO - [2024-06-07T08:21:54.636+0000] {dag.py:3954} INFO - Setting next_dagrun for example_xcom to 2021-01-01 00:00:00+00:00, run_after=2021-01-01 00:00:00+00:00
[2024-06-07T08:21:55.959+0000] {processor.py:183} INFO - Processing /home/airflow/.local/lib/python3.12/site-packages/airflow/example_dags/example_xcom.py took 1.568 seconds
[2024-06-07T08:22:26.230+0000] {processor.py:161} INFO - Started process (PID=2427) to work on /home/airflow/.local/lib/python3.12/site-packages/airflow/example_dags/example_xcom.py
[2024-06-07T08:22:26.232+0000] {processor.py:830} INFO - Processing file /home/airflow/.local/lib/python3.12/site-packages/airflow/example_dags/example_xcom.py for tasks to queue
[2024-06-07T08:22:26.236+0000] {logging_mixin.py:188} INFO - [2024-06-07T08:22:26.235+0000] {dagbag.py:545} INFO - Filling up the DagBag from /home/airflow/.local/lib/python3.12/site-packages/airflow/example_dags/example_xcom.py
[2024-06-07T08:22:26.258+0000] {processor.py:840} INFO - DAG(s) 'example_xcom' retrieved from /home/airflow/.local/lib/python3.12/site-packages/airflow/example_dags/example_xcom.py
[2024-06-07T08:22:26.317+0000] {logging_mixin.py:188} INFO - [2024-06-07T08:22:26.317+0000] {dag.py:3096} INFO - Sync 1 DAGs
[2024-06-07T08:22:26.387+0000] {logging_mixin.py:188} INFO - [2024-06-07T08:22:26.386+0000] {dag.py:3954} INFO - Setting next_dagrun for example_xcom to 2021-01-01 00:00:00+00:00, run_after=2021-01-01 00:00:00+00:00
[2024-06-07T08:22:26.495+0000] {processor.py:183} INFO - Processing /home/airflow/.local/lib/python3.12/site-packages/airflow/example_dags/example_xcom.py took 0.288 seconds
[2024-06-07T08:22:56.855+0000] {processor.py:161} INFO - Started process (PID=2486) to work on /home/airflow/.local/lib/python3.12/site-packages/airflow/example_dags/example_xcom.py
[2024-06-07T08:22:56.856+0000] {processor.py:830} INFO - Processing file /home/airflow/.local/lib/python3.12/site-packages/airflow/example_dags/example_xcom.py for tasks to queue
[2024-06-07T08:22:56.858+0000] {logging_mixin.py:188} INFO - [2024-06-07T08:22:56.858+0000] {dagbag.py:545} INFO - Filling up the DagBag from /home/airflow/.local/lib/python3.12/site-packages/airflow/example_dags/example_xcom.py
[2024-06-07T08:22:56.883+0000] {processor.py:840} INFO - DAG(s) 'example_xcom' retrieved from /home/airflow/.local/lib/python3.12/site-packages/airflow/example_dags/example_xcom.py
[2024-06-07T08:22:56.933+0000] {logging_mixin.py:188} INFO - [2024-06-07T08:22:56.932+0000] {dag.py:3096} INFO - Sync 1 DAGs
[2024-06-07T08:22:56.986+0000] {logging_mixin.py:188} INFO - [2024-06-07T08:22:56.986+0000] {dag.py:3954} INFO - Setting next_dagrun for example_xcom to 2021-01-01 00:00:00+00:00, run_after=2021-01-01 00:00:00+00:00
[2024-06-07T08:22:58.330+0000] {processor.py:183} INFO - Processing /home/airflow/.local/lib/python3.12/site-packages/airflow/example_dags/example_xcom.py took 1.489 seconds
