[2024-06-07T07:55:21.553+0000] {processor.py:161} INFO - Started process (PID=103) to work on /home/airflow/.local/lib/python3.12/site-packages/airflow/example_dags/tutorial_dag.py
[2024-06-07T07:55:21.561+0000] {processor.py:830} INFO - Processing file /home/airflow/.local/lib/python3.12/site-packages/airflow/example_dags/tutorial_dag.py for tasks to queue
[2024-06-07T07:55:21.609+0000] {logging_mixin.py:188} INFO - [2024-06-07T07:55:21.608+0000] {dagbag.py:545} INFO - Filling up the DagBag from /home/airflow/.local/lib/python3.12/site-packages/airflow/example_dags/tutorial_dag.py
[2024-06-07T07:55:21.646+0000] {processor.py:840} INFO - DAG(s) 'tutorial_dag' retrieved from /home/airflow/.local/lib/python3.12/site-packages/airflow/example_dags/tutorial_dag.py
[2024-06-07T07:55:23.349+0000] {logging_mixin.py:188} INFO - [2024-06-07T07:55:23.347+0000] {override.py:1829} INFO - Created Permission View: can delete on DAG:tutorial_dag
[2024-06-07T07:55:23.448+0000] {logging_mixin.py:188} INFO - [2024-06-07T07:55:23.447+0000] {override.py:1829} INFO - Created Permission View: can read on DAG:tutorial_dag
[2024-06-07T07:55:23.682+0000] {logging_mixin.py:188} INFO - [2024-06-07T07:55:23.681+0000] {override.py:1829} INFO - Created Permission View: can edit on DAG:tutorial_dag
[2024-06-07T07:55:23.684+0000] {logging_mixin.py:188} INFO - [2024-06-07T07:55:23.683+0000] {dag.py:3096} INFO - Sync 1 DAGs
[2024-06-07T07:55:23.724+0000] {logging_mixin.py:188} INFO - [2024-06-07T07:55:23.723+0000] {dag.py:3118} INFO - Creating ORM DAG for tutorial_dag
[2024-06-07T07:55:23.726+0000] {logging_mixin.py:188} INFO - [2024-06-07T07:55:23.725+0000] {dag.py:3954} INFO - Setting next_dagrun for tutorial_dag to None, run_after=None
[2024-06-07T07:55:23.870+0000] {processor.py:183} INFO - Processing /home/airflow/.local/lib/python3.12/site-packages/airflow/example_dags/tutorial_dag.py took 2.356 seconds
[2024-06-07T07:55:54.182+0000] {processor.py:161} INFO - Started process (PID=161) to work on /home/airflow/.local/lib/python3.12/site-packages/airflow/example_dags/tutorial_dag.py
[2024-06-07T07:55:54.185+0000] {processor.py:830} INFO - Processing file /home/airflow/.local/lib/python3.12/site-packages/airflow/example_dags/tutorial_dag.py for tasks to queue
[2024-06-07T07:55:54.190+0000] {logging_mixin.py:188} INFO - [2024-06-07T07:55:54.189+0000] {dagbag.py:545} INFO - Filling up the DagBag from /home/airflow/.local/lib/python3.12/site-packages/airflow/example_dags/tutorial_dag.py
[2024-06-07T07:55:54.203+0000] {processor.py:840} INFO - DAG(s) 'tutorial_dag' retrieved from /home/airflow/.local/lib/python3.12/site-packages/airflow/example_dags/tutorial_dag.py
[2024-06-07T07:55:54.277+0000] {logging_mixin.py:188} INFO - [2024-06-07T07:55:54.277+0000] {dag.py:3096} INFO - Sync 1 DAGs
[2024-06-07T07:55:54.317+0000] {logging_mixin.py:188} INFO - [2024-06-07T07:55:54.317+0000] {dag.py:3954} INFO - Setting next_dagrun for tutorial_dag to None, run_after=None
[2024-06-07T07:55:54.589+0000] {processor.py:183} INFO - Processing /home/airflow/.local/lib/python3.12/site-packages/airflow/example_dags/tutorial_dag.py took 0.423 seconds
[2024-06-07T07:56:25.255+0000] {processor.py:161} INFO - Started process (PID=219) to work on /home/airflow/.local/lib/python3.12/site-packages/airflow/example_dags/tutorial_dag.py
[2024-06-07T07:56:25.258+0000] {processor.py:830} INFO - Processing file /home/airflow/.local/lib/python3.12/site-packages/airflow/example_dags/tutorial_dag.py for tasks to queue
[2024-06-07T07:56:25.262+0000] {logging_mixin.py:188} INFO - [2024-06-07T07:56:25.261+0000] {dagbag.py:545} INFO - Filling up the DagBag from /home/airflow/.local/lib/python3.12/site-packages/airflow/example_dags/tutorial_dag.py
[2024-06-07T07:56:25.280+0000] {processor.py:840} INFO - DAG(s) 'tutorial_dag' retrieved from /home/airflow/.local/lib/python3.12/site-packages/airflow/example_dags/tutorial_dag.py
[2024-06-07T07:56:25.343+0000] {logging_mixin.py:188} INFO - [2024-06-07T07:56:25.342+0000] {dag.py:3096} INFO - Sync 1 DAGs
[2024-06-07T07:56:25.385+0000] {logging_mixin.py:188} INFO - [2024-06-07T07:56:25.384+0000] {dag.py:3954} INFO - Setting next_dagrun for tutorial_dag to None, run_after=None
[2024-06-07T07:56:25.556+0000] {processor.py:183} INFO - Processing /home/airflow/.local/lib/python3.12/site-packages/airflow/example_dags/tutorial_dag.py took 0.317 seconds
[2024-06-07T07:57:13.191+0000] {processor.py:161} INFO - Started process (PID=281) to work on /home/airflow/.local/lib/python3.12/site-packages/airflow/example_dags/tutorial_dag.py
[2024-06-07T07:57:13.206+0000] {processor.py:830} INFO - Processing file /home/airflow/.local/lib/python3.12/site-packages/airflow/example_dags/tutorial_dag.py for tasks to queue
[2024-06-07T07:57:13.213+0000] {logging_mixin.py:188} INFO - [2024-06-07T07:57:13.212+0000] {dagbag.py:545} INFO - Filling up the DagBag from /home/airflow/.local/lib/python3.12/site-packages/airflow/example_dags/tutorial_dag.py
[2024-06-07T07:57:13.233+0000] {processor.py:840} INFO - DAG(s) 'tutorial_dag' retrieved from /home/airflow/.local/lib/python3.12/site-packages/airflow/example_dags/tutorial_dag.py
[2024-06-07T07:57:13.492+0000] {logging_mixin.py:188} INFO - [2024-06-07T07:57:13.491+0000] {dag.py:3096} INFO - Sync 1 DAGs
[2024-06-07T07:57:13.777+0000] {logging_mixin.py:188} INFO - [2024-06-07T07:57:13.777+0000] {dag.py:3954} INFO - Setting next_dagrun for tutorial_dag to None, run_after=None
[2024-06-07T07:57:14.392+0000] {processor.py:183} INFO - Processing /home/airflow/.local/lib/python3.12/site-packages/airflow/example_dags/tutorial_dag.py took 1.324 seconds
[2024-06-07T07:57:45.537+0000] {processor.py:161} INFO - Started process (PID=339) to work on /home/airflow/.local/lib/python3.12/site-packages/airflow/example_dags/tutorial_dag.py
[2024-06-07T07:57:45.541+0000] {processor.py:830} INFO - Processing file /home/airflow/.local/lib/python3.12/site-packages/airflow/example_dags/tutorial_dag.py for tasks to queue
[2024-06-07T07:57:45.564+0000] {logging_mixin.py:188} INFO - [2024-06-07T07:57:45.563+0000] {dagbag.py:545} INFO - Filling up the DagBag from /home/airflow/.local/lib/python3.12/site-packages/airflow/example_dags/tutorial_dag.py
[2024-06-07T07:57:45.620+0000] {processor.py:840} INFO - DAG(s) 'tutorial_dag' retrieved from /home/airflow/.local/lib/python3.12/site-packages/airflow/example_dags/tutorial_dag.py
[2024-06-07T07:57:45.782+0000] {logging_mixin.py:188} INFO - [2024-06-07T07:57:45.771+0000] {dag.py:3096} INFO - Sync 1 DAGs
[2024-06-07T07:57:45.953+0000] {logging_mixin.py:188} INFO - [2024-06-07T07:57:45.952+0000] {dag.py:3954} INFO - Setting next_dagrun for tutorial_dag to None, run_after=None
[2024-06-07T07:57:46.292+0000] {processor.py:183} INFO - Processing /home/airflow/.local/lib/python3.12/site-packages/airflow/example_dags/tutorial_dag.py took 0.795 seconds
[2024-06-07T07:58:18.992+0000] {processor.py:161} INFO - Started process (PID=399) to work on /home/airflow/.local/lib/python3.12/site-packages/airflow/example_dags/tutorial_dag.py
[2024-06-07T07:58:18.994+0000] {processor.py:830} INFO - Processing file /home/airflow/.local/lib/python3.12/site-packages/airflow/example_dags/tutorial_dag.py for tasks to queue
[2024-06-07T07:58:18.999+0000] {logging_mixin.py:188} INFO - [2024-06-07T07:58:18.998+0000] {dagbag.py:545} INFO - Filling up the DagBag from /home/airflow/.local/lib/python3.12/site-packages/airflow/example_dags/tutorial_dag.py
[2024-06-07T07:58:19.017+0000] {processor.py:840} INFO - DAG(s) 'tutorial_dag' retrieved from /home/airflow/.local/lib/python3.12/site-packages/airflow/example_dags/tutorial_dag.py
[2024-06-07T07:58:19.040+0000] {logging_mixin.py:188} INFO - [2024-06-07T07:58:19.040+0000] {dag.py:3096} INFO - Sync 1 DAGs
[2024-06-07T07:58:19.082+0000] {logging_mixin.py:188} INFO - [2024-06-07T07:58:19.082+0000] {dag.py:3954} INFO - Setting next_dagrun for tutorial_dag to None, run_after=None
[2024-06-07T07:58:19.370+0000] {processor.py:183} INFO - Processing /home/airflow/.local/lib/python3.12/site-packages/airflow/example_dags/tutorial_dag.py took 0.395 seconds
[2024-06-07T07:59:03.357+0000] {processor.py:161} INFO - Started process (PID=467) to work on /home/airflow/.local/lib/python3.12/site-packages/airflow/example_dags/tutorial_dag.py
[2024-06-07T07:59:03.359+0000] {processor.py:830} INFO - Processing file /home/airflow/.local/lib/python3.12/site-packages/airflow/example_dags/tutorial_dag.py for tasks to queue
[2024-06-07T07:59:03.366+0000] {logging_mixin.py:188} INFO - [2024-06-07T07:59:03.365+0000] {dagbag.py:545} INFO - Filling up the DagBag from /home/airflow/.local/lib/python3.12/site-packages/airflow/example_dags/tutorial_dag.py
[2024-06-07T07:59:03.382+0000] {processor.py:840} INFO - DAG(s) 'tutorial_dag' retrieved from /home/airflow/.local/lib/python3.12/site-packages/airflow/example_dags/tutorial_dag.py
[2024-06-07T07:59:03.855+0000] {logging_mixin.py:188} INFO - [2024-06-07T07:59:03.855+0000] {dag.py:3096} INFO - Sync 1 DAGs
[2024-06-07T07:59:03.886+0000] {logging_mixin.py:188} INFO - [2024-06-07T07:59:03.885+0000] {dag.py:3954} INFO - Setting next_dagrun for tutorial_dag to None, run_after=None
[2024-06-07T07:59:04.681+0000] {processor.py:183} INFO - Processing /home/airflow/.local/lib/python3.12/site-packages/airflow/example_dags/tutorial_dag.py took 1.342 seconds
[2024-06-07T07:59:35.914+0000] {processor.py:161} INFO - Started process (PID=530) to work on /home/airflow/.local/lib/python3.12/site-packages/airflow/example_dags/tutorial_dag.py
[2024-06-07T07:59:35.925+0000] {processor.py:830} INFO - Processing file /home/airflow/.local/lib/python3.12/site-packages/airflow/example_dags/tutorial_dag.py for tasks to queue
[2024-06-07T07:59:35.942+0000] {logging_mixin.py:188} INFO - [2024-06-07T07:59:35.941+0000] {dagbag.py:545} INFO - Filling up the DagBag from /home/airflow/.local/lib/python3.12/site-packages/airflow/example_dags/tutorial_dag.py
[2024-06-07T07:59:35.990+0000] {processor.py:840} INFO - DAG(s) 'tutorial_dag' retrieved from /home/airflow/.local/lib/python3.12/site-packages/airflow/example_dags/tutorial_dag.py
[2024-06-07T07:59:36.161+0000] {logging_mixin.py:188} INFO - [2024-06-07T07:59:36.161+0000] {dag.py:3096} INFO - Sync 1 DAGs
[2024-06-07T07:59:36.294+0000] {logging_mixin.py:188} INFO - [2024-06-07T07:59:36.293+0000] {dag.py:3954} INFO - Setting next_dagrun for tutorial_dag to None, run_after=None
[2024-06-07T07:59:36.694+0000] {processor.py:183} INFO - Processing /home/airflow/.local/lib/python3.12/site-packages/airflow/example_dags/tutorial_dag.py took 0.864 seconds
[2024-06-07T08:00:44.211+0000] {processor.py:161} INFO - Started process (PID=603) to work on /home/airflow/.local/lib/python3.12/site-packages/airflow/example_dags/tutorial_dag.py
[2024-06-07T08:00:44.214+0000] {processor.py:830} INFO - Processing file /home/airflow/.local/lib/python3.12/site-packages/airflow/example_dags/tutorial_dag.py for tasks to queue
[2024-06-07T08:00:44.230+0000] {logging_mixin.py:188} INFO - [2024-06-07T08:00:44.230+0000] {dagbag.py:545} INFO - Filling up the DagBag from /home/airflow/.local/lib/python3.12/site-packages/airflow/example_dags/tutorial_dag.py
[2024-06-07T08:00:44.275+0000] {processor.py:840} INFO - DAG(s) 'tutorial_dag' retrieved from /home/airflow/.local/lib/python3.12/site-packages/airflow/example_dags/tutorial_dag.py
[2024-06-07T08:00:44.459+0000] {logging_mixin.py:188} INFO - [2024-06-07T08:00:44.458+0000] {dag.py:3096} INFO - Sync 1 DAGs
[2024-06-07T08:00:44.633+0000] {logging_mixin.py:188} INFO - [2024-06-07T08:00:44.633+0000] {dag.py:3954} INFO - Setting next_dagrun for tutorial_dag to None, run_after=None
[2024-06-07T08:00:47.144+0000] {processor.py:183} INFO - Processing /home/airflow/.local/lib/python3.12/site-packages/airflow/example_dags/tutorial_dag.py took 3.028 seconds
[2024-06-07T08:01:18.916+0000] {processor.py:161} INFO - Started process (PID=663) to work on /home/airflow/.local/lib/python3.12/site-packages/airflow/example_dags/tutorial_dag.py
[2024-06-07T08:01:18.968+0000] {processor.py:830} INFO - Processing file /home/airflow/.local/lib/python3.12/site-packages/airflow/example_dags/tutorial_dag.py for tasks to queue
[2024-06-07T08:01:18.972+0000] {logging_mixin.py:188} INFO - [2024-06-07T08:01:18.972+0000] {dagbag.py:545} INFO - Filling up the DagBag from /home/airflow/.local/lib/python3.12/site-packages/airflow/example_dags/tutorial_dag.py
[2024-06-07T08:01:19.001+0000] {processor.py:840} INFO - DAG(s) 'tutorial_dag' retrieved from /home/airflow/.local/lib/python3.12/site-packages/airflow/example_dags/tutorial_dag.py
[2024-06-07T08:01:19.259+0000] {logging_mixin.py:188} INFO - [2024-06-07T08:01:19.259+0000] {dag.py:3096} INFO - Sync 1 DAGs
[2024-06-07T08:01:19.460+0000] {logging_mixin.py:188} INFO - [2024-06-07T08:01:19.459+0000] {dag.py:3954} INFO - Setting next_dagrun for tutorial_dag to None, run_after=None
[2024-06-07T08:01:20.088+0000] {processor.py:183} INFO - Processing /home/airflow/.local/lib/python3.12/site-packages/airflow/example_dags/tutorial_dag.py took 1.260 seconds
[2024-06-07T08:02:33.039+0000] {processor.py:161} INFO - Started process (PID=748) to work on /home/airflow/.local/lib/python3.12/site-packages/airflow/example_dags/tutorial_dag.py
[2024-06-07T08:02:33.050+0000] {processor.py:830} INFO - Processing file /home/airflow/.local/lib/python3.12/site-packages/airflow/example_dags/tutorial_dag.py for tasks to queue
[2024-06-07T08:02:33.072+0000] {logging_mixin.py:188} INFO - [2024-06-07T08:02:33.071+0000] {dagbag.py:545} INFO - Filling up the DagBag from /home/airflow/.local/lib/python3.12/site-packages/airflow/example_dags/tutorial_dag.py
[2024-06-07T08:02:33.119+0000] {processor.py:840} INFO - DAG(s) 'tutorial_dag' retrieved from /home/airflow/.local/lib/python3.12/site-packages/airflow/example_dags/tutorial_dag.py
[2024-06-07T08:02:34.048+0000] {logging_mixin.py:188} INFO - [2024-06-07T08:02:34.047+0000] {dag.py:3096} INFO - Sync 1 DAGs
[2024-06-07T08:02:34.131+0000] {logging_mixin.py:188} INFO - [2024-06-07T08:02:34.131+0000] {dag.py:3954} INFO - Setting next_dagrun for tutorial_dag to None, run_after=None
[2024-06-07T08:02:34.322+0000] {processor.py:183} INFO - Processing /home/airflow/.local/lib/python3.12/site-packages/airflow/example_dags/tutorial_dag.py took 1.330 seconds
[2024-06-07T08:03:05.417+0000] {processor.py:161} INFO - Started process (PID=810) to work on /home/airflow/.local/lib/python3.12/site-packages/airflow/example_dags/tutorial_dag.py
[2024-06-07T08:03:05.420+0000] {processor.py:830} INFO - Processing file /home/airflow/.local/lib/python3.12/site-packages/airflow/example_dags/tutorial_dag.py for tasks to queue
[2024-06-07T08:03:05.424+0000] {logging_mixin.py:188} INFO - [2024-06-07T08:03:05.424+0000] {dagbag.py:545} INFO - Filling up the DagBag from /home/airflow/.local/lib/python3.12/site-packages/airflow/example_dags/tutorial_dag.py
[2024-06-07T08:03:05.452+0000] {processor.py:840} INFO - DAG(s) 'tutorial_dag' retrieved from /home/airflow/.local/lib/python3.12/site-packages/airflow/example_dags/tutorial_dag.py
[2024-06-07T08:03:05.516+0000] {logging_mixin.py:188} INFO - [2024-06-07T08:03:05.516+0000] {dag.py:3096} INFO - Sync 1 DAGs
[2024-06-07T08:03:05.572+0000] {logging_mixin.py:188} INFO - [2024-06-07T08:03:05.571+0000] {dag.py:3954} INFO - Setting next_dagrun for tutorial_dag to None, run_after=None
[2024-06-07T08:03:05.749+0000] {processor.py:183} INFO - Processing /home/airflow/.local/lib/python3.12/site-packages/airflow/example_dags/tutorial_dag.py took 0.349 seconds
[2024-06-07T08:03:36.304+0000] {processor.py:161} INFO - Started process (PID=868) to work on /home/airflow/.local/lib/python3.12/site-packages/airflow/example_dags/tutorial_dag.py
[2024-06-07T08:03:36.309+0000] {processor.py:830} INFO - Processing file /home/airflow/.local/lib/python3.12/site-packages/airflow/example_dags/tutorial_dag.py for tasks to queue
[2024-06-07T08:03:36.320+0000] {logging_mixin.py:188} INFO - [2024-06-07T08:03:36.319+0000] {dagbag.py:545} INFO - Filling up the DagBag from /home/airflow/.local/lib/python3.12/site-packages/airflow/example_dags/tutorial_dag.py
[2024-06-07T08:03:36.336+0000] {processor.py:840} INFO - DAG(s) 'tutorial_dag' retrieved from /home/airflow/.local/lib/python3.12/site-packages/airflow/example_dags/tutorial_dag.py
[2024-06-07T08:03:36.467+0000] {logging_mixin.py:188} INFO - [2024-06-07T08:03:36.466+0000] {dag.py:3096} INFO - Sync 1 DAGs
[2024-06-07T08:03:36.582+0000] {logging_mixin.py:188} INFO - [2024-06-07T08:03:36.581+0000] {dag.py:3954} INFO - Setting next_dagrun for tutorial_dag to None, run_after=None
[2024-06-07T08:03:36.745+0000] {processor.py:183} INFO - Processing /home/airflow/.local/lib/python3.12/site-packages/airflow/example_dags/tutorial_dag.py took 0.469 seconds
[2024-06-07T08:04:07.484+0000] {processor.py:161} INFO - Started process (PID=926) to work on /home/airflow/.local/lib/python3.12/site-packages/airflow/example_dags/tutorial_dag.py
[2024-06-07T08:04:07.486+0000] {processor.py:830} INFO - Processing file /home/airflow/.local/lib/python3.12/site-packages/airflow/example_dags/tutorial_dag.py for tasks to queue
[2024-06-07T08:04:07.492+0000] {logging_mixin.py:188} INFO - [2024-06-07T08:04:07.491+0000] {dagbag.py:545} INFO - Filling up the DagBag from /home/airflow/.local/lib/python3.12/site-packages/airflow/example_dags/tutorial_dag.py
[2024-06-07T08:04:07.510+0000] {processor.py:840} INFO - DAG(s) 'tutorial_dag' retrieved from /home/airflow/.local/lib/python3.12/site-packages/airflow/example_dags/tutorial_dag.py
[2024-06-07T08:04:07.568+0000] {logging_mixin.py:188} INFO - [2024-06-07T08:04:07.568+0000] {dag.py:3096} INFO - Sync 1 DAGs
[2024-06-07T08:04:07.607+0000] {logging_mixin.py:188} INFO - [2024-06-07T08:04:07.607+0000] {dag.py:3954} INFO - Setting next_dagrun for tutorial_dag to None, run_after=None
[2024-06-07T08:04:07.714+0000] {processor.py:183} INFO - Processing /home/airflow/.local/lib/python3.12/site-packages/airflow/example_dags/tutorial_dag.py took 0.244 seconds
[2024-06-07T08:04:41.964+0000] {processor.py:161} INFO - Started process (PID=987) to work on /home/airflow/.local/lib/python3.12/site-packages/airflow/example_dags/tutorial_dag.py
[2024-06-07T08:04:41.966+0000] {processor.py:830} INFO - Processing file /home/airflow/.local/lib/python3.12/site-packages/airflow/example_dags/tutorial_dag.py for tasks to queue
[2024-06-07T08:04:41.972+0000] {logging_mixin.py:188} INFO - [2024-06-07T08:04:41.971+0000] {dagbag.py:545} INFO - Filling up the DagBag from /home/airflow/.local/lib/python3.12/site-packages/airflow/example_dags/tutorial_dag.py
[2024-06-07T08:04:41.990+0000] {processor.py:840} INFO - DAG(s) 'tutorial_dag' retrieved from /home/airflow/.local/lib/python3.12/site-packages/airflow/example_dags/tutorial_dag.py
[2024-06-07T08:04:42.041+0000] {logging_mixin.py:188} INFO - [2024-06-07T08:04:42.040+0000] {dag.py:3096} INFO - Sync 1 DAGs
[2024-06-07T08:04:42.068+0000] {logging_mixin.py:188} INFO - [2024-06-07T08:04:42.068+0000] {dag.py:3954} INFO - Setting next_dagrun for tutorial_dag to None, run_after=None
[2024-06-07T08:04:42.195+0000] {processor.py:183} INFO - Processing /home/airflow/.local/lib/python3.12/site-packages/airflow/example_dags/tutorial_dag.py took 0.249 seconds
[2024-06-07T08:05:16.069+0000] {processor.py:161} INFO - Started process (PID=1042) to work on /home/airflow/.local/lib/python3.12/site-packages/airflow/example_dags/tutorial_dag.py
[2024-06-07T08:05:16.074+0000] {processor.py:830} INFO - Processing file /home/airflow/.local/lib/python3.12/site-packages/airflow/example_dags/tutorial_dag.py for tasks to queue
[2024-06-07T08:05:16.082+0000] {logging_mixin.py:188} INFO - [2024-06-07T08:05:16.081+0000] {dagbag.py:545} INFO - Filling up the DagBag from /home/airflow/.local/lib/python3.12/site-packages/airflow/example_dags/tutorial_dag.py
[2024-06-07T08:05:16.096+0000] {processor.py:840} INFO - DAG(s) 'tutorial_dag' retrieved from /home/airflow/.local/lib/python3.12/site-packages/airflow/example_dags/tutorial_dag.py
[2024-06-07T08:05:16.190+0000] {logging_mixin.py:188} INFO - [2024-06-07T08:05:16.190+0000] {dag.py:3096} INFO - Sync 1 DAGs
[2024-06-07T08:05:16.274+0000] {logging_mixin.py:188} INFO - [2024-06-07T08:05:16.274+0000] {dag.py:3954} INFO - Setting next_dagrun for tutorial_dag to None, run_after=None
[2024-06-07T08:05:16.664+0000] {processor.py:183} INFO - Processing /home/airflow/.local/lib/python3.12/site-packages/airflow/example_dags/tutorial_dag.py took 0.633 seconds
[2024-06-07T08:05:48.241+0000] {processor.py:161} INFO - Started process (PID=1100) to work on /home/airflow/.local/lib/python3.12/site-packages/airflow/example_dags/tutorial_dag.py
[2024-06-07T08:05:48.247+0000] {processor.py:830} INFO - Processing file /home/airflow/.local/lib/python3.12/site-packages/airflow/example_dags/tutorial_dag.py for tasks to queue
[2024-06-07T08:05:48.252+0000] {logging_mixin.py:188} INFO - [2024-06-07T08:05:48.251+0000] {dagbag.py:545} INFO - Filling up the DagBag from /home/airflow/.local/lib/python3.12/site-packages/airflow/example_dags/tutorial_dag.py
[2024-06-07T08:05:48.269+0000] {processor.py:840} INFO - DAG(s) 'tutorial_dag' retrieved from /home/airflow/.local/lib/python3.12/site-packages/airflow/example_dags/tutorial_dag.py
[2024-06-07T08:05:48.346+0000] {logging_mixin.py:188} INFO - [2024-06-07T08:05:48.345+0000] {dag.py:3096} INFO - Sync 1 DAGs
[2024-06-07T08:05:48.392+0000] {logging_mixin.py:188} INFO - [2024-06-07T08:05:48.392+0000] {dag.py:3954} INFO - Setting next_dagrun for tutorial_dag to None, run_after=None
[2024-06-07T08:05:48.578+0000] {processor.py:183} INFO - Processing /home/airflow/.local/lib/python3.12/site-packages/airflow/example_dags/tutorial_dag.py took 0.367 seconds
[2024-06-07T08:06:19.435+0000] {processor.py:161} INFO - Started process (PID=1168) to work on /home/airflow/.local/lib/python3.12/site-packages/airflow/example_dags/tutorial_dag.py
[2024-06-07T08:06:19.447+0000] {processor.py:830} INFO - Processing file /home/airflow/.local/lib/python3.12/site-packages/airflow/example_dags/tutorial_dag.py for tasks to queue
[2024-06-07T08:06:19.465+0000] {logging_mixin.py:188} INFO - [2024-06-07T08:06:19.453+0000] {dagbag.py:545} INFO - Filling up the DagBag from /home/airflow/.local/lib/python3.12/site-packages/airflow/example_dags/tutorial_dag.py
[2024-06-07T08:06:19.489+0000] {processor.py:840} INFO - DAG(s) 'tutorial_dag' retrieved from /home/airflow/.local/lib/python3.12/site-packages/airflow/example_dags/tutorial_dag.py
[2024-06-07T08:06:19.710+0000] {logging_mixin.py:188} INFO - [2024-06-07T08:06:19.710+0000] {dag.py:3096} INFO - Sync 1 DAGs
[2024-06-07T08:06:19.912+0000] {logging_mixin.py:188} INFO - [2024-06-07T08:06:19.909+0000] {dag.py:3954} INFO - Setting next_dagrun for tutorial_dag to None, run_after=None
[2024-06-07T08:06:20.318+0000] {processor.py:183} INFO - Processing /home/airflow/.local/lib/python3.12/site-packages/airflow/example_dags/tutorial_dag.py took 0.947 seconds
[2024-06-07T08:07:39.750+0000] {processor.py:161} INFO - Started process (PID=1260) to work on /home/airflow/.local/lib/python3.12/site-packages/airflow/example_dags/tutorial_dag.py
[2024-06-07T08:07:39.762+0000] {processor.py:830} INFO - Processing file /home/airflow/.local/lib/python3.12/site-packages/airflow/example_dags/tutorial_dag.py for tasks to queue
[2024-06-07T08:07:39.769+0000] {logging_mixin.py:188} INFO - [2024-06-07T08:07:39.768+0000] {dagbag.py:545} INFO - Filling up the DagBag from /home/airflow/.local/lib/python3.12/site-packages/airflow/example_dags/tutorial_dag.py
[2024-06-07T08:07:39.785+0000] {processor.py:840} INFO - DAG(s) 'tutorial_dag' retrieved from /home/airflow/.local/lib/python3.12/site-packages/airflow/example_dags/tutorial_dag.py
[2024-06-07T08:07:39.837+0000] {logging_mixin.py:188} INFO - [2024-06-07T08:07:39.835+0000] {dag.py:3096} INFO - Sync 1 DAGs
[2024-06-07T08:07:39.867+0000] {logging_mixin.py:188} INFO - [2024-06-07T08:07:39.867+0000] {dag.py:3954} INFO - Setting next_dagrun for tutorial_dag to None, run_after=None
[2024-06-07T08:07:40.057+0000] {processor.py:183} INFO - Processing /home/airflow/.local/lib/python3.12/site-packages/airflow/example_dags/tutorial_dag.py took 0.322 seconds
[2024-06-07T08:08:28.692+0000] {processor.py:161} INFO - Started process (PID=1320) to work on /home/airflow/.local/lib/python3.12/site-packages/airflow/example_dags/tutorial_dag.py
[2024-06-07T08:08:28.694+0000] {processor.py:830} INFO - Processing file /home/airflow/.local/lib/python3.12/site-packages/airflow/example_dags/tutorial_dag.py for tasks to queue
[2024-06-07T08:08:28.698+0000] {logging_mixin.py:188} INFO - [2024-06-07T08:08:28.697+0000] {dagbag.py:545} INFO - Filling up the DagBag from /home/airflow/.local/lib/python3.12/site-packages/airflow/example_dags/tutorial_dag.py
[2024-06-07T08:08:28.713+0000] {processor.py:840} INFO - DAG(s) 'tutorial_dag' retrieved from /home/airflow/.local/lib/python3.12/site-packages/airflow/example_dags/tutorial_dag.py
[2024-06-07T08:08:28.738+0000] {logging_mixin.py:188} INFO - [2024-06-07T08:08:28.738+0000] {dag.py:3096} INFO - Sync 1 DAGs
[2024-06-07T08:08:28.768+0000] {logging_mixin.py:188} INFO - [2024-06-07T08:08:28.767+0000] {dag.py:3954} INFO - Setting next_dagrun for tutorial_dag to None, run_after=None
[2024-06-07T08:08:29.018+0000] {processor.py:183} INFO - Processing /home/airflow/.local/lib/python3.12/site-packages/airflow/example_dags/tutorial_dag.py took 0.340 seconds
[2024-06-07T08:09:06.694+0000] {processor.py:161} INFO - Started process (PID=1382) to work on /home/airflow/.local/lib/python3.12/site-packages/airflow/example_dags/tutorial_dag.py
[2024-06-07T08:09:06.696+0000] {processor.py:830} INFO - Processing file /home/airflow/.local/lib/python3.12/site-packages/airflow/example_dags/tutorial_dag.py for tasks to queue
[2024-06-07T08:09:06.699+0000] {logging_mixin.py:188} INFO - [2024-06-07T08:09:06.699+0000] {dagbag.py:545} INFO - Filling up the DagBag from /home/airflow/.local/lib/python3.12/site-packages/airflow/example_dags/tutorial_dag.py
[2024-06-07T08:09:06.710+0000] {processor.py:840} INFO - DAG(s) 'tutorial_dag' retrieved from /home/airflow/.local/lib/python3.12/site-packages/airflow/example_dags/tutorial_dag.py
[2024-06-07T08:09:07.218+0000] {logging_mixin.py:188} INFO - [2024-06-07T08:09:07.217+0000] {dag.py:3096} INFO - Sync 1 DAGs
[2024-06-07T08:09:07.257+0000] {logging_mixin.py:188} INFO - [2024-06-07T08:09:07.256+0000] {dag.py:3954} INFO - Setting next_dagrun for tutorial_dag to None, run_after=None
[2024-06-07T08:09:07.482+0000] {processor.py:183} INFO - Processing /home/airflow/.local/lib/python3.12/site-packages/airflow/example_dags/tutorial_dag.py took 0.800 seconds
[2024-06-07T08:13:49.548+0000] {processor.py:161} INFO - Started process (PID=1498) to work on /home/airflow/.local/lib/python3.12/site-packages/airflow/example_dags/tutorial_dag.py
[2024-06-07T08:13:49.691+0000] {processor.py:830} INFO - Processing file /home/airflow/.local/lib/python3.12/site-packages/airflow/example_dags/tutorial_dag.py for tasks to queue
[2024-06-07T08:13:49.693+0000] {logging_mixin.py:188} INFO - [2024-06-07T08:13:49.692+0000] {dagbag.py:545} INFO - Filling up the DagBag from /home/airflow/.local/lib/python3.12/site-packages/airflow/example_dags/tutorial_dag.py
[2024-06-07T08:13:49.705+0000] {processor.py:840} INFO - DAG(s) 'tutorial_dag' retrieved from /home/airflow/.local/lib/python3.12/site-packages/airflow/example_dags/tutorial_dag.py
[2024-06-07T08:13:49.755+0000] {logging_mixin.py:188} INFO - [2024-06-07T08:13:49.754+0000] {dag.py:3096} INFO - Sync 1 DAGs
[2024-06-07T08:13:49.791+0000] {logging_mixin.py:188} INFO - [2024-06-07T08:13:49.791+0000] {dag.py:3954} INFO - Setting next_dagrun for tutorial_dag to None, run_after=None
[2024-06-07T08:13:50.083+0000] {processor.py:183} INFO - Processing /home/airflow/.local/lib/python3.12/site-packages/airflow/example_dags/tutorial_dag.py took 0.576 seconds
[2024-06-07T08:14:21.139+0000] {processor.py:161} INFO - Started process (PID=1555) to work on /home/airflow/.local/lib/python3.12/site-packages/airflow/example_dags/tutorial_dag.py
[2024-06-07T08:14:21.141+0000] {processor.py:830} INFO - Processing file /home/airflow/.local/lib/python3.12/site-packages/airflow/example_dags/tutorial_dag.py for tasks to queue
[2024-06-07T08:14:21.143+0000] {logging_mixin.py:188} INFO - [2024-06-07T08:14:21.142+0000] {dagbag.py:545} INFO - Filling up the DagBag from /home/airflow/.local/lib/python3.12/site-packages/airflow/example_dags/tutorial_dag.py
[2024-06-07T08:14:21.152+0000] {processor.py:840} INFO - DAG(s) 'tutorial_dag' retrieved from /home/airflow/.local/lib/python3.12/site-packages/airflow/example_dags/tutorial_dag.py
[2024-06-07T08:14:21.192+0000] {logging_mixin.py:188} INFO - [2024-06-07T08:14:21.191+0000] {dag.py:3096} INFO - Sync 1 DAGs
[2024-06-07T08:14:21.218+0000] {logging_mixin.py:188} INFO - [2024-06-07T08:14:21.218+0000] {dag.py:3954} INFO - Setting next_dagrun for tutorial_dag to None, run_after=None
[2024-06-07T08:14:21.845+0000] {processor.py:183} INFO - Processing /home/airflow/.local/lib/python3.12/site-packages/airflow/example_dags/tutorial_dag.py took 0.718 seconds
[2024-06-07T08:14:53.410+0000] {processor.py:161} INFO - Started process (PID=1613) to work on /home/airflow/.local/lib/python3.12/site-packages/airflow/example_dags/tutorial_dag.py
[2024-06-07T08:14:53.416+0000] {processor.py:830} INFO - Processing file /home/airflow/.local/lib/python3.12/site-packages/airflow/example_dags/tutorial_dag.py for tasks to queue
[2024-06-07T08:14:53.419+0000] {logging_mixin.py:188} INFO - [2024-06-07T08:14:53.418+0000] {dagbag.py:545} INFO - Filling up the DagBag from /home/airflow/.local/lib/python3.12/site-packages/airflow/example_dags/tutorial_dag.py
[2024-06-07T08:14:53.431+0000] {processor.py:840} INFO - DAG(s) 'tutorial_dag' retrieved from /home/airflow/.local/lib/python3.12/site-packages/airflow/example_dags/tutorial_dag.py
[2024-06-07T08:14:53.527+0000] {logging_mixin.py:188} INFO - [2024-06-07T08:14:53.527+0000] {dag.py:3096} INFO - Sync 1 DAGs
[2024-06-07T08:14:53.604+0000] {logging_mixin.py:188} INFO - [2024-06-07T08:14:53.603+0000] {dag.py:3954} INFO - Setting next_dagrun for tutorial_dag to None, run_after=None
[2024-06-07T08:14:54.041+0000] {processor.py:183} INFO - Processing /home/airflow/.local/lib/python3.12/site-packages/airflow/example_dags/tutorial_dag.py took 0.660 seconds
[2024-06-07T08:15:25.897+0000] {processor.py:161} INFO - Started process (PID=1672) to work on /home/airflow/.local/lib/python3.12/site-packages/airflow/example_dags/tutorial_dag.py
[2024-06-07T08:15:25.909+0000] {processor.py:830} INFO - Processing file /home/airflow/.local/lib/python3.12/site-packages/airflow/example_dags/tutorial_dag.py for tasks to queue
[2024-06-07T08:15:25.921+0000] {logging_mixin.py:188} INFO - [2024-06-07T08:15:25.920+0000] {dagbag.py:545} INFO - Filling up the DagBag from /home/airflow/.local/lib/python3.12/site-packages/airflow/example_dags/tutorial_dag.py
[2024-06-07T08:15:25.945+0000] {processor.py:840} INFO - DAG(s) 'tutorial_dag' retrieved from /home/airflow/.local/lib/python3.12/site-packages/airflow/example_dags/tutorial_dag.py
[2024-06-07T08:15:26.030+0000] {logging_mixin.py:188} INFO - [2024-06-07T08:15:26.029+0000] {dag.py:3096} INFO - Sync 1 DAGs
[2024-06-07T08:15:26.123+0000] {logging_mixin.py:188} INFO - [2024-06-07T08:15:26.123+0000] {dag.py:3954} INFO - Setting next_dagrun for tutorial_dag to None, run_after=None
[2024-06-07T08:15:26.568+0000] {processor.py:183} INFO - Processing /home/airflow/.local/lib/python3.12/site-packages/airflow/example_dags/tutorial_dag.py took 0.681 seconds
[2024-06-07T08:15:56.990+0000] {processor.py:161} INFO - Started process (PID=1730) to work on /home/airflow/.local/lib/python3.12/site-packages/airflow/example_dags/tutorial_dag.py
[2024-06-07T08:15:57.004+0000] {processor.py:830} INFO - Processing file /home/airflow/.local/lib/python3.12/site-packages/airflow/example_dags/tutorial_dag.py for tasks to queue
[2024-06-07T08:15:57.007+0000] {logging_mixin.py:188} INFO - [2024-06-07T08:15:57.006+0000] {dagbag.py:545} INFO - Filling up the DagBag from /home/airflow/.local/lib/python3.12/site-packages/airflow/example_dags/tutorial_dag.py
[2024-06-07T08:15:57.042+0000] {processor.py:840} INFO - DAG(s) 'tutorial_dag' retrieved from /home/airflow/.local/lib/python3.12/site-packages/airflow/example_dags/tutorial_dag.py
[2024-06-07T08:15:57.310+0000] {logging_mixin.py:188} INFO - [2024-06-07T08:15:57.310+0000] {dag.py:3096} INFO - Sync 1 DAGs
[2024-06-07T08:15:57.499+0000] {logging_mixin.py:188} INFO - [2024-06-07T08:15:57.499+0000] {dag.py:3954} INFO - Setting next_dagrun for tutorial_dag to None, run_after=None
[2024-06-07T08:15:57.919+0000] {processor.py:183} INFO - Processing /home/airflow/.local/lib/python3.12/site-packages/airflow/example_dags/tutorial_dag.py took 0.956 seconds
[2024-06-07T08:16:36.543+0000] {processor.py:161} INFO - Started process (PID=1789) to work on /home/airflow/.local/lib/python3.12/site-packages/airflow/example_dags/tutorial_dag.py
[2024-06-07T08:16:36.545+0000] {processor.py:830} INFO - Processing file /home/airflow/.local/lib/python3.12/site-packages/airflow/example_dags/tutorial_dag.py for tasks to queue
[2024-06-07T08:16:36.549+0000] {logging_mixin.py:188} INFO - [2024-06-07T08:16:36.548+0000] {dagbag.py:545} INFO - Filling up the DagBag from /home/airflow/.local/lib/python3.12/site-packages/airflow/example_dags/tutorial_dag.py
[2024-06-07T08:16:36.566+0000] {processor.py:840} INFO - DAG(s) 'tutorial_dag' retrieved from /home/airflow/.local/lib/python3.12/site-packages/airflow/example_dags/tutorial_dag.py
[2024-06-07T08:16:36.942+0000] {logging_mixin.py:188} INFO - [2024-06-07T08:16:36.941+0000] {dag.py:3096} INFO - Sync 1 DAGs
[2024-06-07T08:16:36.986+0000] {logging_mixin.py:188} INFO - [2024-06-07T08:16:36.985+0000] {dag.py:3954} INFO - Setting next_dagrun for tutorial_dag to None, run_after=None
[2024-06-07T08:16:38.174+0000] {processor.py:183} INFO - Processing /home/airflow/.local/lib/python3.12/site-packages/airflow/example_dags/tutorial_dag.py took 1.646 seconds
[2024-06-07T08:17:09.052+0000] {processor.py:161} INFO - Started process (PID=1847) to work on /home/airflow/.local/lib/python3.12/site-packages/airflow/example_dags/tutorial_dag.py
[2024-06-07T08:17:09.056+0000] {processor.py:830} INFO - Processing file /home/airflow/.local/lib/python3.12/site-packages/airflow/example_dags/tutorial_dag.py for tasks to queue
[2024-06-07T08:17:09.059+0000] {logging_mixin.py:188} INFO - [2024-06-07T08:17:09.057+0000] {dagbag.py:545} INFO - Filling up the DagBag from /home/airflow/.local/lib/python3.12/site-packages/airflow/example_dags/tutorial_dag.py
[2024-06-07T08:17:09.075+0000] {processor.py:840} INFO - DAG(s) 'tutorial_dag' retrieved from /home/airflow/.local/lib/python3.12/site-packages/airflow/example_dags/tutorial_dag.py
[2024-06-07T08:17:09.134+0000] {logging_mixin.py:188} INFO - [2024-06-07T08:17:09.133+0000] {dag.py:3096} INFO - Sync 1 DAGs
[2024-06-07T08:17:09.176+0000] {logging_mixin.py:188} INFO - [2024-06-07T08:17:09.176+0000] {dag.py:3954} INFO - Setting next_dagrun for tutorial_dag to None, run_after=None
[2024-06-07T08:17:09.404+0000] {processor.py:183} INFO - Processing /home/airflow/.local/lib/python3.12/site-packages/airflow/example_dags/tutorial_dag.py took 0.382 seconds
[2024-06-07T08:17:55.223+0000] {processor.py:161} INFO - Started process (PID=1932) to work on /home/airflow/.local/lib/python3.12/site-packages/airflow/example_dags/tutorial_dag.py
[2024-06-07T08:17:55.227+0000] {processor.py:830} INFO - Processing file /home/airflow/.local/lib/python3.12/site-packages/airflow/example_dags/tutorial_dag.py for tasks to queue
[2024-06-07T08:17:55.229+0000] {logging_mixin.py:188} INFO - [2024-06-07T08:17:55.228+0000] {dagbag.py:545} INFO - Filling up the DagBag from /home/airflow/.local/lib/python3.12/site-packages/airflow/example_dags/tutorial_dag.py
[2024-06-07T08:17:55.257+0000] {processor.py:840} INFO - DAG(s) 'tutorial_dag' retrieved from /home/airflow/.local/lib/python3.12/site-packages/airflow/example_dags/tutorial_dag.py
[2024-06-07T08:17:55.390+0000] {logging_mixin.py:188} INFO - [2024-06-07T08:17:55.389+0000] {dag.py:3096} INFO - Sync 1 DAGs
[2024-06-07T08:17:55.421+0000] {logging_mixin.py:188} INFO - [2024-06-07T08:17:55.420+0000] {dag.py:3954} INFO - Setting next_dagrun for tutorial_dag to None, run_after=None
[2024-06-07T08:17:56.003+0000] {processor.py:183} INFO - Processing /home/airflow/.local/lib/python3.12/site-packages/airflow/example_dags/tutorial_dag.py took 0.802 seconds
[2024-06-07T08:18:26.189+0000] {processor.py:161} INFO - Started process (PID=1992) to work on /home/airflow/.local/lib/python3.12/site-packages/airflow/example_dags/tutorial_dag.py
[2024-06-07T08:18:26.193+0000] {processor.py:830} INFO - Processing file /home/airflow/.local/lib/python3.12/site-packages/airflow/example_dags/tutorial_dag.py for tasks to queue
[2024-06-07T08:18:26.195+0000] {logging_mixin.py:188} INFO - [2024-06-07T08:18:26.194+0000] {dagbag.py:545} INFO - Filling up the DagBag from /home/airflow/.local/lib/python3.12/site-packages/airflow/example_dags/tutorial_dag.py
[2024-06-07T08:18:26.212+0000] {processor.py:840} INFO - DAG(s) 'tutorial_dag' retrieved from /home/airflow/.local/lib/python3.12/site-packages/airflow/example_dags/tutorial_dag.py
[2024-06-07T08:18:26.268+0000] {logging_mixin.py:188} INFO - [2024-06-07T08:18:26.267+0000] {dag.py:3096} INFO - Sync 1 DAGs
[2024-06-07T08:18:26.314+0000] {logging_mixin.py:188} INFO - [2024-06-07T08:18:26.314+0000] {dag.py:3954} INFO - Setting next_dagrun for tutorial_dag to None, run_after=None
[2024-06-07T08:18:26.438+0000] {processor.py:183} INFO - Processing /home/airflow/.local/lib/python3.12/site-packages/airflow/example_dags/tutorial_dag.py took 0.264 seconds
[2024-06-07T08:18:58.361+0000] {processor.py:161} INFO - Started process (PID=2048) to work on /home/airflow/.local/lib/python3.12/site-packages/airflow/example_dags/tutorial_dag.py
[2024-06-07T08:18:58.363+0000] {processor.py:830} INFO - Processing file /home/airflow/.local/lib/python3.12/site-packages/airflow/example_dags/tutorial_dag.py for tasks to queue
[2024-06-07T08:18:58.365+0000] {logging_mixin.py:188} INFO - [2024-06-07T08:18:58.364+0000] {dagbag.py:545} INFO - Filling up the DagBag from /home/airflow/.local/lib/python3.12/site-packages/airflow/example_dags/tutorial_dag.py
[2024-06-07T08:18:58.376+0000] {processor.py:840} INFO - DAG(s) 'tutorial_dag' retrieved from /home/airflow/.local/lib/python3.12/site-packages/airflow/example_dags/tutorial_dag.py
[2024-06-07T08:18:58.439+0000] {logging_mixin.py:188} INFO - [2024-06-07T08:18:58.438+0000] {dag.py:3096} INFO - Sync 1 DAGs
[2024-06-07T08:18:58.478+0000] {logging_mixin.py:188} INFO - [2024-06-07T08:18:58.478+0000] {dag.py:3954} INFO - Setting next_dagrun for tutorial_dag to None, run_after=None
[2024-06-07T08:18:58.701+0000] {processor.py:183} INFO - Processing /home/airflow/.local/lib/python3.12/site-packages/airflow/example_dags/tutorial_dag.py took 0.351 seconds
[2024-06-07T08:19:36.324+0000] {processor.py:161} INFO - Started process (PID=2110) to work on /home/airflow/.local/lib/python3.12/site-packages/airflow/example_dags/tutorial_dag.py
[2024-06-07T08:19:36.327+0000] {processor.py:830} INFO - Processing file /home/airflow/.local/lib/python3.12/site-packages/airflow/example_dags/tutorial_dag.py for tasks to queue
[2024-06-07T08:19:36.329+0000] {logging_mixin.py:188} INFO - [2024-06-07T08:19:36.329+0000] {dagbag.py:545} INFO - Filling up the DagBag from /home/airflow/.local/lib/python3.12/site-packages/airflow/example_dags/tutorial_dag.py
[2024-06-07T08:19:36.343+0000] {processor.py:840} INFO - DAG(s) 'tutorial_dag' retrieved from /home/airflow/.local/lib/python3.12/site-packages/airflow/example_dags/tutorial_dag.py
[2024-06-07T08:19:36.398+0000] {logging_mixin.py:188} INFO - [2024-06-07T08:19:36.397+0000] {dag.py:3096} INFO - Sync 1 DAGs
[2024-06-07T08:19:36.555+0000] {logging_mixin.py:188} INFO - [2024-06-07T08:19:36.554+0000] {dag.py:3954} INFO - Setting next_dagrun for tutorial_dag to None, run_after=None
[2024-06-07T08:19:36.818+0000] {processor.py:183} INFO - Processing /home/airflow/.local/lib/python3.12/site-packages/airflow/example_dags/tutorial_dag.py took 0.516 seconds
[2024-06-07T08:20:09.795+0000] {processor.py:161} INFO - Started process (PID=2169) to work on /home/airflow/.local/lib/python3.12/site-packages/airflow/example_dags/tutorial_dag.py
[2024-06-07T08:20:09.808+0000] {processor.py:830} INFO - Processing file /home/airflow/.local/lib/python3.12/site-packages/airflow/example_dags/tutorial_dag.py for tasks to queue
[2024-06-07T08:20:09.812+0000] {logging_mixin.py:188} INFO - [2024-06-07T08:20:09.811+0000] {dagbag.py:545} INFO - Filling up the DagBag from /home/airflow/.local/lib/python3.12/site-packages/airflow/example_dags/tutorial_dag.py
[2024-06-07T08:20:09.842+0000] {processor.py:840} INFO - DAG(s) 'tutorial_dag' retrieved from /home/airflow/.local/lib/python3.12/site-packages/airflow/example_dags/tutorial_dag.py
[2024-06-07T08:20:09.979+0000] {logging_mixin.py:188} INFO - [2024-06-07T08:20:09.978+0000] {dag.py:3096} INFO - Sync 1 DAGs
[2024-06-07T08:20:10.104+0000] {logging_mixin.py:188} INFO - [2024-06-07T08:20:10.097+0000] {dag.py:3954} INFO - Setting next_dagrun for tutorial_dag to None, run_after=None
[2024-06-07T08:20:10.266+0000] {processor.py:183} INFO - Processing /home/airflow/.local/lib/python3.12/site-packages/airflow/example_dags/tutorial_dag.py took 0.502 seconds
[2024-06-07T08:20:41.277+0000] {processor.py:161} INFO - Started process (PID=2227) to work on /home/airflow/.local/lib/python3.12/site-packages/airflow/example_dags/tutorial_dag.py
[2024-06-07T08:20:41.279+0000] {processor.py:830} INFO - Processing file /home/airflow/.local/lib/python3.12/site-packages/airflow/example_dags/tutorial_dag.py for tasks to queue
[2024-06-07T08:20:41.293+0000] {logging_mixin.py:188} INFO - [2024-06-07T08:20:41.293+0000] {dagbag.py:545} INFO - Filling up the DagBag from /home/airflow/.local/lib/python3.12/site-packages/airflow/example_dags/tutorial_dag.py
[2024-06-07T08:20:41.344+0000] {processor.py:840} INFO - DAG(s) 'tutorial_dag' retrieved from /home/airflow/.local/lib/python3.12/site-packages/airflow/example_dags/tutorial_dag.py
[2024-06-07T08:20:41.610+0000] {logging_mixin.py:188} INFO - [2024-06-07T08:20:41.609+0000] {dag.py:3096} INFO - Sync 1 DAGs
[2024-06-07T08:20:41.720+0000] {logging_mixin.py:188} INFO - [2024-06-07T08:20:41.719+0000] {dag.py:3954} INFO - Setting next_dagrun for tutorial_dag to None, run_after=None
[2024-06-07T08:20:41.925+0000] {processor.py:183} INFO - Processing /home/airflow/.local/lib/python3.12/site-packages/airflow/example_dags/tutorial_dag.py took 0.707 seconds
[2024-06-07T08:21:12.648+0000] {processor.py:161} INFO - Started process (PID=2291) to work on /home/airflow/.local/lib/python3.12/site-packages/airflow/example_dags/tutorial_dag.py
[2024-06-07T08:21:12.650+0000] {processor.py:830} INFO - Processing file /home/airflow/.local/lib/python3.12/site-packages/airflow/example_dags/tutorial_dag.py for tasks to queue
[2024-06-07T08:21:12.653+0000] {logging_mixin.py:188} INFO - [2024-06-07T08:21:12.652+0000] {dagbag.py:545} INFO - Filling up the DagBag from /home/airflow/.local/lib/python3.12/site-packages/airflow/example_dags/tutorial_dag.py
[2024-06-07T08:21:12.667+0000] {processor.py:840} INFO - DAG(s) 'tutorial_dag' retrieved from /home/airflow/.local/lib/python3.12/site-packages/airflow/example_dags/tutorial_dag.py
[2024-06-07T08:21:12.707+0000] {logging_mixin.py:188} INFO - [2024-06-07T08:21:12.707+0000] {dag.py:3096} INFO - Sync 1 DAGs
[2024-06-07T08:21:12.734+0000] {logging_mixin.py:188} INFO - [2024-06-07T08:21:12.734+0000] {dag.py:3954} INFO - Setting next_dagrun for tutorial_dag to None, run_after=None
[2024-06-07T08:21:13.476+0000] {processor.py:183} INFO - Processing /home/airflow/.local/lib/python3.12/site-packages/airflow/example_dags/tutorial_dag.py took 0.841 seconds
[2024-06-07T08:21:43.756+0000] {processor.py:161} INFO - Started process (PID=2349) to work on /home/airflow/.local/lib/python3.12/site-packages/airflow/example_dags/tutorial_dag.py
[2024-06-07T08:21:43.757+0000] {processor.py:830} INFO - Processing file /home/airflow/.local/lib/python3.12/site-packages/airflow/example_dags/tutorial_dag.py for tasks to queue
[2024-06-07T08:21:43.759+0000] {logging_mixin.py:188} INFO - [2024-06-07T08:21:43.758+0000] {dagbag.py:545} INFO - Filling up the DagBag from /home/airflow/.local/lib/python3.12/site-packages/airflow/example_dags/tutorial_dag.py
[2024-06-07T08:21:43.768+0000] {processor.py:840} INFO - DAG(s) 'tutorial_dag' retrieved from /home/airflow/.local/lib/python3.12/site-packages/airflow/example_dags/tutorial_dag.py
[2024-06-07T08:21:43.806+0000] {logging_mixin.py:188} INFO - [2024-06-07T08:21:43.805+0000] {dag.py:3096} INFO - Sync 1 DAGs
[2024-06-07T08:21:43.833+0000] {logging_mixin.py:188} INFO - [2024-06-07T08:21:43.833+0000] {dag.py:3954} INFO - Setting next_dagrun for tutorial_dag to None, run_after=None
[2024-06-07T08:21:44.373+0000] {processor.py:183} INFO - Processing /home/airflow/.local/lib/python3.12/site-packages/airflow/example_dags/tutorial_dag.py took 0.632 seconds
[2024-06-07T08:22:15.486+0000] {processor.py:161} INFO - Started process (PID=2411) to work on /home/airflow/.local/lib/python3.12/site-packages/airflow/example_dags/tutorial_dag.py
[2024-06-07T08:22:15.488+0000] {processor.py:830} INFO - Processing file /home/airflow/.local/lib/python3.12/site-packages/airflow/example_dags/tutorial_dag.py for tasks to queue
[2024-06-07T08:22:15.489+0000] {logging_mixin.py:188} INFO - [2024-06-07T08:22:15.489+0000] {dagbag.py:545} INFO - Filling up the DagBag from /home/airflow/.local/lib/python3.12/site-packages/airflow/example_dags/tutorial_dag.py
[2024-06-07T08:22:15.504+0000] {processor.py:840} INFO - DAG(s) 'tutorial_dag' retrieved from /home/airflow/.local/lib/python3.12/site-packages/airflow/example_dags/tutorial_dag.py
[2024-06-07T08:22:15.553+0000] {logging_mixin.py:188} INFO - [2024-06-07T08:22:15.553+0000] {dag.py:3096} INFO - Sync 1 DAGs
[2024-06-07T08:22:15.581+0000] {logging_mixin.py:188} INFO - [2024-06-07T08:22:15.580+0000] {dag.py:3954} INFO - Setting next_dagrun for tutorial_dag to None, run_after=None
[2024-06-07T08:22:16.051+0000] {processor.py:183} INFO - Processing /home/airflow/.local/lib/python3.12/site-packages/airflow/example_dags/tutorial_dag.py took 0.587 seconds
[2024-06-07T08:22:47.194+0000] {processor.py:161} INFO - Started process (PID=2467) to work on /home/airflow/.local/lib/python3.12/site-packages/airflow/example_dags/tutorial_dag.py
[2024-06-07T08:22:47.198+0000] {processor.py:830} INFO - Processing file /home/airflow/.local/lib/python3.12/site-packages/airflow/example_dags/tutorial_dag.py for tasks to queue
[2024-06-07T08:22:47.200+0000] {logging_mixin.py:188} INFO - [2024-06-07T08:22:47.200+0000] {dagbag.py:545} INFO - Filling up the DagBag from /home/airflow/.local/lib/python3.12/site-packages/airflow/example_dags/tutorial_dag.py
[2024-06-07T08:22:47.217+0000] {processor.py:840} INFO - DAG(s) 'tutorial_dag' retrieved from /home/airflow/.local/lib/python3.12/site-packages/airflow/example_dags/tutorial_dag.py
[2024-06-07T08:22:47.307+0000] {logging_mixin.py:188} INFO - [2024-06-07T08:22:47.306+0000] {dag.py:3096} INFO - Sync 1 DAGs
[2024-06-07T08:22:47.399+0000] {logging_mixin.py:188} INFO - [2024-06-07T08:22:47.399+0000] {dag.py:3954} INFO - Setting next_dagrun for tutorial_dag to None, run_after=None
[2024-06-07T08:22:47.634+0000] {processor.py:183} INFO - Processing /home/airflow/.local/lib/python3.12/site-packages/airflow/example_dags/tutorial_dag.py took 0.463 seconds
[2024-06-07T08:23:18.427+0000] {processor.py:161} INFO - Started process (PID=2525) to work on /home/airflow/.local/lib/python3.12/site-packages/airflow/example_dags/tutorial_dag.py
[2024-06-07T08:23:18.429+0000] {processor.py:830} INFO - Processing file /home/airflow/.local/lib/python3.12/site-packages/airflow/example_dags/tutorial_dag.py for tasks to queue
[2024-06-07T08:23:18.432+0000] {logging_mixin.py:188} INFO - [2024-06-07T08:23:18.431+0000] {dagbag.py:545} INFO - Filling up the DagBag from /home/airflow/.local/lib/python3.12/site-packages/airflow/example_dags/tutorial_dag.py
[2024-06-07T08:23:18.446+0000] {processor.py:840} INFO - DAG(s) 'tutorial_dag' retrieved from /home/airflow/.local/lib/python3.12/site-packages/airflow/example_dags/tutorial_dag.py
[2024-06-07T08:23:18.533+0000] {logging_mixin.py:188} INFO - [2024-06-07T08:23:18.532+0000] {dag.py:3096} INFO - Sync 1 DAGs
[2024-06-07T08:23:18.594+0000] {logging_mixin.py:188} INFO - [2024-06-07T08:23:18.594+0000] {dag.py:3954} INFO - Setting next_dagrun for tutorial_dag to None, run_after=None
[2024-06-07T08:23:18.760+0000] {processor.py:183} INFO - Processing /home/airflow/.local/lib/python3.12/site-packages/airflow/example_dags/tutorial_dag.py took 0.350 seconds
