[2024-06-11T07:02:03.999+0000] {local_task_job_runner.py:120} INFO - ::group::Pre task execution logs
[2024-06-11T07:02:04.400+0000] {taskinstance.py:2076} INFO - Dependencies all met for dep_context=non-requeueable deps ti=<TaskInstance: example_bash_operator.this_will_skip manual__2024-06-11T07:01:44+00:00 [queued]>
[2024-06-11T07:02:04.665+0000] {taskinstance.py:2076} INFO - Dependencies all met for dep_context=requeueable deps ti=<TaskInstance: example_bash_operator.this_will_skip manual__2024-06-11T07:01:44+00:00 [queued]>
[2024-06-11T07:02:04.696+0000] {taskinstance.py:2306} INFO - Starting attempt 1 of 1
[2024-06-11T07:02:05.075+0000] {taskinstance.py:2330} INFO - Executing <Task(BashOperator): this_will_skip> on 2024-06-11 07:01:44+00:00
[2024-06-11T07:02:05.202+0000] {standard_task_runner.py:90} INFO - Running: ['***', 'tasks', 'run', 'example_bash_operator', 'this_will_skip', 'manual__2024-06-11T07:01:44+00:00', '--job-id', '13', '--raw', '--subdir', '/home/***/.local/lib/python3.12/site-packages/***/example_dags/example_bash_operator.py', '--cfg-path', '/tmp/tmpk9zj7igh']
[2024-06-11T07:02:05.228+0000] {logging_mixin.py:188} WARNING - /home/***/.local/lib/python3.12/site-packages/***/task/task_runner/standard_task_runner.py:61 DeprecationWarning: This process (pid=32826) is multi-threaded, use of fork() may lead to deadlocks in the child.
[2024-06-11T07:02:05.236+0000] {standard_task_runner.py:91} INFO - Job 13: Subtask this_will_skip
[2024-06-11T07:02:05.237+0000] {standard_task_runner.py:63} INFO - Started process 32920 to run task
[2024-06-11T07:02:05.831+0000] {task_command.py:426} INFO - Running <TaskInstance: example_bash_operator.this_will_skip manual__2024-06-11T07:01:44+00:00 [running]> on host 18fd71a5c6db
[2024-06-11T07:02:06.580+0000] {taskinstance.py:2648} INFO - Exporting env vars: AIRFLOW_CTX_DAG_OWNER='***' AIRFLOW_CTX_DAG_ID='example_bash_operator' AIRFLOW_CTX_TASK_ID='this_will_skip' AIRFLOW_CTX_EXECUTION_DATE='2024-06-11T07:01:44+00:00' AIRFLOW_CTX_TRY_NUMBER='1' AIRFLOW_CTX_DAG_RUN_ID='manual__2024-06-11T07:01:44+00:00'
[2024-06-11T07:02:06.584+0000] {taskinstance.py:430} INFO - ::endgroup::
[2024-06-11T07:02:06.586+0000] {subprocess.py:63} INFO - Tmp dir root location: /tmp
[2024-06-11T07:02:06.589+0000] {subprocess.py:75} INFO - Running command: ['/usr/bin/bash', '-c', 'echo "hello world"; exit 99;']
[2024-06-11T07:02:06.623+0000] {subprocess.py:86} INFO - Output:
[2024-06-11T07:02:06.642+0000] {subprocess.py:93} INFO - hello world
[2024-06-11T07:02:06.649+0000] {subprocess.py:97} INFO - Command exited with return code 99
[2024-06-11T07:02:06.652+0000] {taskinstance.py:441} INFO - ::group::Post task execution logs
[2024-06-11T07:02:06.653+0000] {taskinstance.py:2506} INFO - Bash command returned exit code 99. Skipping.
[2024-06-11T07:02:06.787+0000] {taskinstance.py:1206} INFO - Marking task as SKIPPED. dag_id=example_bash_operator, task_id=this_will_skip, run_id=manual__2024-06-11T07:01:44+00:00, execution_date=20240611T070144, start_date=20240611T070204, end_date=20240611T070206
[2024-06-11T07:02:07.138+0000] {local_task_job_runner.py:240} INFO - Task exited with return code 0
[2024-06-11T07:02:07.206+0000] {taskinstance.py:3498} INFO - 0 downstream tasks scheduled from follow-on schedule check
[2024-06-11T07:02:07.399+0000] {local_task_job_runner.py:222} INFO - ::endgroup::
