[2024-07-14T07:42:06.051+0000] {local_task_job_runner.py:120} INFO - ::group::Pre task execution logs
[2024-07-14T07:42:07.531+0000] {taskinstance.py:2076} INFO - Dependencies all met for dep_context=non-requeueable deps ti=<TaskInstance: wikipedia_flow.extract_data_from_wikipedia manual__2024-07-14T07:41:39.633353+00:00 [queued]>
[2024-07-14T07:42:07.976+0000] {taskinstance.py:2076} INFO - Dependencies all met for dep_context=requeueable deps ti=<TaskInstance: wikipedia_flow.extract_data_from_wikipedia manual__2024-07-14T07:41:39.633353+00:00 [queued]>
[2024-07-14T07:42:07.977+0000] {taskinstance.py:2306} INFO - Starting attempt 1 of 1
[2024-07-14T07:42:08.418+0000] {taskinstance.py:2330} INFO - Executing <Task(PythonOperator): extract_data_from_wikipedia> on 2024-07-14 07:41:39.633353+00:00
[2024-07-14T07:42:08.657+0000] {standard_task_runner.py:90} INFO - Running: ['***', 'tasks', 'run', 'wikipedia_flow', 'extract_data_from_wikipedia', 'manual__2024-07-14T07:41:39.633353+00:00', '--job-id', '5', '--raw', '--subdir', 'DAGS_FOLDER/wikipedia_flow.py', '--cfg-path', '/tmp/tmp8ha9nsnd']
[2024-07-14T07:42:08.717+0000] {logging_mixin.py:188} WARNING - /home/***/.local/lib/python3.12/site-packages/***/task/task_runner/standard_task_runner.py:61 DeprecationWarning: This process (pid=533) is multi-threaded, use of fork() may lead to deadlocks in the child.
[2024-07-14T07:42:08.733+0000] {standard_task_runner.py:63} INFO - Started process 552 to run task
[2024-07-14T07:42:08.733+0000] {standard_task_runner.py:91} INFO - Job 5: Subtask extract_data_from_wikipedia
[2024-07-14T07:42:09.319+0000] {task_command.py:426} INFO - Running <TaskInstance: wikipedia_flow.extract_data_from_wikipedia manual__2024-07-14T07:41:39.633353+00:00 [running]> on host e9db26b4e04f
[2024-07-14T07:42:11.465+0000] {taskinstance.py:2648} INFO - Exporting env vars: AIRFLOW_CTX_DAG_OWNER='Ayush Goswami' AIRFLOW_CTX_DAG_ID='wikipedia_flow' AIRFLOW_CTX_TASK_ID='extract_data_from_wikipedia' AIRFLOW_CTX_EXECUTION_DATE='2024-07-14T07:41:39.633353+00:00' AIRFLOW_CTX_TRY_NUMBER='1' AIRFLOW_CTX_DAG_RUN_ID='manual__2024-07-14T07:41:39.633353+00:00'
[2024-07-14T07:42:11.496+0000] {taskinstance.py:430} INFO - ::endgroup::
[2024-07-14T07:42:11.886+0000] {logging_mixin.py:188} INFO - Getting wiki page https://en.wikipedia.org/wiki/List_of_association_football_stadiums_by_capacity
[2024-07-14T07:42:26.796+0000] {logging_mixin.py:188} INFO - CUrr File PATH: /opt/***/dags/pipeline/wikipedia_pipeline.py
[2024-07-14T07:42:26.797+0000] {logging_mixin.py:188} INFO - Path TO THE op:  /opt/***/dags
[2024-07-14T07:42:27.424+0000] {python.py:237} INFO - Done. Returned value was: ok
[2024-07-14T07:42:27.425+0000] {taskinstance.py:441} INFO - ::group::Post task execution logs
[2024-07-14T07:42:27.644+0000] {taskinstance.py:1206} INFO - Marking task as SUCCESS. dag_id=wikipedia_flow, task_id=extract_data_from_wikipedia, run_id=manual__2024-07-14T07:41:39.633353+00:00, execution_date=20240714T074139, start_date=20240714T074207, end_date=20240714T074227
[2024-07-14T07:42:27.835+0000] {local_task_job_runner.py:240} INFO - Task exited with return code 0
[2024-07-14T07:42:27.985+0000] {taskinstance.py:3498} INFO - 1 downstream tasks scheduled from follow-on schedule check
[2024-07-14T07:42:28.108+0000] {local_task_job_runner.py:222} INFO - ::endgroup::
