[2024-07-17T04:45:29.300+0000] {processor.py:161} INFO - Started process (PID=30341) to work on /opt/airflow/dags/wikipedia_flow.py
[2024-07-17T04:45:29.301+0000] {processor.py:830} INFO - Processing file /opt/airflow/dags/wikipedia_flow.py for tasks to queue
[2024-07-17T04:45:29.304+0000] {logging_mixin.py:188} INFO - [2024-07-17T04:45:29.303+0000] {dagbag.py:545} INFO - Filling up the DagBag from /opt/airflow/dags/wikipedia_flow.py
[2024-07-17T04:45:29.307+0000] {logging_mixin.py:188} INFO - /opt/airflow
[2024-07-17T04:45:29.916+0000] {processor.py:840} INFO - DAG(s) 'wikipedia_flow' retrieved from /opt/airflow/dags/wikipedia_flow.py
[2024-07-17T04:45:29.969+0000] {logging_mixin.py:188} INFO - [2024-07-17T04:45:29.966+0000] {dag.py:3096} INFO - Sync 1 DAGs
[2024-07-17T04:45:29.995+0000] {logging_mixin.py:188} INFO - [2024-07-17T04:45:29.994+0000] {dag.py:3954} INFO - Setting next_dagrun for wikipedia_flow to None, run_after=None
[2024-07-17T04:45:34.905+0000] {processor.py:183} INFO - Processing /opt/airflow/dags/wikipedia_flow.py took 5.628 seconds
[2024-07-17T04:46:05.233+0000] {processor.py:161} INFO - Started process (PID=30359) to work on /opt/airflow/dags/wikipedia_flow.py
[2024-07-17T04:46:05.235+0000] {processor.py:830} INFO - Processing file /opt/airflow/dags/wikipedia_flow.py for tasks to queue
[2024-07-17T04:46:05.237+0000] {logging_mixin.py:188} INFO - [2024-07-17T04:46:05.236+0000] {dagbag.py:545} INFO - Filling up the DagBag from /opt/airflow/dags/wikipedia_flow.py
[2024-07-17T04:46:05.243+0000] {logging_mixin.py:188} INFO - /opt/airflow
[2024-07-17T04:46:07.899+0000] {processor.py:840} INFO - DAG(s) 'wikipedia_flow' retrieved from /opt/airflow/dags/wikipedia_flow.py
[2024-07-17T04:46:07.956+0000] {logging_mixin.py:188} INFO - [2024-07-17T04:46:07.955+0000] {dag.py:3096} INFO - Sync 1 DAGs
[2024-07-17T04:46:07.981+0000] {logging_mixin.py:188} INFO - [2024-07-17T04:46:07.980+0000] {dag.py:3954} INFO - Setting next_dagrun for wikipedia_flow to None, run_after=None
[2024-07-17T04:46:12.671+0000] {processor.py:183} INFO - Processing /opt/airflow/dags/wikipedia_flow.py took 7.471 seconds
[2024-07-17T04:46:43.099+0000] {processor.py:161} INFO - Started process (PID=30376) to work on /opt/airflow/dags/wikipedia_flow.py
[2024-07-17T04:46:43.227+0000] {processor.py:830} INFO - Processing file /opt/airflow/dags/wikipedia_flow.py for tasks to queue
[2024-07-17T04:46:43.229+0000] {logging_mixin.py:188} INFO - [2024-07-17T04:46:43.228+0000] {dagbag.py:545} INFO - Filling up the DagBag from /opt/airflow/dags/wikipedia_flow.py
[2024-07-17T04:46:43.232+0000] {logging_mixin.py:188} INFO - /opt/airflow
[2024-07-17T04:46:44.010+0000] {processor.py:840} INFO - DAG(s) 'wikipedia_flow' retrieved from /opt/airflow/dags/wikipedia_flow.py
[2024-07-17T04:46:44.068+0000] {logging_mixin.py:188} INFO - [2024-07-17T04:46:44.067+0000] {dag.py:3096} INFO - Sync 1 DAGs
[2024-07-17T04:46:44.095+0000] {logging_mixin.py:188} INFO - [2024-07-17T04:46:44.095+0000] {dag.py:3954} INFO - Setting next_dagrun for wikipedia_flow to None, run_after=None
[2024-07-17T04:46:44.905+0000] {processor.py:183} INFO - Processing /opt/airflow/dags/wikipedia_flow.py took 1.828 seconds
[2024-07-17T04:47:15.163+0000] {processor.py:161} INFO - Started process (PID=30396) to work on /opt/airflow/dags/wikipedia_flow.py
[2024-07-17T04:47:15.165+0000] {processor.py:830} INFO - Processing file /opt/airflow/dags/wikipedia_flow.py for tasks to queue
[2024-07-17T04:47:15.167+0000] {logging_mixin.py:188} INFO - [2024-07-17T04:47:15.166+0000] {dagbag.py:545} INFO - Filling up the DagBag from /opt/airflow/dags/wikipedia_flow.py
[2024-07-17T04:47:15.172+0000] {logging_mixin.py:188} INFO - /opt/airflow
[2024-07-17T04:47:15.978+0000] {processor.py:840} INFO - DAG(s) 'wikipedia_flow' retrieved from /opt/airflow/dags/wikipedia_flow.py
[2024-07-17T04:47:16.026+0000] {logging_mixin.py:188} INFO - [2024-07-17T04:47:16.025+0000] {dag.py:3096} INFO - Sync 1 DAGs
[2024-07-17T04:47:16.054+0000] {logging_mixin.py:188} INFO - [2024-07-17T04:47:16.054+0000] {dag.py:3954} INFO - Setting next_dagrun for wikipedia_flow to None, run_after=None
[2024-07-17T04:47:17.516+0000] {processor.py:183} INFO - Processing /opt/airflow/dags/wikipedia_flow.py took 2.378 seconds
[2024-07-17T04:47:47.780+0000] {processor.py:161} INFO - Started process (PID=30413) to work on /opt/airflow/dags/wikipedia_flow.py
[2024-07-17T04:47:47.881+0000] {processor.py:830} INFO - Processing file /opt/airflow/dags/wikipedia_flow.py for tasks to queue
[2024-07-17T04:47:47.883+0000] {logging_mixin.py:188} INFO - [2024-07-17T04:47:47.882+0000] {dagbag.py:545} INFO - Filling up the DagBag from /opt/airflow/dags/wikipedia_flow.py
[2024-07-17T04:47:47.886+0000] {logging_mixin.py:188} INFO - /opt/airflow
[2024-07-17T04:47:48.782+0000] {processor.py:840} INFO - DAG(s) 'wikipedia_flow' retrieved from /opt/airflow/dags/wikipedia_flow.py
[2024-07-17T04:47:48.855+0000] {logging_mixin.py:188} INFO - [2024-07-17T04:47:48.853+0000] {dag.py:3096} INFO - Sync 1 DAGs
[2024-07-17T04:47:48.895+0000] {logging_mixin.py:188} INFO - [2024-07-17T04:47:48.894+0000] {dag.py:3954} INFO - Setting next_dagrun for wikipedia_flow to None, run_after=None
[2024-07-17T04:47:50.072+0000] {processor.py:183} INFO - Processing /opt/airflow/dags/wikipedia_flow.py took 2.316 seconds
[2024-07-17T04:48:23.689+0000] {processor.py:161} INFO - Started process (PID=30430) to work on /opt/airflow/dags/wikipedia_flow.py
[2024-07-17T04:48:23.703+0000] {processor.py:830} INFO - Processing file /opt/airflow/dags/wikipedia_flow.py for tasks to queue
[2024-07-17T04:48:23.706+0000] {logging_mixin.py:188} INFO - [2024-07-17T04:48:23.705+0000] {dagbag.py:545} INFO - Filling up the DagBag from /opt/airflow/dags/wikipedia_flow.py
[2024-07-17T04:48:23.718+0000] {logging_mixin.py:188} INFO - /opt/airflow
[2024-07-17T04:48:27.103+0000] {processor.py:840} INFO - DAG(s) 'wikipedia_flow' retrieved from /opt/airflow/dags/wikipedia_flow.py
[2024-07-17T04:48:27.393+0000] {logging_mixin.py:188} INFO - [2024-07-17T04:48:27.392+0000] {dag.py:3096} INFO - Sync 1 DAGs
[2024-07-17T04:48:27.472+0000] {logging_mixin.py:188} INFO - [2024-07-17T04:48:27.467+0000] {dag.py:3954} INFO - Setting next_dagrun for wikipedia_flow to None, run_after=None
[2024-07-17T04:48:27.844+0000] {processor.py:183} INFO - Processing /opt/airflow/dags/wikipedia_flow.py took 4.256 seconds
[2024-07-17T04:48:58.567+0000] {processor.py:161} INFO - Started process (PID=30449) to work on /opt/airflow/dags/wikipedia_flow.py
[2024-07-17T04:48:58.571+0000] {processor.py:830} INFO - Processing file /opt/airflow/dags/wikipedia_flow.py for tasks to queue
[2024-07-17T04:48:58.578+0000] {logging_mixin.py:188} INFO - [2024-07-17T04:48:58.577+0000] {dagbag.py:545} INFO - Filling up the DagBag from /opt/airflow/dags/wikipedia_flow.py
[2024-07-17T04:48:58.586+0000] {logging_mixin.py:188} INFO - /opt/airflow
[2024-07-17T04:49:00.886+0000] {processor.py:840} INFO - DAG(s) 'wikipedia_flow' retrieved from /opt/airflow/dags/wikipedia_flow.py
[2024-07-17T04:49:01.035+0000] {logging_mixin.py:188} INFO - [2024-07-17T04:49:01.034+0000] {dag.py:3096} INFO - Sync 1 DAGs
[2024-07-17T04:49:01.189+0000] {logging_mixin.py:188} INFO - [2024-07-17T04:49:01.188+0000] {dag.py:3954} INFO - Setting next_dagrun for wikipedia_flow to None, run_after=None
[2024-07-17T04:49:01.371+0000] {processor.py:183} INFO - Processing /opt/airflow/dags/wikipedia_flow.py took 2.879 seconds
[2024-07-17T04:49:31.952+0000] {processor.py:161} INFO - Started process (PID=30467) to work on /opt/airflow/dags/wikipedia_flow.py
[2024-07-17T04:49:32.002+0000] {processor.py:830} INFO - Processing file /opt/airflow/dags/wikipedia_flow.py for tasks to queue
[2024-07-17T04:49:32.005+0000] {logging_mixin.py:188} INFO - [2024-07-17T04:49:32.004+0000] {dagbag.py:545} INFO - Filling up the DagBag from /opt/airflow/dags/wikipedia_flow.py
[2024-07-17T04:49:32.009+0000] {logging_mixin.py:188} INFO - /opt/airflow
[2024-07-17T04:49:33.971+0000] {processor.py:840} INFO - DAG(s) 'wikipedia_flow' retrieved from /opt/airflow/dags/wikipedia_flow.py
[2024-07-17T04:49:34.117+0000] {logging_mixin.py:188} INFO - [2024-07-17T04:49:34.106+0000] {dag.py:3096} INFO - Sync 1 DAGs
[2024-07-17T04:49:34.173+0000] {logging_mixin.py:188} INFO - [2024-07-17T04:49:34.172+0000] {dag.py:3954} INFO - Setting next_dagrun for wikipedia_flow to None, run_after=None
[2024-07-17T04:49:34.534+0000] {processor.py:183} INFO - Processing /opt/airflow/dags/wikipedia_flow.py took 2.627 seconds
[2024-07-17T04:50:04.902+0000] {processor.py:161} INFO - Started process (PID=30485) to work on /opt/airflow/dags/wikipedia_flow.py
[2024-07-17T04:50:04.904+0000] {processor.py:830} INFO - Processing file /opt/airflow/dags/wikipedia_flow.py for tasks to queue
[2024-07-17T04:50:04.907+0000] {logging_mixin.py:188} INFO - [2024-07-17T04:50:04.906+0000] {dagbag.py:545} INFO - Filling up the DagBag from /opt/airflow/dags/wikipedia_flow.py
[2024-07-17T04:50:04.911+0000] {logging_mixin.py:188} INFO - /opt/airflow
[2024-07-17T04:50:07.065+0000] {processor.py:840} INFO - DAG(s) 'wikipedia_flow' retrieved from /opt/airflow/dags/wikipedia_flow.py
[2024-07-17T04:50:07.241+0000] {logging_mixin.py:188} INFO - [2024-07-17T04:50:07.239+0000] {dag.py:3096} INFO - Sync 1 DAGs
[2024-07-17T04:50:07.429+0000] {logging_mixin.py:188} INFO - [2024-07-17T04:50:07.429+0000] {dag.py:3954} INFO - Setting next_dagrun for wikipedia_flow to None, run_after=None
[2024-07-17T04:50:07.822+0000] {processor.py:183} INFO - Processing /opt/airflow/dags/wikipedia_flow.py took 2.950 seconds
[2024-07-17T04:50:38.316+0000] {processor.py:161} INFO - Started process (PID=30502) to work on /opt/airflow/dags/wikipedia_flow.py
[2024-07-17T04:50:38.478+0000] {processor.py:830} INFO - Processing file /opt/airflow/dags/wikipedia_flow.py for tasks to queue
[2024-07-17T04:50:38.481+0000] {logging_mixin.py:188} INFO - [2024-07-17T04:50:38.480+0000] {dagbag.py:545} INFO - Filling up the DagBag from /opt/airflow/dags/wikipedia_flow.py
[2024-07-17T04:50:38.486+0000] {logging_mixin.py:188} INFO - /opt/airflow
[2024-07-17T04:50:39.464+0000] {processor.py:840} INFO - DAG(s) 'wikipedia_flow' retrieved from /opt/airflow/dags/wikipedia_flow.py
[2024-07-17T04:50:39.531+0000] {logging_mixin.py:188} INFO - [2024-07-17T04:50:39.530+0000] {dag.py:3096} INFO - Sync 1 DAGs
[2024-07-17T04:50:39.566+0000] {logging_mixin.py:188} INFO - [2024-07-17T04:50:39.566+0000] {dag.py:3954} INFO - Setting next_dagrun for wikipedia_flow to None, run_after=None
[2024-07-17T04:50:39.659+0000] {processor.py:183} INFO - Processing /opt/airflow/dags/wikipedia_flow.py took 1.364 seconds
[2024-07-17T04:51:10.620+0000] {processor.py:161} INFO - Started process (PID=30523) to work on /opt/airflow/dags/wikipedia_flow.py
[2024-07-17T04:51:10.637+0000] {processor.py:830} INFO - Processing file /opt/airflow/dags/wikipedia_flow.py for tasks to queue
[2024-07-17T04:51:10.651+0000] {logging_mixin.py:188} INFO - [2024-07-17T04:51:10.651+0000] {dagbag.py:545} INFO - Filling up the DagBag from /opt/airflow/dags/wikipedia_flow.py
[2024-07-17T04:51:10.670+0000] {logging_mixin.py:188} INFO - /opt/airflow
[2024-07-17T04:51:13.448+0000] {processor.py:840} INFO - DAG(s) 'wikipedia_flow' retrieved from /opt/airflow/dags/wikipedia_flow.py
[2024-07-17T04:51:13.725+0000] {logging_mixin.py:188} INFO - [2024-07-17T04:51:13.720+0000] {dag.py:3096} INFO - Sync 1 DAGs
[2024-07-17T04:51:13.805+0000] {logging_mixin.py:188} INFO - [2024-07-17T04:51:13.805+0000] {dag.py:3954} INFO - Setting next_dagrun for wikipedia_flow to None, run_after=None
[2024-07-17T04:51:14.108+0000] {processor.py:183} INFO - Processing /opt/airflow/dags/wikipedia_flow.py took 3.757 seconds
[2024-07-17T04:51:44.913+0000] {processor.py:161} INFO - Started process (PID=30542) to work on /opt/airflow/dags/wikipedia_flow.py
[2024-07-17T04:51:44.972+0000] {processor.py:830} INFO - Processing file /opt/airflow/dags/wikipedia_flow.py for tasks to queue
[2024-07-17T04:51:44.975+0000] {logging_mixin.py:188} INFO - [2024-07-17T04:51:44.974+0000] {dagbag.py:545} INFO - Filling up the DagBag from /opt/airflow/dags/wikipedia_flow.py
[2024-07-17T04:51:44.980+0000] {logging_mixin.py:188} INFO - /opt/airflow
[2024-07-17T04:51:46.723+0000] {processor.py:840} INFO - DAG(s) 'wikipedia_flow' retrieved from /opt/airflow/dags/wikipedia_flow.py
[2024-07-17T04:51:46.819+0000] {logging_mixin.py:188} INFO - [2024-07-17T04:51:46.812+0000] {dag.py:3096} INFO - Sync 1 DAGs
[2024-07-17T04:51:46.872+0000] {logging_mixin.py:188} INFO - [2024-07-17T04:51:46.871+0000] {dag.py:3954} INFO - Setting next_dagrun for wikipedia_flow to None, run_after=None
[2024-07-17T04:51:47.187+0000] {processor.py:183} INFO - Processing /opt/airflow/dags/wikipedia_flow.py took 2.349 seconds
[2024-07-17T04:52:18.096+0000] {processor.py:161} INFO - Started process (PID=30559) to work on /opt/airflow/dags/wikipedia_flow.py
[2024-07-17T04:52:18.223+0000] {processor.py:830} INFO - Processing file /opt/airflow/dags/wikipedia_flow.py for tasks to queue
[2024-07-17T04:52:18.226+0000] {logging_mixin.py:188} INFO - [2024-07-17T04:52:18.225+0000] {dagbag.py:545} INFO - Filling up the DagBag from /opt/airflow/dags/wikipedia_flow.py
[2024-07-17T04:52:18.232+0000] {logging_mixin.py:188} INFO - /opt/airflow
[2024-07-17T04:52:21.477+0000] {processor.py:840} INFO - DAG(s) 'wikipedia_flow' retrieved from /opt/airflow/dags/wikipedia_flow.py
[2024-07-17T04:52:21.756+0000] {logging_mixin.py:188} INFO - [2024-07-17T04:52:21.754+0000] {dag.py:3096} INFO - Sync 1 DAGs
[2024-07-17T04:52:21.958+0000] {logging_mixin.py:188} INFO - [2024-07-17T04:52:21.957+0000] {dag.py:3954} INFO - Setting next_dagrun for wikipedia_flow to None, run_after=None
[2024-07-17T04:52:22.321+0000] {processor.py:183} INFO - Processing /opt/airflow/dags/wikipedia_flow.py took 4.502 seconds
[2024-07-17T04:52:53.127+0000] {processor.py:161} INFO - Started process (PID=30576) to work on /opt/airflow/dags/wikipedia_flow.py
[2024-07-17T04:52:53.131+0000] {processor.py:830} INFO - Processing file /opt/airflow/dags/wikipedia_flow.py for tasks to queue
[2024-07-17T04:52:53.133+0000] {logging_mixin.py:188} INFO - [2024-07-17T04:52:53.133+0000] {dagbag.py:545} INFO - Filling up the DagBag from /opt/airflow/dags/wikipedia_flow.py
[2024-07-17T04:52:53.146+0000] {logging_mixin.py:188} INFO - /opt/airflow
[2024-07-17T04:52:54.931+0000] {processor.py:840} INFO - DAG(s) 'wikipedia_flow' retrieved from /opt/airflow/dags/wikipedia_flow.py
[2024-07-17T04:52:54.994+0000] {logging_mixin.py:188} INFO - [2024-07-17T04:52:54.993+0000] {dag.py:3096} INFO - Sync 1 DAGs
[2024-07-17T04:52:55.044+0000] {logging_mixin.py:188} INFO - [2024-07-17T04:52:55.043+0000] {dag.py:3954} INFO - Setting next_dagrun for wikipedia_flow to None, run_after=None
[2024-07-17T04:52:55.517+0000] {processor.py:183} INFO - Processing /opt/airflow/dags/wikipedia_flow.py took 2.454 seconds
[2024-07-17T04:53:25.609+0000] {processor.py:161} INFO - Started process (PID=30594) to work on /opt/airflow/dags/wikipedia_flow.py
[2024-07-17T04:53:25.634+0000] {processor.py:830} INFO - Processing file /opt/airflow/dags/wikipedia_flow.py for tasks to queue
[2024-07-17T04:53:25.636+0000] {logging_mixin.py:188} INFO - [2024-07-17T04:53:25.635+0000] {dagbag.py:545} INFO - Filling up the DagBag from /opt/airflow/dags/wikipedia_flow.py
[2024-07-17T04:53:25.640+0000] {logging_mixin.py:188} INFO - /opt/airflow
[2024-07-17T04:53:26.917+0000] {processor.py:840} INFO - DAG(s) 'wikipedia_flow' retrieved from /opt/airflow/dags/wikipedia_flow.py
[2024-07-17T04:53:27.013+0000] {logging_mixin.py:188} INFO - [2024-07-17T04:53:27.012+0000] {dag.py:3096} INFO - Sync 1 DAGs
[2024-07-17T04:53:27.065+0000] {logging_mixin.py:188} INFO - [2024-07-17T04:53:27.064+0000] {dag.py:3954} INFO - Setting next_dagrun for wikipedia_flow to None, run_after=None
[2024-07-17T04:53:27.242+0000] {processor.py:183} INFO - Processing /opt/airflow/dags/wikipedia_flow.py took 1.655 seconds
[2024-07-17T04:53:57.568+0000] {processor.py:161} INFO - Started process (PID=30611) to work on /opt/airflow/dags/wikipedia_flow.py
[2024-07-17T04:53:57.570+0000] {processor.py:830} INFO - Processing file /opt/airflow/dags/wikipedia_flow.py for tasks to queue
[2024-07-17T04:53:57.584+0000] {logging_mixin.py:188} INFO - [2024-07-17T04:53:57.583+0000] {dagbag.py:545} INFO - Filling up the DagBag from /opt/airflow/dags/wikipedia_flow.py
[2024-07-17T04:53:57.588+0000] {logging_mixin.py:188} INFO - /opt/airflow
[2024-07-17T04:53:58.841+0000] {processor.py:840} INFO - DAG(s) 'wikipedia_flow' retrieved from /opt/airflow/dags/wikipedia_flow.py
[2024-07-17T04:53:58.893+0000] {logging_mixin.py:188} INFO - [2024-07-17T04:53:58.892+0000] {dag.py:3096} INFO - Sync 1 DAGs
[2024-07-17T04:53:58.916+0000] {logging_mixin.py:188} INFO - [2024-07-17T04:53:58.916+0000] {dag.py:3954} INFO - Setting next_dagrun for wikipedia_flow to None, run_after=None
[2024-07-17T04:53:59.147+0000] {processor.py:183} INFO - Processing /opt/airflow/dags/wikipedia_flow.py took 1.635 seconds
[2024-07-17T04:54:29.350+0000] {processor.py:161} INFO - Started process (PID=30628) to work on /opt/airflow/dags/wikipedia_flow.py
[2024-07-17T04:54:29.377+0000] {processor.py:830} INFO - Processing file /opt/airflow/dags/wikipedia_flow.py for tasks to queue
[2024-07-17T04:54:29.380+0000] {logging_mixin.py:188} INFO - [2024-07-17T04:54:29.379+0000] {dagbag.py:545} INFO - Filling up the DagBag from /opt/airflow/dags/wikipedia_flow.py
[2024-07-17T04:54:29.383+0000] {logging_mixin.py:188} INFO - /opt/airflow
[2024-07-17T04:54:30.329+0000] {processor.py:840} INFO - DAG(s) 'wikipedia_flow' retrieved from /opt/airflow/dags/wikipedia_flow.py
[2024-07-17T04:54:30.386+0000] {logging_mixin.py:188} INFO - [2024-07-17T04:54:30.385+0000] {dag.py:3096} INFO - Sync 1 DAGs
[2024-07-17T04:54:30.427+0000] {logging_mixin.py:188} INFO - [2024-07-17T04:54:30.426+0000] {dag.py:3954} INFO - Setting next_dagrun for wikipedia_flow to None, run_after=None
[2024-07-17T04:54:30.590+0000] {processor.py:183} INFO - Processing /opt/airflow/dags/wikipedia_flow.py took 1.276 seconds
[2024-07-17T04:55:01.078+0000] {processor.py:161} INFO - Started process (PID=30646) to work on /opt/airflow/dags/wikipedia_flow.py
[2024-07-17T04:55:01.081+0000] {processor.py:830} INFO - Processing file /opt/airflow/dags/wikipedia_flow.py for tasks to queue
[2024-07-17T04:55:01.083+0000] {logging_mixin.py:188} INFO - [2024-07-17T04:55:01.082+0000] {dagbag.py:545} INFO - Filling up the DagBag from /opt/airflow/dags/wikipedia_flow.py
[2024-07-17T04:55:01.095+0000] {logging_mixin.py:188} INFO - /opt/airflow
[2024-07-17T04:55:02.952+0000] {processor.py:840} INFO - DAG(s) 'wikipedia_flow' retrieved from /opt/airflow/dags/wikipedia_flow.py
[2024-07-17T04:55:03.060+0000] {logging_mixin.py:188} INFO - [2024-07-17T04:55:03.059+0000] {dag.py:3096} INFO - Sync 1 DAGs
[2024-07-17T04:55:03.110+0000] {logging_mixin.py:188} INFO - [2024-07-17T04:55:03.110+0000] {dag.py:3954} INFO - Setting next_dagrun for wikipedia_flow to None, run_after=None
[2024-07-17T04:55:03.254+0000] {processor.py:183} INFO - Processing /opt/airflow/dags/wikipedia_flow.py took 2.226 seconds
[2024-07-17T04:55:33.783+0000] {processor.py:161} INFO - Started process (PID=30664) to work on /opt/airflow/dags/wikipedia_flow.py
[2024-07-17T04:55:33.813+0000] {processor.py:830} INFO - Processing file /opt/airflow/dags/wikipedia_flow.py for tasks to queue
[2024-07-17T04:55:33.816+0000] {logging_mixin.py:188} INFO - [2024-07-17T04:55:33.815+0000] {dagbag.py:545} INFO - Filling up the DagBag from /opt/airflow/dags/wikipedia_flow.py
[2024-07-17T04:55:33.830+0000] {logging_mixin.py:188} INFO - /opt/airflow
[2024-07-17T04:55:35.339+0000] {processor.py:840} INFO - DAG(s) 'wikipedia_flow' retrieved from /opt/airflow/dags/wikipedia_flow.py
[2024-07-17T04:55:35.445+0000] {logging_mixin.py:188} INFO - [2024-07-17T04:55:35.443+0000] {dag.py:3096} INFO - Sync 1 DAGs
[2024-07-17T04:55:35.483+0000] {logging_mixin.py:188} INFO - [2024-07-17T04:55:35.483+0000] {dag.py:3954} INFO - Setting next_dagrun for wikipedia_flow to None, run_after=None
[2024-07-17T04:55:35.709+0000] {processor.py:183} INFO - Processing /opt/airflow/dags/wikipedia_flow.py took 2.031 seconds
[2024-07-17T04:56:06.154+0000] {processor.py:161} INFO - Started process (PID=30681) to work on /opt/airflow/dags/wikipedia_flow.py
[2024-07-17T04:56:06.175+0000] {processor.py:830} INFO - Processing file /opt/airflow/dags/wikipedia_flow.py for tasks to queue
[2024-07-17T04:56:06.178+0000] {logging_mixin.py:188} INFO - [2024-07-17T04:56:06.177+0000] {dagbag.py:545} INFO - Filling up the DagBag from /opt/airflow/dags/wikipedia_flow.py
[2024-07-17T04:56:06.183+0000] {logging_mixin.py:188} INFO - /opt/airflow
[2024-07-17T04:56:07.372+0000] {processor.py:840} INFO - DAG(s) 'wikipedia_flow' retrieved from /opt/airflow/dags/wikipedia_flow.py
[2024-07-17T04:56:07.432+0000] {logging_mixin.py:188} INFO - [2024-07-17T04:56:07.431+0000] {dag.py:3096} INFO - Sync 1 DAGs
[2024-07-17T04:56:07.464+0000] {logging_mixin.py:188} INFO - [2024-07-17T04:56:07.463+0000] {dag.py:3954} INFO - Setting next_dagrun for wikipedia_flow to None, run_after=None
[2024-07-17T04:56:07.658+0000] {processor.py:183} INFO - Processing /opt/airflow/dags/wikipedia_flow.py took 1.539 seconds
[2024-07-17T04:56:38.401+0000] {processor.py:161} INFO - Started process (PID=30698) to work on /opt/airflow/dags/wikipedia_flow.py
[2024-07-17T04:56:38.420+0000] {processor.py:830} INFO - Processing file /opt/airflow/dags/wikipedia_flow.py for tasks to queue
[2024-07-17T04:56:38.422+0000] {logging_mixin.py:188} INFO - [2024-07-17T04:56:38.421+0000] {dagbag.py:545} INFO - Filling up the DagBag from /opt/airflow/dags/wikipedia_flow.py
[2024-07-17T04:56:38.426+0000] {logging_mixin.py:188} INFO - /opt/airflow
[2024-07-17T04:56:39.205+0000] {processor.py:840} INFO - DAG(s) 'wikipedia_flow' retrieved from /opt/airflow/dags/wikipedia_flow.py
[2024-07-17T04:56:39.280+0000] {logging_mixin.py:188} INFO - [2024-07-17T04:56:39.278+0000] {dag.py:3096} INFO - Sync 1 DAGs
[2024-07-17T04:56:39.319+0000] {logging_mixin.py:188} INFO - [2024-07-17T04:56:39.318+0000] {dag.py:3954} INFO - Setting next_dagrun for wikipedia_flow to None, run_after=None
[2024-07-17T04:56:39.618+0000] {processor.py:183} INFO - Processing /opt/airflow/dags/wikipedia_flow.py took 1.250 seconds
[2024-07-17T04:57:09.947+0000] {processor.py:161} INFO - Started process (PID=30715) to work on /opt/airflow/dags/wikipedia_flow.py
[2024-07-17T04:57:09.949+0000] {processor.py:830} INFO - Processing file /opt/airflow/dags/wikipedia_flow.py for tasks to queue
[2024-07-17T04:57:09.951+0000] {logging_mixin.py:188} INFO - [2024-07-17T04:57:09.950+0000] {dagbag.py:545} INFO - Filling up the DagBag from /opt/airflow/dags/wikipedia_flow.py
[2024-07-17T04:57:09.956+0000] {logging_mixin.py:188} INFO - /opt/airflow
[2024-07-17T04:57:11.054+0000] {processor.py:840} INFO - DAG(s) 'wikipedia_flow' retrieved from /opt/airflow/dags/wikipedia_flow.py
[2024-07-17T04:57:11.115+0000] {logging_mixin.py:188} INFO - [2024-07-17T04:57:11.114+0000] {dag.py:3096} INFO - Sync 1 DAGs
[2024-07-17T04:57:11.161+0000] {logging_mixin.py:188} INFO - [2024-07-17T04:57:11.161+0000] {dag.py:3954} INFO - Setting next_dagrun for wikipedia_flow to None, run_after=None
[2024-07-17T04:57:11.408+0000] {processor.py:183} INFO - Processing /opt/airflow/dags/wikipedia_flow.py took 1.487 seconds
[2024-07-17T04:57:41.793+0000] {processor.py:161} INFO - Started process (PID=30731) to work on /opt/airflow/dags/wikipedia_flow.py
[2024-07-17T04:57:41.817+0000] {processor.py:830} INFO - Processing file /opt/airflow/dags/wikipedia_flow.py for tasks to queue
[2024-07-17T04:57:41.819+0000] {logging_mixin.py:188} INFO - [2024-07-17T04:57:41.819+0000] {dagbag.py:545} INFO - Filling up the DagBag from /opt/airflow/dags/wikipedia_flow.py
[2024-07-17T04:57:41.824+0000] {logging_mixin.py:188} INFO - /opt/airflow
[2024-07-17T04:57:43.626+0000] {processor.py:840} INFO - DAG(s) 'wikipedia_flow' retrieved from /opt/airflow/dags/wikipedia_flow.py
[2024-07-17T04:57:44.049+0000] {logging_mixin.py:188} INFO - [2024-07-17T04:57:44.033+0000] {dag.py:3096} INFO - Sync 1 DAGs
[2024-07-17T04:57:44.145+0000] {logging_mixin.py:188} INFO - [2024-07-17T04:57:44.144+0000] {dag.py:3954} INFO - Setting next_dagrun for wikipedia_flow to None, run_after=None
[2024-07-17T04:57:44.476+0000] {processor.py:183} INFO - Processing /opt/airflow/dags/wikipedia_flow.py took 2.714 seconds
[2024-07-17T04:58:14.972+0000] {processor.py:161} INFO - Started process (PID=30753) to work on /opt/airflow/dags/wikipedia_flow.py
[2024-07-17T04:58:15.003+0000] {processor.py:830} INFO - Processing file /opt/airflow/dags/wikipedia_flow.py for tasks to queue
[2024-07-17T04:58:15.007+0000] {logging_mixin.py:188} INFO - [2024-07-17T04:58:15.006+0000] {dagbag.py:545} INFO - Filling up the DagBag from /opt/airflow/dags/wikipedia_flow.py
[2024-07-17T04:58:15.013+0000] {logging_mixin.py:188} INFO - /opt/airflow
[2024-07-17T04:58:16.888+0000] {processor.py:840} INFO - DAG(s) 'wikipedia_flow' retrieved from /opt/airflow/dags/wikipedia_flow.py
[2024-07-17T04:58:17.061+0000] {logging_mixin.py:188} INFO - [2024-07-17T04:58:17.060+0000] {dag.py:3096} INFO - Sync 1 DAGs
[2024-07-17T04:58:17.110+0000] {logging_mixin.py:188} INFO - [2024-07-17T04:58:17.110+0000] {dag.py:3954} INFO - Setting next_dagrun for wikipedia_flow to None, run_after=None
[2024-07-17T04:58:17.260+0000] {processor.py:183} INFO - Processing /opt/airflow/dags/wikipedia_flow.py took 2.448 seconds
[2024-07-17T04:58:47.842+0000] {processor.py:161} INFO - Started process (PID=30775) to work on /opt/airflow/dags/wikipedia_flow.py
[2024-07-17T04:58:47.865+0000] {processor.py:830} INFO - Processing file /opt/airflow/dags/wikipedia_flow.py for tasks to queue
[2024-07-17T04:58:47.868+0000] {logging_mixin.py:188} INFO - [2024-07-17T04:58:47.866+0000] {dagbag.py:545} INFO - Filling up the DagBag from /opt/airflow/dags/wikipedia_flow.py
[2024-07-17T04:58:47.879+0000] {logging_mixin.py:188} INFO - /opt/airflow
[2024-07-17T04:58:49.012+0000] {processor.py:840} INFO - DAG(s) 'wikipedia_flow' retrieved from /opt/airflow/dags/wikipedia_flow.py
[2024-07-17T04:58:49.118+0000] {logging_mixin.py:188} INFO - [2024-07-17T04:58:49.113+0000] {dag.py:3096} INFO - Sync 1 DAGs
[2024-07-17T04:58:49.156+0000] {logging_mixin.py:188} INFO - [2024-07-17T04:58:49.156+0000] {dag.py:3954} INFO - Setting next_dagrun for wikipedia_flow to None, run_after=None
[2024-07-17T04:58:49.291+0000] {processor.py:183} INFO - Processing /opt/airflow/dags/wikipedia_flow.py took 1.564 seconds
[2024-07-17T04:59:19.782+0000] {processor.py:161} INFO - Started process (PID=30792) to work on /opt/airflow/dags/wikipedia_flow.py
[2024-07-17T04:59:19.787+0000] {processor.py:830} INFO - Processing file /opt/airflow/dags/wikipedia_flow.py for tasks to queue
[2024-07-17T04:59:19.789+0000] {logging_mixin.py:188} INFO - [2024-07-17T04:59:19.789+0000] {dagbag.py:545} INFO - Filling up the DagBag from /opt/airflow/dags/wikipedia_flow.py
[2024-07-17T04:59:19.796+0000] {logging_mixin.py:188} INFO - /opt/airflow
[2024-07-17T04:59:21.070+0000] {processor.py:840} INFO - DAG(s) 'wikipedia_flow' retrieved from /opt/airflow/dags/wikipedia_flow.py
[2024-07-17T04:59:21.175+0000] {logging_mixin.py:188} INFO - [2024-07-17T04:59:21.174+0000] {dag.py:3096} INFO - Sync 1 DAGs
[2024-07-17T04:59:21.212+0000] {logging_mixin.py:188} INFO - [2024-07-17T04:59:21.212+0000] {dag.py:3954} INFO - Setting next_dagrun for wikipedia_flow to None, run_after=None
[2024-07-17T04:59:21.446+0000] {processor.py:183} INFO - Processing /opt/airflow/dags/wikipedia_flow.py took 1.727 seconds
[2024-07-17T04:59:52.353+0000] {processor.py:161} INFO - Started process (PID=30809) to work on /opt/airflow/dags/wikipedia_flow.py
[2024-07-17T04:59:52.386+0000] {processor.py:830} INFO - Processing file /opt/airflow/dags/wikipedia_flow.py for tasks to queue
[2024-07-17T04:59:52.388+0000] {logging_mixin.py:188} INFO - [2024-07-17T04:59:52.387+0000] {dagbag.py:545} INFO - Filling up the DagBag from /opt/airflow/dags/wikipedia_flow.py
[2024-07-17T04:59:52.391+0000] {logging_mixin.py:188} INFO - /opt/airflow
[2024-07-17T04:59:53.374+0000] {processor.py:840} INFO - DAG(s) 'wikipedia_flow' retrieved from /opt/airflow/dags/wikipedia_flow.py
[2024-07-17T04:59:53.421+0000] {logging_mixin.py:188} INFO - [2024-07-17T04:59:53.420+0000] {dag.py:3096} INFO - Sync 1 DAGs
[2024-07-17T04:59:53.446+0000] {logging_mixin.py:188} INFO - [2024-07-17T04:59:53.446+0000] {dag.py:3954} INFO - Setting next_dagrun for wikipedia_flow to None, run_after=None
[2024-07-17T04:59:53.635+0000] {processor.py:183} INFO - Processing /opt/airflow/dags/wikipedia_flow.py took 1.301 seconds
[2024-07-17T05:00:23.934+0000] {processor.py:161} INFO - Started process (PID=30826) to work on /opt/airflow/dags/wikipedia_flow.py
[2024-07-17T05:00:23.935+0000] {processor.py:830} INFO - Processing file /opt/airflow/dags/wikipedia_flow.py for tasks to queue
[2024-07-17T05:00:23.936+0000] {logging_mixin.py:188} INFO - [2024-07-17T05:00:23.936+0000] {dagbag.py:545} INFO - Filling up the DagBag from /opt/airflow/dags/wikipedia_flow.py
[2024-07-17T05:00:23.939+0000] {logging_mixin.py:188} INFO - /opt/airflow
[2024-07-17T05:00:24.597+0000] {processor.py:840} INFO - DAG(s) 'wikipedia_flow' retrieved from /opt/airflow/dags/wikipedia_flow.py
[2024-07-17T05:00:24.642+0000] {logging_mixin.py:188} INFO - [2024-07-17T05:00:24.641+0000] {dag.py:3096} INFO - Sync 1 DAGs
[2024-07-17T05:00:24.666+0000] {logging_mixin.py:188} INFO - [2024-07-17T05:00:24.665+0000] {dag.py:3954} INFO - Setting next_dagrun for wikipedia_flow to None, run_after=None
[2024-07-17T05:00:25.174+0000] {processor.py:183} INFO - Processing /opt/airflow/dags/wikipedia_flow.py took 1.264 seconds
[2024-07-17T05:00:55.500+0000] {processor.py:161} INFO - Started process (PID=30843) to work on /opt/airflow/dags/wikipedia_flow.py
[2024-07-17T05:00:55.539+0000] {processor.py:830} INFO - Processing file /opt/airflow/dags/wikipedia_flow.py for tasks to queue
[2024-07-17T05:00:55.546+0000] {logging_mixin.py:188} INFO - [2024-07-17T05:00:55.541+0000] {dagbag.py:545} INFO - Filling up the DagBag from /opt/airflow/dags/wikipedia_flow.py
[2024-07-17T05:00:55.550+0000] {logging_mixin.py:188} INFO - /opt/airflow
[2024-07-17T05:00:57.309+0000] {processor.py:840} INFO - DAG(s) 'wikipedia_flow' retrieved from /opt/airflow/dags/wikipedia_flow.py
[2024-07-17T05:00:57.375+0000] {logging_mixin.py:188} INFO - [2024-07-17T05:00:57.374+0000] {dag.py:3096} INFO - Sync 1 DAGs
[2024-07-17T05:00:57.414+0000] {logging_mixin.py:188} INFO - [2024-07-17T05:00:57.414+0000] {dag.py:3954} INFO - Setting next_dagrun for wikipedia_flow to None, run_after=None
[2024-07-17T05:00:57.567+0000] {processor.py:183} INFO - Processing /opt/airflow/dags/wikipedia_flow.py took 2.101 seconds
[2024-07-17T05:01:27.819+0000] {processor.py:161} INFO - Started process (PID=30860) to work on /opt/airflow/dags/wikipedia_flow.py
[2024-07-17T05:01:27.820+0000] {processor.py:830} INFO - Processing file /opt/airflow/dags/wikipedia_flow.py for tasks to queue
[2024-07-17T05:01:27.822+0000] {logging_mixin.py:188} INFO - [2024-07-17T05:01:27.821+0000] {dagbag.py:545} INFO - Filling up the DagBag from /opt/airflow/dags/wikipedia_flow.py
[2024-07-17T05:01:27.825+0000] {logging_mixin.py:188} INFO - /opt/airflow
[2024-07-17T05:01:28.576+0000] {processor.py:840} INFO - DAG(s) 'wikipedia_flow' retrieved from /opt/airflow/dags/wikipedia_flow.py
[2024-07-17T05:01:28.620+0000] {logging_mixin.py:188} INFO - [2024-07-17T05:01:28.620+0000] {dag.py:3096} INFO - Sync 1 DAGs
[2024-07-17T05:01:28.647+0000] {logging_mixin.py:188} INFO - [2024-07-17T05:01:28.646+0000] {dag.py:3954} INFO - Setting next_dagrun for wikipedia_flow to None, run_after=None
[2024-07-17T05:01:28.773+0000] {processor.py:183} INFO - Processing /opt/airflow/dags/wikipedia_flow.py took 0.978 seconds
[2024-07-17T05:01:59.049+0000] {processor.py:161} INFO - Started process (PID=30878) to work on /opt/airflow/dags/wikipedia_flow.py
[2024-07-17T05:01:59.066+0000] {processor.py:830} INFO - Processing file /opt/airflow/dags/wikipedia_flow.py for tasks to queue
[2024-07-17T05:01:59.067+0000] {logging_mixin.py:188} INFO - [2024-07-17T05:01:59.066+0000] {dagbag.py:545} INFO - Filling up the DagBag from /opt/airflow/dags/wikipedia_flow.py
[2024-07-17T05:01:59.070+0000] {logging_mixin.py:188} INFO - /opt/airflow
[2024-07-17T05:01:59.999+0000] {processor.py:840} INFO - DAG(s) 'wikipedia_flow' retrieved from /opt/airflow/dags/wikipedia_flow.py
[2024-07-17T05:02:00.059+0000] {logging_mixin.py:188} INFO - [2024-07-17T05:02:00.058+0000] {dag.py:3096} INFO - Sync 1 DAGs
[2024-07-17T05:02:00.087+0000] {logging_mixin.py:188} INFO - [2024-07-17T05:02:00.087+0000] {dag.py:3954} INFO - Setting next_dagrun for wikipedia_flow to None, run_after=None
[2024-07-17T05:02:00.157+0000] {processor.py:183} INFO - Processing /opt/airflow/dags/wikipedia_flow.py took 1.137 seconds
[2024-07-17T05:02:30.431+0000] {processor.py:161} INFO - Started process (PID=30895) to work on /opt/airflow/dags/wikipedia_flow.py
[2024-07-17T05:02:30.461+0000] {processor.py:830} INFO - Processing file /opt/airflow/dags/wikipedia_flow.py for tasks to queue
[2024-07-17T05:02:30.465+0000] {logging_mixin.py:188} INFO - [2024-07-17T05:02:30.464+0000] {dagbag.py:545} INFO - Filling up the DagBag from /opt/airflow/dags/wikipedia_flow.py
[2024-07-17T05:02:30.468+0000] {logging_mixin.py:188} INFO - /opt/airflow
[2024-07-17T05:02:31.333+0000] {processor.py:840} INFO - DAG(s) 'wikipedia_flow' retrieved from /opt/airflow/dags/wikipedia_flow.py
[2024-07-17T05:02:31.413+0000] {logging_mixin.py:188} INFO - [2024-07-17T05:02:31.412+0000] {dag.py:3096} INFO - Sync 1 DAGs
[2024-07-17T05:02:31.458+0000] {logging_mixin.py:188} INFO - [2024-07-17T05:02:31.457+0000] {dag.py:3954} INFO - Setting next_dagrun for wikipedia_flow to None, run_after=None
[2024-07-17T05:02:31.583+0000] {processor.py:183} INFO - Processing /opt/airflow/dags/wikipedia_flow.py took 1.195 seconds
[2024-07-17T05:03:01.876+0000] {processor.py:161} INFO - Started process (PID=30912) to work on /opt/airflow/dags/wikipedia_flow.py
[2024-07-17T05:03:01.879+0000] {processor.py:830} INFO - Processing file /opt/airflow/dags/wikipedia_flow.py for tasks to queue
[2024-07-17T05:03:01.881+0000] {logging_mixin.py:188} INFO - [2024-07-17T05:03:01.880+0000] {dagbag.py:545} INFO - Filling up the DagBag from /opt/airflow/dags/wikipedia_flow.py
[2024-07-17T05:03:01.885+0000] {logging_mixin.py:188} INFO - /opt/airflow
[2024-07-17T05:03:02.894+0000] {processor.py:840} INFO - DAG(s) 'wikipedia_flow' retrieved from /opt/airflow/dags/wikipedia_flow.py
[2024-07-17T05:03:03.000+0000] {logging_mixin.py:188} INFO - [2024-07-17T05:03:02.998+0000] {dag.py:3096} INFO - Sync 1 DAGs
[2024-07-17T05:03:03.046+0000] {logging_mixin.py:188} INFO - [2024-07-17T05:03:03.045+0000] {dag.py:3954} INFO - Setting next_dagrun for wikipedia_flow to None, run_after=None
[2024-07-17T05:03:03.127+0000] {processor.py:183} INFO - Processing /opt/airflow/dags/wikipedia_flow.py took 1.281 seconds
[2024-07-17T05:03:33.538+0000] {processor.py:161} INFO - Started process (PID=30928) to work on /opt/airflow/dags/wikipedia_flow.py
[2024-07-17T05:03:33.579+0000] {processor.py:830} INFO - Processing file /opt/airflow/dags/wikipedia_flow.py for tasks to queue
[2024-07-17T05:03:33.582+0000] {logging_mixin.py:188} INFO - [2024-07-17T05:03:33.581+0000] {dagbag.py:545} INFO - Filling up the DagBag from /opt/airflow/dags/wikipedia_flow.py
[2024-07-17T05:03:33.587+0000] {logging_mixin.py:188} INFO - /opt/airflow
[2024-07-17T05:03:35.137+0000] {processor.py:840} INFO - DAG(s) 'wikipedia_flow' retrieved from /opt/airflow/dags/wikipedia_flow.py
[2024-07-17T05:03:35.207+0000] {logging_mixin.py:188} INFO - [2024-07-17T05:03:35.206+0000] {dag.py:3096} INFO - Sync 1 DAGs
[2024-07-17T05:03:35.246+0000] {logging_mixin.py:188} INFO - [2024-07-17T05:03:35.246+0000] {dag.py:3954} INFO - Setting next_dagrun for wikipedia_flow to None, run_after=None
[2024-07-17T05:03:35.399+0000] {processor.py:183} INFO - Processing /opt/airflow/dags/wikipedia_flow.py took 1.948 seconds
[2024-07-17T05:04:06.191+0000] {processor.py:161} INFO - Started process (PID=30944) to work on /opt/airflow/dags/wikipedia_flow.py
[2024-07-17T05:04:06.192+0000] {processor.py:830} INFO - Processing file /opt/airflow/dags/wikipedia_flow.py for tasks to queue
[2024-07-17T05:04:06.194+0000] {logging_mixin.py:188} INFO - [2024-07-17T05:04:06.193+0000] {dagbag.py:545} INFO - Filling up the DagBag from /opt/airflow/dags/wikipedia_flow.py
[2024-07-17T05:04:06.197+0000] {logging_mixin.py:188} INFO - /opt/airflow
[2024-07-17T05:04:06.810+0000] {processor.py:840} INFO - DAG(s) 'wikipedia_flow' retrieved from /opt/airflow/dags/wikipedia_flow.py
[2024-07-17T05:04:06.860+0000] {logging_mixin.py:188} INFO - [2024-07-17T05:04:06.858+0000] {dag.py:3096} INFO - Sync 1 DAGs
[2024-07-17T05:04:06.885+0000] {logging_mixin.py:188} INFO - [2024-07-17T05:04:06.884+0000] {dag.py:3954} INFO - Setting next_dagrun for wikipedia_flow to None, run_after=None
[2024-07-17T05:04:06.955+0000] {processor.py:183} INFO - Processing /opt/airflow/dags/wikipedia_flow.py took 0.789 seconds
[2024-07-17T05:04:37.328+0000] {processor.py:161} INFO - Started process (PID=30961) to work on /opt/airflow/dags/wikipedia_flow.py
[2024-07-17T05:04:37.356+0000] {processor.py:830} INFO - Processing file /opt/airflow/dags/wikipedia_flow.py for tasks to queue
[2024-07-17T05:04:37.358+0000] {logging_mixin.py:188} INFO - [2024-07-17T05:04:37.358+0000] {dagbag.py:545} INFO - Filling up the DagBag from /opt/airflow/dags/wikipedia_flow.py
[2024-07-17T05:04:37.362+0000] {logging_mixin.py:188} INFO - /opt/airflow
[2024-07-17T05:04:38.029+0000] {processor.py:840} INFO - DAG(s) 'wikipedia_flow' retrieved from /opt/airflow/dags/wikipedia_flow.py
[2024-07-17T05:04:38.075+0000] {logging_mixin.py:188} INFO - [2024-07-17T05:04:38.073+0000] {dag.py:3096} INFO - Sync 1 DAGs
[2024-07-17T05:04:38.100+0000] {logging_mixin.py:188} INFO - [2024-07-17T05:04:38.099+0000] {dag.py:3954} INFO - Setting next_dagrun for wikipedia_flow to None, run_after=None
[2024-07-17T05:04:38.779+0000] {processor.py:183} INFO - Processing /opt/airflow/dags/wikipedia_flow.py took 1.471 seconds
[2024-07-17T05:05:09.065+0000] {processor.py:161} INFO - Started process (PID=30978) to work on /opt/airflow/dags/wikipedia_flow.py
[2024-07-17T05:05:09.067+0000] {processor.py:830} INFO - Processing file /opt/airflow/dags/wikipedia_flow.py for tasks to queue
[2024-07-17T05:05:09.069+0000] {logging_mixin.py:188} INFO - [2024-07-17T05:05:09.068+0000] {dagbag.py:545} INFO - Filling up the DagBag from /opt/airflow/dags/wikipedia_flow.py
[2024-07-17T05:05:09.074+0000] {logging_mixin.py:188} INFO - /opt/airflow
[2024-07-17T05:05:10.178+0000] {processor.py:840} INFO - DAG(s) 'wikipedia_flow' retrieved from /opt/airflow/dags/wikipedia_flow.py
[2024-07-17T05:05:10.258+0000] {logging_mixin.py:188} INFO - [2024-07-17T05:05:10.256+0000] {dag.py:3096} INFO - Sync 1 DAGs
[2024-07-17T05:05:10.295+0000] {logging_mixin.py:188} INFO - [2024-07-17T05:05:10.295+0000] {dag.py:3954} INFO - Setting next_dagrun for wikipedia_flow to None, run_after=None
[2024-07-17T05:05:10.450+0000] {processor.py:183} INFO - Processing /opt/airflow/dags/wikipedia_flow.py took 1.417 seconds
[2024-07-17T05:05:40.815+0000] {processor.py:161} INFO - Started process (PID=30995) to work on /opt/airflow/dags/wikipedia_flow.py
[2024-07-17T05:05:40.832+0000] {processor.py:830} INFO - Processing file /opt/airflow/dags/wikipedia_flow.py for tasks to queue
[2024-07-17T05:05:40.835+0000] {logging_mixin.py:188} INFO - [2024-07-17T05:05:40.834+0000] {dagbag.py:545} INFO - Filling up the DagBag from /opt/airflow/dags/wikipedia_flow.py
[2024-07-17T05:05:40.844+0000] {logging_mixin.py:188} INFO - /opt/airflow
[2024-07-17T05:05:42.761+0000] {processor.py:840} INFO - DAG(s) 'wikipedia_flow' retrieved from /opt/airflow/dags/wikipedia_flow.py
[2024-07-17T05:05:42.838+0000] {logging_mixin.py:188} INFO - [2024-07-17T05:05:42.836+0000] {dag.py:3096} INFO - Sync 1 DAGs
[2024-07-17T05:05:42.884+0000] {logging_mixin.py:188} INFO - [2024-07-17T05:05:42.884+0000] {dag.py:3954} INFO - Setting next_dagrun for wikipedia_flow to None, run_after=None
[2024-07-17T05:05:43.225+0000] {processor.py:183} INFO - Processing /opt/airflow/dags/wikipedia_flow.py took 2.449 seconds
[2024-07-17T05:06:13.548+0000] {processor.py:161} INFO - Started process (PID=31012) to work on /opt/airflow/dags/wikipedia_flow.py
[2024-07-17T05:06:13.550+0000] {processor.py:830} INFO - Processing file /opt/airflow/dags/wikipedia_flow.py for tasks to queue
[2024-07-17T05:06:13.551+0000] {logging_mixin.py:188} INFO - [2024-07-17T05:06:13.551+0000] {dagbag.py:545} INFO - Filling up the DagBag from /opt/airflow/dags/wikipedia_flow.py
[2024-07-17T05:06:13.555+0000] {logging_mixin.py:188} INFO - /opt/airflow
[2024-07-17T05:06:14.769+0000] {processor.py:840} INFO - DAG(s) 'wikipedia_flow' retrieved from /opt/airflow/dags/wikipedia_flow.py
[2024-07-17T05:06:14.936+0000] {logging_mixin.py:188} INFO - [2024-07-17T05:06:14.935+0000] {dag.py:3096} INFO - Sync 1 DAGs
[2024-07-17T05:06:14.999+0000] {logging_mixin.py:188} INFO - [2024-07-17T05:06:14.998+0000] {dag.py:3954} INFO - Setting next_dagrun for wikipedia_flow to None, run_after=None
[2024-07-17T05:06:15.163+0000] {processor.py:183} INFO - Processing /opt/airflow/dags/wikipedia_flow.py took 1.639 seconds
[2024-07-17T05:06:45.622+0000] {processor.py:161} INFO - Started process (PID=31029) to work on /opt/airflow/dags/wikipedia_flow.py
[2024-07-17T05:06:45.637+0000] {processor.py:830} INFO - Processing file /opt/airflow/dags/wikipedia_flow.py for tasks to queue
[2024-07-17T05:06:45.641+0000] {logging_mixin.py:188} INFO - [2024-07-17T05:06:45.640+0000] {dagbag.py:545} INFO - Filling up the DagBag from /opt/airflow/dags/wikipedia_flow.py
[2024-07-17T05:06:45.649+0000] {logging_mixin.py:188} INFO - /opt/airflow
[2024-07-17T05:06:46.538+0000] {processor.py:840} INFO - DAG(s) 'wikipedia_flow' retrieved from /opt/airflow/dags/wikipedia_flow.py
[2024-07-17T05:06:46.586+0000] {logging_mixin.py:188} INFO - [2024-07-17T05:06:46.583+0000] {dag.py:3096} INFO - Sync 1 DAGs
[2024-07-17T05:06:46.609+0000] {logging_mixin.py:188} INFO - [2024-07-17T05:06:46.609+0000] {dag.py:3954} INFO - Setting next_dagrun for wikipedia_flow to None, run_after=None
[2024-07-17T05:06:46.711+0000] {processor.py:183} INFO - Processing /opt/airflow/dags/wikipedia_flow.py took 1.145 seconds
[2024-07-17T05:07:17.148+0000] {processor.py:161} INFO - Started process (PID=31052) to work on /opt/airflow/dags/wikipedia_flow.py
[2024-07-17T05:07:17.149+0000] {processor.py:830} INFO - Processing file /opt/airflow/dags/wikipedia_flow.py for tasks to queue
[2024-07-17T05:07:17.151+0000] {logging_mixin.py:188} INFO - [2024-07-17T05:07:17.150+0000] {dagbag.py:545} INFO - Filling up the DagBag from /opt/airflow/dags/wikipedia_flow.py
[2024-07-17T05:07:17.154+0000] {logging_mixin.py:188} INFO - /opt/airflow
[2024-07-17T05:07:17.873+0000] {processor.py:840} INFO - DAG(s) 'wikipedia_flow' retrieved from /opt/airflow/dags/wikipedia_flow.py
[2024-07-17T05:07:17.921+0000] {logging_mixin.py:188} INFO - [2024-07-17T05:07:17.920+0000] {dag.py:3096} INFO - Sync 1 DAGs
[2024-07-17T05:07:17.943+0000] {logging_mixin.py:188} INFO - [2024-07-17T05:07:17.943+0000] {dag.py:3954} INFO - Setting next_dagrun for wikipedia_flow to None, run_after=None
[2024-07-17T05:07:18.086+0000] {processor.py:183} INFO - Processing /opt/airflow/dags/wikipedia_flow.py took 0.962 seconds
[2024-07-17T05:07:48.393+0000] {processor.py:161} INFO - Started process (PID=31068) to work on /opt/airflow/dags/wikipedia_flow.py
[2024-07-17T05:07:48.425+0000] {processor.py:830} INFO - Processing file /opt/airflow/dags/wikipedia_flow.py for tasks to queue
[2024-07-17T05:07:48.432+0000] {logging_mixin.py:188} INFO - [2024-07-17T05:07:48.427+0000] {dagbag.py:545} INFO - Filling up the DagBag from /opt/airflow/dags/wikipedia_flow.py
[2024-07-17T05:07:48.448+0000] {logging_mixin.py:188} INFO - /opt/airflow
[2024-07-17T05:07:50.549+0000] {processor.py:840} INFO - DAG(s) 'wikipedia_flow' retrieved from /opt/airflow/dags/wikipedia_flow.py
[2024-07-17T05:07:50.612+0000] {logging_mixin.py:188} INFO - [2024-07-17T05:07:50.611+0000] {dag.py:3096} INFO - Sync 1 DAGs
[2024-07-17T05:07:50.651+0000] {logging_mixin.py:188} INFO - [2024-07-17T05:07:50.651+0000] {dag.py:3954} INFO - Setting next_dagrun for wikipedia_flow to None, run_after=None
[2024-07-17T05:07:50.795+0000] {processor.py:183} INFO - Processing /opt/airflow/dags/wikipedia_flow.py took 2.474 seconds
[2024-07-17T05:08:21.200+0000] {processor.py:161} INFO - Started process (PID=31085) to work on /opt/airflow/dags/wikipedia_flow.py
[2024-07-17T05:08:21.205+0000] {processor.py:830} INFO - Processing file /opt/airflow/dags/wikipedia_flow.py for tasks to queue
[2024-07-17T05:08:21.210+0000] {logging_mixin.py:188} INFO - [2024-07-17T05:08:21.209+0000] {dagbag.py:545} INFO - Filling up the DagBag from /opt/airflow/dags/wikipedia_flow.py
[2024-07-17T05:08:21.216+0000] {logging_mixin.py:188} INFO - /opt/airflow
[2024-07-17T05:08:23.502+0000] {processor.py:840} INFO - DAG(s) 'wikipedia_flow' retrieved from /opt/airflow/dags/wikipedia_flow.py
[2024-07-17T05:08:23.697+0000] {logging_mixin.py:188} INFO - [2024-07-17T05:08:23.696+0000] {dag.py:3096} INFO - Sync 1 DAGs
[2024-07-17T05:08:23.756+0000] {logging_mixin.py:188} INFO - [2024-07-17T05:08:23.748+0000] {dag.py:3954} INFO - Setting next_dagrun for wikipedia_flow to None, run_after=None
[2024-07-17T05:08:23.889+0000] {processor.py:183} INFO - Processing /opt/airflow/dags/wikipedia_flow.py took 2.766 seconds
[2024-07-17T05:08:54.185+0000] {processor.py:161} INFO - Started process (PID=31102) to work on /opt/airflow/dags/wikipedia_flow.py
[2024-07-17T05:08:54.191+0000] {processor.py:830} INFO - Processing file /opt/airflow/dags/wikipedia_flow.py for tasks to queue
[2024-07-17T05:08:54.193+0000] {logging_mixin.py:188} INFO - [2024-07-17T05:08:54.192+0000] {dagbag.py:545} INFO - Filling up the DagBag from /opt/airflow/dags/wikipedia_flow.py
[2024-07-17T05:08:54.197+0000] {logging_mixin.py:188} INFO - /opt/airflow
[2024-07-17T05:08:54.956+0000] {processor.py:840} INFO - DAG(s) 'wikipedia_flow' retrieved from /opt/airflow/dags/wikipedia_flow.py
[2024-07-17T05:08:54.998+0000] {logging_mixin.py:188} INFO - [2024-07-17T05:08:54.998+0000] {dag.py:3096} INFO - Sync 1 DAGs
[2024-07-17T05:08:55.022+0000] {logging_mixin.py:188} INFO - [2024-07-17T05:08:55.022+0000] {dag.py:3954} INFO - Setting next_dagrun for wikipedia_flow to None, run_after=None
[2024-07-17T05:08:55.190+0000] {processor.py:183} INFO - Processing /opt/airflow/dags/wikipedia_flow.py took 1.036 seconds
[2024-07-17T05:09:25.526+0000] {processor.py:161} INFO - Started process (PID=31118) to work on /opt/airflow/dags/wikipedia_flow.py
[2024-07-17T05:09:25.527+0000] {processor.py:830} INFO - Processing file /opt/airflow/dags/wikipedia_flow.py for tasks to queue
[2024-07-17T05:09:25.529+0000] {logging_mixin.py:188} INFO - [2024-07-17T05:09:25.528+0000] {dagbag.py:545} INFO - Filling up the DagBag from /opt/airflow/dags/wikipedia_flow.py
[2024-07-17T05:09:25.533+0000] {logging_mixin.py:188} INFO - /opt/airflow
[2024-07-17T05:09:26.281+0000] {processor.py:840} INFO - DAG(s) 'wikipedia_flow' retrieved from /opt/airflow/dags/wikipedia_flow.py
[2024-07-17T05:09:26.350+0000] {logging_mixin.py:188} INFO - [2024-07-17T05:09:26.349+0000] {dag.py:3096} INFO - Sync 1 DAGs
[2024-07-17T05:09:26.390+0000] {logging_mixin.py:188} INFO - [2024-07-17T05:09:26.389+0000] {dag.py:3954} INFO - Setting next_dagrun for wikipedia_flow to None, run_after=None
[2024-07-17T05:09:26.562+0000] {processor.py:183} INFO - Processing /opt/airflow/dags/wikipedia_flow.py took 1.056 seconds
[2024-07-17T05:09:57.536+0000] {processor.py:161} INFO - Started process (PID=31135) to work on /opt/airflow/dags/wikipedia_flow.py
[2024-07-17T05:09:57.566+0000] {processor.py:830} INFO - Processing file /opt/airflow/dags/wikipedia_flow.py for tasks to queue
[2024-07-17T05:09:57.568+0000] {logging_mixin.py:188} INFO - [2024-07-17T05:09:57.568+0000] {dagbag.py:545} INFO - Filling up the DagBag from /opt/airflow/dags/wikipedia_flow.py
[2024-07-17T05:09:57.586+0000] {logging_mixin.py:188} INFO - /opt/airflow
[2024-07-17T05:10:01.634+0000] {processor.py:840} INFO - DAG(s) 'wikipedia_flow' retrieved from /opt/airflow/dags/wikipedia_flow.py
[2024-07-17T05:10:01.943+0000] {logging_mixin.py:188} INFO - [2024-07-17T05:10:01.929+0000] {dag.py:3096} INFO - Sync 1 DAGs
[2024-07-17T05:10:01.983+0000] {logging_mixin.py:188} INFO - [2024-07-17T05:10:01.982+0000] {dag.py:3954} INFO - Setting next_dagrun for wikipedia_flow to None, run_after=None
[2024-07-17T05:10:02.089+0000] {processor.py:183} INFO - Processing /opt/airflow/dags/wikipedia_flow.py took 4.772 seconds
[2024-07-17T05:10:33.252+0000] {processor.py:161} INFO - Started process (PID=31151) to work on /opt/airflow/dags/wikipedia_flow.py
[2024-07-17T05:10:33.265+0000] {processor.py:830} INFO - Processing file /opt/airflow/dags/wikipedia_flow.py for tasks to queue
[2024-07-17T05:10:33.267+0000] {logging_mixin.py:188} INFO - [2024-07-17T05:10:33.267+0000] {dagbag.py:545} INFO - Filling up the DagBag from /opt/airflow/dags/wikipedia_flow.py
[2024-07-17T05:10:33.296+0000] {logging_mixin.py:188} INFO - /opt/airflow
[2024-07-17T05:10:36.813+0000] {processor.py:840} INFO - DAG(s) 'wikipedia_flow' retrieved from /opt/airflow/dags/wikipedia_flow.py
[2024-07-17T05:10:36.958+0000] {logging_mixin.py:188} INFO - [2024-07-17T05:10:36.953+0000] {dag.py:3096} INFO - Sync 1 DAGs
[2024-07-17T05:10:37.151+0000] {logging_mixin.py:188} INFO - [2024-07-17T05:10:37.150+0000] {dag.py:3954} INFO - Setting next_dagrun for wikipedia_flow to None, run_after=None
[2024-07-17T05:10:37.629+0000] {processor.py:183} INFO - Processing /opt/airflow/dags/wikipedia_flow.py took 4.493 seconds
[2024-07-17T05:11:07.884+0000] {processor.py:161} INFO - Started process (PID=31168) to work on /opt/airflow/dags/wikipedia_flow.py
[2024-07-17T05:11:07.901+0000] {processor.py:830} INFO - Processing file /opt/airflow/dags/wikipedia_flow.py for tasks to queue
[2024-07-17T05:11:07.904+0000] {logging_mixin.py:188} INFO - [2024-07-17T05:11:07.904+0000] {dagbag.py:545} INFO - Filling up the DagBag from /opt/airflow/dags/wikipedia_flow.py
[2024-07-17T05:11:07.908+0000] {logging_mixin.py:188} INFO - /opt/airflow
[2024-07-17T05:11:09.623+0000] {processor.py:840} INFO - DAG(s) 'wikipedia_flow' retrieved from /opt/airflow/dags/wikipedia_flow.py
[2024-07-17T05:11:09.735+0000] {logging_mixin.py:188} INFO - [2024-07-17T05:11:09.730+0000] {dag.py:3096} INFO - Sync 1 DAGs
[2024-07-17T05:11:09.778+0000] {logging_mixin.py:188} INFO - [2024-07-17T05:11:09.777+0000] {dag.py:3954} INFO - Setting next_dagrun for wikipedia_flow to None, run_after=None
[2024-07-17T05:11:09.961+0000] {processor.py:183} INFO - Processing /opt/airflow/dags/wikipedia_flow.py took 2.105 seconds
[2024-07-17T05:11:40.720+0000] {processor.py:161} INFO - Started process (PID=31185) to work on /opt/airflow/dags/wikipedia_flow.py
[2024-07-17T05:11:40.749+0000] {processor.py:830} INFO - Processing file /opt/airflow/dags/wikipedia_flow.py for tasks to queue
[2024-07-17T05:11:40.752+0000] {logging_mixin.py:188} INFO - [2024-07-17T05:11:40.751+0000] {dagbag.py:545} INFO - Filling up the DagBag from /opt/airflow/dags/wikipedia_flow.py
[2024-07-17T05:11:40.768+0000] {logging_mixin.py:188} INFO - /opt/airflow
[2024-07-17T05:11:47.474+0000] {processor.py:840} INFO - DAG(s) 'wikipedia_flow' retrieved from /opt/airflow/dags/wikipedia_flow.py
[2024-07-17T05:11:48.277+0000] {logging_mixin.py:188} INFO - [2024-07-17T05:11:48.275+0000] {dag.py:3096} INFO - Sync 1 DAGs
[2024-07-17T05:11:48.596+0000] {logging_mixin.py:188} INFO - [2024-07-17T05:11:48.582+0000] {dag.py:3954} INFO - Setting next_dagrun for wikipedia_flow to None, run_after=None
[2024-07-17T05:11:48.921+0000] {processor.py:183} INFO - Processing /opt/airflow/dags/wikipedia_flow.py took 8.365 seconds
[2024-07-17T05:12:19.214+0000] {processor.py:161} INFO - Started process (PID=31213) to work on /opt/airflow/dags/wikipedia_flow.py
[2024-07-17T05:12:19.228+0000] {processor.py:830} INFO - Processing file /opt/airflow/dags/wikipedia_flow.py for tasks to queue
[2024-07-17T05:12:19.232+0000] {logging_mixin.py:188} INFO - [2024-07-17T05:12:19.231+0000] {dagbag.py:545} INFO - Filling up the DagBag from /opt/airflow/dags/wikipedia_flow.py
[2024-07-17T05:12:19.245+0000] {logging_mixin.py:188} INFO - /opt/airflow
[2024-07-17T05:12:24.232+0000] {processor.py:840} INFO - DAG(s) 'wikipedia_flow' retrieved from /opt/airflow/dags/wikipedia_flow.py
[2024-07-17T05:12:24.635+0000] {logging_mixin.py:188} INFO - [2024-07-17T05:12:24.634+0000] {dag.py:3096} INFO - Sync 1 DAGs
[2024-07-17T05:12:25.061+0000] {logging_mixin.py:188} INFO - [2024-07-17T05:12:25.060+0000] {dag.py:3954} INFO - Setting next_dagrun for wikipedia_flow to None, run_after=None
[2024-07-17T05:12:25.501+0000] {processor.py:183} INFO - Processing /opt/airflow/dags/wikipedia_flow.py took 6.361 seconds
[2024-07-17T05:12:56.168+0000] {processor.py:161} INFO - Started process (PID=31230) to work on /opt/airflow/dags/wikipedia_flow.py
[2024-07-17T05:12:56.184+0000] {processor.py:830} INFO - Processing file /opt/airflow/dags/wikipedia_flow.py for tasks to queue
[2024-07-17T05:12:56.186+0000] {logging_mixin.py:188} INFO - [2024-07-17T05:12:56.186+0000] {dagbag.py:545} INFO - Filling up the DagBag from /opt/airflow/dags/wikipedia_flow.py
[2024-07-17T05:12:56.190+0000] {logging_mixin.py:188} INFO - /opt/airflow
[2024-07-17T05:12:57.016+0000] {processor.py:840} INFO - DAG(s) 'wikipedia_flow' retrieved from /opt/airflow/dags/wikipedia_flow.py
[2024-07-17T05:12:57.071+0000] {logging_mixin.py:188} INFO - [2024-07-17T05:12:57.067+0000] {dag.py:3096} INFO - Sync 1 DAGs
[2024-07-17T05:12:57.103+0000] {logging_mixin.py:188} INFO - [2024-07-17T05:12:57.103+0000] {dag.py:3954} INFO - Setting next_dagrun for wikipedia_flow to None, run_after=None
[2024-07-17T05:12:57.172+0000] {processor.py:183} INFO - Processing /opt/airflow/dags/wikipedia_flow.py took 1.028 seconds
[2024-07-17T05:13:27.413+0000] {processor.py:161} INFO - Started process (PID=31247) to work on /opt/airflow/dags/wikipedia_flow.py
[2024-07-17T05:13:27.424+0000] {processor.py:830} INFO - Processing file /opt/airflow/dags/wikipedia_flow.py for tasks to queue
[2024-07-17T05:13:27.425+0000] {logging_mixin.py:188} INFO - [2024-07-17T05:13:27.424+0000] {dagbag.py:545} INFO - Filling up the DagBag from /opt/airflow/dags/wikipedia_flow.py
[2024-07-17T05:13:27.428+0000] {logging_mixin.py:188} INFO - /opt/airflow
[2024-07-17T05:13:28.191+0000] {processor.py:840} INFO - DAG(s) 'wikipedia_flow' retrieved from /opt/airflow/dags/wikipedia_flow.py
[2024-07-17T05:13:28.240+0000] {logging_mixin.py:188} INFO - [2024-07-17T05:13:28.239+0000] {dag.py:3096} INFO - Sync 1 DAGs
[2024-07-17T05:13:28.261+0000] {logging_mixin.py:188} INFO - [2024-07-17T05:13:28.261+0000] {dag.py:3954} INFO - Setting next_dagrun for wikipedia_flow to None, run_after=None
[2024-07-17T05:13:28.321+0000] {processor.py:183} INFO - Processing /opt/airflow/dags/wikipedia_flow.py took 0.928 seconds
[2024-07-17T05:13:58.484+0000] {processor.py:161} INFO - Started process (PID=31264) to work on /opt/airflow/dags/wikipedia_flow.py
[2024-07-17T05:13:58.485+0000] {processor.py:830} INFO - Processing file /opt/airflow/dags/wikipedia_flow.py for tasks to queue
[2024-07-17T05:13:58.486+0000] {logging_mixin.py:188} INFO - [2024-07-17T05:13:58.486+0000] {dagbag.py:545} INFO - Filling up the DagBag from /opt/airflow/dags/wikipedia_flow.py
[2024-07-17T05:13:58.489+0000] {logging_mixin.py:188} INFO - /opt/airflow
[2024-07-17T05:13:59.148+0000] {processor.py:840} INFO - DAG(s) 'wikipedia_flow' retrieved from /opt/airflow/dags/wikipedia_flow.py
[2024-07-17T05:13:59.201+0000] {logging_mixin.py:188} INFO - [2024-07-17T05:13:59.200+0000] {dag.py:3096} INFO - Sync 1 DAGs
[2024-07-17T05:13:59.230+0000] {logging_mixin.py:188} INFO - [2024-07-17T05:13:59.229+0000] {dag.py:3954} INFO - Setting next_dagrun for wikipedia_flow to None, run_after=None
[2024-07-17T05:13:59.341+0000] {processor.py:183} INFO - Processing /opt/airflow/dags/wikipedia_flow.py took 0.876 seconds
[2024-07-17T05:14:30.217+0000] {processor.py:161} INFO - Started process (PID=31281) to work on /opt/airflow/dags/wikipedia_flow.py
[2024-07-17T05:14:30.300+0000] {processor.py:830} INFO - Processing file /opt/airflow/dags/wikipedia_flow.py for tasks to queue
[2024-07-17T05:14:30.302+0000] {logging_mixin.py:188} INFO - [2024-07-17T05:14:30.302+0000] {dagbag.py:545} INFO - Filling up the DagBag from /opt/airflow/dags/wikipedia_flow.py
[2024-07-17T05:14:30.307+0000] {logging_mixin.py:188} INFO - /opt/airflow
[2024-07-17T05:14:31.832+0000] {processor.py:840} INFO - DAG(s) 'wikipedia_flow' retrieved from /opt/airflow/dags/wikipedia_flow.py
[2024-07-17T05:14:31.929+0000] {logging_mixin.py:188} INFO - [2024-07-17T05:14:31.928+0000] {dag.py:3096} INFO - Sync 1 DAGs
[2024-07-17T05:14:31.987+0000] {logging_mixin.py:188} INFO - [2024-07-17T05:14:31.986+0000] {dag.py:3954} INFO - Setting next_dagrun for wikipedia_flow to None, run_after=None
[2024-07-17T05:14:32.171+0000] {processor.py:183} INFO - Processing /opt/airflow/dags/wikipedia_flow.py took 2.071 seconds
[2024-07-17T05:15:02.632+0000] {processor.py:161} INFO - Started process (PID=31299) to work on /opt/airflow/dags/wikipedia_flow.py
[2024-07-17T05:15:02.633+0000] {processor.py:830} INFO - Processing file /opt/airflow/dags/wikipedia_flow.py for tasks to queue
[2024-07-17T05:15:02.636+0000] {logging_mixin.py:188} INFO - [2024-07-17T05:15:02.635+0000] {dagbag.py:545} INFO - Filling up the DagBag from /opt/airflow/dags/wikipedia_flow.py
[2024-07-17T05:15:02.641+0000] {logging_mixin.py:188} INFO - /opt/airflow
[2024-07-17T05:15:04.226+0000] {processor.py:840} INFO - DAG(s) 'wikipedia_flow' retrieved from /opt/airflow/dags/wikipedia_flow.py
[2024-07-17T05:15:04.294+0000] {logging_mixin.py:188} INFO - [2024-07-17T05:15:04.293+0000] {dag.py:3096} INFO - Sync 1 DAGs
[2024-07-17T05:15:04.334+0000] {logging_mixin.py:188} INFO - [2024-07-17T05:15:04.334+0000] {dag.py:3954} INFO - Setting next_dagrun for wikipedia_flow to None, run_after=None
[2024-07-17T05:15:04.425+0000] {processor.py:183} INFO - Processing /opt/airflow/dags/wikipedia_flow.py took 1.888 seconds
[2024-07-17T05:15:34.541+0000] {processor.py:161} INFO - Started process (PID=31317) to work on /opt/airflow/dags/wikipedia_flow.py
[2024-07-17T05:15:34.564+0000] {processor.py:830} INFO - Processing file /opt/airflow/dags/wikipedia_flow.py for tasks to queue
[2024-07-17T05:15:34.566+0000] {logging_mixin.py:188} INFO - [2024-07-17T05:15:34.565+0000] {dagbag.py:545} INFO - Filling up the DagBag from /opt/airflow/dags/wikipedia_flow.py
[2024-07-17T05:15:34.569+0000] {logging_mixin.py:188} INFO - /opt/airflow
[2024-07-17T05:15:35.630+0000] {processor.py:840} INFO - DAG(s) 'wikipedia_flow' retrieved from /opt/airflow/dags/wikipedia_flow.py
[2024-07-17T05:15:35.700+0000] {logging_mixin.py:188} INFO - [2024-07-17T05:15:35.699+0000] {dag.py:3096} INFO - Sync 1 DAGs
[2024-07-17T05:15:35.747+0000] {logging_mixin.py:188} INFO - [2024-07-17T05:15:35.747+0000] {dag.py:3954} INFO - Setting next_dagrun for wikipedia_flow to None, run_after=None
[2024-07-17T05:15:35.858+0000] {processor.py:183} INFO - Processing /opt/airflow/dags/wikipedia_flow.py took 1.340 seconds
[2024-07-17T05:16:06.200+0000] {processor.py:161} INFO - Started process (PID=31334) to work on /opt/airflow/dags/wikipedia_flow.py
[2024-07-17T05:16:06.279+0000] {processor.py:830} INFO - Processing file /opt/airflow/dags/wikipedia_flow.py for tasks to queue
[2024-07-17T05:16:06.283+0000] {logging_mixin.py:188} INFO - [2024-07-17T05:16:06.283+0000] {dagbag.py:545} INFO - Filling up the DagBag from /opt/airflow/dags/wikipedia_flow.py
[2024-07-17T05:16:06.288+0000] {logging_mixin.py:188} INFO - /opt/airflow
[2024-07-17T05:16:07.659+0000] {processor.py:840} INFO - DAG(s) 'wikipedia_flow' retrieved from /opt/airflow/dags/wikipedia_flow.py
[2024-07-17T05:16:07.840+0000] {logging_mixin.py:188} INFO - [2024-07-17T05:16:07.839+0000] {dag.py:3096} INFO - Sync 1 DAGs
[2024-07-17T05:16:07.898+0000] {logging_mixin.py:188} INFO - [2024-07-17T05:16:07.897+0000] {dag.py:3954} INFO - Setting next_dagrun for wikipedia_flow to None, run_after=None
[2024-07-17T05:16:08.283+0000] {processor.py:183} INFO - Processing /opt/airflow/dags/wikipedia_flow.py took 2.130 seconds
[2024-07-17T05:16:38.789+0000] {processor.py:161} INFO - Started process (PID=31351) to work on /opt/airflow/dags/wikipedia_flow.py
[2024-07-17T05:16:38.792+0000] {processor.py:830} INFO - Processing file /opt/airflow/dags/wikipedia_flow.py for tasks to queue
[2024-07-17T05:16:38.801+0000] {logging_mixin.py:188} INFO - [2024-07-17T05:16:38.793+0000] {dagbag.py:545} INFO - Filling up the DagBag from /opt/airflow/dags/wikipedia_flow.py
[2024-07-17T05:16:38.807+0000] {logging_mixin.py:188} INFO - /opt/airflow
[2024-07-17T05:16:40.434+0000] {processor.py:840} INFO - DAG(s) 'wikipedia_flow' retrieved from /opt/airflow/dags/wikipedia_flow.py
[2024-07-17T05:16:40.619+0000] {logging_mixin.py:188} INFO - [2024-07-17T05:16:40.617+0000] {dag.py:3096} INFO - Sync 1 DAGs
[2024-07-17T05:16:40.727+0000] {logging_mixin.py:188} INFO - [2024-07-17T05:16:40.726+0000] {dag.py:3954} INFO - Setting next_dagrun for wikipedia_flow to None, run_after=None
[2024-07-17T05:16:40.899+0000] {processor.py:183} INFO - Processing /opt/airflow/dags/wikipedia_flow.py took 2.141 seconds
[2024-07-17T05:17:11.405+0000] {processor.py:161} INFO - Started process (PID=31369) to work on /opt/airflow/dags/wikipedia_flow.py
[2024-07-17T05:17:11.421+0000] {processor.py:830} INFO - Processing file /opt/airflow/dags/wikipedia_flow.py for tasks to queue
[2024-07-17T05:17:11.426+0000] {logging_mixin.py:188} INFO - [2024-07-17T05:17:11.423+0000] {dagbag.py:545} INFO - Filling up the DagBag from /opt/airflow/dags/wikipedia_flow.py
[2024-07-17T05:17:11.430+0000] {logging_mixin.py:188} INFO - /opt/airflow
[2024-07-17T05:17:14.114+0000] {processor.py:840} INFO - DAG(s) 'wikipedia_flow' retrieved from /opt/airflow/dags/wikipedia_flow.py
[2024-07-17T05:17:14.247+0000] {logging_mixin.py:188} INFO - [2024-07-17T05:17:14.246+0000] {dag.py:3096} INFO - Sync 1 DAGs
[2024-07-17T05:17:14.355+0000] {logging_mixin.py:188} INFO - [2024-07-17T05:17:14.354+0000] {dag.py:3954} INFO - Setting next_dagrun for wikipedia_flow to None, run_after=None
[2024-07-17T05:17:14.597+0000] {processor.py:183} INFO - Processing /opt/airflow/dags/wikipedia_flow.py took 3.276 seconds
[2024-07-17T05:17:45.451+0000] {processor.py:161} INFO - Started process (PID=31385) to work on /opt/airflow/dags/wikipedia_flow.py
[2024-07-17T05:17:45.463+0000] {processor.py:830} INFO - Processing file /opt/airflow/dags/wikipedia_flow.py for tasks to queue
[2024-07-17T05:17:45.465+0000] {logging_mixin.py:188} INFO - [2024-07-17T05:17:45.464+0000] {dagbag.py:545} INFO - Filling up the DagBag from /opt/airflow/dags/wikipedia_flow.py
[2024-07-17T05:17:45.474+0000] {logging_mixin.py:188} INFO - /opt/airflow
[2024-07-17T05:17:48.204+0000] {processor.py:840} INFO - DAG(s) 'wikipedia_flow' retrieved from /opt/airflow/dags/wikipedia_flow.py
[2024-07-17T05:17:48.474+0000] {logging_mixin.py:188} INFO - [2024-07-17T05:17:48.462+0000] {dag.py:3096} INFO - Sync 1 DAGs
[2024-07-17T05:17:48.655+0000] {logging_mixin.py:188} INFO - [2024-07-17T05:17:48.654+0000] {dag.py:3954} INFO - Setting next_dagrun for wikipedia_flow to None, run_after=None
[2024-07-17T05:17:49.176+0000] {processor.py:183} INFO - Processing /opt/airflow/dags/wikipedia_flow.py took 3.875 seconds
[2024-07-17T05:18:19.879+0000] {processor.py:161} INFO - Started process (PID=31402) to work on /opt/airflow/dags/wikipedia_flow.py
[2024-07-17T05:18:19.950+0000] {processor.py:830} INFO - Processing file /opt/airflow/dags/wikipedia_flow.py for tasks to queue
[2024-07-17T05:18:19.952+0000] {logging_mixin.py:188} INFO - [2024-07-17T05:18:19.951+0000] {dagbag.py:545} INFO - Filling up the DagBag from /opt/airflow/dags/wikipedia_flow.py
[2024-07-17T05:18:19.959+0000] {logging_mixin.py:188} INFO - /opt/airflow
[2024-07-17T05:18:23.047+0000] {processor.py:840} INFO - DAG(s) 'wikipedia_flow' retrieved from /opt/airflow/dags/wikipedia_flow.py
[2024-07-17T05:18:23.206+0000] {logging_mixin.py:188} INFO - [2024-07-17T05:18:23.199+0000] {dag.py:3096} INFO - Sync 1 DAGs
[2024-07-17T05:18:23.356+0000] {logging_mixin.py:188} INFO - [2024-07-17T05:18:23.355+0000] {dag.py:3954} INFO - Setting next_dagrun for wikipedia_flow to None, run_after=None
[2024-07-17T05:18:23.791+0000] {processor.py:183} INFO - Processing /opt/airflow/dags/wikipedia_flow.py took 4.003 seconds
[2024-07-17T05:18:54.687+0000] {processor.py:161} INFO - Started process (PID=31425) to work on /opt/airflow/dags/wikipedia_flow.py
[2024-07-17T05:18:54.730+0000] {processor.py:830} INFO - Processing file /opt/airflow/dags/wikipedia_flow.py for tasks to queue
[2024-07-17T05:18:54.732+0000] {logging_mixin.py:188} INFO - [2024-07-17T05:18:54.731+0000] {dagbag.py:545} INFO - Filling up the DagBag from /opt/airflow/dags/wikipedia_flow.py
[2024-07-17T05:18:54.737+0000] {logging_mixin.py:188} INFO - /opt/airflow
[2024-07-17T05:18:57.679+0000] {processor.py:840} INFO - DAG(s) 'wikipedia_flow' retrieved from /opt/airflow/dags/wikipedia_flow.py
[2024-07-17T05:18:57.911+0000] {logging_mixin.py:188} INFO - [2024-07-17T05:18:57.880+0000] {dag.py:3096} INFO - Sync 1 DAGs
[2024-07-17T05:18:57.990+0000] {logging_mixin.py:188} INFO - [2024-07-17T05:18:57.989+0000] {dag.py:3954} INFO - Setting next_dagrun for wikipedia_flow to None, run_after=None
[2024-07-17T05:18:58.180+0000] {processor.py:183} INFO - Processing /opt/airflow/dags/wikipedia_flow.py took 3.578 seconds
[2024-07-17T05:19:28.952+0000] {processor.py:161} INFO - Started process (PID=31441) to work on /opt/airflow/dags/wikipedia_flow.py
[2024-07-17T05:19:28.956+0000] {processor.py:830} INFO - Processing file /opt/airflow/dags/wikipedia_flow.py for tasks to queue
[2024-07-17T05:19:28.961+0000] {logging_mixin.py:188} INFO - [2024-07-17T05:19:28.960+0000] {dagbag.py:545} INFO - Filling up the DagBag from /opt/airflow/dags/wikipedia_flow.py
[2024-07-17T05:19:28.967+0000] {logging_mixin.py:188} INFO - /opt/airflow
[2024-07-17T05:19:30.654+0000] {processor.py:840} INFO - DAG(s) 'wikipedia_flow' retrieved from /opt/airflow/dags/wikipedia_flow.py
[2024-07-17T05:19:30.743+0000] {logging_mixin.py:188} INFO - [2024-07-17T05:19:30.741+0000] {dag.py:3096} INFO - Sync 1 DAGs
[2024-07-17T05:19:30.799+0000] {logging_mixin.py:188} INFO - [2024-07-17T05:19:30.799+0000] {dag.py:3954} INFO - Setting next_dagrun for wikipedia_flow to None, run_after=None
[2024-07-17T05:19:31.014+0000] {processor.py:183} INFO - Processing /opt/airflow/dags/wikipedia_flow.py took 2.121 seconds
[2024-07-17T05:20:01.654+0000] {processor.py:161} INFO - Started process (PID=31459) to work on /opt/airflow/dags/wikipedia_flow.py
[2024-07-17T05:20:01.700+0000] {processor.py:830} INFO - Processing file /opt/airflow/dags/wikipedia_flow.py for tasks to queue
[2024-07-17T05:20:01.713+0000] {logging_mixin.py:188} INFO - [2024-07-17T05:20:01.706+0000] {dagbag.py:545} INFO - Filling up the DagBag from /opt/airflow/dags/wikipedia_flow.py
[2024-07-17T05:20:01.742+0000] {logging_mixin.py:188} INFO - /opt/airflow
[2024-07-17T05:20:05.048+0000] {processor.py:840} INFO - DAG(s) 'wikipedia_flow' retrieved from /opt/airflow/dags/wikipedia_flow.py
[2024-07-17T05:20:05.177+0000] {logging_mixin.py:188} INFO - [2024-07-17T05:20:05.175+0000] {dag.py:3096} INFO - Sync 1 DAGs
[2024-07-17T05:20:05.333+0000] {logging_mixin.py:188} INFO - [2024-07-17T05:20:05.332+0000] {dag.py:3954} INFO - Setting next_dagrun for wikipedia_flow to None, run_after=None
[2024-07-17T05:20:05.678+0000] {processor.py:183} INFO - Processing /opt/airflow/dags/wikipedia_flow.py took 4.137 seconds
[2024-07-17T05:20:36.380+0000] {processor.py:161} INFO - Started process (PID=31480) to work on /opt/airflow/dags/wikipedia_flow.py
[2024-07-17T05:20:36.383+0000] {processor.py:830} INFO - Processing file /opt/airflow/dags/wikipedia_flow.py for tasks to queue
[2024-07-17T05:20:36.390+0000] {logging_mixin.py:188} INFO - [2024-07-17T05:20:36.386+0000] {dagbag.py:545} INFO - Filling up the DagBag from /opt/airflow/dags/wikipedia_flow.py
[2024-07-17T05:20:36.395+0000] {logging_mixin.py:188} INFO - /opt/airflow
[2024-07-17T05:20:38.737+0000] {processor.py:840} INFO - DAG(s) 'wikipedia_flow' retrieved from /opt/airflow/dags/wikipedia_flow.py
[2024-07-17T05:20:38.855+0000] {logging_mixin.py:188} INFO - [2024-07-17T05:20:38.850+0000] {dag.py:3096} INFO - Sync 1 DAGs
[2024-07-17T05:20:38.921+0000] {logging_mixin.py:188} INFO - [2024-07-17T05:20:38.920+0000] {dag.py:3954} INFO - Setting next_dagrun for wikipedia_flow to None, run_after=None
[2024-07-17T05:20:39.136+0000] {processor.py:183} INFO - Processing /opt/airflow/dags/wikipedia_flow.py took 2.809 seconds
[2024-07-17T05:21:09.327+0000] {processor.py:161} INFO - Started process (PID=31497) to work on /opt/airflow/dags/wikipedia_flow.py
[2024-07-17T05:21:09.350+0000] {processor.py:830} INFO - Processing file /opt/airflow/dags/wikipedia_flow.py for tasks to queue
[2024-07-17T05:21:09.379+0000] {logging_mixin.py:188} INFO - [2024-07-17T05:21:09.360+0000] {dagbag.py:545} INFO - Filling up the DagBag from /opt/airflow/dags/wikipedia_flow.py
[2024-07-17T05:21:09.384+0000] {logging_mixin.py:188} INFO - /opt/airflow
[2024-07-17T05:21:11.144+0000] {processor.py:840} INFO - DAG(s) 'wikipedia_flow' retrieved from /opt/airflow/dags/wikipedia_flow.py
[2024-07-17T05:21:11.251+0000] {logging_mixin.py:188} INFO - [2024-07-17T05:21:11.249+0000] {dag.py:3096} INFO - Sync 1 DAGs
[2024-07-17T05:21:11.325+0000] {logging_mixin.py:188} INFO - [2024-07-17T05:21:11.324+0000] {dag.py:3954} INFO - Setting next_dagrun for wikipedia_flow to None, run_after=None
[2024-07-17T05:21:11.642+0000] {processor.py:183} INFO - Processing /opt/airflow/dags/wikipedia_flow.py took 2.354 seconds
[2024-07-17T05:21:42.013+0000] {processor.py:161} INFO - Started process (PID=31514) to work on /opt/airflow/dags/wikipedia_flow.py
[2024-07-17T05:21:42.016+0000] {processor.py:830} INFO - Processing file /opt/airflow/dags/wikipedia_flow.py for tasks to queue
[2024-07-17T05:21:42.018+0000] {logging_mixin.py:188} INFO - [2024-07-17T05:21:42.018+0000] {dagbag.py:545} INFO - Filling up the DagBag from /opt/airflow/dags/wikipedia_flow.py
[2024-07-17T05:21:42.023+0000] {logging_mixin.py:188} INFO - /opt/airflow
[2024-07-17T05:21:43.530+0000] {processor.py:840} INFO - DAG(s) 'wikipedia_flow' retrieved from /opt/airflow/dags/wikipedia_flow.py
[2024-07-17T05:21:43.633+0000] {logging_mixin.py:188} INFO - [2024-07-17T05:21:43.632+0000] {dag.py:3096} INFO - Sync 1 DAGs
[2024-07-17T05:21:43.730+0000] {logging_mixin.py:188} INFO - [2024-07-17T05:21:43.729+0000] {dag.py:3954} INFO - Setting next_dagrun for wikipedia_flow to None, run_after=None
[2024-07-17T05:21:43.904+0000] {processor.py:183} INFO - Processing /opt/airflow/dags/wikipedia_flow.py took 1.927 seconds
[2024-07-17T05:22:14.480+0000] {processor.py:161} INFO - Started process (PID=31531) to work on /opt/airflow/dags/wikipedia_flow.py
[2024-07-17T05:22:14.482+0000] {processor.py:830} INFO - Processing file /opt/airflow/dags/wikipedia_flow.py for tasks to queue
[2024-07-17T05:22:14.484+0000] {logging_mixin.py:188} INFO - [2024-07-17T05:22:14.483+0000] {dagbag.py:545} INFO - Filling up the DagBag from /opt/airflow/dags/wikipedia_flow.py
[2024-07-17T05:22:14.488+0000] {logging_mixin.py:188} INFO - /opt/airflow
[2024-07-17T05:22:15.454+0000] {processor.py:840} INFO - DAG(s) 'wikipedia_flow' retrieved from /opt/airflow/dags/wikipedia_flow.py
[2024-07-17T05:22:15.566+0000] {logging_mixin.py:188} INFO - [2024-07-17T05:22:15.564+0000] {dag.py:3096} INFO - Sync 1 DAGs
[2024-07-17T05:22:15.611+0000] {logging_mixin.py:188} INFO - [2024-07-17T05:22:15.608+0000] {dag.py:3954} INFO - Setting next_dagrun for wikipedia_flow to None, run_after=None
[2024-07-17T05:22:15.801+0000] {processor.py:183} INFO - Processing /opt/airflow/dags/wikipedia_flow.py took 1.345 seconds
[2024-07-17T05:22:46.351+0000] {processor.py:161} INFO - Started process (PID=31547) to work on /opt/airflow/dags/wikipedia_flow.py
[2024-07-17T05:22:46.380+0000] {processor.py:830} INFO - Processing file /opt/airflow/dags/wikipedia_flow.py for tasks to queue
[2024-07-17T05:22:46.383+0000] {logging_mixin.py:188} INFO - [2024-07-17T05:22:46.382+0000] {dagbag.py:545} INFO - Filling up the DagBag from /opt/airflow/dags/wikipedia_flow.py
[2024-07-17T05:22:46.390+0000] {logging_mixin.py:188} INFO - /opt/airflow
[2024-07-17T05:22:47.872+0000] {processor.py:840} INFO - DAG(s) 'wikipedia_flow' retrieved from /opt/airflow/dags/wikipedia_flow.py
[2024-07-17T05:22:47.939+0000] {logging_mixin.py:188} INFO - [2024-07-17T05:22:47.937+0000] {dag.py:3096} INFO - Sync 1 DAGs
[2024-07-17T05:22:47.973+0000] {logging_mixin.py:188} INFO - [2024-07-17T05:22:47.973+0000] {dag.py:3954} INFO - Setting next_dagrun for wikipedia_flow to None, run_after=None
[2024-07-17T05:22:48.107+0000] {processor.py:183} INFO - Processing /opt/airflow/dags/wikipedia_flow.py took 1.833 seconds
[2024-07-17T05:23:18.576+0000] {processor.py:161} INFO - Started process (PID=31564) to work on /opt/airflow/dags/wikipedia_flow.py
[2024-07-17T05:23:18.578+0000] {processor.py:830} INFO - Processing file /opt/airflow/dags/wikipedia_flow.py for tasks to queue
[2024-07-17T05:23:18.582+0000] {logging_mixin.py:188} INFO - [2024-07-17T05:23:18.580+0000] {dagbag.py:545} INFO - Filling up the DagBag from /opt/airflow/dags/wikipedia_flow.py
[2024-07-17T05:23:18.599+0000] {logging_mixin.py:188} INFO - /opt/airflow
[2024-07-17T05:23:20.894+0000] {processor.py:840} INFO - DAG(s) 'wikipedia_flow' retrieved from /opt/airflow/dags/wikipedia_flow.py
[2024-07-17T05:23:21.118+0000] {logging_mixin.py:188} INFO - [2024-07-17T05:23:21.110+0000] {dag.py:3096} INFO - Sync 1 DAGs
[2024-07-17T05:23:21.303+0000] {logging_mixin.py:188} INFO - [2024-07-17T05:23:21.255+0000] {dag.py:3954} INFO - Setting next_dagrun for wikipedia_flow to None, run_after=None
[2024-07-17T05:23:21.670+0000] {processor.py:183} INFO - Processing /opt/airflow/dags/wikipedia_flow.py took 3.210 seconds
[2024-07-17T05:23:52.560+0000] {processor.py:161} INFO - Started process (PID=31581) to work on /opt/airflow/dags/wikipedia_flow.py
[2024-07-17T05:23:52.621+0000] {processor.py:830} INFO - Processing file /opt/airflow/dags/wikipedia_flow.py for tasks to queue
[2024-07-17T05:23:52.625+0000] {logging_mixin.py:188} INFO - [2024-07-17T05:23:52.623+0000] {dagbag.py:545} INFO - Filling up the DagBag from /opt/airflow/dags/wikipedia_flow.py
[2024-07-17T05:23:52.632+0000] {logging_mixin.py:188} INFO - /opt/airflow
[2024-07-17T05:23:58.696+0000] {processor.py:840} INFO - DAG(s) 'wikipedia_flow' retrieved from /opt/airflow/dags/wikipedia_flow.py
[2024-07-17T05:23:59.092+0000] {logging_mixin.py:188} INFO - [2024-07-17T05:23:59.090+0000] {dag.py:3096} INFO - Sync 1 DAGs
[2024-07-17T05:23:59.354+0000] {logging_mixin.py:188} INFO - [2024-07-17T05:23:59.354+0000] {dag.py:3954} INFO - Setting next_dagrun for wikipedia_flow to None, run_after=None
[2024-07-17T05:23:59.855+0000] {processor.py:183} INFO - Processing /opt/airflow/dags/wikipedia_flow.py took 7.551 seconds
[2024-07-17T05:24:30.289+0000] {processor.py:161} INFO - Started process (PID=31604) to work on /opt/airflow/dags/wikipedia_flow.py
[2024-07-17T05:24:30.303+0000] {processor.py:830} INFO - Processing file /opt/airflow/dags/wikipedia_flow.py for tasks to queue
[2024-07-17T05:24:30.306+0000] {logging_mixin.py:188} INFO - [2024-07-17T05:24:30.305+0000] {dagbag.py:545} INFO - Filling up the DagBag from /opt/airflow/dags/wikipedia_flow.py
[2024-07-17T05:24:30.322+0000] {logging_mixin.py:188} INFO - /opt/airflow
[2024-07-17T05:24:34.685+0000] {processor.py:840} INFO - DAG(s) 'wikipedia_flow' retrieved from /opt/airflow/dags/wikipedia_flow.py
[2024-07-17T05:24:34.967+0000] {logging_mixin.py:188} INFO - [2024-07-17T05:24:34.966+0000] {dag.py:3096} INFO - Sync 1 DAGs
[2024-07-17T05:24:35.279+0000] {logging_mixin.py:188} INFO - [2024-07-17T05:24:35.278+0000] {dag.py:3954} INFO - Setting next_dagrun for wikipedia_flow to None, run_after=None
[2024-07-17T05:24:35.621+0000] {processor.py:183} INFO - Processing /opt/airflow/dags/wikipedia_flow.py took 5.501 seconds
[2024-07-17T05:25:05.916+0000] {processor.py:161} INFO - Started process (PID=31621) to work on /opt/airflow/dags/wikipedia_flow.py
[2024-07-17T05:25:05.942+0000] {processor.py:830} INFO - Processing file /opt/airflow/dags/wikipedia_flow.py for tasks to queue
[2024-07-17T05:25:05.950+0000] {logging_mixin.py:188} INFO - [2024-07-17T05:25:05.948+0000] {dagbag.py:545} INFO - Filling up the DagBag from /opt/airflow/dags/wikipedia_flow.py
[2024-07-17T05:25:05.960+0000] {logging_mixin.py:188} INFO - /opt/airflow
[2024-07-17T05:25:07.985+0000] {processor.py:840} INFO - DAG(s) 'wikipedia_flow' retrieved from /opt/airflow/dags/wikipedia_flow.py
[2024-07-17T05:25:08.074+0000] {logging_mixin.py:188} INFO - [2024-07-17T05:25:08.059+0000] {dag.py:3096} INFO - Sync 1 DAGs
[2024-07-17T05:25:08.163+0000] {logging_mixin.py:188} INFO - [2024-07-17T05:25:08.162+0000] {dag.py:3954} INFO - Setting next_dagrun for wikipedia_flow to None, run_after=None
[2024-07-17T05:25:08.522+0000] {processor.py:183} INFO - Processing /opt/airflow/dags/wikipedia_flow.py took 2.665 seconds
[2024-07-17T05:25:39.019+0000] {processor.py:161} INFO - Started process (PID=31638) to work on /opt/airflow/dags/wikipedia_flow.py
[2024-07-17T05:25:39.042+0000] {processor.py:830} INFO - Processing file /opt/airflow/dags/wikipedia_flow.py for tasks to queue
[2024-07-17T05:25:39.044+0000] {logging_mixin.py:188} INFO - [2024-07-17T05:25:39.044+0000] {dagbag.py:545} INFO - Filling up the DagBag from /opt/airflow/dags/wikipedia_flow.py
[2024-07-17T05:25:39.049+0000] {logging_mixin.py:188} INFO - /opt/airflow
[2024-07-17T05:25:40.086+0000] {processor.py:840} INFO - DAG(s) 'wikipedia_flow' retrieved from /opt/airflow/dags/wikipedia_flow.py
[2024-07-17T05:25:40.153+0000] {logging_mixin.py:188} INFO - [2024-07-17T05:25:40.151+0000] {dag.py:3096} INFO - Sync 1 DAGs
[2024-07-17T05:25:40.265+0000] {logging_mixin.py:188} INFO - [2024-07-17T05:25:40.264+0000] {dag.py:3954} INFO - Setting next_dagrun for wikipedia_flow to None, run_after=None
[2024-07-17T05:25:40.516+0000] {processor.py:183} INFO - Processing /opt/airflow/dags/wikipedia_flow.py took 1.533 seconds
