[2024-06-18T16:36:04.795+0000] {local_task_job_runner.py:120} INFO - ::group::Pre task execution logs
[2024-06-18T16:36:04.990+0000] {taskinstance.py:2076} INFO - Dependencies all met for dep_context=non-requeueable deps ti=<TaskInstance: orefirst_dag.first_task manual__2024-06-18T16:36:02.173598+00:00 [queued]>
[2024-06-18T16:36:05.040+0000] {taskinstance.py:2076} INFO - Dependencies all met for dep_context=requeueable deps ti=<TaskInstance: orefirst_dag.first_task manual__2024-06-18T16:36:02.173598+00:00 [queued]>
[2024-06-18T16:36:05.041+0000] {taskinstance.py:2306} INFO - Starting attempt 1 of 6
[2024-06-18T16:36:05.300+0000] {taskinstance.py:2330} INFO - Executing <Task(BashOperator): first_task> on 2024-06-18 16:36:02.173598+00:00
[2024-06-18T16:36:05.320+0000] {standard_task_runner.py:90} INFO - Running: ['***', 'tasks', 'run', 'orefirst_dag', 'first_task', 'manual__2024-06-18T16:36:02.173598+00:00', '--job-id', '5', '--raw', '--subdir', 'DAGS_FOLDER/ourfirst_dag.py', '--cfg-path', '/tmp/tmp0tkbifvb']
[2024-06-18T16:36:05.326+0000] {standard_task_runner.py:91} INFO - Job 5: Subtask first_task
[2024-06-18T16:36:05.341+0000] {logging_mixin.py:188} WARNING - /home/***/.local/lib/python3.12/site-packages/***/task/task_runner/standard_task_runner.py:61 DeprecationWarning: This process (pid=2270) is multi-threaded, use of fork() may lead to deadlocks in the child.
[2024-06-18T16:36:05.342+0000] {standard_task_runner.py:63} INFO - Started process 2278 to run task
[2024-06-18T16:36:05.515+0000] {task_command.py:426} INFO - Running <TaskInstance: orefirst_dag.first_task manual__2024-06-18T16:36:02.173598+00:00 [running]> on host 94e1e91ab96d
[2024-06-18T16:36:06.229+0000] {taskinstance.py:2648} INFO - Exporting env vars: AIRFLOW_CTX_DAG_OWNER='ayush' AIRFLOW_CTX_DAG_ID='orefirst_dag' AIRFLOW_CTX_TASK_ID='first_task' AIRFLOW_CTX_EXECUTION_DATE='2024-06-18T16:36:02.173598+00:00' AIRFLOW_CTX_TRY_NUMBER='1' AIRFLOW_CTX_DAG_RUN_ID='manual__2024-06-18T16:36:02.173598+00:00'
[2024-06-18T16:36:06.231+0000] {taskinstance.py:430} INFO - ::endgroup::
[2024-06-18T16:36:06.272+0000] {subprocess.py:63} INFO - Tmp dir root location: /tmp
[2024-06-18T16:36:06.274+0000] {subprocess.py:75} INFO - Running command: ['/usr/bin/bash', '-c', "echo 'hello world, this is the first task!'"]
[2024-06-18T16:36:06.287+0000] {subprocess.py:86} INFO - Output:
[2024-06-18T16:36:06.291+0000] {subprocess.py:93} INFO - hello world, this is the first task!
[2024-06-18T16:36:06.292+0000] {subprocess.py:97} INFO - Command exited with return code 0
[2024-06-18T16:36:06.293+0000] {taskinstance.py:441} INFO - ::group::Post task execution logs
[2024-06-18T16:36:06.885+0000] {taskinstance.py:1206} INFO - Marking task as SUCCESS. dag_id=orefirst_dag, task_id=first_task, run_id=manual__2024-06-18T16:36:02.173598+00:00, execution_date=20240618T163602, start_date=20240618T163604, end_date=20240618T163606
[2024-06-18T16:36:07.094+0000] {local_task_job_runner.py:240} INFO - Task exited with return code 0
[2024-06-18T16:36:07.182+0000] {taskinstance.py:3498} INFO - 0 downstream tasks scheduled from follow-on schedule check
[2024-06-18T16:36:07.287+0000] {local_task_job_runner.py:222} INFO - ::endgroup::
