[2024-06-19T03:07:09.980+0000] {local_task_job_runner.py:120} INFO - ::group::Pre task execution logs
[2024-06-19T03:07:10.149+0000] {taskinstance.py:2076} INFO - Dependencies all met for dep_context=non-requeueable deps ti=<TaskInstance: wikipedia_flow.extract_data_from_wikipedia manual__2024-06-19T03:07:08.673683+00:00 [queued]>
[2024-06-19T03:07:10.195+0000] {taskinstance.py:2076} INFO - Dependencies all met for dep_context=requeueable deps ti=<TaskInstance: wikipedia_flow.extract_data_from_wikipedia manual__2024-06-19T03:07:08.673683+00:00 [queued]>
[2024-06-19T03:07:10.196+0000] {taskinstance.py:2306} INFO - Starting attempt 1 of 1
[2024-06-19T03:07:10.458+0000] {taskinstance.py:2330} INFO - Executing <Task(PythonOperator): extract_data_from_wikipedia> on 2024-06-19 03:07:08.673683+00:00
[2024-06-19T03:07:10.495+0000] {standard_task_runner.py:90} INFO - Running: ['***', 'tasks', 'run', 'wikipedia_flow', 'extract_data_from_wikipedia', 'manual__2024-06-19T03:07:08.673683+00:00', '--job-id', '18', '--raw', '--subdir', 'DAGS_FOLDER/wikipedia_flow.py', '--cfg-path', '/tmp/tmpanuyiqx5']
[2024-06-19T03:07:10.515+0000] {standard_task_runner.py:91} INFO - Job 18: Subtask extract_data_from_wikipedia
[2024-06-19T03:07:10.524+0000] {logging_mixin.py:188} WARNING - /home/***/.local/lib/python3.12/site-packages/***/task/task_runner/standard_task_runner.py:61 DeprecationWarning: This process (pid=8804) is multi-threaded, use of fork() may lead to deadlocks in the child.
[2024-06-19T03:07:10.526+0000] {standard_task_runner.py:63} INFO - Started process 8805 to run task
[2024-06-19T03:07:10.725+0000] {task_command.py:426} INFO - Running <TaskInstance: wikipedia_flow.extract_data_from_wikipedia manual__2024-06-19T03:07:08.673683+00:00 [running]> on host 94e1e91ab96d
[2024-06-19T03:07:11.403+0000] {taskinstance.py:2648} INFO - Exporting env vars: AIRFLOW_CTX_DAG_OWNER='Ayush Goswami' AIRFLOW_CTX_DAG_ID='wikipedia_flow' AIRFLOW_CTX_TASK_ID='extract_data_from_wikipedia' AIRFLOW_CTX_EXECUTION_DATE='2024-06-19T03:07:08.673683+00:00' AIRFLOW_CTX_TRY_NUMBER='1' AIRFLOW_CTX_DAG_RUN_ID='manual__2024-06-19T03:07:08.673683+00:00'
[2024-06-19T03:07:11.407+0000] {taskinstance.py:430} INFO - ::endgroup::
[2024-06-19T03:07:12.620+0000] {logging_mixin.py:188} INFO - Getting wiki page https://en.wikipedia.org/wiki/List_of_association_football_stadiums_by_capacity
[2024-06-19T03:07:14.674+0000] {taskinstance.py:441} INFO - ::group::Post task execution logs
[2024-06-19T03:07:14.674+0000] {taskinstance.py:2905} ERROR - Task failed with exception
Traceback (most recent call last):
  File "/home/airflow/.local/lib/python3.12/site-packages/airflow/models/taskinstance.py", line 465, in _execute_task
    result = _execute_callable(context=context, **execute_callable_kwargs)
             ^^^^^^^^^^^^^^^^^^^^^^^^^^^^^^^^^^^^^^^^^^^^^^^^^^^^^^^^^^^^^
  File "/home/airflow/.local/lib/python3.12/site-packages/airflow/models/taskinstance.py", line 432, in _execute_callable
    return execute_callable(context=context, **execute_callable_kwargs)
           ^^^^^^^^^^^^^^^^^^^^^^^^^^^^^^^^^^^^^^^^^^^^^^^^^^^^^^^^^^^^
  File "/home/airflow/.local/lib/python3.12/site-packages/airflow/models/baseoperator.py", line 400, in wrapper
    return func(self, *args, **kwargs)
           ^^^^^^^^^^^^^^^^^^^^^^^^^^^
  File "/home/airflow/.local/lib/python3.12/site-packages/airflow/operators/python.py", line 235, in execute
    return_value = self.execute_callable()
                   ^^^^^^^^^^^^^^^^^^^^^^^
  File "/home/airflow/.local/lib/python3.12/site-packages/airflow/operators/python.py", line 252, in execute_callable
    return self.python_callable(*self.op_args, **self.op_kwargs)
           ^^^^^^^^^^^^^^^^^^^^^^^^^^^^^^^^^^^^^^^^^^^^^^^^^^^^^
  File "/opt/airflow/dags/pipeline/wikipedia_pipeline.py", line 42, in extract_wikipedia_data
    data_df.to_csv('/home/ayush/FootballAnalytics/data/output.csv')
  File "/home/airflow/.local/lib/python3.12/site-packages/pandas/core/generic.py", line 3902, in to_csv
    return DataFrameRenderer(formatter).to_csv(
           ^^^^^^^^^^^^^^^^^^^^^^^^^^^^^^^^^^^^
  File "/home/airflow/.local/lib/python3.12/site-packages/pandas/io/formats/format.py", line 1152, in to_csv
    csv_formatter.save()
  File "/home/airflow/.local/lib/python3.12/site-packages/pandas/io/formats/csvs.py", line 247, in save
    with get_handle(
         ^^^^^^^^^^^
  File "/home/airflow/.local/lib/python3.12/site-packages/pandas/io/common.py", line 739, in get_handle
    check_parent_directory(str(handle))
  File "/home/airflow/.local/lib/python3.12/site-packages/pandas/io/common.py", line 604, in check_parent_directory
    raise OSError(rf"Cannot save file into a non-existent directory: '{parent}'")
OSError: Cannot save file into a non-existent directory: '/home/ayush/FootballAnalytics/data'
[2024-06-19T03:07:14.695+0000] {taskinstance.py:1206} INFO - Marking task as FAILED. dag_id=wikipedia_flow, task_id=extract_data_from_wikipedia, run_id=manual__2024-06-19T03:07:08.673683+00:00, execution_date=20240619T030708, start_date=20240619T030710, end_date=20240619T030714
[2024-06-19T03:07:14.796+0000] {standard_task_runner.py:110} ERROR - Failed to execute job 18 for task extract_data_from_wikipedia (Cannot save file into a non-existent directory: '/home/ayush/FootballAnalytics/data'; 8805)
[2024-06-19T03:07:14.840+0000] {local_task_job_runner.py:240} INFO - Task exited with return code 1
[2024-06-19T03:07:14.882+0000] {taskinstance.py:3498} INFO - 0 downstream tasks scheduled from follow-on schedule check
[2024-06-19T03:07:14.950+0000] {local_task_job_runner.py:222} INFO - ::endgroup::
