[2024-06-19T08:40:36.441+0000] {local_task_job_runner.py:120} INFO - ::group::Pre task execution logs
[2024-06-19T08:40:36.546+0000] {taskinstance.py:2076} INFO - Dependencies all met for dep_context=non-requeueable deps ti=<TaskInstance: wikipedia_flow.write_wikipedia_data manual__2024-06-19T08:35:31.134261+00:00 [queued]>
[2024-06-19T08:40:36.563+0000] {taskinstance.py:2076} INFO - Dependencies all met for dep_context=requeueable deps ti=<TaskInstance: wikipedia_flow.write_wikipedia_data manual__2024-06-19T08:35:31.134261+00:00 [queued]>
[2024-06-19T08:40:36.564+0000] {taskinstance.py:2306} INFO - Starting attempt 1 of 1
[2024-06-19T08:40:36.615+0000] {taskinstance.py:2330} INFO - Executing <Task(PythonOperator): write_wikipedia_data> on 2024-06-19 08:35:31.134261+00:00
[2024-06-19T08:40:36.634+0000] {standard_task_runner.py:90} INFO - Running: ['***', 'tasks', 'run', 'wikipedia_flow', 'write_wikipedia_data', 'manual__2024-06-19T08:35:31.134261+00:00', '--job-id', '26', '--raw', '--subdir', 'DAGS_FOLDER/wikipedia_flow.py', '--cfg-path', '/tmp/tmp6c0fr6t_']
[2024-06-19T08:40:36.639+0000] {standard_task_runner.py:91} INFO - Job 26: Subtask write_wikipedia_data
[2024-06-19T08:40:36.644+0000] {logging_mixin.py:188} WARNING - /home/***/.local/lib/python3.12/site-packages/***/task/task_runner/standard_task_runner.py:61 DeprecationWarning: This process (pid=3539) is multi-threaded, use of fork() may lead to deadlocks in the child.
[2024-06-19T08:40:36.646+0000] {standard_task_runner.py:63} INFO - Started process 3545 to run task
[2024-06-19T08:40:36.770+0000] {task_command.py:426} INFO - Running <TaskInstance: wikipedia_flow.write_wikipedia_data manual__2024-06-19T08:35:31.134261+00:00 [running]> on host dd278de8866b
[2024-06-19T08:40:37.018+0000] {taskinstance.py:2648} INFO - Exporting env vars: AIRFLOW_CTX_DAG_OWNER='Ayush Goswami' AIRFLOW_CTX_DAG_ID='wikipedia_flow' AIRFLOW_CTX_TASK_ID='write_wikipedia_data' AIRFLOW_CTX_EXECUTION_DATE='2024-06-19T08:35:31.134261+00:00' AIRFLOW_CTX_TRY_NUMBER='1' AIRFLOW_CTX_DAG_RUN_ID='manual__2024-06-19T08:35:31.134261+00:00'
[2024-06-19T08:40:37.021+0000] {taskinstance.py:430} INFO - ::endgroup::
[2024-06-19T08:40:37.329+0000] {logging_mixin.py:188} INFO - CUrr File PATH: /opt/***/dags/pipeline/wikipedia_pipeline.py
[2024-06-19T08:40:37.330+0000] {logging_mixin.py:188} INFO - Path TO THE op:  /opt/***/dags
[2024-06-19T08:40:37.344+0000] {python.py:237} INFO - Done. Returned value was: None
[2024-06-19T08:40:37.344+0000] {taskinstance.py:441} INFO - ::group::Post task execution logs
[2024-06-19T08:40:37.362+0000] {taskinstance.py:1206} INFO - Marking task as SUCCESS. dag_id=wikipedia_flow, task_id=write_wikipedia_data, run_id=manual__2024-06-19T08:35:31.134261+00:00, execution_date=20240619T083531, start_date=20240619T084036, end_date=20240619T084037
[2024-06-19T08:40:37.467+0000] {local_task_job_runner.py:240} INFO - Task exited with return code 0
[2024-06-19T08:40:37.504+0000] {taskinstance.py:3498} INFO - 0 downstream tasks scheduled from follow-on schedule check
[2024-06-19T08:40:37.532+0000] {local_task_job_runner.py:222} INFO - ::endgroup::
