[2024-06-11T06:50:21.642+0000] {local_task_job_runner.py:120} INFO - ::group::Pre task execution logs
[2024-06-11T06:50:22.215+0000] {taskinstance.py:2076} INFO - Dependencies all met for dep_context=non-requeueable deps ti=<TaskInstance: example_bash_operator.this_will_skip scheduled__2024-06-10T00:00:00+00:00 [queued]>
[2024-06-11T06:50:22.419+0000] {taskinstance.py:2076} INFO - Dependencies all met for dep_context=requeueable deps ti=<TaskInstance: example_bash_operator.this_will_skip scheduled__2024-06-10T00:00:00+00:00 [queued]>
[2024-06-11T06:50:22.420+0000] {taskinstance.py:2306} INFO - Starting attempt 1 of 1
[2024-06-11T06:50:22.803+0000] {taskinstance.py:2330} INFO - Executing <Task(BashOperator): this_will_skip> on 2024-06-10 00:00:00+00:00
[2024-06-11T06:50:22.853+0000] {standard_task_runner.py:90} INFO - Running: ['***', 'tasks', 'run', 'example_bash_operator', 'this_will_skip', 'scheduled__2024-06-10T00:00:00+00:00', '--job-id', '4', '--raw', '--subdir', '/home/***/.local/lib/python3.12/site-packages/***/example_dags/example_bash_operator.py', '--cfg-path', '/tmp/tmpgw13io0r']
[2024-06-11T06:50:22.878+0000] {standard_task_runner.py:91} INFO - Job 4: Subtask this_will_skip
[2024-06-11T06:50:22.879+0000] {logging_mixin.py:188} WARNING - /home/***/.local/lib/python3.12/site-packages/***/task/task_runner/standard_task_runner.py:61 DeprecationWarning: This process (pid=26926) is multi-threaded, use of fork() may lead to deadlocks in the child.
[2024-06-11T06:50:22.916+0000] {standard_task_runner.py:63} INFO - Started process 27007 to run task
[2024-06-11T06:50:23.761+0000] {task_command.py:426} INFO - Running <TaskInstance: example_bash_operator.this_will_skip scheduled__2024-06-10T00:00:00+00:00 [running]> on host 18fd71a5c6db
[2024-06-11T06:50:24.861+0000] {taskinstance.py:2648} INFO - Exporting env vars: AIRFLOW_CTX_DAG_OWNER='***' AIRFLOW_CTX_DAG_ID='example_bash_operator' AIRFLOW_CTX_TASK_ID='this_will_skip' AIRFLOW_CTX_EXECUTION_DATE='2024-06-10T00:00:00+00:00' AIRFLOW_CTX_TRY_NUMBER='1' AIRFLOW_CTX_DAG_RUN_ID='scheduled__2024-06-10T00:00:00+00:00'
[2024-06-11T06:50:24.873+0000] {taskinstance.py:430} INFO - ::endgroup::
[2024-06-11T06:50:24.881+0000] {subprocess.py:63} INFO - Tmp dir root location: /tmp
[2024-06-11T06:50:24.883+0000] {subprocess.py:75} INFO - Running command: ['/usr/bin/bash', '-c', 'echo "hello world"; exit 99;']
[2024-06-11T06:50:24.917+0000] {subprocess.py:86} INFO - Output:
[2024-06-11T06:50:24.924+0000] {subprocess.py:93} INFO - hello world
[2024-06-11T06:50:24.928+0000] {subprocess.py:97} INFO - Command exited with return code 99
[2024-06-11T06:50:24.949+0000] {taskinstance.py:441} INFO - ::group::Post task execution logs
[2024-06-11T06:50:24.951+0000] {taskinstance.py:2506} INFO - Bash command returned exit code 99. Skipping.
[2024-06-11T06:50:27.505+0000] {taskinstance.py:1206} INFO - Marking task as SKIPPED. dag_id=example_bash_operator, task_id=this_will_skip, run_id=scheduled__2024-06-10T00:00:00+00:00, execution_date=20240610T000000, start_date=20240611T065022, end_date=20240611T065027
[2024-06-11T06:50:28.334+0000] {local_task_job_runner.py:240} INFO - Task exited with return code 0
[2024-06-11T06:50:28.415+0000] {local_task_job_runner.py:222} INFO - ::endgroup::
