[2024-06-07T08:18:00.943+0000] {local_task_job_runner.py:120} INFO - ::group::Pre task execution logs
[2024-06-07T08:18:02.007+0000] {taskinstance.py:2076} INFO - Dependencies all met for dep_context=non-requeueable deps ti=<TaskInstance: example_bash_operator.runme_1 scheduled__2024-06-06T00:00:00+00:00 [queued]>
[2024-06-07T08:18:02.054+0000] {taskinstance.py:2076} INFO - Dependencies all met for dep_context=requeueable deps ti=<TaskInstance: example_bash_operator.runme_1 scheduled__2024-06-06T00:00:00+00:00 [queued]>
[2024-06-07T08:18:02.056+0000] {taskinstance.py:2306} INFO - Starting attempt 1 of 1
[2024-06-07T08:18:02.321+0000] {taskinstance.py:2330} INFO - Executing <Task(BashOperator): runme_1> on 2024-06-06 00:00:00+00:00
[2024-06-07T08:18:02.456+0000] {warnings.py:110} WARNING - /home/***/.local/lib/python3.12/site-packages/***/task/task_runner/standard_task_runner.py:61: DeprecationWarning: This process (pid=318) is multi-threaded, use of fork() may lead to deadlocks in the child.
  pid = os.fork()

[2024-06-07T08:18:02.488+0000] {standard_task_runner.py:63} INFO - Started process 332 to run task
[2024-06-07T08:18:02.471+0000] {standard_task_runner.py:90} INFO - Running: ['***', 'tasks', 'run', 'example_bash_operator', 'runme_1', 'scheduled__2024-06-06T00:00:00+00:00', '--job-id', '3', '--raw', '--subdir', '/home/***/.local/lib/python3.12/site-packages/***/example_dags/example_bash_operator.py', '--cfg-path', '/tmp/tmpp3hgh3w8']
[2024-06-07T08:18:02.507+0000] {standard_task_runner.py:91} INFO - Job 3: Subtask runme_1
[2024-06-07T08:18:03.336+0000] {task_command.py:426} INFO - Running <TaskInstance: example_bash_operator.runme_1 scheduled__2024-06-06T00:00:00+00:00 [running]> on host ed9e9cfb3746
[2024-06-07T08:18:04.273+0000] {taskinstance.py:2648} INFO - Exporting env vars: AIRFLOW_CTX_DAG_OWNER='***' AIRFLOW_CTX_DAG_ID='example_bash_operator' AIRFLOW_CTX_TASK_ID='runme_1' AIRFLOW_CTX_EXECUTION_DATE='2024-06-06T00:00:00+00:00' AIRFLOW_CTX_TRY_NUMBER='1' AIRFLOW_CTX_DAG_RUN_ID='scheduled__2024-06-06T00:00:00+00:00'
[2024-06-07T08:18:04.279+0000] {taskinstance.py:430} INFO - ::endgroup::
[2024-06-07T08:18:04.298+0000] {subprocess.py:63} INFO - Tmp dir root location: /tmp
[2024-06-07T08:18:04.309+0000] {subprocess.py:75} INFO - Running command: ['/usr/bin/bash', '-c', 'echo "example_bash_operator__runme_1__20240606" && sleep 1']
[2024-06-07T08:18:04.690+0000] {subprocess.py:86} INFO - Output:
[2024-06-07T08:18:04.948+0000] {subprocess.py:93} INFO - example_bash_operator__runme_1__20240606
[2024-06-07T08:18:07.293+0000] {subprocess.py:97} INFO - Command exited with return code 0
[2024-06-07T08:18:07.295+0000] {taskinstance.py:441} INFO - ::group::Post task execution logs
[2024-06-07T08:18:07.711+0000] {taskinstance.py:1206} INFO - Marking task as SUCCESS. dag_id=example_bash_operator, task_id=runme_1, run_id=scheduled__2024-06-06T00:00:00+00:00, execution_date=20240606T000000, start_date=20240607T081802, end_date=20240607T081807
[2024-06-07T08:18:07.954+0000] {local_task_job_runner.py:240} INFO - Task exited with return code 0
[2024-06-07T08:18:08.054+0000] {taskinstance.py:3498} INFO - 0 downstream tasks scheduled from follow-on schedule check
[2024-06-07T08:18:08.390+0000] {local_task_job_runner.py:222} INFO - ::endgroup::
