[2024-06-19T07:28:12.098+0000] {local_task_job_runner.py:120} INFO - ::group::Pre task execution logs
[2024-06-19T07:28:12.286+0000] {taskinstance.py:2076} INFO - Dependencies all met for dep_context=non-requeueable deps ti=<TaskInstance: wikipedia_flow.extract_data_from_wikipedia manual__2024-06-19T07:28:05.067013+00:00 [queued]>
[2024-06-19T07:28:12.307+0000] {taskinstance.py:2076} INFO - Dependencies all met for dep_context=requeueable deps ti=<TaskInstance: wikipedia_flow.extract_data_from_wikipedia manual__2024-06-19T07:28:05.067013+00:00 [queued]>
[2024-06-19T07:28:12.308+0000] {taskinstance.py:2306} INFO - Starting attempt 1 of 1
[2024-06-19T07:28:12.450+0000] {taskinstance.py:2330} INFO - Executing <Task(PythonOperator): extract_data_from_wikipedia> on 2024-06-19 07:28:05.067013+00:00
[2024-06-19T07:28:12.471+0000] {standard_task_runner.py:90} INFO - Running: ['***', 'tasks', 'run', 'wikipedia_flow', 'extract_data_from_wikipedia', 'manual__2024-06-19T07:28:05.067013+00:00', '--job-id', '8', '--raw', '--subdir', 'DAGS_FOLDER/wikipedia_flow.py', '--cfg-path', '/tmp/tmpgv_0j3rr']
[2024-06-19T07:28:12.478+0000] {standard_task_runner.py:91} INFO - Job 8: Subtask extract_data_from_wikipedia
[2024-06-19T07:28:12.489+0000] {logging_mixin.py:188} WARNING - /home/***/.local/lib/python3.12/site-packages/***/task/task_runner/standard_task_runner.py:61 DeprecationWarning: This process (pid=1059) is multi-threaded, use of fork() may lead to deadlocks in the child.
[2024-06-19T07:28:12.492+0000] {standard_task_runner.py:63} INFO - Started process 1072 to run task
[2024-06-19T07:28:12.663+0000] {task_command.py:426} INFO - Running <TaskInstance: wikipedia_flow.extract_data_from_wikipedia manual__2024-06-19T07:28:05.067013+00:00 [running]> on host dd278de8866b
[2024-06-19T07:28:13.123+0000] {taskinstance.py:2648} INFO - Exporting env vars: AIRFLOW_CTX_DAG_OWNER='Ayush Goswami' AIRFLOW_CTX_DAG_ID='wikipedia_flow' AIRFLOW_CTX_TASK_ID='extract_data_from_wikipedia' AIRFLOW_CTX_EXECUTION_DATE='2024-06-19T07:28:05.067013+00:00' AIRFLOW_CTX_TRY_NUMBER='1' AIRFLOW_CTX_DAG_RUN_ID='manual__2024-06-19T07:28:05.067013+00:00'
[2024-06-19T07:28:13.127+0000] {taskinstance.py:430} INFO - ::endgroup::
[2024-06-19T07:28:14.072+0000] {logging_mixin.py:188} INFO - Getting wiki page https://en.wikipedia.org/wiki/List_of_association_football_stadiums_by_capacity
[2024-06-19T07:28:17.024+0000] {logging_mixin.py:188} INFO - CUrr File PATH: /opt/***/dags/pipeline/wikipedia_pipeline.py
[2024-06-19T07:28:17.024+0000] {logging_mixin.py:188} INFO - Path TO THE op:  /opt/***/dags
[2024-06-19T07:28:17.263+0000] {python.py:237} INFO - Done. Returned value was: ok
[2024-06-19T07:28:17.264+0000] {taskinstance.py:441} INFO - ::group::Post task execution logs
[2024-06-19T07:28:17.394+0000] {taskinstance.py:1206} INFO - Marking task as SUCCESS. dag_id=wikipedia_flow, task_id=extract_data_from_wikipedia, run_id=manual__2024-06-19T07:28:05.067013+00:00, execution_date=20240619T072805, start_date=20240619T072812, end_date=20240619T072817
[2024-06-19T07:28:17.509+0000] {local_task_job_runner.py:240} INFO - Task exited with return code 0
[2024-06-19T07:28:17.583+0000] {taskinstance.py:3498} INFO - 1 downstream tasks scheduled from follow-on schedule check
[2024-06-19T07:28:17.633+0000] {local_task_job_runner.py:222} INFO - ::endgroup::
