[2024-06-11T07:02:02.742+0000] {local_task_job_runner.py:120} INFO - ::group::Pre task execution logs
[2024-06-11T07:02:02.991+0000] {taskinstance.py:2076} INFO - Dependencies all met for dep_context=non-requeueable deps ti=<TaskInstance: example_bash_operator.runme_0 manual__2024-06-11T07:01:44+00:00 [queued]>
[2024-06-11T07:02:03.050+0000] {taskinstance.py:2076} INFO - Dependencies all met for dep_context=requeueable deps ti=<TaskInstance: example_bash_operator.runme_0 manual__2024-06-11T07:01:44+00:00 [queued]>
[2024-06-11T07:02:03.066+0000] {taskinstance.py:2306} INFO - Starting attempt 1 of 1
[2024-06-11T07:02:03.316+0000] {taskinstance.py:2330} INFO - Executing <Task(BashOperator): runme_0> on 2024-06-11 07:01:44+00:00
[2024-06-11T07:02:03.457+0000] {standard_task_runner.py:90} INFO - Running: ['***', 'tasks', 'run', 'example_bash_operator', 'runme_0', 'manual__2024-06-11T07:01:44+00:00', '--job-id', '9', '--raw', '--subdir', '/home/***/.local/lib/python3.12/site-packages/***/example_dags/example_bash_operator.py', '--cfg-path', '/tmp/tmpl4l06hla']
[2024-06-11T07:02:03.491+0000] {standard_task_runner.py:91} INFO - Job 9: Subtask runme_0
[2024-06-11T07:02:03.521+0000] {logging_mixin.py:188} WARNING - /home/***/.local/lib/python3.12/site-packages/***/task/task_runner/standard_task_runner.py:61 DeprecationWarning: This process (pid=32823) is multi-threaded, use of fork() may lead to deadlocks in the child.
[2024-06-11T07:02:03.558+0000] {standard_task_runner.py:63} INFO - Started process 32911 to run task
[2024-06-11T07:02:04.036+0000] {task_command.py:426} INFO - Running <TaskInstance: example_bash_operator.runme_0 manual__2024-06-11T07:01:44+00:00 [running]> on host 18fd71a5c6db
[2024-06-11T07:02:05.387+0000] {taskinstance.py:2648} INFO - Exporting env vars: AIRFLOW_CTX_DAG_OWNER='***' AIRFLOW_CTX_DAG_ID='example_bash_operator' AIRFLOW_CTX_TASK_ID='runme_0' AIRFLOW_CTX_EXECUTION_DATE='2024-06-11T07:01:44+00:00' AIRFLOW_CTX_TRY_NUMBER='1' AIRFLOW_CTX_DAG_RUN_ID='manual__2024-06-11T07:01:44+00:00'
[2024-06-11T07:02:05.408+0000] {taskinstance.py:430} INFO - ::endgroup::
[2024-06-11T07:02:05.419+0000] {subprocess.py:63} INFO - Tmp dir root location: /tmp
[2024-06-11T07:02:05.422+0000] {subprocess.py:75} INFO - Running command: ['/usr/bin/bash', '-c', 'echo "example_bash_operator__runme_0__20240611" && sleep 1']
[2024-06-11T07:02:05.707+0000] {subprocess.py:86} INFO - Output:
[2024-06-11T07:02:06.100+0000] {subprocess.py:93} INFO - example_bash_operator__runme_0__20240611
[2024-06-11T07:02:07.103+0000] {subprocess.py:97} INFO - Command exited with return code 0
[2024-06-11T07:02:07.105+0000] {taskinstance.py:441} INFO - ::group::Post task execution logs
[2024-06-11T07:02:07.398+0000] {taskinstance.py:1206} INFO - Marking task as SUCCESS. dag_id=example_bash_operator, task_id=runme_0, run_id=manual__2024-06-11T07:01:44+00:00, execution_date=20240611T070144, start_date=20240611T070202, end_date=20240611T070207
[2024-06-11T07:02:07.685+0000] {local_task_job_runner.py:240} INFO - Task exited with return code 0
[2024-06-11T07:02:07.742+0000] {local_task_job_runner.py:222} INFO - ::endgroup::
