[2024-06-11T07:02:03.901+0000] {local_task_job_runner.py:120} INFO - ::group::Pre task execution logs
[2024-06-11T07:02:04.192+0000] {taskinstance.py:2076} INFO - Dependencies all met for dep_context=non-requeueable deps ti=<TaskInstance: example_bash_operator.runme_1 manual__2024-06-11T07:01:44+00:00 [queued]>
[2024-06-11T07:02:04.300+0000] {taskinstance.py:2076} INFO - Dependencies all met for dep_context=requeueable deps ti=<TaskInstance: example_bash_operator.runme_1 manual__2024-06-11T07:01:44+00:00 [queued]>
[2024-06-11T07:02:04.302+0000] {taskinstance.py:2306} INFO - Starting attempt 1 of 1
[2024-06-11T07:02:04.498+0000] {taskinstance.py:2330} INFO - Executing <Task(BashOperator): runme_1> on 2024-06-11 07:01:44+00:00
[2024-06-11T07:02:04.635+0000] {standard_task_runner.py:90} INFO - Running: ['***', 'tasks', 'run', 'example_bash_operator', 'runme_1', 'manual__2024-06-11T07:01:44+00:00', '--job-id', '12', '--raw', '--subdir', '/home/***/.local/lib/python3.12/site-packages/***/example_dags/example_bash_operator.py', '--cfg-path', '/tmp/tmppl2ixhlc']
[2024-06-11T07:02:04.656+0000] {standard_task_runner.py:91} INFO - Job 12: Subtask runme_1
[2024-06-11T07:02:04.685+0000] {logging_mixin.py:188} WARNING - /home/***/.local/lib/python3.12/site-packages/***/task/task_runner/standard_task_runner.py:61 DeprecationWarning: This process (pid=32824) is multi-threaded, use of fork() may lead to deadlocks in the child.
[2024-06-11T07:02:04.706+0000] {standard_task_runner.py:63} INFO - Started process 32919 to run task
[2024-06-11T07:02:05.071+0000] {task_command.py:426} INFO - Running <TaskInstance: example_bash_operator.runme_1 manual__2024-06-11T07:01:44+00:00 [running]> on host 18fd71a5c6db
[2024-06-11T07:02:06.372+0000] {taskinstance.py:2648} INFO - Exporting env vars: AIRFLOW_CTX_DAG_OWNER='***' AIRFLOW_CTX_DAG_ID='example_bash_operator' AIRFLOW_CTX_TASK_ID='runme_1' AIRFLOW_CTX_EXECUTION_DATE='2024-06-11T07:01:44+00:00' AIRFLOW_CTX_TRY_NUMBER='1' AIRFLOW_CTX_DAG_RUN_ID='manual__2024-06-11T07:01:44+00:00'
[2024-06-11T07:02:06.390+0000] {taskinstance.py:430} INFO - ::endgroup::
[2024-06-11T07:02:06.399+0000] {subprocess.py:63} INFO - Tmp dir root location: /tmp
[2024-06-11T07:02:06.401+0000] {subprocess.py:75} INFO - Running command: ['/usr/bin/bash', '-c', 'echo "example_bash_operator__runme_1__20240611" && sleep 1']
[2024-06-11T07:02:06.472+0000] {subprocess.py:86} INFO - Output:
[2024-06-11T07:02:06.484+0000] {subprocess.py:93} INFO - example_bash_operator__runme_1__20240611
[2024-06-11T07:02:07.488+0000] {subprocess.py:97} INFO - Command exited with return code 0
[2024-06-11T07:02:07.490+0000] {taskinstance.py:441} INFO - ::group::Post task execution logs
[2024-06-11T07:02:07.712+0000] {taskinstance.py:1206} INFO - Marking task as SUCCESS. dag_id=example_bash_operator, task_id=runme_1, run_id=manual__2024-06-11T07:01:44+00:00, execution_date=20240611T070144, start_date=20240611T070204, end_date=20240611T070207
[2024-06-11T07:02:08.011+0000] {local_task_job_runner.py:240} INFO - Task exited with return code 0
[2024-06-11T07:02:08.049+0000] {local_task_job_runner.py:222} INFO - ::endgroup::
