[2024-07-14T13:49:07.456+0000] {local_task_job_runner.py:120} INFO - ::group::Pre task execution logs
[2024-07-14T13:49:07.645+0000] {taskinstance.py:2076} INFO - Dependencies all met for dep_context=non-requeueable deps ti=<TaskInstance: wikipedia_flow.extract_data_from_wikipedia manual__2024-07-14T13:48:31.592159+00:00 [queued]>
[2024-07-14T13:49:07.677+0000] {taskinstance.py:2076} INFO - Dependencies all met for dep_context=requeueable deps ti=<TaskInstance: wikipedia_flow.extract_data_from_wikipedia manual__2024-07-14T13:48:31.592159+00:00 [queued]>
[2024-07-14T13:49:07.684+0000] {taskinstance.py:2306} INFO - Starting attempt 1 of 1
[2024-07-14T13:49:07.842+0000] {taskinstance.py:2330} INFO - Executing <Task(PythonOperator): extract_data_from_wikipedia> on 2024-07-14 13:48:31.592159+00:00
[2024-07-14T13:49:07.921+0000] {standard_task_runner.py:90} INFO - Running: ['***', 'tasks', 'run', 'wikipedia_flow', 'extract_data_from_wikipedia', 'manual__2024-07-14T13:48:31.592159+00:00', '--job-id', '23', '--raw', '--subdir', 'DAGS_FOLDER/wikipedia_flow.py', '--cfg-path', '/tmp/tmpgvq7nzhm']
[2024-07-14T13:49:07.951+0000] {standard_task_runner.py:91} INFO - Job 23: Subtask extract_data_from_wikipedia
[2024-07-14T13:49:07.949+0000] {logging_mixin.py:188} WARNING - /home/***/.local/lib/python3.12/site-packages/***/task/task_runner/standard_task_runner.py:61 DeprecationWarning: This process (pid=7759) is multi-threaded, use of fork() may lead to deadlocks in the child.
[2024-07-14T13:49:07.953+0000] {standard_task_runner.py:63} INFO - Started process 7777 to run task
[2024-07-14T13:49:08.317+0000] {task_command.py:426} INFO - Running <TaskInstance: wikipedia_flow.extract_data_from_wikipedia manual__2024-07-14T13:48:31.592159+00:00 [running]> on host f3d678a6ff94
[2024-07-14T13:49:09.162+0000] {taskinstance.py:2648} INFO - Exporting env vars: AIRFLOW_CTX_DAG_OWNER='Ayush Goswami' AIRFLOW_CTX_DAG_ID='wikipedia_flow' AIRFLOW_CTX_TASK_ID='extract_data_from_wikipedia' AIRFLOW_CTX_EXECUTION_DATE='2024-07-14T13:48:31.592159+00:00' AIRFLOW_CTX_TRY_NUMBER='1' AIRFLOW_CTX_DAG_RUN_ID='manual__2024-07-14T13:48:31.592159+00:00'
[2024-07-14T13:49:09.167+0000] {taskinstance.py:430} INFO - ::endgroup::
[2024-07-14T13:49:09.791+0000] {logging_mixin.py:188} INFO - Getting wiki page https://en.wikipedia.org/wiki/List_of_association_football_stadiums_by_capacity
[2024-07-14T13:49:14.228+0000] {logging_mixin.py:188} INFO - CUrr File PATH: /opt/***/dags/pipeline/wikipedia_pipeline.py
[2024-07-14T13:49:14.229+0000] {logging_mixin.py:188} INFO - Path TO THE op:  /opt/***/dags
[2024-07-14T13:49:14.564+0000] {python.py:237} INFO - Done. Returned value was: ok
[2024-07-14T13:49:14.565+0000] {taskinstance.py:441} INFO - ::group::Post task execution logs
[2024-07-14T13:49:14.772+0000] {taskinstance.py:1206} INFO - Marking task as SUCCESS. dag_id=wikipedia_flow, task_id=extract_data_from_wikipedia, run_id=manual__2024-07-14T13:48:31.592159+00:00, execution_date=20240714T134831, start_date=20240714T134907, end_date=20240714T134914
[2024-07-14T13:49:14.992+0000] {local_task_job_runner.py:240} INFO - Task exited with return code 0
[2024-07-14T13:49:15.232+0000] {taskinstance.py:3498} INFO - 1 downstream tasks scheduled from follow-on schedule check
[2024-07-14T13:49:15.295+0000] {local_task_job_runner.py:222} INFO - ::endgroup::
