[2024-06-11T06:50:23.451+0000] {local_task_job_runner.py:120} INFO - ::group::Pre task execution logs
[2024-06-11T06:50:23.663+0000] {taskinstance.py:2076} INFO - Dependencies all met for dep_context=non-requeueable deps ti=<TaskInstance: example_bash_operator.runme_0 scheduled__2024-06-10T00:00:00+00:00 [queued]>
[2024-06-11T06:50:23.717+0000] {taskinstance.py:2076} INFO - Dependencies all met for dep_context=requeueable deps ti=<TaskInstance: example_bash_operator.runme_0 scheduled__2024-06-10T00:00:00+00:00 [queued]>
[2024-06-11T06:50:23.718+0000] {taskinstance.py:2306} INFO - Starting attempt 1 of 1
[2024-06-11T06:50:23.892+0000] {taskinstance.py:2330} INFO - Executing <Task(BashOperator): runme_0> on 2024-06-10 00:00:00+00:00
[2024-06-11T06:50:23.932+0000] {standard_task_runner.py:90} INFO - Running: ['***', 'tasks', 'run', 'example_bash_operator', 'runme_0', 'scheduled__2024-06-10T00:00:00+00:00', '--job-id', '6', '--raw', '--subdir', '/home/***/.local/lib/python3.12/site-packages/***/example_dags/example_bash_operator.py', '--cfg-path', '/tmp/tmp1_2jdhtj']
[2024-06-11T06:50:23.939+0000] {standard_task_runner.py:91} INFO - Job 6: Subtask runme_0
[2024-06-11T06:50:23.969+0000] {logging_mixin.py:188} WARNING - /home/***/.local/lib/python3.12/site-packages/***/task/task_runner/standard_task_runner.py:61 DeprecationWarning: This process (pid=26921) is multi-threaded, use of fork() may lead to deadlocks in the child.
[2024-06-11T06:50:23.971+0000] {standard_task_runner.py:63} INFO - Started process 27016 to run task
[2024-06-11T06:50:24.284+0000] {task_command.py:426} INFO - Running <TaskInstance: example_bash_operator.runme_0 scheduled__2024-06-10T00:00:00+00:00 [running]> on host 18fd71a5c6db
[2024-06-11T06:50:26.542+0000] {taskinstance.py:2648} INFO - Exporting env vars: AIRFLOW_CTX_DAG_OWNER='***' AIRFLOW_CTX_DAG_ID='example_bash_operator' AIRFLOW_CTX_TASK_ID='runme_0' AIRFLOW_CTX_EXECUTION_DATE='2024-06-10T00:00:00+00:00' AIRFLOW_CTX_TRY_NUMBER='1' AIRFLOW_CTX_DAG_RUN_ID='scheduled__2024-06-10T00:00:00+00:00'
[2024-06-11T06:50:27.127+0000] {taskinstance.py:430} INFO - ::endgroup::
[2024-06-11T06:50:27.216+0000] {subprocess.py:63} INFO - Tmp dir root location: /tmp
[2024-06-11T06:50:27.229+0000] {subprocess.py:75} INFO - Running command: ['/usr/bin/bash', '-c', 'echo "example_bash_operator__runme_0__20240610" && sleep 1']
[2024-06-11T06:50:27.867+0000] {subprocess.py:86} INFO - Output:
[2024-06-11T06:50:27.913+0000] {subprocess.py:93} INFO - example_bash_operator__runme_0__20240610
[2024-06-11T06:50:28.953+0000] {subprocess.py:97} INFO - Command exited with return code 0
[2024-06-11T06:50:28.955+0000] {taskinstance.py:441} INFO - ::group::Post task execution logs
[2024-06-11T06:50:29.238+0000] {taskinstance.py:1206} INFO - Marking task as SUCCESS. dag_id=example_bash_operator, task_id=runme_0, run_id=scheduled__2024-06-10T00:00:00+00:00, execution_date=20240610T000000, start_date=20240611T065023, end_date=20240611T065029
[2024-06-11T06:50:29.427+0000] {local_task_job_runner.py:240} INFO - Task exited with return code 0
[2024-06-11T06:50:29.450+0000] {local_task_job_runner.py:222} INFO - ::endgroup::
