[2024-06-18T09:39:02.216+0000] {processor.py:161} INFO - Started process (PID=352) to work on /home/airflow/.local/lib/python3.12/site-packages/airflow/example_dags/example_kubernetes_executor.py
[2024-06-18T09:39:02.222+0000] {processor.py:830} INFO - Processing file /home/airflow/.local/lib/python3.12/site-packages/airflow/example_dags/example_kubernetes_executor.py for tasks to queue
[2024-06-18T09:39:02.228+0000] {logging_mixin.py:188} INFO - [2024-06-18T09:39:02.227+0000] {dagbag.py:545} INFO - Filling up the DagBag from /home/airflow/.local/lib/python3.12/site-packages/airflow/example_dags/example_kubernetes_executor.py
[2024-06-18T09:39:02.280+0000] {processor.py:840} INFO - DAG(s) 'example_kubernetes_executor' retrieved from /home/airflow/.local/lib/python3.12/site-packages/airflow/example_dags/example_kubernetes_executor.py
[2024-06-18T09:39:02.402+0000] {logging_mixin.py:188} INFO - [2024-06-18T09:39:02.401+0000] {dag.py:3096} INFO - Sync 1 DAGs
[2024-06-18T09:39:02.508+0000] {logging_mixin.py:188} INFO - [2024-06-18T09:39:02.508+0000] {dag.py:3954} INFO - Setting next_dagrun for example_kubernetes_executor to None, run_after=None
[2024-06-18T09:39:02.702+0000] {processor.py:183} INFO - Processing /home/airflow/.local/lib/python3.12/site-packages/airflow/example_dags/example_kubernetes_executor.py took 0.505 seconds
[2024-06-18T09:39:57.795+0000] {processor.py:161} INFO - Started process (PID=630) to work on /home/airflow/.local/lib/python3.12/site-packages/airflow/example_dags/example_kubernetes_executor.py
[2024-06-18T09:39:57.798+0000] {processor.py:830} INFO - Processing file /home/airflow/.local/lib/python3.12/site-packages/airflow/example_dags/example_kubernetes_executor.py for tasks to queue
[2024-06-18T09:39:57.803+0000] {logging_mixin.py:188} INFO - [2024-06-18T09:39:57.802+0000] {dagbag.py:545} INFO - Filling up the DagBag from /home/airflow/.local/lib/python3.12/site-packages/airflow/example_dags/example_kubernetes_executor.py
[2024-06-18T09:39:57.837+0000] {processor.py:840} INFO - DAG(s) 'example_kubernetes_executor' retrieved from /home/airflow/.local/lib/python3.12/site-packages/airflow/example_dags/example_kubernetes_executor.py
[2024-06-18T09:39:58.261+0000] {logging_mixin.py:188} INFO - [2024-06-18T09:39:58.260+0000] {dag.py:3096} INFO - Sync 1 DAGs
[2024-06-18T09:39:58.301+0000] {logging_mixin.py:188} INFO - [2024-06-18T09:39:58.301+0000] {dag.py:3954} INFO - Setting next_dagrun for example_kubernetes_executor to None, run_after=None
[2024-06-18T09:39:58.381+0000] {processor.py:183} INFO - Processing /home/airflow/.local/lib/python3.12/site-packages/airflow/example_dags/example_kubernetes_executor.py took 0.609 seconds
[2024-06-18T09:40:28.702+0000] {processor.py:161} INFO - Started process (PID=902) to work on /home/airflow/.local/lib/python3.12/site-packages/airflow/example_dags/example_kubernetes_executor.py
[2024-06-18T09:40:28.705+0000] {processor.py:830} INFO - Processing file /home/airflow/.local/lib/python3.12/site-packages/airflow/example_dags/example_kubernetes_executor.py for tasks to queue
[2024-06-18T09:40:28.710+0000] {logging_mixin.py:188} INFO - [2024-06-18T09:40:28.709+0000] {dagbag.py:545} INFO - Filling up the DagBag from /home/airflow/.local/lib/python3.12/site-packages/airflow/example_dags/example_kubernetes_executor.py
[2024-06-18T09:40:28.744+0000] {processor.py:840} INFO - DAG(s) 'example_kubernetes_executor' retrieved from /home/airflow/.local/lib/python3.12/site-packages/airflow/example_dags/example_kubernetes_executor.py
[2024-06-18T09:40:28.859+0000] {logging_mixin.py:188} INFO - [2024-06-18T09:40:28.858+0000] {dag.py:3096} INFO - Sync 1 DAGs
[2024-06-18T09:40:28.892+0000] {logging_mixin.py:188} INFO - [2024-06-18T09:40:28.891+0000] {dag.py:3954} INFO - Setting next_dagrun for example_kubernetes_executor to None, run_after=None
[2024-06-18T09:40:28.968+0000] {processor.py:183} INFO - Processing /home/airflow/.local/lib/python3.12/site-packages/airflow/example_dags/example_kubernetes_executor.py took 0.286 seconds
[2024-06-18T09:41:09.164+0000] {processor.py:161} INFO - Started process (PID=1180) to work on /home/airflow/.local/lib/python3.12/site-packages/airflow/example_dags/example_kubernetes_executor.py
[2024-06-18T09:41:09.209+0000] {processor.py:830} INFO - Processing file /home/airflow/.local/lib/python3.12/site-packages/airflow/example_dags/example_kubernetes_executor.py for tasks to queue
[2024-06-18T09:41:09.242+0000] {logging_mixin.py:188} INFO - [2024-06-18T09:41:09.241+0000] {dagbag.py:545} INFO - Filling up the DagBag from /home/airflow/.local/lib/python3.12/site-packages/airflow/example_dags/example_kubernetes_executor.py
[2024-06-18T09:41:09.392+0000] {processor.py:840} INFO - DAG(s) 'example_kubernetes_executor' retrieved from /home/airflow/.local/lib/python3.12/site-packages/airflow/example_dags/example_kubernetes_executor.py
[2024-06-18T09:41:09.782+0000] {logging_mixin.py:188} INFO - [2024-06-18T09:41:09.782+0000] {dag.py:3096} INFO - Sync 1 DAGs
[2024-06-18T09:41:09.955+0000] {logging_mixin.py:188} INFO - [2024-06-18T09:41:09.955+0000] {dag.py:3954} INFO - Setting next_dagrun for example_kubernetes_executor to None, run_after=None
[2024-06-18T09:41:10.271+0000] {processor.py:183} INFO - Processing /home/airflow/.local/lib/python3.12/site-packages/airflow/example_dags/example_kubernetes_executor.py took 1.157 seconds
[2024-06-18T09:41:42.655+0000] {processor.py:161} INFO - Started process (PID=1453) to work on /home/airflow/.local/lib/python3.12/site-packages/airflow/example_dags/example_kubernetes_executor.py
[2024-06-18T09:41:42.687+0000] {processor.py:830} INFO - Processing file /home/airflow/.local/lib/python3.12/site-packages/airflow/example_dags/example_kubernetes_executor.py for tasks to queue
[2024-06-18T09:41:42.704+0000] {logging_mixin.py:188} INFO - [2024-06-18T09:41:42.703+0000] {dagbag.py:545} INFO - Filling up the DagBag from /home/airflow/.local/lib/python3.12/site-packages/airflow/example_dags/example_kubernetes_executor.py
[2024-06-18T09:41:42.854+0000] {processor.py:840} INFO - DAG(s) 'example_kubernetes_executor' retrieved from /home/airflow/.local/lib/python3.12/site-packages/airflow/example_dags/example_kubernetes_executor.py
[2024-06-18T09:41:43.273+0000] {logging_mixin.py:188} INFO - [2024-06-18T09:41:43.273+0000] {dag.py:3096} INFO - Sync 1 DAGs
[2024-06-18T09:41:43.513+0000] {logging_mixin.py:188} INFO - [2024-06-18T09:41:43.512+0000] {dag.py:3954} INFO - Setting next_dagrun for example_kubernetes_executor to None, run_after=None
[2024-06-18T09:41:43.835+0000] {processor.py:183} INFO - Processing /home/airflow/.local/lib/python3.12/site-packages/airflow/example_dags/example_kubernetes_executor.py took 1.217 seconds
[2024-06-18T09:42:41.536+0000] {processor.py:161} INFO - Started process (PID=1776) to work on /home/airflow/.local/lib/python3.12/site-packages/airflow/example_dags/example_kubernetes_executor.py
[2024-06-18T09:42:41.553+0000] {processor.py:830} INFO - Processing file /home/airflow/.local/lib/python3.12/site-packages/airflow/example_dags/example_kubernetes_executor.py for tasks to queue
[2024-06-18T09:42:41.558+0000] {logging_mixin.py:188} INFO - [2024-06-18T09:42:41.557+0000] {dagbag.py:545} INFO - Filling up the DagBag from /home/airflow/.local/lib/python3.12/site-packages/airflow/example_dags/example_kubernetes_executor.py
[2024-06-18T09:42:41.596+0000] {processor.py:840} INFO - DAG(s) 'example_kubernetes_executor' retrieved from /home/airflow/.local/lib/python3.12/site-packages/airflow/example_dags/example_kubernetes_executor.py
[2024-06-18T09:42:41.732+0000] {logging_mixin.py:188} INFO - [2024-06-18T09:42:41.728+0000] {dag.py:3096} INFO - Sync 1 DAGs
[2024-06-18T09:42:41.834+0000] {logging_mixin.py:188} INFO - [2024-06-18T09:42:41.822+0000] {dag.py:3954} INFO - Setting next_dagrun for example_kubernetes_executor to None, run_after=None
[2024-06-18T09:42:42.128+0000] {processor.py:183} INFO - Processing /home/airflow/.local/lib/python3.12/site-packages/airflow/example_dags/example_kubernetes_executor.py took 0.612 seconds
[2024-06-18T09:43:12.758+0000] {processor.py:161} INFO - Started process (PID=2048) to work on /home/airflow/.local/lib/python3.12/site-packages/airflow/example_dags/example_kubernetes_executor.py
[2024-06-18T09:43:12.851+0000] {processor.py:830} INFO - Processing file /home/airflow/.local/lib/python3.12/site-packages/airflow/example_dags/example_kubernetes_executor.py for tasks to queue
[2024-06-18T09:43:12.856+0000] {logging_mixin.py:188} INFO - [2024-06-18T09:43:12.855+0000] {dagbag.py:545} INFO - Filling up the DagBag from /home/airflow/.local/lib/python3.12/site-packages/airflow/example_dags/example_kubernetes_executor.py
[2024-06-18T09:43:12.899+0000] {processor.py:840} INFO - DAG(s) 'example_kubernetes_executor' retrieved from /home/airflow/.local/lib/python3.12/site-packages/airflow/example_dags/example_kubernetes_executor.py
[2024-06-18T09:43:12.993+0000] {logging_mixin.py:188} INFO - [2024-06-18T09:43:12.992+0000] {dag.py:3096} INFO - Sync 1 DAGs
[2024-06-18T09:43:13.031+0000] {logging_mixin.py:188} INFO - [2024-06-18T09:43:13.030+0000] {dag.py:3954} INFO - Setting next_dagrun for example_kubernetes_executor to None, run_after=None
[2024-06-18T09:43:13.281+0000] {processor.py:183} INFO - Processing /home/airflow/.local/lib/python3.12/site-packages/airflow/example_dags/example_kubernetes_executor.py took 0.543 seconds
[2024-06-18T09:43:43.458+0000] {processor.py:161} INFO - Started process (PID=2320) to work on /home/airflow/.local/lib/python3.12/site-packages/airflow/example_dags/example_kubernetes_executor.py
[2024-06-18T09:43:43.460+0000] {processor.py:830} INFO - Processing file /home/airflow/.local/lib/python3.12/site-packages/airflow/example_dags/example_kubernetes_executor.py for tasks to queue
[2024-06-18T09:43:43.465+0000] {logging_mixin.py:188} INFO - [2024-06-18T09:43:43.464+0000] {dagbag.py:545} INFO - Filling up the DagBag from /home/airflow/.local/lib/python3.12/site-packages/airflow/example_dags/example_kubernetes_executor.py
[2024-06-18T09:43:43.494+0000] {processor.py:840} INFO - DAG(s) 'example_kubernetes_executor' retrieved from /home/airflow/.local/lib/python3.12/site-packages/airflow/example_dags/example_kubernetes_executor.py
[2024-06-18T09:43:43.645+0000] {logging_mixin.py:188} INFO - [2024-06-18T09:43:43.645+0000] {dag.py:3096} INFO - Sync 1 DAGs
[2024-06-18T09:43:43.685+0000] {logging_mixin.py:188} INFO - [2024-06-18T09:43:43.684+0000] {dag.py:3954} INFO - Setting next_dagrun for example_kubernetes_executor to None, run_after=None
[2024-06-18T09:43:43.776+0000] {processor.py:183} INFO - Processing /home/airflow/.local/lib/python3.12/site-packages/airflow/example_dags/example_kubernetes_executor.py took 0.330 seconds
[2024-06-18T09:44:22.835+0000] {processor.py:161} INFO - Started process (PID=2592) to work on /home/airflow/.local/lib/python3.12/site-packages/airflow/example_dags/example_kubernetes_executor.py
[2024-06-18T09:44:22.840+0000] {processor.py:830} INFO - Processing file /home/airflow/.local/lib/python3.12/site-packages/airflow/example_dags/example_kubernetes_executor.py for tasks to queue
[2024-06-18T09:44:22.845+0000] {logging_mixin.py:188} INFO - [2024-06-18T09:44:22.844+0000] {dagbag.py:545} INFO - Filling up the DagBag from /home/airflow/.local/lib/python3.12/site-packages/airflow/example_dags/example_kubernetes_executor.py
[2024-06-18T09:44:22.882+0000] {processor.py:840} INFO - DAG(s) 'example_kubernetes_executor' retrieved from /home/airflow/.local/lib/python3.12/site-packages/airflow/example_dags/example_kubernetes_executor.py
[2024-06-18T09:44:23.000+0000] {logging_mixin.py:188} INFO - [2024-06-18T09:44:22.999+0000] {dag.py:3096} INFO - Sync 1 DAGs
[2024-06-18T09:44:23.030+0000] {logging_mixin.py:188} INFO - [2024-06-18T09:44:23.029+0000] {dag.py:3954} INFO - Setting next_dagrun for example_kubernetes_executor to None, run_after=None
[2024-06-18T09:44:23.120+0000] {processor.py:183} INFO - Processing /home/airflow/.local/lib/python3.12/site-packages/airflow/example_dags/example_kubernetes_executor.py took 0.309 seconds
[2024-06-18T09:44:57.548+0000] {processor.py:161} INFO - Started process (PID=2865) to work on /home/airflow/.local/lib/python3.12/site-packages/airflow/example_dags/example_kubernetes_executor.py
[2024-06-18T09:44:57.577+0000] {processor.py:830} INFO - Processing file /home/airflow/.local/lib/python3.12/site-packages/airflow/example_dags/example_kubernetes_executor.py for tasks to queue
[2024-06-18T09:44:57.627+0000] {logging_mixin.py:188} INFO - [2024-06-18T09:44:57.626+0000] {dagbag.py:545} INFO - Filling up the DagBag from /home/airflow/.local/lib/python3.12/site-packages/airflow/example_dags/example_kubernetes_executor.py
[2024-06-18T09:44:58.015+0000] {processor.py:840} INFO - DAG(s) 'example_kubernetes_executor' retrieved from /home/airflow/.local/lib/python3.12/site-packages/airflow/example_dags/example_kubernetes_executor.py
[2024-06-18T09:44:58.542+0000] {logging_mixin.py:188} INFO - [2024-06-18T09:44:58.528+0000] {dag.py:3096} INFO - Sync 1 DAGs
[2024-06-18T09:44:58.725+0000] {logging_mixin.py:188} INFO - [2024-06-18T09:44:58.724+0000] {dag.py:3954} INFO - Setting next_dagrun for example_kubernetes_executor to None, run_after=None
[2024-06-18T09:44:59.244+0000] {processor.py:183} INFO - Processing /home/airflow/.local/lib/python3.12/site-packages/airflow/example_dags/example_kubernetes_executor.py took 1.808 seconds
[2024-06-18T09:45:30.159+0000] {processor.py:161} INFO - Started process (PID=3136) to work on /home/airflow/.local/lib/python3.12/site-packages/airflow/example_dags/example_kubernetes_executor.py
[2024-06-18T09:45:30.163+0000] {processor.py:830} INFO - Processing file /home/airflow/.local/lib/python3.12/site-packages/airflow/example_dags/example_kubernetes_executor.py for tasks to queue
[2024-06-18T09:45:30.189+0000] {logging_mixin.py:188} INFO - [2024-06-18T09:45:30.179+0000] {dagbag.py:545} INFO - Filling up the DagBag from /home/airflow/.local/lib/python3.12/site-packages/airflow/example_dags/example_kubernetes_executor.py
[2024-06-18T09:45:30.365+0000] {processor.py:840} INFO - DAG(s) 'example_kubernetes_executor' retrieved from /home/airflow/.local/lib/python3.12/site-packages/airflow/example_dags/example_kubernetes_executor.py
[2024-06-18T09:45:30.737+0000] {logging_mixin.py:188} INFO - [2024-06-18T09:45:30.736+0000] {dag.py:3096} INFO - Sync 1 DAGs
[2024-06-18T09:45:30.829+0000] {logging_mixin.py:188} INFO - [2024-06-18T09:45:30.828+0000] {dag.py:3954} INFO - Setting next_dagrun for example_kubernetes_executor to None, run_after=None
[2024-06-18T09:45:31.120+0000] {processor.py:183} INFO - Processing /home/airflow/.local/lib/python3.12/site-packages/airflow/example_dags/example_kubernetes_executor.py took 1.043 seconds
[2024-06-18T09:46:01.472+0000] {processor.py:161} INFO - Started process (PID=3407) to work on /home/airflow/.local/lib/python3.12/site-packages/airflow/example_dags/example_kubernetes_executor.py
[2024-06-18T09:46:01.475+0000] {processor.py:830} INFO - Processing file /home/airflow/.local/lib/python3.12/site-packages/airflow/example_dags/example_kubernetes_executor.py for tasks to queue
[2024-06-18T09:46:01.482+0000] {logging_mixin.py:188} INFO - [2024-06-18T09:46:01.480+0000] {dagbag.py:545} INFO - Filling up the DagBag from /home/airflow/.local/lib/python3.12/site-packages/airflow/example_dags/example_kubernetes_executor.py
[2024-06-18T09:46:01.584+0000] {processor.py:840} INFO - DAG(s) 'example_kubernetes_executor' retrieved from /home/airflow/.local/lib/python3.12/site-packages/airflow/example_dags/example_kubernetes_executor.py
[2024-06-18T09:46:01.750+0000] {logging_mixin.py:188} INFO - [2024-06-18T09:46:01.749+0000] {dag.py:3096} INFO - Sync 1 DAGs
[2024-06-18T09:46:01.799+0000] {logging_mixin.py:188} INFO - [2024-06-18T09:46:01.798+0000] {dag.py:3954} INFO - Setting next_dagrun for example_kubernetes_executor to None, run_after=None
[2024-06-18T09:46:01.915+0000] {processor.py:183} INFO - Processing /home/airflow/.local/lib/python3.12/site-packages/airflow/example_dags/example_kubernetes_executor.py took 0.472 seconds
[2024-06-18T09:46:37.986+0000] {processor.py:161} INFO - Started process (PID=3679) to work on /home/airflow/.local/lib/python3.12/site-packages/airflow/example_dags/example_kubernetes_executor.py
[2024-06-18T09:46:37.989+0000] {processor.py:830} INFO - Processing file /home/airflow/.local/lib/python3.12/site-packages/airflow/example_dags/example_kubernetes_executor.py for tasks to queue
[2024-06-18T09:46:37.996+0000] {logging_mixin.py:188} INFO - [2024-06-18T09:46:37.995+0000] {dagbag.py:545} INFO - Filling up the DagBag from /home/airflow/.local/lib/python3.12/site-packages/airflow/example_dags/example_kubernetes_executor.py
[2024-06-18T09:46:38.079+0000] {processor.py:840} INFO - DAG(s) 'example_kubernetes_executor' retrieved from /home/airflow/.local/lib/python3.12/site-packages/airflow/example_dags/example_kubernetes_executor.py
[2024-06-18T09:46:38.262+0000] {logging_mixin.py:188} INFO - [2024-06-18T09:46:38.261+0000] {dag.py:3096} INFO - Sync 1 DAGs
[2024-06-18T09:46:38.347+0000] {logging_mixin.py:188} INFO - [2024-06-18T09:46:38.347+0000] {dag.py:3954} INFO - Setting next_dagrun for example_kubernetes_executor to None, run_after=None
[2024-06-18T09:46:38.596+0000] {processor.py:183} INFO - Processing /home/airflow/.local/lib/python3.12/site-packages/airflow/example_dags/example_kubernetes_executor.py took 0.645 seconds
[2024-06-18T09:47:10.343+0000] {processor.py:161} INFO - Started process (PID=3949) to work on /home/airflow/.local/lib/python3.12/site-packages/airflow/example_dags/example_kubernetes_executor.py
[2024-06-18T09:47:10.351+0000] {processor.py:830} INFO - Processing file /home/airflow/.local/lib/python3.12/site-packages/airflow/example_dags/example_kubernetes_executor.py for tasks to queue
[2024-06-18T09:47:10.356+0000] {logging_mixin.py:188} INFO - [2024-06-18T09:47:10.355+0000] {dagbag.py:545} INFO - Filling up the DagBag from /home/airflow/.local/lib/python3.12/site-packages/airflow/example_dags/example_kubernetes_executor.py
[2024-06-18T09:47:10.435+0000] {processor.py:840} INFO - DAG(s) 'example_kubernetes_executor' retrieved from /home/airflow/.local/lib/python3.12/site-packages/airflow/example_dags/example_kubernetes_executor.py
[2024-06-18T09:47:10.726+0000] {logging_mixin.py:188} INFO - [2024-06-18T09:47:10.725+0000] {dag.py:3096} INFO - Sync 1 DAGs
[2024-06-18T09:47:10.789+0000] {logging_mixin.py:188} INFO - [2024-06-18T09:47:10.789+0000] {dag.py:3954} INFO - Setting next_dagrun for example_kubernetes_executor to None, run_after=None
[2024-06-18T09:47:10.979+0000] {processor.py:183} INFO - Processing /home/airflow/.local/lib/python3.12/site-packages/airflow/example_dags/example_kubernetes_executor.py took 0.654 seconds
[2024-06-18T09:47:41.577+0000] {processor.py:161} INFO - Started process (PID=4223) to work on /home/airflow/.local/lib/python3.12/site-packages/airflow/example_dags/example_kubernetes_executor.py
[2024-06-18T09:47:41.580+0000] {processor.py:830} INFO - Processing file /home/airflow/.local/lib/python3.12/site-packages/airflow/example_dags/example_kubernetes_executor.py for tasks to queue
[2024-06-18T09:47:41.585+0000] {logging_mixin.py:188} INFO - [2024-06-18T09:47:41.583+0000] {dagbag.py:545} INFO - Filling up the DagBag from /home/airflow/.local/lib/python3.12/site-packages/airflow/example_dags/example_kubernetes_executor.py
[2024-06-18T09:47:41.631+0000] {processor.py:840} INFO - DAG(s) 'example_kubernetes_executor' retrieved from /home/airflow/.local/lib/python3.12/site-packages/airflow/example_dags/example_kubernetes_executor.py
[2024-06-18T09:47:41.727+0000] {logging_mixin.py:188} INFO - [2024-06-18T09:47:41.727+0000] {dag.py:3096} INFO - Sync 1 DAGs
[2024-06-18T09:47:41.785+0000] {logging_mixin.py:188} INFO - [2024-06-18T09:47:41.784+0000] {dag.py:3954} INFO - Setting next_dagrun for example_kubernetes_executor to None, run_after=None
[2024-06-18T09:47:41.870+0000] {processor.py:183} INFO - Processing /home/airflow/.local/lib/python3.12/site-packages/airflow/example_dags/example_kubernetes_executor.py took 0.316 seconds
[2024-06-18T09:48:13.109+0000] {processor.py:161} INFO - Started process (PID=4493) to work on /home/airflow/.local/lib/python3.12/site-packages/airflow/example_dags/example_kubernetes_executor.py
[2024-06-18T09:48:13.115+0000] {processor.py:830} INFO - Processing file /home/airflow/.local/lib/python3.12/site-packages/airflow/example_dags/example_kubernetes_executor.py for tasks to queue
[2024-06-18T09:48:13.121+0000] {logging_mixin.py:188} INFO - [2024-06-18T09:48:13.120+0000] {dagbag.py:545} INFO - Filling up the DagBag from /home/airflow/.local/lib/python3.12/site-packages/airflow/example_dags/example_kubernetes_executor.py
[2024-06-18T09:48:13.172+0000] {processor.py:840} INFO - DAG(s) 'example_kubernetes_executor' retrieved from /home/airflow/.local/lib/python3.12/site-packages/airflow/example_dags/example_kubernetes_executor.py
[2024-06-18T09:48:13.586+0000] {logging_mixin.py:188} INFO - [2024-06-18T09:48:13.585+0000] {dag.py:3096} INFO - Sync 1 DAGs
[2024-06-18T09:48:13.655+0000] {logging_mixin.py:188} INFO - [2024-06-18T09:48:13.653+0000] {dag.py:3954} INFO - Setting next_dagrun for example_kubernetes_executor to None, run_after=None
[2024-06-18T09:48:13.862+0000] {processor.py:183} INFO - Processing /home/airflow/.local/lib/python3.12/site-packages/airflow/example_dags/example_kubernetes_executor.py took 0.789 seconds
[2024-06-18T09:48:46.655+0000] {processor.py:161} INFO - Started process (PID=4765) to work on /home/airflow/.local/lib/python3.12/site-packages/airflow/example_dags/example_kubernetes_executor.py
[2024-06-18T09:48:46.667+0000] {processor.py:830} INFO - Processing file /home/airflow/.local/lib/python3.12/site-packages/airflow/example_dags/example_kubernetes_executor.py for tasks to queue
[2024-06-18T09:48:46.672+0000] {logging_mixin.py:188} INFO - [2024-06-18T09:48:46.671+0000] {dagbag.py:545} INFO - Filling up the DagBag from /home/airflow/.local/lib/python3.12/site-packages/airflow/example_dags/example_kubernetes_executor.py
[2024-06-18T09:48:46.803+0000] {processor.py:840} INFO - DAG(s) 'example_kubernetes_executor' retrieved from /home/airflow/.local/lib/python3.12/site-packages/airflow/example_dags/example_kubernetes_executor.py
[2024-06-18T09:48:46.963+0000] {logging_mixin.py:188} INFO - [2024-06-18T09:48:46.963+0000] {dag.py:3096} INFO - Sync 1 DAGs
[2024-06-18T09:48:47.005+0000] {logging_mixin.py:188} INFO - [2024-06-18T09:48:47.004+0000] {dag.py:3954} INFO - Setting next_dagrun for example_kubernetes_executor to None, run_after=None
[2024-06-18T09:48:47.288+0000] {processor.py:183} INFO - Processing /home/airflow/.local/lib/python3.12/site-packages/airflow/example_dags/example_kubernetes_executor.py took 0.672 seconds
[2024-06-18T09:49:17.920+0000] {processor.py:161} INFO - Started process (PID=5037) to work on /home/airflow/.local/lib/python3.12/site-packages/airflow/example_dags/example_kubernetes_executor.py
[2024-06-18T09:49:17.922+0000] {processor.py:830} INFO - Processing file /home/airflow/.local/lib/python3.12/site-packages/airflow/example_dags/example_kubernetes_executor.py for tasks to queue
[2024-06-18T09:49:17.933+0000] {logging_mixin.py:188} INFO - [2024-06-18T09:49:17.932+0000] {dagbag.py:545} INFO - Filling up the DagBag from /home/airflow/.local/lib/python3.12/site-packages/airflow/example_dags/example_kubernetes_executor.py
[2024-06-18T09:49:17.983+0000] {processor.py:840} INFO - DAG(s) 'example_kubernetes_executor' retrieved from /home/airflow/.local/lib/python3.12/site-packages/airflow/example_dags/example_kubernetes_executor.py
[2024-06-18T09:49:18.125+0000] {logging_mixin.py:188} INFO - [2024-06-18T09:49:18.124+0000] {dag.py:3096} INFO - Sync 1 DAGs
[2024-06-18T09:49:18.171+0000] {logging_mixin.py:188} INFO - [2024-06-18T09:49:18.170+0000] {dag.py:3954} INFO - Setting next_dagrun for example_kubernetes_executor to None, run_after=None
[2024-06-18T09:49:18.420+0000] {processor.py:183} INFO - Processing /home/airflow/.local/lib/python3.12/site-packages/airflow/example_dags/example_kubernetes_executor.py took 0.536 seconds
[2024-06-18T09:49:55.185+0000] {processor.py:161} INFO - Started process (PID=5268) to work on /home/airflow/.local/lib/python3.12/site-packages/airflow/example_dags/example_kubernetes_executor.py
[2024-06-18T09:49:55.190+0000] {processor.py:830} INFO - Processing file /home/airflow/.local/lib/python3.12/site-packages/airflow/example_dags/example_kubernetes_executor.py for tasks to queue
[2024-06-18T09:49:55.204+0000] {logging_mixin.py:188} INFO - [2024-06-18T09:49:55.203+0000] {dagbag.py:545} INFO - Filling up the DagBag from /home/airflow/.local/lib/python3.12/site-packages/airflow/example_dags/example_kubernetes_executor.py
[2024-06-18T09:49:55.418+0000] {processor.py:840} INFO - DAG(s) 'example_kubernetes_executor' retrieved from /home/airflow/.local/lib/python3.12/site-packages/airflow/example_dags/example_kubernetes_executor.py
[2024-06-18T09:49:55.721+0000] {logging_mixin.py:188} INFO - [2024-06-18T09:49:55.720+0000] {dag.py:3096} INFO - Sync 1 DAGs
[2024-06-18T09:49:55.841+0000] {logging_mixin.py:188} INFO - [2024-06-18T09:49:55.841+0000] {dag.py:3954} INFO - Setting next_dagrun for example_kubernetes_executor to None, run_after=None
[2024-06-18T09:49:56.069+0000] {processor.py:183} INFO - Processing /home/airflow/.local/lib/python3.12/site-packages/airflow/example_dags/example_kubernetes_executor.py took 0.904 seconds
[2024-06-18T09:50:26.541+0000] {processor.py:161} INFO - Started process (PID=5540) to work on /home/airflow/.local/lib/python3.12/site-packages/airflow/example_dags/example_kubernetes_executor.py
[2024-06-18T09:50:26.543+0000] {processor.py:830} INFO - Processing file /home/airflow/.local/lib/python3.12/site-packages/airflow/example_dags/example_kubernetes_executor.py for tasks to queue
[2024-06-18T09:50:26.548+0000] {logging_mixin.py:188} INFO - [2024-06-18T09:50:26.548+0000] {dagbag.py:545} INFO - Filling up the DagBag from /home/airflow/.local/lib/python3.12/site-packages/airflow/example_dags/example_kubernetes_executor.py
[2024-06-18T09:50:26.589+0000] {processor.py:840} INFO - DAG(s) 'example_kubernetes_executor' retrieved from /home/airflow/.local/lib/python3.12/site-packages/airflow/example_dags/example_kubernetes_executor.py
[2024-06-18T09:50:26.798+0000] {logging_mixin.py:188} INFO - [2024-06-18T09:50:26.797+0000] {dag.py:3096} INFO - Sync 1 DAGs
[2024-06-18T09:50:26.858+0000] {logging_mixin.py:188} INFO - [2024-06-18T09:50:26.857+0000] {dag.py:3954} INFO - Setting next_dagrun for example_kubernetes_executor to None, run_after=None
[2024-06-18T09:50:26.983+0000] {processor.py:183} INFO - Processing /home/airflow/.local/lib/python3.12/site-packages/airflow/example_dags/example_kubernetes_executor.py took 0.462 seconds
[2024-06-18T09:50:58.367+0000] {processor.py:161} INFO - Started process (PID=5812) to work on /home/airflow/.local/lib/python3.12/site-packages/airflow/example_dags/example_kubernetes_executor.py
[2024-06-18T09:50:58.370+0000] {processor.py:830} INFO - Processing file /home/airflow/.local/lib/python3.12/site-packages/airflow/example_dags/example_kubernetes_executor.py for tasks to queue
[2024-06-18T09:50:58.377+0000] {logging_mixin.py:188} INFO - [2024-06-18T09:50:58.377+0000] {dagbag.py:545} INFO - Filling up the DagBag from /home/airflow/.local/lib/python3.12/site-packages/airflow/example_dags/example_kubernetes_executor.py
[2024-06-18T09:50:58.416+0000] {processor.py:840} INFO - DAG(s) 'example_kubernetes_executor' retrieved from /home/airflow/.local/lib/python3.12/site-packages/airflow/example_dags/example_kubernetes_executor.py
[2024-06-18T09:50:58.554+0000] {logging_mixin.py:188} INFO - [2024-06-18T09:50:58.553+0000] {dag.py:3096} INFO - Sync 1 DAGs
[2024-06-18T09:50:58.597+0000] {logging_mixin.py:188} INFO - [2024-06-18T09:50:58.596+0000] {dag.py:3954} INFO - Setting next_dagrun for example_kubernetes_executor to None, run_after=None
[2024-06-18T09:50:58.681+0000] {processor.py:183} INFO - Processing /home/airflow/.local/lib/python3.12/site-packages/airflow/example_dags/example_kubernetes_executor.py took 0.331 seconds
[2024-06-18T09:51:30.095+0000] {processor.py:161} INFO - Started process (PID=6084) to work on /home/airflow/.local/lib/python3.12/site-packages/airflow/example_dags/example_kubernetes_executor.py
[2024-06-18T09:51:30.098+0000] {processor.py:830} INFO - Processing file /home/airflow/.local/lib/python3.12/site-packages/airflow/example_dags/example_kubernetes_executor.py for tasks to queue
[2024-06-18T09:51:30.104+0000] {logging_mixin.py:188} INFO - [2024-06-18T09:51:30.103+0000] {dagbag.py:545} INFO - Filling up the DagBag from /home/airflow/.local/lib/python3.12/site-packages/airflow/example_dags/example_kubernetes_executor.py
[2024-06-18T09:51:30.165+0000] {processor.py:840} INFO - DAG(s) 'example_kubernetes_executor' retrieved from /home/airflow/.local/lib/python3.12/site-packages/airflow/example_dags/example_kubernetes_executor.py
[2024-06-18T09:51:30.297+0000] {logging_mixin.py:188} INFO - [2024-06-18T09:51:30.296+0000] {dag.py:3096} INFO - Sync 1 DAGs
[2024-06-18T09:51:30.362+0000] {logging_mixin.py:188} INFO - [2024-06-18T09:51:30.362+0000] {dag.py:3954} INFO - Setting next_dagrun for example_kubernetes_executor to None, run_after=None
[2024-06-18T09:51:31.027+0000] {processor.py:183} INFO - Processing /home/airflow/.local/lib/python3.12/site-packages/airflow/example_dags/example_kubernetes_executor.py took 0.948 seconds
[2024-06-18T09:52:08.094+0000] {processor.py:161} INFO - Started process (PID=6356) to work on /home/airflow/.local/lib/python3.12/site-packages/airflow/example_dags/example_kubernetes_executor.py
[2024-06-18T09:52:08.097+0000] {processor.py:830} INFO - Processing file /home/airflow/.local/lib/python3.12/site-packages/airflow/example_dags/example_kubernetes_executor.py for tasks to queue
[2024-06-18T09:52:08.109+0000] {logging_mixin.py:188} INFO - [2024-06-18T09:52:08.108+0000] {dagbag.py:545} INFO - Filling up the DagBag from /home/airflow/.local/lib/python3.12/site-packages/airflow/example_dags/example_kubernetes_executor.py
[2024-06-18T09:52:08.171+0000] {processor.py:840} INFO - DAG(s) 'example_kubernetes_executor' retrieved from /home/airflow/.local/lib/python3.12/site-packages/airflow/example_dags/example_kubernetes_executor.py
[2024-06-18T09:52:08.417+0000] {logging_mixin.py:188} INFO - [2024-06-18T09:52:08.416+0000] {dag.py:3096} INFO - Sync 1 DAGs
[2024-06-18T09:52:08.575+0000] {logging_mixin.py:188} INFO - [2024-06-18T09:52:08.575+0000] {dag.py:3954} INFO - Setting next_dagrun for example_kubernetes_executor to None, run_after=None
[2024-06-18T09:52:08.928+0000] {processor.py:183} INFO - Processing /home/airflow/.local/lib/python3.12/site-packages/airflow/example_dags/example_kubernetes_executor.py took 0.862 seconds
[2024-06-18T09:52:43.596+0000] {processor.py:161} INFO - Started process (PID=6638) to work on /home/airflow/.local/lib/python3.12/site-packages/airflow/example_dags/example_kubernetes_executor.py
[2024-06-18T09:52:43.598+0000] {processor.py:830} INFO - Processing file /home/airflow/.local/lib/python3.12/site-packages/airflow/example_dags/example_kubernetes_executor.py for tasks to queue
[2024-06-18T09:52:43.805+0000] {logging_mixin.py:188} INFO - [2024-06-18T09:52:43.603+0000] {dagbag.py:545} INFO - Filling up the DagBag from /home/airflow/.local/lib/python3.12/site-packages/airflow/example_dags/example_kubernetes_executor.py
[2024-06-18T09:52:44.173+0000] {processor.py:840} INFO - DAG(s) 'example_kubernetes_executor' retrieved from /home/airflow/.local/lib/python3.12/site-packages/airflow/example_dags/example_kubernetes_executor.py
[2024-06-18T09:52:44.322+0000] {logging_mixin.py:188} INFO - [2024-06-18T09:52:44.321+0000] {dag.py:3096} INFO - Sync 1 DAGs
[2024-06-18T09:52:44.376+0000] {logging_mixin.py:188} INFO - [2024-06-18T09:52:44.375+0000] {dag.py:3954} INFO - Setting next_dagrun for example_kubernetes_executor to None, run_after=None
[2024-06-18T09:52:44.696+0000] {processor.py:183} INFO - Processing /home/airflow/.local/lib/python3.12/site-packages/airflow/example_dags/example_kubernetes_executor.py took 1.122 seconds
[2024-06-18T09:53:47.463+0000] {processor.py:161} INFO - Started process (PID=6923) to work on /home/airflow/.local/lib/python3.12/site-packages/airflow/example_dags/example_kubernetes_executor.py
[2024-06-18T09:53:47.767+0000] {processor.py:830} INFO - Processing file /home/airflow/.local/lib/python3.12/site-packages/airflow/example_dags/example_kubernetes_executor.py for tasks to queue
[2024-06-18T09:53:47.896+0000] {logging_mixin.py:188} INFO - [2024-06-18T09:53:47.885+0000] {dagbag.py:545} INFO - Filling up the DagBag from /home/airflow/.local/lib/python3.12/site-packages/airflow/example_dags/example_kubernetes_executor.py
[2024-06-18T09:53:48.120+0000] {processor.py:840} INFO - DAG(s) 'example_kubernetes_executor' retrieved from /home/airflow/.local/lib/python3.12/site-packages/airflow/example_dags/example_kubernetes_executor.py
[2024-06-18T09:53:48.657+0000] {logging_mixin.py:188} INFO - [2024-06-18T09:53:48.656+0000] {dag.py:3096} INFO - Sync 1 DAGs
[2024-06-18T09:53:48.981+0000] {logging_mixin.py:188} INFO - [2024-06-18T09:53:48.981+0000] {dag.py:3954} INFO - Setting next_dagrun for example_kubernetes_executor to None, run_after=None
[2024-06-18T09:53:49.294+0000] {processor.py:183} INFO - Processing /home/airflow/.local/lib/python3.12/site-packages/airflow/example_dags/example_kubernetes_executor.py took 1.899 seconds
[2024-06-18T09:54:34.938+0000] {processor.py:161} INFO - Started process (PID=344) to work on /home/airflow/.local/lib/python3.12/site-packages/airflow/example_dags/example_kubernetes_executor.py
[2024-06-18T09:54:34.940+0000] {processor.py:830} INFO - Processing file /home/airflow/.local/lib/python3.12/site-packages/airflow/example_dags/example_kubernetes_executor.py for tasks to queue
[2024-06-18T09:54:34.988+0000] {logging_mixin.py:188} INFO - [2024-06-18T09:54:34.975+0000] {dagbag.py:545} INFO - Filling up the DagBag from /home/airflow/.local/lib/python3.12/site-packages/airflow/example_dags/example_kubernetes_executor.py
[2024-06-18T09:54:35.162+0000] {processor.py:840} INFO - DAG(s) 'example_kubernetes_executor' retrieved from /home/airflow/.local/lib/python3.12/site-packages/airflow/example_dags/example_kubernetes_executor.py
[2024-06-18T09:54:37.344+0000] {logging_mixin.py:188} INFO - [2024-06-18T09:54:37.332+0000] {override.py:1829} INFO - Created Permission View: can delete on DAG:example_kubernetes_executor
[2024-06-18T09:54:37.684+0000] {logging_mixin.py:188} INFO - [2024-06-18T09:54:37.684+0000] {override.py:1829} INFO - Created Permission View: can edit on DAG:example_kubernetes_executor
[2024-06-18T09:54:37.941+0000] {logging_mixin.py:188} INFO - [2024-06-18T09:54:37.940+0000] {override.py:1829} INFO - Created Permission View: can read on DAG:example_kubernetes_executor
[2024-06-18T09:54:37.975+0000] {logging_mixin.py:188} INFO - [2024-06-18T09:54:37.975+0000] {dag.py:3096} INFO - Sync 1 DAGs
[2024-06-18T09:54:38.122+0000] {logging_mixin.py:188} INFO - [2024-06-18T09:54:38.121+0000] {dag.py:3118} INFO - Creating ORM DAG for example_kubernetes_executor
[2024-06-18T09:54:38.168+0000] {logging_mixin.py:188} INFO - [2024-06-18T09:54:38.167+0000] {dag.py:3954} INFO - Setting next_dagrun for example_kubernetes_executor to None, run_after=None
[2024-06-18T09:54:38.439+0000] {processor.py:183} INFO - Processing /home/airflow/.local/lib/python3.12/site-packages/airflow/example_dags/example_kubernetes_executor.py took 3.611 seconds
