[2024-06-18T09:39:03.113+0000] {processor.py:161} INFO - Started process (PID=362) to work on /home/airflow/.local/lib/python3.12/site-packages/airflow/example_dags/example_setup_teardown.py
[2024-06-18T09:39:03.115+0000] {processor.py:830} INFO - Processing file /home/airflow/.local/lib/python3.12/site-packages/airflow/example_dags/example_setup_teardown.py for tasks to queue
[2024-06-18T09:39:03.119+0000] {logging_mixin.py:188} INFO - [2024-06-18T09:39:03.119+0000] {dagbag.py:545} INFO - Filling up the DagBag from /home/airflow/.local/lib/python3.12/site-packages/airflow/example_dags/example_setup_teardown.py
[2024-06-18T09:39:03.138+0000] {processor.py:840} INFO - DAG(s) 'example_setup_teardown' retrieved from /home/airflow/.local/lib/python3.12/site-packages/airflow/example_dags/example_setup_teardown.py
[2024-06-18T09:39:03.234+0000] {logging_mixin.py:188} INFO - [2024-06-18T09:39:03.234+0000] {dag.py:3096} INFO - Sync 1 DAGs
[2024-06-18T09:39:03.421+0000] {logging_mixin.py:188} INFO - [2024-06-18T09:39:03.419+0000] {dag.py:3954} INFO - Setting next_dagrun for example_setup_teardown to 2024-06-17 00:00:00+00:00, run_after=2024-06-18 00:00:00+00:00
[2024-06-18T09:39:03.713+0000] {processor.py:183} INFO - Processing /home/airflow/.local/lib/python3.12/site-packages/airflow/example_dags/example_setup_teardown.py took 0.618 seconds
[2024-06-18T09:39:58.835+0000] {processor.py:161} INFO - Started process (PID=640) to work on /home/airflow/.local/lib/python3.12/site-packages/airflow/example_dags/example_setup_teardown.py
[2024-06-18T09:39:58.840+0000] {processor.py:830} INFO - Processing file /home/airflow/.local/lib/python3.12/site-packages/airflow/example_dags/example_setup_teardown.py for tasks to queue
[2024-06-18T09:39:58.845+0000] {logging_mixin.py:188} INFO - [2024-06-18T09:39:58.844+0000] {dagbag.py:545} INFO - Filling up the DagBag from /home/airflow/.local/lib/python3.12/site-packages/airflow/example_dags/example_setup_teardown.py
[2024-06-18T09:39:58.866+0000] {processor.py:840} INFO - DAG(s) 'example_setup_teardown' retrieved from /home/airflow/.local/lib/python3.12/site-packages/airflow/example_dags/example_setup_teardown.py
[2024-06-18T09:39:59.163+0000] {logging_mixin.py:188} INFO - [2024-06-18T09:39:59.162+0000] {dag.py:3096} INFO - Sync 1 DAGs
[2024-06-18T09:39:59.220+0000] {logging_mixin.py:188} INFO - [2024-06-18T09:39:59.219+0000] {dag.py:3954} INFO - Setting next_dagrun for example_setup_teardown to 2024-06-17 00:00:00+00:00, run_after=2024-06-18 00:00:00+00:00
[2024-06-18T09:39:59.387+0000] {processor.py:183} INFO - Processing /home/airflow/.local/lib/python3.12/site-packages/airflow/example_dags/example_setup_teardown.py took 0.575 seconds
[2024-06-18T09:40:30.111+0000] {processor.py:161} INFO - Started process (PID=914) to work on /home/airflow/.local/lib/python3.12/site-packages/airflow/example_dags/example_setup_teardown.py
[2024-06-18T09:40:30.113+0000] {processor.py:830} INFO - Processing file /home/airflow/.local/lib/python3.12/site-packages/airflow/example_dags/example_setup_teardown.py for tasks to queue
[2024-06-18T09:40:30.121+0000] {logging_mixin.py:188} INFO - [2024-06-18T09:40:30.118+0000] {dagbag.py:545} INFO - Filling up the DagBag from /home/airflow/.local/lib/python3.12/site-packages/airflow/example_dags/example_setup_teardown.py
[2024-06-18T09:40:30.141+0000] {processor.py:840} INFO - DAG(s) 'example_setup_teardown' retrieved from /home/airflow/.local/lib/python3.12/site-packages/airflow/example_dags/example_setup_teardown.py
[2024-06-18T09:40:30.200+0000] {logging_mixin.py:188} INFO - [2024-06-18T09:40:30.200+0000] {dag.py:3096} INFO - Sync 1 DAGs
[2024-06-18T09:40:30.297+0000] {logging_mixin.py:188} INFO - [2024-06-18T09:40:30.297+0000] {dag.py:3954} INFO - Setting next_dagrun for example_setup_teardown to 2024-06-17 00:00:00+00:00, run_after=2024-06-18 00:00:00+00:00
[2024-06-18T09:40:30.417+0000] {processor.py:183} INFO - Processing /home/airflow/.local/lib/python3.12/site-packages/airflow/example_dags/example_setup_teardown.py took 0.326 seconds
[2024-06-18T09:41:12.351+0000] {processor.py:161} INFO - Started process (PID=1210) to work on /home/airflow/.local/lib/python3.12/site-packages/airflow/example_dags/example_setup_teardown.py
[2024-06-18T09:41:12.354+0000] {processor.py:830} INFO - Processing file /home/airflow/.local/lib/python3.12/site-packages/airflow/example_dags/example_setup_teardown.py for tasks to queue
[2024-06-18T09:41:12.369+0000] {logging_mixin.py:188} INFO - [2024-06-18T09:41:12.368+0000] {dagbag.py:545} INFO - Filling up the DagBag from /home/airflow/.local/lib/python3.12/site-packages/airflow/example_dags/example_setup_teardown.py
[2024-06-18T09:41:12.403+0000] {processor.py:840} INFO - DAG(s) 'example_setup_teardown' retrieved from /home/airflow/.local/lib/python3.12/site-packages/airflow/example_dags/example_setup_teardown.py
[2024-06-18T09:41:12.501+0000] {logging_mixin.py:188} INFO - [2024-06-18T09:41:12.499+0000] {dag.py:3096} INFO - Sync 1 DAGs
[2024-06-18T09:41:12.590+0000] {logging_mixin.py:188} INFO - [2024-06-18T09:41:12.590+0000] {dag.py:3954} INFO - Setting next_dagrun for example_setup_teardown to 2024-06-17 00:00:00+00:00, run_after=2024-06-18 00:00:00+00:00
[2024-06-18T09:41:12.750+0000] {processor.py:183} INFO - Processing /home/airflow/.local/lib/python3.12/site-packages/airflow/example_dags/example_setup_teardown.py took 0.437 seconds
[2024-06-18T09:41:49.597+0000] {processor.py:161} INFO - Started process (PID=1483) to work on /home/airflow/.local/lib/python3.12/site-packages/airflow/example_dags/example_setup_teardown.py
[2024-06-18T09:41:49.618+0000] {processor.py:830} INFO - Processing file /home/airflow/.local/lib/python3.12/site-packages/airflow/example_dags/example_setup_teardown.py for tasks to queue
[2024-06-18T09:41:49.635+0000] {logging_mixin.py:188} INFO - [2024-06-18T09:41:49.634+0000] {dagbag.py:545} INFO - Filling up the DagBag from /home/airflow/.local/lib/python3.12/site-packages/airflow/example_dags/example_setup_teardown.py
[2024-06-18T09:41:49.701+0000] {processor.py:840} INFO - DAG(s) 'example_setup_teardown' retrieved from /home/airflow/.local/lib/python3.12/site-packages/airflow/example_dags/example_setup_teardown.py
[2024-06-18T09:41:49.925+0000] {logging_mixin.py:188} INFO - [2024-06-18T09:41:49.914+0000] {dag.py:3096} INFO - Sync 1 DAGs
[2024-06-18T09:41:50.146+0000] {logging_mixin.py:188} INFO - [2024-06-18T09:41:50.145+0000] {dag.py:3954} INFO - Setting next_dagrun for example_setup_teardown to 2024-06-17 00:00:00+00:00, run_after=2024-06-18 00:00:00+00:00
[2024-06-18T09:41:50.302+0000] {processor.py:183} INFO - Processing /home/airflow/.local/lib/python3.12/site-packages/airflow/example_dags/example_setup_teardown.py took 0.756 seconds
[2024-06-18T09:42:42.793+0000] {processor.py:161} INFO - Started process (PID=1786) to work on /home/airflow/.local/lib/python3.12/site-packages/airflow/example_dags/example_setup_teardown.py
[2024-06-18T09:42:42.840+0000] {processor.py:830} INFO - Processing file /home/airflow/.local/lib/python3.12/site-packages/airflow/example_dags/example_setup_teardown.py for tasks to queue
[2024-06-18T09:42:42.853+0000] {logging_mixin.py:188} INFO - [2024-06-18T09:42:42.846+0000] {dagbag.py:545} INFO - Filling up the DagBag from /home/airflow/.local/lib/python3.12/site-packages/airflow/example_dags/example_setup_teardown.py
[2024-06-18T09:42:42.898+0000] {processor.py:840} INFO - DAG(s) 'example_setup_teardown' retrieved from /home/airflow/.local/lib/python3.12/site-packages/airflow/example_dags/example_setup_teardown.py
[2024-06-18T09:42:43.050+0000] {logging_mixin.py:188} INFO - [2024-06-18T09:42:43.049+0000] {dag.py:3096} INFO - Sync 1 DAGs
[2024-06-18T09:42:43.212+0000] {logging_mixin.py:188} INFO - [2024-06-18T09:42:43.211+0000] {dag.py:3954} INFO - Setting next_dagrun for example_setup_teardown to 2024-06-17 00:00:00+00:00, run_after=2024-06-18 00:00:00+00:00
[2024-06-18T09:42:43.481+0000] {processor.py:183} INFO - Processing /home/airflow/.local/lib/python3.12/site-packages/airflow/example_dags/example_setup_teardown.py took 0.802 seconds
[2024-06-18T09:43:13.988+0000] {processor.py:161} INFO - Started process (PID=2058) to work on /home/airflow/.local/lib/python3.12/site-packages/airflow/example_dags/example_setup_teardown.py
[2024-06-18T09:43:14.074+0000] {processor.py:830} INFO - Processing file /home/airflow/.local/lib/python3.12/site-packages/airflow/example_dags/example_setup_teardown.py for tasks to queue
[2024-06-18T09:43:14.078+0000] {logging_mixin.py:188} INFO - [2024-06-18T09:43:14.078+0000] {dagbag.py:545} INFO - Filling up the DagBag from /home/airflow/.local/lib/python3.12/site-packages/airflow/example_dags/example_setup_teardown.py
[2024-06-18T09:43:14.134+0000] {processor.py:840} INFO - DAG(s) 'example_setup_teardown' retrieved from /home/airflow/.local/lib/python3.12/site-packages/airflow/example_dags/example_setup_teardown.py
[2024-06-18T09:43:14.266+0000] {logging_mixin.py:188} INFO - [2024-06-18T09:43:14.266+0000] {dag.py:3096} INFO - Sync 1 DAGs
[2024-06-18T09:43:14.468+0000] {logging_mixin.py:188} INFO - [2024-06-18T09:43:14.467+0000] {dag.py:3954} INFO - Setting next_dagrun for example_setup_teardown to 2024-06-17 00:00:00+00:00, run_after=2024-06-18 00:00:00+00:00
[2024-06-18T09:43:14.566+0000] {processor.py:183} INFO - Processing /home/airflow/.local/lib/python3.12/site-packages/airflow/example_dags/example_setup_teardown.py took 0.601 seconds
[2024-06-18T09:43:44.981+0000] {processor.py:161} INFO - Started process (PID=2330) to work on /home/airflow/.local/lib/python3.12/site-packages/airflow/example_dags/example_setup_teardown.py
[2024-06-18T09:43:45.026+0000] {processor.py:830} INFO - Processing file /home/airflow/.local/lib/python3.12/site-packages/airflow/example_dags/example_setup_teardown.py for tasks to queue
[2024-06-18T09:43:45.112+0000] {logging_mixin.py:188} INFO - [2024-06-18T09:43:45.111+0000] {dagbag.py:545} INFO - Filling up the DagBag from /home/airflow/.local/lib/python3.12/site-packages/airflow/example_dags/example_setup_teardown.py
[2024-06-18T09:43:45.256+0000] {processor.py:840} INFO - DAG(s) 'example_setup_teardown' retrieved from /home/airflow/.local/lib/python3.12/site-packages/airflow/example_dags/example_setup_teardown.py
[2024-06-18T09:43:45.506+0000] {logging_mixin.py:188} INFO - [2024-06-18T09:43:45.505+0000] {dag.py:3096} INFO - Sync 1 DAGs
[2024-06-18T09:43:45.686+0000] {logging_mixin.py:188} INFO - [2024-06-18T09:43:45.685+0000] {dag.py:3954} INFO - Setting next_dagrun for example_setup_teardown to 2024-06-17 00:00:00+00:00, run_after=2024-06-18 00:00:00+00:00
[2024-06-18T09:43:45.919+0000] {processor.py:183} INFO - Processing /home/airflow/.local/lib/python3.12/site-packages/airflow/example_dags/example_setup_teardown.py took 0.972 seconds
[2024-06-18T09:44:23.214+0000] {processor.py:161} INFO - Started process (PID=2602) to work on /home/airflow/.local/lib/python3.12/site-packages/airflow/example_dags/example_setup_teardown.py
[2024-06-18T09:44:23.217+0000] {processor.py:830} INFO - Processing file /home/airflow/.local/lib/python3.12/site-packages/airflow/example_dags/example_setup_teardown.py for tasks to queue
[2024-06-18T09:44:23.224+0000] {logging_mixin.py:188} INFO - [2024-06-18T09:44:23.223+0000] {dagbag.py:545} INFO - Filling up the DagBag from /home/airflow/.local/lib/python3.12/site-packages/airflow/example_dags/example_setup_teardown.py
[2024-06-18T09:44:23.249+0000] {processor.py:840} INFO - DAG(s) 'example_setup_teardown' retrieved from /home/airflow/.local/lib/python3.12/site-packages/airflow/example_dags/example_setup_teardown.py
[2024-06-18T09:44:23.310+0000] {logging_mixin.py:188} INFO - [2024-06-18T09:44:23.309+0000] {dag.py:3096} INFO - Sync 1 DAGs
[2024-06-18T09:44:23.361+0000] {logging_mixin.py:188} INFO - [2024-06-18T09:44:23.361+0000] {dag.py:3954} INFO - Setting next_dagrun for example_setup_teardown to 2024-06-17 00:00:00+00:00, run_after=2024-06-18 00:00:00+00:00
[2024-06-18T09:44:23.428+0000] {processor.py:183} INFO - Processing /home/airflow/.local/lib/python3.12/site-packages/airflow/example_dags/example_setup_teardown.py took 0.231 seconds
[2024-06-18T09:44:59.612+0000] {processor.py:161} INFO - Started process (PID=2875) to work on /home/airflow/.local/lib/python3.12/site-packages/airflow/example_dags/example_setup_teardown.py
[2024-06-18T09:44:59.620+0000] {processor.py:830} INFO - Processing file /home/airflow/.local/lib/python3.12/site-packages/airflow/example_dags/example_setup_teardown.py for tasks to queue
[2024-06-18T09:44:59.628+0000] {logging_mixin.py:188} INFO - [2024-06-18T09:44:59.627+0000] {dagbag.py:545} INFO - Filling up the DagBag from /home/airflow/.local/lib/python3.12/site-packages/airflow/example_dags/example_setup_teardown.py
[2024-06-18T09:44:59.679+0000] {processor.py:840} INFO - DAG(s) 'example_setup_teardown' retrieved from /home/airflow/.local/lib/python3.12/site-packages/airflow/example_dags/example_setup_teardown.py
[2024-06-18T09:44:59.787+0000] {logging_mixin.py:188} INFO - [2024-06-18T09:44:59.787+0000] {dag.py:3096} INFO - Sync 1 DAGs
[2024-06-18T09:44:59.913+0000] {logging_mixin.py:188} INFO - [2024-06-18T09:44:59.912+0000] {dag.py:3954} INFO - Setting next_dagrun for example_setup_teardown to 2024-06-17 00:00:00+00:00, run_after=2024-06-18 00:00:00+00:00
[2024-06-18T09:45:00.189+0000] {processor.py:183} INFO - Processing /home/airflow/.local/lib/python3.12/site-packages/airflow/example_dags/example_setup_teardown.py took 0.612 seconds
[2024-06-18T09:45:31.374+0000] {processor.py:161} INFO - Started process (PID=3146) to work on /home/airflow/.local/lib/python3.12/site-packages/airflow/example_dags/example_setup_teardown.py
[2024-06-18T09:45:31.393+0000] {processor.py:830} INFO - Processing file /home/airflow/.local/lib/python3.12/site-packages/airflow/example_dags/example_setup_teardown.py for tasks to queue
[2024-06-18T09:45:31.424+0000] {logging_mixin.py:188} INFO - [2024-06-18T09:45:31.421+0000] {dagbag.py:545} INFO - Filling up the DagBag from /home/airflow/.local/lib/python3.12/site-packages/airflow/example_dags/example_setup_teardown.py
[2024-06-18T09:45:31.469+0000] {processor.py:840} INFO - DAG(s) 'example_setup_teardown' retrieved from /home/airflow/.local/lib/python3.12/site-packages/airflow/example_dags/example_setup_teardown.py
[2024-06-18T09:45:31.671+0000] {logging_mixin.py:188} INFO - [2024-06-18T09:45:31.671+0000] {dag.py:3096} INFO - Sync 1 DAGs
[2024-06-18T09:45:32.187+0000] {logging_mixin.py:188} INFO - [2024-06-18T09:45:32.187+0000] {dag.py:3954} INFO - Setting next_dagrun for example_setup_teardown to 2024-06-17 00:00:00+00:00, run_after=2024-06-18 00:00:00+00:00
[2024-06-18T09:45:32.834+0000] {processor.py:183} INFO - Processing /home/airflow/.local/lib/python3.12/site-packages/airflow/example_dags/example_setup_teardown.py took 1.490 seconds
[2024-06-18T09:46:03.677+0000] {processor.py:161} INFO - Started process (PID=3419) to work on /home/airflow/.local/lib/python3.12/site-packages/airflow/example_dags/example_setup_teardown.py
[2024-06-18T09:46:03.680+0000] {processor.py:830} INFO - Processing file /home/airflow/.local/lib/python3.12/site-packages/airflow/example_dags/example_setup_teardown.py for tasks to queue
[2024-06-18T09:46:03.685+0000] {logging_mixin.py:188} INFO - [2024-06-18T09:46:03.684+0000] {dagbag.py:545} INFO - Filling up the DagBag from /home/airflow/.local/lib/python3.12/site-packages/airflow/example_dags/example_setup_teardown.py
[2024-06-18T09:46:03.706+0000] {processor.py:840} INFO - DAG(s) 'example_setup_teardown' retrieved from /home/airflow/.local/lib/python3.12/site-packages/airflow/example_dags/example_setup_teardown.py
[2024-06-18T09:46:03.775+0000] {logging_mixin.py:188} INFO - [2024-06-18T09:46:03.774+0000] {dag.py:3096} INFO - Sync 1 DAGs
[2024-06-18T09:46:03.872+0000] {logging_mixin.py:188} INFO - [2024-06-18T09:46:03.861+0000] {dag.py:3954} INFO - Setting next_dagrun for example_setup_teardown to 2024-06-17 00:00:00+00:00, run_after=2024-06-18 00:00:00+00:00
[2024-06-18T09:46:04.038+0000] {processor.py:183} INFO - Processing /home/airflow/.local/lib/python3.12/site-packages/airflow/example_dags/example_setup_teardown.py took 0.379 seconds
[2024-06-18T09:46:39.486+0000] {processor.py:161} INFO - Started process (PID=3689) to work on /home/airflow/.local/lib/python3.12/site-packages/airflow/example_dags/example_setup_teardown.py
[2024-06-18T09:46:39.489+0000] {processor.py:830} INFO - Processing file /home/airflow/.local/lib/python3.12/site-packages/airflow/example_dags/example_setup_teardown.py for tasks to queue
[2024-06-18T09:46:39.497+0000] {logging_mixin.py:188} INFO - [2024-06-18T09:46:39.496+0000] {dagbag.py:545} INFO - Filling up the DagBag from /home/airflow/.local/lib/python3.12/site-packages/airflow/example_dags/example_setup_teardown.py
[2024-06-18T09:46:39.547+0000] {processor.py:840} INFO - DAG(s) 'example_setup_teardown' retrieved from /home/airflow/.local/lib/python3.12/site-packages/airflow/example_dags/example_setup_teardown.py
[2024-06-18T09:46:39.757+0000] {logging_mixin.py:188} INFO - [2024-06-18T09:46:39.752+0000] {dag.py:3096} INFO - Sync 1 DAGs
[2024-06-18T09:46:40.006+0000] {logging_mixin.py:188} INFO - [2024-06-18T09:46:40.005+0000] {dag.py:3954} INFO - Setting next_dagrun for example_setup_teardown to 2024-06-17 00:00:00+00:00, run_after=2024-06-18 00:00:00+00:00
[2024-06-18T09:46:40.230+0000] {processor.py:183} INFO - Processing /home/airflow/.local/lib/python3.12/site-packages/airflow/example_dags/example_setup_teardown.py took 0.765 seconds
[2024-06-18T09:47:11.811+0000] {processor.py:161} INFO - Started process (PID=3965) to work on /home/airflow/.local/lib/python3.12/site-packages/airflow/example_dags/example_setup_teardown.py
[2024-06-18T09:47:11.814+0000] {processor.py:830} INFO - Processing file /home/airflow/.local/lib/python3.12/site-packages/airflow/example_dags/example_setup_teardown.py for tasks to queue
[2024-06-18T09:47:11.822+0000] {logging_mixin.py:188} INFO - [2024-06-18T09:47:11.821+0000] {dagbag.py:545} INFO - Filling up the DagBag from /home/airflow/.local/lib/python3.12/site-packages/airflow/example_dags/example_setup_teardown.py
[2024-06-18T09:47:11.839+0000] {processor.py:840} INFO - DAG(s) 'example_setup_teardown' retrieved from /home/airflow/.local/lib/python3.12/site-packages/airflow/example_dags/example_setup_teardown.py
[2024-06-18T09:47:11.901+0000] {logging_mixin.py:188} INFO - [2024-06-18T09:47:11.900+0000] {dag.py:3096} INFO - Sync 1 DAGs
[2024-06-18T09:47:12.054+0000] {logging_mixin.py:188} INFO - [2024-06-18T09:47:12.053+0000] {dag.py:3954} INFO - Setting next_dagrun for example_setup_teardown to 2024-06-17 00:00:00+00:00, run_after=2024-06-18 00:00:00+00:00
[2024-06-18T09:47:12.456+0000] {processor.py:183} INFO - Processing /home/airflow/.local/lib/python3.12/site-packages/airflow/example_dags/example_setup_teardown.py took 0.663 seconds
[2024-06-18T09:47:43.040+0000] {processor.py:161} INFO - Started process (PID=4233) to work on /home/airflow/.local/lib/python3.12/site-packages/airflow/example_dags/example_setup_teardown.py
[2024-06-18T09:47:43.042+0000] {processor.py:830} INFO - Processing file /home/airflow/.local/lib/python3.12/site-packages/airflow/example_dags/example_setup_teardown.py for tasks to queue
[2024-06-18T09:47:43.046+0000] {logging_mixin.py:188} INFO - [2024-06-18T09:47:43.045+0000] {dagbag.py:545} INFO - Filling up the DagBag from /home/airflow/.local/lib/python3.12/site-packages/airflow/example_dags/example_setup_teardown.py
[2024-06-18T09:47:43.065+0000] {processor.py:840} INFO - DAG(s) 'example_setup_teardown' retrieved from /home/airflow/.local/lib/python3.12/site-packages/airflow/example_dags/example_setup_teardown.py
[2024-06-18T09:47:43.192+0000] {logging_mixin.py:188} INFO - [2024-06-18T09:47:43.192+0000] {dag.py:3096} INFO - Sync 1 DAGs
[2024-06-18T09:47:43.331+0000] {logging_mixin.py:188} INFO - [2024-06-18T09:47:43.330+0000] {dag.py:3954} INFO - Setting next_dagrun for example_setup_teardown to 2024-06-17 00:00:00+00:00, run_after=2024-06-18 00:00:00+00:00
[2024-06-18T09:47:43.518+0000] {processor.py:183} INFO - Processing /home/airflow/.local/lib/python3.12/site-packages/airflow/example_dags/example_setup_teardown.py took 0.495 seconds
[2024-06-18T09:48:14.184+0000] {processor.py:161} INFO - Started process (PID=4503) to work on /home/airflow/.local/lib/python3.12/site-packages/airflow/example_dags/example_setup_teardown.py
[2024-06-18T09:48:14.189+0000] {processor.py:830} INFO - Processing file /home/airflow/.local/lib/python3.12/site-packages/airflow/example_dags/example_setup_teardown.py for tasks to queue
[2024-06-18T09:48:14.194+0000] {logging_mixin.py:188} INFO - [2024-06-18T09:48:14.193+0000] {dagbag.py:545} INFO - Filling up the DagBag from /home/airflow/.local/lib/python3.12/site-packages/airflow/example_dags/example_setup_teardown.py
[2024-06-18T09:48:14.302+0000] {processor.py:840} INFO - DAG(s) 'example_setup_teardown' retrieved from /home/airflow/.local/lib/python3.12/site-packages/airflow/example_dags/example_setup_teardown.py
[2024-06-18T09:48:14.510+0000] {logging_mixin.py:188} INFO - [2024-06-18T09:48:14.509+0000] {dag.py:3096} INFO - Sync 1 DAGs
[2024-06-18T09:48:14.676+0000] {logging_mixin.py:188} INFO - [2024-06-18T09:48:14.673+0000] {dag.py:3954} INFO - Setting next_dagrun for example_setup_teardown to 2024-06-17 00:00:00+00:00, run_after=2024-06-18 00:00:00+00:00
[2024-06-18T09:48:15.008+0000] {processor.py:183} INFO - Processing /home/airflow/.local/lib/python3.12/site-packages/airflow/example_dags/example_setup_teardown.py took 0.865 seconds
[2024-06-18T09:48:48.205+0000] {processor.py:161} INFO - Started process (PID=4775) to work on /home/airflow/.local/lib/python3.12/site-packages/airflow/example_dags/example_setup_teardown.py
[2024-06-18T09:48:48.261+0000] {processor.py:830} INFO - Processing file /home/airflow/.local/lib/python3.12/site-packages/airflow/example_dags/example_setup_teardown.py for tasks to queue
[2024-06-18T09:48:48.292+0000] {logging_mixin.py:188} INFO - [2024-06-18T09:48:48.291+0000] {dagbag.py:545} INFO - Filling up the DagBag from /home/airflow/.local/lib/python3.12/site-packages/airflow/example_dags/example_setup_teardown.py
[2024-06-18T09:48:48.441+0000] {processor.py:840} INFO - DAG(s) 'example_setup_teardown' retrieved from /home/airflow/.local/lib/python3.12/site-packages/airflow/example_dags/example_setup_teardown.py
[2024-06-18T09:48:48.834+0000] {logging_mixin.py:188} INFO - [2024-06-18T09:48:48.834+0000] {dag.py:3096} INFO - Sync 1 DAGs
[2024-06-18T09:48:48.914+0000] {logging_mixin.py:188} INFO - [2024-06-18T09:48:48.914+0000] {dag.py:3954} INFO - Setting next_dagrun for example_setup_teardown to 2024-06-17 00:00:00+00:00, run_after=2024-06-18 00:00:00+00:00
[2024-06-18T09:48:49.673+0000] {processor.py:183} INFO - Processing /home/airflow/.local/lib/python3.12/site-packages/airflow/example_dags/example_setup_teardown.py took 1.521 seconds
[2024-06-18T09:49:20.560+0000] {processor.py:161} INFO - Started process (PID=5049) to work on /home/airflow/.local/lib/python3.12/site-packages/airflow/example_dags/example_setup_teardown.py
[2024-06-18T09:49:20.562+0000] {processor.py:830} INFO - Processing file /home/airflow/.local/lib/python3.12/site-packages/airflow/example_dags/example_setup_teardown.py for tasks to queue
[2024-06-18T09:49:20.572+0000] {logging_mixin.py:188} INFO - [2024-06-18T09:49:20.571+0000] {dagbag.py:545} INFO - Filling up the DagBag from /home/airflow/.local/lib/python3.12/site-packages/airflow/example_dags/example_setup_teardown.py
[2024-06-18T09:49:20.602+0000] {processor.py:840} INFO - DAG(s) 'example_setup_teardown' retrieved from /home/airflow/.local/lib/python3.12/site-packages/airflow/example_dags/example_setup_teardown.py
[2024-06-18T09:49:20.665+0000] {logging_mixin.py:188} INFO - [2024-06-18T09:49:20.665+0000] {dag.py:3096} INFO - Sync 1 DAGs
[2024-06-18T09:49:20.758+0000] {logging_mixin.py:188} INFO - [2024-06-18T09:49:20.757+0000] {dag.py:3954} INFO - Setting next_dagrun for example_setup_teardown to 2024-06-17 00:00:00+00:00, run_after=2024-06-18 00:00:00+00:00
[2024-06-18T09:49:21.031+0000] {processor.py:183} INFO - Processing /home/airflow/.local/lib/python3.12/site-packages/airflow/example_dags/example_setup_teardown.py took 0.493 seconds
[2024-06-18T09:49:59.269+0000] {processor.py:161} INFO - Started process (PID=5318) to work on /home/airflow/.local/lib/python3.12/site-packages/airflow/example_dags/example_setup_teardown.py
[2024-06-18T09:49:59.288+0000] {processor.py:830} INFO - Processing file /home/airflow/.local/lib/python3.12/site-packages/airflow/example_dags/example_setup_teardown.py for tasks to queue
[2024-06-18T09:49:59.325+0000] {logging_mixin.py:188} INFO - [2024-06-18T09:49:59.324+0000] {dagbag.py:545} INFO - Filling up the DagBag from /home/airflow/.local/lib/python3.12/site-packages/airflow/example_dags/example_setup_teardown.py
[2024-06-18T09:49:59.492+0000] {processor.py:840} INFO - DAG(s) 'example_setup_teardown' retrieved from /home/airflow/.local/lib/python3.12/site-packages/airflow/example_dags/example_setup_teardown.py
[2024-06-18T09:49:59.682+0000] {logging_mixin.py:188} INFO - [2024-06-18T09:49:59.682+0000] {dag.py:3096} INFO - Sync 1 DAGs
[2024-06-18T09:49:59.939+0000] {logging_mixin.py:188} INFO - [2024-06-18T09:49:59.938+0000] {dag.py:3954} INFO - Setting next_dagrun for example_setup_teardown to 2024-06-17 00:00:00+00:00, run_after=2024-06-18 00:00:00+00:00
[2024-06-18T09:50:00.242+0000] {processor.py:183} INFO - Processing /home/airflow/.local/lib/python3.12/site-packages/airflow/example_dags/example_setup_teardown.py took 1.238 seconds
[2024-06-18T09:50:30.909+0000] {processor.py:161} INFO - Started process (PID=5592) to work on /home/airflow/.local/lib/python3.12/site-packages/airflow/example_dags/example_setup_teardown.py
[2024-06-18T09:50:30.911+0000] {processor.py:830} INFO - Processing file /home/airflow/.local/lib/python3.12/site-packages/airflow/example_dags/example_setup_teardown.py for tasks to queue
[2024-06-18T09:50:30.926+0000] {logging_mixin.py:188} INFO - [2024-06-18T09:50:30.926+0000] {dagbag.py:545} INFO - Filling up the DagBag from /home/airflow/.local/lib/python3.12/site-packages/airflow/example_dags/example_setup_teardown.py
[2024-06-18T09:50:30.954+0000] {processor.py:840} INFO - DAG(s) 'example_setup_teardown' retrieved from /home/airflow/.local/lib/python3.12/site-packages/airflow/example_dags/example_setup_teardown.py
[2024-06-18T09:50:31.035+0000] {logging_mixin.py:188} INFO - [2024-06-18T09:50:31.034+0000] {dag.py:3096} INFO - Sync 1 DAGs
[2024-06-18T09:50:31.100+0000] {logging_mixin.py:188} INFO - [2024-06-18T09:50:31.099+0000] {dag.py:3954} INFO - Setting next_dagrun for example_setup_teardown to 2024-06-17 00:00:00+00:00, run_after=2024-06-18 00:00:00+00:00
[2024-06-18T09:50:31.179+0000] {processor.py:183} INFO - Processing /home/airflow/.local/lib/python3.12/site-packages/airflow/example_dags/example_setup_teardown.py took 0.323 seconds
[2024-06-18T09:51:01.469+0000] {processor.py:161} INFO - Started process (PID=5864) to work on /home/airflow/.local/lib/python3.12/site-packages/airflow/example_dags/example_setup_teardown.py
[2024-06-18T09:51:01.471+0000] {processor.py:830} INFO - Processing file /home/airflow/.local/lib/python3.12/site-packages/airflow/example_dags/example_setup_teardown.py for tasks to queue
[2024-06-18T09:51:01.475+0000] {logging_mixin.py:188} INFO - [2024-06-18T09:51:01.474+0000] {dagbag.py:545} INFO - Filling up the DagBag from /home/airflow/.local/lib/python3.12/site-packages/airflow/example_dags/example_setup_teardown.py
[2024-06-18T09:51:01.489+0000] {processor.py:840} INFO - DAG(s) 'example_setup_teardown' retrieved from /home/airflow/.local/lib/python3.12/site-packages/airflow/example_dags/example_setup_teardown.py
[2024-06-18T09:51:01.532+0000] {logging_mixin.py:188} INFO - [2024-06-18T09:51:01.532+0000] {dag.py:3096} INFO - Sync 1 DAGs
[2024-06-18T09:51:01.594+0000] {logging_mixin.py:188} INFO - [2024-06-18T09:51:01.593+0000] {dag.py:3954} INFO - Setting next_dagrun for example_setup_teardown to 2024-06-17 00:00:00+00:00, run_after=2024-06-18 00:00:00+00:00
[2024-06-18T09:51:01.667+0000] {processor.py:183} INFO - Processing /home/airflow/.local/lib/python3.12/site-packages/airflow/example_dags/example_setup_teardown.py took 0.209 seconds
[2024-06-18T09:51:33.043+0000] {processor.py:161} INFO - Started process (PID=6134) to work on /home/airflow/.local/lib/python3.12/site-packages/airflow/example_dags/example_setup_teardown.py
[2024-06-18T09:51:33.046+0000] {processor.py:830} INFO - Processing file /home/airflow/.local/lib/python3.12/site-packages/airflow/example_dags/example_setup_teardown.py for tasks to queue
[2024-06-18T09:51:33.049+0000] {logging_mixin.py:188} INFO - [2024-06-18T09:51:33.049+0000] {dagbag.py:545} INFO - Filling up the DagBag from /home/airflow/.local/lib/python3.12/site-packages/airflow/example_dags/example_setup_teardown.py
[2024-06-18T09:51:33.083+0000] {processor.py:840} INFO - DAG(s) 'example_setup_teardown' retrieved from /home/airflow/.local/lib/python3.12/site-packages/airflow/example_dags/example_setup_teardown.py
[2024-06-18T09:51:33.370+0000] {logging_mixin.py:188} INFO - [2024-06-18T09:51:33.369+0000] {dag.py:3096} INFO - Sync 1 DAGs
[2024-06-18T09:51:33.473+0000] {logging_mixin.py:188} INFO - [2024-06-18T09:51:33.472+0000] {dag.py:3954} INFO - Setting next_dagrun for example_setup_teardown to 2024-06-17 00:00:00+00:00, run_after=2024-06-18 00:00:00+00:00
[2024-06-18T09:51:34.635+0000] {processor.py:183} INFO - Processing /home/airflow/.local/lib/python3.12/site-packages/airflow/example_dags/example_setup_teardown.py took 1.608 seconds
[2024-06-18T09:52:12.363+0000] {processor.py:161} INFO - Started process (PID=6428) to work on /home/airflow/.local/lib/python3.12/site-packages/airflow/example_dags/example_setup_teardown.py
[2024-06-18T09:52:12.378+0000] {processor.py:830} INFO - Processing file /home/airflow/.local/lib/python3.12/site-packages/airflow/example_dags/example_setup_teardown.py for tasks to queue
[2024-06-18T09:52:12.384+0000] {logging_mixin.py:188} INFO - [2024-06-18T09:52:12.383+0000] {dagbag.py:545} INFO - Filling up the DagBag from /home/airflow/.local/lib/python3.12/site-packages/airflow/example_dags/example_setup_teardown.py
[2024-06-18T09:52:12.413+0000] {processor.py:840} INFO - DAG(s) 'example_setup_teardown' retrieved from /home/airflow/.local/lib/python3.12/site-packages/airflow/example_dags/example_setup_teardown.py
[2024-06-18T09:52:12.467+0000] {logging_mixin.py:188} INFO - [2024-06-18T09:52:12.466+0000] {dag.py:3096} INFO - Sync 1 DAGs
[2024-06-18T09:52:12.523+0000] {logging_mixin.py:188} INFO - [2024-06-18T09:52:12.522+0000] {dag.py:3954} INFO - Setting next_dagrun for example_setup_teardown to 2024-06-17 00:00:00+00:00, run_after=2024-06-18 00:00:00+00:00
[2024-06-18T09:52:13.029+0000] {processor.py:183} INFO - Processing /home/airflow/.local/lib/python3.12/site-packages/airflow/example_dags/example_setup_teardown.py took 0.720 seconds
[2024-06-18T09:52:46.295+0000] {processor.py:161} INFO - Started process (PID=6666) to work on /home/airflow/.local/lib/python3.12/site-packages/airflow/example_dags/example_setup_teardown.py
[2024-06-18T09:52:46.297+0000] {processor.py:830} INFO - Processing file /home/airflow/.local/lib/python3.12/site-packages/airflow/example_dags/example_setup_teardown.py for tasks to queue
[2024-06-18T09:52:46.306+0000] {logging_mixin.py:188} INFO - [2024-06-18T09:52:46.304+0000] {dagbag.py:545} INFO - Filling up the DagBag from /home/airflow/.local/lib/python3.12/site-packages/airflow/example_dags/example_setup_teardown.py
[2024-06-18T09:52:46.325+0000] {processor.py:840} INFO - DAG(s) 'example_setup_teardown' retrieved from /home/airflow/.local/lib/python3.12/site-packages/airflow/example_dags/example_setup_teardown.py
[2024-06-18T09:52:46.372+0000] {logging_mixin.py:188} INFO - [2024-06-18T09:52:46.371+0000] {dag.py:3096} INFO - Sync 1 DAGs
[2024-06-18T09:52:46.482+0000] {logging_mixin.py:188} INFO - [2024-06-18T09:52:46.481+0000] {dag.py:3954} INFO - Setting next_dagrun for example_setup_teardown to 2024-06-17 00:00:00+00:00, run_after=2024-06-18 00:00:00+00:00
[2024-06-18T09:52:46.805+0000] {processor.py:183} INFO - Processing /home/airflow/.local/lib/python3.12/site-packages/airflow/example_dags/example_setup_teardown.py took 0.530 seconds
[2024-06-18T09:53:51.209+0000] {processor.py:161} INFO - Started process (PID=6939) to work on /home/airflow/.local/lib/python3.12/site-packages/airflow/example_dags/example_setup_teardown.py
[2024-06-18T09:53:53.015+0000] {processor.py:830} INFO - Processing file /home/airflow/.local/lib/python3.12/site-packages/airflow/example_dags/example_setup_teardown.py for tasks to queue
[2024-06-18T09:53:57.706+0000] {logging_mixin.py:188} INFO - [2024-06-18T09:53:57.705+0000] {dagbag.py:545} INFO - Filling up the DagBag from /home/airflow/.local/lib/python3.12/site-packages/airflow/example_dags/example_setup_teardown.py
[2024-06-18T09:53:57.880+0000] {processor.py:840} INFO - DAG(s) 'example_setup_teardown' retrieved from /home/airflow/.local/lib/python3.12/site-packages/airflow/example_dags/example_setup_teardown.py
[2024-06-18T09:53:59.623+0000] {logging_mixin.py:188} INFO - [2024-06-18T09:53:59.622+0000] {dag.py:3096} INFO - Sync 1 DAGs
[2024-06-18T09:54:01.839+0000] {logging_mixin.py:188} INFO - [2024-06-18T09:54:01.838+0000] {dag.py:3954} INFO - Setting next_dagrun for example_setup_teardown to 2024-06-17 00:00:00+00:00, run_after=2024-06-18 00:00:00+00:00
[2024-06-18T09:54:02.669+0000] {processor.py:183} INFO - Processing /home/airflow/.local/lib/python3.12/site-packages/airflow/example_dags/example_setup_teardown.py took 11.559 seconds
[2024-06-18T09:54:40.701+0000] {processor.py:161} INFO - Started process (PID=354) to work on /home/airflow/.local/lib/python3.12/site-packages/airflow/example_dags/example_setup_teardown.py
[2024-06-18T09:54:40.748+0000] {processor.py:830} INFO - Processing file /home/airflow/.local/lib/python3.12/site-packages/airflow/example_dags/example_setup_teardown.py for tasks to queue
[2024-06-18T09:54:40.890+0000] {logging_mixin.py:188} INFO - [2024-06-18T09:54:40.889+0000] {dagbag.py:545} INFO - Filling up the DagBag from /home/airflow/.local/lib/python3.12/site-packages/airflow/example_dags/example_setup_teardown.py
[2024-06-18T09:54:41.182+0000] {processor.py:840} INFO - DAG(s) 'example_setup_teardown' retrieved from /home/airflow/.local/lib/python3.12/site-packages/airflow/example_dags/example_setup_teardown.py
[2024-06-18T09:54:43.774+0000] {logging_mixin.py:188} INFO - [2024-06-18T09:54:43.772+0000] {override.py:1829} INFO - Created Permission View: can delete on DAG:example_setup_teardown
[2024-06-18T09:54:44.313+0000] {logging_mixin.py:188} INFO - [2024-06-18T09:54:44.313+0000] {override.py:1829} INFO - Created Permission View: can edit on DAG:example_setup_teardown
[2024-06-18T09:54:44.754+0000] {logging_mixin.py:188} INFO - [2024-06-18T09:54:44.753+0000] {override.py:1829} INFO - Created Permission View: can read on DAG:example_setup_teardown
[2024-06-18T09:54:44.947+0000] {logging_mixin.py:188} INFO - [2024-06-18T09:54:44.946+0000] {dag.py:3096} INFO - Sync 1 DAGs
[2024-06-18T09:54:45.361+0000] {logging_mixin.py:188} INFO - [2024-06-18T09:54:45.361+0000] {dag.py:3118} INFO - Creating ORM DAG for example_setup_teardown
[2024-06-18T09:54:45.542+0000] {logging_mixin.py:188} INFO - [2024-06-18T09:54:45.541+0000] {dag.py:3954} INFO - Setting next_dagrun for example_setup_teardown to 2024-06-17 00:00:00+00:00, run_after=2024-06-18 00:00:00+00:00
[2024-06-18T09:54:46.121+0000] {processor.py:183} INFO - Processing /home/airflow/.local/lib/python3.12/site-packages/airflow/example_dags/example_setup_teardown.py took 5.613 seconds
