[2024-06-18T09:39:05.785+0000] {processor.py:161} INFO - Started process (PID=382) to work on /home/airflow/.local/lib/python3.12/site-packages/airflow/example_dags/example_xcomargs.py
[2024-06-18T09:39:05.872+0000] {processor.py:830} INFO - Processing file /home/airflow/.local/lib/python3.12/site-packages/airflow/example_dags/example_xcomargs.py for tasks to queue
[2024-06-18T09:39:05.919+0000] {logging_mixin.py:188} INFO - [2024-06-18T09:39:05.918+0000] {dagbag.py:545} INFO - Filling up the DagBag from /home/airflow/.local/lib/python3.12/site-packages/airflow/example_dags/example_xcomargs.py
[2024-06-18T09:39:06.053+0000] {processor.py:840} INFO - DAG(s) 'example_xcom_args', 'example_xcom_args_with_operators' retrieved from /home/airflow/.local/lib/python3.12/site-packages/airflow/example_dags/example_xcomargs.py
[2024-06-18T09:39:06.257+0000] {logging_mixin.py:188} INFO - [2024-06-18T09:39:06.256+0000] {dag.py:3096} INFO - Sync 2 DAGs
[2024-06-18T09:39:06.420+0000] {logging_mixin.py:188} INFO - [2024-06-18T09:39:06.419+0000] {dag.py:3954} INFO - Setting next_dagrun for example_xcom_args to None, run_after=None
[2024-06-18T09:39:06.455+0000] {logging_mixin.py:188} INFO - [2024-06-18T09:39:06.454+0000] {dag.py:3954} INFO - Setting next_dagrun for example_xcom_args_with_operators to None, run_after=None
[2024-06-18T09:39:06.710+0000] {processor.py:183} INFO - Processing /home/airflow/.local/lib/python3.12/site-packages/airflow/example_dags/example_xcomargs.py took 1.020 seconds
[2024-06-18T09:40:00.700+0000] {processor.py:161} INFO - Started process (PID=660) to work on /home/airflow/.local/lib/python3.12/site-packages/airflow/example_dags/example_xcomargs.py
[2024-06-18T09:40:00.710+0000] {processor.py:830} INFO - Processing file /home/airflow/.local/lib/python3.12/site-packages/airflow/example_dags/example_xcomargs.py for tasks to queue
[2024-06-18T09:40:00.733+0000] {logging_mixin.py:188} INFO - [2024-06-18T09:40:00.718+0000] {dagbag.py:545} INFO - Filling up the DagBag from /home/airflow/.local/lib/python3.12/site-packages/airflow/example_dags/example_xcomargs.py
[2024-06-18T09:40:00.816+0000] {processor.py:840} INFO - DAG(s) 'example_xcom_args', 'example_xcom_args_with_operators' retrieved from /home/airflow/.local/lib/python3.12/site-packages/airflow/example_dags/example_xcomargs.py
[2024-06-18T09:40:01.466+0000] {logging_mixin.py:188} INFO - [2024-06-18T09:40:01.465+0000] {dag.py:3096} INFO - Sync 2 DAGs
[2024-06-18T09:40:01.541+0000] {logging_mixin.py:188} INFO - [2024-06-18T09:40:01.540+0000] {dag.py:3954} INFO - Setting next_dagrun for example_xcom_args to None, run_after=None
[2024-06-18T09:40:01.563+0000] {logging_mixin.py:188} INFO - [2024-06-18T09:40:01.563+0000] {dag.py:3954} INFO - Setting next_dagrun for example_xcom_args_with_operators to None, run_after=None
[2024-06-18T09:40:01.686+0000] {processor.py:183} INFO - Processing /home/airflow/.local/lib/python3.12/site-packages/airflow/example_dags/example_xcomargs.py took 1.075 seconds
[2024-06-18T09:40:31.961+0000] {processor.py:161} INFO - Started process (PID=934) to work on /home/airflow/.local/lib/python3.12/site-packages/airflow/example_dags/example_xcomargs.py
[2024-06-18T09:40:31.963+0000] {processor.py:830} INFO - Processing file /home/airflow/.local/lib/python3.12/site-packages/airflow/example_dags/example_xcomargs.py for tasks to queue
[2024-06-18T09:40:31.967+0000] {logging_mixin.py:188} INFO - [2024-06-18T09:40:31.966+0000] {dagbag.py:545} INFO - Filling up the DagBag from /home/airflow/.local/lib/python3.12/site-packages/airflow/example_dags/example_xcomargs.py
[2024-06-18T09:40:31.984+0000] {processor.py:840} INFO - DAG(s) 'example_xcom_args_with_operators', 'example_xcom_args' retrieved from /home/airflow/.local/lib/python3.12/site-packages/airflow/example_dags/example_xcomargs.py
[2024-06-18T09:40:32.040+0000] {logging_mixin.py:188} INFO - [2024-06-18T09:40:32.039+0000] {dag.py:3096} INFO - Sync 2 DAGs
[2024-06-18T09:40:32.072+0000] {logging_mixin.py:188} INFO - [2024-06-18T09:40:32.072+0000] {dag.py:3954} INFO - Setting next_dagrun for example_xcom_args to None, run_after=None
[2024-06-18T09:40:32.081+0000] {logging_mixin.py:188} INFO - [2024-06-18T09:40:32.081+0000] {dag.py:3954} INFO - Setting next_dagrun for example_xcom_args_with_operators to None, run_after=None
[2024-06-18T09:40:32.143+0000] {processor.py:183} INFO - Processing /home/airflow/.local/lib/python3.12/site-packages/airflow/example_dags/example_xcomargs.py took 0.194 seconds
[2024-06-18T09:41:13.382+0000] {processor.py:161} INFO - Started process (PID=1230) to work on /home/airflow/.local/lib/python3.12/site-packages/airflow/example_dags/example_xcomargs.py
[2024-06-18T09:41:13.385+0000] {processor.py:830} INFO - Processing file /home/airflow/.local/lib/python3.12/site-packages/airflow/example_dags/example_xcomargs.py for tasks to queue
[2024-06-18T09:41:13.391+0000] {logging_mixin.py:188} INFO - [2024-06-18T09:41:13.391+0000] {dagbag.py:545} INFO - Filling up the DagBag from /home/airflow/.local/lib/python3.12/site-packages/airflow/example_dags/example_xcomargs.py
[2024-06-18T09:41:13.416+0000] {processor.py:840} INFO - DAG(s) 'example_xcom_args_with_operators', 'example_xcom_args' retrieved from /home/airflow/.local/lib/python3.12/site-packages/airflow/example_dags/example_xcomargs.py
[2024-06-18T09:41:13.506+0000] {logging_mixin.py:188} INFO - [2024-06-18T09:41:13.505+0000] {dag.py:3096} INFO - Sync 2 DAGs
[2024-06-18T09:41:13.568+0000] {logging_mixin.py:188} INFO - [2024-06-18T09:41:13.567+0000] {dag.py:3954} INFO - Setting next_dagrun for example_xcom_args to None, run_after=None
[2024-06-18T09:41:13.584+0000] {logging_mixin.py:188} INFO - [2024-06-18T09:41:13.583+0000] {dag.py:3954} INFO - Setting next_dagrun for example_xcom_args_with_operators to None, run_after=None
[2024-06-18T09:41:13.768+0000] {processor.py:183} INFO - Processing /home/airflow/.local/lib/python3.12/site-packages/airflow/example_dags/example_xcomargs.py took 0.408 seconds
[2024-06-18T09:41:51.544+0000] {processor.py:161} INFO - Started process (PID=1503) to work on /home/airflow/.local/lib/python3.12/site-packages/airflow/example_dags/example_xcomargs.py
[2024-06-18T09:41:51.547+0000] {processor.py:830} INFO - Processing file /home/airflow/.local/lib/python3.12/site-packages/airflow/example_dags/example_xcomargs.py for tasks to queue
[2024-06-18T09:41:51.554+0000] {logging_mixin.py:188} INFO - [2024-06-18T09:41:51.552+0000] {dagbag.py:545} INFO - Filling up the DagBag from /home/airflow/.local/lib/python3.12/site-packages/airflow/example_dags/example_xcomargs.py
[2024-06-18T09:41:51.626+0000] {processor.py:840} INFO - DAG(s) 'example_xcom_args_with_operators', 'example_xcom_args' retrieved from /home/airflow/.local/lib/python3.12/site-packages/airflow/example_dags/example_xcomargs.py
[2024-06-18T09:41:51.814+0000] {logging_mixin.py:188} INFO - [2024-06-18T09:41:51.809+0000] {dag.py:3096} INFO - Sync 2 DAGs
[2024-06-18T09:41:51.910+0000] {logging_mixin.py:188} INFO - [2024-06-18T09:41:51.909+0000] {dag.py:3954} INFO - Setting next_dagrun for example_xcom_args to None, run_after=None
[2024-06-18T09:41:51.964+0000] {logging_mixin.py:188} INFO - [2024-06-18T09:41:51.963+0000] {dag.py:3954} INFO - Setting next_dagrun for example_xcom_args_with_operators to None, run_after=None
[2024-06-18T09:41:52.847+0000] {processor.py:183} INFO - Processing /home/airflow/.local/lib/python3.12/site-packages/airflow/example_dags/example_xcomargs.py took 1.325 seconds
[2024-06-18T09:42:44.424+0000] {processor.py:161} INFO - Started process (PID=1806) to work on /home/airflow/.local/lib/python3.12/site-packages/airflow/example_dags/example_xcomargs.py
[2024-06-18T09:42:44.534+0000] {processor.py:830} INFO - Processing file /home/airflow/.local/lib/python3.12/site-packages/airflow/example_dags/example_xcomargs.py for tasks to queue
[2024-06-18T09:42:44.614+0000] {logging_mixin.py:188} INFO - [2024-06-18T09:42:44.569+0000] {dagbag.py:545} INFO - Filling up the DagBag from /home/airflow/.local/lib/python3.12/site-packages/airflow/example_dags/example_xcomargs.py
[2024-06-18T09:42:44.807+0000] {processor.py:840} INFO - DAG(s) 'example_xcom_args', 'example_xcom_args_with_operators' retrieved from /home/airflow/.local/lib/python3.12/site-packages/airflow/example_dags/example_xcomargs.py
[2024-06-18T09:42:45.180+0000] {logging_mixin.py:188} INFO - [2024-06-18T09:42:45.168+0000] {dag.py:3096} INFO - Sync 2 DAGs
[2024-06-18T09:42:45.292+0000] {logging_mixin.py:188} INFO - [2024-06-18T09:42:45.292+0000] {dag.py:3954} INFO - Setting next_dagrun for example_xcom_args to None, run_after=None
[2024-06-18T09:42:45.314+0000] {logging_mixin.py:188} INFO - [2024-06-18T09:42:45.313+0000] {dag.py:3954} INFO - Setting next_dagrun for example_xcom_args_with_operators to None, run_after=None
[2024-06-18T09:42:46.922+0000] {processor.py:183} INFO - Processing /home/airflow/.local/lib/python3.12/site-packages/airflow/example_dags/example_xcomargs.py took 2.566 seconds
[2024-06-18T09:43:17.313+0000] {processor.py:161} INFO - Started process (PID=2080) to work on /home/airflow/.local/lib/python3.12/site-packages/airflow/example_dags/example_xcomargs.py
[2024-06-18T09:43:18.100+0000] {processor.py:830} INFO - Processing file /home/airflow/.local/lib/python3.12/site-packages/airflow/example_dags/example_xcomargs.py for tasks to queue
[2024-06-18T09:43:18.106+0000] {logging_mixin.py:188} INFO - [2024-06-18T09:43:18.105+0000] {dagbag.py:545} INFO - Filling up the DagBag from /home/airflow/.local/lib/python3.12/site-packages/airflow/example_dags/example_xcomargs.py
[2024-06-18T09:43:18.131+0000] {processor.py:840} INFO - DAG(s) 'example_xcom_args_with_operators', 'example_xcom_args' retrieved from /home/airflow/.local/lib/python3.12/site-packages/airflow/example_dags/example_xcomargs.py
[2024-06-18T09:43:18.201+0000] {logging_mixin.py:188} INFO - [2024-06-18T09:43:18.200+0000] {dag.py:3096} INFO - Sync 2 DAGs
[2024-06-18T09:43:18.260+0000] {logging_mixin.py:188} INFO - [2024-06-18T09:43:18.260+0000] {dag.py:3954} INFO - Setting next_dagrun for example_xcom_args to None, run_after=None
[2024-06-18T09:43:18.274+0000] {logging_mixin.py:188} INFO - [2024-06-18T09:43:18.274+0000] {dag.py:3954} INFO - Setting next_dagrun for example_xcom_args_with_operators to None, run_after=None
[2024-06-18T09:43:18.414+0000] {processor.py:183} INFO - Processing /home/airflow/.local/lib/python3.12/site-packages/airflow/example_dags/example_xcomargs.py took 1.134 seconds
[2024-06-18T09:43:50.442+0000] {processor.py:161} INFO - Started process (PID=2352) to work on /home/airflow/.local/lib/python3.12/site-packages/airflow/example_dags/example_xcomargs.py
[2024-06-18T09:43:50.460+0000] {processor.py:830} INFO - Processing file /home/airflow/.local/lib/python3.12/site-packages/airflow/example_dags/example_xcomargs.py for tasks to queue
[2024-06-18T09:43:50.492+0000] {logging_mixin.py:188} INFO - [2024-06-18T09:43:50.491+0000] {dagbag.py:545} INFO - Filling up the DagBag from /home/airflow/.local/lib/python3.12/site-packages/airflow/example_dags/example_xcomargs.py
[2024-06-18T09:43:50.574+0000] {processor.py:840} INFO - DAG(s) 'example_xcom_args_with_operators', 'example_xcom_args' retrieved from /home/airflow/.local/lib/python3.12/site-packages/airflow/example_dags/example_xcomargs.py
[2024-06-18T09:43:50.752+0000] {logging_mixin.py:188} INFO - [2024-06-18T09:43:50.751+0000] {dag.py:3096} INFO - Sync 2 DAGs
[2024-06-18T09:43:50.885+0000] {logging_mixin.py:188} INFO - [2024-06-18T09:43:50.873+0000] {dag.py:3954} INFO - Setting next_dagrun for example_xcom_args to None, run_after=None
[2024-06-18T09:43:50.907+0000] {logging_mixin.py:188} INFO - [2024-06-18T09:43:50.907+0000] {dag.py:3954} INFO - Setting next_dagrun for example_xcom_args_with_operators to None, run_after=None
[2024-06-18T09:43:51.083+0000] {processor.py:183} INFO - Processing /home/airflow/.local/lib/python3.12/site-packages/airflow/example_dags/example_xcomargs.py took 0.686 seconds
[2024-06-18T09:44:23.894+0000] {processor.py:161} INFO - Started process (PID=2622) to work on /home/airflow/.local/lib/python3.12/site-packages/airflow/example_dags/example_xcomargs.py
[2024-06-18T09:44:23.896+0000] {processor.py:830} INFO - Processing file /home/airflow/.local/lib/python3.12/site-packages/airflow/example_dags/example_xcomargs.py for tasks to queue
[2024-06-18T09:44:23.904+0000] {logging_mixin.py:188} INFO - [2024-06-18T09:44:23.901+0000] {dagbag.py:545} INFO - Filling up the DagBag from /home/airflow/.local/lib/python3.12/site-packages/airflow/example_dags/example_xcomargs.py
[2024-06-18T09:44:23.930+0000] {processor.py:840} INFO - DAG(s) 'example_xcom_args', 'example_xcom_args_with_operators' retrieved from /home/airflow/.local/lib/python3.12/site-packages/airflow/example_dags/example_xcomargs.py
[2024-06-18T09:44:24.021+0000] {logging_mixin.py:188} INFO - [2024-06-18T09:44:24.021+0000] {dag.py:3096} INFO - Sync 2 DAGs
[2024-06-18T09:44:24.108+0000] {logging_mixin.py:188} INFO - [2024-06-18T09:44:24.107+0000] {dag.py:3954} INFO - Setting next_dagrun for example_xcom_args to None, run_after=None
[2024-06-18T09:44:24.210+0000] {logging_mixin.py:188} INFO - [2024-06-18T09:44:24.210+0000] {dag.py:3954} INFO - Setting next_dagrun for example_xcom_args_with_operators to None, run_after=None
[2024-06-18T09:44:24.337+0000] {processor.py:183} INFO - Processing /home/airflow/.local/lib/python3.12/site-packages/airflow/example_dags/example_xcomargs.py took 0.462 seconds
[2024-06-18T09:45:02.142+0000] {processor.py:161} INFO - Started process (PID=2895) to work on /home/airflow/.local/lib/python3.12/site-packages/airflow/example_dags/example_xcomargs.py
[2024-06-18T09:45:02.163+0000] {processor.py:830} INFO - Processing file /home/airflow/.local/lib/python3.12/site-packages/airflow/example_dags/example_xcomargs.py for tasks to queue
[2024-06-18T09:45:02.204+0000] {logging_mixin.py:188} INFO - [2024-06-18T09:45:02.203+0000] {dagbag.py:545} INFO - Filling up the DagBag from /home/airflow/.local/lib/python3.12/site-packages/airflow/example_dags/example_xcomargs.py
[2024-06-18T09:45:02.280+0000] {processor.py:840} INFO - DAG(s) 'example_xcom_args', 'example_xcom_args_with_operators' retrieved from /home/airflow/.local/lib/python3.12/site-packages/airflow/example_dags/example_xcomargs.py
[2024-06-18T09:45:02.501+0000] {logging_mixin.py:188} INFO - [2024-06-18T09:45:02.500+0000] {dag.py:3096} INFO - Sync 2 DAGs
[2024-06-18T09:45:02.646+0000] {logging_mixin.py:188} INFO - [2024-06-18T09:45:02.646+0000] {dag.py:3954} INFO - Setting next_dagrun for example_xcom_args to None, run_after=None
[2024-06-18T09:45:02.713+0000] {logging_mixin.py:188} INFO - [2024-06-18T09:45:02.712+0000] {dag.py:3954} INFO - Setting next_dagrun for example_xcom_args_with_operators to None, run_after=None
[2024-06-18T09:45:03.118+0000] {processor.py:183} INFO - Processing /home/airflow/.local/lib/python3.12/site-packages/airflow/example_dags/example_xcomargs.py took 1.018 seconds
[2024-06-18T09:45:34.989+0000] {processor.py:161} INFO - Started process (PID=3166) to work on /home/airflow/.local/lib/python3.12/site-packages/airflow/example_dags/example_xcomargs.py
[2024-06-18T09:45:35.025+0000] {processor.py:830} INFO - Processing file /home/airflow/.local/lib/python3.12/site-packages/airflow/example_dags/example_xcomargs.py for tasks to queue
[2024-06-18T09:45:35.065+0000] {logging_mixin.py:188} INFO - [2024-06-18T09:45:35.062+0000] {dagbag.py:545} INFO - Filling up the DagBag from /home/airflow/.local/lib/python3.12/site-packages/airflow/example_dags/example_xcomargs.py
[2024-06-18T09:45:35.168+0000] {processor.py:840} INFO - DAG(s) 'example_xcom_args_with_operators', 'example_xcom_args' retrieved from /home/airflow/.local/lib/python3.12/site-packages/airflow/example_dags/example_xcomargs.py
[2024-06-18T09:45:35.359+0000] {logging_mixin.py:188} INFO - [2024-06-18T09:45:35.358+0000] {dag.py:3096} INFO - Sync 2 DAGs
[2024-06-18T09:45:35.444+0000] {logging_mixin.py:188} INFO - [2024-06-18T09:45:35.443+0000] {dag.py:3954} INFO - Setting next_dagrun for example_xcom_args to None, run_after=None
[2024-06-18T09:45:35.469+0000] {logging_mixin.py:188} INFO - [2024-06-18T09:45:35.467+0000] {dag.py:3954} INFO - Setting next_dagrun for example_xcom_args_with_operators to None, run_after=None
[2024-06-18T09:45:35.764+0000] {processor.py:183} INFO - Processing /home/airflow/.local/lib/python3.12/site-packages/airflow/example_dags/example_xcomargs.py took 0.866 seconds
[2024-06-18T09:46:06.639+0000] {processor.py:161} INFO - Started process (PID=3439) to work on /home/airflow/.local/lib/python3.12/site-packages/airflow/example_dags/example_xcomargs.py
[2024-06-18T09:46:06.642+0000] {processor.py:830} INFO - Processing file /home/airflow/.local/lib/python3.12/site-packages/airflow/example_dags/example_xcomargs.py for tasks to queue
[2024-06-18T09:46:06.658+0000] {logging_mixin.py:188} INFO - [2024-06-18T09:46:06.655+0000] {dagbag.py:545} INFO - Filling up the DagBag from /home/airflow/.local/lib/python3.12/site-packages/airflow/example_dags/example_xcomargs.py
[2024-06-18T09:46:06.713+0000] {processor.py:840} INFO - DAG(s) 'example_xcom_args', 'example_xcom_args_with_operators' retrieved from /home/airflow/.local/lib/python3.12/site-packages/airflow/example_dags/example_xcomargs.py
[2024-06-18T09:46:06.839+0000] {logging_mixin.py:188} INFO - [2024-06-18T09:46:06.839+0000] {dag.py:3096} INFO - Sync 2 DAGs
[2024-06-18T09:46:06.899+0000] {logging_mixin.py:188} INFO - [2024-06-18T09:46:06.898+0000] {dag.py:3954} INFO - Setting next_dagrun for example_xcom_args to None, run_after=None
[2024-06-18T09:46:06.923+0000] {logging_mixin.py:188} INFO - [2024-06-18T09:46:06.923+0000] {dag.py:3954} INFO - Setting next_dagrun for example_xcom_args_with_operators to None, run_after=None
[2024-06-18T09:46:07.040+0000] {processor.py:183} INFO - Processing /home/airflow/.local/lib/python3.12/site-packages/airflow/example_dags/example_xcomargs.py took 0.427 seconds
[2024-06-18T09:46:41.691+0000] {processor.py:161} INFO - Started process (PID=3714) to work on /home/airflow/.local/lib/python3.12/site-packages/airflow/example_dags/example_xcomargs.py
[2024-06-18T09:46:41.693+0000] {processor.py:830} INFO - Processing file /home/airflow/.local/lib/python3.12/site-packages/airflow/example_dags/example_xcomargs.py for tasks to queue
[2024-06-18T09:46:41.699+0000] {logging_mixin.py:188} INFO - [2024-06-18T09:46:41.698+0000] {dagbag.py:545} INFO - Filling up the DagBag from /home/airflow/.local/lib/python3.12/site-packages/airflow/example_dags/example_xcomargs.py
[2024-06-18T09:46:41.745+0000] {processor.py:840} INFO - DAG(s) 'example_xcom_args', 'example_xcom_args_with_operators' retrieved from /home/airflow/.local/lib/python3.12/site-packages/airflow/example_dags/example_xcomargs.py
[2024-06-18T09:46:41.841+0000] {logging_mixin.py:188} INFO - [2024-06-18T09:46:41.840+0000] {dag.py:3096} INFO - Sync 2 DAGs
[2024-06-18T09:46:41.889+0000] {logging_mixin.py:188} INFO - [2024-06-18T09:46:41.888+0000] {dag.py:3954} INFO - Setting next_dagrun for example_xcom_args to None, run_after=None
[2024-06-18T09:46:41.900+0000] {logging_mixin.py:188} INFO - [2024-06-18T09:46:41.899+0000] {dag.py:3954} INFO - Setting next_dagrun for example_xcom_args_with_operators to None, run_after=None
[2024-06-18T09:46:42.230+0000] {processor.py:183} INFO - Processing /home/airflow/.local/lib/python3.12/site-packages/airflow/example_dags/example_xcomargs.py took 0.554 seconds
[2024-06-18T09:47:15.770+0000] {processor.py:161} INFO - Started process (PID=3985) to work on /home/airflow/.local/lib/python3.12/site-packages/airflow/example_dags/example_xcomargs.py
[2024-06-18T09:47:15.781+0000] {processor.py:830} INFO - Processing file /home/airflow/.local/lib/python3.12/site-packages/airflow/example_dags/example_xcomargs.py for tasks to queue
[2024-06-18T09:47:15.788+0000] {logging_mixin.py:188} INFO - [2024-06-18T09:47:15.787+0000] {dagbag.py:545} INFO - Filling up the DagBag from /home/airflow/.local/lib/python3.12/site-packages/airflow/example_dags/example_xcomargs.py
[2024-06-18T09:47:15.819+0000] {processor.py:840} INFO - DAG(s) 'example_xcom_args_with_operators', 'example_xcom_args' retrieved from /home/airflow/.local/lib/python3.12/site-packages/airflow/example_dags/example_xcomargs.py
[2024-06-18T09:47:15.922+0000] {logging_mixin.py:188} INFO - [2024-06-18T09:47:15.922+0000] {dag.py:3096} INFO - Sync 2 DAGs
[2024-06-18T09:47:15.987+0000] {logging_mixin.py:188} INFO - [2024-06-18T09:47:15.986+0000] {dag.py:3954} INFO - Setting next_dagrun for example_xcom_args to None, run_after=None
[2024-06-18T09:47:16.073+0000] {logging_mixin.py:188} INFO - [2024-06-18T09:47:16.041+0000] {dag.py:3954} INFO - Setting next_dagrun for example_xcom_args_with_operators to None, run_after=None
[2024-06-18T09:47:16.477+0000] {processor.py:183} INFO - Processing /home/airflow/.local/lib/python3.12/site-packages/airflow/example_dags/example_xcomargs.py took 0.728 seconds
[2024-06-18T09:47:47.076+0000] {processor.py:161} INFO - Started process (PID=4257) to work on /home/airflow/.local/lib/python3.12/site-packages/airflow/example_dags/example_xcomargs.py
[2024-06-18T09:47:47.079+0000] {processor.py:830} INFO - Processing file /home/airflow/.local/lib/python3.12/site-packages/airflow/example_dags/example_xcomargs.py for tasks to queue
[2024-06-18T09:47:47.083+0000] {logging_mixin.py:188} INFO - [2024-06-18T09:47:47.082+0000] {dagbag.py:545} INFO - Filling up the DagBag from /home/airflow/.local/lib/python3.12/site-packages/airflow/example_dags/example_xcomargs.py
[2024-06-18T09:47:47.105+0000] {processor.py:840} INFO - DAG(s) 'example_xcom_args_with_operators', 'example_xcom_args' retrieved from /home/airflow/.local/lib/python3.12/site-packages/airflow/example_dags/example_xcomargs.py
[2024-06-18T09:47:47.182+0000] {logging_mixin.py:188} INFO - [2024-06-18T09:47:47.181+0000] {dag.py:3096} INFO - Sync 2 DAGs
[2024-06-18T09:47:47.226+0000] {logging_mixin.py:188} INFO - [2024-06-18T09:47:47.225+0000] {dag.py:3954} INFO - Setting next_dagrun for example_xcom_args to None, run_after=None
[2024-06-18T09:47:47.239+0000] {logging_mixin.py:188} INFO - [2024-06-18T09:47:47.239+0000] {dag.py:3954} INFO - Setting next_dagrun for example_xcom_args_with_operators to None, run_after=None
[2024-06-18T09:47:47.338+0000] {processor.py:183} INFO - Processing /home/airflow/.local/lib/python3.12/site-packages/airflow/example_dags/example_xcomargs.py took 0.280 seconds
[2024-06-18T09:48:22.595+0000] {processor.py:161} INFO - Started process (PID=4525) to work on /home/airflow/.local/lib/python3.12/site-packages/airflow/example_dags/example_xcomargs.py
[2024-06-18T09:48:22.635+0000] {processor.py:830} INFO - Processing file /home/airflow/.local/lib/python3.12/site-packages/airflow/example_dags/example_xcomargs.py for tasks to queue
[2024-06-18T09:48:22.651+0000] {logging_mixin.py:188} INFO - [2024-06-18T09:48:22.650+0000] {dagbag.py:545} INFO - Filling up the DagBag from /home/airflow/.local/lib/python3.12/site-packages/airflow/example_dags/example_xcomargs.py
[2024-06-18T09:48:22.749+0000] {processor.py:840} INFO - DAG(s) 'example_xcom_args_with_operators', 'example_xcom_args' retrieved from /home/airflow/.local/lib/python3.12/site-packages/airflow/example_dags/example_xcomargs.py
[2024-06-18T09:48:23.075+0000] {logging_mixin.py:188} INFO - [2024-06-18T09:48:23.074+0000] {dag.py:3096} INFO - Sync 2 DAGs
[2024-06-18T09:48:23.291+0000] {logging_mixin.py:188} INFO - [2024-06-18T09:48:23.291+0000] {dag.py:3954} INFO - Setting next_dagrun for example_xcom_args to None, run_after=None
[2024-06-18T09:48:23.350+0000] {logging_mixin.py:188} INFO - [2024-06-18T09:48:23.349+0000] {dag.py:3954} INFO - Setting next_dagrun for example_xcom_args_with_operators to None, run_after=None
[2024-06-18T09:48:24.122+0000] {processor.py:183} INFO - Processing /home/airflow/.local/lib/python3.12/site-packages/airflow/example_dags/example_xcomargs.py took 1.579 seconds
[2024-06-18T09:48:54.998+0000] {processor.py:161} INFO - Started process (PID=4797) to work on /home/airflow/.local/lib/python3.12/site-packages/airflow/example_dags/example_xcomargs.py
[2024-06-18T09:48:55.002+0000] {processor.py:830} INFO - Processing file /home/airflow/.local/lib/python3.12/site-packages/airflow/example_dags/example_xcomargs.py for tasks to queue
[2024-06-18T09:48:55.013+0000] {logging_mixin.py:188} INFO - [2024-06-18T09:48:55.012+0000] {dagbag.py:545} INFO - Filling up the DagBag from /home/airflow/.local/lib/python3.12/site-packages/airflow/example_dags/example_xcomargs.py
[2024-06-18T09:48:55.051+0000] {processor.py:840} INFO - DAG(s) 'example_xcom_args_with_operators', 'example_xcom_args' retrieved from /home/airflow/.local/lib/python3.12/site-packages/airflow/example_dags/example_xcomargs.py
[2024-06-18T09:48:55.220+0000] {logging_mixin.py:188} INFO - [2024-06-18T09:48:55.220+0000] {dag.py:3096} INFO - Sync 2 DAGs
[2024-06-18T09:48:55.341+0000] {logging_mixin.py:188} INFO - [2024-06-18T09:48:55.340+0000] {dag.py:3954} INFO - Setting next_dagrun for example_xcom_args to None, run_after=None
[2024-06-18T09:48:55.362+0000] {logging_mixin.py:188} INFO - [2024-06-18T09:48:55.361+0000] {dag.py:3954} INFO - Setting next_dagrun for example_xcom_args_with_operators to None, run_after=None
[2024-06-18T09:48:55.538+0000] {processor.py:183} INFO - Processing /home/airflow/.local/lib/python3.12/site-packages/airflow/example_dags/example_xcomargs.py took 0.562 seconds
[2024-06-18T09:49:26.559+0000] {processor.py:161} INFO - Started process (PID=5069) to work on /home/airflow/.local/lib/python3.12/site-packages/airflow/example_dags/example_xcomargs.py
[2024-06-18T09:49:26.561+0000] {processor.py:830} INFO - Processing file /home/airflow/.local/lib/python3.12/site-packages/airflow/example_dags/example_xcomargs.py for tasks to queue
[2024-06-18T09:49:26.566+0000] {logging_mixin.py:188} INFO - [2024-06-18T09:49:26.565+0000] {dagbag.py:545} INFO - Filling up the DagBag from /home/airflow/.local/lib/python3.12/site-packages/airflow/example_dags/example_xcomargs.py
[2024-06-18T09:49:26.595+0000] {processor.py:840} INFO - DAG(s) 'example_xcom_args_with_operators', 'example_xcom_args' retrieved from /home/airflow/.local/lib/python3.12/site-packages/airflow/example_dags/example_xcomargs.py
[2024-06-18T09:49:26.681+0000] {logging_mixin.py:188} INFO - [2024-06-18T09:49:26.681+0000] {dag.py:3096} INFO - Sync 2 DAGs
[2024-06-18T09:49:26.718+0000] {logging_mixin.py:188} INFO - [2024-06-18T09:49:26.718+0000] {dag.py:3954} INFO - Setting next_dagrun for example_xcom_args to None, run_after=None
[2024-06-18T09:49:26.734+0000] {logging_mixin.py:188} INFO - [2024-06-18T09:49:26.733+0000] {dag.py:3954} INFO - Setting next_dagrun for example_xcom_args_with_operators to None, run_after=None
[2024-06-18T09:49:26.911+0000] {processor.py:183} INFO - Processing /home/airflow/.local/lib/python3.12/site-packages/airflow/example_dags/example_xcomargs.py took 0.373 seconds
[2024-06-18T09:50:01.408+0000] {processor.py:161} INFO - Started process (PID=5338) to work on /home/airflow/.local/lib/python3.12/site-packages/airflow/example_dags/example_xcomargs.py
[2024-06-18T09:50:01.422+0000] {processor.py:830} INFO - Processing file /home/airflow/.local/lib/python3.12/site-packages/airflow/example_dags/example_xcomargs.py for tasks to queue
[2024-06-18T09:50:01.440+0000] {logging_mixin.py:188} INFO - [2024-06-18T09:50:01.439+0000] {dagbag.py:545} INFO - Filling up the DagBag from /home/airflow/.local/lib/python3.12/site-packages/airflow/example_dags/example_xcomargs.py
[2024-06-18T09:50:01.490+0000] {processor.py:840} INFO - DAG(s) 'example_xcom_args_with_operators', 'example_xcom_args' retrieved from /home/airflow/.local/lib/python3.12/site-packages/airflow/example_dags/example_xcomargs.py
[2024-06-18T09:50:01.701+0000] {logging_mixin.py:188} INFO - [2024-06-18T09:50:01.701+0000] {dag.py:3096} INFO - Sync 2 DAGs
[2024-06-18T09:50:01.846+0000] {logging_mixin.py:188} INFO - [2024-06-18T09:50:01.845+0000] {dag.py:3954} INFO - Setting next_dagrun for example_xcom_args to None, run_after=None
[2024-06-18T09:50:01.899+0000] {logging_mixin.py:188} INFO - [2024-06-18T09:50:01.899+0000] {dag.py:3954} INFO - Setting next_dagrun for example_xcom_args_with_operators to None, run_after=None
[2024-06-18T09:50:02.000+0000] {processor.py:183} INFO - Processing /home/airflow/.local/lib/python3.12/site-packages/airflow/example_dags/example_xcomargs.py took 0.642 seconds
[2024-06-18T09:50:32.374+0000] {processor.py:161} INFO - Started process (PID=5612) to work on /home/airflow/.local/lib/python3.12/site-packages/airflow/example_dags/example_xcomargs.py
[2024-06-18T09:50:32.376+0000] {processor.py:830} INFO - Processing file /home/airflow/.local/lib/python3.12/site-packages/airflow/example_dags/example_xcomargs.py for tasks to queue
[2024-06-18T09:50:32.380+0000] {logging_mixin.py:188} INFO - [2024-06-18T09:50:32.379+0000] {dagbag.py:545} INFO - Filling up the DagBag from /home/airflow/.local/lib/python3.12/site-packages/airflow/example_dags/example_xcomargs.py
[2024-06-18T09:50:32.400+0000] {processor.py:840} INFO - DAG(s) 'example_xcom_args', 'example_xcom_args_with_operators' retrieved from /home/airflow/.local/lib/python3.12/site-packages/airflow/example_dags/example_xcomargs.py
[2024-06-18T09:50:32.454+0000] {logging_mixin.py:188} INFO - [2024-06-18T09:50:32.453+0000] {dag.py:3096} INFO - Sync 2 DAGs
[2024-06-18T09:50:32.486+0000] {logging_mixin.py:188} INFO - [2024-06-18T09:50:32.485+0000] {dag.py:3954} INFO - Setting next_dagrun for example_xcom_args to None, run_after=None
[2024-06-18T09:50:32.493+0000] {logging_mixin.py:188} INFO - [2024-06-18T09:50:32.493+0000] {dag.py:3954} INFO - Setting next_dagrun for example_xcom_args_with_operators to None, run_after=None
[2024-06-18T09:50:32.571+0000] {processor.py:183} INFO - Processing /home/airflow/.local/lib/python3.12/site-packages/airflow/example_dags/example_xcomargs.py took 0.213 seconds
[2024-06-18T09:51:03.380+0000] {processor.py:161} INFO - Started process (PID=5882) to work on /home/airflow/.local/lib/python3.12/site-packages/airflow/example_dags/example_xcomargs.py
[2024-06-18T09:51:03.408+0000] {processor.py:830} INFO - Processing file /home/airflow/.local/lib/python3.12/site-packages/airflow/example_dags/example_xcomargs.py for tasks to queue
[2024-06-18T09:51:03.416+0000] {logging_mixin.py:188} INFO - [2024-06-18T09:51:03.415+0000] {dagbag.py:545} INFO - Filling up the DagBag from /home/airflow/.local/lib/python3.12/site-packages/airflow/example_dags/example_xcomargs.py
[2024-06-18T09:51:03.445+0000] {processor.py:840} INFO - DAG(s) 'example_xcom_args', 'example_xcom_args_with_operators' retrieved from /home/airflow/.local/lib/python3.12/site-packages/airflow/example_dags/example_xcomargs.py
[2024-06-18T09:51:03.534+0000] {logging_mixin.py:188} INFO - [2024-06-18T09:51:03.533+0000] {dag.py:3096} INFO - Sync 2 DAGs
[2024-06-18T09:51:03.583+0000] {logging_mixin.py:188} INFO - [2024-06-18T09:51:03.583+0000] {dag.py:3954} INFO - Setting next_dagrun for example_xcom_args to None, run_after=None
[2024-06-18T09:51:03.603+0000] {logging_mixin.py:188} INFO - [2024-06-18T09:51:03.603+0000] {dag.py:3954} INFO - Setting next_dagrun for example_xcom_args_with_operators to None, run_after=None
[2024-06-18T09:51:03.759+0000] {processor.py:183} INFO - Processing /home/airflow/.local/lib/python3.12/site-packages/airflow/example_dags/example_xcomargs.py took 0.441 seconds
[2024-06-18T09:51:36.711+0000] {processor.py:161} INFO - Started process (PID=6159) to work on /home/airflow/.local/lib/python3.12/site-packages/airflow/example_dags/example_xcomargs.py
[2024-06-18T09:51:36.713+0000] {processor.py:830} INFO - Processing file /home/airflow/.local/lib/python3.12/site-packages/airflow/example_dags/example_xcomargs.py for tasks to queue
[2024-06-18T09:51:36.716+0000] {logging_mixin.py:188} INFO - [2024-06-18T09:51:36.716+0000] {dagbag.py:545} INFO - Filling up the DagBag from /home/airflow/.local/lib/python3.12/site-packages/airflow/example_dags/example_xcomargs.py
[2024-06-18T09:51:36.735+0000] {processor.py:840} INFO - DAG(s) 'example_xcom_args', 'example_xcom_args_with_operators' retrieved from /home/airflow/.local/lib/python3.12/site-packages/airflow/example_dags/example_xcomargs.py
[2024-06-18T09:51:36.785+0000] {logging_mixin.py:188} INFO - [2024-06-18T09:51:36.784+0000] {dag.py:3096} INFO - Sync 2 DAGs
[2024-06-18T09:51:36.811+0000] {logging_mixin.py:188} INFO - [2024-06-18T09:51:36.810+0000] {dag.py:3954} INFO - Setting next_dagrun for example_xcom_args to None, run_after=None
[2024-06-18T09:51:36.818+0000] {logging_mixin.py:188} INFO - [2024-06-18T09:51:36.818+0000] {dag.py:3954} INFO - Setting next_dagrun for example_xcom_args_with_operators to None, run_after=None
[2024-06-18T09:51:37.849+0000] {processor.py:183} INFO - Processing /home/airflow/.local/lib/python3.12/site-packages/airflow/example_dags/example_xcomargs.py took 1.152 seconds
[2024-06-18T09:52:14.630+0000] {processor.py:161} INFO - Started process (PID=6450) to work on /home/airflow/.local/lib/python3.12/site-packages/airflow/example_dags/example_xcomargs.py
[2024-06-18T09:52:14.632+0000] {processor.py:830} INFO - Processing file /home/airflow/.local/lib/python3.12/site-packages/airflow/example_dags/example_xcomargs.py for tasks to queue
[2024-06-18T09:52:14.636+0000] {logging_mixin.py:188} INFO - [2024-06-18T09:52:14.635+0000] {dagbag.py:545} INFO - Filling up the DagBag from /home/airflow/.local/lib/python3.12/site-packages/airflow/example_dags/example_xcomargs.py
[2024-06-18T09:52:14.667+0000] {processor.py:840} INFO - DAG(s) 'example_xcom_args_with_operators', 'example_xcom_args' retrieved from /home/airflow/.local/lib/python3.12/site-packages/airflow/example_dags/example_xcomargs.py
[2024-06-18T09:52:14.744+0000] {logging_mixin.py:188} INFO - [2024-06-18T09:52:14.744+0000] {dag.py:3096} INFO - Sync 2 DAGs
[2024-06-18T09:52:14.784+0000] {logging_mixin.py:188} INFO - [2024-06-18T09:52:14.783+0000] {dag.py:3954} INFO - Setting next_dagrun for example_xcom_args to None, run_after=None
[2024-06-18T09:52:14.798+0000] {logging_mixin.py:188} INFO - [2024-06-18T09:52:14.797+0000] {dag.py:3954} INFO - Setting next_dagrun for example_xcom_args_with_operators to None, run_after=None
[2024-06-18T09:52:15.076+0000] {processor.py:183} INFO - Processing /home/airflow/.local/lib/python3.12/site-packages/airflow/example_dags/example_xcomargs.py took 0.462 seconds
[2024-06-18T09:52:54.109+0000] {processor.py:161} INFO - Started process (PID=6751) to work on /home/airflow/.local/lib/python3.12/site-packages/airflow/example_dags/example_xcomargs.py
[2024-06-18T09:52:54.111+0000] {processor.py:830} INFO - Processing file /home/airflow/.local/lib/python3.12/site-packages/airflow/example_dags/example_xcomargs.py for tasks to queue
[2024-06-18T09:52:54.115+0000] {logging_mixin.py:188} INFO - [2024-06-18T09:52:54.114+0000] {dagbag.py:545} INFO - Filling up the DagBag from /home/airflow/.local/lib/python3.12/site-packages/airflow/example_dags/example_xcomargs.py
[2024-06-18T09:52:54.521+0000] {processor.py:840} INFO - DAG(s) 'example_xcom_args_with_operators', 'example_xcom_args' retrieved from /home/airflow/.local/lib/python3.12/site-packages/airflow/example_dags/example_xcomargs.py
[2024-06-18T09:52:54.579+0000] {logging_mixin.py:188} INFO - [2024-06-18T09:52:54.579+0000] {dag.py:3096} INFO - Sync 2 DAGs
[2024-06-18T09:52:54.619+0000] {logging_mixin.py:188} INFO - [2024-06-18T09:52:54.619+0000] {dag.py:3954} INFO - Setting next_dagrun for example_xcom_args to None, run_after=None
[2024-06-18T09:52:54.638+0000] {logging_mixin.py:188} INFO - [2024-06-18T09:52:54.638+0000] {dag.py:3954} INFO - Setting next_dagrun for example_xcom_args_with_operators to None, run_after=None
[2024-06-18T09:52:55.323+0000] {processor.py:183} INFO - Processing /home/airflow/.local/lib/python3.12/site-packages/airflow/example_dags/example_xcomargs.py took 1.227 seconds
[2024-06-18T09:54:36.723+0000] {processor.py:161} INFO - Started process (PID=7085) to work on /home/airflow/.local/lib/python3.12/site-packages/airflow/example_dags/example_xcomargs.py
[2024-06-18T09:54:36.781+0000] {processor.py:830} INFO - Processing file /home/airflow/.local/lib/python3.12/site-packages/airflow/example_dags/example_xcomargs.py for tasks to queue
[2024-06-18T09:54:36.794+0000] {logging_mixin.py:188} INFO - [2024-06-18T09:54:36.793+0000] {dagbag.py:545} INFO - Filling up the DagBag from /home/airflow/.local/lib/python3.12/site-packages/airflow/example_dags/example_xcomargs.py
[2024-06-18T09:54:36.841+0000] {processor.py:840} INFO - DAG(s) 'example_xcom_args_with_operators', 'example_xcom_args' retrieved from /home/airflow/.local/lib/python3.12/site-packages/airflow/example_dags/example_xcomargs.py
[2024-06-18T09:54:36.985+0000] {logging_mixin.py:188} INFO - [2024-06-18T09:54:36.984+0000] {dag.py:3096} INFO - Sync 2 DAGs
[2024-06-18T09:54:37.042+0000] {logging_mixin.py:188} INFO - [2024-06-18T09:54:37.041+0000] {dag.py:3954} INFO - Setting next_dagrun for example_xcom_args to None, run_after=None
[2024-06-18T09:54:37.055+0000] {logging_mixin.py:188} INFO - [2024-06-18T09:54:37.054+0000] {dag.py:3954} INFO - Setting next_dagrun for example_xcom_args_with_operators to None, run_after=None
[2024-06-18T09:54:37.329+0000] {processor.py:183} INFO - Processing /home/airflow/.local/lib/python3.12/site-packages/airflow/example_dags/example_xcomargs.py took 0.702 seconds
