[2024-06-18T09:39:04.646+0000] {processor.py:161} INFO - Started process (PID=377) to work on /home/airflow/.local/lib/python3.12/site-packages/airflow/example_dags/example_latest_only.py
[2024-06-18T09:39:04.650+0000] {processor.py:830} INFO - Processing file /home/airflow/.local/lib/python3.12/site-packages/airflow/example_dags/example_latest_only.py for tasks to queue
[2024-06-18T09:39:04.658+0000] {logging_mixin.py:188} INFO - [2024-06-18T09:39:04.654+0000] {dagbag.py:545} INFO - Filling up the DagBag from /home/airflow/.local/lib/python3.12/site-packages/airflow/example_dags/example_latest_only.py
[2024-06-18T09:39:04.674+0000] {processor.py:840} INFO - DAG(s) 'latest_only' retrieved from /home/airflow/.local/lib/python3.12/site-packages/airflow/example_dags/example_latest_only.py
[2024-06-18T09:39:04.752+0000] {logging_mixin.py:188} INFO - [2024-06-18T09:39:04.750+0000] {dag.py:3096} INFO - Sync 1 DAGs
[2024-06-18T09:39:05.084+0000] {logging_mixin.py:188} INFO - [2024-06-18T09:39:05.083+0000] {dag.py:3954} INFO - Setting next_dagrun for latest_only to 2024-06-18 04:00:00+00:00, run_after=2024-06-18 08:00:00+00:00
[2024-06-18T09:39:05.640+0000] {processor.py:183} INFO - Processing /home/airflow/.local/lib/python3.12/site-packages/airflow/example_dags/example_latest_only.py took 1.018 seconds
[2024-06-18T09:40:00.137+0000] {processor.py:161} INFO - Started process (PID=655) to work on /home/airflow/.local/lib/python3.12/site-packages/airflow/example_dags/example_latest_only.py
[2024-06-18T09:40:00.143+0000] {processor.py:830} INFO - Processing file /home/airflow/.local/lib/python3.12/site-packages/airflow/example_dags/example_latest_only.py for tasks to queue
[2024-06-18T09:40:00.148+0000] {logging_mixin.py:188} INFO - [2024-06-18T09:40:00.147+0000] {dagbag.py:545} INFO - Filling up the DagBag from /home/airflow/.local/lib/python3.12/site-packages/airflow/example_dags/example_latest_only.py
[2024-06-18T09:40:00.166+0000] {processor.py:840} INFO - DAG(s) 'latest_only' retrieved from /home/airflow/.local/lib/python3.12/site-packages/airflow/example_dags/example_latest_only.py
[2024-06-18T09:40:00.754+0000] {logging_mixin.py:188} INFO - [2024-06-18T09:40:00.751+0000] {dag.py:3096} INFO - Sync 1 DAGs
[2024-06-18T09:40:00.935+0000] {logging_mixin.py:188} INFO - [2024-06-18T09:40:00.934+0000] {dag.py:3954} INFO - Setting next_dagrun for latest_only to 2024-06-18 04:00:00+00:00, run_after=2024-06-18 08:00:00+00:00
[2024-06-18T09:40:01.165+0000] {processor.py:183} INFO - Processing /home/airflow/.local/lib/python3.12/site-packages/airflow/example_dags/example_latest_only.py took 1.049 seconds
[2024-06-18T09:40:31.668+0000] {processor.py:161} INFO - Started process (PID=929) to work on /home/airflow/.local/lib/python3.12/site-packages/airflow/example_dags/example_latest_only.py
[2024-06-18T09:40:31.670+0000] {processor.py:830} INFO - Processing file /home/airflow/.local/lib/python3.12/site-packages/airflow/example_dags/example_latest_only.py for tasks to queue
[2024-06-18T09:40:31.674+0000] {logging_mixin.py:188} INFO - [2024-06-18T09:40:31.673+0000] {dagbag.py:545} INFO - Filling up the DagBag from /home/airflow/.local/lib/python3.12/site-packages/airflow/example_dags/example_latest_only.py
[2024-06-18T09:40:31.685+0000] {processor.py:840} INFO - DAG(s) 'latest_only' retrieved from /home/airflow/.local/lib/python3.12/site-packages/airflow/example_dags/example_latest_only.py
[2024-06-18T09:40:31.731+0000] {logging_mixin.py:188} INFO - [2024-06-18T09:40:31.731+0000] {dag.py:3096} INFO - Sync 1 DAGs
[2024-06-18T09:40:31.783+0000] {logging_mixin.py:188} INFO - [2024-06-18T09:40:31.782+0000] {dag.py:3954} INFO - Setting next_dagrun for latest_only to 2024-06-18 04:00:00+00:00, run_after=2024-06-18 08:00:00+00:00
[2024-06-18T09:40:31.864+0000] {processor.py:183} INFO - Processing /home/airflow/.local/lib/python3.12/site-packages/airflow/example_dags/example_latest_only.py took 0.212 seconds
[2024-06-18T09:41:13.333+0000] {processor.py:161} INFO - Started process (PID=1227) to work on /home/airflow/.local/lib/python3.12/site-packages/airflow/example_dags/example_latest_only.py
[2024-06-18T09:41:13.338+0000] {processor.py:830} INFO - Processing file /home/airflow/.local/lib/python3.12/site-packages/airflow/example_dags/example_latest_only.py for tasks to queue
[2024-06-18T09:41:13.348+0000] {logging_mixin.py:188} INFO - [2024-06-18T09:41:13.347+0000] {dagbag.py:545} INFO - Filling up the DagBag from /home/airflow/.local/lib/python3.12/site-packages/airflow/example_dags/example_latest_only.py
[2024-06-18T09:41:13.374+0000] {processor.py:840} INFO - DAG(s) 'latest_only' retrieved from /home/airflow/.local/lib/python3.12/site-packages/airflow/example_dags/example_latest_only.py
[2024-06-18T09:41:13.428+0000] {logging_mixin.py:188} INFO - [2024-06-18T09:41:13.427+0000] {dag.py:3096} INFO - Sync 1 DAGs
[2024-06-18T09:41:13.526+0000] {logging_mixin.py:188} INFO - [2024-06-18T09:41:13.526+0000] {dag.py:3954} INFO - Setting next_dagrun for latest_only to 2024-06-18 04:00:00+00:00, run_after=2024-06-18 08:00:00+00:00
[2024-06-18T09:41:13.684+0000] {processor.py:183} INFO - Processing /home/airflow/.local/lib/python3.12/site-packages/airflow/example_dags/example_latest_only.py took 0.371 seconds
[2024-06-18T09:41:50.753+0000] {processor.py:161} INFO - Started process (PID=1498) to work on /home/airflow/.local/lib/python3.12/site-packages/airflow/example_dags/example_latest_only.py
[2024-06-18T09:41:50.766+0000] {processor.py:830} INFO - Processing file /home/airflow/.local/lib/python3.12/site-packages/airflow/example_dags/example_latest_only.py for tasks to queue
[2024-06-18T09:41:50.782+0000] {logging_mixin.py:188} INFO - [2024-06-18T09:41:50.770+0000] {dagbag.py:545} INFO - Filling up the DagBag from /home/airflow/.local/lib/python3.12/site-packages/airflow/example_dags/example_latest_only.py
[2024-06-18T09:41:50.816+0000] {processor.py:840} INFO - DAG(s) 'latest_only' retrieved from /home/airflow/.local/lib/python3.12/site-packages/airflow/example_dags/example_latest_only.py
[2024-06-18T09:41:50.989+0000] {logging_mixin.py:188} INFO - [2024-06-18T09:41:50.988+0000] {dag.py:3096} INFO - Sync 1 DAGs
[2024-06-18T09:41:51.212+0000] {logging_mixin.py:188} INFO - [2024-06-18T09:41:51.211+0000] {dag.py:3954} INFO - Setting next_dagrun for latest_only to 2024-06-18 04:00:00+00:00, run_after=2024-06-18 08:00:00+00:00
[2024-06-18T09:41:51.551+0000] {processor.py:183} INFO - Processing /home/airflow/.local/lib/python3.12/site-packages/airflow/example_dags/example_latest_only.py took 0.847 seconds
[2024-06-18T09:42:44.042+0000] {processor.py:161} INFO - Started process (PID=1801) to work on /home/airflow/.local/lib/python3.12/site-packages/airflow/example_dags/example_latest_only.py
[2024-06-18T09:42:44.074+0000] {processor.py:830} INFO - Processing file /home/airflow/.local/lib/python3.12/site-packages/airflow/example_dags/example_latest_only.py for tasks to queue
[2024-06-18T09:42:44.084+0000] {logging_mixin.py:188} INFO - [2024-06-18T09:42:44.083+0000] {dagbag.py:545} INFO - Filling up the DagBag from /home/airflow/.local/lib/python3.12/site-packages/airflow/example_dags/example_latest_only.py
[2024-06-18T09:42:44.100+0000] {processor.py:840} INFO - DAG(s) 'latest_only' retrieved from /home/airflow/.local/lib/python3.12/site-packages/airflow/example_dags/example_latest_only.py
[2024-06-18T09:42:44.227+0000] {logging_mixin.py:188} INFO - [2024-06-18T09:42:44.227+0000] {dag.py:3096} INFO - Sync 1 DAGs
[2024-06-18T09:42:44.437+0000] {logging_mixin.py:188} INFO - [2024-06-18T09:42:44.436+0000] {dag.py:3954} INFO - Setting next_dagrun for latest_only to 2024-06-18 04:00:00+00:00, run_after=2024-06-18 08:00:00+00:00
[2024-06-18T09:42:44.925+0000] {processor.py:183} INFO - Processing /home/airflow/.local/lib/python3.12/site-packages/airflow/example_dags/example_latest_only.py took 0.917 seconds
[2024-06-18T09:43:15.232+0000] {processor.py:161} INFO - Started process (PID=2075) to work on /home/airflow/.local/lib/python3.12/site-packages/airflow/example_dags/example_latest_only.py
[2024-06-18T09:43:15.259+0000] {processor.py:830} INFO - Processing file /home/airflow/.local/lib/python3.12/site-packages/airflow/example_dags/example_latest_only.py for tasks to queue
[2024-06-18T09:43:15.263+0000] {logging_mixin.py:188} INFO - [2024-06-18T09:43:15.263+0000] {dagbag.py:545} INFO - Filling up the DagBag from /home/airflow/.local/lib/python3.12/site-packages/airflow/example_dags/example_latest_only.py
[2024-06-18T09:43:15.274+0000] {processor.py:840} INFO - DAG(s) 'latest_only' retrieved from /home/airflow/.local/lib/python3.12/site-packages/airflow/example_dags/example_latest_only.py
[2024-06-18T09:43:15.348+0000] {logging_mixin.py:188} INFO - [2024-06-18T09:43:15.348+0000] {dag.py:3096} INFO - Sync 1 DAGs
[2024-06-18T09:43:15.401+0000] {logging_mixin.py:188} INFO - [2024-06-18T09:43:15.401+0000] {dag.py:3954} INFO - Setting next_dagrun for latest_only to 2024-06-18 04:00:00+00:00, run_after=2024-06-18 08:00:00+00:00
[2024-06-18T09:43:15.518+0000] {processor.py:183} INFO - Processing /home/airflow/.local/lib/python3.12/site-packages/airflow/example_dags/example_latest_only.py took 0.300 seconds
[2024-06-18T09:43:46.295+0000] {processor.py:161} INFO - Started process (PID=2345) to work on /home/airflow/.local/lib/python3.12/site-packages/airflow/example_dags/example_latest_only.py
[2024-06-18T09:43:46.303+0000] {processor.py:830} INFO - Processing file /home/airflow/.local/lib/python3.12/site-packages/airflow/example_dags/example_latest_only.py for tasks to queue
[2024-06-18T09:43:46.309+0000] {logging_mixin.py:188} INFO - [2024-06-18T09:43:46.308+0000] {dagbag.py:545} INFO - Filling up the DagBag from /home/airflow/.local/lib/python3.12/site-packages/airflow/example_dags/example_latest_only.py
[2024-06-18T09:43:46.336+0000] {processor.py:840} INFO - DAG(s) 'latest_only' retrieved from /home/airflow/.local/lib/python3.12/site-packages/airflow/example_dags/example_latest_only.py
[2024-06-18T09:43:46.470+0000] {logging_mixin.py:188} INFO - [2024-06-18T09:43:46.464+0000] {dag.py:3096} INFO - Sync 1 DAGs
[2024-06-18T09:43:46.589+0000] {logging_mixin.py:188} INFO - [2024-06-18T09:43:46.588+0000] {dag.py:3954} INFO - Setting next_dagrun for latest_only to 2024-06-18 04:00:00+00:00, run_after=2024-06-18 08:00:00+00:00
[2024-06-18T09:43:46.741+0000] {processor.py:183} INFO - Processing /home/airflow/.local/lib/python3.12/site-packages/airflow/example_dags/example_latest_only.py took 0.482 seconds
[2024-06-18T09:44:23.805+0000] {processor.py:161} INFO - Started process (PID=2617) to work on /home/airflow/.local/lib/python3.12/site-packages/airflow/example_dags/example_latest_only.py
[2024-06-18T09:44:23.810+0000] {processor.py:830} INFO - Processing file /home/airflow/.local/lib/python3.12/site-packages/airflow/example_dags/example_latest_only.py for tasks to queue
[2024-06-18T09:44:23.815+0000] {logging_mixin.py:188} INFO - [2024-06-18T09:44:23.814+0000] {dagbag.py:545} INFO - Filling up the DagBag from /home/airflow/.local/lib/python3.12/site-packages/airflow/example_dags/example_latest_only.py
[2024-06-18T09:44:23.837+0000] {processor.py:840} INFO - DAG(s) 'latest_only' retrieved from /home/airflow/.local/lib/python3.12/site-packages/airflow/example_dags/example_latest_only.py
[2024-06-18T09:44:23.908+0000] {logging_mixin.py:188} INFO - [2024-06-18T09:44:23.908+0000] {dag.py:3096} INFO - Sync 1 DAGs
[2024-06-18T09:44:23.975+0000] {logging_mixin.py:188} INFO - [2024-06-18T09:44:23.975+0000] {dag.py:3954} INFO - Setting next_dagrun for latest_only to 2024-06-18 04:00:00+00:00, run_after=2024-06-18 08:00:00+00:00
[2024-06-18T09:44:24.105+0000] {processor.py:183} INFO - Processing /home/airflow/.local/lib/python3.12/site-packages/airflow/example_dags/example_latest_only.py took 0.325 seconds
[2024-06-18T09:45:01.907+0000] {processor.py:161} INFO - Started process (PID=2890) to work on /home/airflow/.local/lib/python3.12/site-packages/airflow/example_dags/example_latest_only.py
[2024-06-18T09:45:01.910+0000] {processor.py:830} INFO - Processing file /home/airflow/.local/lib/python3.12/site-packages/airflow/example_dags/example_latest_only.py for tasks to queue
[2024-06-18T09:45:01.915+0000] {logging_mixin.py:188} INFO - [2024-06-18T09:45:01.914+0000] {dagbag.py:545} INFO - Filling up the DagBag from /home/airflow/.local/lib/python3.12/site-packages/airflow/example_dags/example_latest_only.py
[2024-06-18T09:45:01.943+0000] {processor.py:840} INFO - DAG(s) 'latest_only' retrieved from /home/airflow/.local/lib/python3.12/site-packages/airflow/example_dags/example_latest_only.py
[2024-06-18T09:45:02.105+0000] {logging_mixin.py:188} INFO - [2024-06-18T09:45:02.099+0000] {dag.py:3096} INFO - Sync 1 DAGs
[2024-06-18T09:45:02.345+0000] {logging_mixin.py:188} INFO - [2024-06-18T09:45:02.342+0000] {dag.py:3954} INFO - Setting next_dagrun for latest_only to 2024-06-18 04:00:00+00:00, run_after=2024-06-18 08:00:00+00:00
[2024-06-18T09:45:02.597+0000] {processor.py:183} INFO - Processing /home/airflow/.local/lib/python3.12/site-packages/airflow/example_dags/example_latest_only.py took 0.719 seconds
[2024-06-18T09:45:34.430+0000] {processor.py:161} INFO - Started process (PID=3161) to work on /home/airflow/.local/lib/python3.12/site-packages/airflow/example_dags/example_latest_only.py
[2024-06-18T09:45:34.437+0000] {processor.py:830} INFO - Processing file /home/airflow/.local/lib/python3.12/site-packages/airflow/example_dags/example_latest_only.py for tasks to queue
[2024-06-18T09:45:34.443+0000] {logging_mixin.py:188} INFO - [2024-06-18T09:45:34.442+0000] {dagbag.py:545} INFO - Filling up the DagBag from /home/airflow/.local/lib/python3.12/site-packages/airflow/example_dags/example_latest_only.py
[2024-06-18T09:45:34.484+0000] {processor.py:840} INFO - DAG(s) 'latest_only' retrieved from /home/airflow/.local/lib/python3.12/site-packages/airflow/example_dags/example_latest_only.py
[2024-06-18T09:45:34.667+0000] {logging_mixin.py:188} INFO - [2024-06-18T09:45:34.666+0000] {dag.py:3096} INFO - Sync 1 DAGs
[2024-06-18T09:45:34.940+0000] {logging_mixin.py:188} INFO - [2024-06-18T09:45:34.939+0000] {dag.py:3954} INFO - Setting next_dagrun for latest_only to 2024-06-18 04:00:00+00:00, run_after=2024-06-18 08:00:00+00:00
[2024-06-18T09:45:35.195+0000] {processor.py:183} INFO - Processing /home/airflow/.local/lib/python3.12/site-packages/airflow/example_dags/example_latest_only.py took 0.804 seconds
[2024-06-18T09:46:05.443+0000] {processor.py:161} INFO - Started process (PID=3434) to work on /home/airflow/.local/lib/python3.12/site-packages/airflow/example_dags/example_latest_only.py
[2024-06-18T09:46:05.446+0000] {processor.py:830} INFO - Processing file /home/airflow/.local/lib/python3.12/site-packages/airflow/example_dags/example_latest_only.py for tasks to queue
[2024-06-18T09:46:05.453+0000] {logging_mixin.py:188} INFO - [2024-06-18T09:46:05.452+0000] {dagbag.py:545} INFO - Filling up the DagBag from /home/airflow/.local/lib/python3.12/site-packages/airflow/example_dags/example_latest_only.py
[2024-06-18T09:46:05.475+0000] {processor.py:840} INFO - DAG(s) 'latest_only' retrieved from /home/airflow/.local/lib/python3.12/site-packages/airflow/example_dags/example_latest_only.py
[2024-06-18T09:46:05.544+0000] {logging_mixin.py:188} INFO - [2024-06-18T09:46:05.543+0000] {dag.py:3096} INFO - Sync 1 DAGs
[2024-06-18T09:46:05.621+0000] {logging_mixin.py:188} INFO - [2024-06-18T09:46:05.620+0000] {dag.py:3954} INFO - Setting next_dagrun for latest_only to 2024-06-18 04:00:00+00:00, run_after=2024-06-18 08:00:00+00:00
[2024-06-18T09:46:05.728+0000] {processor.py:183} INFO - Processing /home/airflow/.local/lib/python3.12/site-packages/airflow/example_dags/example_latest_only.py took 0.310 seconds
[2024-06-18T09:46:41.123+0000] {processor.py:161} INFO - Started process (PID=3709) to work on /home/airflow/.local/lib/python3.12/site-packages/airflow/example_dags/example_latest_only.py
[2024-06-18T09:46:41.128+0000] {processor.py:830} INFO - Processing file /home/airflow/.local/lib/python3.12/site-packages/airflow/example_dags/example_latest_only.py for tasks to queue
[2024-06-18T09:46:41.141+0000] {logging_mixin.py:188} INFO - [2024-06-18T09:46:41.140+0000] {dagbag.py:545} INFO - Filling up the DagBag from /home/airflow/.local/lib/python3.12/site-packages/airflow/example_dags/example_latest_only.py
[2024-06-18T09:46:41.195+0000] {processor.py:840} INFO - DAG(s) 'latest_only' retrieved from /home/airflow/.local/lib/python3.12/site-packages/airflow/example_dags/example_latest_only.py
[2024-06-18T09:46:41.307+0000] {logging_mixin.py:188} INFO - [2024-06-18T09:46:41.306+0000] {dag.py:3096} INFO - Sync 1 DAGs
[2024-06-18T09:46:41.447+0000] {logging_mixin.py:188} INFO - [2024-06-18T09:46:41.446+0000] {dag.py:3954} INFO - Setting next_dagrun for latest_only to 2024-06-18 04:00:00+00:00, run_after=2024-06-18 08:00:00+00:00
[2024-06-18T09:46:41.694+0000] {processor.py:183} INFO - Processing /home/airflow/.local/lib/python3.12/site-packages/airflow/example_dags/example_latest_only.py took 0.636 seconds
[2024-06-18T09:47:15.102+0000] {processor.py:161} INFO - Started process (PID=3980) to work on /home/airflow/.local/lib/python3.12/site-packages/airflow/example_dags/example_latest_only.py
[2024-06-18T09:47:15.110+0000] {processor.py:830} INFO - Processing file /home/airflow/.local/lib/python3.12/site-packages/airflow/example_dags/example_latest_only.py for tasks to queue
[2024-06-18T09:47:15.122+0000] {logging_mixin.py:188} INFO - [2024-06-18T09:47:15.121+0000] {dagbag.py:545} INFO - Filling up the DagBag from /home/airflow/.local/lib/python3.12/site-packages/airflow/example_dags/example_latest_only.py
[2024-06-18T09:47:15.143+0000] {processor.py:840} INFO - DAG(s) 'latest_only' retrieved from /home/airflow/.local/lib/python3.12/site-packages/airflow/example_dags/example_latest_only.py
[2024-06-18T09:47:15.216+0000] {logging_mixin.py:188} INFO - [2024-06-18T09:47:15.215+0000] {dag.py:3096} INFO - Sync 1 DAGs
[2024-06-18T09:47:15.367+0000] {logging_mixin.py:188} INFO - [2024-06-18T09:47:15.367+0000] {dag.py:3954} INFO - Setting next_dagrun for latest_only to 2024-06-18 04:00:00+00:00, run_after=2024-06-18 08:00:00+00:00
[2024-06-18T09:47:15.668+0000] {processor.py:183} INFO - Processing /home/airflow/.local/lib/python3.12/site-packages/airflow/example_dags/example_latest_only.py took 0.712 seconds
[2024-06-18T09:47:46.656+0000] {processor.py:161} INFO - Started process (PID=4252) to work on /home/airflow/.local/lib/python3.12/site-packages/airflow/example_dags/example_latest_only.py
[2024-06-18T09:47:46.658+0000] {processor.py:830} INFO - Processing file /home/airflow/.local/lib/python3.12/site-packages/airflow/example_dags/example_latest_only.py for tasks to queue
[2024-06-18T09:47:46.662+0000] {logging_mixin.py:188} INFO - [2024-06-18T09:47:46.661+0000] {dagbag.py:545} INFO - Filling up the DagBag from /home/airflow/.local/lib/python3.12/site-packages/airflow/example_dags/example_latest_only.py
[2024-06-18T09:47:46.679+0000] {processor.py:840} INFO - DAG(s) 'latest_only' retrieved from /home/airflow/.local/lib/python3.12/site-packages/airflow/example_dags/example_latest_only.py
[2024-06-18T09:47:46.742+0000] {logging_mixin.py:188} INFO - [2024-06-18T09:47:46.742+0000] {dag.py:3096} INFO - Sync 1 DAGs
[2024-06-18T09:47:46.877+0000] {logging_mixin.py:188} INFO - [2024-06-18T09:47:46.877+0000] {dag.py:3954} INFO - Setting next_dagrun for latest_only to 2024-06-18 04:00:00+00:00, run_after=2024-06-18 08:00:00+00:00
[2024-06-18T09:47:46.967+0000] {processor.py:183} INFO - Processing /home/airflow/.local/lib/python3.12/site-packages/airflow/example_dags/example_latest_only.py took 0.327 seconds
[2024-06-18T09:48:18.518+0000] {processor.py:161} INFO - Started process (PID=4518) to work on /home/airflow/.local/lib/python3.12/site-packages/airflow/example_dags/example_latest_only.py
[2024-06-18T09:48:18.579+0000] {processor.py:830} INFO - Processing file /home/airflow/.local/lib/python3.12/site-packages/airflow/example_dags/example_latest_only.py for tasks to queue
[2024-06-18T09:48:18.596+0000] {logging_mixin.py:188} INFO - [2024-06-18T09:48:18.595+0000] {dagbag.py:545} INFO - Filling up the DagBag from /home/airflow/.local/lib/python3.12/site-packages/airflow/example_dags/example_latest_only.py
[2024-06-18T09:48:18.665+0000] {processor.py:840} INFO - DAG(s) 'latest_only' retrieved from /home/airflow/.local/lib/python3.12/site-packages/airflow/example_dags/example_latest_only.py
[2024-06-18T09:48:19.077+0000] {logging_mixin.py:188} INFO - [2024-06-18T09:48:19.076+0000] {dag.py:3096} INFO - Sync 1 DAGs
[2024-06-18T09:48:20.884+0000] {logging_mixin.py:188} INFO - [2024-06-18T09:48:20.881+0000] {dag.py:3954} INFO - Setting next_dagrun for latest_only to 2024-06-18 04:00:00+00:00, run_after=2024-06-18 08:00:00+00:00
[2024-06-18T09:48:22.062+0000] {processor.py:183} INFO - Processing /home/airflow/.local/lib/python3.12/site-packages/airflow/example_dags/example_latest_only.py took 3.692 seconds
[2024-06-18T09:48:52.433+0000] {processor.py:161} INFO - Started process (PID=4790) to work on /home/airflow/.local/lib/python3.12/site-packages/airflow/example_dags/example_latest_only.py
[2024-06-18T09:48:52.446+0000] {processor.py:830} INFO - Processing file /home/airflow/.local/lib/python3.12/site-packages/airflow/example_dags/example_latest_only.py for tasks to queue
[2024-06-18T09:48:52.462+0000] {logging_mixin.py:188} INFO - [2024-06-18T09:48:52.461+0000] {dagbag.py:545} INFO - Filling up the DagBag from /home/airflow/.local/lib/python3.12/site-packages/airflow/example_dags/example_latest_only.py
[2024-06-18T09:48:52.510+0000] {processor.py:840} INFO - DAG(s) 'latest_only' retrieved from /home/airflow/.local/lib/python3.12/site-packages/airflow/example_dags/example_latest_only.py
[2024-06-18T09:48:52.783+0000] {logging_mixin.py:188} INFO - [2024-06-18T09:48:52.766+0000] {dag.py:3096} INFO - Sync 1 DAGs
[2024-06-18T09:48:53.162+0000] {logging_mixin.py:188} INFO - [2024-06-18T09:48:53.161+0000] {dag.py:3954} INFO - Setting next_dagrun for latest_only to 2024-06-18 04:00:00+00:00, run_after=2024-06-18 08:00:00+00:00
[2024-06-18T09:48:53.580+0000] {processor.py:183} INFO - Processing /home/airflow/.local/lib/python3.12/site-packages/airflow/example_dags/example_latest_only.py took 1.187 seconds
[2024-06-18T09:49:24.575+0000] {processor.py:161} INFO - Started process (PID=5062) to work on /home/airflow/.local/lib/python3.12/site-packages/airflow/example_dags/example_latest_only.py
[2024-06-18T09:49:24.596+0000] {processor.py:830} INFO - Processing file /home/airflow/.local/lib/python3.12/site-packages/airflow/example_dags/example_latest_only.py for tasks to queue
[2024-06-18T09:49:24.610+0000] {logging_mixin.py:188} INFO - [2024-06-18T09:49:24.609+0000] {dagbag.py:545} INFO - Filling up the DagBag from /home/airflow/.local/lib/python3.12/site-packages/airflow/example_dags/example_latest_only.py
[2024-06-18T09:49:24.719+0000] {processor.py:840} INFO - DAG(s) 'latest_only' retrieved from /home/airflow/.local/lib/python3.12/site-packages/airflow/example_dags/example_latest_only.py
[2024-06-18T09:49:24.935+0000] {logging_mixin.py:188} INFO - [2024-06-18T09:49:24.934+0000] {dag.py:3096} INFO - Sync 1 DAGs
[2024-06-18T09:49:25.007+0000] {logging_mixin.py:188} INFO - [2024-06-18T09:49:25.007+0000] {dag.py:3954} INFO - Setting next_dagrun for latest_only to 2024-06-18 04:00:00+00:00, run_after=2024-06-18 08:00:00+00:00
[2024-06-18T09:49:25.348+0000] {processor.py:183} INFO - Processing /home/airflow/.local/lib/python3.12/site-packages/airflow/example_dags/example_latest_only.py took 0.812 seconds
[2024-06-18T09:50:00.910+0000] {processor.py:161} INFO - Started process (PID=5333) to work on /home/airflow/.local/lib/python3.12/site-packages/airflow/example_dags/example_latest_only.py
[2024-06-18T09:50:00.925+0000] {processor.py:830} INFO - Processing file /home/airflow/.local/lib/python3.12/site-packages/airflow/example_dags/example_latest_only.py for tasks to queue
[2024-06-18T09:50:00.941+0000] {logging_mixin.py:188} INFO - [2024-06-18T09:50:00.940+0000] {dagbag.py:545} INFO - Filling up the DagBag from /home/airflow/.local/lib/python3.12/site-packages/airflow/example_dags/example_latest_only.py
[2024-06-18T09:50:00.990+0000] {processor.py:840} INFO - DAG(s) 'latest_only' retrieved from /home/airflow/.local/lib/python3.12/site-packages/airflow/example_dags/example_latest_only.py
[2024-06-18T09:50:01.159+0000] {logging_mixin.py:188} INFO - [2024-06-18T09:50:01.159+0000] {dag.py:3096} INFO - Sync 1 DAGs
[2024-06-18T09:50:01.399+0000] {logging_mixin.py:188} INFO - [2024-06-18T09:50:01.399+0000] {dag.py:3954} INFO - Setting next_dagrun for latest_only to 2024-06-18 04:00:00+00:00, run_after=2024-06-18 08:00:00+00:00
[2024-06-18T09:50:01.581+0000] {processor.py:183} INFO - Processing /home/airflow/.local/lib/python3.12/site-packages/airflow/example_dags/example_latest_only.py took 0.734 seconds
[2024-06-18T09:50:32.058+0000] {processor.py:161} INFO - Started process (PID=5607) to work on /home/airflow/.local/lib/python3.12/site-packages/airflow/example_dags/example_latest_only.py
[2024-06-18T09:50:32.060+0000] {processor.py:830} INFO - Processing file /home/airflow/.local/lib/python3.12/site-packages/airflow/example_dags/example_latest_only.py for tasks to queue
[2024-06-18T09:50:32.064+0000] {logging_mixin.py:188} INFO - [2024-06-18T09:50:32.063+0000] {dagbag.py:545} INFO - Filling up the DagBag from /home/airflow/.local/lib/python3.12/site-packages/airflow/example_dags/example_latest_only.py
[2024-06-18T09:50:32.075+0000] {processor.py:840} INFO - DAG(s) 'latest_only' retrieved from /home/airflow/.local/lib/python3.12/site-packages/airflow/example_dags/example_latest_only.py
[2024-06-18T09:50:32.112+0000] {logging_mixin.py:188} INFO - [2024-06-18T09:50:32.112+0000] {dag.py:3096} INFO - Sync 1 DAGs
[2024-06-18T09:50:32.156+0000] {logging_mixin.py:188} INFO - [2024-06-18T09:50:32.156+0000] {dag.py:3954} INFO - Setting next_dagrun for latest_only to 2024-06-18 04:00:00+00:00, run_after=2024-06-18 08:00:00+00:00
[2024-06-18T09:50:32.272+0000] {processor.py:183} INFO - Processing /home/airflow/.local/lib/python3.12/site-packages/airflow/example_dags/example_latest_only.py took 0.228 seconds
[2024-06-18T09:51:02.872+0000] {processor.py:161} INFO - Started process (PID=5877) to work on /home/airflow/.local/lib/python3.12/site-packages/airflow/example_dags/example_latest_only.py
[2024-06-18T09:51:02.874+0000] {processor.py:830} INFO - Processing file /home/airflow/.local/lib/python3.12/site-packages/airflow/example_dags/example_latest_only.py for tasks to queue
[2024-06-18T09:51:02.884+0000] {logging_mixin.py:188} INFO - [2024-06-18T09:51:02.881+0000] {dagbag.py:545} INFO - Filling up the DagBag from /home/airflow/.local/lib/python3.12/site-packages/airflow/example_dags/example_latest_only.py
[2024-06-18T09:51:02.910+0000] {processor.py:840} INFO - DAG(s) 'latest_only' retrieved from /home/airflow/.local/lib/python3.12/site-packages/airflow/example_dags/example_latest_only.py
[2024-06-18T09:51:03.025+0000] {logging_mixin.py:188} INFO - [2024-06-18T09:51:03.024+0000] {dag.py:3096} INFO - Sync 1 DAGs
[2024-06-18T09:51:03.122+0000] {logging_mixin.py:188} INFO - [2024-06-18T09:51:03.122+0000] {dag.py:3954} INFO - Setting next_dagrun for latest_only to 2024-06-18 04:00:00+00:00, run_after=2024-06-18 08:00:00+00:00
[2024-06-18T09:51:03.223+0000] {processor.py:183} INFO - Processing /home/airflow/.local/lib/python3.12/site-packages/airflow/example_dags/example_latest_only.py took 0.382 seconds
[2024-06-18T09:51:36.100+0000] {processor.py:161} INFO - Started process (PID=6154) to work on /home/airflow/.local/lib/python3.12/site-packages/airflow/example_dags/example_latest_only.py
[2024-06-18T09:51:36.103+0000] {processor.py:830} INFO - Processing file /home/airflow/.local/lib/python3.12/site-packages/airflow/example_dags/example_latest_only.py for tasks to queue
[2024-06-18T09:51:36.111+0000] {logging_mixin.py:188} INFO - [2024-06-18T09:51:36.108+0000] {dagbag.py:545} INFO - Filling up the DagBag from /home/airflow/.local/lib/python3.12/site-packages/airflow/example_dags/example_latest_only.py
[2024-06-18T09:51:36.125+0000] {processor.py:840} INFO - DAG(s) 'latest_only' retrieved from /home/airflow/.local/lib/python3.12/site-packages/airflow/example_dags/example_latest_only.py
[2024-06-18T09:51:36.251+0000] {logging_mixin.py:188} INFO - [2024-06-18T09:51:36.250+0000] {dag.py:3096} INFO - Sync 1 DAGs
[2024-06-18T09:51:36.350+0000] {logging_mixin.py:188} INFO - [2024-06-18T09:51:36.349+0000] {dag.py:3954} INFO - Setting next_dagrun for latest_only to 2024-06-18 04:00:00+00:00, run_after=2024-06-18 08:00:00+00:00
[2024-06-18T09:51:37.242+0000] {processor.py:183} INFO - Processing /home/airflow/.local/lib/python3.12/site-packages/airflow/example_dags/example_latest_only.py took 1.166 seconds
[2024-06-18T09:52:13.454+0000] {processor.py:161} INFO - Started process (PID=6443) to work on /home/airflow/.local/lib/python3.12/site-packages/airflow/example_dags/example_latest_only.py
[2024-06-18T09:52:13.456+0000] {processor.py:830} INFO - Processing file /home/airflow/.local/lib/python3.12/site-packages/airflow/example_dags/example_latest_only.py for tasks to queue
[2024-06-18T09:52:13.461+0000] {logging_mixin.py:188} INFO - [2024-06-18T09:52:13.461+0000] {dagbag.py:545} INFO - Filling up the DagBag from /home/airflow/.local/lib/python3.12/site-packages/airflow/example_dags/example_latest_only.py
[2024-06-18T09:52:13.476+0000] {processor.py:840} INFO - DAG(s) 'latest_only' retrieved from /home/airflow/.local/lib/python3.12/site-packages/airflow/example_dags/example_latest_only.py
[2024-06-18T09:52:13.517+0000] {logging_mixin.py:188} INFO - [2024-06-18T09:52:13.517+0000] {dag.py:3096} INFO - Sync 1 DAGs
[2024-06-18T09:52:13.596+0000] {logging_mixin.py:188} INFO - [2024-06-18T09:52:13.595+0000] {dag.py:3954} INFO - Setting next_dagrun for latest_only to 2024-06-18 04:00:00+00:00, run_after=2024-06-18 08:00:00+00:00
[2024-06-18T09:52:14.517+0000] {processor.py:183} INFO - Processing /home/airflow/.local/lib/python3.12/site-packages/airflow/example_dags/example_latest_only.py took 1.081 seconds
[2024-06-18T09:52:47.405+0000] {processor.py:161} INFO - Started process (PID=6681) to work on /home/airflow/.local/lib/python3.12/site-packages/airflow/example_dags/example_latest_only.py
[2024-06-18T09:52:47.410+0000] {processor.py:830} INFO - Processing file /home/airflow/.local/lib/python3.12/site-packages/airflow/example_dags/example_latest_only.py for tasks to queue
[2024-06-18T09:52:47.418+0000] {logging_mixin.py:188} INFO - [2024-06-18T09:52:47.416+0000] {dagbag.py:545} INFO - Filling up the DagBag from /home/airflow/.local/lib/python3.12/site-packages/airflow/example_dags/example_latest_only.py
[2024-06-18T09:52:47.443+0000] {processor.py:840} INFO - DAG(s) 'latest_only' retrieved from /home/airflow/.local/lib/python3.12/site-packages/airflow/example_dags/example_latest_only.py
[2024-06-18T09:52:47.607+0000] {logging_mixin.py:188} INFO - [2024-06-18T09:52:47.607+0000] {dag.py:3096} INFO - Sync 1 DAGs
[2024-06-18T09:52:47.783+0000] {logging_mixin.py:188} INFO - [2024-06-18T09:52:47.776+0000] {dag.py:3954} INFO - Setting next_dagrun for latest_only to 2024-06-18 04:00:00+00:00, run_after=2024-06-18 08:00:00+00:00
[2024-06-18T09:52:48.333+0000] {processor.py:183} INFO - Processing /home/airflow/.local/lib/python3.12/site-packages/airflow/example_dags/example_latest_only.py took 0.950 seconds
[2024-06-18T09:54:35.203+0000] {processor.py:161} INFO - Started process (PID=7080) to work on /home/airflow/.local/lib/python3.12/site-packages/airflow/example_dags/example_latest_only.py
[2024-06-18T09:54:35.289+0000] {processor.py:830} INFO - Processing file /home/airflow/.local/lib/python3.12/site-packages/airflow/example_dags/example_latest_only.py for tasks to queue
[2024-06-18T09:54:35.334+0000] {logging_mixin.py:188} INFO - [2024-06-18T09:54:35.333+0000] {dagbag.py:545} INFO - Filling up the DagBag from /home/airflow/.local/lib/python3.12/site-packages/airflow/example_dags/example_latest_only.py
[2024-06-18T09:54:35.629+0000] {processor.py:840} INFO - DAG(s) 'latest_only' retrieved from /home/airflow/.local/lib/python3.12/site-packages/airflow/example_dags/example_latest_only.py
[2024-06-18T09:54:36.126+0000] {logging_mixin.py:188} INFO - [2024-06-18T09:54:36.125+0000] {dag.py:3096} INFO - Sync 1 DAGs
[2024-06-18T09:54:36.565+0000] {logging_mixin.py:188} INFO - [2024-06-18T09:54:36.565+0000] {dag.py:3954} INFO - Setting next_dagrun for latest_only to 2024-06-18 04:00:00+00:00, run_after=2024-06-18 08:00:00+00:00
[2024-06-18T09:54:37.127+0000] {processor.py:183} INFO - Processing /home/airflow/.local/lib/python3.12/site-packages/airflow/example_dags/example_latest_only.py took 1.963 seconds
