[2024-06-18T09:38:08.077+0000] {processor.py:161} INFO - Started process (PID=251) to work on /home/airflow/.local/lib/python3.12/site-packages/airflow/example_dags/example_external_task_marker_dag.py
[2024-06-18T09:38:08.093+0000] {processor.py:830} INFO - Processing file /home/airflow/.local/lib/python3.12/site-packages/airflow/example_dags/example_external_task_marker_dag.py for tasks to queue
[2024-06-18T09:38:08.098+0000] {logging_mixin.py:188} INFO - [2024-06-18T09:38:08.097+0000] {dagbag.py:545} INFO - Filling up the DagBag from /home/airflow/.local/lib/python3.12/site-packages/airflow/example_dags/example_external_task_marker_dag.py
[2024-06-18T09:38:08.132+0000] {processor.py:840} INFO - DAG(s) 'example_external_task_marker_parent', 'example_external_task_marker_child' retrieved from /home/airflow/.local/lib/python3.12/site-packages/airflow/example_dags/example_external_task_marker_dag.py
[2024-06-18T09:38:08.213+0000] {logging_mixin.py:188} INFO - [2024-06-18T09:38:08.212+0000] {dag.py:3096} INFO - Sync 2 DAGs
[2024-06-18T09:38:08.253+0000] {logging_mixin.py:188} INFO - [2024-06-18T09:38:08.252+0000] {dag.py:3954} INFO - Setting next_dagrun for example_external_task_marker_child to None, run_after=None
[2024-06-18T09:38:08.266+0000] {logging_mixin.py:188} INFO - [2024-06-18T09:38:08.265+0000] {dag.py:3954} INFO - Setting next_dagrun for example_external_task_marker_parent to None, run_after=None
[2024-06-18T09:38:08.521+0000] {processor.py:183} INFO - Processing /home/airflow/.local/lib/python3.12/site-packages/airflow/example_dags/example_external_task_marker_dag.py took 0.469 seconds
[2024-06-18T09:39:46.295+0000] {processor.py:161} INFO - Started process (PID=535) to work on /home/airflow/.local/lib/python3.12/site-packages/airflow/example_dags/example_external_task_marker_dag.py
[2024-06-18T09:39:46.297+0000] {processor.py:830} INFO - Processing file /home/airflow/.local/lib/python3.12/site-packages/airflow/example_dags/example_external_task_marker_dag.py for tasks to queue
[2024-06-18T09:39:46.317+0000] {logging_mixin.py:188} INFO - [2024-06-18T09:39:46.316+0000] {dagbag.py:545} INFO - Filling up the DagBag from /home/airflow/.local/lib/python3.12/site-packages/airflow/example_dags/example_external_task_marker_dag.py
[2024-06-18T09:39:46.378+0000] {processor.py:840} INFO - DAG(s) 'example_external_task_marker_child', 'example_external_task_marker_parent' retrieved from /home/airflow/.local/lib/python3.12/site-packages/airflow/example_dags/example_external_task_marker_dag.py
[2024-06-18T09:39:47.576+0000] {logging_mixin.py:188} INFO - [2024-06-18T09:39:47.575+0000] {dag.py:3096} INFO - Sync 2 DAGs
[2024-06-18T09:39:47.691+0000] {logging_mixin.py:188} INFO - [2024-06-18T09:39:47.691+0000] {dag.py:3954} INFO - Setting next_dagrun for example_external_task_marker_child to None, run_after=None
[2024-06-18T09:39:47.701+0000] {logging_mixin.py:188} INFO - [2024-06-18T09:39:47.700+0000] {dag.py:3954} INFO - Setting next_dagrun for example_external_task_marker_parent to None, run_after=None
[2024-06-18T09:39:47.827+0000] {processor.py:183} INFO - Processing /home/airflow/.local/lib/python3.12/site-packages/airflow/example_dags/example_external_task_marker_dag.py took 1.571 seconds
[2024-06-18T09:40:18.198+0000] {processor.py:161} INFO - Started process (PID=809) to work on /home/airflow/.local/lib/python3.12/site-packages/airflow/example_dags/example_external_task_marker_dag.py
[2024-06-18T09:40:18.202+0000] {processor.py:830} INFO - Processing file /home/airflow/.local/lib/python3.12/site-packages/airflow/example_dags/example_external_task_marker_dag.py for tasks to queue
[2024-06-18T09:40:18.209+0000] {logging_mixin.py:188} INFO - [2024-06-18T09:40:18.208+0000] {dagbag.py:545} INFO - Filling up the DagBag from /home/airflow/.local/lib/python3.12/site-packages/airflow/example_dags/example_external_task_marker_dag.py
[2024-06-18T09:40:18.231+0000] {processor.py:840} INFO - DAG(s) 'example_external_task_marker_child', 'example_external_task_marker_parent' retrieved from /home/airflow/.local/lib/python3.12/site-packages/airflow/example_dags/example_external_task_marker_dag.py
[2024-06-18T09:40:18.303+0000] {logging_mixin.py:188} INFO - [2024-06-18T09:40:18.302+0000] {dag.py:3096} INFO - Sync 2 DAGs
[2024-06-18T09:40:18.350+0000] {logging_mixin.py:188} INFO - [2024-06-18T09:40:18.350+0000] {dag.py:3954} INFO - Setting next_dagrun for example_external_task_marker_child to None, run_after=None
[2024-06-18T09:40:18.375+0000] {logging_mixin.py:188} INFO - [2024-06-18T09:40:18.375+0000] {dag.py:3954} INFO - Setting next_dagrun for example_external_task_marker_parent to None, run_after=None
[2024-06-18T09:40:18.495+0000] {processor.py:183} INFO - Processing /home/airflow/.local/lib/python3.12/site-packages/airflow/example_dags/example_external_task_marker_dag.py took 0.326 seconds
[2024-06-18T09:40:54.145+0000] {processor.py:161} INFO - Started process (PID=1084) to work on /home/airflow/.local/lib/python3.12/site-packages/airflow/example_dags/example_external_task_marker_dag.py
[2024-06-18T09:40:54.171+0000] {processor.py:830} INFO - Processing file /home/airflow/.local/lib/python3.12/site-packages/airflow/example_dags/example_external_task_marker_dag.py for tasks to queue
[2024-06-18T09:40:54.192+0000] {logging_mixin.py:188} INFO - [2024-06-18T09:40:54.190+0000] {dagbag.py:545} INFO - Filling up the DagBag from /home/airflow/.local/lib/python3.12/site-packages/airflow/example_dags/example_external_task_marker_dag.py
[2024-06-18T09:40:54.240+0000] {processor.py:840} INFO - DAG(s) 'example_external_task_marker_child', 'example_external_task_marker_parent' retrieved from /home/airflow/.local/lib/python3.12/site-packages/airflow/example_dags/example_external_task_marker_dag.py
[2024-06-18T09:40:54.518+0000] {logging_mixin.py:188} INFO - [2024-06-18T09:40:54.517+0000] {dag.py:3096} INFO - Sync 2 DAGs
[2024-06-18T09:40:54.704+0000] {logging_mixin.py:188} INFO - [2024-06-18T09:40:54.703+0000] {dag.py:3954} INFO - Setting next_dagrun for example_external_task_marker_child to None, run_after=None
[2024-06-18T09:40:54.788+0000] {logging_mixin.py:188} INFO - [2024-06-18T09:40:54.787+0000] {dag.py:3954} INFO - Setting next_dagrun for example_external_task_marker_parent to None, run_after=None
[2024-06-18T09:40:55.102+0000] {processor.py:183} INFO - Processing /home/airflow/.local/lib/python3.12/site-packages/airflow/example_dags/example_external_task_marker_dag.py took 0.995 seconds
[2024-06-18T09:41:25.290+0000] {processor.py:161} INFO - Started process (PID=1353) to work on /home/airflow/.local/lib/python3.12/site-packages/airflow/example_dags/example_external_task_marker_dag.py
[2024-06-18T09:41:25.295+0000] {processor.py:830} INFO - Processing file /home/airflow/.local/lib/python3.12/site-packages/airflow/example_dags/example_external_task_marker_dag.py for tasks to queue
[2024-06-18T09:41:25.300+0000] {logging_mixin.py:188} INFO - [2024-06-18T09:41:25.299+0000] {dagbag.py:545} INFO - Filling up the DagBag from /home/airflow/.local/lib/python3.12/site-packages/airflow/example_dags/example_external_task_marker_dag.py
[2024-06-18T09:41:25.320+0000] {processor.py:840} INFO - DAG(s) 'example_external_task_marker_parent', 'example_external_task_marker_child' retrieved from /home/airflow/.local/lib/python3.12/site-packages/airflow/example_dags/example_external_task_marker_dag.py
[2024-06-18T09:41:25.380+0000] {logging_mixin.py:188} INFO - [2024-06-18T09:41:25.379+0000] {dag.py:3096} INFO - Sync 2 DAGs
[2024-06-18T09:41:25.416+0000] {logging_mixin.py:188} INFO - [2024-06-18T09:41:25.416+0000] {dag.py:3954} INFO - Setting next_dagrun for example_external_task_marker_child to None, run_after=None
[2024-06-18T09:41:25.432+0000] {logging_mixin.py:188} INFO - [2024-06-18T09:41:25.431+0000] {dag.py:3954} INFO - Setting next_dagrun for example_external_task_marker_parent to None, run_after=None
[2024-06-18T09:41:25.585+0000] {processor.py:183} INFO - Processing /home/airflow/.local/lib/python3.12/site-packages/airflow/example_dags/example_external_task_marker_dag.py took 0.316 seconds
[2024-06-18T09:42:17.350+0000] {processor.py:161} INFO - Started process (PID=1635) to work on /home/airflow/.local/lib/python3.12/site-packages/airflow/example_dags/example_external_task_marker_dag.py
[2024-06-18T09:42:17.645+0000] {processor.py:830} INFO - Processing file /home/airflow/.local/lib/python3.12/site-packages/airflow/example_dags/example_external_task_marker_dag.py for tasks to queue
[2024-06-18T09:42:17.659+0000] {logging_mixin.py:188} INFO - [2024-06-18T09:42:17.658+0000] {dagbag.py:545} INFO - Filling up the DagBag from /home/airflow/.local/lib/python3.12/site-packages/airflow/example_dags/example_external_task_marker_dag.py
[2024-06-18T09:42:17.709+0000] {processor.py:840} INFO - DAG(s) 'example_external_task_marker_child', 'example_external_task_marker_parent' retrieved from /home/airflow/.local/lib/python3.12/site-packages/airflow/example_dags/example_external_task_marker_dag.py
[2024-06-18T09:42:17.886+0000] {logging_mixin.py:188} INFO - [2024-06-18T09:42:17.885+0000] {dag.py:3096} INFO - Sync 2 DAGs
[2024-06-18T09:42:18.013+0000] {logging_mixin.py:188} INFO - [2024-06-18T09:42:18.013+0000] {dag.py:3954} INFO - Setting next_dagrun for example_external_task_marker_child to None, run_after=None
[2024-06-18T09:42:18.057+0000] {logging_mixin.py:188} INFO - [2024-06-18T09:42:18.057+0000] {dag.py:3954} INFO - Setting next_dagrun for example_external_task_marker_parent to None, run_after=None
[2024-06-18T09:42:18.393+0000] {processor.py:183} INFO - Processing /home/airflow/.local/lib/python3.12/site-packages/airflow/example_dags/example_external_task_marker_dag.py took 1.106 seconds
[2024-06-18T09:42:54.979+0000] {processor.py:161} INFO - Started process (PID=1866) to work on /home/airflow/.local/lib/python3.12/site-packages/airflow/example_dags/example_external_task_marker_dag.py
[2024-06-18T09:42:54.982+0000] {processor.py:830} INFO - Processing file /home/airflow/.local/lib/python3.12/site-packages/airflow/example_dags/example_external_task_marker_dag.py for tasks to queue
[2024-06-18T09:42:55.009+0000] {logging_mixin.py:188} INFO - [2024-06-18T09:42:54.998+0000] {dagbag.py:545} INFO - Filling up the DagBag from /home/airflow/.local/lib/python3.12/site-packages/airflow/example_dags/example_external_task_marker_dag.py
[2024-06-18T09:42:55.074+0000] {processor.py:840} INFO - DAG(s) 'example_external_task_marker_child', 'example_external_task_marker_parent' retrieved from /home/airflow/.local/lib/python3.12/site-packages/airflow/example_dags/example_external_task_marker_dag.py
[2024-06-18T09:42:55.282+0000] {logging_mixin.py:188} INFO - [2024-06-18T09:42:55.282+0000] {dag.py:3096} INFO - Sync 2 DAGs
[2024-06-18T09:42:55.491+0000] {logging_mixin.py:188} INFO - [2024-06-18T09:42:55.491+0000] {dag.py:3954} INFO - Setting next_dagrun for example_external_task_marker_child to None, run_after=None
[2024-06-18T09:42:55.538+0000] {logging_mixin.py:188} INFO - [2024-06-18T09:42:55.537+0000] {dag.py:3954} INFO - Setting next_dagrun for example_external_task_marker_parent to None, run_after=None
[2024-06-18T09:42:55.758+0000] {processor.py:183} INFO - Processing /home/airflow/.local/lib/python3.12/site-packages/airflow/example_dags/example_external_task_marker_dag.py took 0.838 seconds
[2024-06-18T09:43:26.055+0000] {processor.py:161} INFO - Started process (PID=2140) to work on /home/airflow/.local/lib/python3.12/site-packages/airflow/example_dags/example_external_task_marker_dag.py
[2024-06-18T09:43:26.057+0000] {processor.py:830} INFO - Processing file /home/airflow/.local/lib/python3.12/site-packages/airflow/example_dags/example_external_task_marker_dag.py for tasks to queue
[2024-06-18T09:43:26.064+0000] {logging_mixin.py:188} INFO - [2024-06-18T09:43:26.063+0000] {dagbag.py:545} INFO - Filling up the DagBag from /home/airflow/.local/lib/python3.12/site-packages/airflow/example_dags/example_external_task_marker_dag.py
[2024-06-18T09:43:26.082+0000] {processor.py:840} INFO - DAG(s) 'example_external_task_marker_parent', 'example_external_task_marker_child' retrieved from /home/airflow/.local/lib/python3.12/site-packages/airflow/example_dags/example_external_task_marker_dag.py
[2024-06-18T09:43:26.158+0000] {logging_mixin.py:188} INFO - [2024-06-18T09:43:26.158+0000] {dag.py:3096} INFO - Sync 2 DAGs
[2024-06-18T09:43:26.189+0000] {logging_mixin.py:188} INFO - [2024-06-18T09:43:26.189+0000] {dag.py:3954} INFO - Setting next_dagrun for example_external_task_marker_child to None, run_after=None
[2024-06-18T09:43:26.200+0000] {logging_mixin.py:188} INFO - [2024-06-18T09:43:26.199+0000] {dag.py:3954} INFO - Setting next_dagrun for example_external_task_marker_parent to None, run_after=None
[2024-06-18T09:43:26.276+0000] {processor.py:183} INFO - Processing /home/airflow/.local/lib/python3.12/site-packages/airflow/example_dags/example_external_task_marker_dag.py took 0.240 seconds
[2024-06-18T09:43:57.168+0000] {processor.py:161} INFO - Started process (PID=2412) to work on /home/airflow/.local/lib/python3.12/site-packages/airflow/example_dags/example_external_task_marker_dag.py
[2024-06-18T09:43:57.176+0000] {processor.py:830} INFO - Processing file /home/airflow/.local/lib/python3.12/site-packages/airflow/example_dags/example_external_task_marker_dag.py for tasks to queue
[2024-06-18T09:43:57.188+0000] {logging_mixin.py:188} INFO - [2024-06-18T09:43:57.187+0000] {dagbag.py:545} INFO - Filling up the DagBag from /home/airflow/.local/lib/python3.12/site-packages/airflow/example_dags/example_external_task_marker_dag.py
[2024-06-18T09:43:57.243+0000] {processor.py:840} INFO - DAG(s) 'example_external_task_marker_child', 'example_external_task_marker_parent' retrieved from /home/airflow/.local/lib/python3.12/site-packages/airflow/example_dags/example_external_task_marker_dag.py
[2024-06-18T09:43:57.363+0000] {logging_mixin.py:188} INFO - [2024-06-18T09:43:57.362+0000] {dag.py:3096} INFO - Sync 2 DAGs
[2024-06-18T09:43:57.458+0000] {logging_mixin.py:188} INFO - [2024-06-18T09:43:57.457+0000] {dag.py:3954} INFO - Setting next_dagrun for example_external_task_marker_child to None, run_after=None
[2024-06-18T09:43:57.485+0000] {logging_mixin.py:188} INFO - [2024-06-18T09:43:57.484+0000] {dag.py:3954} INFO - Setting next_dagrun for example_external_task_marker_parent to None, run_after=None
[2024-06-18T09:43:57.619+0000] {processor.py:183} INFO - Processing /home/airflow/.local/lib/python3.12/site-packages/airflow/example_dags/example_external_task_marker_dag.py took 0.516 seconds
[2024-06-18T09:44:27.781+0000] {processor.py:161} INFO - Started process (PID=2684) to work on /home/airflow/.local/lib/python3.12/site-packages/airflow/example_dags/example_external_task_marker_dag.py
[2024-06-18T09:44:27.783+0000] {processor.py:830} INFO - Processing file /home/airflow/.local/lib/python3.12/site-packages/airflow/example_dags/example_external_task_marker_dag.py for tasks to queue
[2024-06-18T09:44:27.787+0000] {logging_mixin.py:188} INFO - [2024-06-18T09:44:27.787+0000] {dagbag.py:545} INFO - Filling up the DagBag from /home/airflow/.local/lib/python3.12/site-packages/airflow/example_dags/example_external_task_marker_dag.py
[2024-06-18T09:44:27.802+0000] {processor.py:840} INFO - DAG(s) 'example_external_task_marker_parent', 'example_external_task_marker_child' retrieved from /home/airflow/.local/lib/python3.12/site-packages/airflow/example_dags/example_external_task_marker_dag.py
[2024-06-18T09:44:27.846+0000] {logging_mixin.py:188} INFO - [2024-06-18T09:44:27.846+0000] {dag.py:3096} INFO - Sync 2 DAGs
[2024-06-18T09:44:27.874+0000] {logging_mixin.py:188} INFO - [2024-06-18T09:44:27.874+0000] {dag.py:3954} INFO - Setting next_dagrun for example_external_task_marker_child to None, run_after=None
[2024-06-18T09:44:27.882+0000] {logging_mixin.py:188} INFO - [2024-06-18T09:44:27.882+0000] {dag.py:3954} INFO - Setting next_dagrun for example_external_task_marker_parent to None, run_after=None
[2024-06-18T09:44:27.947+0000] {processor.py:183} INFO - Processing /home/airflow/.local/lib/python3.12/site-packages/airflow/example_dags/example_external_task_marker_dag.py took 0.181 seconds
[2024-06-18T09:45:07.380+0000] {processor.py:161} INFO - Started process (PID=2932) to work on /home/airflow/.local/lib/python3.12/site-packages/airflow/example_dags/example_external_task_marker_dag.py
[2024-06-18T09:45:07.383+0000] {processor.py:830} INFO - Processing file /home/airflow/.local/lib/python3.12/site-packages/airflow/example_dags/example_external_task_marker_dag.py for tasks to queue
[2024-06-18T09:45:07.387+0000] {logging_mixin.py:188} INFO - [2024-06-18T09:45:07.386+0000] {dagbag.py:545} INFO - Filling up the DagBag from /home/airflow/.local/lib/python3.12/site-packages/airflow/example_dags/example_external_task_marker_dag.py
[2024-06-18T09:45:07.406+0000] {processor.py:840} INFO - DAG(s) 'example_external_task_marker_parent', 'example_external_task_marker_child' retrieved from /home/airflow/.local/lib/python3.12/site-packages/airflow/example_dags/example_external_task_marker_dag.py
[2024-06-18T09:45:07.453+0000] {logging_mixin.py:188} INFO - [2024-06-18T09:45:07.453+0000] {dag.py:3096} INFO - Sync 2 DAGs
[2024-06-18T09:45:07.487+0000] {logging_mixin.py:188} INFO - [2024-06-18T09:45:07.486+0000] {dag.py:3954} INFO - Setting next_dagrun for example_external_task_marker_child to None, run_after=None
[2024-06-18T09:45:07.496+0000] {logging_mixin.py:188} INFO - [2024-06-18T09:45:07.496+0000] {dag.py:3954} INFO - Setting next_dagrun for example_external_task_marker_parent to None, run_after=None
[2024-06-18T09:45:07.560+0000] {processor.py:183} INFO - Processing /home/airflow/.local/lib/python3.12/site-packages/airflow/example_dags/example_external_task_marker_dag.py took 0.197 seconds
[2024-06-18T09:45:41.043+0000] {processor.py:161} INFO - Started process (PID=3203) to work on /home/airflow/.local/lib/python3.12/site-packages/airflow/example_dags/example_external_task_marker_dag.py
[2024-06-18T09:45:41.048+0000] {processor.py:830} INFO - Processing file /home/airflow/.local/lib/python3.12/site-packages/airflow/example_dags/example_external_task_marker_dag.py for tasks to queue
[2024-06-18T09:45:41.069+0000] {logging_mixin.py:188} INFO - [2024-06-18T09:45:41.068+0000] {dagbag.py:545} INFO - Filling up the DagBag from /home/airflow/.local/lib/python3.12/site-packages/airflow/example_dags/example_external_task_marker_dag.py
[2024-06-18T09:45:41.103+0000] {processor.py:840} INFO - DAG(s) 'example_external_task_marker_parent', 'example_external_task_marker_child' retrieved from /home/airflow/.local/lib/python3.12/site-packages/airflow/example_dags/example_external_task_marker_dag.py
[2024-06-18T09:45:41.238+0000] {logging_mixin.py:188} INFO - [2024-06-18T09:45:41.237+0000] {dag.py:3096} INFO - Sync 2 DAGs
[2024-06-18T09:45:41.367+0000] {logging_mixin.py:188} INFO - [2024-06-18T09:45:41.366+0000] {dag.py:3954} INFO - Setting next_dagrun for example_external_task_marker_child to None, run_after=None
[2024-06-18T09:45:41.407+0000] {logging_mixin.py:188} INFO - [2024-06-18T09:45:41.406+0000] {dag.py:3954} INFO - Setting next_dagrun for example_external_task_marker_parent to None, run_after=None
[2024-06-18T09:45:41.637+0000] {processor.py:183} INFO - Processing /home/airflow/.local/lib/python3.12/site-packages/airflow/example_dags/example_external_task_marker_dag.py took 0.634 seconds
[2024-06-18T09:46:12.349+0000] {processor.py:161} INFO - Started process (PID=3473) to work on /home/airflow/.local/lib/python3.12/site-packages/airflow/example_dags/example_external_task_marker_dag.py
[2024-06-18T09:46:12.352+0000] {processor.py:830} INFO - Processing file /home/airflow/.local/lib/python3.12/site-packages/airflow/example_dags/example_external_task_marker_dag.py for tasks to queue
[2024-06-18T09:46:12.361+0000] {logging_mixin.py:188} INFO - [2024-06-18T09:46:12.360+0000] {dagbag.py:545} INFO - Filling up the DagBag from /home/airflow/.local/lib/python3.12/site-packages/airflow/example_dags/example_external_task_marker_dag.py
[2024-06-18T09:46:12.391+0000] {processor.py:840} INFO - DAG(s) 'example_external_task_marker_child', 'example_external_task_marker_parent' retrieved from /home/airflow/.local/lib/python3.12/site-packages/airflow/example_dags/example_external_task_marker_dag.py
[2024-06-18T09:46:12.532+0000] {logging_mixin.py:188} INFO - [2024-06-18T09:46:12.531+0000] {dag.py:3096} INFO - Sync 2 DAGs
[2024-06-18T09:46:12.612+0000] {logging_mixin.py:188} INFO - [2024-06-18T09:46:12.610+0000] {dag.py:3954} INFO - Setting next_dagrun for example_external_task_marker_child to None, run_after=None
[2024-06-18T09:46:12.665+0000] {logging_mixin.py:188} INFO - [2024-06-18T09:46:12.664+0000] {dag.py:3954} INFO - Setting next_dagrun for example_external_task_marker_parent to None, run_after=None
[2024-06-18T09:46:12.819+0000] {processor.py:183} INFO - Processing /home/airflow/.local/lib/python3.12/site-packages/airflow/example_dags/example_external_task_marker_dag.py took 0.509 seconds
[2024-06-18T09:46:45.606+0000] {processor.py:161} INFO - Started process (PID=3744) to work on /home/airflow/.local/lib/python3.12/site-packages/airflow/example_dags/example_external_task_marker_dag.py
[2024-06-18T09:46:45.609+0000] {processor.py:830} INFO - Processing file /home/airflow/.local/lib/python3.12/site-packages/airflow/example_dags/example_external_task_marker_dag.py for tasks to queue
[2024-06-18T09:46:45.613+0000] {logging_mixin.py:188} INFO - [2024-06-18T09:46:45.612+0000] {dagbag.py:545} INFO - Filling up the DagBag from /home/airflow/.local/lib/python3.12/site-packages/airflow/example_dags/example_external_task_marker_dag.py
[2024-06-18T09:46:45.634+0000] {processor.py:840} INFO - DAG(s) 'example_external_task_marker_parent', 'example_external_task_marker_child' retrieved from /home/airflow/.local/lib/python3.12/site-packages/airflow/example_dags/example_external_task_marker_dag.py
[2024-06-18T09:46:45.689+0000] {logging_mixin.py:188} INFO - [2024-06-18T09:46:45.689+0000] {dag.py:3096} INFO - Sync 2 DAGs
[2024-06-18T09:46:45.719+0000] {logging_mixin.py:188} INFO - [2024-06-18T09:46:45.719+0000] {dag.py:3954} INFO - Setting next_dagrun for example_external_task_marker_child to None, run_after=None
[2024-06-18T09:46:45.738+0000] {logging_mixin.py:188} INFO - [2024-06-18T09:46:45.738+0000] {dag.py:3954} INFO - Setting next_dagrun for example_external_task_marker_parent to None, run_after=None
[2024-06-18T09:46:46.601+0000] {processor.py:183} INFO - Processing /home/airflow/.local/lib/python3.12/site-packages/airflow/example_dags/example_external_task_marker_dag.py took 1.011 seconds
[2024-06-18T09:47:19.302+0000] {processor.py:161} INFO - Started process (PID=4015) to work on /home/airflow/.local/lib/python3.12/site-packages/airflow/example_dags/example_external_task_marker_dag.py
[2024-06-18T09:47:19.305+0000] {processor.py:830} INFO - Processing file /home/airflow/.local/lib/python3.12/site-packages/airflow/example_dags/example_external_task_marker_dag.py for tasks to queue
[2024-06-18T09:47:19.316+0000] {logging_mixin.py:188} INFO - [2024-06-18T09:47:19.314+0000] {dagbag.py:545} INFO - Filling up the DagBag from /home/airflow/.local/lib/python3.12/site-packages/airflow/example_dags/example_external_task_marker_dag.py
[2024-06-18T09:47:19.337+0000] {processor.py:840} INFO - DAG(s) 'example_external_task_marker_parent', 'example_external_task_marker_child' retrieved from /home/airflow/.local/lib/python3.12/site-packages/airflow/example_dags/example_external_task_marker_dag.py
[2024-06-18T09:47:19.462+0000] {logging_mixin.py:188} INFO - [2024-06-18T09:47:19.462+0000] {dag.py:3096} INFO - Sync 2 DAGs
[2024-06-18T09:47:19.512+0000] {logging_mixin.py:188} INFO - [2024-06-18T09:47:19.512+0000] {dag.py:3954} INFO - Setting next_dagrun for example_external_task_marker_child to None, run_after=None
[2024-06-18T09:47:19.533+0000] {logging_mixin.py:188} INFO - [2024-06-18T09:47:19.532+0000] {dag.py:3954} INFO - Setting next_dagrun for example_external_task_marker_parent to None, run_after=None
[2024-06-18T09:47:19.821+0000] {processor.py:183} INFO - Processing /home/airflow/.local/lib/python3.12/site-packages/airflow/example_dags/example_external_task_marker_dag.py took 0.542 seconds
[2024-06-18T09:47:50.017+0000] {processor.py:161} INFO - Started process (PID=4287) to work on /home/airflow/.local/lib/python3.12/site-packages/airflow/example_dags/example_external_task_marker_dag.py
[2024-06-18T09:47:50.021+0000] {processor.py:830} INFO - Processing file /home/airflow/.local/lib/python3.12/site-packages/airflow/example_dags/example_external_task_marker_dag.py for tasks to queue
[2024-06-18T09:47:50.027+0000] {logging_mixin.py:188} INFO - [2024-06-18T09:47:50.026+0000] {dagbag.py:545} INFO - Filling up the DagBag from /home/airflow/.local/lib/python3.12/site-packages/airflow/example_dags/example_external_task_marker_dag.py
[2024-06-18T09:47:50.046+0000] {processor.py:840} INFO - DAG(s) 'example_external_task_marker_child', 'example_external_task_marker_parent' retrieved from /home/airflow/.local/lib/python3.12/site-packages/airflow/example_dags/example_external_task_marker_dag.py
[2024-06-18T09:47:50.134+0000] {logging_mixin.py:188} INFO - [2024-06-18T09:47:50.132+0000] {dag.py:3096} INFO - Sync 2 DAGs
[2024-06-18T09:47:50.174+0000] {logging_mixin.py:188} INFO - [2024-06-18T09:47:50.174+0000] {dag.py:3954} INFO - Setting next_dagrun for example_external_task_marker_child to None, run_after=None
[2024-06-18T09:47:50.183+0000] {logging_mixin.py:188} INFO - [2024-06-18T09:47:50.182+0000] {dag.py:3954} INFO - Setting next_dagrun for example_external_task_marker_parent to None, run_after=None
[2024-06-18T09:47:50.337+0000] {processor.py:183} INFO - Processing /home/airflow/.local/lib/python3.12/site-packages/airflow/example_dags/example_external_task_marker_dag.py took 0.349 seconds
[2024-06-18T09:48:27.735+0000] {processor.py:161} INFO - Started process (PID=4549) to work on /home/airflow/.local/lib/python3.12/site-packages/airflow/example_dags/example_external_task_marker_dag.py
[2024-06-18T09:48:27.738+0000] {processor.py:830} INFO - Processing file /home/airflow/.local/lib/python3.12/site-packages/airflow/example_dags/example_external_task_marker_dag.py for tasks to queue
[2024-06-18T09:48:27.759+0000] {logging_mixin.py:188} INFO - [2024-06-18T09:48:27.758+0000] {dagbag.py:545} INFO - Filling up the DagBag from /home/airflow/.local/lib/python3.12/site-packages/airflow/example_dags/example_external_task_marker_dag.py
[2024-06-18T09:48:27.800+0000] {processor.py:840} INFO - DAG(s) 'example_external_task_marker_parent', 'example_external_task_marker_child' retrieved from /home/airflow/.local/lib/python3.12/site-packages/airflow/example_dags/example_external_task_marker_dag.py
[2024-06-18T09:48:27.930+0000] {logging_mixin.py:188} INFO - [2024-06-18T09:48:27.930+0000] {dag.py:3096} INFO - Sync 2 DAGs
[2024-06-18T09:48:27.992+0000] {logging_mixin.py:188} INFO - [2024-06-18T09:48:27.991+0000] {dag.py:3954} INFO - Setting next_dagrun for example_external_task_marker_child to None, run_after=None
[2024-06-18T09:48:28.006+0000] {logging_mixin.py:188} INFO - [2024-06-18T09:48:28.004+0000] {dag.py:3954} INFO - Setting next_dagrun for example_external_task_marker_parent to None, run_after=None
[2024-06-18T09:48:28.356+0000] {processor.py:183} INFO - Processing /home/airflow/.local/lib/python3.12/site-packages/airflow/example_dags/example_external_task_marker_dag.py took 0.650 seconds
[2024-06-18T09:48:59.743+0000] {processor.py:161} INFO - Started process (PID=4821) to work on /home/airflow/.local/lib/python3.12/site-packages/airflow/example_dags/example_external_task_marker_dag.py
[2024-06-18T09:48:59.772+0000] {processor.py:830} INFO - Processing file /home/airflow/.local/lib/python3.12/site-packages/airflow/example_dags/example_external_task_marker_dag.py for tasks to queue
[2024-06-18T09:48:59.780+0000] {logging_mixin.py:188} INFO - [2024-06-18T09:48:59.779+0000] {dagbag.py:545} INFO - Filling up the DagBag from /home/airflow/.local/lib/python3.12/site-packages/airflow/example_dags/example_external_task_marker_dag.py
[2024-06-18T09:48:59.862+0000] {processor.py:840} INFO - DAG(s) 'example_external_task_marker_child', 'example_external_task_marker_parent' retrieved from /home/airflow/.local/lib/python3.12/site-packages/airflow/example_dags/example_external_task_marker_dag.py
[2024-06-18T09:48:59.981+0000] {logging_mixin.py:188} INFO - [2024-06-18T09:48:59.980+0000] {dag.py:3096} INFO - Sync 2 DAGs
[2024-06-18T09:49:00.061+0000] {logging_mixin.py:188} INFO - [2024-06-18T09:49:00.060+0000] {dag.py:3954} INFO - Setting next_dagrun for example_external_task_marker_child to None, run_after=None
[2024-06-18T09:49:00.076+0000] {logging_mixin.py:188} INFO - [2024-06-18T09:49:00.075+0000] {dag.py:3954} INFO - Setting next_dagrun for example_external_task_marker_parent to None, run_after=None
[2024-06-18T09:49:00.330+0000] {processor.py:183} INFO - Processing /home/airflow/.local/lib/python3.12/site-packages/airflow/example_dags/example_external_task_marker_dag.py took 0.649 seconds
[2024-06-18T09:49:30.711+0000] {processor.py:161} INFO - Started process (PID=5089) to work on /home/airflow/.local/lib/python3.12/site-packages/airflow/example_dags/example_external_task_marker_dag.py
[2024-06-18T09:49:30.714+0000] {processor.py:830} INFO - Processing file /home/airflow/.local/lib/python3.12/site-packages/airflow/example_dags/example_external_task_marker_dag.py for tasks to queue
[2024-06-18T09:49:30.720+0000] {logging_mixin.py:188} INFO - [2024-06-18T09:49:30.719+0000] {dagbag.py:545} INFO - Filling up the DagBag from /home/airflow/.local/lib/python3.12/site-packages/airflow/example_dags/example_external_task_marker_dag.py
[2024-06-18T09:49:30.773+0000] {processor.py:840} INFO - DAG(s) 'example_external_task_marker_child', 'example_external_task_marker_parent' retrieved from /home/airflow/.local/lib/python3.12/site-packages/airflow/example_dags/example_external_task_marker_dag.py
[2024-06-18T09:49:30.850+0000] {logging_mixin.py:188} INFO - [2024-06-18T09:49:30.850+0000] {dag.py:3096} INFO - Sync 2 DAGs
[2024-06-18T09:49:30.885+0000] {logging_mixin.py:188} INFO - [2024-06-18T09:49:30.884+0000] {dag.py:3954} INFO - Setting next_dagrun for example_external_task_marker_child to None, run_after=None
[2024-06-18T09:49:30.900+0000] {logging_mixin.py:188} INFO - [2024-06-18T09:49:30.897+0000] {dag.py:3954} INFO - Setting next_dagrun for example_external_task_marker_parent to None, run_after=None
[2024-06-18T09:49:31.050+0000] {processor.py:183} INFO - Processing /home/airflow/.local/lib/python3.12/site-packages/airflow/example_dags/example_external_task_marker_dag.py took 0.370 seconds
[2024-06-18T09:50:02.644+0000] {processor.py:161} INFO - Started process (PID=5358) to work on /home/airflow/.local/lib/python3.12/site-packages/airflow/example_dags/example_external_task_marker_dag.py
[2024-06-18T09:50:02.647+0000] {processor.py:830} INFO - Processing file /home/airflow/.local/lib/python3.12/site-packages/airflow/example_dags/example_external_task_marker_dag.py for tasks to queue
[2024-06-18T09:50:02.651+0000] {logging_mixin.py:188} INFO - [2024-06-18T09:50:02.650+0000] {dagbag.py:545} INFO - Filling up the DagBag from /home/airflow/.local/lib/python3.12/site-packages/airflow/example_dags/example_external_task_marker_dag.py
[2024-06-18T09:50:02.686+0000] {processor.py:840} INFO - DAG(s) 'example_external_task_marker_child', 'example_external_task_marker_parent' retrieved from /home/airflow/.local/lib/python3.12/site-packages/airflow/example_dags/example_external_task_marker_dag.py
[2024-06-18T09:50:02.821+0000] {logging_mixin.py:188} INFO - [2024-06-18T09:50:02.820+0000] {dag.py:3096} INFO - Sync 2 DAGs
[2024-06-18T09:50:02.858+0000] {logging_mixin.py:188} INFO - [2024-06-18T09:50:02.857+0000] {dag.py:3954} INFO - Setting next_dagrun for example_external_task_marker_child to None, run_after=None
[2024-06-18T09:50:02.867+0000] {logging_mixin.py:188} INFO - [2024-06-18T09:50:02.867+0000] {dag.py:3954} INFO - Setting next_dagrun for example_external_task_marker_parent to None, run_after=None
[2024-06-18T09:50:02.958+0000] {processor.py:183} INFO - Processing /home/airflow/.local/lib/python3.12/site-packages/airflow/example_dags/example_external_task_marker_dag.py took 0.342 seconds
[2024-06-18T09:50:33.085+0000] {processor.py:161} INFO - Started process (PID=5630) to work on /home/airflow/.local/lib/python3.12/site-packages/airflow/example_dags/example_external_task_marker_dag.py
[2024-06-18T09:50:33.087+0000] {processor.py:830} INFO - Processing file /home/airflow/.local/lib/python3.12/site-packages/airflow/example_dags/example_external_task_marker_dag.py for tasks to queue
[2024-06-18T09:50:33.092+0000] {logging_mixin.py:188} INFO - [2024-06-18T09:50:33.091+0000] {dagbag.py:545} INFO - Filling up the DagBag from /home/airflow/.local/lib/python3.12/site-packages/airflow/example_dags/example_external_task_marker_dag.py
[2024-06-18T09:50:33.105+0000] {processor.py:840} INFO - DAG(s) 'example_external_task_marker_parent', 'example_external_task_marker_child' retrieved from /home/airflow/.local/lib/python3.12/site-packages/airflow/example_dags/example_external_task_marker_dag.py
[2024-06-18T09:50:33.159+0000] {logging_mixin.py:188} INFO - [2024-06-18T09:50:33.158+0000] {dag.py:3096} INFO - Sync 2 DAGs
[2024-06-18T09:50:33.192+0000] {logging_mixin.py:188} INFO - [2024-06-18T09:50:33.192+0000] {dag.py:3954} INFO - Setting next_dagrun for example_external_task_marker_child to None, run_after=None
[2024-06-18T09:50:33.200+0000] {logging_mixin.py:188} INFO - [2024-06-18T09:50:33.199+0000] {dag.py:3954} INFO - Setting next_dagrun for example_external_task_marker_parent to None, run_after=None
[2024-06-18T09:50:33.440+0000] {processor.py:183} INFO - Processing /home/airflow/.local/lib/python3.12/site-packages/airflow/example_dags/example_external_task_marker_dag.py took 0.375 seconds
[2024-06-18T09:51:04.378+0000] {processor.py:161} INFO - Started process (PID=5902) to work on /home/airflow/.local/lib/python3.12/site-packages/airflow/example_dags/example_external_task_marker_dag.py
[2024-06-18T09:51:04.388+0000] {processor.py:830} INFO - Processing file /home/airflow/.local/lib/python3.12/site-packages/airflow/example_dags/example_external_task_marker_dag.py for tasks to queue
[2024-06-18T09:51:04.396+0000] {logging_mixin.py:188} INFO - [2024-06-18T09:51:04.395+0000] {dagbag.py:545} INFO - Filling up the DagBag from /home/airflow/.local/lib/python3.12/site-packages/airflow/example_dags/example_external_task_marker_dag.py
[2024-06-18T09:51:04.415+0000] {processor.py:840} INFO - DAG(s) 'example_external_task_marker_child', 'example_external_task_marker_parent' retrieved from /home/airflow/.local/lib/python3.12/site-packages/airflow/example_dags/example_external_task_marker_dag.py
[2024-06-18T09:51:04.561+0000] {logging_mixin.py:188} INFO - [2024-06-18T09:51:04.561+0000] {dag.py:3096} INFO - Sync 2 DAGs
[2024-06-18T09:51:04.640+0000] {logging_mixin.py:188} INFO - [2024-06-18T09:51:04.639+0000] {dag.py:3954} INFO - Setting next_dagrun for example_external_task_marker_child to None, run_after=None
[2024-06-18T09:51:04.655+0000] {logging_mixin.py:188} INFO - [2024-06-18T09:51:04.654+0000] {dag.py:3954} INFO - Setting next_dagrun for example_external_task_marker_parent to None, run_after=None
[2024-06-18T09:51:04.752+0000] {processor.py:183} INFO - Processing /home/airflow/.local/lib/python3.12/site-packages/airflow/example_dags/example_external_task_marker_dag.py took 0.425 seconds
[2024-06-18T09:51:37.948+0000] {processor.py:161} INFO - Started process (PID=6169) to work on /home/airflow/.local/lib/python3.12/site-packages/airflow/example_dags/example_external_task_marker_dag.py
[2024-06-18T09:51:37.951+0000] {processor.py:830} INFO - Processing file /home/airflow/.local/lib/python3.12/site-packages/airflow/example_dags/example_external_task_marker_dag.py for tasks to queue
[2024-06-18T09:51:37.959+0000] {logging_mixin.py:188} INFO - [2024-06-18T09:51:37.958+0000] {dagbag.py:545} INFO - Filling up the DagBag from /home/airflow/.local/lib/python3.12/site-packages/airflow/example_dags/example_external_task_marker_dag.py
[2024-06-18T09:51:37.983+0000] {processor.py:840} INFO - DAG(s) 'example_external_task_marker_parent', 'example_external_task_marker_child' retrieved from /home/airflow/.local/lib/python3.12/site-packages/airflow/example_dags/example_external_task_marker_dag.py
[2024-06-18T09:51:38.055+0000] {logging_mixin.py:188} INFO - [2024-06-18T09:51:38.054+0000] {dag.py:3096} INFO - Sync 2 DAGs
[2024-06-18T09:51:38.085+0000] {logging_mixin.py:188} INFO - [2024-06-18T09:51:38.084+0000] {dag.py:3954} INFO - Setting next_dagrun for example_external_task_marker_child to None, run_after=None
[2024-06-18T09:51:38.115+0000] {logging_mixin.py:188} INFO - [2024-06-18T09:51:38.110+0000] {dag.py:3954} INFO - Setting next_dagrun for example_external_task_marker_parent to None, run_after=None
[2024-06-18T09:51:41.037+0000] {processor.py:183} INFO - Processing /home/airflow/.local/lib/python3.12/site-packages/airflow/example_dags/example_external_task_marker_dag.py took 3.111 seconds
[2024-06-18T09:52:11.924+0000] {processor.py:161} INFO - Started process (PID=6416) to work on /home/airflow/.local/lib/python3.12/site-packages/airflow/example_dags/example_external_task_marker_dag.py
[2024-06-18T09:52:11.927+0000] {processor.py:830} INFO - Processing file /home/airflow/.local/lib/python3.12/site-packages/airflow/example_dags/example_external_task_marker_dag.py for tasks to queue
[2024-06-18T09:52:11.931+0000] {logging_mixin.py:188} INFO - [2024-06-18T09:52:11.930+0000] {dagbag.py:545} INFO - Filling up the DagBag from /home/airflow/.local/lib/python3.12/site-packages/airflow/example_dags/example_external_task_marker_dag.py
[2024-06-18T09:52:11.946+0000] {processor.py:840} INFO - DAG(s) 'example_external_task_marker_parent', 'example_external_task_marker_child' retrieved from /home/airflow/.local/lib/python3.12/site-packages/airflow/example_dags/example_external_task_marker_dag.py
[2024-06-18T09:52:12.015+0000] {logging_mixin.py:188} INFO - [2024-06-18T09:52:12.015+0000] {dag.py:3096} INFO - Sync 2 DAGs
[2024-06-18T09:52:12.069+0000] {logging_mixin.py:188} INFO - [2024-06-18T09:52:12.068+0000] {dag.py:3954} INFO - Setting next_dagrun for example_external_task_marker_child to None, run_after=None
[2024-06-18T09:52:12.082+0000] {logging_mixin.py:188} INFO - [2024-06-18T09:52:12.082+0000] {dag.py:3954} INFO - Setting next_dagrun for example_external_task_marker_parent to None, run_after=None
[2024-06-18T09:52:12.328+0000] {processor.py:183} INFO - Processing /home/airflow/.local/lib/python3.12/site-packages/airflow/example_dags/example_external_task_marker_dag.py took 0.417 seconds
[2024-06-18T09:52:45.956+0000] {processor.py:161} INFO - Started process (PID=6663) to work on /home/airflow/.local/lib/python3.12/site-packages/airflow/example_dags/example_external_task_marker_dag.py
[2024-06-18T09:52:45.958+0000] {processor.py:830} INFO - Processing file /home/airflow/.local/lib/python3.12/site-packages/airflow/example_dags/example_external_task_marker_dag.py for tasks to queue
[2024-06-18T09:52:45.963+0000] {logging_mixin.py:188} INFO - [2024-06-18T09:52:45.962+0000] {dagbag.py:545} INFO - Filling up the DagBag from /home/airflow/.local/lib/python3.12/site-packages/airflow/example_dags/example_external_task_marker_dag.py
[2024-06-18T09:52:45.984+0000] {processor.py:840} INFO - DAG(s) 'example_external_task_marker_child', 'example_external_task_marker_parent' retrieved from /home/airflow/.local/lib/python3.12/site-packages/airflow/example_dags/example_external_task_marker_dag.py
[2024-06-18T09:52:46.057+0000] {logging_mixin.py:188} INFO - [2024-06-18T09:52:46.056+0000] {dag.py:3096} INFO - Sync 2 DAGs
[2024-06-18T09:52:46.112+0000] {logging_mixin.py:188} INFO - [2024-06-18T09:52:46.112+0000] {dag.py:3954} INFO - Setting next_dagrun for example_external_task_marker_child to None, run_after=None
[2024-06-18T09:52:46.127+0000] {logging_mixin.py:188} INFO - [2024-06-18T09:52:46.127+0000] {dag.py:3954} INFO - Setting next_dagrun for example_external_task_marker_parent to None, run_after=None
[2024-06-18T09:52:46.393+0000] {processor.py:183} INFO - Processing /home/airflow/.local/lib/python3.12/site-packages/airflow/example_dags/example_external_task_marker_dag.py took 0.453 seconds
[2024-06-18T09:52:56.987+0000] {processor.py:161} INFO - Started process (PID=237) to work on /home/airflow/.local/lib/python3.12/site-packages/airflow/example_dags/example_external_task_marker_dag.py
[2024-06-18T09:52:56.999+0000] {processor.py:830} INFO - Processing file /home/airflow/.local/lib/python3.12/site-packages/airflow/example_dags/example_external_task_marker_dag.py for tasks to queue
[2024-06-18T09:52:57.009+0000] {logging_mixin.py:188} INFO - [2024-06-18T09:52:57.008+0000] {dagbag.py:545} INFO - Filling up the DagBag from /home/airflow/.local/lib/python3.12/site-packages/airflow/example_dags/example_external_task_marker_dag.py
[2024-06-18T09:52:57.051+0000] {processor.py:840} INFO - DAG(s) 'example_external_task_marker_parent', 'example_external_task_marker_child' retrieved from /home/airflow/.local/lib/python3.12/site-packages/airflow/example_dags/example_external_task_marker_dag.py
[2024-06-18T09:52:57.947+0000] {logging_mixin.py:188} INFO - [2024-06-18T09:52:57.939+0000] {override.py:1829} INFO - Created Permission View: can delete on DAG:example_external_task_marker_parent
[2024-06-18T09:52:58.165+0000] {logging_mixin.py:188} INFO - [2024-06-18T09:52:58.164+0000] {override.py:1829} INFO - Created Permission View: can edit on DAG:example_external_task_marker_parent
[2024-06-18T09:52:58.445+0000] {logging_mixin.py:188} INFO - [2024-06-18T09:52:58.444+0000] {override.py:1829} INFO - Created Permission View: can read on DAG:example_external_task_marker_parent
[2024-06-18T09:52:58.666+0000] {logging_mixin.py:188} INFO - [2024-06-18T09:52:58.665+0000] {override.py:1829} INFO - Created Permission View: can delete on DAG:example_external_task_marker_child
[2024-06-18T09:52:58.790+0000] {logging_mixin.py:188} INFO - [2024-06-18T09:52:58.788+0000] {override.py:1829} INFO - Created Permission View: can edit on DAG:example_external_task_marker_child
[2024-06-18T09:52:59.048+0000] {logging_mixin.py:188} INFO - [2024-06-18T09:52:59.047+0000] {override.py:1829} INFO - Created Permission View: can read on DAG:example_external_task_marker_child
[2024-06-18T09:52:59.049+0000] {logging_mixin.py:188} INFO - [2024-06-18T09:52:59.049+0000] {dag.py:3096} INFO - Sync 2 DAGs
[2024-06-18T09:52:59.136+0000] {logging_mixin.py:188} INFO - [2024-06-18T09:52:59.135+0000] {dag.py:3118} INFO - Creating ORM DAG for example_external_task_marker_parent
[2024-06-18T09:52:59.162+0000] {logging_mixin.py:188} INFO - [2024-06-18T09:52:59.162+0000] {dag.py:3118} INFO - Creating ORM DAG for example_external_task_marker_child
[2024-06-18T09:52:59.180+0000] {logging_mixin.py:188} INFO - [2024-06-18T09:52:59.177+0000] {dag.py:3954} INFO - Setting next_dagrun for example_external_task_marker_child to None, run_after=None
[2024-06-18T09:52:59.184+0000] {logging_mixin.py:188} INFO - [2024-06-18T09:52:59.184+0000] {dag.py:3954} INFO - Setting next_dagrun for example_external_task_marker_parent to None, run_after=None
[2024-06-18T09:52:59.533+0000] {processor.py:183} INFO - Processing /home/airflow/.local/lib/python3.12/site-packages/airflow/example_dags/example_external_task_marker_dag.py took 2.615 seconds
[2024-06-18T09:53:23.683+0000] {processor.py:161} INFO - Started process (PID=6883) to work on /home/airflow/.local/lib/python3.12/site-packages/airflow/example_dags/example_external_task_marker_dag.py
[2024-06-18T09:53:23.698+0000] {processor.py:830} INFO - Processing file /home/airflow/.local/lib/python3.12/site-packages/airflow/example_dags/example_external_task_marker_dag.py for tasks to queue
[2024-06-18T09:53:23.731+0000] {logging_mixin.py:188} INFO - [2024-06-18T09:53:23.730+0000] {dagbag.py:545} INFO - Filling up the DagBag from /home/airflow/.local/lib/python3.12/site-packages/airflow/example_dags/example_external_task_marker_dag.py
[2024-06-18T09:53:23.861+0000] {processor.py:840} INFO - DAG(s) 'example_external_task_marker_parent', 'example_external_task_marker_child' retrieved from /home/airflow/.local/lib/python3.12/site-packages/airflow/example_dags/example_external_task_marker_dag.py
[2024-06-18T09:53:24.474+0000] {logging_mixin.py:188} INFO - [2024-06-18T09:53:24.473+0000] {dag.py:3096} INFO - Sync 2 DAGs
[2024-06-18T09:53:24.885+0000] {logging_mixin.py:188} INFO - [2024-06-18T09:53:24.885+0000] {dag.py:3954} INFO - Setting next_dagrun for example_external_task_marker_child to None, run_after=None
[2024-06-18T09:53:25.003+0000] {logging_mixin.py:188} INFO - [2024-06-18T09:53:25.003+0000] {dag.py:3954} INFO - Setting next_dagrun for example_external_task_marker_parent to None, run_after=None
[2024-06-18T09:53:28.589+0000] {processor.py:183} INFO - Processing /home/airflow/.local/lib/python3.12/site-packages/airflow/example_dags/example_external_task_marker_dag.py took 4.971 seconds
[2024-06-18T09:54:21.780+0000] {processor.py:161} INFO - Started process (PID=7015) to work on /home/airflow/.local/lib/python3.12/site-packages/airflow/example_dags/example_external_task_marker_dag.py
[2024-06-18T09:54:21.811+0000] {processor.py:830} INFO - Processing file /home/airflow/.local/lib/python3.12/site-packages/airflow/example_dags/example_external_task_marker_dag.py for tasks to queue
[2024-06-18T09:54:21.859+0000] {logging_mixin.py:188} INFO - [2024-06-18T09:54:21.839+0000] {dagbag.py:545} INFO - Filling up the DagBag from /home/airflow/.local/lib/python3.12/site-packages/airflow/example_dags/example_external_task_marker_dag.py
[2024-06-18T09:54:22.008+0000] {processor.py:840} INFO - DAG(s) 'example_external_task_marker_child', 'example_external_task_marker_parent' retrieved from /home/airflow/.local/lib/python3.12/site-packages/airflow/example_dags/example_external_task_marker_dag.py
[2024-06-18T09:54:22.246+0000] {logging_mixin.py:188} INFO - [2024-06-18T09:54:22.234+0000] {dag.py:3096} INFO - Sync 2 DAGs
[2024-06-18T09:54:22.437+0000] {logging_mixin.py:188} INFO - [2024-06-18T09:54:22.436+0000] {dag.py:3954} INFO - Setting next_dagrun for example_external_task_marker_child to None, run_after=None
[2024-06-18T09:54:22.486+0000] {logging_mixin.py:188} INFO - [2024-06-18T09:54:22.485+0000] {dag.py:3954} INFO - Setting next_dagrun for example_external_task_marker_parent to None, run_after=None
[2024-06-18T09:54:22.917+0000] {processor.py:183} INFO - Processing /home/airflow/.local/lib/python3.12/site-packages/airflow/example_dags/example_external_task_marker_dag.py took 1.219 seconds
