[2024-06-18T09:38:52.907+0000] {processor.py:161} INFO - Started process (PID=273) to work on /home/airflow/.local/lib/python3.12/site-packages/airflow/example_dags/example_params_trigger_ui.py
[2024-06-18T09:38:52.910+0000] {processor.py:830} INFO - Processing file /home/airflow/.local/lib/python3.12/site-packages/airflow/example_dags/example_params_trigger_ui.py for tasks to queue
[2024-06-18T09:38:52.921+0000] {logging_mixin.py:188} INFO - [2024-06-18T09:38:52.915+0000] {dagbag.py:545} INFO - Filling up the DagBag from /home/airflow/.local/lib/python3.12/site-packages/airflow/example_dags/example_params_trigger_ui.py
[2024-06-18T09:38:53.098+0000] {processor.py:840} INFO - DAG(s) 'example_params_trigger_ui' retrieved from /home/airflow/.local/lib/python3.12/site-packages/airflow/example_dags/example_params_trigger_ui.py
[2024-06-18T09:38:53.481+0000] {logging_mixin.py:188} INFO - [2024-06-18T09:38:53.480+0000] {dag.py:3096} INFO - Sync 1 DAGs
[2024-06-18T09:38:53.525+0000] {logging_mixin.py:188} INFO - [2024-06-18T09:38:53.525+0000] {dag.py:3954} INFO - Setting next_dagrun for example_params_trigger_ui to None, run_after=None
[2024-06-18T09:38:53.836+0000] {processor.py:183} INFO - Processing /home/airflow/.local/lib/python3.12/site-packages/airflow/example_dags/example_params_trigger_ui.py took 0.957 seconds
[2024-06-18T09:39:48.618+0000] {processor.py:161} INFO - Started process (PID=550) to work on /home/airflow/.local/lib/python3.12/site-packages/airflow/example_dags/example_params_trigger_ui.py
[2024-06-18T09:39:48.629+0000] {processor.py:830} INFO - Processing file /home/airflow/.local/lib/python3.12/site-packages/airflow/example_dags/example_params_trigger_ui.py for tasks to queue
[2024-06-18T09:39:48.636+0000] {logging_mixin.py:188} INFO - [2024-06-18T09:39:48.634+0000] {dagbag.py:545} INFO - Filling up the DagBag from /home/airflow/.local/lib/python3.12/site-packages/airflow/example_dags/example_params_trigger_ui.py
[2024-06-18T09:39:48.715+0000] {processor.py:840} INFO - DAG(s) 'example_params_trigger_ui' retrieved from /home/airflow/.local/lib/python3.12/site-packages/airflow/example_dags/example_params_trigger_ui.py
[2024-06-18T09:39:50.167+0000] {logging_mixin.py:188} INFO - [2024-06-18T09:39:50.166+0000] {dag.py:3096} INFO - Sync 1 DAGs
[2024-06-18T09:39:50.219+0000] {logging_mixin.py:188} INFO - [2024-06-18T09:39:50.218+0000] {dag.py:3954} INFO - Setting next_dagrun for example_params_trigger_ui to None, run_after=None
[2024-06-18T09:39:50.503+0000] {processor.py:183} INFO - Processing /home/airflow/.local/lib/python3.12/site-packages/airflow/example_dags/example_params_trigger_ui.py took 1.954 seconds
[2024-06-18T09:40:21.022+0000] {processor.py:161} INFO - Started process (PID=824) to work on /home/airflow/.local/lib/python3.12/site-packages/airflow/example_dags/example_params_trigger_ui.py
[2024-06-18T09:40:21.024+0000] {processor.py:830} INFO - Processing file /home/airflow/.local/lib/python3.12/site-packages/airflow/example_dags/example_params_trigger_ui.py for tasks to queue
[2024-06-18T09:40:21.028+0000] {logging_mixin.py:188} INFO - [2024-06-18T09:40:21.027+0000] {dagbag.py:545} INFO - Filling up the DagBag from /home/airflow/.local/lib/python3.12/site-packages/airflow/example_dags/example_params_trigger_ui.py
[2024-06-18T09:40:21.058+0000] {processor.py:840} INFO - DAG(s) 'example_params_trigger_ui' retrieved from /home/airflow/.local/lib/python3.12/site-packages/airflow/example_dags/example_params_trigger_ui.py
[2024-06-18T09:40:21.170+0000] {logging_mixin.py:188} INFO - [2024-06-18T09:40:21.169+0000] {dag.py:3096} INFO - Sync 1 DAGs
[2024-06-18T09:40:21.208+0000] {logging_mixin.py:188} INFO - [2024-06-18T09:40:21.207+0000] {dag.py:3954} INFO - Setting next_dagrun for example_params_trigger_ui to None, run_after=None
[2024-06-18T09:40:21.332+0000] {processor.py:183} INFO - Processing /home/airflow/.local/lib/python3.12/site-packages/airflow/example_dags/example_params_trigger_ui.py took 0.322 seconds
[2024-06-18T09:40:56.284+0000] {processor.py:161} INFO - Started process (PID=1094) to work on /home/airflow/.local/lib/python3.12/site-packages/airflow/example_dags/example_params_trigger_ui.py
[2024-06-18T09:40:56.302+0000] {processor.py:830} INFO - Processing file /home/airflow/.local/lib/python3.12/site-packages/airflow/example_dags/example_params_trigger_ui.py for tasks to queue
[2024-06-18T09:40:56.326+0000] {logging_mixin.py:188} INFO - [2024-06-18T09:40:56.325+0000] {dagbag.py:545} INFO - Filling up the DagBag from /home/airflow/.local/lib/python3.12/site-packages/airflow/example_dags/example_params_trigger_ui.py
[2024-06-18T09:40:56.454+0000] {processor.py:840} INFO - DAG(s) 'example_params_trigger_ui' retrieved from /home/airflow/.local/lib/python3.12/site-packages/airflow/example_dags/example_params_trigger_ui.py
[2024-06-18T09:40:57.026+0000] {logging_mixin.py:188} INFO - [2024-06-18T09:40:57.026+0000] {dag.py:3096} INFO - Sync 1 DAGs
[2024-06-18T09:40:57.174+0000] {logging_mixin.py:188} INFO - [2024-06-18T09:40:57.173+0000] {dag.py:3954} INFO - Setting next_dagrun for example_params_trigger_ui to None, run_after=None
[2024-06-18T09:40:57.356+0000] {processor.py:183} INFO - Processing /home/airflow/.local/lib/python3.12/site-packages/airflow/example_dags/example_params_trigger_ui.py took 1.112 seconds
[2024-06-18T09:41:27.850+0000] {processor.py:161} INFO - Started process (PID=1366) to work on /home/airflow/.local/lib/python3.12/site-packages/airflow/example_dags/example_params_trigger_ui.py
[2024-06-18T09:41:27.853+0000] {processor.py:830} INFO - Processing file /home/airflow/.local/lib/python3.12/site-packages/airflow/example_dags/example_params_trigger_ui.py for tasks to queue
[2024-06-18T09:41:27.875+0000] {logging_mixin.py:188} INFO - [2024-06-18T09:41:27.874+0000] {dagbag.py:545} INFO - Filling up the DagBag from /home/airflow/.local/lib/python3.12/site-packages/airflow/example_dags/example_params_trigger_ui.py
[2024-06-18T09:41:28.000+0000] {processor.py:840} INFO - DAG(s) 'example_params_trigger_ui' retrieved from /home/airflow/.local/lib/python3.12/site-packages/airflow/example_dags/example_params_trigger_ui.py
[2024-06-18T09:41:28.286+0000] {logging_mixin.py:188} INFO - [2024-06-18T09:41:28.286+0000] {dag.py:3096} INFO - Sync 1 DAGs
[2024-06-18T09:41:28.331+0000] {logging_mixin.py:188} INFO - [2024-06-18T09:41:28.331+0000] {dag.py:3954} INFO - Setting next_dagrun for example_params_trigger_ui to None, run_after=None
[2024-06-18T09:41:28.513+0000] {processor.py:183} INFO - Processing /home/airflow/.local/lib/python3.12/site-packages/airflow/example_dags/example_params_trigger_ui.py took 0.755 seconds
[2024-06-18T09:42:18.726+0000] {processor.py:161} INFO - Started process (PID=1645) to work on /home/airflow/.local/lib/python3.12/site-packages/airflow/example_dags/example_params_trigger_ui.py
[2024-06-18T09:42:18.959+0000] {processor.py:830} INFO - Processing file /home/airflow/.local/lib/python3.12/site-packages/airflow/example_dags/example_params_trigger_ui.py for tasks to queue
[2024-06-18T09:42:18.964+0000] {logging_mixin.py:188} INFO - [2024-06-18T09:42:18.963+0000] {dagbag.py:545} INFO - Filling up the DagBag from /home/airflow/.local/lib/python3.12/site-packages/airflow/example_dags/example_params_trigger_ui.py
[2024-06-18T09:42:19.084+0000] {processor.py:840} INFO - DAG(s) 'example_params_trigger_ui' retrieved from /home/airflow/.local/lib/python3.12/site-packages/airflow/example_dags/example_params_trigger_ui.py
[2024-06-18T09:42:19.604+0000] {logging_mixin.py:188} INFO - [2024-06-18T09:42:19.603+0000] {dag.py:3096} INFO - Sync 1 DAGs
[2024-06-18T09:42:19.731+0000] {logging_mixin.py:188} INFO - [2024-06-18T09:42:19.720+0000] {dag.py:3954} INFO - Setting next_dagrun for example_params_trigger_ui to None, run_after=None
[2024-06-18T09:42:20.172+0000] {processor.py:183} INFO - Processing /home/airflow/.local/lib/python3.12/site-packages/airflow/example_dags/example_params_trigger_ui.py took 1.496 seconds
[2024-06-18T09:42:56.153+0000] {processor.py:161} INFO - Started process (PID=1876) to work on /home/airflow/.local/lib/python3.12/site-packages/airflow/example_dags/example_params_trigger_ui.py
[2024-06-18T09:42:56.165+0000] {processor.py:830} INFO - Processing file /home/airflow/.local/lib/python3.12/site-packages/airflow/example_dags/example_params_trigger_ui.py for tasks to queue
[2024-06-18T09:42:56.171+0000] {logging_mixin.py:188} INFO - [2024-06-18T09:42:56.170+0000] {dagbag.py:545} INFO - Filling up the DagBag from /home/airflow/.local/lib/python3.12/site-packages/airflow/example_dags/example_params_trigger_ui.py
[2024-06-18T09:42:56.313+0000] {processor.py:840} INFO - DAG(s) 'example_params_trigger_ui' retrieved from /home/airflow/.local/lib/python3.12/site-packages/airflow/example_dags/example_params_trigger_ui.py
[2024-06-18T09:42:56.596+0000] {logging_mixin.py:188} INFO - [2024-06-18T09:42:56.595+0000] {dag.py:3096} INFO - Sync 1 DAGs
[2024-06-18T09:42:56.681+0000] {logging_mixin.py:188} INFO - [2024-06-18T09:42:56.680+0000] {dag.py:3954} INFO - Setting next_dagrun for example_params_trigger_ui to None, run_after=None
[2024-06-18T09:42:56.889+0000] {processor.py:183} INFO - Processing /home/airflow/.local/lib/python3.12/site-packages/airflow/example_dags/example_params_trigger_ui.py took 0.787 seconds
[2024-06-18T09:43:27.414+0000] {processor.py:161} INFO - Started process (PID=2150) to work on /home/airflow/.local/lib/python3.12/site-packages/airflow/example_dags/example_params_trigger_ui.py
[2024-06-18T09:43:27.416+0000] {processor.py:830} INFO - Processing file /home/airflow/.local/lib/python3.12/site-packages/airflow/example_dags/example_params_trigger_ui.py for tasks to queue
[2024-06-18T09:43:27.422+0000] {logging_mixin.py:188} INFO - [2024-06-18T09:43:27.420+0000] {dagbag.py:545} INFO - Filling up the DagBag from /home/airflow/.local/lib/python3.12/site-packages/airflow/example_dags/example_params_trigger_ui.py
[2024-06-18T09:43:27.463+0000] {processor.py:840} INFO - DAG(s) 'example_params_trigger_ui' retrieved from /home/airflow/.local/lib/python3.12/site-packages/airflow/example_dags/example_params_trigger_ui.py
[2024-06-18T09:43:27.684+0000] {logging_mixin.py:188} INFO - [2024-06-18T09:43:27.684+0000] {dag.py:3096} INFO - Sync 1 DAGs
[2024-06-18T09:43:27.747+0000] {logging_mixin.py:188} INFO - [2024-06-18T09:43:27.747+0000] {dag.py:3954} INFO - Setting next_dagrun for example_params_trigger_ui to None, run_after=None
[2024-06-18T09:43:27.836+0000] {processor.py:183} INFO - Processing /home/airflow/.local/lib/python3.12/site-packages/airflow/example_dags/example_params_trigger_ui.py took 0.445 seconds
[2024-06-18T09:43:58.384+0000] {processor.py:161} INFO - Started process (PID=2427) to work on /home/airflow/.local/lib/python3.12/site-packages/airflow/example_dags/example_params_trigger_ui.py
[2024-06-18T09:43:58.407+0000] {processor.py:830} INFO - Processing file /home/airflow/.local/lib/python3.12/site-packages/airflow/example_dags/example_params_trigger_ui.py for tasks to queue
[2024-06-18T09:43:58.416+0000] {logging_mixin.py:188} INFO - [2024-06-18T09:43:58.416+0000] {dagbag.py:545} INFO - Filling up the DagBag from /home/airflow/.local/lib/python3.12/site-packages/airflow/example_dags/example_params_trigger_ui.py
[2024-06-18T09:43:58.468+0000] {processor.py:840} INFO - DAG(s) 'example_params_trigger_ui' retrieved from /home/airflow/.local/lib/python3.12/site-packages/airflow/example_dags/example_params_trigger_ui.py
[2024-06-18T09:43:58.811+0000] {logging_mixin.py:188} INFO - [2024-06-18T09:43:58.801+0000] {dag.py:3096} INFO - Sync 1 DAGs
[2024-06-18T09:43:58.976+0000] {logging_mixin.py:188} INFO - [2024-06-18T09:43:58.964+0000] {dag.py:3954} INFO - Setting next_dagrun for example_params_trigger_ui to None, run_after=None
[2024-06-18T09:43:59.225+0000] {processor.py:183} INFO - Processing /home/airflow/.local/lib/python3.12/site-packages/airflow/example_dags/example_params_trigger_ui.py took 0.871 seconds
[2024-06-18T09:44:29.380+0000] {processor.py:161} INFO - Started process (PID=2699) to work on /home/airflow/.local/lib/python3.12/site-packages/airflow/example_dags/example_params_trigger_ui.py
[2024-06-18T09:44:29.382+0000] {processor.py:830} INFO - Processing file /home/airflow/.local/lib/python3.12/site-packages/airflow/example_dags/example_params_trigger_ui.py for tasks to queue
[2024-06-18T09:44:29.388+0000] {logging_mixin.py:188} INFO - [2024-06-18T09:44:29.386+0000] {dagbag.py:545} INFO - Filling up the DagBag from /home/airflow/.local/lib/python3.12/site-packages/airflow/example_dags/example_params_trigger_ui.py
[2024-06-18T09:44:29.422+0000] {processor.py:840} INFO - DAG(s) 'example_params_trigger_ui' retrieved from /home/airflow/.local/lib/python3.12/site-packages/airflow/example_dags/example_params_trigger_ui.py
[2024-06-18T09:44:29.588+0000] {logging_mixin.py:188} INFO - [2024-06-18T09:44:29.588+0000] {dag.py:3096} INFO - Sync 1 DAGs
[2024-06-18T09:44:29.625+0000] {logging_mixin.py:188} INFO - [2024-06-18T09:44:29.624+0000] {dag.py:3954} INFO - Setting next_dagrun for example_params_trigger_ui to None, run_after=None
[2024-06-18T09:44:29.725+0000] {processor.py:183} INFO - Processing /home/airflow/.local/lib/python3.12/site-packages/airflow/example_dags/example_params_trigger_ui.py took 0.361 seconds
[2024-06-18T09:45:07.659+0000] {processor.py:161} INFO - Started process (PID=2942) to work on /home/airflow/.local/lib/python3.12/site-packages/airflow/example_dags/example_params_trigger_ui.py
[2024-06-18T09:45:07.662+0000] {processor.py:830} INFO - Processing file /home/airflow/.local/lib/python3.12/site-packages/airflow/example_dags/example_params_trigger_ui.py for tasks to queue
[2024-06-18T09:45:07.666+0000] {logging_mixin.py:188} INFO - [2024-06-18T09:45:07.665+0000] {dagbag.py:545} INFO - Filling up the DagBag from /home/airflow/.local/lib/python3.12/site-packages/airflow/example_dags/example_params_trigger_ui.py
[2024-06-18T09:45:07.700+0000] {processor.py:840} INFO - DAG(s) 'example_params_trigger_ui' retrieved from /home/airflow/.local/lib/python3.12/site-packages/airflow/example_dags/example_params_trigger_ui.py
[2024-06-18T09:45:07.821+0000] {logging_mixin.py:188} INFO - [2024-06-18T09:45:07.821+0000] {dag.py:3096} INFO - Sync 1 DAGs
[2024-06-18T09:45:07.861+0000] {logging_mixin.py:188} INFO - [2024-06-18T09:45:07.860+0000] {dag.py:3954} INFO - Setting next_dagrun for example_params_trigger_ui to None, run_after=None
[2024-06-18T09:45:07.991+0000] {processor.py:183} INFO - Processing /home/airflow/.local/lib/python3.12/site-packages/airflow/example_dags/example_params_trigger_ui.py took 0.350 seconds
[2024-06-18T09:45:43.553+0000] {processor.py:161} INFO - Started process (PID=3216) to work on /home/airflow/.local/lib/python3.12/site-packages/airflow/example_dags/example_params_trigger_ui.py
[2024-06-18T09:45:43.592+0000] {processor.py:830} INFO - Processing file /home/airflow/.local/lib/python3.12/site-packages/airflow/example_dags/example_params_trigger_ui.py for tasks to queue
[2024-06-18T09:45:43.623+0000] {logging_mixin.py:188} INFO - [2024-06-18T09:45:43.621+0000] {dagbag.py:545} INFO - Filling up the DagBag from /home/airflow/.local/lib/python3.12/site-packages/airflow/example_dags/example_params_trigger_ui.py
[2024-06-18T09:45:43.945+0000] {processor.py:840} INFO - DAG(s) 'example_params_trigger_ui' retrieved from /home/airflow/.local/lib/python3.12/site-packages/airflow/example_dags/example_params_trigger_ui.py
[2024-06-18T09:45:44.562+0000] {logging_mixin.py:188} INFO - [2024-06-18T09:45:44.562+0000] {dag.py:3096} INFO - Sync 1 DAGs
[2024-06-18T09:45:44.769+0000] {logging_mixin.py:188} INFO - [2024-06-18T09:45:44.749+0000] {dag.py:3954} INFO - Setting next_dagrun for example_params_trigger_ui to None, run_after=None
[2024-06-18T09:45:45.084+0000] {processor.py:183} INFO - Processing /home/airflow/.local/lib/python3.12/site-packages/airflow/example_dags/example_params_trigger_ui.py took 1.599 seconds
[2024-06-18T09:46:15.556+0000] {processor.py:161} INFO - Started process (PID=3490) to work on /home/airflow/.local/lib/python3.12/site-packages/airflow/example_dags/example_params_trigger_ui.py
[2024-06-18T09:46:15.559+0000] {processor.py:830} INFO - Processing file /home/airflow/.local/lib/python3.12/site-packages/airflow/example_dags/example_params_trigger_ui.py for tasks to queue
[2024-06-18T09:46:15.565+0000] {logging_mixin.py:188} INFO - [2024-06-18T09:46:15.563+0000] {dagbag.py:545} INFO - Filling up the DagBag from /home/airflow/.local/lib/python3.12/site-packages/airflow/example_dags/example_params_trigger_ui.py
[2024-06-18T09:46:15.609+0000] {processor.py:840} INFO - DAG(s) 'example_params_trigger_ui' retrieved from /home/airflow/.local/lib/python3.12/site-packages/airflow/example_dags/example_params_trigger_ui.py
[2024-06-18T09:46:15.789+0000] {logging_mixin.py:188} INFO - [2024-06-18T09:46:15.788+0000] {dag.py:3096} INFO - Sync 1 DAGs
[2024-06-18T09:46:15.828+0000] {logging_mixin.py:188} INFO - [2024-06-18T09:46:15.828+0000] {dag.py:3954} INFO - Setting next_dagrun for example_params_trigger_ui to None, run_after=None
[2024-06-18T09:46:15.925+0000] {processor.py:183} INFO - Processing /home/airflow/.local/lib/python3.12/site-packages/airflow/example_dags/example_params_trigger_ui.py took 0.388 seconds
[2024-06-18T09:46:48.411+0000] {processor.py:161} INFO - Started process (PID=3766) to work on /home/airflow/.local/lib/python3.12/site-packages/airflow/example_dags/example_params_trigger_ui.py
[2024-06-18T09:46:48.413+0000] {processor.py:830} INFO - Processing file /home/airflow/.local/lib/python3.12/site-packages/airflow/example_dags/example_params_trigger_ui.py for tasks to queue
[2024-06-18T09:46:48.419+0000] {logging_mixin.py:188} INFO - [2024-06-18T09:46:48.418+0000] {dagbag.py:545} INFO - Filling up the DagBag from /home/airflow/.local/lib/python3.12/site-packages/airflow/example_dags/example_params_trigger_ui.py
[2024-06-18T09:46:48.462+0000] {processor.py:840} INFO - DAG(s) 'example_params_trigger_ui' retrieved from /home/airflow/.local/lib/python3.12/site-packages/airflow/example_dags/example_params_trigger_ui.py
[2024-06-18T09:46:48.628+0000] {logging_mixin.py:188} INFO - [2024-06-18T09:46:48.627+0000] {dag.py:3096} INFO - Sync 1 DAGs
[2024-06-18T09:46:48.667+0000] {logging_mixin.py:188} INFO - [2024-06-18T09:46:48.666+0000] {dag.py:3954} INFO - Setting next_dagrun for example_params_trigger_ui to None, run_after=None
[2024-06-18T09:46:48.930+0000] {processor.py:183} INFO - Processing /home/airflow/.local/lib/python3.12/site-packages/airflow/example_dags/example_params_trigger_ui.py took 0.532 seconds
[2024-06-18T09:47:20.207+0000] {processor.py:161} INFO - Started process (PID=4030) to work on /home/airflow/.local/lib/python3.12/site-packages/airflow/example_dags/example_params_trigger_ui.py
[2024-06-18T09:47:20.210+0000] {processor.py:830} INFO - Processing file /home/airflow/.local/lib/python3.12/site-packages/airflow/example_dags/example_params_trigger_ui.py for tasks to queue
[2024-06-18T09:47:20.215+0000] {logging_mixin.py:188} INFO - [2024-06-18T09:47:20.214+0000] {dagbag.py:545} INFO - Filling up the DagBag from /home/airflow/.local/lib/python3.12/site-packages/airflow/example_dags/example_params_trigger_ui.py
[2024-06-18T09:47:20.258+0000] {processor.py:840} INFO - DAG(s) 'example_params_trigger_ui' retrieved from /home/airflow/.local/lib/python3.12/site-packages/airflow/example_dags/example_params_trigger_ui.py
[2024-06-18T09:47:20.410+0000] {logging_mixin.py:188} INFO - [2024-06-18T09:47:20.409+0000] {dag.py:3096} INFO - Sync 1 DAGs
[2024-06-18T09:47:20.448+0000] {logging_mixin.py:188} INFO - [2024-06-18T09:47:20.448+0000] {dag.py:3954} INFO - Setting next_dagrun for example_params_trigger_ui to None, run_after=None
[2024-06-18T09:47:20.629+0000] {processor.py:183} INFO - Processing /home/airflow/.local/lib/python3.12/site-packages/airflow/example_dags/example_params_trigger_ui.py took 0.438 seconds
[2024-06-18T09:47:51.134+0000] {processor.py:161} INFO - Started process (PID=4302) to work on /home/airflow/.local/lib/python3.12/site-packages/airflow/example_dags/example_params_trigger_ui.py
[2024-06-18T09:47:51.149+0000] {processor.py:830} INFO - Processing file /home/airflow/.local/lib/python3.12/site-packages/airflow/example_dags/example_params_trigger_ui.py for tasks to queue
[2024-06-18T09:47:51.163+0000] {logging_mixin.py:188} INFO - [2024-06-18T09:47:51.162+0000] {dagbag.py:545} INFO - Filling up the DagBag from /home/airflow/.local/lib/python3.12/site-packages/airflow/example_dags/example_params_trigger_ui.py
[2024-06-18T09:47:51.237+0000] {processor.py:840} INFO - DAG(s) 'example_params_trigger_ui' retrieved from /home/airflow/.local/lib/python3.12/site-packages/airflow/example_dags/example_params_trigger_ui.py
[2024-06-18T09:47:51.697+0000] {logging_mixin.py:188} INFO - [2024-06-18T09:47:51.696+0000] {dag.py:3096} INFO - Sync 1 DAGs
[2024-06-18T09:47:51.787+0000] {logging_mixin.py:188} INFO - [2024-06-18T09:47:51.786+0000] {dag.py:3954} INFO - Setting next_dagrun for example_params_trigger_ui to None, run_after=None
[2024-06-18T09:47:52.021+0000] {processor.py:183} INFO - Processing /home/airflow/.local/lib/python3.12/site-packages/airflow/example_dags/example_params_trigger_ui.py took 0.924 seconds
[2024-06-18T09:48:28.589+0000] {processor.py:161} INFO - Started process (PID=4559) to work on /home/airflow/.local/lib/python3.12/site-packages/airflow/example_dags/example_params_trigger_ui.py
[2024-06-18T09:48:28.601+0000] {processor.py:830} INFO - Processing file /home/airflow/.local/lib/python3.12/site-packages/airflow/example_dags/example_params_trigger_ui.py for tasks to queue
[2024-06-18T09:48:28.608+0000] {logging_mixin.py:188} INFO - [2024-06-18T09:48:28.607+0000] {dagbag.py:545} INFO - Filling up the DagBag from /home/airflow/.local/lib/python3.12/site-packages/airflow/example_dags/example_params_trigger_ui.py
[2024-06-18T09:48:28.650+0000] {processor.py:840} INFO - DAG(s) 'example_params_trigger_ui' retrieved from /home/airflow/.local/lib/python3.12/site-packages/airflow/example_dags/example_params_trigger_ui.py
[2024-06-18T09:48:29.102+0000] {logging_mixin.py:188} INFO - [2024-06-18T09:48:29.101+0000] {dag.py:3096} INFO - Sync 1 DAGs
[2024-06-18T09:48:29.193+0000] {logging_mixin.py:188} INFO - [2024-06-18T09:48:29.193+0000] {dag.py:3954} INFO - Setting next_dagrun for example_params_trigger_ui to None, run_after=None
[2024-06-18T09:48:29.472+0000] {processor.py:183} INFO - Processing /home/airflow/.local/lib/python3.12/site-packages/airflow/example_dags/example_params_trigger_ui.py took 0.902 seconds
[2024-06-18T09:49:01.312+0000] {processor.py:161} INFO - Started process (PID=4831) to work on /home/airflow/.local/lib/python3.12/site-packages/airflow/example_dags/example_params_trigger_ui.py
[2024-06-18T09:49:01.314+0000] {processor.py:830} INFO - Processing file /home/airflow/.local/lib/python3.12/site-packages/airflow/example_dags/example_params_trigger_ui.py for tasks to queue
[2024-06-18T09:49:01.320+0000] {logging_mixin.py:188} INFO - [2024-06-18T09:49:01.318+0000] {dagbag.py:545} INFO - Filling up the DagBag from /home/airflow/.local/lib/python3.12/site-packages/airflow/example_dags/example_params_trigger_ui.py
[2024-06-18T09:49:01.367+0000] {processor.py:840} INFO - DAG(s) 'example_params_trigger_ui' retrieved from /home/airflow/.local/lib/python3.12/site-packages/airflow/example_dags/example_params_trigger_ui.py
[2024-06-18T09:49:01.645+0000] {logging_mixin.py:188} INFO - [2024-06-18T09:49:01.645+0000] {dag.py:3096} INFO - Sync 1 DAGs
[2024-06-18T09:49:01.698+0000] {logging_mixin.py:188} INFO - [2024-06-18T09:49:01.697+0000] {dag.py:3954} INFO - Setting next_dagrun for example_params_trigger_ui to None, run_after=None
[2024-06-18T09:49:02.831+0000] {processor.py:183} INFO - Processing /home/airflow/.local/lib/python3.12/site-packages/airflow/example_dags/example_params_trigger_ui.py took 1.597 seconds
[2024-06-18T09:49:33.660+0000] {processor.py:161} INFO - Started process (PID=5103) to work on /home/airflow/.local/lib/python3.12/site-packages/airflow/example_dags/example_params_trigger_ui.py
[2024-06-18T09:49:33.680+0000] {processor.py:830} INFO - Processing file /home/airflow/.local/lib/python3.12/site-packages/airflow/example_dags/example_params_trigger_ui.py for tasks to queue
[2024-06-18T09:49:33.686+0000] {logging_mixin.py:188} INFO - [2024-06-18T09:49:33.685+0000] {dagbag.py:545} INFO - Filling up the DagBag from /home/airflow/.local/lib/python3.12/site-packages/airflow/example_dags/example_params_trigger_ui.py
[2024-06-18T09:49:33.728+0000] {processor.py:840} INFO - DAG(s) 'example_params_trigger_ui' retrieved from /home/airflow/.local/lib/python3.12/site-packages/airflow/example_dags/example_params_trigger_ui.py
[2024-06-18T09:49:33.975+0000] {logging_mixin.py:188} INFO - [2024-06-18T09:49:33.974+0000] {dag.py:3096} INFO - Sync 1 DAGs
[2024-06-18T09:49:34.060+0000] {logging_mixin.py:188} INFO - [2024-06-18T09:49:34.060+0000] {dag.py:3954} INFO - Setting next_dagrun for example_params_trigger_ui to None, run_after=None
[2024-06-18T09:49:34.321+0000] {processor.py:183} INFO - Processing /home/airflow/.local/lib/python3.12/site-packages/airflow/example_dags/example_params_trigger_ui.py took 0.706 seconds
[2024-06-18T09:50:05.087+0000] {processor.py:161} INFO - Started process (PID=5370) to work on /home/airflow/.local/lib/python3.12/site-packages/airflow/example_dags/example_params_trigger_ui.py
[2024-06-18T09:50:05.090+0000] {processor.py:830} INFO - Processing file /home/airflow/.local/lib/python3.12/site-packages/airflow/example_dags/example_params_trigger_ui.py for tasks to queue
[2024-06-18T09:50:05.095+0000] {logging_mixin.py:188} INFO - [2024-06-18T09:50:05.094+0000] {dagbag.py:545} INFO - Filling up the DagBag from /home/airflow/.local/lib/python3.12/site-packages/airflow/example_dags/example_params_trigger_ui.py
[2024-06-18T09:50:05.130+0000] {processor.py:840} INFO - DAG(s) 'example_params_trigger_ui' retrieved from /home/airflow/.local/lib/python3.12/site-packages/airflow/example_dags/example_params_trigger_ui.py
[2024-06-18T09:50:05.338+0000] {logging_mixin.py:188} INFO - [2024-06-18T09:50:05.335+0000] {dag.py:3096} INFO - Sync 1 DAGs
[2024-06-18T09:50:05.388+0000] {logging_mixin.py:188} INFO - [2024-06-18T09:50:05.387+0000] {dag.py:3954} INFO - Setting next_dagrun for example_params_trigger_ui to None, run_after=None
[2024-06-18T09:50:05.553+0000] {processor.py:183} INFO - Processing /home/airflow/.local/lib/python3.12/site-packages/airflow/example_dags/example_params_trigger_ui.py took 0.489 seconds
[2024-06-18T09:50:35.883+0000] {processor.py:161} INFO - Started process (PID=5642) to work on /home/airflow/.local/lib/python3.12/site-packages/airflow/example_dags/example_params_trigger_ui.py
[2024-06-18T09:50:35.885+0000] {processor.py:830} INFO - Processing file /home/airflow/.local/lib/python3.12/site-packages/airflow/example_dags/example_params_trigger_ui.py for tasks to queue
[2024-06-18T09:50:35.888+0000] {logging_mixin.py:188} INFO - [2024-06-18T09:50:35.888+0000] {dagbag.py:545} INFO - Filling up the DagBag from /home/airflow/.local/lib/python3.12/site-packages/airflow/example_dags/example_params_trigger_ui.py
[2024-06-18T09:50:35.916+0000] {processor.py:840} INFO - DAG(s) 'example_params_trigger_ui' retrieved from /home/airflow/.local/lib/python3.12/site-packages/airflow/example_dags/example_params_trigger_ui.py
[2024-06-18T09:50:36.022+0000] {logging_mixin.py:188} INFO - [2024-06-18T09:50:36.021+0000] {dag.py:3096} INFO - Sync 1 DAGs
[2024-06-18T09:50:36.056+0000] {logging_mixin.py:188} INFO - [2024-06-18T09:50:36.055+0000] {dag.py:3954} INFO - Setting next_dagrun for example_params_trigger_ui to None, run_after=None
[2024-06-18T09:50:36.302+0000] {processor.py:183} INFO - Processing /home/airflow/.local/lib/python3.12/site-packages/airflow/example_dags/example_params_trigger_ui.py took 0.433 seconds
[2024-06-18T09:51:07.032+0000] {processor.py:161} INFO - Started process (PID=5914) to work on /home/airflow/.local/lib/python3.12/site-packages/airflow/example_dags/example_params_trigger_ui.py
[2024-06-18T09:51:07.036+0000] {processor.py:830} INFO - Processing file /home/airflow/.local/lib/python3.12/site-packages/airflow/example_dags/example_params_trigger_ui.py for tasks to queue
[2024-06-18T09:51:07.044+0000] {logging_mixin.py:188} INFO - [2024-06-18T09:51:07.042+0000] {dagbag.py:545} INFO - Filling up the DagBag from /home/airflow/.local/lib/python3.12/site-packages/airflow/example_dags/example_params_trigger_ui.py
[2024-06-18T09:51:07.099+0000] {processor.py:840} INFO - DAG(s) 'example_params_trigger_ui' retrieved from /home/airflow/.local/lib/python3.12/site-packages/airflow/example_dags/example_params_trigger_ui.py
[2024-06-18T09:51:07.351+0000] {logging_mixin.py:188} INFO - [2024-06-18T09:51:07.351+0000] {dag.py:3096} INFO - Sync 1 DAGs
[2024-06-18T09:51:07.400+0000] {logging_mixin.py:188} INFO - [2024-06-18T09:51:07.399+0000] {dag.py:3954} INFO - Setting next_dagrun for example_params_trigger_ui to None, run_after=None
[2024-06-18T09:51:07.482+0000] {processor.py:183} INFO - Processing /home/airflow/.local/lib/python3.12/site-packages/airflow/example_dags/example_params_trigger_ui.py took 0.486 seconds
[2024-06-18T09:51:41.450+0000] {processor.py:161} INFO - Started process (PID=6184) to work on /home/airflow/.local/lib/python3.12/site-packages/airflow/example_dags/example_params_trigger_ui.py
[2024-06-18T09:51:41.452+0000] {processor.py:830} INFO - Processing file /home/airflow/.local/lib/python3.12/site-packages/airflow/example_dags/example_params_trigger_ui.py for tasks to queue
[2024-06-18T09:51:41.456+0000] {logging_mixin.py:188} INFO - [2024-06-18T09:51:41.455+0000] {dagbag.py:545} INFO - Filling up the DagBag from /home/airflow/.local/lib/python3.12/site-packages/airflow/example_dags/example_params_trigger_ui.py
[2024-06-18T09:51:41.490+0000] {processor.py:840} INFO - DAG(s) 'example_params_trigger_ui' retrieved from /home/airflow/.local/lib/python3.12/site-packages/airflow/example_dags/example_params_trigger_ui.py
[2024-06-18T09:51:41.660+0000] {logging_mixin.py:188} INFO - [2024-06-18T09:51:41.659+0000] {dag.py:3096} INFO - Sync 1 DAGs
[2024-06-18T09:51:41.707+0000] {logging_mixin.py:188} INFO - [2024-06-18T09:51:41.707+0000] {dag.py:3954} INFO - Setting next_dagrun for example_params_trigger_ui to None, run_after=None
[2024-06-18T09:51:41.917+0000] {processor.py:183} INFO - Processing /home/airflow/.local/lib/python3.12/site-packages/airflow/example_dags/example_params_trigger_ui.py took 0.481 seconds
[2024-06-18T09:52:15.797+0000] {processor.py:161} INFO - Started process (PID=6463) to work on /home/airflow/.local/lib/python3.12/site-packages/airflow/example_dags/example_params_trigger_ui.py
[2024-06-18T09:52:15.799+0000] {processor.py:830} INFO - Processing file /home/airflow/.local/lib/python3.12/site-packages/airflow/example_dags/example_params_trigger_ui.py for tasks to queue
[2024-06-18T09:52:15.804+0000] {logging_mixin.py:188} INFO - [2024-06-18T09:52:15.803+0000] {dagbag.py:545} INFO - Filling up the DagBag from /home/airflow/.local/lib/python3.12/site-packages/airflow/example_dags/example_params_trigger_ui.py
[2024-06-18T09:52:15.862+0000] {processor.py:840} INFO - DAG(s) 'example_params_trigger_ui' retrieved from /home/airflow/.local/lib/python3.12/site-packages/airflow/example_dags/example_params_trigger_ui.py
[2024-06-18T09:52:16.334+0000] {logging_mixin.py:188} INFO - [2024-06-18T09:52:16.333+0000] {dag.py:3096} INFO - Sync 1 DAGs
[2024-06-18T09:52:16.443+0000] {logging_mixin.py:188} INFO - [2024-06-18T09:52:16.442+0000] {dag.py:3954} INFO - Setting next_dagrun for example_params_trigger_ui to None, run_after=None
[2024-06-18T09:52:16.910+0000] {processor.py:183} INFO - Processing /home/airflow/.local/lib/python3.12/site-packages/airflow/example_dags/example_params_trigger_ui.py took 1.134 seconds
[2024-06-18T09:52:51.547+0000] {processor.py:161} INFO - Started process (PID=6731) to work on /home/airflow/.local/lib/python3.12/site-packages/airflow/example_dags/example_params_trigger_ui.py
[2024-06-18T09:52:51.559+0000] {processor.py:830} INFO - Processing file /home/airflow/.local/lib/python3.12/site-packages/airflow/example_dags/example_params_trigger_ui.py for tasks to queue
[2024-06-18T09:52:51.580+0000] {logging_mixin.py:188} INFO - [2024-06-18T09:52:51.579+0000] {dagbag.py:545} INFO - Filling up the DagBag from /home/airflow/.local/lib/python3.12/site-packages/airflow/example_dags/example_params_trigger_ui.py
[2024-06-18T09:52:51.859+0000] {processor.py:840} INFO - DAG(s) 'example_params_trigger_ui' retrieved from /home/airflow/.local/lib/python3.12/site-packages/airflow/example_dags/example_params_trigger_ui.py
[2024-06-18T09:52:52.327+0000] {logging_mixin.py:188} INFO - [2024-06-18T09:52:52.326+0000] {dag.py:3096} INFO - Sync 1 DAGs
[2024-06-18T09:52:52.454+0000] {logging_mixin.py:188} INFO - [2024-06-18T09:52:52.453+0000] {dag.py:3954} INFO - Setting next_dagrun for example_params_trigger_ui to None, run_after=None
[2024-06-18T09:52:52.830+0000] {processor.py:183} INFO - Processing /home/airflow/.local/lib/python3.12/site-packages/airflow/example_dags/example_params_trigger_ui.py took 1.397 seconds
[2024-06-18T09:52:59.819+0000] {processor.py:161} INFO - Started process (PID=247) to work on /home/airflow/.local/lib/python3.12/site-packages/airflow/example_dags/example_params_trigger_ui.py
[2024-06-18T09:52:59.822+0000] {processor.py:830} INFO - Processing file /home/airflow/.local/lib/python3.12/site-packages/airflow/example_dags/example_params_trigger_ui.py for tasks to queue
[2024-06-18T09:52:59.841+0000] {logging_mixin.py:188} INFO - [2024-06-18T09:52:59.840+0000] {dagbag.py:545} INFO - Filling up the DagBag from /home/airflow/.local/lib/python3.12/site-packages/airflow/example_dags/example_params_trigger_ui.py
[2024-06-18T09:52:59.984+0000] {processor.py:840} INFO - DAG(s) 'example_params_trigger_ui' retrieved from /home/airflow/.local/lib/python3.12/site-packages/airflow/example_dags/example_params_trigger_ui.py
[2024-06-18T09:53:06.669+0000] {logging_mixin.py:188} INFO - [2024-06-18T09:53:06.668+0000] {override.py:1829} INFO - Created Permission View: can delete on DAG:example_params_trigger_ui
[2024-06-18T09:53:07.893+0000] {logging_mixin.py:188} INFO - [2024-06-18T09:53:07.893+0000] {override.py:1829} INFO - Created Permission View: can edit on DAG:example_params_trigger_ui
[2024-06-18T09:53:08.646+0000] {logging_mixin.py:188} INFO - [2024-06-18T09:53:08.645+0000] {override.py:1829} INFO - Created Permission View: can read on DAG:example_params_trigger_ui
[2024-06-18T09:53:08.809+0000] {logging_mixin.py:188} INFO - [2024-06-18T09:53:08.807+0000] {dag.py:3096} INFO - Sync 1 DAGs
[2024-06-18T09:53:09.163+0000] {logging_mixin.py:188} INFO - [2024-06-18T09:53:09.162+0000] {dag.py:3118} INFO - Creating ORM DAG for example_params_trigger_ui
[2024-06-18T09:53:09.241+0000] {logging_mixin.py:188} INFO - [2024-06-18T09:53:09.240+0000] {dag.py:3954} INFO - Setting next_dagrun for example_params_trigger_ui to None, run_after=None
[2024-06-18T09:53:10.141+0000] {processor.py:183} INFO - Processing /home/airflow/.local/lib/python3.12/site-packages/airflow/example_dags/example_params_trigger_ui.py took 10.340 seconds
[2024-06-18T09:54:24.086+0000] {processor.py:161} INFO - Started process (PID=7025) to work on /home/airflow/.local/lib/python3.12/site-packages/airflow/example_dags/example_params_trigger_ui.py
[2024-06-18T09:54:24.091+0000] {processor.py:830} INFO - Processing file /home/airflow/.local/lib/python3.12/site-packages/airflow/example_dags/example_params_trigger_ui.py for tasks to queue
[2024-06-18T09:54:24.110+0000] {logging_mixin.py:188} INFO - [2024-06-18T09:54:24.109+0000] {dagbag.py:545} INFO - Filling up the DagBag from /home/airflow/.local/lib/python3.12/site-packages/airflow/example_dags/example_params_trigger_ui.py
[2024-06-18T09:54:24.232+0000] {processor.py:840} INFO - DAG(s) 'example_params_trigger_ui' retrieved from /home/airflow/.local/lib/python3.12/site-packages/airflow/example_dags/example_params_trigger_ui.py
[2024-06-18T09:54:24.683+0000] {logging_mixin.py:188} INFO - [2024-06-18T09:54:24.681+0000] {dag.py:3096} INFO - Sync 1 DAGs
[2024-06-18T09:54:24.824+0000] {logging_mixin.py:188} INFO - [2024-06-18T09:54:24.823+0000] {dag.py:3954} INFO - Setting next_dagrun for example_params_trigger_ui to None, run_after=None
[2024-06-18T09:54:26.019+0000] {processor.py:183} INFO - Processing /home/airflow/.local/lib/python3.12/site-packages/airflow/example_dags/example_params_trigger_ui.py took 2.007 seconds
