[2024-06-18T09:38:56.306+0000] {processor.py:161} INFO - Started process (PID=297) to work on /home/airflow/.local/lib/python3.12/site-packages/airflow/example_dags/example_trigger_target_dag.py
[2024-06-18T09:38:56.313+0000] {processor.py:830} INFO - Processing file /home/airflow/.local/lib/python3.12/site-packages/airflow/example_dags/example_trigger_target_dag.py for tasks to queue
[2024-06-18T09:38:56.327+0000] {logging_mixin.py:188} INFO - [2024-06-18T09:38:56.326+0000] {dagbag.py:545} INFO - Filling up the DagBag from /home/airflow/.local/lib/python3.12/site-packages/airflow/example_dags/example_trigger_target_dag.py
[2024-06-18T09:38:56.373+0000] {processor.py:840} INFO - DAG(s) 'example_trigger_target_dag' retrieved from /home/airflow/.local/lib/python3.12/site-packages/airflow/example_dags/example_trigger_target_dag.py
[2024-06-18T09:38:56.534+0000] {logging_mixin.py:188} INFO - [2024-06-18T09:38:56.533+0000] {dag.py:3096} INFO - Sync 1 DAGs
[2024-06-18T09:38:56.592+0000] {logging_mixin.py:188} INFO - [2024-06-18T09:38:56.592+0000] {dag.py:3954} INFO - Setting next_dagrun for example_trigger_target_dag to None, run_after=None
[2024-06-18T09:38:56.736+0000] {processor.py:183} INFO - Processing /home/airflow/.local/lib/python3.12/site-packages/airflow/example_dags/example_trigger_target_dag.py took 0.615 seconds
[2024-06-18T09:39:52.513+0000] {processor.py:161} INFO - Started process (PID=575) to work on /home/airflow/.local/lib/python3.12/site-packages/airflow/example_dags/example_trigger_target_dag.py
[2024-06-18T09:39:52.516+0000] {processor.py:830} INFO - Processing file /home/airflow/.local/lib/python3.12/site-packages/airflow/example_dags/example_trigger_target_dag.py for tasks to queue
[2024-06-18T09:39:52.532+0000] {logging_mixin.py:188} INFO - [2024-06-18T09:39:52.532+0000] {dagbag.py:545} INFO - Filling up the DagBag from /home/airflow/.local/lib/python3.12/site-packages/airflow/example_dags/example_trigger_target_dag.py
[2024-06-18T09:39:52.589+0000] {processor.py:840} INFO - DAG(s) 'example_trigger_target_dag' retrieved from /home/airflow/.local/lib/python3.12/site-packages/airflow/example_dags/example_trigger_target_dag.py
[2024-06-18T09:39:53.211+0000] {logging_mixin.py:188} INFO - [2024-06-18T09:39:53.209+0000] {dag.py:3096} INFO - Sync 1 DAGs
[2024-06-18T09:39:53.283+0000] {logging_mixin.py:188} INFO - [2024-06-18T09:39:53.282+0000] {dag.py:3954} INFO - Setting next_dagrun for example_trigger_target_dag to None, run_after=None
[2024-06-18T09:39:53.586+0000] {processor.py:183} INFO - Processing /home/airflow/.local/lib/python3.12/site-packages/airflow/example_dags/example_trigger_target_dag.py took 1.147 seconds
[2024-06-18T09:40:23.845+0000] {processor.py:161} INFO - Started process (PID=847) to work on /home/airflow/.local/lib/python3.12/site-packages/airflow/example_dags/example_trigger_target_dag.py
[2024-06-18T09:40:23.848+0000] {processor.py:830} INFO - Processing file /home/airflow/.local/lib/python3.12/site-packages/airflow/example_dags/example_trigger_target_dag.py for tasks to queue
[2024-06-18T09:40:23.853+0000] {logging_mixin.py:188} INFO - [2024-06-18T09:40:23.852+0000] {dagbag.py:545} INFO - Filling up the DagBag from /home/airflow/.local/lib/python3.12/site-packages/airflow/example_dags/example_trigger_target_dag.py
[2024-06-18T09:40:23.877+0000] {processor.py:840} INFO - DAG(s) 'example_trigger_target_dag' retrieved from /home/airflow/.local/lib/python3.12/site-packages/airflow/example_dags/example_trigger_target_dag.py
[2024-06-18T09:40:23.942+0000] {logging_mixin.py:188} INFO - [2024-06-18T09:40:23.942+0000] {dag.py:3096} INFO - Sync 1 DAGs
[2024-06-18T09:40:23.994+0000] {logging_mixin.py:188} INFO - [2024-06-18T09:40:23.993+0000] {dag.py:3954} INFO - Setting next_dagrun for example_trigger_target_dag to None, run_after=None
[2024-06-18T09:40:24.105+0000] {processor.py:183} INFO - Processing /home/airflow/.local/lib/python3.12/site-packages/airflow/example_dags/example_trigger_target_dag.py took 0.282 seconds
[2024-06-18T09:41:00.715+0000] {processor.py:161} INFO - Started process (PID=1121) to work on /home/airflow/.local/lib/python3.12/site-packages/airflow/example_dags/example_trigger_target_dag.py
[2024-06-18T09:41:00.721+0000] {processor.py:830} INFO - Processing file /home/airflow/.local/lib/python3.12/site-packages/airflow/example_dags/example_trigger_target_dag.py for tasks to queue
[2024-06-18T09:41:00.738+0000] {logging_mixin.py:188} INFO - [2024-06-18T09:41:00.735+0000] {dagbag.py:545} INFO - Filling up the DagBag from /home/airflow/.local/lib/python3.12/site-packages/airflow/example_dags/example_trigger_target_dag.py
[2024-06-18T09:41:00.786+0000] {processor.py:840} INFO - DAG(s) 'example_trigger_target_dag' retrieved from /home/airflow/.local/lib/python3.12/site-packages/airflow/example_dags/example_trigger_target_dag.py
[2024-06-18T09:41:01.004+0000] {logging_mixin.py:188} INFO - [2024-06-18T09:41:01.003+0000] {dag.py:3096} INFO - Sync 1 DAGs
[2024-06-18T09:41:01.183+0000] {logging_mixin.py:188} INFO - [2024-06-18T09:41:01.182+0000] {dag.py:3954} INFO - Setting next_dagrun for example_trigger_target_dag to None, run_after=None
[2024-06-18T09:41:01.411+0000] {processor.py:183} INFO - Processing /home/airflow/.local/lib/python3.12/site-packages/airflow/example_dags/example_trigger_target_dag.py took 0.764 seconds
[2024-06-18T09:41:32.264+0000] {processor.py:161} INFO - Started process (PID=1393) to work on /home/airflow/.local/lib/python3.12/site-packages/airflow/example_dags/example_trigger_target_dag.py
[2024-06-18T09:41:32.267+0000] {processor.py:830} INFO - Processing file /home/airflow/.local/lib/python3.12/site-packages/airflow/example_dags/example_trigger_target_dag.py for tasks to queue
[2024-06-18T09:41:32.275+0000] {logging_mixin.py:188} INFO - [2024-06-18T09:41:32.274+0000] {dagbag.py:545} INFO - Filling up the DagBag from /home/airflow/.local/lib/python3.12/site-packages/airflow/example_dags/example_trigger_target_dag.py
[2024-06-18T09:41:32.292+0000] {processor.py:840} INFO - DAG(s) 'example_trigger_target_dag' retrieved from /home/airflow/.local/lib/python3.12/site-packages/airflow/example_dags/example_trigger_target_dag.py
[2024-06-18T09:41:32.358+0000] {logging_mixin.py:188} INFO - [2024-06-18T09:41:32.358+0000] {dag.py:3096} INFO - Sync 1 DAGs
[2024-06-18T09:41:32.401+0000] {logging_mixin.py:188} INFO - [2024-06-18T09:41:32.401+0000] {dag.py:3954} INFO - Setting next_dagrun for example_trigger_target_dag to None, run_after=None
[2024-06-18T09:41:32.546+0000] {processor.py:183} INFO - Processing /home/airflow/.local/lib/python3.12/site-packages/airflow/example_dags/example_trigger_target_dag.py took 0.301 seconds
[2024-06-18T09:42:25.768+0000] {processor.py:161} INFO - Started process (PID=1670) to work on /home/airflow/.local/lib/python3.12/site-packages/airflow/example_dags/example_trigger_target_dag.py
[2024-06-18T09:42:25.868+0000] {processor.py:830} INFO - Processing file /home/airflow/.local/lib/python3.12/site-packages/airflow/example_dags/example_trigger_target_dag.py for tasks to queue
[2024-06-18T09:42:25.939+0000] {logging_mixin.py:188} INFO - [2024-06-18T09:42:25.938+0000] {dagbag.py:545} INFO - Filling up the DagBag from /home/airflow/.local/lib/python3.12/site-packages/airflow/example_dags/example_trigger_target_dag.py
[2024-06-18T09:42:26.041+0000] {processor.py:840} INFO - DAG(s) 'example_trigger_target_dag' retrieved from /home/airflow/.local/lib/python3.12/site-packages/airflow/example_dags/example_trigger_target_dag.py
[2024-06-18T09:42:26.287+0000] {logging_mixin.py:188} INFO - [2024-06-18T09:42:26.287+0000] {dag.py:3096} INFO - Sync 1 DAGs
[2024-06-18T09:42:26.420+0000] {logging_mixin.py:188} INFO - [2024-06-18T09:42:26.419+0000] {dag.py:3954} INFO - Setting next_dagrun for example_trigger_target_dag to None, run_after=None
[2024-06-18T09:42:26.594+0000] {processor.py:183} INFO - Processing /home/airflow/.local/lib/python3.12/site-packages/airflow/example_dags/example_trigger_target_dag.py took 0.863 seconds
[2024-06-18T09:42:59.974+0000] {processor.py:161} INFO - Started process (PID=1942) to work on /home/airflow/.local/lib/python3.12/site-packages/airflow/example_dags/example_trigger_target_dag.py
[2024-06-18T09:42:59.978+0000] {processor.py:830} INFO - Processing file /home/airflow/.local/lib/python3.12/site-packages/airflow/example_dags/example_trigger_target_dag.py for tasks to queue
[2024-06-18T09:42:59.984+0000] {logging_mixin.py:188} INFO - [2024-06-18T09:42:59.983+0000] {dagbag.py:545} INFO - Filling up the DagBag from /home/airflow/.local/lib/python3.12/site-packages/airflow/example_dags/example_trigger_target_dag.py
[2024-06-18T09:43:00.012+0000] {processor.py:840} INFO - DAG(s) 'example_trigger_target_dag' retrieved from /home/airflow/.local/lib/python3.12/site-packages/airflow/example_dags/example_trigger_target_dag.py
[2024-06-18T09:43:00.077+0000] {logging_mixin.py:188} INFO - [2024-06-18T09:43:00.074+0000] {dag.py:3096} INFO - Sync 1 DAGs
[2024-06-18T09:43:00.146+0000] {logging_mixin.py:188} INFO - [2024-06-18T09:43:00.145+0000] {dag.py:3954} INFO - Setting next_dagrun for example_trigger_target_dag to None, run_after=None
[2024-06-18T09:43:00.271+0000] {processor.py:183} INFO - Processing /home/airflow/.local/lib/python3.12/site-packages/airflow/example_dags/example_trigger_target_dag.py took 0.316 seconds
[2024-06-18T09:43:30.655+0000] {processor.py:161} INFO - Started process (PID=2208) to work on /home/airflow/.local/lib/python3.12/site-packages/airflow/example_dags/example_trigger_target_dag.py
[2024-06-18T09:43:30.664+0000] {processor.py:830} INFO - Processing file /home/airflow/.local/lib/python3.12/site-packages/airflow/example_dags/example_trigger_target_dag.py for tasks to queue
[2024-06-18T09:43:30.681+0000] {logging_mixin.py:188} INFO - [2024-06-18T09:43:30.680+0000] {dagbag.py:545} INFO - Filling up the DagBag from /home/airflow/.local/lib/python3.12/site-packages/airflow/example_dags/example_trigger_target_dag.py
[2024-06-18T09:43:30.716+0000] {processor.py:840} INFO - DAG(s) 'example_trigger_target_dag' retrieved from /home/airflow/.local/lib/python3.12/site-packages/airflow/example_dags/example_trigger_target_dag.py
[2024-06-18T09:43:30.845+0000] {logging_mixin.py:188} INFO - [2024-06-18T09:43:30.845+0000] {dag.py:3096} INFO - Sync 1 DAGs
[2024-06-18T09:43:30.925+0000] {logging_mixin.py:188} INFO - [2024-06-18T09:43:30.925+0000] {dag.py:3954} INFO - Setting next_dagrun for example_trigger_target_dag to None, run_after=None
[2024-06-18T09:43:31.175+0000] {processor.py:183} INFO - Processing /home/airflow/.local/lib/python3.12/site-packages/airflow/example_dags/example_trigger_target_dag.py took 0.574 seconds
[2024-06-18T09:44:01.857+0000] {processor.py:161} INFO - Started process (PID=2480) to work on /home/airflow/.local/lib/python3.12/site-packages/airflow/example_dags/example_trigger_target_dag.py
[2024-06-18T09:44:01.861+0000] {processor.py:830} INFO - Processing file /home/airflow/.local/lib/python3.12/site-packages/airflow/example_dags/example_trigger_target_dag.py for tasks to queue
[2024-06-18T09:44:01.867+0000] {logging_mixin.py:188} INFO - [2024-06-18T09:44:01.866+0000] {dagbag.py:545} INFO - Filling up the DagBag from /home/airflow/.local/lib/python3.12/site-packages/airflow/example_dags/example_trigger_target_dag.py
[2024-06-18T09:44:01.889+0000] {processor.py:840} INFO - DAG(s) 'example_trigger_target_dag' retrieved from /home/airflow/.local/lib/python3.12/site-packages/airflow/example_dags/example_trigger_target_dag.py
[2024-06-18T09:44:02.020+0000] {logging_mixin.py:188} INFO - [2024-06-18T09:44:02.019+0000] {dag.py:3096} INFO - Sync 1 DAGs
[2024-06-18T09:44:02.162+0000] {logging_mixin.py:188} INFO - [2024-06-18T09:44:02.150+0000] {dag.py:3954} INFO - Setting next_dagrun for example_trigger_target_dag to None, run_after=None
[2024-06-18T09:44:02.802+0000] {processor.py:183} INFO - Processing /home/airflow/.local/lib/python3.12/site-packages/airflow/example_dags/example_trigger_target_dag.py took 0.966 seconds
[2024-06-18T09:44:33.953+0000] {processor.py:161} INFO - Started process (PID=2752) to work on /home/airflow/.local/lib/python3.12/site-packages/airflow/example_dags/example_trigger_target_dag.py
[2024-06-18T09:44:33.955+0000] {processor.py:830} INFO - Processing file /home/airflow/.local/lib/python3.12/site-packages/airflow/example_dags/example_trigger_target_dag.py for tasks to queue
[2024-06-18T09:44:33.959+0000] {logging_mixin.py:188} INFO - [2024-06-18T09:44:33.958+0000] {dagbag.py:545} INFO - Filling up the DagBag from /home/airflow/.local/lib/python3.12/site-packages/airflow/example_dags/example_trigger_target_dag.py
[2024-06-18T09:44:33.973+0000] {processor.py:840} INFO - DAG(s) 'example_trigger_target_dag' retrieved from /home/airflow/.local/lib/python3.12/site-packages/airflow/example_dags/example_trigger_target_dag.py
[2024-06-18T09:44:34.041+0000] {logging_mixin.py:188} INFO - [2024-06-18T09:44:34.040+0000] {dag.py:3096} INFO - Sync 1 DAGs
[2024-06-18T09:44:34.080+0000] {logging_mixin.py:188} INFO - [2024-06-18T09:44:34.079+0000] {dag.py:3954} INFO - Setting next_dagrun for example_trigger_target_dag to None, run_after=None
[2024-06-18T09:44:34.159+0000] {processor.py:183} INFO - Processing /home/airflow/.local/lib/python3.12/site-packages/airflow/example_dags/example_trigger_target_dag.py took 0.225 seconds
[2024-06-18T09:45:08.771+0000] {processor.py:161} INFO - Started process (PID=2970) to work on /home/airflow/.local/lib/python3.12/site-packages/airflow/example_dags/example_trigger_target_dag.py
[2024-06-18T09:45:08.784+0000] {processor.py:830} INFO - Processing file /home/airflow/.local/lib/python3.12/site-packages/airflow/example_dags/example_trigger_target_dag.py for tasks to queue
[2024-06-18T09:45:08.788+0000] {logging_mixin.py:188} INFO - [2024-06-18T09:45:08.787+0000] {dagbag.py:545} INFO - Filling up the DagBag from /home/airflow/.local/lib/python3.12/site-packages/airflow/example_dags/example_trigger_target_dag.py
[2024-06-18T09:45:08.814+0000] {processor.py:840} INFO - DAG(s) 'example_trigger_target_dag' retrieved from /home/airflow/.local/lib/python3.12/site-packages/airflow/example_dags/example_trigger_target_dag.py
[2024-06-18T09:45:08.887+0000] {logging_mixin.py:188} INFO - [2024-06-18T09:45:08.887+0000] {dag.py:3096} INFO - Sync 1 DAGs
[2024-06-18T09:45:08.925+0000] {logging_mixin.py:188} INFO - [2024-06-18T09:45:08.924+0000] {dag.py:3954} INFO - Setting next_dagrun for example_trigger_target_dag to None, run_after=None
[2024-06-18T09:45:09.043+0000] {processor.py:183} INFO - Processing /home/airflow/.local/lib/python3.12/site-packages/airflow/example_dags/example_trigger_target_dag.py took 0.297 seconds
[2024-06-18T09:45:47.225+0000] {processor.py:161} INFO - Started process (PID=3241) to work on /home/airflow/.local/lib/python3.12/site-packages/airflow/example_dags/example_trigger_target_dag.py
[2024-06-18T09:45:47.258+0000] {processor.py:830} INFO - Processing file /home/airflow/.local/lib/python3.12/site-packages/airflow/example_dags/example_trigger_target_dag.py for tasks to queue
[2024-06-18T09:45:47.277+0000] {logging_mixin.py:188} INFO - [2024-06-18T09:45:47.276+0000] {dagbag.py:545} INFO - Filling up the DagBag from /home/airflow/.local/lib/python3.12/site-packages/airflow/example_dags/example_trigger_target_dag.py
[2024-06-18T09:45:47.357+0000] {processor.py:840} INFO - DAG(s) 'example_trigger_target_dag' retrieved from /home/airflow/.local/lib/python3.12/site-packages/airflow/example_dags/example_trigger_target_dag.py
[2024-06-18T09:45:47.472+0000] {logging_mixin.py:188} INFO - [2024-06-18T09:45:47.471+0000] {dag.py:3096} INFO - Sync 1 DAGs
[2024-06-18T09:45:47.533+0000] {logging_mixin.py:188} INFO - [2024-06-18T09:45:47.532+0000] {dag.py:3954} INFO - Setting next_dagrun for example_trigger_target_dag to None, run_after=None
[2024-06-18T09:45:47.793+0000] {processor.py:183} INFO - Processing /home/airflow/.local/lib/python3.12/site-packages/airflow/example_dags/example_trigger_target_dag.py took 0.600 seconds
[2024-06-18T09:46:18.179+0000] {processor.py:161} INFO - Started process (PID=3513) to work on /home/airflow/.local/lib/python3.12/site-packages/airflow/example_dags/example_trigger_target_dag.py
[2024-06-18T09:46:18.182+0000] {processor.py:830} INFO - Processing file /home/airflow/.local/lib/python3.12/site-packages/airflow/example_dags/example_trigger_target_dag.py for tasks to queue
[2024-06-18T09:46:18.192+0000] {logging_mixin.py:188} INFO - [2024-06-18T09:46:18.191+0000] {dagbag.py:545} INFO - Filling up the DagBag from /home/airflow/.local/lib/python3.12/site-packages/airflow/example_dags/example_trigger_target_dag.py
[2024-06-18T09:46:18.227+0000] {processor.py:840} INFO - DAG(s) 'example_trigger_target_dag' retrieved from /home/airflow/.local/lib/python3.12/site-packages/airflow/example_dags/example_trigger_target_dag.py
[2024-06-18T09:46:18.337+0000] {logging_mixin.py:188} INFO - [2024-06-18T09:46:18.336+0000] {dag.py:3096} INFO - Sync 1 DAGs
[2024-06-18T09:46:18.604+0000] {logging_mixin.py:188} INFO - [2024-06-18T09:46:18.601+0000] {dag.py:3954} INFO - Setting next_dagrun for example_trigger_target_dag to None, run_after=None
[2024-06-18T09:46:19.174+0000] {processor.py:183} INFO - Processing /home/airflow/.local/lib/python3.12/site-packages/airflow/example_dags/example_trigger_target_dag.py took 1.013 seconds
[2024-06-18T09:46:49.758+0000] {processor.py:161} INFO - Started process (PID=3784) to work on /home/airflow/.local/lib/python3.12/site-packages/airflow/example_dags/example_trigger_target_dag.py
[2024-06-18T09:46:49.762+0000] {processor.py:830} INFO - Processing file /home/airflow/.local/lib/python3.12/site-packages/airflow/example_dags/example_trigger_target_dag.py for tasks to queue
[2024-06-18T09:46:49.767+0000] {logging_mixin.py:188} INFO - [2024-06-18T09:46:49.766+0000] {dagbag.py:545} INFO - Filling up the DagBag from /home/airflow/.local/lib/python3.12/site-packages/airflow/example_dags/example_trigger_target_dag.py
[2024-06-18T09:46:49.786+0000] {processor.py:840} INFO - DAG(s) 'example_trigger_target_dag' retrieved from /home/airflow/.local/lib/python3.12/site-packages/airflow/example_dags/example_trigger_target_dag.py
[2024-06-18T09:46:49.906+0000] {logging_mixin.py:188} INFO - [2024-06-18T09:46:49.906+0000] {dag.py:3096} INFO - Sync 1 DAGs
[2024-06-18T09:46:49.995+0000] {logging_mixin.py:188} INFO - [2024-06-18T09:46:49.995+0000] {dag.py:3954} INFO - Setting next_dagrun for example_trigger_target_dag to None, run_after=None
[2024-06-18T09:46:50.369+0000] {processor.py:183} INFO - Processing /home/airflow/.local/lib/python3.12/site-packages/airflow/example_dags/example_trigger_target_dag.py took 0.660 seconds
[2024-06-18T09:47:22.059+0000] {processor.py:161} INFO - Started process (PID=4055) to work on /home/airflow/.local/lib/python3.12/site-packages/airflow/example_dags/example_trigger_target_dag.py
[2024-06-18T09:47:22.062+0000] {processor.py:830} INFO - Processing file /home/airflow/.local/lib/python3.12/site-packages/airflow/example_dags/example_trigger_target_dag.py for tasks to queue
[2024-06-18T09:47:22.090+0000] {logging_mixin.py:188} INFO - [2024-06-18T09:47:22.085+0000] {dagbag.py:545} INFO - Filling up the DagBag from /home/airflow/.local/lib/python3.12/site-packages/airflow/example_dags/example_trigger_target_dag.py
[2024-06-18T09:47:22.143+0000] {processor.py:840} INFO - DAG(s) 'example_trigger_target_dag' retrieved from /home/airflow/.local/lib/python3.12/site-packages/airflow/example_dags/example_trigger_target_dag.py
[2024-06-18T09:47:22.397+0000] {logging_mixin.py:188} INFO - [2024-06-18T09:47:22.396+0000] {dag.py:3096} INFO - Sync 1 DAGs
[2024-06-18T09:47:22.699+0000] {logging_mixin.py:188} INFO - [2024-06-18T09:47:22.699+0000] {dag.py:3954} INFO - Setting next_dagrun for example_trigger_target_dag to None, run_after=None
[2024-06-18T09:47:23.090+0000] {processor.py:183} INFO - Processing /home/airflow/.local/lib/python3.12/site-packages/airflow/example_dags/example_trigger_target_dag.py took 1.085 seconds
[2024-06-18T09:47:53.936+0000] {processor.py:161} INFO - Started process (PID=4326) to work on /home/airflow/.local/lib/python3.12/site-packages/airflow/example_dags/example_trigger_target_dag.py
[2024-06-18T09:47:53.966+0000] {processor.py:830} INFO - Processing file /home/airflow/.local/lib/python3.12/site-packages/airflow/example_dags/example_trigger_target_dag.py for tasks to queue
[2024-06-18T09:47:53.985+0000] {logging_mixin.py:188} INFO - [2024-06-18T09:47:53.984+0000] {dagbag.py:545} INFO - Filling up the DagBag from /home/airflow/.local/lib/python3.12/site-packages/airflow/example_dags/example_trigger_target_dag.py
[2024-06-18T09:47:54.052+0000] {processor.py:840} INFO - DAG(s) 'example_trigger_target_dag' retrieved from /home/airflow/.local/lib/python3.12/site-packages/airflow/example_dags/example_trigger_target_dag.py
[2024-06-18T09:47:54.201+0000] {logging_mixin.py:188} INFO - [2024-06-18T09:47:54.200+0000] {dag.py:3096} INFO - Sync 1 DAGs
[2024-06-18T09:47:54.249+0000] {logging_mixin.py:188} INFO - [2024-06-18T09:47:54.248+0000] {dag.py:3954} INFO - Setting next_dagrun for example_trigger_target_dag to None, run_after=None
[2024-06-18T09:47:54.519+0000] {processor.py:183} INFO - Processing /home/airflow/.local/lib/python3.12/site-packages/airflow/example_dags/example_trigger_target_dag.py took 0.643 seconds
[2024-06-18T09:48:32.260+0000] {processor.py:161} INFO - Started process (PID=4604) to work on /home/airflow/.local/lib/python3.12/site-packages/airflow/example_dags/example_trigger_target_dag.py
[2024-06-18T09:48:32.277+0000] {processor.py:830} INFO - Processing file /home/airflow/.local/lib/python3.12/site-packages/airflow/example_dags/example_trigger_target_dag.py for tasks to queue
[2024-06-18T09:48:32.287+0000] {logging_mixin.py:188} INFO - [2024-06-18T09:48:32.286+0000] {dagbag.py:545} INFO - Filling up the DagBag from /home/airflow/.local/lib/python3.12/site-packages/airflow/example_dags/example_trigger_target_dag.py
[2024-06-18T09:48:32.359+0000] {processor.py:840} INFO - DAG(s) 'example_trigger_target_dag' retrieved from /home/airflow/.local/lib/python3.12/site-packages/airflow/example_dags/example_trigger_target_dag.py
[2024-06-18T09:48:32.466+0000] {logging_mixin.py:188} INFO - [2024-06-18T09:48:32.465+0000] {dag.py:3096} INFO - Sync 1 DAGs
[2024-06-18T09:48:32.543+0000] {logging_mixin.py:188} INFO - [2024-06-18T09:48:32.542+0000] {dag.py:3954} INFO - Setting next_dagrun for example_trigger_target_dag to None, run_after=None
[2024-06-18T09:48:32.970+0000] {processor.py:183} INFO - Processing /home/airflow/.local/lib/python3.12/site-packages/airflow/example_dags/example_trigger_target_dag.py took 0.794 seconds
[2024-06-18T09:49:05.946+0000] {processor.py:161} INFO - Started process (PID=4876) to work on /home/airflow/.local/lib/python3.12/site-packages/airflow/example_dags/example_trigger_target_dag.py
[2024-06-18T09:49:05.949+0000] {processor.py:830} INFO - Processing file /home/airflow/.local/lib/python3.12/site-packages/airflow/example_dags/example_trigger_target_dag.py for tasks to queue
[2024-06-18T09:49:05.960+0000] {logging_mixin.py:188} INFO - [2024-06-18T09:49:05.958+0000] {dagbag.py:545} INFO - Filling up the DagBag from /home/airflow/.local/lib/python3.12/site-packages/airflow/example_dags/example_trigger_target_dag.py
[2024-06-18T09:49:05.992+0000] {processor.py:840} INFO - DAG(s) 'example_trigger_target_dag' retrieved from /home/airflow/.local/lib/python3.12/site-packages/airflow/example_dags/example_trigger_target_dag.py
[2024-06-18T09:49:06.116+0000] {logging_mixin.py:188} INFO - [2024-06-18T09:49:06.116+0000] {dag.py:3096} INFO - Sync 1 DAGs
[2024-06-18T09:49:06.182+0000] {logging_mixin.py:188} INFO - [2024-06-18T09:49:06.181+0000] {dag.py:3954} INFO - Setting next_dagrun for example_trigger_target_dag to None, run_after=None
[2024-06-18T09:49:06.388+0000] {processor.py:183} INFO - Processing /home/airflow/.local/lib/python3.12/site-packages/airflow/example_dags/example_trigger_target_dag.py took 0.484 seconds
[2024-06-18T09:49:37.906+0000] {processor.py:161} INFO - Started process (PID=5143) to work on /home/airflow/.local/lib/python3.12/site-packages/airflow/example_dags/example_trigger_target_dag.py
[2024-06-18T09:49:37.910+0000] {processor.py:830} INFO - Processing file /home/airflow/.local/lib/python3.12/site-packages/airflow/example_dags/example_trigger_target_dag.py for tasks to queue
[2024-06-18T09:49:37.915+0000] {logging_mixin.py:188} INFO - [2024-06-18T09:49:37.914+0000] {dagbag.py:545} INFO - Filling up the DagBag from /home/airflow/.local/lib/python3.12/site-packages/airflow/example_dags/example_trigger_target_dag.py
[2024-06-18T09:49:37.931+0000] {processor.py:840} INFO - DAG(s) 'example_trigger_target_dag' retrieved from /home/airflow/.local/lib/python3.12/site-packages/airflow/example_dags/example_trigger_target_dag.py
[2024-06-18T09:49:38.012+0000] {logging_mixin.py:188} INFO - [2024-06-18T09:49:38.012+0000] {dag.py:3096} INFO - Sync 1 DAGs
[2024-06-18T09:49:38.054+0000] {logging_mixin.py:188} INFO - [2024-06-18T09:49:38.053+0000] {dag.py:3954} INFO - Setting next_dagrun for example_trigger_target_dag to None, run_after=None
[2024-06-18T09:49:38.260+0000] {processor.py:183} INFO - Processing /home/airflow/.local/lib/python3.12/site-packages/airflow/example_dags/example_trigger_target_dag.py took 0.388 seconds
[2024-06-18T09:50:10.468+0000] {processor.py:161} INFO - Started process (PID=5414) to work on /home/airflow/.local/lib/python3.12/site-packages/airflow/example_dags/example_trigger_target_dag.py
[2024-06-18T09:50:10.475+0000] {processor.py:830} INFO - Processing file /home/airflow/.local/lib/python3.12/site-packages/airflow/example_dags/example_trigger_target_dag.py for tasks to queue
[2024-06-18T09:50:10.486+0000] {logging_mixin.py:188} INFO - [2024-06-18T09:50:10.484+0000] {dagbag.py:545} INFO - Filling up the DagBag from /home/airflow/.local/lib/python3.12/site-packages/airflow/example_dags/example_trigger_target_dag.py
[2024-06-18T09:50:10.508+0000] {processor.py:840} INFO - DAG(s) 'example_trigger_target_dag' retrieved from /home/airflow/.local/lib/python3.12/site-packages/airflow/example_dags/example_trigger_target_dag.py
[2024-06-18T09:50:10.591+0000] {logging_mixin.py:188} INFO - [2024-06-18T09:50:10.591+0000] {dag.py:3096} INFO - Sync 1 DAGs
[2024-06-18T09:50:10.714+0000] {logging_mixin.py:188} INFO - [2024-06-18T09:50:10.713+0000] {dag.py:3954} INFO - Setting next_dagrun for example_trigger_target_dag to None, run_after=None
[2024-06-18T09:50:10.984+0000] {processor.py:183} INFO - Processing /home/airflow/.local/lib/python3.12/site-packages/airflow/example_dags/example_trigger_target_dag.py took 0.538 seconds
[2024-06-18T09:50:41.818+0000] {processor.py:161} INFO - Started process (PID=5692) to work on /home/airflow/.local/lib/python3.12/site-packages/airflow/example_dags/example_trigger_target_dag.py
[2024-06-18T09:50:41.821+0000] {processor.py:830} INFO - Processing file /home/airflow/.local/lib/python3.12/site-packages/airflow/example_dags/example_trigger_target_dag.py for tasks to queue
[2024-06-18T09:50:41.825+0000] {logging_mixin.py:188} INFO - [2024-06-18T09:50:41.824+0000] {dagbag.py:545} INFO - Filling up the DagBag from /home/airflow/.local/lib/python3.12/site-packages/airflow/example_dags/example_trigger_target_dag.py
[2024-06-18T09:50:41.842+0000] {processor.py:840} INFO - DAG(s) 'example_trigger_target_dag' retrieved from /home/airflow/.local/lib/python3.12/site-packages/airflow/example_dags/example_trigger_target_dag.py
[2024-06-18T09:50:41.894+0000] {logging_mixin.py:188} INFO - [2024-06-18T09:50:41.893+0000] {dag.py:3096} INFO - Sync 1 DAGs
[2024-06-18T09:50:41.946+0000] {logging_mixin.py:188} INFO - [2024-06-18T09:50:41.946+0000] {dag.py:3954} INFO - Setting next_dagrun for example_trigger_target_dag to None, run_after=None
[2024-06-18T09:50:42.066+0000] {processor.py:183} INFO - Processing /home/airflow/.local/lib/python3.12/site-packages/airflow/example_dags/example_trigger_target_dag.py took 0.267 seconds
[2024-06-18T09:51:12.882+0000] {processor.py:161} INFO - Started process (PID=5954) to work on /home/airflow/.local/lib/python3.12/site-packages/airflow/example_dags/example_trigger_target_dag.py
[2024-06-18T09:51:12.886+0000] {processor.py:830} INFO - Processing file /home/airflow/.local/lib/python3.12/site-packages/airflow/example_dags/example_trigger_target_dag.py for tasks to queue
[2024-06-18T09:51:12.897+0000] {logging_mixin.py:188} INFO - [2024-06-18T09:51:12.896+0000] {dagbag.py:545} INFO - Filling up the DagBag from /home/airflow/.local/lib/python3.12/site-packages/airflow/example_dags/example_trigger_target_dag.py
[2024-06-18T09:51:12.918+0000] {processor.py:840} INFO - DAG(s) 'example_trigger_target_dag' retrieved from /home/airflow/.local/lib/python3.12/site-packages/airflow/example_dags/example_trigger_target_dag.py
[2024-06-18T09:51:12.987+0000] {logging_mixin.py:188} INFO - [2024-06-18T09:51:12.986+0000] {dag.py:3096} INFO - Sync 1 DAGs
[2024-06-18T09:51:13.034+0000] {logging_mixin.py:188} INFO - [2024-06-18T09:51:13.033+0000] {dag.py:3954} INFO - Setting next_dagrun for example_trigger_target_dag to None, run_after=None
[2024-06-18T09:51:13.180+0000] {processor.py:183} INFO - Processing /home/airflow/.local/lib/python3.12/site-packages/airflow/example_dags/example_trigger_target_dag.py took 0.365 seconds
[2024-06-18T09:51:43.934+0000] {processor.py:161} INFO - Started process (PID=6220) to work on /home/airflow/.local/lib/python3.12/site-packages/airflow/example_dags/example_trigger_target_dag.py
[2024-06-18T09:51:43.936+0000] {processor.py:830} INFO - Processing file /home/airflow/.local/lib/python3.12/site-packages/airflow/example_dags/example_trigger_target_dag.py for tasks to queue
[2024-06-18T09:51:43.941+0000] {logging_mixin.py:188} INFO - [2024-06-18T09:51:43.940+0000] {dagbag.py:545} INFO - Filling up the DagBag from /home/airflow/.local/lib/python3.12/site-packages/airflow/example_dags/example_trigger_target_dag.py
[2024-06-18T09:51:43.954+0000] {processor.py:840} INFO - DAG(s) 'example_trigger_target_dag' retrieved from /home/airflow/.local/lib/python3.12/site-packages/airflow/example_dags/example_trigger_target_dag.py
[2024-06-18T09:51:43.995+0000] {logging_mixin.py:188} INFO - [2024-06-18T09:51:43.994+0000] {dag.py:3096} INFO - Sync 1 DAGs
[2024-06-18T09:51:44.022+0000] {logging_mixin.py:188} INFO - [2024-06-18T09:51:44.022+0000] {dag.py:3954} INFO - Setting next_dagrun for example_trigger_target_dag to None, run_after=None
[2024-06-18T09:51:49.673+0000] {processor.py:183} INFO - Processing /home/airflow/.local/lib/python3.12/site-packages/airflow/example_dags/example_trigger_target_dag.py took 5.752 seconds
[2024-06-18T09:52:19.908+0000] {processor.py:161} INFO - Started process (PID=6495) to work on /home/airflow/.local/lib/python3.12/site-packages/airflow/example_dags/example_trigger_target_dag.py
[2024-06-18T09:52:19.913+0000] {processor.py:830} INFO - Processing file /home/airflow/.local/lib/python3.12/site-packages/airflow/example_dags/example_trigger_target_dag.py for tasks to queue
[2024-06-18T09:52:19.925+0000] {logging_mixin.py:188} INFO - [2024-06-18T09:52:19.921+0000] {dagbag.py:545} INFO - Filling up the DagBag from /home/airflow/.local/lib/python3.12/site-packages/airflow/example_dags/example_trigger_target_dag.py
[2024-06-18T09:52:20.008+0000] {processor.py:840} INFO - DAG(s) 'example_trigger_target_dag' retrieved from /home/airflow/.local/lib/python3.12/site-packages/airflow/example_dags/example_trigger_target_dag.py
[2024-06-18T09:52:20.076+0000] {logging_mixin.py:188} INFO - [2024-06-18T09:52:20.075+0000] {dag.py:3096} INFO - Sync 1 DAGs
[2024-06-18T09:52:20.112+0000] {logging_mixin.py:188} INFO - [2024-06-18T09:52:20.111+0000] {dag.py:3954} INFO - Setting next_dagrun for example_trigger_target_dag to None, run_after=None
[2024-06-18T09:52:20.800+0000] {processor.py:183} INFO - Processing /home/airflow/.local/lib/python3.12/site-packages/airflow/example_dags/example_trigger_target_dag.py took 0.930 seconds
[2024-06-18T09:52:58.385+0000] {processor.py:161} INFO - Started process (PID=6786) to work on /home/airflow/.local/lib/python3.12/site-packages/airflow/example_dags/example_trigger_target_dag.py
[2024-06-18T09:52:58.398+0000] {processor.py:830} INFO - Processing file /home/airflow/.local/lib/python3.12/site-packages/airflow/example_dags/example_trigger_target_dag.py for tasks to queue
[2024-06-18T09:52:58.403+0000] {logging_mixin.py:188} INFO - [2024-06-18T09:52:58.402+0000] {dagbag.py:545} INFO - Filling up the DagBag from /home/airflow/.local/lib/python3.12/site-packages/airflow/example_dags/example_trigger_target_dag.py
[2024-06-18T09:52:58.425+0000] {processor.py:840} INFO - DAG(s) 'example_trigger_target_dag' retrieved from /home/airflow/.local/lib/python3.12/site-packages/airflow/example_dags/example_trigger_target_dag.py
[2024-06-18T09:52:58.505+0000] {logging_mixin.py:188} INFO - [2024-06-18T09:52:58.505+0000] {dag.py:3096} INFO - Sync 1 DAGs
[2024-06-18T09:52:58.643+0000] {logging_mixin.py:188} INFO - [2024-06-18T09:52:58.642+0000] {dag.py:3954} INFO - Setting next_dagrun for example_trigger_target_dag to None, run_after=None
[2024-06-18T09:52:58.865+0000] {processor.py:183} INFO - Processing /home/airflow/.local/lib/python3.12/site-packages/airflow/example_dags/example_trigger_target_dag.py took 0.528 seconds
[2024-06-18T09:53:25.595+0000] {processor.py:161} INFO - Started process (PID=278) to work on /home/airflow/.local/lib/python3.12/site-packages/airflow/example_dags/example_trigger_target_dag.py
[2024-06-18T09:53:25.636+0000] {processor.py:830} INFO - Processing file /home/airflow/.local/lib/python3.12/site-packages/airflow/example_dags/example_trigger_target_dag.py for tasks to queue
[2024-06-18T09:53:25.655+0000] {logging_mixin.py:188} INFO - [2024-06-18T09:53:25.654+0000] {dagbag.py:545} INFO - Filling up the DagBag from /home/airflow/.local/lib/python3.12/site-packages/airflow/example_dags/example_trigger_target_dag.py
[2024-06-18T09:53:25.725+0000] {processor.py:840} INFO - DAG(s) 'example_trigger_target_dag' retrieved from /home/airflow/.local/lib/python3.12/site-packages/airflow/example_dags/example_trigger_target_dag.py
[2024-06-18T09:53:30.565+0000] {logging_mixin.py:188} INFO - [2024-06-18T09:53:30.563+0000] {override.py:1829} INFO - Created Permission View: can delete on DAG:example_trigger_target_dag
[2024-06-18T09:53:31.676+0000] {logging_mixin.py:188} INFO - [2024-06-18T09:53:31.675+0000] {override.py:1829} INFO - Created Permission View: can edit on DAG:example_trigger_target_dag
[2024-06-18T09:53:32.077+0000] {logging_mixin.py:188} INFO - [2024-06-18T09:53:32.076+0000] {override.py:1829} INFO - Created Permission View: can read on DAG:example_trigger_target_dag
[2024-06-18T09:53:32.260+0000] {logging_mixin.py:188} INFO - [2024-06-18T09:53:32.259+0000] {dag.py:3096} INFO - Sync 1 DAGs
[2024-06-18T09:53:32.713+0000] {logging_mixin.py:188} INFO - [2024-06-18T09:53:32.713+0000] {dag.py:3118} INFO - Creating ORM DAG for example_trigger_target_dag
[2024-06-18T09:53:32.765+0000] {logging_mixin.py:188} INFO - [2024-06-18T09:53:32.764+0000] {dag.py:3954} INFO - Setting next_dagrun for example_trigger_target_dag to None, run_after=None
[2024-06-18T09:53:33.256+0000] {processor.py:183} INFO - Processing /home/airflow/.local/lib/python3.12/site-packages/airflow/example_dags/example_trigger_target_dag.py took 7.712 seconds
[2024-06-18T09:54:27.456+0000] {processor.py:161} INFO - Started process (PID=7050) to work on /home/airflow/.local/lib/python3.12/site-packages/airflow/example_dags/example_trigger_target_dag.py
[2024-06-18T09:54:27.458+0000] {processor.py:830} INFO - Processing file /home/airflow/.local/lib/python3.12/site-packages/airflow/example_dags/example_trigger_target_dag.py for tasks to queue
[2024-06-18T09:54:27.466+0000] {logging_mixin.py:188} INFO - [2024-06-18T09:54:27.465+0000] {dagbag.py:545} INFO - Filling up the DagBag from /home/airflow/.local/lib/python3.12/site-packages/airflow/example_dags/example_trigger_target_dag.py
[2024-06-18T09:54:27.484+0000] {processor.py:840} INFO - DAG(s) 'example_trigger_target_dag' retrieved from /home/airflow/.local/lib/python3.12/site-packages/airflow/example_dags/example_trigger_target_dag.py
[2024-06-18T09:54:27.543+0000] {logging_mixin.py:188} INFO - [2024-06-18T09:54:27.542+0000] {dag.py:3096} INFO - Sync 1 DAGs
[2024-06-18T09:54:27.609+0000] {logging_mixin.py:188} INFO - [2024-06-18T09:54:27.608+0000] {dag.py:3954} INFO - Setting next_dagrun for example_trigger_target_dag to None, run_after=None
[2024-06-18T09:54:28.050+0000] {processor.py:183} INFO - Processing /home/airflow/.local/lib/python3.12/site-packages/airflow/example_dags/example_trigger_target_dag.py took 0.612 seconds
