[2024-06-18T09:38:54.150+0000] {processor.py:161} INFO - Started process (PID=282) to work on /home/airflow/.local/lib/python3.12/site-packages/airflow/example_dags/example_skip_dag.py
[2024-06-18T09:38:54.170+0000] {processor.py:830} INFO - Processing file /home/airflow/.local/lib/python3.12/site-packages/airflow/example_dags/example_skip_dag.py for tasks to queue
[2024-06-18T09:38:54.192+0000] {logging_mixin.py:188} INFO - [2024-06-18T09:38:54.177+0000] {dagbag.py:545} INFO - Filling up the DagBag from /home/airflow/.local/lib/python3.12/site-packages/airflow/example_dags/example_skip_dag.py
[2024-06-18T09:38:54.225+0000] {processor.py:840} INFO - DAG(s) 'example_skip_dag' retrieved from /home/airflow/.local/lib/python3.12/site-packages/airflow/example_dags/example_skip_dag.py
[2024-06-18T09:38:54.386+0000] {logging_mixin.py:188} INFO - [2024-06-18T09:38:54.386+0000] {dag.py:3096} INFO - Sync 1 DAGs
[2024-06-18T09:38:54.562+0000] {logging_mixin.py:188} INFO - [2024-06-18T09:38:54.561+0000] {dag.py:3954} INFO - Setting next_dagrun for example_skip_dag to 2024-06-17 00:00:00+00:00, run_after=2024-06-18 00:00:00+00:00
[2024-06-18T09:38:54.726+0000] {processor.py:183} INFO - Processing /home/airflow/.local/lib/python3.12/site-packages/airflow/example_dags/example_skip_dag.py took 0.628 seconds
[2024-06-18T09:39:50.852+0000] {processor.py:161} INFO - Started process (PID=560) to work on /home/airflow/.local/lib/python3.12/site-packages/airflow/example_dags/example_skip_dag.py
[2024-06-18T09:39:50.855+0000] {processor.py:830} INFO - Processing file /home/airflow/.local/lib/python3.12/site-packages/airflow/example_dags/example_skip_dag.py for tasks to queue
[2024-06-18T09:39:50.872+0000] {logging_mixin.py:188} INFO - [2024-06-18T09:39:50.871+0000] {dagbag.py:545} INFO - Filling up the DagBag from /home/airflow/.local/lib/python3.12/site-packages/airflow/example_dags/example_skip_dag.py
[2024-06-18T09:39:50.938+0000] {processor.py:840} INFO - DAG(s) 'example_skip_dag' retrieved from /home/airflow/.local/lib/python3.12/site-packages/airflow/example_dags/example_skip_dag.py
[2024-06-18T09:39:51.387+0000] {logging_mixin.py:188} INFO - [2024-06-18T09:39:51.386+0000] {dag.py:3096} INFO - Sync 1 DAGs
[2024-06-18T09:39:51.493+0000] {logging_mixin.py:188} INFO - [2024-06-18T09:39:51.493+0000] {dag.py:3954} INFO - Setting next_dagrun for example_skip_dag to 2024-06-17 00:00:00+00:00, run_after=2024-06-18 00:00:00+00:00
[2024-06-18T09:39:51.874+0000] {processor.py:183} INFO - Processing /home/airflow/.local/lib/python3.12/site-packages/airflow/example_dags/example_skip_dag.py took 1.119 seconds
[2024-06-18T09:40:22.037+0000] {processor.py:161} INFO - Started process (PID=832) to work on /home/airflow/.local/lib/python3.12/site-packages/airflow/example_dags/example_skip_dag.py
[2024-06-18T09:40:22.040+0000] {processor.py:830} INFO - Processing file /home/airflow/.local/lib/python3.12/site-packages/airflow/example_dags/example_skip_dag.py for tasks to queue
[2024-06-18T09:40:22.045+0000] {logging_mixin.py:188} INFO - [2024-06-18T09:40:22.044+0000] {dagbag.py:545} INFO - Filling up the DagBag from /home/airflow/.local/lib/python3.12/site-packages/airflow/example_dags/example_skip_dag.py
[2024-06-18T09:40:22.063+0000] {processor.py:840} INFO - DAG(s) 'example_skip_dag' retrieved from /home/airflow/.local/lib/python3.12/site-packages/airflow/example_dags/example_skip_dag.py
[2024-06-18T09:40:22.125+0000] {logging_mixin.py:188} INFO - [2024-06-18T09:40:22.125+0000] {dag.py:3096} INFO - Sync 1 DAGs
[2024-06-18T09:40:22.193+0000] {logging_mixin.py:188} INFO - [2024-06-18T09:40:22.193+0000] {dag.py:3954} INFO - Setting next_dagrun for example_skip_dag to 2024-06-17 00:00:00+00:00, run_after=2024-06-18 00:00:00+00:00
[2024-06-18T09:40:22.404+0000] {processor.py:183} INFO - Processing /home/airflow/.local/lib/python3.12/site-packages/airflow/example_dags/example_skip_dag.py took 0.386 seconds
[2024-06-18T09:40:57.895+0000] {processor.py:161} INFO - Started process (PID=1104) to work on /home/airflow/.local/lib/python3.12/site-packages/airflow/example_dags/example_skip_dag.py
[2024-06-18T09:40:57.917+0000] {processor.py:830} INFO - Processing file /home/airflow/.local/lib/python3.12/site-packages/airflow/example_dags/example_skip_dag.py for tasks to queue
[2024-06-18T09:40:57.922+0000] {logging_mixin.py:188} INFO - [2024-06-18T09:40:57.921+0000] {dagbag.py:545} INFO - Filling up the DagBag from /home/airflow/.local/lib/python3.12/site-packages/airflow/example_dags/example_skip_dag.py
[2024-06-18T09:40:57.978+0000] {processor.py:840} INFO - DAG(s) 'example_skip_dag' retrieved from /home/airflow/.local/lib/python3.12/site-packages/airflow/example_dags/example_skip_dag.py
[2024-06-18T09:40:58.181+0000] {logging_mixin.py:188} INFO - [2024-06-18T09:40:58.180+0000] {dag.py:3096} INFO - Sync 1 DAGs
[2024-06-18T09:40:58.466+0000] {logging_mixin.py:188} INFO - [2024-06-18T09:40:58.465+0000] {dag.py:3954} INFO - Setting next_dagrun for example_skip_dag to 2024-06-17 00:00:00+00:00, run_after=2024-06-18 00:00:00+00:00
[2024-06-18T09:40:58.851+0000] {processor.py:183} INFO - Processing /home/airflow/.local/lib/python3.12/site-packages/airflow/example_dags/example_skip_dag.py took 1.010 seconds
[2024-06-18T09:41:29.583+0000] {processor.py:161} INFO - Started process (PID=1376) to work on /home/airflow/.local/lib/python3.12/site-packages/airflow/example_dags/example_skip_dag.py
[2024-06-18T09:41:29.592+0000] {processor.py:830} INFO - Processing file /home/airflow/.local/lib/python3.12/site-packages/airflow/example_dags/example_skip_dag.py for tasks to queue
[2024-06-18T09:41:29.606+0000] {logging_mixin.py:188} INFO - [2024-06-18T09:41:29.600+0000] {dagbag.py:545} INFO - Filling up the DagBag from /home/airflow/.local/lib/python3.12/site-packages/airflow/example_dags/example_skip_dag.py
[2024-06-18T09:41:29.648+0000] {processor.py:840} INFO - DAG(s) 'example_skip_dag' retrieved from /home/airflow/.local/lib/python3.12/site-packages/airflow/example_dags/example_skip_dag.py
[2024-06-18T09:41:29.725+0000] {logging_mixin.py:188} INFO - [2024-06-18T09:41:29.725+0000] {dag.py:3096} INFO - Sync 1 DAGs
[2024-06-18T09:41:29.820+0000] {logging_mixin.py:188} INFO - [2024-06-18T09:41:29.820+0000] {dag.py:3954} INFO - Setting next_dagrun for example_skip_dag to 2024-06-17 00:00:00+00:00, run_after=2024-06-18 00:00:00+00:00
[2024-06-18T09:41:30.132+0000] {processor.py:183} INFO - Processing /home/airflow/.local/lib/python3.12/site-packages/airflow/example_dags/example_skip_dag.py took 0.571 seconds
[2024-06-18T09:42:20.865+0000] {processor.py:161} INFO - Started process (PID=1655) to work on /home/airflow/.local/lib/python3.12/site-packages/airflow/example_dags/example_skip_dag.py
[2024-06-18T09:42:20.917+0000] {processor.py:830} INFO - Processing file /home/airflow/.local/lib/python3.12/site-packages/airflow/example_dags/example_skip_dag.py for tasks to queue
[2024-06-18T09:42:20.938+0000] {logging_mixin.py:188} INFO - [2024-06-18T09:42:20.937+0000] {dagbag.py:545} INFO - Filling up the DagBag from /home/airflow/.local/lib/python3.12/site-packages/airflow/example_dags/example_skip_dag.py
[2024-06-18T09:42:20.978+0000] {processor.py:840} INFO - DAG(s) 'example_skip_dag' retrieved from /home/airflow/.local/lib/python3.12/site-packages/airflow/example_dags/example_skip_dag.py
[2024-06-18T09:42:21.175+0000] {logging_mixin.py:188} INFO - [2024-06-18T09:42:21.174+0000] {dag.py:3096} INFO - Sync 1 DAGs
[2024-06-18T09:42:21.435+0000] {logging_mixin.py:188} INFO - [2024-06-18T09:42:21.435+0000] {dag.py:3954} INFO - Setting next_dagrun for example_skip_dag to 2024-06-17 00:00:00+00:00, run_after=2024-06-18 00:00:00+00:00
[2024-06-18T09:42:21.975+0000] {processor.py:183} INFO - Processing /home/airflow/.local/lib/python3.12/site-packages/airflow/example_dags/example_skip_dag.py took 1.155 seconds
[2024-06-18T09:42:56.994+0000] {processor.py:161} INFO - Started process (PID=1886) to work on /home/airflow/.local/lib/python3.12/site-packages/airflow/example_dags/example_skip_dag.py
[2024-06-18T09:42:56.998+0000] {processor.py:830} INFO - Processing file /home/airflow/.local/lib/python3.12/site-packages/airflow/example_dags/example_skip_dag.py for tasks to queue
[2024-06-18T09:42:57.008+0000] {logging_mixin.py:188} INFO - [2024-06-18T09:42:57.007+0000] {dagbag.py:545} INFO - Filling up the DagBag from /home/airflow/.local/lib/python3.12/site-packages/airflow/example_dags/example_skip_dag.py
[2024-06-18T09:42:57.030+0000] {processor.py:840} INFO - DAG(s) 'example_skip_dag' retrieved from /home/airflow/.local/lib/python3.12/site-packages/airflow/example_dags/example_skip_dag.py
[2024-06-18T09:42:57.127+0000] {logging_mixin.py:188} INFO - [2024-06-18T09:42:57.127+0000] {dag.py:3096} INFO - Sync 1 DAGs
[2024-06-18T09:42:57.246+0000] {logging_mixin.py:188} INFO - [2024-06-18T09:42:57.245+0000] {dag.py:3954} INFO - Setting next_dagrun for example_skip_dag to 2024-06-17 00:00:00+00:00, run_after=2024-06-18 00:00:00+00:00
[2024-06-18T09:42:57.419+0000] {processor.py:183} INFO - Processing /home/airflow/.local/lib/python3.12/site-packages/airflow/example_dags/example_skip_dag.py took 0.450 seconds
[2024-06-18T09:43:27.833+0000] {processor.py:161} INFO - Started process (PID=2158) to work on /home/airflow/.local/lib/python3.12/site-packages/airflow/example_dags/example_skip_dag.py
[2024-06-18T09:43:27.835+0000] {processor.py:830} INFO - Processing file /home/airflow/.local/lib/python3.12/site-packages/airflow/example_dags/example_skip_dag.py for tasks to queue
[2024-06-18T09:43:27.840+0000] {logging_mixin.py:188} INFO - [2024-06-18T09:43:27.839+0000] {dagbag.py:545} INFO - Filling up the DagBag from /home/airflow/.local/lib/python3.12/site-packages/airflow/example_dags/example_skip_dag.py
[2024-06-18T09:43:27.861+0000] {processor.py:840} INFO - DAG(s) 'example_skip_dag' retrieved from /home/airflow/.local/lib/python3.12/site-packages/airflow/example_dags/example_skip_dag.py
[2024-06-18T09:43:27.944+0000] {logging_mixin.py:188} INFO - [2024-06-18T09:43:27.943+0000] {dag.py:3096} INFO - Sync 1 DAGs
[2024-06-18T09:43:28.043+0000] {logging_mixin.py:188} INFO - [2024-06-18T09:43:28.042+0000] {dag.py:3954} INFO - Setting next_dagrun for example_skip_dag to 2024-06-17 00:00:00+00:00, run_after=2024-06-18 00:00:00+00:00
[2024-06-18T09:43:28.252+0000] {processor.py:183} INFO - Processing /home/airflow/.local/lib/python3.12/site-packages/airflow/example_dags/example_skip_dag.py took 0.436 seconds
[2024-06-18T09:43:58.378+0000] {processor.py:161} INFO - Started process (PID=2430) to work on /home/airflow/.local/lib/python3.12/site-packages/airflow/example_dags/example_skip_dag.py
[2024-06-18T09:43:58.393+0000] {processor.py:830} INFO - Processing file /home/airflow/.local/lib/python3.12/site-packages/airflow/example_dags/example_skip_dag.py for tasks to queue
[2024-06-18T09:43:58.405+0000] {logging_mixin.py:188} INFO - [2024-06-18T09:43:58.404+0000] {dagbag.py:545} INFO - Filling up the DagBag from /home/airflow/.local/lib/python3.12/site-packages/airflow/example_dags/example_skip_dag.py
[2024-06-18T09:43:58.427+0000] {processor.py:840} INFO - DAG(s) 'example_skip_dag' retrieved from /home/airflow/.local/lib/python3.12/site-packages/airflow/example_dags/example_skip_dag.py
[2024-06-18T09:43:58.533+0000] {logging_mixin.py:188} INFO - [2024-06-18T09:43:58.533+0000] {dag.py:3096} INFO - Sync 1 DAGs
[2024-06-18T09:43:58.673+0000] {logging_mixin.py:188} INFO - [2024-06-18T09:43:58.672+0000] {dag.py:3954} INFO - Setting next_dagrun for example_skip_dag to 2024-06-17 00:00:00+00:00, run_after=2024-06-18 00:00:00+00:00
[2024-06-18T09:43:59.140+0000] {processor.py:183} INFO - Processing /home/airflow/.local/lib/python3.12/site-packages/airflow/example_dags/example_skip_dag.py took 0.785 seconds
[2024-06-18T09:44:29.377+0000] {processor.py:161} INFO - Started process (PID=2701) to work on /home/airflow/.local/lib/python3.12/site-packages/airflow/example_dags/example_skip_dag.py
[2024-06-18T09:44:29.379+0000] {processor.py:830} INFO - Processing file /home/airflow/.local/lib/python3.12/site-packages/airflow/example_dags/example_skip_dag.py for tasks to queue
[2024-06-18T09:44:29.383+0000] {logging_mixin.py:188} INFO - [2024-06-18T09:44:29.383+0000] {dagbag.py:545} INFO - Filling up the DagBag from /home/airflow/.local/lib/python3.12/site-packages/airflow/example_dags/example_skip_dag.py
[2024-06-18T09:44:29.401+0000] {processor.py:840} INFO - DAG(s) 'example_skip_dag' retrieved from /home/airflow/.local/lib/python3.12/site-packages/airflow/example_dags/example_skip_dag.py
[2024-06-18T09:44:29.465+0000] {logging_mixin.py:188} INFO - [2024-06-18T09:44:29.465+0000] {dag.py:3096} INFO - Sync 1 DAGs
[2024-06-18T09:44:29.525+0000] {logging_mixin.py:188} INFO - [2024-06-18T09:44:29.524+0000] {dag.py:3954} INFO - Setting next_dagrun for example_skip_dag to 2024-06-17 00:00:00+00:00, run_after=2024-06-18 00:00:00+00:00
[2024-06-18T09:44:29.646+0000] {processor.py:183} INFO - Processing /home/airflow/.local/lib/python3.12/site-packages/airflow/example_dags/example_skip_dag.py took 0.281 seconds
[2024-06-18T09:45:08.003+0000] {processor.py:161} INFO - Started process (PID=2950) to work on /home/airflow/.local/lib/python3.12/site-packages/airflow/example_dags/example_skip_dag.py
[2024-06-18T09:45:08.008+0000] {processor.py:830} INFO - Processing file /home/airflow/.local/lib/python3.12/site-packages/airflow/example_dags/example_skip_dag.py for tasks to queue
[2024-06-18T09:45:08.012+0000] {logging_mixin.py:188} INFO - [2024-06-18T09:45:08.011+0000] {dagbag.py:545} INFO - Filling up the DagBag from /home/airflow/.local/lib/python3.12/site-packages/airflow/example_dags/example_skip_dag.py
[2024-06-18T09:45:08.032+0000] {processor.py:840} INFO - DAG(s) 'example_skip_dag' retrieved from /home/airflow/.local/lib/python3.12/site-packages/airflow/example_dags/example_skip_dag.py
[2024-06-18T09:45:08.104+0000] {logging_mixin.py:188} INFO - [2024-06-18T09:45:08.103+0000] {dag.py:3096} INFO - Sync 1 DAGs
[2024-06-18T09:45:08.214+0000] {logging_mixin.py:188} INFO - [2024-06-18T09:45:08.213+0000] {dag.py:3954} INFO - Setting next_dagrun for example_skip_dag to 2024-06-17 00:00:00+00:00, run_after=2024-06-18 00:00:00+00:00
[2024-06-18T09:45:08.317+0000] {processor.py:183} INFO - Processing /home/airflow/.local/lib/python3.12/site-packages/airflow/example_dags/example_skip_dag.py took 0.331 seconds
[2024-06-18T09:45:45.374+0000] {processor.py:161} INFO - Started process (PID=3227) to work on /home/airflow/.local/lib/python3.12/site-packages/airflow/example_dags/example_skip_dag.py
[2024-06-18T09:45:45.404+0000] {processor.py:830} INFO - Processing file /home/airflow/.local/lib/python3.12/site-packages/airflow/example_dags/example_skip_dag.py for tasks to queue
[2024-06-18T09:45:45.410+0000] {logging_mixin.py:188} INFO - [2024-06-18T09:45:45.409+0000] {dagbag.py:545} INFO - Filling up the DagBag from /home/airflow/.local/lib/python3.12/site-packages/airflow/example_dags/example_skip_dag.py
[2024-06-18T09:45:45.494+0000] {processor.py:840} INFO - DAG(s) 'example_skip_dag' retrieved from /home/airflow/.local/lib/python3.12/site-packages/airflow/example_dags/example_skip_dag.py
[2024-06-18T09:45:45.755+0000] {logging_mixin.py:188} INFO - [2024-06-18T09:45:45.754+0000] {dag.py:3096} INFO - Sync 1 DAGs
[2024-06-18T09:45:46.122+0000] {logging_mixin.py:188} INFO - [2024-06-18T09:45:46.122+0000] {dag.py:3954} INFO - Setting next_dagrun for example_skip_dag to 2024-06-17 00:00:00+00:00, run_after=2024-06-18 00:00:00+00:00
[2024-06-18T09:45:46.499+0000] {processor.py:183} INFO - Processing /home/airflow/.local/lib/python3.12/site-packages/airflow/example_dags/example_skip_dag.py took 1.176 seconds
[2024-06-18T09:46:17.005+0000] {processor.py:161} INFO - Started process (PID=3500) to work on /home/airflow/.local/lib/python3.12/site-packages/airflow/example_dags/example_skip_dag.py
[2024-06-18T09:46:17.007+0000] {processor.py:830} INFO - Processing file /home/airflow/.local/lib/python3.12/site-packages/airflow/example_dags/example_skip_dag.py for tasks to queue
[2024-06-18T09:46:17.012+0000] {logging_mixin.py:188} INFO - [2024-06-18T09:46:17.011+0000] {dagbag.py:545} INFO - Filling up the DagBag from /home/airflow/.local/lib/python3.12/site-packages/airflow/example_dags/example_skip_dag.py
[2024-06-18T09:46:17.035+0000] {processor.py:840} INFO - DAG(s) 'example_skip_dag' retrieved from /home/airflow/.local/lib/python3.12/site-packages/airflow/example_dags/example_skip_dag.py
[2024-06-18T09:46:17.105+0000] {logging_mixin.py:188} INFO - [2024-06-18T09:46:17.104+0000] {dag.py:3096} INFO - Sync 1 DAGs
[2024-06-18T09:46:17.193+0000] {logging_mixin.py:188} INFO - [2024-06-18T09:46:17.192+0000] {dag.py:3954} INFO - Setting next_dagrun for example_skip_dag to 2024-06-17 00:00:00+00:00, run_after=2024-06-18 00:00:00+00:00
[2024-06-18T09:46:17.323+0000] {processor.py:183} INFO - Processing /home/airflow/.local/lib/python3.12/site-packages/airflow/example_dags/example_skip_dag.py took 0.340 seconds
[2024-06-18T09:46:48.440+0000] {processor.py:161} INFO - Started process (PID=3769) to work on /home/airflow/.local/lib/python3.12/site-packages/airflow/example_dags/example_skip_dag.py
[2024-06-18T09:46:48.442+0000] {processor.py:830} INFO - Processing file /home/airflow/.local/lib/python3.12/site-packages/airflow/example_dags/example_skip_dag.py for tasks to queue
[2024-06-18T09:46:48.448+0000] {logging_mixin.py:188} INFO - [2024-06-18T09:46:48.447+0000] {dagbag.py:545} INFO - Filling up the DagBag from /home/airflow/.local/lib/python3.12/site-packages/airflow/example_dags/example_skip_dag.py
[2024-06-18T09:46:48.461+0000] {processor.py:840} INFO - DAG(s) 'example_skip_dag' retrieved from /home/airflow/.local/lib/python3.12/site-packages/airflow/example_dags/example_skip_dag.py
[2024-06-18T09:46:48.533+0000] {logging_mixin.py:188} INFO - [2024-06-18T09:46:48.533+0000] {dag.py:3096} INFO - Sync 1 DAGs
[2024-06-18T09:46:48.632+0000] {logging_mixin.py:188} INFO - [2024-06-18T09:46:48.631+0000] {dag.py:3954} INFO - Setting next_dagrun for example_skip_dag to 2024-06-17 00:00:00+00:00, run_after=2024-06-18 00:00:00+00:00
[2024-06-18T09:46:48.818+0000] {processor.py:183} INFO - Processing /home/airflow/.local/lib/python3.12/site-packages/airflow/example_dags/example_skip_dag.py took 0.398 seconds
[2024-06-18T09:47:20.269+0000] {processor.py:161} INFO - Started process (PID=4035) to work on /home/airflow/.local/lib/python3.12/site-packages/airflow/example_dags/example_skip_dag.py
[2024-06-18T09:47:20.272+0000] {processor.py:830} INFO - Processing file /home/airflow/.local/lib/python3.12/site-packages/airflow/example_dags/example_skip_dag.py for tasks to queue
[2024-06-18T09:47:20.278+0000] {logging_mixin.py:188} INFO - [2024-06-18T09:47:20.277+0000] {dagbag.py:545} INFO - Filling up the DagBag from /home/airflow/.local/lib/python3.12/site-packages/airflow/example_dags/example_skip_dag.py
[2024-06-18T09:47:20.292+0000] {processor.py:840} INFO - DAG(s) 'example_skip_dag' retrieved from /home/airflow/.local/lib/python3.12/site-packages/airflow/example_dags/example_skip_dag.py
[2024-06-18T09:47:20.351+0000] {logging_mixin.py:188} INFO - [2024-06-18T09:47:20.350+0000] {dag.py:3096} INFO - Sync 1 DAGs
[2024-06-18T09:47:20.412+0000] {logging_mixin.py:188} INFO - [2024-06-18T09:47:20.412+0000] {dag.py:3954} INFO - Setting next_dagrun for example_skip_dag to 2024-06-17 00:00:00+00:00, run_after=2024-06-18 00:00:00+00:00
[2024-06-18T09:47:20.636+0000] {processor.py:183} INFO - Processing /home/airflow/.local/lib/python3.12/site-packages/airflow/example_dags/example_skip_dag.py took 0.384 seconds
[2024-06-18T09:47:51.691+0000] {processor.py:161} INFO - Started process (PID=4307) to work on /home/airflow/.local/lib/python3.12/site-packages/airflow/example_dags/example_skip_dag.py
[2024-06-18T09:47:51.694+0000] {processor.py:830} INFO - Processing file /home/airflow/.local/lib/python3.12/site-packages/airflow/example_dags/example_skip_dag.py for tasks to queue
[2024-06-18T09:47:51.702+0000] {logging_mixin.py:188} INFO - [2024-06-18T09:47:51.700+0000] {dagbag.py:545} INFO - Filling up the DagBag from /home/airflow/.local/lib/python3.12/site-packages/airflow/example_dags/example_skip_dag.py
[2024-06-18T09:47:51.724+0000] {processor.py:840} INFO - DAG(s) 'example_skip_dag' retrieved from /home/airflow/.local/lib/python3.12/site-packages/airflow/example_dags/example_skip_dag.py
[2024-06-18T09:47:51.887+0000] {logging_mixin.py:188} INFO - [2024-06-18T09:47:51.886+0000] {dag.py:3096} INFO - Sync 1 DAGs
[2024-06-18T09:47:51.966+0000] {logging_mixin.py:188} INFO - [2024-06-18T09:47:51.965+0000] {dag.py:3954} INFO - Setting next_dagrun for example_skip_dag to 2024-06-17 00:00:00+00:00, run_after=2024-06-18 00:00:00+00:00
[2024-06-18T09:47:52.144+0000] {processor.py:183} INFO - Processing /home/airflow/.local/lib/python3.12/site-packages/airflow/example_dags/example_skip_dag.py took 0.476 seconds
[2024-06-18T09:48:29.655+0000] {processor.py:161} INFO - Started process (PID=4569) to work on /home/airflow/.local/lib/python3.12/site-packages/airflow/example_dags/example_skip_dag.py
[2024-06-18T09:48:29.666+0000] {processor.py:830} INFO - Processing file /home/airflow/.local/lib/python3.12/site-packages/airflow/example_dags/example_skip_dag.py for tasks to queue
[2024-06-18T09:48:29.672+0000] {logging_mixin.py:188} INFO - [2024-06-18T09:48:29.671+0000] {dagbag.py:545} INFO - Filling up the DagBag from /home/airflow/.local/lib/python3.12/site-packages/airflow/example_dags/example_skip_dag.py
[2024-06-18T09:48:29.701+0000] {processor.py:840} INFO - DAG(s) 'example_skip_dag' retrieved from /home/airflow/.local/lib/python3.12/site-packages/airflow/example_dags/example_skip_dag.py
[2024-06-18T09:48:29.780+0000] {logging_mixin.py:188} INFO - [2024-06-18T09:48:29.779+0000] {dag.py:3096} INFO - Sync 1 DAGs
[2024-06-18T09:48:29.866+0000] {logging_mixin.py:188} INFO - [2024-06-18T09:48:29.866+0000] {dag.py:3954} INFO - Setting next_dagrun for example_skip_dag to 2024-06-17 00:00:00+00:00, run_after=2024-06-18 00:00:00+00:00
[2024-06-18T09:48:30.011+0000] {processor.py:183} INFO - Processing /home/airflow/.local/lib/python3.12/site-packages/airflow/example_dags/example_skip_dag.py took 0.379 seconds
[2024-06-18T09:49:03.122+0000] {processor.py:161} INFO - Started process (PID=4841) to work on /home/airflow/.local/lib/python3.12/site-packages/airflow/example_dags/example_skip_dag.py
[2024-06-18T09:49:03.127+0000] {processor.py:830} INFO - Processing file /home/airflow/.local/lib/python3.12/site-packages/airflow/example_dags/example_skip_dag.py for tasks to queue
[2024-06-18T09:49:03.141+0000] {logging_mixin.py:188} INFO - [2024-06-18T09:49:03.140+0000] {dagbag.py:545} INFO - Filling up the DagBag from /home/airflow/.local/lib/python3.12/site-packages/airflow/example_dags/example_skip_dag.py
[2024-06-18T09:49:03.163+0000] {processor.py:840} INFO - DAG(s) 'example_skip_dag' retrieved from /home/airflow/.local/lib/python3.12/site-packages/airflow/example_dags/example_skip_dag.py
[2024-06-18T09:49:03.244+0000] {logging_mixin.py:188} INFO - [2024-06-18T09:49:03.242+0000] {dag.py:3096} INFO - Sync 1 DAGs
[2024-06-18T09:49:03.382+0000] {logging_mixin.py:188} INFO - [2024-06-18T09:49:03.381+0000] {dag.py:3954} INFO - Setting next_dagrun for example_skip_dag to 2024-06-17 00:00:00+00:00, run_after=2024-06-18 00:00:00+00:00
[2024-06-18T09:49:03.903+0000] {processor.py:183} INFO - Processing /home/airflow/.local/lib/python3.12/site-packages/airflow/example_dags/example_skip_dag.py took 0.835 seconds
[2024-06-18T09:49:35.429+0000] {processor.py:161} INFO - Started process (PID=5113) to work on /home/airflow/.local/lib/python3.12/site-packages/airflow/example_dags/example_skip_dag.py
[2024-06-18T09:49:35.431+0000] {processor.py:830} INFO - Processing file /home/airflow/.local/lib/python3.12/site-packages/airflow/example_dags/example_skip_dag.py for tasks to queue
[2024-06-18T09:49:35.438+0000] {logging_mixin.py:188} INFO - [2024-06-18T09:49:35.436+0000] {dagbag.py:545} INFO - Filling up the DagBag from /home/airflow/.local/lib/python3.12/site-packages/airflow/example_dags/example_skip_dag.py
[2024-06-18T09:49:35.458+0000] {processor.py:840} INFO - DAG(s) 'example_skip_dag' retrieved from /home/airflow/.local/lib/python3.12/site-packages/airflow/example_dags/example_skip_dag.py
[2024-06-18T09:49:35.560+0000] {logging_mixin.py:188} INFO - [2024-06-18T09:49:35.559+0000] {dag.py:3096} INFO - Sync 1 DAGs
[2024-06-18T09:49:35.651+0000] {logging_mixin.py:188} INFO - [2024-06-18T09:49:35.650+0000] {dag.py:3954} INFO - Setting next_dagrun for example_skip_dag to 2024-06-17 00:00:00+00:00, run_after=2024-06-18 00:00:00+00:00
[2024-06-18T09:49:35.983+0000] {processor.py:183} INFO - Processing /home/airflow/.local/lib/python3.12/site-packages/airflow/example_dags/example_skip_dag.py took 0.572 seconds
[2024-06-18T09:50:06.184+0000] {processor.py:161} INFO - Started process (PID=5384) to work on /home/airflow/.local/lib/python3.12/site-packages/airflow/example_dags/example_skip_dag.py
[2024-06-18T09:50:06.211+0000] {processor.py:830} INFO - Processing file /home/airflow/.local/lib/python3.12/site-packages/airflow/example_dags/example_skip_dag.py for tasks to queue
[2024-06-18T09:50:06.228+0000] {logging_mixin.py:188} INFO - [2024-06-18T09:50:06.227+0000] {dagbag.py:545} INFO - Filling up the DagBag from /home/airflow/.local/lib/python3.12/site-packages/airflow/example_dags/example_skip_dag.py
[2024-06-18T09:50:06.316+0000] {processor.py:840} INFO - DAG(s) 'example_skip_dag' retrieved from /home/airflow/.local/lib/python3.12/site-packages/airflow/example_dags/example_skip_dag.py
[2024-06-18T09:50:06.429+0000] {logging_mixin.py:188} INFO - [2024-06-18T09:50:06.429+0000] {dag.py:3096} INFO - Sync 1 DAGs
[2024-06-18T09:50:06.505+0000] {logging_mixin.py:188} INFO - [2024-06-18T09:50:06.504+0000] {dag.py:3954} INFO - Setting next_dagrun for example_skip_dag to 2024-06-17 00:00:00+00:00, run_after=2024-06-18 00:00:00+00:00
[2024-06-18T09:50:06.617+0000] {processor.py:183} INFO - Processing /home/airflow/.local/lib/python3.12/site-packages/airflow/example_dags/example_skip_dag.py took 0.464 seconds
[2024-06-18T09:50:36.812+0000] {processor.py:161} INFO - Started process (PID=5652) to work on /home/airflow/.local/lib/python3.12/site-packages/airflow/example_dags/example_skip_dag.py
[2024-06-18T09:50:36.814+0000] {processor.py:830} INFO - Processing file /home/airflow/.local/lib/python3.12/site-packages/airflow/example_dags/example_skip_dag.py for tasks to queue
[2024-06-18T09:50:36.817+0000] {logging_mixin.py:188} INFO - [2024-06-18T09:50:36.817+0000] {dagbag.py:545} INFO - Filling up the DagBag from /home/airflow/.local/lib/python3.12/site-packages/airflow/example_dags/example_skip_dag.py
[2024-06-18T09:50:36.833+0000] {processor.py:840} INFO - DAG(s) 'example_skip_dag' retrieved from /home/airflow/.local/lib/python3.12/site-packages/airflow/example_dags/example_skip_dag.py
[2024-06-18T09:50:36.875+0000] {logging_mixin.py:188} INFO - [2024-06-18T09:50:36.875+0000] {dag.py:3096} INFO - Sync 1 DAGs
[2024-06-18T09:50:36.936+0000] {logging_mixin.py:188} INFO - [2024-06-18T09:50:36.935+0000] {dag.py:3954} INFO - Setting next_dagrun for example_skip_dag to 2024-06-17 00:00:00+00:00, run_after=2024-06-18 00:00:00+00:00
[2024-06-18T09:50:37.069+0000] {processor.py:183} INFO - Processing /home/airflow/.local/lib/python3.12/site-packages/airflow/example_dags/example_skip_dag.py took 0.269 seconds
[2024-06-18T09:51:07.592+0000] {processor.py:161} INFO - Started process (PID=5922) to work on /home/airflow/.local/lib/python3.12/site-packages/airflow/example_dags/example_skip_dag.py
[2024-06-18T09:51:07.594+0000] {processor.py:830} INFO - Processing file /home/airflow/.local/lib/python3.12/site-packages/airflow/example_dags/example_skip_dag.py for tasks to queue
[2024-06-18T09:51:07.598+0000] {logging_mixin.py:188} INFO - [2024-06-18T09:51:07.597+0000] {dagbag.py:545} INFO - Filling up the DagBag from /home/airflow/.local/lib/python3.12/site-packages/airflow/example_dags/example_skip_dag.py
[2024-06-18T09:51:07.627+0000] {processor.py:840} INFO - DAG(s) 'example_skip_dag' retrieved from /home/airflow/.local/lib/python3.12/site-packages/airflow/example_dags/example_skip_dag.py
[2024-06-18T09:51:07.724+0000] {logging_mixin.py:188} INFO - [2024-06-18T09:51:07.724+0000] {dag.py:3096} INFO - Sync 1 DAGs
[2024-06-18T09:51:07.950+0000] {logging_mixin.py:188} INFO - [2024-06-18T09:51:07.935+0000] {dag.py:3954} INFO - Setting next_dagrun for example_skip_dag to 2024-06-17 00:00:00+00:00, run_after=2024-06-18 00:00:00+00:00
[2024-06-18T09:51:08.263+0000] {processor.py:183} INFO - Processing /home/airflow/.local/lib/python3.12/site-packages/airflow/example_dags/example_skip_dag.py took 0.688 seconds
[2024-06-18T09:51:42.006+0000] {processor.py:161} INFO - Started process (PID=6200) to work on /home/airflow/.local/lib/python3.12/site-packages/airflow/example_dags/example_skip_dag.py
[2024-06-18T09:51:42.008+0000] {processor.py:830} INFO - Processing file /home/airflow/.local/lib/python3.12/site-packages/airflow/example_dags/example_skip_dag.py for tasks to queue
[2024-06-18T09:51:42.015+0000] {logging_mixin.py:188} INFO - [2024-06-18T09:51:42.013+0000] {dagbag.py:545} INFO - Filling up the DagBag from /home/airflow/.local/lib/python3.12/site-packages/airflow/example_dags/example_skip_dag.py
[2024-06-18T09:51:42.036+0000] {processor.py:840} INFO - DAG(s) 'example_skip_dag' retrieved from /home/airflow/.local/lib/python3.12/site-packages/airflow/example_dags/example_skip_dag.py
[2024-06-18T09:51:42.096+0000] {logging_mixin.py:188} INFO - [2024-06-18T09:51:42.096+0000] {dag.py:3096} INFO - Sync 1 DAGs
[2024-06-18T09:51:42.154+0000] {logging_mixin.py:188} INFO - [2024-06-18T09:51:42.154+0000] {dag.py:3954} INFO - Setting next_dagrun for example_skip_dag to 2024-06-17 00:00:00+00:00, run_after=2024-06-18 00:00:00+00:00
[2024-06-18T09:51:42.897+0000] {processor.py:183} INFO - Processing /home/airflow/.local/lib/python3.12/site-packages/airflow/example_dags/example_skip_dag.py took 0.905 seconds
[2024-06-18T09:52:17.055+0000] {processor.py:161} INFO - Started process (PID=6473) to work on /home/airflow/.local/lib/python3.12/site-packages/airflow/example_dags/example_skip_dag.py
[2024-06-18T09:52:17.075+0000] {processor.py:830} INFO - Processing file /home/airflow/.local/lib/python3.12/site-packages/airflow/example_dags/example_skip_dag.py for tasks to queue
[2024-06-18T09:52:17.098+0000] {logging_mixin.py:188} INFO - [2024-06-18T09:52:17.097+0000] {dagbag.py:545} INFO - Filling up the DagBag from /home/airflow/.local/lib/python3.12/site-packages/airflow/example_dags/example_skip_dag.py
[2024-06-18T09:52:17.241+0000] {processor.py:840} INFO - DAG(s) 'example_skip_dag' retrieved from /home/airflow/.local/lib/python3.12/site-packages/airflow/example_dags/example_skip_dag.py
[2024-06-18T09:52:17.358+0000] {logging_mixin.py:188} INFO - [2024-06-18T09:52:17.358+0000] {dag.py:3096} INFO - Sync 1 DAGs
[2024-06-18T09:52:17.438+0000] {logging_mixin.py:188} INFO - [2024-06-18T09:52:17.438+0000] {dag.py:3954} INFO - Setting next_dagrun for example_skip_dag to 2024-06-17 00:00:00+00:00, run_after=2024-06-18 00:00:00+00:00
[2024-06-18T09:52:17.946+0000] {processor.py:183} INFO - Processing /home/airflow/.local/lib/python3.12/site-packages/airflow/example_dags/example_skip_dag.py took 0.914 seconds
[2024-06-18T09:52:53.116+0000] {processor.py:161} INFO - Started process (PID=6741) to work on /home/airflow/.local/lib/python3.12/site-packages/airflow/example_dags/example_skip_dag.py
[2024-06-18T09:52:53.122+0000] {processor.py:830} INFO - Processing file /home/airflow/.local/lib/python3.12/site-packages/airflow/example_dags/example_skip_dag.py for tasks to queue
[2024-06-18T09:52:53.127+0000] {logging_mixin.py:188} INFO - [2024-06-18T09:52:53.126+0000] {dagbag.py:545} INFO - Filling up the DagBag from /home/airflow/.local/lib/python3.12/site-packages/airflow/example_dags/example_skip_dag.py
[2024-06-18T09:52:53.163+0000] {processor.py:840} INFO - DAG(s) 'example_skip_dag' retrieved from /home/airflow/.local/lib/python3.12/site-packages/airflow/example_dags/example_skip_dag.py
[2024-06-18T09:52:53.231+0000] {logging_mixin.py:188} INFO - [2024-06-18T09:52:53.230+0000] {dag.py:3096} INFO - Sync 1 DAGs
[2024-06-18T09:52:53.301+0000] {logging_mixin.py:188} INFO - [2024-06-18T09:52:53.301+0000] {dag.py:3954} INFO - Setting next_dagrun for example_skip_dag to 2024-06-17 00:00:00+00:00, run_after=2024-06-18 00:00:00+00:00
[2024-06-18T09:52:53.578+0000] {processor.py:183} INFO - Processing /home/airflow/.local/lib/python3.12/site-packages/airflow/example_dags/example_skip_dag.py took 0.513 seconds
[2024-06-18T09:53:10.846+0000] {processor.py:161} INFO - Started process (PID=257) to work on /home/airflow/.local/lib/python3.12/site-packages/airflow/example_dags/example_skip_dag.py
[2024-06-18T09:53:10.891+0000] {processor.py:830} INFO - Processing file /home/airflow/.local/lib/python3.12/site-packages/airflow/example_dags/example_skip_dag.py for tasks to queue
[2024-06-18T09:53:10.913+0000] {logging_mixin.py:188} INFO - [2024-06-18T09:53:10.912+0000] {dagbag.py:545} INFO - Filling up the DagBag from /home/airflow/.local/lib/python3.12/site-packages/airflow/example_dags/example_skip_dag.py
[2024-06-18T09:53:15.807+0000] {processor.py:840} INFO - DAG(s) 'example_skip_dag' retrieved from /home/airflow/.local/lib/python3.12/site-packages/airflow/example_dags/example_skip_dag.py
[2024-06-18T09:53:20.554+0000] {logging_mixin.py:188} INFO - [2024-06-18T09:53:20.517+0000] {override.py:1829} INFO - Created Permission View: can delete on DAG:example_skip_dag
[2024-06-18T09:53:21.954+0000] {logging_mixin.py:188} INFO - [2024-06-18T09:53:21.953+0000] {override.py:1829} INFO - Created Permission View: can edit on DAG:example_skip_dag
[2024-06-18T09:53:22.268+0000] {logging_mixin.py:188} INFO - [2024-06-18T09:53:22.268+0000] {override.py:1829} INFO - Created Permission View: can read on DAG:example_skip_dag
[2024-06-18T09:53:22.316+0000] {logging_mixin.py:188} INFO - [2024-06-18T09:53:22.287+0000] {dag.py:3096} INFO - Sync 1 DAGs
[2024-06-18T09:53:22.706+0000] {logging_mixin.py:188} INFO - [2024-06-18T09:53:22.705+0000] {dag.py:3118} INFO - Creating ORM DAG for example_skip_dag
[2024-06-18T09:53:23.043+0000] {logging_mixin.py:188} INFO - [2024-06-18T09:53:23.042+0000] {dag.py:3954} INFO - Setting next_dagrun for example_skip_dag to 2024-06-17 00:00:00+00:00, run_after=2024-06-18 00:00:00+00:00
[2024-06-18T09:53:23.762+0000] {processor.py:183} INFO - Processing /home/airflow/.local/lib/python3.12/site-packages/airflow/example_dags/example_skip_dag.py took 12.989 seconds
[2024-06-18T09:54:26.100+0000] {processor.py:161} INFO - Started process (PID=7035) to work on /home/airflow/.local/lib/python3.12/site-packages/airflow/example_dags/example_skip_dag.py
[2024-06-18T09:54:26.103+0000] {processor.py:830} INFO - Processing file /home/airflow/.local/lib/python3.12/site-packages/airflow/example_dags/example_skip_dag.py for tasks to queue
[2024-06-18T09:54:26.108+0000] {logging_mixin.py:188} INFO - [2024-06-18T09:54:26.107+0000] {dagbag.py:545} INFO - Filling up the DagBag from /home/airflow/.local/lib/python3.12/site-packages/airflow/example_dags/example_skip_dag.py
[2024-06-18T09:54:26.129+0000] {processor.py:840} INFO - DAG(s) 'example_skip_dag' retrieved from /home/airflow/.local/lib/python3.12/site-packages/airflow/example_dags/example_skip_dag.py
[2024-06-18T09:54:26.183+0000] {logging_mixin.py:188} INFO - [2024-06-18T09:54:26.182+0000] {dag.py:3096} INFO - Sync 1 DAGs
[2024-06-18T09:54:26.302+0000] {logging_mixin.py:188} INFO - [2024-06-18T09:54:26.302+0000] {dag.py:3954} INFO - Setting next_dagrun for example_skip_dag to 2024-06-17 00:00:00+00:00, run_after=2024-06-18 00:00:00+00:00
[2024-06-18T09:54:26.868+0000] {processor.py:183} INFO - Processing /home/airflow/.local/lib/python3.12/site-packages/airflow/example_dags/example_skip_dag.py took 0.783 seconds
