[2024-06-18T09:38:58.824+0000] {processor.py:161} INFO - Started process (PID=312) to work on /home/airflow/.local/lib/python3.12/site-packages/airflow/example_dags/tutorial.py
[2024-06-18T09:38:58.832+0000] {processor.py:830} INFO - Processing file /home/airflow/.local/lib/python3.12/site-packages/airflow/example_dags/tutorial.py for tasks to queue
[2024-06-18T09:38:58.842+0000] {logging_mixin.py:188} INFO - [2024-06-18T09:38:58.840+0000] {dagbag.py:545} INFO - Filling up the DagBag from /home/airflow/.local/lib/python3.12/site-packages/airflow/example_dags/tutorial.py
[2024-06-18T09:38:58.868+0000] {processor.py:840} INFO - DAG(s) 'tutorial' retrieved from /home/airflow/.local/lib/python3.12/site-packages/airflow/example_dags/tutorial.py
[2024-06-18T09:38:58.999+0000] {logging_mixin.py:188} INFO - [2024-06-18T09:38:58.999+0000] {dag.py:3096} INFO - Sync 1 DAGs
[2024-06-18T09:38:59.935+0000] {logging_mixin.py:188} INFO - [2024-06-18T09:38:59.934+0000] {dag.py:3954} INFO - Setting next_dagrun for tutorial to 2024-06-17 00:00:00+00:00, run_after=2024-06-18 00:00:00+00:00
[2024-06-18T09:39:00.099+0000] {processor.py:183} INFO - Processing /home/airflow/.local/lib/python3.12/site-packages/airflow/example_dags/tutorial.py took 1.303 seconds
[2024-06-18T09:39:54.484+0000] {processor.py:161} INFO - Started process (PID=590) to work on /home/airflow/.local/lib/python3.12/site-packages/airflow/example_dags/tutorial.py
[2024-06-18T09:39:54.487+0000] {processor.py:830} INFO - Processing file /home/airflow/.local/lib/python3.12/site-packages/airflow/example_dags/tutorial.py for tasks to queue
[2024-06-18T09:39:54.498+0000] {logging_mixin.py:188} INFO - [2024-06-18T09:39:54.492+0000] {dagbag.py:545} INFO - Filling up the DagBag from /home/airflow/.local/lib/python3.12/site-packages/airflow/example_dags/tutorial.py
[2024-06-18T09:39:54.520+0000] {processor.py:840} INFO - DAG(s) 'tutorial' retrieved from /home/airflow/.local/lib/python3.12/site-packages/airflow/example_dags/tutorial.py
[2024-06-18T09:39:54.994+0000] {logging_mixin.py:188} INFO - [2024-06-18T09:39:54.994+0000] {dag.py:3096} INFO - Sync 1 DAGs
[2024-06-18T09:39:55.047+0000] {logging_mixin.py:188} INFO - [2024-06-18T09:39:55.047+0000] {dag.py:3954} INFO - Setting next_dagrun for tutorial to 2024-06-17 00:00:00+00:00, run_after=2024-06-18 00:00:00+00:00
[2024-06-18T09:39:55.131+0000] {processor.py:183} INFO - Processing /home/airflow/.local/lib/python3.12/site-packages/airflow/example_dags/tutorial.py took 0.669 seconds
[2024-06-18T09:40:25.778+0000] {processor.py:161} INFO - Started process (PID=862) to work on /home/airflow/.local/lib/python3.12/site-packages/airflow/example_dags/tutorial.py
[2024-06-18T09:40:25.781+0000] {processor.py:830} INFO - Processing file /home/airflow/.local/lib/python3.12/site-packages/airflow/example_dags/tutorial.py for tasks to queue
[2024-06-18T09:40:25.793+0000] {logging_mixin.py:188} INFO - [2024-06-18T09:40:25.792+0000] {dagbag.py:545} INFO - Filling up the DagBag from /home/airflow/.local/lib/python3.12/site-packages/airflow/example_dags/tutorial.py
[2024-06-18T09:40:25.813+0000] {processor.py:840} INFO - DAG(s) 'tutorial' retrieved from /home/airflow/.local/lib/python3.12/site-packages/airflow/example_dags/tutorial.py
[2024-06-18T09:40:25.912+0000] {logging_mixin.py:188} INFO - [2024-06-18T09:40:25.912+0000] {dag.py:3096} INFO - Sync 1 DAGs
[2024-06-18T09:40:25.983+0000] {logging_mixin.py:188} INFO - [2024-06-18T09:40:25.982+0000] {dag.py:3954} INFO - Setting next_dagrun for tutorial to 2024-06-17 00:00:00+00:00, run_after=2024-06-18 00:00:00+00:00
[2024-06-18T09:40:26.062+0000] {processor.py:183} INFO - Processing /home/airflow/.local/lib/python3.12/site-packages/airflow/example_dags/tutorial.py took 0.304 seconds
[2024-06-18T09:41:03.197+0000] {processor.py:161} INFO - Started process (PID=1134) to work on /home/airflow/.local/lib/python3.12/site-packages/airflow/example_dags/tutorial.py
[2024-06-18T09:41:03.217+0000] {processor.py:830} INFO - Processing file /home/airflow/.local/lib/python3.12/site-packages/airflow/example_dags/tutorial.py for tasks to queue
[2024-06-18T09:41:03.235+0000] {logging_mixin.py:188} INFO - [2024-06-18T09:41:03.234+0000] {dagbag.py:545} INFO - Filling up the DagBag from /home/airflow/.local/lib/python3.12/site-packages/airflow/example_dags/tutorial.py
[2024-06-18T09:41:03.340+0000] {processor.py:840} INFO - DAG(s) 'tutorial' retrieved from /home/airflow/.local/lib/python3.12/site-packages/airflow/example_dags/tutorial.py
[2024-06-18T09:41:03.614+0000] {logging_mixin.py:188} INFO - [2024-06-18T09:41:03.613+0000] {dag.py:3096} INFO - Sync 1 DAGs
[2024-06-18T09:41:03.793+0000] {logging_mixin.py:188} INFO - [2024-06-18T09:41:03.793+0000] {dag.py:3954} INFO - Setting next_dagrun for tutorial to 2024-06-17 00:00:00+00:00, run_after=2024-06-18 00:00:00+00:00
[2024-06-18T09:41:04.405+0000] {processor.py:183} INFO - Processing /home/airflow/.local/lib/python3.12/site-packages/airflow/example_dags/tutorial.py took 1.261 seconds
[2024-06-18T09:41:34.705+0000] {processor.py:161} INFO - Started process (PID=1403) to work on /home/airflow/.local/lib/python3.12/site-packages/airflow/example_dags/tutorial.py
[2024-06-18T09:41:34.710+0000] {processor.py:830} INFO - Processing file /home/airflow/.local/lib/python3.12/site-packages/airflow/example_dags/tutorial.py for tasks to queue
[2024-06-18T09:41:34.715+0000] {logging_mixin.py:188} INFO - [2024-06-18T09:41:34.714+0000] {dagbag.py:545} INFO - Filling up the DagBag from /home/airflow/.local/lib/python3.12/site-packages/airflow/example_dags/tutorial.py
[2024-06-18T09:41:34.738+0000] {processor.py:840} INFO - DAG(s) 'tutorial' retrieved from /home/airflow/.local/lib/python3.12/site-packages/airflow/example_dags/tutorial.py
[2024-06-18T09:41:34.817+0000] {logging_mixin.py:188} INFO - [2024-06-18T09:41:34.817+0000] {dag.py:3096} INFO - Sync 1 DAGs
[2024-06-18T09:41:34.901+0000] {logging_mixin.py:188} INFO - [2024-06-18T09:41:34.901+0000] {dag.py:3954} INFO - Setting next_dagrun for tutorial to 2024-06-17 00:00:00+00:00, run_after=2024-06-18 00:00:00+00:00
[2024-06-18T09:41:34.999+0000] {processor.py:183} INFO - Processing /home/airflow/.local/lib/python3.12/site-packages/airflow/example_dags/tutorial.py took 0.312 seconds
[2024-06-18T09:42:31.177+0000] {processor.py:161} INFO - Started process (PID=1687) to work on /home/airflow/.local/lib/python3.12/site-packages/airflow/example_dags/tutorial.py
[2024-06-18T09:42:31.243+0000] {processor.py:830} INFO - Processing file /home/airflow/.local/lib/python3.12/site-packages/airflow/example_dags/tutorial.py for tasks to queue
[2024-06-18T09:42:31.307+0000] {logging_mixin.py:188} INFO - [2024-06-18T09:42:31.306+0000] {dagbag.py:545} INFO - Filling up the DagBag from /home/airflow/.local/lib/python3.12/site-packages/airflow/example_dags/tutorial.py
[2024-06-18T09:42:31.348+0000] {processor.py:840} INFO - DAG(s) 'tutorial' retrieved from /home/airflow/.local/lib/python3.12/site-packages/airflow/example_dags/tutorial.py
[2024-06-18T09:42:31.494+0000] {logging_mixin.py:188} INFO - [2024-06-18T09:42:31.493+0000] {dag.py:3096} INFO - Sync 1 DAGs
[2024-06-18T09:42:31.668+0000] {logging_mixin.py:188} INFO - [2024-06-18T09:42:31.667+0000] {dag.py:3954} INFO - Setting next_dagrun for tutorial to 2024-06-17 00:00:00+00:00, run_after=2024-06-18 00:00:00+00:00
[2024-06-18T09:42:32.584+0000] {processor.py:183} INFO - Processing /home/airflow/.local/lib/python3.12/site-packages/airflow/example_dags/tutorial.py took 1.442 seconds
[2024-06-18T09:43:04.185+0000] {processor.py:161} INFO - Started process (PID=1959) to work on /home/airflow/.local/lib/python3.12/site-packages/airflow/example_dags/tutorial.py
[2024-06-18T09:43:04.213+0000] {processor.py:830} INFO - Processing file /home/airflow/.local/lib/python3.12/site-packages/airflow/example_dags/tutorial.py for tasks to queue
[2024-06-18T09:43:04.222+0000] {logging_mixin.py:188} INFO - [2024-06-18T09:43:04.221+0000] {dagbag.py:545} INFO - Filling up the DagBag from /home/airflow/.local/lib/python3.12/site-packages/airflow/example_dags/tutorial.py
[2024-06-18T09:43:04.270+0000] {processor.py:840} INFO - DAG(s) 'tutorial' retrieved from /home/airflow/.local/lib/python3.12/site-packages/airflow/example_dags/tutorial.py
[2024-06-18T09:43:04.421+0000] {logging_mixin.py:188} INFO - [2024-06-18T09:43:04.421+0000] {dag.py:3096} INFO - Sync 1 DAGs
[2024-06-18T09:43:04.660+0000] {logging_mixin.py:188} INFO - [2024-06-18T09:43:04.659+0000] {dag.py:3954} INFO - Setting next_dagrun for tutorial to 2024-06-17 00:00:00+00:00, run_after=2024-06-18 00:00:00+00:00
[2024-06-18T09:43:05.024+0000] {processor.py:183} INFO - Processing /home/airflow/.local/lib/python3.12/site-packages/airflow/example_dags/tutorial.py took 0.876 seconds
[2024-06-18T09:43:35.977+0000] {processor.py:161} INFO - Started process (PID=2231) to work on /home/airflow/.local/lib/python3.12/site-packages/airflow/example_dags/tutorial.py
[2024-06-18T09:43:35.979+0000] {processor.py:830} INFO - Processing file /home/airflow/.local/lib/python3.12/site-packages/airflow/example_dags/tutorial.py for tasks to queue
[2024-06-18T09:43:35.985+0000] {logging_mixin.py:188} INFO - [2024-06-18T09:43:35.984+0000] {dagbag.py:545} INFO - Filling up the DagBag from /home/airflow/.local/lib/python3.12/site-packages/airflow/example_dags/tutorial.py
[2024-06-18T09:43:36.030+0000] {processor.py:840} INFO - DAG(s) 'tutorial' retrieved from /home/airflow/.local/lib/python3.12/site-packages/airflow/example_dags/tutorial.py
[2024-06-18T09:43:36.136+0000] {logging_mixin.py:188} INFO - [2024-06-18T09:43:36.135+0000] {dag.py:3096} INFO - Sync 1 DAGs
[2024-06-18T09:43:36.496+0000] {logging_mixin.py:188} INFO - [2024-06-18T09:43:36.495+0000] {dag.py:3954} INFO - Setting next_dagrun for tutorial to 2024-06-17 00:00:00+00:00, run_after=2024-06-18 00:00:00+00:00
[2024-06-18T09:43:36.794+0000] {processor.py:183} INFO - Processing /home/airflow/.local/lib/python3.12/site-packages/airflow/example_dags/tutorial.py took 0.860 seconds
[2024-06-18T09:44:11.554+0000] {processor.py:161} INFO - Started process (PID=2519) to work on /home/airflow/.local/lib/python3.12/site-packages/airflow/example_dags/tutorial.py
[2024-06-18T09:44:11.578+0000] {processor.py:830} INFO - Processing file /home/airflow/.local/lib/python3.12/site-packages/airflow/example_dags/tutorial.py for tasks to queue
[2024-06-18T09:44:11.604+0000] {logging_mixin.py:188} INFO - [2024-06-18T09:44:11.603+0000] {dagbag.py:545} INFO - Filling up the DagBag from /home/airflow/.local/lib/python3.12/site-packages/airflow/example_dags/tutorial.py
[2024-06-18T09:44:11.637+0000] {processor.py:840} INFO - DAG(s) 'tutorial' retrieved from /home/airflow/.local/lib/python3.12/site-packages/airflow/example_dags/tutorial.py
[2024-06-18T09:44:11.732+0000] {logging_mixin.py:188} INFO - [2024-06-18T09:44:11.731+0000] {dag.py:3096} INFO - Sync 1 DAGs
[2024-06-18T09:44:11.857+0000] {logging_mixin.py:188} INFO - [2024-06-18T09:44:11.857+0000] {dag.py:3954} INFO - Setting next_dagrun for tutorial to 2024-06-17 00:00:00+00:00, run_after=2024-06-18 00:00:00+00:00
[2024-06-18T09:44:12.097+0000] {processor.py:183} INFO - Processing /home/airflow/.local/lib/python3.12/site-packages/airflow/example_dags/tutorial.py took 0.581 seconds
[2024-06-18T09:44:42.373+0000] {processor.py:161} INFO - Started process (PID=2790) to work on /home/airflow/.local/lib/python3.12/site-packages/airflow/example_dags/tutorial.py
[2024-06-18T09:44:42.377+0000] {processor.py:830} INFO - Processing file /home/airflow/.local/lib/python3.12/site-packages/airflow/example_dags/tutorial.py for tasks to queue
[2024-06-18T09:44:42.382+0000] {logging_mixin.py:188} INFO - [2024-06-18T09:44:42.381+0000] {dagbag.py:545} INFO - Filling up the DagBag from /home/airflow/.local/lib/python3.12/site-packages/airflow/example_dags/tutorial.py
[2024-06-18T09:44:42.419+0000] {processor.py:840} INFO - DAG(s) 'tutorial' retrieved from /home/airflow/.local/lib/python3.12/site-packages/airflow/example_dags/tutorial.py
[2024-06-18T09:44:42.505+0000] {logging_mixin.py:188} INFO - [2024-06-18T09:44:42.504+0000] {dag.py:3096} INFO - Sync 1 DAGs
[2024-06-18T09:44:42.588+0000] {logging_mixin.py:188} INFO - [2024-06-18T09:44:42.587+0000] {dag.py:3954} INFO - Setting next_dagrun for tutorial to 2024-06-17 00:00:00+00:00, run_after=2024-06-18 00:00:00+00:00
[2024-06-18T09:44:42.673+0000] {processor.py:183} INFO - Processing /home/airflow/.local/lib/python3.12/site-packages/airflow/example_dags/tutorial.py took 0.320 seconds
[2024-06-18T09:45:13.034+0000] {processor.py:161} INFO - Started process (PID=3060) to work on /home/airflow/.local/lib/python3.12/site-packages/airflow/example_dags/tutorial.py
[2024-06-18T09:45:13.037+0000] {processor.py:830} INFO - Processing file /home/airflow/.local/lib/python3.12/site-packages/airflow/example_dags/tutorial.py for tasks to queue
[2024-06-18T09:45:13.049+0000] {logging_mixin.py:188} INFO - [2024-06-18T09:45:13.048+0000] {dagbag.py:545} INFO - Filling up the DagBag from /home/airflow/.local/lib/python3.12/site-packages/airflow/example_dags/tutorial.py
[2024-06-18T09:45:13.073+0000] {processor.py:840} INFO - DAG(s) 'tutorial' retrieved from /home/airflow/.local/lib/python3.12/site-packages/airflow/example_dags/tutorial.py
[2024-06-18T09:45:13.133+0000] {logging_mixin.py:188} INFO - [2024-06-18T09:45:13.133+0000] {dag.py:3096} INFO - Sync 1 DAGs
[2024-06-18T09:45:13.196+0000] {logging_mixin.py:188} INFO - [2024-06-18T09:45:13.195+0000] {dag.py:3954} INFO - Setting next_dagrun for tutorial to 2024-06-17 00:00:00+00:00, run_after=2024-06-18 00:00:00+00:00
[2024-06-18T09:45:13.401+0000] {processor.py:183} INFO - Processing /home/airflow/.local/lib/python3.12/site-packages/airflow/example_dags/tutorial.py took 0.388 seconds
[2024-06-18T09:45:54.699+0000] {processor.py:161} INFO - Started process (PID=3331) to work on /home/airflow/.local/lib/python3.12/site-packages/airflow/example_dags/tutorial.py
[2024-06-18T09:45:54.703+0000] {processor.py:830} INFO - Processing file /home/airflow/.local/lib/python3.12/site-packages/airflow/example_dags/tutorial.py for tasks to queue
[2024-06-18T09:45:54.708+0000] {logging_mixin.py:188} INFO - [2024-06-18T09:45:54.707+0000] {dagbag.py:545} INFO - Filling up the DagBag from /home/airflow/.local/lib/python3.12/site-packages/airflow/example_dags/tutorial.py
[2024-06-18T09:45:54.728+0000] {processor.py:840} INFO - DAG(s) 'tutorial' retrieved from /home/airflow/.local/lib/python3.12/site-packages/airflow/example_dags/tutorial.py
[2024-06-18T09:45:54.793+0000] {logging_mixin.py:188} INFO - [2024-06-18T09:45:54.792+0000] {dag.py:3096} INFO - Sync 1 DAGs
[2024-06-18T09:45:54.905+0000] {logging_mixin.py:188} INFO - [2024-06-18T09:45:54.904+0000] {dag.py:3954} INFO - Setting next_dagrun for tutorial to 2024-06-17 00:00:00+00:00, run_after=2024-06-18 00:00:00+00:00
[2024-06-18T09:45:55.063+0000] {processor.py:183} INFO - Processing /home/airflow/.local/lib/python3.12/site-packages/airflow/example_dags/tutorial.py took 0.383 seconds
[2024-06-18T09:46:28.891+0000] {processor.py:161} INFO - Started process (PID=3613) to work on /home/airflow/.local/lib/python3.12/site-packages/airflow/example_dags/tutorial.py
[2024-06-18T09:46:28.893+0000] {processor.py:830} INFO - Processing file /home/airflow/.local/lib/python3.12/site-packages/airflow/example_dags/tutorial.py for tasks to queue
[2024-06-18T09:46:28.901+0000] {logging_mixin.py:188} INFO - [2024-06-18T09:46:28.900+0000] {dagbag.py:545} INFO - Filling up the DagBag from /home/airflow/.local/lib/python3.12/site-packages/airflow/example_dags/tutorial.py
[2024-06-18T09:46:28.930+0000] {processor.py:840} INFO - DAG(s) 'tutorial' retrieved from /home/airflow/.local/lib/python3.12/site-packages/airflow/example_dags/tutorial.py
[2024-06-18T09:46:29.010+0000] {logging_mixin.py:188} INFO - [2024-06-18T09:46:29.008+0000] {dag.py:3096} INFO - Sync 1 DAGs
[2024-06-18T09:46:29.081+0000] {logging_mixin.py:188} INFO - [2024-06-18T09:46:29.081+0000] {dag.py:3954} INFO - Setting next_dagrun for tutorial to 2024-06-17 00:00:00+00:00, run_after=2024-06-18 00:00:00+00:00
[2024-06-18T09:46:29.362+0000] {processor.py:183} INFO - Processing /home/airflow/.local/lib/python3.12/site-packages/airflow/example_dags/tutorial.py took 0.497 seconds
[2024-06-18T09:47:03.164+0000] {processor.py:161} INFO - Started process (PID=3884) to work on /home/airflow/.local/lib/python3.12/site-packages/airflow/example_dags/tutorial.py
[2024-06-18T09:47:03.198+0000] {processor.py:830} INFO - Processing file /home/airflow/.local/lib/python3.12/site-packages/airflow/example_dags/tutorial.py for tasks to queue
[2024-06-18T09:47:03.247+0000] {logging_mixin.py:188} INFO - [2024-06-18T09:47:03.246+0000] {dagbag.py:545} INFO - Filling up the DagBag from /home/airflow/.local/lib/python3.12/site-packages/airflow/example_dags/tutorial.py
[2024-06-18T09:47:03.355+0000] {processor.py:840} INFO - DAG(s) 'tutorial' retrieved from /home/airflow/.local/lib/python3.12/site-packages/airflow/example_dags/tutorial.py
[2024-06-18T09:47:03.856+0000] {logging_mixin.py:188} INFO - [2024-06-18T09:47:03.855+0000] {dag.py:3096} INFO - Sync 1 DAGs
[2024-06-18T09:47:04.402+0000] {logging_mixin.py:188} INFO - [2024-06-18T09:47:04.401+0000] {dag.py:3954} INFO - Setting next_dagrun for tutorial to 2024-06-17 00:00:00+00:00, run_after=2024-06-18 00:00:00+00:00
[2024-06-18T09:47:04.708+0000] {processor.py:183} INFO - Processing /home/airflow/.local/lib/python3.12/site-packages/airflow/example_dags/tutorial.py took 1.789 seconds
[2024-06-18T09:47:36.485+0000] {processor.py:161} INFO - Started process (PID=4155) to work on /home/airflow/.local/lib/python3.12/site-packages/airflow/example_dags/tutorial.py
[2024-06-18T09:47:36.489+0000] {processor.py:830} INFO - Processing file /home/airflow/.local/lib/python3.12/site-packages/airflow/example_dags/tutorial.py for tasks to queue
[2024-06-18T09:47:36.500+0000] {logging_mixin.py:188} INFO - [2024-06-18T09:47:36.498+0000] {dagbag.py:545} INFO - Filling up the DagBag from /home/airflow/.local/lib/python3.12/site-packages/airflow/example_dags/tutorial.py
[2024-06-18T09:47:36.552+0000] {processor.py:840} INFO - DAG(s) 'tutorial' retrieved from /home/airflow/.local/lib/python3.12/site-packages/airflow/example_dags/tutorial.py
[2024-06-18T09:47:36.679+0000] {logging_mixin.py:188} INFO - [2024-06-18T09:47:36.676+0000] {dag.py:3096} INFO - Sync 1 DAGs
[2024-06-18T09:47:36.851+0000] {logging_mixin.py:188} INFO - [2024-06-18T09:47:36.850+0000] {dag.py:3954} INFO - Setting next_dagrun for tutorial to 2024-06-17 00:00:00+00:00, run_after=2024-06-18 00:00:00+00:00
[2024-06-18T09:47:36.993+0000] {processor.py:183} INFO - Processing /home/airflow/.local/lib/python3.12/site-packages/airflow/example_dags/tutorial.py took 0.557 seconds
[2024-06-18T09:48:07.196+0000] {processor.py:161} INFO - Started process (PID=4427) to work on /home/airflow/.local/lib/python3.12/site-packages/airflow/example_dags/tutorial.py
[2024-06-18T09:48:07.199+0000] {processor.py:830} INFO - Processing file /home/airflow/.local/lib/python3.12/site-packages/airflow/example_dags/tutorial.py for tasks to queue
[2024-06-18T09:48:07.217+0000] {logging_mixin.py:188} INFO - [2024-06-18T09:48:07.216+0000] {dagbag.py:545} INFO - Filling up the DagBag from /home/airflow/.local/lib/python3.12/site-packages/airflow/example_dags/tutorial.py
[2024-06-18T09:48:07.271+0000] {processor.py:840} INFO - DAG(s) 'tutorial' retrieved from /home/airflow/.local/lib/python3.12/site-packages/airflow/example_dags/tutorial.py
[2024-06-18T09:48:07.431+0000] {logging_mixin.py:188} INFO - [2024-06-18T09:48:07.431+0000] {dag.py:3096} INFO - Sync 1 DAGs
[2024-06-18T09:48:07.646+0000] {logging_mixin.py:188} INFO - [2024-06-18T09:48:07.637+0000] {dag.py:3954} INFO - Setting next_dagrun for tutorial to 2024-06-17 00:00:00+00:00, run_after=2024-06-18 00:00:00+00:00
[2024-06-18T09:48:07.856+0000] {processor.py:183} INFO - Processing /home/airflow/.local/lib/python3.12/site-packages/airflow/example_dags/tutorial.py took 0.689 seconds
[2024-06-18T09:48:39.756+0000] {processor.py:161} INFO - Started process (PID=4674) to work on /home/airflow/.local/lib/python3.12/site-packages/airflow/example_dags/tutorial.py
[2024-06-18T09:48:39.760+0000] {processor.py:830} INFO - Processing file /home/airflow/.local/lib/python3.12/site-packages/airflow/example_dags/tutorial.py for tasks to queue
[2024-06-18T09:48:39.769+0000] {logging_mixin.py:188} INFO - [2024-06-18T09:48:39.767+0000] {dagbag.py:545} INFO - Filling up the DagBag from /home/airflow/.local/lib/python3.12/site-packages/airflow/example_dags/tutorial.py
[2024-06-18T09:48:39.798+0000] {processor.py:840} INFO - DAG(s) 'tutorial' retrieved from /home/airflow/.local/lib/python3.12/site-packages/airflow/example_dags/tutorial.py
[2024-06-18T09:48:39.867+0000] {logging_mixin.py:188} INFO - [2024-06-18T09:48:39.866+0000] {dag.py:3096} INFO - Sync 1 DAGs
[2024-06-18T09:48:39.946+0000] {logging_mixin.py:188} INFO - [2024-06-18T09:48:39.945+0000] {dag.py:3954} INFO - Setting next_dagrun for tutorial to 2024-06-17 00:00:00+00:00, run_after=2024-06-18 00:00:00+00:00
[2024-06-18T09:48:40.124+0000] {processor.py:183} INFO - Processing /home/airflow/.local/lib/python3.12/site-packages/airflow/example_dags/tutorial.py took 0.403 seconds
[2024-06-18T09:49:11.513+0000] {processor.py:161} INFO - Started process (PID=4937) to work on /home/airflow/.local/lib/python3.12/site-packages/airflow/example_dags/tutorial.py
[2024-06-18T09:49:11.516+0000] {processor.py:830} INFO - Processing file /home/airflow/.local/lib/python3.12/site-packages/airflow/example_dags/tutorial.py for tasks to queue
[2024-06-18T09:49:11.520+0000] {logging_mixin.py:188} INFO - [2024-06-18T09:49:11.520+0000] {dagbag.py:545} INFO - Filling up the DagBag from /home/airflow/.local/lib/python3.12/site-packages/airflow/example_dags/tutorial.py
[2024-06-18T09:49:11.541+0000] {processor.py:840} INFO - DAG(s) 'tutorial' retrieved from /home/airflow/.local/lib/python3.12/site-packages/airflow/example_dags/tutorial.py
[2024-06-18T09:49:11.618+0000] {logging_mixin.py:188} INFO - [2024-06-18T09:49:11.616+0000] {dag.py:3096} INFO - Sync 1 DAGs
[2024-06-18T09:49:11.685+0000] {logging_mixin.py:188} INFO - [2024-06-18T09:49:11.684+0000] {dag.py:3954} INFO - Setting next_dagrun for tutorial to 2024-06-17 00:00:00+00:00, run_after=2024-06-18 00:00:00+00:00
[2024-06-18T09:49:11.972+0000] {processor.py:183} INFO - Processing /home/airflow/.local/lib/python3.12/site-packages/airflow/example_dags/tutorial.py took 0.488 seconds
[2024-06-18T09:49:47.430+0000] {processor.py:161} INFO - Started process (PID=5208) to work on /home/airflow/.local/lib/python3.12/site-packages/airflow/example_dags/tutorial.py
[2024-06-18T09:49:47.480+0000] {processor.py:830} INFO - Processing file /home/airflow/.local/lib/python3.12/site-packages/airflow/example_dags/tutorial.py for tasks to queue
[2024-06-18T09:49:47.550+0000] {logging_mixin.py:188} INFO - [2024-06-18T09:49:47.549+0000] {dagbag.py:545} INFO - Filling up the DagBag from /home/airflow/.local/lib/python3.12/site-packages/airflow/example_dags/tutorial.py
[2024-06-18T09:49:47.681+0000] {processor.py:840} INFO - DAG(s) 'tutorial' retrieved from /home/airflow/.local/lib/python3.12/site-packages/airflow/example_dags/tutorial.py
[2024-06-18T09:49:47.900+0000] {logging_mixin.py:188} INFO - [2024-06-18T09:49:47.899+0000] {dag.py:3096} INFO - Sync 1 DAGs
[2024-06-18T09:49:48.195+0000] {logging_mixin.py:188} INFO - [2024-06-18T09:49:48.194+0000] {dag.py:3954} INFO - Setting next_dagrun for tutorial to 2024-06-17 00:00:00+00:00, run_after=2024-06-18 00:00:00+00:00
[2024-06-18T09:49:48.525+0000] {processor.py:183} INFO - Processing /home/airflow/.local/lib/python3.12/site-packages/airflow/example_dags/tutorial.py took 1.146 seconds
[2024-06-18T09:50:18.951+0000] {processor.py:161} INFO - Started process (PID=5480) to work on /home/airflow/.local/lib/python3.12/site-packages/airflow/example_dags/tutorial.py
[2024-06-18T09:50:18.953+0000] {processor.py:830} INFO - Processing file /home/airflow/.local/lib/python3.12/site-packages/airflow/example_dags/tutorial.py for tasks to queue
[2024-06-18T09:50:18.962+0000] {logging_mixin.py:188} INFO - [2024-06-18T09:50:18.961+0000] {dagbag.py:545} INFO - Filling up the DagBag from /home/airflow/.local/lib/python3.12/site-packages/airflow/example_dags/tutorial.py
[2024-06-18T09:50:18.984+0000] {processor.py:840} INFO - DAG(s) 'tutorial' retrieved from /home/airflow/.local/lib/python3.12/site-packages/airflow/example_dags/tutorial.py
[2024-06-18T09:50:19.092+0000] {logging_mixin.py:188} INFO - [2024-06-18T09:50:19.091+0000] {dag.py:3096} INFO - Sync 1 DAGs
[2024-06-18T09:50:19.275+0000] {logging_mixin.py:188} INFO - [2024-06-18T09:50:19.240+0000] {dag.py:3954} INFO - Setting next_dagrun for tutorial to 2024-06-17 00:00:00+00:00, run_after=2024-06-18 00:00:00+00:00
[2024-06-18T09:50:19.433+0000] {processor.py:183} INFO - Processing /home/airflow/.local/lib/python3.12/site-packages/airflow/example_dags/tutorial.py took 0.506 seconds
[2024-06-18T09:50:50.092+0000] {processor.py:161} INFO - Started process (PID=5752) to work on /home/airflow/.local/lib/python3.12/site-packages/airflow/example_dags/tutorial.py
[2024-06-18T09:50:50.096+0000] {processor.py:830} INFO - Processing file /home/airflow/.local/lib/python3.12/site-packages/airflow/example_dags/tutorial.py for tasks to queue
[2024-06-18T09:50:50.102+0000] {logging_mixin.py:188} INFO - [2024-06-18T09:50:50.101+0000] {dagbag.py:545} INFO - Filling up the DagBag from /home/airflow/.local/lib/python3.12/site-packages/airflow/example_dags/tutorial.py
[2024-06-18T09:50:50.131+0000] {processor.py:840} INFO - DAG(s) 'tutorial' retrieved from /home/airflow/.local/lib/python3.12/site-packages/airflow/example_dags/tutorial.py
[2024-06-18T09:50:50.222+0000] {logging_mixin.py:188} INFO - [2024-06-18T09:50:50.222+0000] {dag.py:3096} INFO - Sync 1 DAGs
[2024-06-18T09:50:50.417+0000] {logging_mixin.py:188} INFO - [2024-06-18T09:50:50.415+0000] {dag.py:3954} INFO - Setting next_dagrun for tutorial to 2024-06-17 00:00:00+00:00, run_after=2024-06-18 00:00:00+00:00
[2024-06-18T09:50:50.541+0000] {processor.py:183} INFO - Processing /home/airflow/.local/lib/python3.12/site-packages/airflow/example_dags/tutorial.py took 0.467 seconds
[2024-06-18T09:51:21.268+0000] {processor.py:161} INFO - Started process (PID=6024) to work on /home/airflow/.local/lib/python3.12/site-packages/airflow/example_dags/tutorial.py
[2024-06-18T09:51:21.278+0000] {processor.py:830} INFO - Processing file /home/airflow/.local/lib/python3.12/site-packages/airflow/example_dags/tutorial.py for tasks to queue
[2024-06-18T09:51:21.287+0000] {logging_mixin.py:188} INFO - [2024-06-18T09:51:21.287+0000] {dagbag.py:545} INFO - Filling up the DagBag from /home/airflow/.local/lib/python3.12/site-packages/airflow/example_dags/tutorial.py
[2024-06-18T09:51:21.321+0000] {processor.py:840} INFO - DAG(s) 'tutorial' retrieved from /home/airflow/.local/lib/python3.12/site-packages/airflow/example_dags/tutorial.py
[2024-06-18T09:51:21.483+0000] {logging_mixin.py:188} INFO - [2024-06-18T09:51:21.482+0000] {dag.py:3096} INFO - Sync 1 DAGs
[2024-06-18T09:51:21.612+0000] {logging_mixin.py:188} INFO - [2024-06-18T09:51:21.612+0000] {dag.py:3954} INFO - Setting next_dagrun for tutorial to 2024-06-17 00:00:00+00:00, run_after=2024-06-18 00:00:00+00:00
[2024-06-18T09:51:21.742+0000] {processor.py:183} INFO - Processing /home/airflow/.local/lib/python3.12/site-packages/airflow/example_dags/tutorial.py took 0.503 seconds
[2024-06-18T09:52:03.266+0000] {processor.py:161} INFO - Started process (PID=6306) to work on /home/airflow/.local/lib/python3.12/site-packages/airflow/example_dags/tutorial.py
[2024-06-18T09:52:03.276+0000] {processor.py:830} INFO - Processing file /home/airflow/.local/lib/python3.12/site-packages/airflow/example_dags/tutorial.py for tasks to queue
[2024-06-18T09:52:03.282+0000] {logging_mixin.py:188} INFO - [2024-06-18T09:52:03.281+0000] {dagbag.py:545} INFO - Filling up the DagBag from /home/airflow/.local/lib/python3.12/site-packages/airflow/example_dags/tutorial.py
[2024-06-18T09:52:03.335+0000] {processor.py:840} INFO - DAG(s) 'tutorial' retrieved from /home/airflow/.local/lib/python3.12/site-packages/airflow/example_dags/tutorial.py
[2024-06-18T09:52:03.468+0000] {logging_mixin.py:188} INFO - [2024-06-18T09:52:03.468+0000] {dag.py:3096} INFO - Sync 1 DAGs
[2024-06-18T09:52:03.548+0000] {logging_mixin.py:188} INFO - [2024-06-18T09:52:03.547+0000] {dag.py:3954} INFO - Setting next_dagrun for tutorial to 2024-06-17 00:00:00+00:00, run_after=2024-06-18 00:00:00+00:00
[2024-06-18T09:52:04.002+0000] {processor.py:183} INFO - Processing /home/airflow/.local/lib/python3.12/site-packages/airflow/example_dags/tutorial.py took 0.775 seconds
[2024-06-18T09:52:35.722+0000] {processor.py:161} INFO - Started process (PID=6579) to work on /home/airflow/.local/lib/python3.12/site-packages/airflow/example_dags/tutorial.py
[2024-06-18T09:52:35.734+0000] {processor.py:830} INFO - Processing file /home/airflow/.local/lib/python3.12/site-packages/airflow/example_dags/tutorial.py for tasks to queue
[2024-06-18T09:52:35.741+0000] {logging_mixin.py:188} INFO - [2024-06-18T09:52:35.740+0000] {dagbag.py:545} INFO - Filling up the DagBag from /home/airflow/.local/lib/python3.12/site-packages/airflow/example_dags/tutorial.py
[2024-06-18T09:52:35.755+0000] {processor.py:840} INFO - DAG(s) 'tutorial' retrieved from /home/airflow/.local/lib/python3.12/site-packages/airflow/example_dags/tutorial.py
[2024-06-18T09:52:35.835+0000] {logging_mixin.py:188} INFO - [2024-06-18T09:52:35.835+0000] {dag.py:3096} INFO - Sync 1 DAGs
[2024-06-18T09:52:35.919+0000] {logging_mixin.py:188} INFO - [2024-06-18T09:52:35.918+0000] {dag.py:3954} INFO - Setting next_dagrun for tutorial to 2024-06-17 00:00:00+00:00, run_after=2024-06-18 00:00:00+00:00
[2024-06-18T09:52:36.448+0000] {processor.py:183} INFO - Processing /home/airflow/.local/lib/python3.12/site-packages/airflow/example_dags/tutorial.py took 0.738 seconds
[2024-06-18T09:53:12.893+0000] {processor.py:161} INFO - Started process (PID=6842) to work on /home/airflow/.local/lib/python3.12/site-packages/airflow/example_dags/tutorial.py
[2024-06-18T09:53:12.917+0000] {processor.py:830} INFO - Processing file /home/airflow/.local/lib/python3.12/site-packages/airflow/example_dags/tutorial.py for tasks to queue
[2024-06-18T09:53:12.923+0000] {logging_mixin.py:188} INFO - [2024-06-18T09:53:12.922+0000] {dagbag.py:545} INFO - Filling up the DagBag from /home/airflow/.local/lib/python3.12/site-packages/airflow/example_dags/tutorial.py
[2024-06-18T09:53:12.959+0000] {processor.py:840} INFO - DAG(s) 'tutorial' retrieved from /home/airflow/.local/lib/python3.12/site-packages/airflow/example_dags/tutorial.py
[2024-06-18T09:53:13.274+0000] {logging_mixin.py:188} INFO - [2024-06-18T09:53:13.262+0000] {dag.py:3096} INFO - Sync 1 DAGs
[2024-06-18T09:53:13.593+0000] {logging_mixin.py:188} INFO - [2024-06-18T09:53:13.592+0000] {dag.py:3954} INFO - Setting next_dagrun for tutorial to 2024-06-17 00:00:00+00:00, run_after=2024-06-18 00:00:00+00:00
[2024-06-18T09:53:15.206+0000] {processor.py:183} INFO - Processing /home/airflow/.local/lib/python3.12/site-packages/airflow/example_dags/tutorial.py took 2.370 seconds
[2024-06-18T09:53:41.747+0000] {processor.py:161} INFO - Started process (PID=293) to work on /home/airflow/.local/lib/python3.12/site-packages/airflow/example_dags/tutorial.py
[2024-06-18T09:53:41.783+0000] {processor.py:830} INFO - Processing file /home/airflow/.local/lib/python3.12/site-packages/airflow/example_dags/tutorial.py for tasks to queue
[2024-06-18T09:53:41.825+0000] {logging_mixin.py:188} INFO - [2024-06-18T09:53:41.805+0000] {dagbag.py:545} INFO - Filling up the DagBag from /home/airflow/.local/lib/python3.12/site-packages/airflow/example_dags/tutorial.py
[2024-06-18T09:53:41.898+0000] {processor.py:840} INFO - DAG(s) 'tutorial' retrieved from /home/airflow/.local/lib/python3.12/site-packages/airflow/example_dags/tutorial.py
[2024-06-18T09:53:44.510+0000] {logging_mixin.py:188} INFO - [2024-06-18T09:53:44.509+0000] {override.py:1829} INFO - Created Permission View: can delete on DAG:tutorial
[2024-06-18T09:53:45.118+0000] {logging_mixin.py:188} INFO - [2024-06-18T09:53:45.117+0000] {override.py:1829} INFO - Created Permission View: can edit on DAG:tutorial
[2024-06-18T09:53:45.800+0000] {logging_mixin.py:188} INFO - [2024-06-18T09:53:45.799+0000] {override.py:1829} INFO - Created Permission View: can read on DAG:tutorial
[2024-06-18T09:53:45.993+0000] {logging_mixin.py:188} INFO - [2024-06-18T09:53:45.992+0000] {dag.py:3096} INFO - Sync 1 DAGs
[2024-06-18T09:53:46.192+0000] {logging_mixin.py:188} INFO - [2024-06-18T09:53:46.191+0000] {dag.py:3118} INFO - Creating ORM DAG for tutorial
[2024-06-18T09:53:46.295+0000] {logging_mixin.py:188} INFO - [2024-06-18T09:53:46.294+0000] {dag.py:3954} INFO - Setting next_dagrun for tutorial to 2024-06-17 00:00:00+00:00, run_after=2024-06-18 00:00:00+00:00
[2024-06-18T09:53:47.369+0000] {processor.py:183} INFO - Processing /home/airflow/.local/lib/python3.12/site-packages/airflow/example_dags/tutorial.py took 5.691 seconds
[2024-06-18T09:54:31.751+0000] {processor.py:161} INFO - Started process (PID=7065) to work on /home/airflow/.local/lib/python3.12/site-packages/airflow/example_dags/tutorial.py
[2024-06-18T09:54:31.754+0000] {processor.py:830} INFO - Processing file /home/airflow/.local/lib/python3.12/site-packages/airflow/example_dags/tutorial.py for tasks to queue
[2024-06-18T09:54:31.767+0000] {logging_mixin.py:188} INFO - [2024-06-18T09:54:31.766+0000] {dagbag.py:545} INFO - Filling up the DagBag from /home/airflow/.local/lib/python3.12/site-packages/airflow/example_dags/tutorial.py
[2024-06-18T09:54:31.791+0000] {processor.py:840} INFO - DAG(s) 'tutorial' retrieved from /home/airflow/.local/lib/python3.12/site-packages/airflow/example_dags/tutorial.py
[2024-06-18T09:54:31.855+0000] {logging_mixin.py:188} INFO - [2024-06-18T09:54:31.855+0000] {dag.py:3096} INFO - Sync 1 DAGs
[2024-06-18T09:54:31.926+0000] {logging_mixin.py:188} INFO - [2024-06-18T09:54:31.926+0000] {dag.py:3954} INFO - Setting next_dagrun for tutorial to 2024-06-17 00:00:00+00:00, run_after=2024-06-18 00:00:00+00:00
[2024-06-18T09:54:32.554+0000] {processor.py:183} INFO - Processing /home/airflow/.local/lib/python3.12/site-packages/airflow/example_dags/tutorial.py took 0.860 seconds
