[2024-06-18T09:37:57.000+0000] {processor.py:161} INFO - Started process (PID=200) to work on /home/airflow/.local/lib/python3.12/site-packages/airflow/example_dags/tutorial_taskflow_api.py
[2024-06-18T09:37:57.003+0000] {processor.py:830} INFO - Processing file /home/airflow/.local/lib/python3.12/site-packages/airflow/example_dags/tutorial_taskflow_api.py for tasks to queue
[2024-06-18T09:37:57.007+0000] {logging_mixin.py:188} INFO - [2024-06-18T09:37:57.006+0000] {dagbag.py:545} INFO - Filling up the DagBag from /home/airflow/.local/lib/python3.12/site-packages/airflow/example_dags/tutorial_taskflow_api.py
[2024-06-18T09:37:57.032+0000] {processor.py:840} INFO - DAG(s) 'tutorial_taskflow_api' retrieved from /home/airflow/.local/lib/python3.12/site-packages/airflow/example_dags/tutorial_taskflow_api.py
[2024-06-18T09:37:57.201+0000] {logging_mixin.py:188} INFO - [2024-06-18T09:37:57.201+0000] {dag.py:3096} INFO - Sync 1 DAGs
[2024-06-18T09:37:57.652+0000] {logging_mixin.py:188} INFO - [2024-06-18T09:37:57.646+0000] {dag.py:3954} INFO - Setting next_dagrun for tutorial_taskflow_api to None, run_after=None
[2024-06-18T09:37:57.997+0000] {processor.py:183} INFO - Processing /home/airflow/.local/lib/python3.12/site-packages/airflow/example_dags/tutorial_taskflow_api.py took 1.018 seconds
[2024-06-18T09:39:28.342+0000] {processor.py:161} INFO - Started process (PID=489) to work on /home/airflow/.local/lib/python3.12/site-packages/airflow/example_dags/tutorial_taskflow_api.py
[2024-06-18T09:39:28.345+0000] {processor.py:830} INFO - Processing file /home/airflow/.local/lib/python3.12/site-packages/airflow/example_dags/tutorial_taskflow_api.py for tasks to queue
[2024-06-18T09:39:28.363+0000] {logging_mixin.py:188} INFO - [2024-06-18T09:39:28.362+0000] {dagbag.py:545} INFO - Filling up the DagBag from /home/airflow/.local/lib/python3.12/site-packages/airflow/example_dags/tutorial_taskflow_api.py
[2024-06-18T09:39:28.432+0000] {processor.py:840} INFO - DAG(s) 'tutorial_taskflow_api' retrieved from /home/airflow/.local/lib/python3.12/site-packages/airflow/example_dags/tutorial_taskflow_api.py
[2024-06-18T09:39:30.325+0000] {logging_mixin.py:188} INFO - [2024-06-18T09:39:30.325+0000] {dag.py:3096} INFO - Sync 1 DAGs
[2024-06-18T09:39:30.493+0000] {logging_mixin.py:188} INFO - [2024-06-18T09:39:30.492+0000] {dag.py:3954} INFO - Setting next_dagrun for tutorial_taskflow_api to None, run_after=None
[2024-06-18T09:39:34.842+0000] {processor.py:183} INFO - Processing /home/airflow/.local/lib/python3.12/site-packages/airflow/example_dags/tutorial_taskflow_api.py took 6.612 seconds
[2024-06-18T09:40:07.000+0000] {processor.py:161} INFO - Started process (PID=726) to work on /home/airflow/.local/lib/python3.12/site-packages/airflow/example_dags/tutorial_taskflow_api.py
[2024-06-18T09:40:07.003+0000] {processor.py:830} INFO - Processing file /home/airflow/.local/lib/python3.12/site-packages/airflow/example_dags/tutorial_taskflow_api.py for tasks to queue
[2024-06-18T09:40:07.017+0000] {logging_mixin.py:188} INFO - [2024-06-18T09:40:07.016+0000] {dagbag.py:545} INFO - Filling up the DagBag from /home/airflow/.local/lib/python3.12/site-packages/airflow/example_dags/tutorial_taskflow_api.py
[2024-06-18T09:40:07.043+0000] {processor.py:840} INFO - DAG(s) 'tutorial_taskflow_api' retrieved from /home/airflow/.local/lib/python3.12/site-packages/airflow/example_dags/tutorial_taskflow_api.py
[2024-06-18T09:40:07.134+0000] {logging_mixin.py:188} INFO - [2024-06-18T09:40:07.134+0000] {dag.py:3096} INFO - Sync 1 DAGs
[2024-06-18T09:40:07.251+0000] {logging_mixin.py:188} INFO - [2024-06-18T09:40:07.250+0000] {dag.py:3954} INFO - Setting next_dagrun for tutorial_taskflow_api to None, run_after=None
[2024-06-18T09:40:07.536+0000] {processor.py:183} INFO - Processing /home/airflow/.local/lib/python3.12/site-packages/airflow/example_dags/tutorial_taskflow_api.py took 0.564 seconds
[2024-06-18T09:40:38.651+0000] {processor.py:161} INFO - Started process (PID=1000) to work on /home/airflow/.local/lib/python3.12/site-packages/airflow/example_dags/tutorial_taskflow_api.py
[2024-06-18T09:40:38.654+0000] {processor.py:830} INFO - Processing file /home/airflow/.local/lib/python3.12/site-packages/airflow/example_dags/tutorial_taskflow_api.py for tasks to queue
[2024-06-18T09:40:38.671+0000] {logging_mixin.py:188} INFO - [2024-06-18T09:40:38.670+0000] {dagbag.py:545} INFO - Filling up the DagBag from /home/airflow/.local/lib/python3.12/site-packages/airflow/example_dags/tutorial_taskflow_api.py
[2024-06-18T09:40:38.692+0000] {processor.py:840} INFO - DAG(s) 'tutorial_taskflow_api' retrieved from /home/airflow/.local/lib/python3.12/site-packages/airflow/example_dags/tutorial_taskflow_api.py
[2024-06-18T09:40:38.768+0000] {logging_mixin.py:188} INFO - [2024-06-18T09:40:38.767+0000] {dag.py:3096} INFO - Sync 1 DAGs
[2024-06-18T09:40:38.839+0000] {logging_mixin.py:188} INFO - [2024-06-18T09:40:38.838+0000] {dag.py:3954} INFO - Setting next_dagrun for tutorial_taskflow_api to None, run_after=None
[2024-06-18T09:40:38.912+0000] {processor.py:183} INFO - Processing /home/airflow/.local/lib/python3.12/site-packages/airflow/example_dags/tutorial_taskflow_api.py took 0.328 seconds
[2024-06-18T09:41:11.372+0000] {processor.py:161} INFO - Started process (PID=1195) to work on /home/airflow/.local/lib/python3.12/site-packages/airflow/example_dags/tutorial_taskflow_api.py
[2024-06-18T09:41:11.387+0000] {processor.py:830} INFO - Processing file /home/airflow/.local/lib/python3.12/site-packages/airflow/example_dags/tutorial_taskflow_api.py for tasks to queue
[2024-06-18T09:41:11.401+0000] {logging_mixin.py:188} INFO - [2024-06-18T09:41:11.400+0000] {dagbag.py:545} INFO - Filling up the DagBag from /home/airflow/.local/lib/python3.12/site-packages/airflow/example_dags/tutorial_taskflow_api.py
[2024-06-18T09:41:11.453+0000] {processor.py:840} INFO - DAG(s) 'tutorial_taskflow_api' retrieved from /home/airflow/.local/lib/python3.12/site-packages/airflow/example_dags/tutorial_taskflow_api.py
[2024-06-18T09:41:11.644+0000] {logging_mixin.py:188} INFO - [2024-06-18T09:41:11.642+0000] {dag.py:3096} INFO - Sync 1 DAGs
[2024-06-18T09:41:11.757+0000] {logging_mixin.py:188} INFO - [2024-06-18T09:41:11.756+0000] {dag.py:3954} INFO - Setting next_dagrun for tutorial_taskflow_api to None, run_after=None
[2024-06-18T09:41:11.979+0000] {processor.py:183} INFO - Processing /home/airflow/.local/lib/python3.12/site-packages/airflow/example_dags/tutorial_taskflow_api.py took 0.653 seconds
[2024-06-18T09:41:47.240+0000] {processor.py:161} INFO - Started process (PID=1468) to work on /home/airflow/.local/lib/python3.12/site-packages/airflow/example_dags/tutorial_taskflow_api.py
[2024-06-18T09:41:47.243+0000] {processor.py:830} INFO - Processing file /home/airflow/.local/lib/python3.12/site-packages/airflow/example_dags/tutorial_taskflow_api.py for tasks to queue
[2024-06-18T09:41:47.273+0000] {logging_mixin.py:188} INFO - [2024-06-18T09:41:47.272+0000] {dagbag.py:545} INFO - Filling up the DagBag from /home/airflow/.local/lib/python3.12/site-packages/airflow/example_dags/tutorial_taskflow_api.py
[2024-06-18T09:41:47.324+0000] {processor.py:840} INFO - DAG(s) 'tutorial_taskflow_api' retrieved from /home/airflow/.local/lib/python3.12/site-packages/airflow/example_dags/tutorial_taskflow_api.py
[2024-06-18T09:41:47.614+0000] {logging_mixin.py:188} INFO - [2024-06-18T09:41:47.613+0000] {dag.py:3096} INFO - Sync 1 DAGs
[2024-06-18T09:41:47.845+0000] {logging_mixin.py:188} INFO - [2024-06-18T09:41:47.844+0000] {dag.py:3954} INFO - Setting next_dagrun for tutorial_taskflow_api to None, run_after=None
[2024-06-18T09:41:48.104+0000] {processor.py:183} INFO - Processing /home/airflow/.local/lib/python3.12/site-packages/airflow/example_dags/tutorial_taskflow_api.py took 0.930 seconds
[2024-06-18T09:42:38.357+0000] {processor.py:161} INFO - Started process (PID=1741) to work on /home/airflow/.local/lib/python3.12/site-packages/airflow/example_dags/tutorial_taskflow_api.py
[2024-06-18T09:42:38.396+0000] {processor.py:830} INFO - Processing file /home/airflow/.local/lib/python3.12/site-packages/airflow/example_dags/tutorial_taskflow_api.py for tasks to queue
[2024-06-18T09:42:38.401+0000] {logging_mixin.py:188} INFO - [2024-06-18T09:42:38.400+0000] {dagbag.py:545} INFO - Filling up the DagBag from /home/airflow/.local/lib/python3.12/site-packages/airflow/example_dags/tutorial_taskflow_api.py
[2024-06-18T09:42:38.453+0000] {processor.py:840} INFO - DAG(s) 'tutorial_taskflow_api' retrieved from /home/airflow/.local/lib/python3.12/site-packages/airflow/example_dags/tutorial_taskflow_api.py
[2024-06-18T09:42:38.581+0000] {logging_mixin.py:188} INFO - [2024-06-18T09:42:38.581+0000] {dag.py:3096} INFO - Sync 1 DAGs
[2024-06-18T09:42:38.694+0000] {logging_mixin.py:188} INFO - [2024-06-18T09:42:38.693+0000] {dag.py:3954} INFO - Setting next_dagrun for tutorial_taskflow_api to None, run_after=None
[2024-06-18T09:42:39.006+0000] {processor.py:183} INFO - Processing /home/airflow/.local/lib/python3.12/site-packages/airflow/example_dags/tutorial_taskflow_api.py took 0.695 seconds
[2024-06-18T09:43:09.956+0000] {processor.py:161} INFO - Started process (PID=2015) to work on /home/airflow/.local/lib/python3.12/site-packages/airflow/example_dags/tutorial_taskflow_api.py
[2024-06-18T09:43:10.049+0000] {processor.py:830} INFO - Processing file /home/airflow/.local/lib/python3.12/site-packages/airflow/example_dags/tutorial_taskflow_api.py for tasks to queue
[2024-06-18T09:43:10.053+0000] {logging_mixin.py:188} INFO - [2024-06-18T09:43:10.052+0000] {dagbag.py:545} INFO - Filling up the DagBag from /home/airflow/.local/lib/python3.12/site-packages/airflow/example_dags/tutorial_taskflow_api.py
[2024-06-18T09:43:10.070+0000] {processor.py:840} INFO - DAG(s) 'tutorial_taskflow_api' retrieved from /home/airflow/.local/lib/python3.12/site-packages/airflow/example_dags/tutorial_taskflow_api.py
[2024-06-18T09:43:10.118+0000] {logging_mixin.py:188} INFO - [2024-06-18T09:43:10.117+0000] {dag.py:3096} INFO - Sync 1 DAGs
[2024-06-18T09:43:10.157+0000] {logging_mixin.py:188} INFO - [2024-06-18T09:43:10.156+0000] {dag.py:3954} INFO - Setting next_dagrun for tutorial_taskflow_api to None, run_after=None
[2024-06-18T09:43:10.667+0000] {processor.py:183} INFO - Processing /home/airflow/.local/lib/python3.12/site-packages/airflow/example_dags/tutorial_taskflow_api.py took 0.730 seconds
[2024-06-18T09:43:40.759+0000] {processor.py:161} INFO - Started process (PID=2287) to work on /home/airflow/.local/lib/python3.12/site-packages/airflow/example_dags/tutorial_taskflow_api.py
[2024-06-18T09:43:40.761+0000] {processor.py:830} INFO - Processing file /home/airflow/.local/lib/python3.12/site-packages/airflow/example_dags/tutorial_taskflow_api.py for tasks to queue
[2024-06-18T09:43:40.766+0000] {logging_mixin.py:188} INFO - [2024-06-18T09:43:40.764+0000] {dagbag.py:545} INFO - Filling up the DagBag from /home/airflow/.local/lib/python3.12/site-packages/airflow/example_dags/tutorial_taskflow_api.py
[2024-06-18T09:43:40.779+0000] {processor.py:840} INFO - DAG(s) 'tutorial_taskflow_api' retrieved from /home/airflow/.local/lib/python3.12/site-packages/airflow/example_dags/tutorial_taskflow_api.py
[2024-06-18T09:43:40.821+0000] {logging_mixin.py:188} INFO - [2024-06-18T09:43:40.821+0000] {dag.py:3096} INFO - Sync 1 DAGs
[2024-06-18T09:43:40.848+0000] {logging_mixin.py:188} INFO - [2024-06-18T09:43:40.847+0000] {dag.py:3954} INFO - Setting next_dagrun for tutorial_taskflow_api to None, run_after=None
[2024-06-18T09:43:40.922+0000] {processor.py:183} INFO - Processing /home/airflow/.local/lib/python3.12/site-packages/airflow/example_dags/tutorial_taskflow_api.py took 0.177 seconds
[2024-06-18T09:44:18.085+0000] {processor.py:161} INFO - Started process (PID=2547) to work on /home/airflow/.local/lib/python3.12/site-packages/airflow/example_dags/tutorial_taskflow_api.py
[2024-06-18T09:44:18.101+0000] {processor.py:830} INFO - Processing file /home/airflow/.local/lib/python3.12/site-packages/airflow/example_dags/tutorial_taskflow_api.py for tasks to queue
[2024-06-18T09:44:18.118+0000] {logging_mixin.py:188} INFO - [2024-06-18T09:44:18.117+0000] {dagbag.py:545} INFO - Filling up the DagBag from /home/airflow/.local/lib/python3.12/site-packages/airflow/example_dags/tutorial_taskflow_api.py
[2024-06-18T09:44:18.179+0000] {processor.py:840} INFO - DAG(s) 'tutorial_taskflow_api' retrieved from /home/airflow/.local/lib/python3.12/site-packages/airflow/example_dags/tutorial_taskflow_api.py
[2024-06-18T09:44:18.518+0000] {logging_mixin.py:188} INFO - [2024-06-18T09:44:18.505+0000] {dag.py:3096} INFO - Sync 1 DAGs
[2024-06-18T09:44:18.718+0000] {logging_mixin.py:188} INFO - [2024-06-18T09:44:18.697+0000] {dag.py:3954} INFO - Setting next_dagrun for tutorial_taskflow_api to None, run_after=None
[2024-06-18T09:44:18.981+0000] {processor.py:183} INFO - Processing /home/airflow/.local/lib/python3.12/site-packages/airflow/example_dags/tutorial_taskflow_api.py took 0.951 seconds
[2024-06-18T09:44:51.733+0000] {processor.py:161} INFO - Started process (PID=2820) to work on /home/airflow/.local/lib/python3.12/site-packages/airflow/example_dags/tutorial_taskflow_api.py
[2024-06-18T09:44:51.782+0000] {processor.py:830} INFO - Processing file /home/airflow/.local/lib/python3.12/site-packages/airflow/example_dags/tutorial_taskflow_api.py for tasks to queue
[2024-06-18T09:44:51.850+0000] {logging_mixin.py:188} INFO - [2024-06-18T09:44:51.849+0000] {dagbag.py:545} INFO - Filling up the DagBag from /home/airflow/.local/lib/python3.12/site-packages/airflow/example_dags/tutorial_taskflow_api.py
[2024-06-18T09:44:51.891+0000] {processor.py:840} INFO - DAG(s) 'tutorial_taskflow_api' retrieved from /home/airflow/.local/lib/python3.12/site-packages/airflow/example_dags/tutorial_taskflow_api.py
[2024-06-18T09:44:52.135+0000] {logging_mixin.py:188} INFO - [2024-06-18T09:44:52.134+0000] {dag.py:3096} INFO - Sync 1 DAGs
[2024-06-18T09:44:52.309+0000] {logging_mixin.py:188} INFO - [2024-06-18T09:44:52.307+0000] {dag.py:3954} INFO - Setting next_dagrun for tutorial_taskflow_api to None, run_after=None
[2024-06-18T09:44:52.490+0000] {processor.py:183} INFO - Processing /home/airflow/.local/lib/python3.12/site-packages/airflow/example_dags/tutorial_taskflow_api.py took 0.796 seconds
[2024-06-18T09:45:22.890+0000] {processor.py:161} INFO - Started process (PID=3091) to work on /home/airflow/.local/lib/python3.12/site-packages/airflow/example_dags/tutorial_taskflow_api.py
[2024-06-18T09:45:22.903+0000] {processor.py:830} INFO - Processing file /home/airflow/.local/lib/python3.12/site-packages/airflow/example_dags/tutorial_taskflow_api.py for tasks to queue
[2024-06-18T09:45:22.919+0000] {logging_mixin.py:188} INFO - [2024-06-18T09:45:22.918+0000] {dagbag.py:545} INFO - Filling up the DagBag from /home/airflow/.local/lib/python3.12/site-packages/airflow/example_dags/tutorial_taskflow_api.py
[2024-06-18T09:45:22.973+0000] {processor.py:840} INFO - DAG(s) 'tutorial_taskflow_api' retrieved from /home/airflow/.local/lib/python3.12/site-packages/airflow/example_dags/tutorial_taskflow_api.py
[2024-06-18T09:45:23.156+0000] {logging_mixin.py:188} INFO - [2024-06-18T09:45:23.155+0000] {dag.py:3096} INFO - Sync 1 DAGs
[2024-06-18T09:45:23.283+0000] {logging_mixin.py:188} INFO - [2024-06-18T09:45:23.282+0000] {dag.py:3954} INFO - Setting next_dagrun for tutorial_taskflow_api to None, run_after=None
[2024-06-18T09:45:23.463+0000] {processor.py:183} INFO - Processing /home/airflow/.local/lib/python3.12/site-packages/airflow/example_dags/tutorial_taskflow_api.py took 0.625 seconds
[2024-06-18T09:45:54.273+0000] {processor.py:161} INFO - Started process (PID=3326) to work on /home/airflow/.local/lib/python3.12/site-packages/airflow/example_dags/tutorial_taskflow_api.py
[2024-06-18T09:45:54.275+0000] {processor.py:830} INFO - Processing file /home/airflow/.local/lib/python3.12/site-packages/airflow/example_dags/tutorial_taskflow_api.py for tasks to queue
[2024-06-18T09:45:54.283+0000] {logging_mixin.py:188} INFO - [2024-06-18T09:45:54.282+0000] {dagbag.py:545} INFO - Filling up the DagBag from /home/airflow/.local/lib/python3.12/site-packages/airflow/example_dags/tutorial_taskflow_api.py
[2024-06-18T09:45:54.309+0000] {processor.py:840} INFO - DAG(s) 'tutorial_taskflow_api' retrieved from /home/airflow/.local/lib/python3.12/site-packages/airflow/example_dags/tutorial_taskflow_api.py
[2024-06-18T09:45:54.425+0000] {logging_mixin.py:188} INFO - [2024-06-18T09:45:54.424+0000] {dag.py:3096} INFO - Sync 1 DAGs
[2024-06-18T09:45:54.490+0000] {logging_mixin.py:188} INFO - [2024-06-18T09:45:54.489+0000] {dag.py:3954} INFO - Setting next_dagrun for tutorial_taskflow_api to None, run_after=None
[2024-06-18T09:45:54.667+0000] {processor.py:183} INFO - Processing /home/airflow/.local/lib/python3.12/site-packages/airflow/example_dags/tutorial_taskflow_api.py took 0.417 seconds
[2024-06-18T09:46:27.052+0000] {processor.py:161} INFO - Started process (PID=3568) to work on /home/airflow/.local/lib/python3.12/site-packages/airflow/example_dags/tutorial_taskflow_api.py
[2024-06-18T09:46:27.055+0000] {processor.py:830} INFO - Processing file /home/airflow/.local/lib/python3.12/site-packages/airflow/example_dags/tutorial_taskflow_api.py for tasks to queue
[2024-06-18T09:46:27.065+0000] {logging_mixin.py:188} INFO - [2024-06-18T09:46:27.064+0000] {dagbag.py:545} INFO - Filling up the DagBag from /home/airflow/.local/lib/python3.12/site-packages/airflow/example_dags/tutorial_taskflow_api.py
[2024-06-18T09:46:27.110+0000] {processor.py:840} INFO - DAG(s) 'tutorial_taskflow_api' retrieved from /home/airflow/.local/lib/python3.12/site-packages/airflow/example_dags/tutorial_taskflow_api.py
[2024-06-18T09:46:27.267+0000] {logging_mixin.py:188} INFO - [2024-06-18T09:46:27.264+0000] {dag.py:3096} INFO - Sync 1 DAGs
[2024-06-18T09:46:27.362+0000] {logging_mixin.py:188} INFO - [2024-06-18T09:46:27.361+0000] {dag.py:3954} INFO - Setting next_dagrun for tutorial_taskflow_api to None, run_after=None
[2024-06-18T09:46:27.601+0000] {processor.py:183} INFO - Processing /home/airflow/.local/lib/python3.12/site-packages/airflow/example_dags/tutorial_taskflow_api.py took 0.587 seconds
[2024-06-18T09:46:59.914+0000] {processor.py:161} INFO - Started process (PID=3829) to work on /home/airflow/.local/lib/python3.12/site-packages/airflow/example_dags/tutorial_taskflow_api.py
[2024-06-18T09:46:59.919+0000] {processor.py:830} INFO - Processing file /home/airflow/.local/lib/python3.12/site-packages/airflow/example_dags/tutorial_taskflow_api.py for tasks to queue
[2024-06-18T09:46:59.938+0000] {logging_mixin.py:188} INFO - [2024-06-18T09:46:59.933+0000] {dagbag.py:545} INFO - Filling up the DagBag from /home/airflow/.local/lib/python3.12/site-packages/airflow/example_dags/tutorial_taskflow_api.py
[2024-06-18T09:46:59.970+0000] {processor.py:840} INFO - DAG(s) 'tutorial_taskflow_api' retrieved from /home/airflow/.local/lib/python3.12/site-packages/airflow/example_dags/tutorial_taskflow_api.py
[2024-06-18T09:47:00.120+0000] {logging_mixin.py:188} INFO - [2024-06-18T09:47:00.119+0000] {dag.py:3096} INFO - Sync 1 DAGs
[2024-06-18T09:47:00.194+0000] {logging_mixin.py:188} INFO - [2024-06-18T09:47:00.193+0000] {dag.py:3954} INFO - Setting next_dagrun for tutorial_taskflow_api to None, run_after=None
[2024-06-18T09:47:00.311+0000] {processor.py:183} INFO - Processing /home/airflow/.local/lib/python3.12/site-packages/airflow/example_dags/tutorial_taskflow_api.py took 0.454 seconds
[2024-06-18T09:47:31.163+0000] {processor.py:161} INFO - Started process (PID=4100) to work on /home/airflow/.local/lib/python3.12/site-packages/airflow/example_dags/tutorial_taskflow_api.py
[2024-06-18T09:47:31.168+0000] {processor.py:830} INFO - Processing file /home/airflow/.local/lib/python3.12/site-packages/airflow/example_dags/tutorial_taskflow_api.py for tasks to queue
[2024-06-18T09:47:31.175+0000] {logging_mixin.py:188} INFO - [2024-06-18T09:47:31.174+0000] {dagbag.py:545} INFO - Filling up the DagBag from /home/airflow/.local/lib/python3.12/site-packages/airflow/example_dags/tutorial_taskflow_api.py
[2024-06-18T09:47:31.196+0000] {processor.py:840} INFO - DAG(s) 'tutorial_taskflow_api' retrieved from /home/airflow/.local/lib/python3.12/site-packages/airflow/example_dags/tutorial_taskflow_api.py
[2024-06-18T09:47:31.301+0000] {logging_mixin.py:188} INFO - [2024-06-18T09:47:31.301+0000] {dag.py:3096} INFO - Sync 1 DAGs
[2024-06-18T09:47:31.353+0000] {logging_mixin.py:188} INFO - [2024-06-18T09:47:31.353+0000] {dag.py:3954} INFO - Setting next_dagrun for tutorial_taskflow_api to None, run_after=None
[2024-06-18T09:47:31.462+0000] {processor.py:183} INFO - Processing /home/airflow/.local/lib/python3.12/site-packages/airflow/example_dags/tutorial_taskflow_api.py took 0.320 seconds
[2024-06-18T09:48:02.310+0000] {processor.py:161} INFO - Started process (PID=4372) to work on /home/airflow/.local/lib/python3.12/site-packages/airflow/example_dags/tutorial_taskflow_api.py
[2024-06-18T09:48:02.318+0000] {processor.py:830} INFO - Processing file /home/airflow/.local/lib/python3.12/site-packages/airflow/example_dags/tutorial_taskflow_api.py for tasks to queue
[2024-06-18T09:48:02.343+0000] {logging_mixin.py:188} INFO - [2024-06-18T09:48:02.342+0000] {dagbag.py:545} INFO - Filling up the DagBag from /home/airflow/.local/lib/python3.12/site-packages/airflow/example_dags/tutorial_taskflow_api.py
[2024-06-18T09:48:02.390+0000] {processor.py:840} INFO - DAG(s) 'tutorial_taskflow_api' retrieved from /home/airflow/.local/lib/python3.12/site-packages/airflow/example_dags/tutorial_taskflow_api.py
[2024-06-18T09:48:02.582+0000] {logging_mixin.py:188} INFO - [2024-06-18T09:48:02.581+0000] {dag.py:3096} INFO - Sync 1 DAGs
[2024-06-18T09:48:02.679+0000] {logging_mixin.py:188} INFO - [2024-06-18T09:48:02.679+0000] {dag.py:3954} INFO - Setting next_dagrun for tutorial_taskflow_api to None, run_after=None
[2024-06-18T09:48:03.047+0000] {processor.py:183} INFO - Processing /home/airflow/.local/lib/python3.12/site-packages/airflow/example_dags/tutorial_taskflow_api.py took 0.813 seconds
[2024-06-18T09:48:35.567+0000] {processor.py:161} INFO - Started process (PID=4629) to work on /home/airflow/.local/lib/python3.12/site-packages/airflow/example_dags/tutorial_taskflow_api.py
[2024-06-18T09:48:35.571+0000] {processor.py:830} INFO - Processing file /home/airflow/.local/lib/python3.12/site-packages/airflow/example_dags/tutorial_taskflow_api.py for tasks to queue
[2024-06-18T09:48:35.595+0000] {logging_mixin.py:188} INFO - [2024-06-18T09:48:35.594+0000] {dagbag.py:545} INFO - Filling up the DagBag from /home/airflow/.local/lib/python3.12/site-packages/airflow/example_dags/tutorial_taskflow_api.py
[2024-06-18T09:48:35.666+0000] {processor.py:840} INFO - DAG(s) 'tutorial_taskflow_api' retrieved from /home/airflow/.local/lib/python3.12/site-packages/airflow/example_dags/tutorial_taskflow_api.py
[2024-06-18T09:48:35.863+0000] {logging_mixin.py:188} INFO - [2024-06-18T09:48:35.862+0000] {dag.py:3096} INFO - Sync 1 DAGs
[2024-06-18T09:48:36.135+0000] {logging_mixin.py:188} INFO - [2024-06-18T09:48:36.134+0000] {dag.py:3954} INFO - Setting next_dagrun for tutorial_taskflow_api to None, run_after=None
[2024-06-18T09:48:36.973+0000] {processor.py:183} INFO - Processing /home/airflow/.local/lib/python3.12/site-packages/airflow/example_dags/tutorial_taskflow_api.py took 1.435 seconds
[2024-06-18T09:49:08.138+0000] {processor.py:161} INFO - Started process (PID=4896) to work on /home/airflow/.local/lib/python3.12/site-packages/airflow/example_dags/tutorial_taskflow_api.py
[2024-06-18T09:49:08.140+0000] {processor.py:830} INFO - Processing file /home/airflow/.local/lib/python3.12/site-packages/airflow/example_dags/tutorial_taskflow_api.py for tasks to queue
[2024-06-18T09:49:08.148+0000] {logging_mixin.py:188} INFO - [2024-06-18T09:49:08.146+0000] {dagbag.py:545} INFO - Filling up the DagBag from /home/airflow/.local/lib/python3.12/site-packages/airflow/example_dags/tutorial_taskflow_api.py
[2024-06-18T09:49:08.174+0000] {processor.py:840} INFO - DAG(s) 'tutorial_taskflow_api' retrieved from /home/airflow/.local/lib/python3.12/site-packages/airflow/example_dags/tutorial_taskflow_api.py
[2024-06-18T09:49:08.359+0000] {logging_mixin.py:188} INFO - [2024-06-18T09:49:08.358+0000] {dag.py:3096} INFO - Sync 1 DAGs
[2024-06-18T09:49:08.528+0000] {logging_mixin.py:188} INFO - [2024-06-18T09:49:08.526+0000] {dag.py:3954} INFO - Setting next_dagrun for tutorial_taskflow_api to None, run_after=None
[2024-06-18T09:49:08.669+0000] {processor.py:183} INFO - Processing /home/airflow/.local/lib/python3.12/site-packages/airflow/example_dags/tutorial_taskflow_api.py took 0.557 seconds
[2024-06-18T09:49:39.825+0000] {processor.py:161} INFO - Started process (PID=5158) to work on /home/airflow/.local/lib/python3.12/site-packages/airflow/example_dags/tutorial_taskflow_api.py
[2024-06-18T09:49:39.828+0000] {processor.py:830} INFO - Processing file /home/airflow/.local/lib/python3.12/site-packages/airflow/example_dags/tutorial_taskflow_api.py for tasks to queue
[2024-06-18T09:49:39.835+0000] {logging_mixin.py:188} INFO - [2024-06-18T09:49:39.833+0000] {dagbag.py:545} INFO - Filling up the DagBag from /home/airflow/.local/lib/python3.12/site-packages/airflow/example_dags/tutorial_taskflow_api.py
[2024-06-18T09:49:39.859+0000] {processor.py:840} INFO - DAG(s) 'tutorial_taskflow_api' retrieved from /home/airflow/.local/lib/python3.12/site-packages/airflow/example_dags/tutorial_taskflow_api.py
[2024-06-18T09:49:39.946+0000] {logging_mixin.py:188} INFO - [2024-06-18T09:49:39.946+0000] {dag.py:3096} INFO - Sync 1 DAGs
[2024-06-18T09:49:40.014+0000] {logging_mixin.py:188} INFO - [2024-06-18T09:49:40.014+0000] {dag.py:3954} INFO - Setting next_dagrun for tutorial_taskflow_api to None, run_after=None
[2024-06-18T09:49:40.196+0000] {processor.py:183} INFO - Processing /home/airflow/.local/lib/python3.12/site-packages/airflow/example_dags/tutorial_taskflow_api.py took 0.424 seconds
[2024-06-18T09:50:11.582+0000] {processor.py:161} INFO - Started process (PID=5430) to work on /home/airflow/.local/lib/python3.12/site-packages/airflow/example_dags/tutorial_taskflow_api.py
[2024-06-18T09:50:11.590+0000] {processor.py:830} INFO - Processing file /home/airflow/.local/lib/python3.12/site-packages/airflow/example_dags/tutorial_taskflow_api.py for tasks to queue
[2024-06-18T09:50:11.612+0000] {logging_mixin.py:188} INFO - [2024-06-18T09:50:11.611+0000] {dagbag.py:545} INFO - Filling up the DagBag from /home/airflow/.local/lib/python3.12/site-packages/airflow/example_dags/tutorial_taskflow_api.py
[2024-06-18T09:50:11.635+0000] {processor.py:840} INFO - DAG(s) 'tutorial_taskflow_api' retrieved from /home/airflow/.local/lib/python3.12/site-packages/airflow/example_dags/tutorial_taskflow_api.py
[2024-06-18T09:50:11.789+0000] {logging_mixin.py:188} INFO - [2024-06-18T09:50:11.786+0000] {dag.py:3096} INFO - Sync 1 DAGs
[2024-06-18T09:50:11.858+0000] {logging_mixin.py:188} INFO - [2024-06-18T09:50:11.858+0000] {dag.py:3954} INFO - Setting next_dagrun for tutorial_taskflow_api to None, run_after=None
[2024-06-18T09:50:12.035+0000] {processor.py:183} INFO - Processing /home/airflow/.local/lib/python3.12/site-packages/airflow/example_dags/tutorial_taskflow_api.py took 0.475 seconds
[2024-06-18T09:50:42.517+0000] {processor.py:161} INFO - Started process (PID=5702) to work on /home/airflow/.local/lib/python3.12/site-packages/airflow/example_dags/tutorial_taskflow_api.py
[2024-06-18T09:50:42.523+0000] {processor.py:830} INFO - Processing file /home/airflow/.local/lib/python3.12/site-packages/airflow/example_dags/tutorial_taskflow_api.py for tasks to queue
[2024-06-18T09:50:42.528+0000] {logging_mixin.py:188} INFO - [2024-06-18T09:50:42.527+0000] {dagbag.py:545} INFO - Filling up the DagBag from /home/airflow/.local/lib/python3.12/site-packages/airflow/example_dags/tutorial_taskflow_api.py
[2024-06-18T09:50:42.564+0000] {processor.py:840} INFO - DAG(s) 'tutorial_taskflow_api' retrieved from /home/airflow/.local/lib/python3.12/site-packages/airflow/example_dags/tutorial_taskflow_api.py
[2024-06-18T09:50:42.684+0000] {logging_mixin.py:188} INFO - [2024-06-18T09:50:42.683+0000] {dag.py:3096} INFO - Sync 1 DAGs
[2024-06-18T09:50:42.749+0000] {logging_mixin.py:188} INFO - [2024-06-18T09:50:42.749+0000] {dag.py:3954} INFO - Setting next_dagrun for tutorial_taskflow_api to None, run_after=None
[2024-06-18T09:50:42.876+0000] {processor.py:183} INFO - Processing /home/airflow/.local/lib/python3.12/site-packages/airflow/example_dags/tutorial_taskflow_api.py took 0.394 seconds
[2024-06-18T09:51:14.263+0000] {processor.py:161} INFO - Started process (PID=5969) to work on /home/airflow/.local/lib/python3.12/site-packages/airflow/example_dags/tutorial_taskflow_api.py
[2024-06-18T09:51:14.284+0000] {processor.py:830} INFO - Processing file /home/airflow/.local/lib/python3.12/site-packages/airflow/example_dags/tutorial_taskflow_api.py for tasks to queue
[2024-06-18T09:51:14.298+0000] {logging_mixin.py:188} INFO - [2024-06-18T09:51:14.294+0000] {dagbag.py:545} INFO - Filling up the DagBag from /home/airflow/.local/lib/python3.12/site-packages/airflow/example_dags/tutorial_taskflow_api.py
[2024-06-18T09:51:14.410+0000] {processor.py:840} INFO - DAG(s) 'tutorial_taskflow_api' retrieved from /home/airflow/.local/lib/python3.12/site-packages/airflow/example_dags/tutorial_taskflow_api.py
[2024-06-18T09:51:14.594+0000] {logging_mixin.py:188} INFO - [2024-06-18T09:51:14.593+0000] {dag.py:3096} INFO - Sync 1 DAGs
[2024-06-18T09:51:14.676+0000] {logging_mixin.py:188} INFO - [2024-06-18T09:51:14.675+0000] {dag.py:3954} INFO - Setting next_dagrun for tutorial_taskflow_api to None, run_after=None
[2024-06-18T09:51:14.834+0000] {processor.py:183} INFO - Processing /home/airflow/.local/lib/python3.12/site-packages/airflow/example_dags/tutorial_taskflow_api.py took 0.607 seconds
[2024-06-18T09:51:51.088+0000] {processor.py:161} INFO - Started process (PID=6241) to work on /home/airflow/.local/lib/python3.12/site-packages/airflow/example_dags/tutorial_taskflow_api.py
[2024-06-18T09:51:51.090+0000] {processor.py:830} INFO - Processing file /home/airflow/.local/lib/python3.12/site-packages/airflow/example_dags/tutorial_taskflow_api.py for tasks to queue
[2024-06-18T09:51:51.094+0000] {logging_mixin.py:188} INFO - [2024-06-18T09:51:51.093+0000] {dagbag.py:545} INFO - Filling up the DagBag from /home/airflow/.local/lib/python3.12/site-packages/airflow/example_dags/tutorial_taskflow_api.py
[2024-06-18T09:51:51.111+0000] {processor.py:840} INFO - DAG(s) 'tutorial_taskflow_api' retrieved from /home/airflow/.local/lib/python3.12/site-packages/airflow/example_dags/tutorial_taskflow_api.py
[2024-06-18T09:51:51.151+0000] {logging_mixin.py:188} INFO - [2024-06-18T09:51:51.151+0000] {dag.py:3096} INFO - Sync 1 DAGs
[2024-06-18T09:51:51.211+0000] {logging_mixin.py:188} INFO - [2024-06-18T09:51:51.207+0000] {dag.py:3954} INFO - Setting next_dagrun for tutorial_taskflow_api to None, run_after=None
[2024-06-18T09:51:53.863+0000] {processor.py:183} INFO - Processing /home/airflow/.local/lib/python3.12/site-packages/airflow/example_dags/tutorial_taskflow_api.py took 2.798 seconds
[2024-06-18T09:52:24.000+0000] {processor.py:161} INFO - Started process (PID=6516) to work on /home/airflow/.local/lib/python3.12/site-packages/airflow/example_dags/tutorial_taskflow_api.py
[2024-06-18T09:52:24.001+0000] {processor.py:830} INFO - Processing file /home/airflow/.local/lib/python3.12/site-packages/airflow/example_dags/tutorial_taskflow_api.py for tasks to queue
[2024-06-18T09:52:24.005+0000] {logging_mixin.py:188} INFO - [2024-06-18T09:52:24.004+0000] {dagbag.py:545} INFO - Filling up the DagBag from /home/airflow/.local/lib/python3.12/site-packages/airflow/example_dags/tutorial_taskflow_api.py
[2024-06-18T09:52:24.021+0000] {processor.py:840} INFO - DAG(s) 'tutorial_taskflow_api' retrieved from /home/airflow/.local/lib/python3.12/site-packages/airflow/example_dags/tutorial_taskflow_api.py
[2024-06-18T09:52:24.066+0000] {logging_mixin.py:188} INFO - [2024-06-18T09:52:24.065+0000] {dag.py:3096} INFO - Sync 1 DAGs
[2024-06-18T09:52:24.094+0000] {logging_mixin.py:188} INFO - [2024-06-18T09:52:24.094+0000] {dag.py:3954} INFO - Setting next_dagrun for tutorial_taskflow_api to None, run_after=None
[2024-06-18T09:52:24.643+0000] {processor.py:183} INFO - Processing /home/airflow/.local/lib/python3.12/site-packages/airflow/example_dags/tutorial_taskflow_api.py took 0.658 seconds
[2024-06-18T09:52:37.377+0000] {processor.py:161} INFO - Started process (PID=187) to work on /home/airflow/.local/lib/python3.12/site-packages/airflow/example_dags/tutorial_taskflow_api.py
[2024-06-18T09:52:37.379+0000] {processor.py:830} INFO - Processing file /home/airflow/.local/lib/python3.12/site-packages/airflow/example_dags/tutorial_taskflow_api.py for tasks to queue
[2024-06-18T09:52:37.390+0000] {logging_mixin.py:188} INFO - [2024-06-18T09:52:37.389+0000] {dagbag.py:545} INFO - Filling up the DagBag from /home/airflow/.local/lib/python3.12/site-packages/airflow/example_dags/tutorial_taskflow_api.py
[2024-06-18T09:52:37.500+0000] {processor.py:840} INFO - DAG(s) 'tutorial_taskflow_api' retrieved from /home/airflow/.local/lib/python3.12/site-packages/airflow/example_dags/tutorial_taskflow_api.py
[2024-06-18T09:52:45.291+0000] {logging_mixin.py:188} INFO - [2024-06-18T09:52:45.289+0000] {override.py:1829} INFO - Created Permission View: can delete on DAG:tutorial_taskflow_api
[2024-06-18T09:52:45.952+0000] {logging_mixin.py:188} INFO - [2024-06-18T09:52:45.951+0000] {override.py:1829} INFO - Created Permission View: can edit on DAG:tutorial_taskflow_api
[2024-06-18T09:52:46.620+0000] {logging_mixin.py:188} INFO - [2024-06-18T09:52:46.619+0000] {override.py:1829} INFO - Created Permission View: can read on DAG:tutorial_taskflow_api
[2024-06-18T09:52:46.625+0000] {logging_mixin.py:188} INFO - [2024-06-18T09:52:46.623+0000] {dag.py:3096} INFO - Sync 1 DAGs
[2024-06-18T09:52:46.696+0000] {logging_mixin.py:188} INFO - [2024-06-18T09:52:46.695+0000] {dag.py:3118} INFO - Creating ORM DAG for tutorial_taskflow_api
[2024-06-18T09:52:46.698+0000] {logging_mixin.py:188} INFO - [2024-06-18T09:52:46.697+0000] {dag.py:3954} INFO - Setting next_dagrun for tutorial_taskflow_api to None, run_after=None
[2024-06-18T09:52:47.434+0000] {processor.py:183} INFO - Processing /home/airflow/.local/lib/python3.12/site-packages/airflow/example_dags/tutorial_taskflow_api.py took 10.074 seconds
[2024-06-18T09:52:56.809+0000] {processor.py:161} INFO - Started process (PID=6771) to work on /home/airflow/.local/lib/python3.12/site-packages/airflow/example_dags/tutorial_taskflow_api.py
[2024-06-18T09:52:56.812+0000] {processor.py:830} INFO - Processing file /home/airflow/.local/lib/python3.12/site-packages/airflow/example_dags/tutorial_taskflow_api.py for tasks to queue
[2024-06-18T09:52:56.826+0000] {logging_mixin.py:188} INFO - [2024-06-18T09:52:56.825+0000] {dagbag.py:545} INFO - Filling up the DagBag from /home/airflow/.local/lib/python3.12/site-packages/airflow/example_dags/tutorial_taskflow_api.py
[2024-06-18T09:52:56.871+0000] {processor.py:840} INFO - DAG(s) 'tutorial_taskflow_api' retrieved from /home/airflow/.local/lib/python3.12/site-packages/airflow/example_dags/tutorial_taskflow_api.py
[2024-06-18T09:52:56.938+0000] {logging_mixin.py:188} INFO - [2024-06-18T09:52:56.937+0000] {dag.py:3096} INFO - Sync 1 DAGs
[2024-06-18T09:52:56.987+0000] {logging_mixin.py:188} INFO - [2024-06-18T09:52:56.987+0000] {dag.py:3954} INFO - Setting next_dagrun for tutorial_taskflow_api to None, run_after=None
[2024-06-18T09:52:57.166+0000] {processor.py:183} INFO - Processing /home/airflow/.local/lib/python3.12/site-packages/airflow/example_dags/tutorial_taskflow_api.py took 0.392 seconds
[2024-06-18T09:54:07.634+0000] {processor.py:161} INFO - Started process (PID=6964) to work on /home/airflow/.local/lib/python3.12/site-packages/airflow/example_dags/tutorial_taskflow_api.py
[2024-06-18T09:54:07.766+0000] {processor.py:830} INFO - Processing file /home/airflow/.local/lib/python3.12/site-packages/airflow/example_dags/tutorial_taskflow_api.py for tasks to queue
[2024-06-18T09:54:07.773+0000] {logging_mixin.py:188} INFO - [2024-06-18T09:54:07.772+0000] {dagbag.py:545} INFO - Filling up the DagBag from /home/airflow/.local/lib/python3.12/site-packages/airflow/example_dags/tutorial_taskflow_api.py
[2024-06-18T09:54:07.820+0000] {processor.py:840} INFO - DAG(s) 'tutorial_taskflow_api' retrieved from /home/airflow/.local/lib/python3.12/site-packages/airflow/example_dags/tutorial_taskflow_api.py
[2024-06-18T09:54:07.890+0000] {logging_mixin.py:188} INFO - [2024-06-18T09:54:07.889+0000] {dag.py:3096} INFO - Sync 1 DAGs
[2024-06-18T09:54:07.948+0000] {logging_mixin.py:188} INFO - [2024-06-18T09:54:07.948+0000] {dag.py:3954} INFO - Setting next_dagrun for tutorial_taskflow_api to None, run_after=None
[2024-06-18T09:54:08.747+0000] {processor.py:183} INFO - Processing /home/airflow/.local/lib/python3.12/site-packages/airflow/example_dags/tutorial_taskflow_api.py took 1.166 seconds
