[2024-06-19T07:42:13.758+0000] {local_task_job_runner.py:120} INFO - ::group::Pre task execution logs
[2024-06-19T07:42:13.958+0000] {taskinstance.py:2076} INFO - Dependencies all met for dep_context=non-requeueable deps ti=<TaskInstance: wikipedia_flow.extract_data_from_wikipedia manual__2024-06-19T07:42:10.639860+00:00 [queued]>
[2024-06-19T07:42:14.014+0000] {taskinstance.py:2076} INFO - Dependencies all met for dep_context=requeueable deps ti=<TaskInstance: wikipedia_flow.extract_data_from_wikipedia manual__2024-06-19T07:42:10.639860+00:00 [queued]>
[2024-06-19T07:42:14.014+0000] {taskinstance.py:2306} INFO - Starting attempt 1 of 1
[2024-06-19T07:42:14.270+0000] {taskinstance.py:2330} INFO - Executing <Task(PythonOperator): extract_data_from_wikipedia> on 2024-06-19 07:42:10.639860+00:00
[2024-06-19T07:42:14.328+0000] {standard_task_runner.py:90} INFO - Running: ['***', 'tasks', 'run', 'wikipedia_flow', 'extract_data_from_wikipedia', 'manual__2024-06-19T07:42:10.639860+00:00', '--job-id', '14', '--raw', '--subdir', 'DAGS_FOLDER/wikipedia_flow.py', '--cfg-path', '/tmp/tmpqxgb0n0m']
[2024-06-19T07:42:14.370+0000] {logging_mixin.py:188} WARNING - /home/***/.local/lib/python3.12/site-packages/***/task/task_runner/standard_task_runner.py:61 DeprecationWarning: This process (pid=1579) is multi-threaded, use of fork() may lead to deadlocks in the child.
[2024-06-19T07:42:14.362+0000] {standard_task_runner.py:91} INFO - Job 14: Subtask extract_data_from_wikipedia
[2024-06-19T07:42:14.372+0000] {standard_task_runner.py:63} INFO - Started process 1581 to run task
[2024-06-19T07:42:14.708+0000] {task_command.py:426} INFO - Running <TaskInstance: wikipedia_flow.extract_data_from_wikipedia manual__2024-06-19T07:42:10.639860+00:00 [running]> on host dd278de8866b
[2024-06-19T07:42:15.448+0000] {taskinstance.py:2648} INFO - Exporting env vars: AIRFLOW_CTX_DAG_OWNER='Ayush Goswami' AIRFLOW_CTX_DAG_ID='wikipedia_flow' AIRFLOW_CTX_TASK_ID='extract_data_from_wikipedia' AIRFLOW_CTX_EXECUTION_DATE='2024-06-19T07:42:10.639860+00:00' AIRFLOW_CTX_TRY_NUMBER='1' AIRFLOW_CTX_DAG_RUN_ID='manual__2024-06-19T07:42:10.639860+00:00'
[2024-06-19T07:42:15.450+0000] {taskinstance.py:430} INFO - ::endgroup::
[2024-06-19T07:42:15.945+0000] {logging_mixin.py:188} INFO - Getting wiki page https://en.wikipedia.org/wiki/List_of_association_football_stadiums_by_capacity
[2024-06-19T07:42:18.539+0000] {logging_mixin.py:188} INFO - CUrr File PATH: /opt/***/dags/pipeline/wikipedia_pipeline.py
[2024-06-19T07:42:18.540+0000] {logging_mixin.py:188} INFO - Path TO THE op:  /opt/***/dags
[2024-06-19T07:42:18.660+0000] {python.py:237} INFO - Done. Returned value was: ok
[2024-06-19T07:42:18.661+0000] {taskinstance.py:441} INFO - ::group::Post task execution logs
[2024-06-19T07:42:18.747+0000] {taskinstance.py:1206} INFO - Marking task as SUCCESS. dag_id=wikipedia_flow, task_id=extract_data_from_wikipedia, run_id=manual__2024-06-19T07:42:10.639860+00:00, execution_date=20240619T074210, start_date=20240619T074213, end_date=20240619T074218
[2024-06-19T07:42:18.889+0000] {local_task_job_runner.py:240} INFO - Task exited with return code 0
[2024-06-19T07:42:18.965+0000] {taskinstance.py:3498} INFO - 1 downstream tasks scheduled from follow-on schedule check
[2024-06-19T07:42:18.992+0000] {local_task_job_runner.py:222} INFO - ::endgroup::
