[2024-06-21T10:55:20.888+0000] {local_task_job_runner.py:120} INFO - ::group::Pre task execution logs
[2024-06-21T10:55:20.947+0000] {taskinstance.py:2076} INFO - Dependencies all met for dep_context=non-requeueable deps ti=<TaskInstance: wikipedia_flow.extract_data_from_wikipedia manual__2024-06-21T10:55:11.587284+00:00 [queued]>
[2024-06-21T10:55:20.973+0000] {taskinstance.py:2076} INFO - Dependencies all met for dep_context=requeueable deps ti=<TaskInstance: wikipedia_flow.extract_data_from_wikipedia manual__2024-06-21T10:55:11.587284+00:00 [queued]>
[2024-06-21T10:55:20.974+0000] {taskinstance.py:2306} INFO - Starting attempt 1 of 1
[2024-06-21T10:55:21.053+0000] {taskinstance.py:2330} INFO - Executing <Task(PythonOperator): extract_data_from_wikipedia> on 2024-06-21 10:55:11.587284+00:00
[2024-06-21T10:55:21.070+0000] {standard_task_runner.py:90} INFO - Running: ['***', 'tasks', 'run', 'wikipedia_flow', 'extract_data_from_wikipedia', 'manual__2024-06-21T10:55:11.587284+00:00', '--job-id', '36', '--raw', '--subdir', 'DAGS_FOLDER/wikipedia_flow.py', '--cfg-path', '/tmp/tmp_vxcq7x4']
[2024-06-21T10:55:21.075+0000] {standard_task_runner.py:91} INFO - Job 36: Subtask extract_data_from_wikipedia
[2024-06-21T10:55:21.177+0000] {logging_mixin.py:188} WARNING - /home/***/.local/lib/python3.12/site-packages/***/task/task_runner/standard_task_runner.py:61 DeprecationWarning: This process (pid=30800) is multi-threaded, use of fork() may lead to deadlocks in the child.
[2024-06-21T10:55:21.179+0000] {standard_task_runner.py:63} INFO - Started process 30808 to run task
[2024-06-21T10:55:21.232+0000] {task_command.py:426} INFO - Running <TaskInstance: wikipedia_flow.extract_data_from_wikipedia manual__2024-06-21T10:55:11.587284+00:00 [running]> on host dd278de8866b
[2024-06-21T10:55:21.487+0000] {taskinstance.py:2648} INFO - Exporting env vars: AIRFLOW_CTX_DAG_OWNER='Ayush Goswami' AIRFLOW_CTX_DAG_ID='wikipedia_flow' AIRFLOW_CTX_TASK_ID='extract_data_from_wikipedia' AIRFLOW_CTX_EXECUTION_DATE='2024-06-21T10:55:11.587284+00:00' AIRFLOW_CTX_TRY_NUMBER='1' AIRFLOW_CTX_DAG_RUN_ID='manual__2024-06-21T10:55:11.587284+00:00'
[2024-06-21T10:55:21.492+0000] {taskinstance.py:430} INFO - ::endgroup::
[2024-06-21T10:55:22.285+0000] {logging_mixin.py:188} INFO - Getting wiki page https://en.wikipedia.org/wiki/List_of_association_football_stadiums_by_capacity
[2024-06-21T10:55:25.089+0000] {logging_mixin.py:188} INFO - CUrr File PATH: /opt/***/dags/pipeline/wikipedia_pipeline.py
[2024-06-21T10:55:25.090+0000] {logging_mixin.py:188} INFO - Path TO THE op:  /opt/***/dags
[2024-06-21T10:55:25.173+0000] {python.py:237} INFO - Done. Returned value was: ok
[2024-06-21T10:55:25.174+0000] {taskinstance.py:441} INFO - ::group::Post task execution logs
[2024-06-21T10:55:25.278+0000] {taskinstance.py:1206} INFO - Marking task as SUCCESS. dag_id=wikipedia_flow, task_id=extract_data_from_wikipedia, run_id=manual__2024-06-21T10:55:11.587284+00:00, execution_date=20240621T105511, start_date=20240621T105520, end_date=20240621T105525
[2024-06-21T10:55:25.378+0000] {local_task_job_runner.py:240} INFO - Task exited with return code 0
[2024-06-21T10:55:25.446+0000] {taskinstance.py:3498} INFO - 1 downstream tasks scheduled from follow-on schedule check
[2024-06-21T10:55:25.481+0000] {local_task_job_runner.py:222} INFO - ::endgroup::
