[2024-06-22T07:41:34.864+0000] {processor.py:161} INFO - Started process (PID=37222) to work on /opt/airflow/dags/wikipedia_flow.py
[2024-06-22T07:41:34.866+0000] {processor.py:830} INFO - Processing file /opt/airflow/dags/wikipedia_flow.py for tasks to queue
[2024-06-22T07:41:34.869+0000] {logging_mixin.py:188} INFO - [2024-06-22T07:41:34.867+0000] {dagbag.py:545} INFO - Filling up the DagBag from /opt/airflow/dags/wikipedia_flow.py
[2024-06-22T07:41:34.874+0000] {logging_mixin.py:188} INFO - /opt/airflow
[2024-06-22T07:41:38.431+0000] {processor.py:840} INFO - DAG(s) 'wikipedia_flow' retrieved from /opt/airflow/dags/wikipedia_flow.py
[2024-06-22T07:41:38.544+0000] {logging_mixin.py:188} INFO - [2024-06-22T07:41:38.543+0000] {dag.py:3096} INFO - Sync 1 DAGs
[2024-06-22T07:41:38.610+0000] {logging_mixin.py:188} INFO - [2024-06-22T07:41:38.609+0000] {dag.py:3954} INFO - Setting next_dagrun for wikipedia_flow to None, run_after=None
[2024-06-22T07:41:39.943+0000] {processor.py:183} INFO - Processing /opt/airflow/dags/wikipedia_flow.py took 5.142 seconds
[2024-06-22T07:42:10.753+0000] {processor.py:161} INFO - Started process (PID=37250) to work on /opt/airflow/dags/wikipedia_flow.py
[2024-06-22T07:42:12.213+0000] {processor.py:830} INFO - Processing file /opt/airflow/dags/wikipedia_flow.py for tasks to queue
[2024-06-22T07:42:12.216+0000] {logging_mixin.py:188} INFO - [2024-06-22T07:42:12.215+0000] {dagbag.py:545} INFO - Filling up the DagBag from /opt/airflow/dags/wikipedia_flow.py
[2024-06-22T07:42:12.223+0000] {logging_mixin.py:188} INFO - /opt/airflow
[2024-06-22T07:42:13.620+0000] {processor.py:840} INFO - DAG(s) 'wikipedia_flow' retrieved from /opt/airflow/dags/wikipedia_flow.py
[2024-06-22T07:42:13.719+0000] {logging_mixin.py:188} INFO - [2024-06-22T07:42:13.718+0000] {dag.py:3096} INFO - Sync 1 DAGs
[2024-06-22T07:42:13.747+0000] {logging_mixin.py:188} INFO - [2024-06-22T07:42:13.747+0000] {dag.py:3954} INFO - Setting next_dagrun for wikipedia_flow to None, run_after=None
[2024-06-22T07:42:14.813+0000] {processor.py:183} INFO - Processing /opt/airflow/dags/wikipedia_flow.py took 4.084 seconds
[2024-06-22T07:42:45.004+0000] {processor.py:161} INFO - Started process (PID=37266) to work on /opt/airflow/dags/wikipedia_flow.py
[2024-06-22T07:42:45.006+0000] {processor.py:830} INFO - Processing file /opt/airflow/dags/wikipedia_flow.py for tasks to queue
[2024-06-22T07:42:45.007+0000] {logging_mixin.py:188} INFO - [2024-06-22T07:42:45.007+0000] {dagbag.py:545} INFO - Filling up the DagBag from /opt/airflow/dags/wikipedia_flow.py
[2024-06-22T07:42:45.011+0000] {logging_mixin.py:188} INFO - /opt/airflow
[2024-06-22T07:42:45.893+0000] {processor.py:840} INFO - DAG(s) 'wikipedia_flow' retrieved from /opt/airflow/dags/wikipedia_flow.py
[2024-06-22T07:42:45.956+0000] {logging_mixin.py:188} INFO - [2024-06-22T07:42:45.955+0000] {dag.py:3096} INFO - Sync 1 DAGs
[2024-06-22T07:42:45.991+0000] {logging_mixin.py:188} INFO - [2024-06-22T07:42:45.990+0000] {dag.py:3954} INFO - Setting next_dagrun for wikipedia_flow to None, run_after=None
[2024-06-22T07:42:46.572+0000] {processor.py:183} INFO - Processing /opt/airflow/dags/wikipedia_flow.py took 1.591 seconds
[2024-06-22T07:43:16.901+0000] {processor.py:161} INFO - Started process (PID=37283) to work on /opt/airflow/dags/wikipedia_flow.py
[2024-06-22T07:43:16.937+0000] {processor.py:830} INFO - Processing file /opt/airflow/dags/wikipedia_flow.py for tasks to queue
[2024-06-22T07:43:16.939+0000] {logging_mixin.py:188} INFO - [2024-06-22T07:43:16.939+0000] {dagbag.py:545} INFO - Filling up the DagBag from /opt/airflow/dags/wikipedia_flow.py
[2024-06-22T07:43:16.944+0000] {logging_mixin.py:188} INFO - /opt/airflow
[2024-06-22T07:43:17.879+0000] {processor.py:840} INFO - DAG(s) 'wikipedia_flow' retrieved from /opt/airflow/dags/wikipedia_flow.py
[2024-06-22T07:43:17.941+0000] {logging_mixin.py:188} INFO - [2024-06-22T07:43:17.940+0000] {dag.py:3096} INFO - Sync 1 DAGs
[2024-06-22T07:43:17.975+0000] {logging_mixin.py:188} INFO - [2024-06-22T07:43:17.974+0000] {dag.py:3954} INFO - Setting next_dagrun for wikipedia_flow to None, run_after=None
[2024-06-22T07:43:18.297+0000] {processor.py:183} INFO - Processing /opt/airflow/dags/wikipedia_flow.py took 1.477 seconds
[2024-06-22T07:43:49.150+0000] {processor.py:161} INFO - Started process (PID=37300) to work on /opt/airflow/dags/wikipedia_flow.py
[2024-06-22T07:43:49.152+0000] {processor.py:830} INFO - Processing file /opt/airflow/dags/wikipedia_flow.py for tasks to queue
[2024-06-22T07:43:49.153+0000] {logging_mixin.py:188} INFO - [2024-06-22T07:43:49.152+0000] {dagbag.py:545} INFO - Filling up the DagBag from /opt/airflow/dags/wikipedia_flow.py
[2024-06-22T07:43:49.156+0000] {logging_mixin.py:188} INFO - /opt/airflow
[2024-06-22T07:43:49.804+0000] {processor.py:840} INFO - DAG(s) 'wikipedia_flow' retrieved from /opt/airflow/dags/wikipedia_flow.py
[2024-06-22T07:43:49.850+0000] {logging_mixin.py:188} INFO - [2024-06-22T07:43:49.849+0000] {dag.py:3096} INFO - Sync 1 DAGs
[2024-06-22T07:43:49.872+0000] {logging_mixin.py:188} INFO - [2024-06-22T07:43:49.872+0000] {dag.py:3954} INFO - Setting next_dagrun for wikipedia_flow to None, run_after=None
[2024-06-22T07:43:50.128+0000] {processor.py:183} INFO - Processing /opt/airflow/dags/wikipedia_flow.py took 0.999 seconds
[2024-06-22T07:44:20.465+0000] {processor.py:161} INFO - Started process (PID=37317) to work on /opt/airflow/dags/wikipedia_flow.py
[2024-06-22T07:44:20.793+0000] {processor.py:830} INFO - Processing file /opt/airflow/dags/wikipedia_flow.py for tasks to queue
[2024-06-22T07:44:20.795+0000] {logging_mixin.py:188} INFO - [2024-06-22T07:44:20.794+0000] {dagbag.py:545} INFO - Filling up the DagBag from /opt/airflow/dags/wikipedia_flow.py
[2024-06-22T07:44:20.798+0000] {logging_mixin.py:188} INFO - /opt/airflow
[2024-06-22T07:44:21.477+0000] {processor.py:840} INFO - DAG(s) 'wikipedia_flow' retrieved from /opt/airflow/dags/wikipedia_flow.py
[2024-06-22T07:44:21.529+0000] {logging_mixin.py:188} INFO - [2024-06-22T07:44:21.528+0000] {dag.py:3096} INFO - Sync 1 DAGs
[2024-06-22T07:44:21.556+0000] {logging_mixin.py:188} INFO - [2024-06-22T07:44:21.556+0000] {dag.py:3954} INFO - Setting next_dagrun for wikipedia_flow to None, run_after=None
[2024-06-22T07:44:21.809+0000] {processor.py:183} INFO - Processing /opt/airflow/dags/wikipedia_flow.py took 1.374 seconds
[2024-06-22T07:44:52.706+0000] {processor.py:161} INFO - Started process (PID=37334) to work on /opt/airflow/dags/wikipedia_flow.py
[2024-06-22T07:44:52.707+0000] {processor.py:830} INFO - Processing file /opt/airflow/dags/wikipedia_flow.py for tasks to queue
[2024-06-22T07:44:52.708+0000] {logging_mixin.py:188} INFO - [2024-06-22T07:44:52.708+0000] {dagbag.py:545} INFO - Filling up the DagBag from /opt/airflow/dags/wikipedia_flow.py
[2024-06-22T07:44:52.712+0000] {logging_mixin.py:188} INFO - /opt/airflow
[2024-06-22T07:44:53.352+0000] {processor.py:840} INFO - DAG(s) 'wikipedia_flow' retrieved from /opt/airflow/dags/wikipedia_flow.py
[2024-06-22T07:44:53.405+0000] {logging_mixin.py:188} INFO - [2024-06-22T07:44:53.402+0000] {dag.py:3096} INFO - Sync 1 DAGs
[2024-06-22T07:44:53.429+0000] {logging_mixin.py:188} INFO - [2024-06-22T07:44:53.428+0000] {dag.py:3954} INFO - Setting next_dagrun for wikipedia_flow to None, run_after=None
[2024-06-22T07:44:54.002+0000] {processor.py:183} INFO - Processing /opt/airflow/dags/wikipedia_flow.py took 1.320 seconds
[2024-06-22T07:45:24.374+0000] {processor.py:161} INFO - Started process (PID=37352) to work on /opt/airflow/dags/wikipedia_flow.py
[2024-06-22T07:45:24.598+0000] {processor.py:830} INFO - Processing file /opt/airflow/dags/wikipedia_flow.py for tasks to queue
[2024-06-22T07:45:24.600+0000] {logging_mixin.py:188} INFO - [2024-06-22T07:45:24.599+0000] {dagbag.py:545} INFO - Filling up the DagBag from /opt/airflow/dags/wikipedia_flow.py
[2024-06-22T07:45:24.604+0000] {logging_mixin.py:188} INFO - /opt/airflow
[2024-06-22T07:45:25.558+0000] {processor.py:840} INFO - DAG(s) 'wikipedia_flow' retrieved from /opt/airflow/dags/wikipedia_flow.py
[2024-06-22T07:45:25.816+0000] {logging_mixin.py:188} INFO - [2024-06-22T07:45:25.815+0000] {dag.py:3096} INFO - Sync 1 DAGs
[2024-06-22T07:45:25.848+0000] {logging_mixin.py:188} INFO - [2024-06-22T07:45:25.848+0000] {dag.py:3954} INFO - Setting next_dagrun for wikipedia_flow to None, run_after=None
[2024-06-22T07:45:26.500+0000] {processor.py:183} INFO - Processing /opt/airflow/dags/wikipedia_flow.py took 2.152 seconds
[2024-06-22T07:45:56.804+0000] {processor.py:161} INFO - Started process (PID=37374) to work on /opt/airflow/dags/wikipedia_flow.py
[2024-06-22T07:45:56.841+0000] {processor.py:830} INFO - Processing file /opt/airflow/dags/wikipedia_flow.py for tasks to queue
[2024-06-22T07:45:56.843+0000] {logging_mixin.py:188} INFO - [2024-06-22T07:45:56.842+0000] {dagbag.py:545} INFO - Filling up the DagBag from /opt/airflow/dags/wikipedia_flow.py
[2024-06-22T07:45:56.846+0000] {logging_mixin.py:188} INFO - /opt/airflow
[2024-06-22T07:45:57.442+0000] {processor.py:840} INFO - DAG(s) 'wikipedia_flow' retrieved from /opt/airflow/dags/wikipedia_flow.py
[2024-06-22T07:45:57.486+0000] {logging_mixin.py:188} INFO - [2024-06-22T07:45:57.485+0000] {dag.py:3096} INFO - Sync 1 DAGs
[2024-06-22T07:45:57.507+0000] {logging_mixin.py:188} INFO - [2024-06-22T07:45:57.507+0000] {dag.py:3954} INFO - Setting next_dagrun for wikipedia_flow to None, run_after=None
[2024-06-22T07:45:57.650+0000] {processor.py:183} INFO - Processing /opt/airflow/dags/wikipedia_flow.py took 0.866 seconds
[2024-06-22T07:46:28.119+0000] {processor.py:161} INFO - Started process (PID=37391) to work on /opt/airflow/dags/wikipedia_flow.py
[2024-06-22T07:46:28.121+0000] {processor.py:830} INFO - Processing file /opt/airflow/dags/wikipedia_flow.py for tasks to queue
[2024-06-22T07:46:28.124+0000] {logging_mixin.py:188} INFO - [2024-06-22T07:46:28.123+0000] {dagbag.py:545} INFO - Filling up the DagBag from /opt/airflow/dags/wikipedia_flow.py
[2024-06-22T07:46:28.128+0000] {logging_mixin.py:188} INFO - /opt/airflow
[2024-06-22T07:46:28.968+0000] {processor.py:840} INFO - DAG(s) 'wikipedia_flow' retrieved from /opt/airflow/dags/wikipedia_flow.py
[2024-06-22T07:46:29.029+0000] {logging_mixin.py:188} INFO - [2024-06-22T07:46:29.028+0000] {dag.py:3096} INFO - Sync 1 DAGs
[2024-06-22T07:46:29.064+0000] {logging_mixin.py:188} INFO - [2024-06-22T07:46:29.064+0000] {dag.py:3954} INFO - Setting next_dagrun for wikipedia_flow to None, run_after=None
[2024-06-22T07:46:29.178+0000] {processor.py:183} INFO - Processing /opt/airflow/dags/wikipedia_flow.py took 1.080 seconds
[2024-06-22T07:46:59.455+0000] {processor.py:161} INFO - Started process (PID=37408) to work on /opt/airflow/dags/wikipedia_flow.py
[2024-06-22T07:46:59.545+0000] {processor.py:830} INFO - Processing file /opt/airflow/dags/wikipedia_flow.py for tasks to queue
[2024-06-22T07:46:59.547+0000] {logging_mixin.py:188} INFO - [2024-06-22T07:46:59.547+0000] {dagbag.py:545} INFO - Filling up the DagBag from /opt/airflow/dags/wikipedia_flow.py
[2024-06-22T07:46:59.551+0000] {logging_mixin.py:188} INFO - /opt/airflow
[2024-06-22T07:47:00.237+0000] {processor.py:840} INFO - DAG(s) 'wikipedia_flow' retrieved from /opt/airflow/dags/wikipedia_flow.py
[2024-06-22T07:47:00.280+0000] {logging_mixin.py:188} INFO - [2024-06-22T07:47:00.279+0000] {dag.py:3096} INFO - Sync 1 DAGs
[2024-06-22T07:47:00.301+0000] {logging_mixin.py:188} INFO - [2024-06-22T07:47:00.301+0000] {dag.py:3954} INFO - Setting next_dagrun for wikipedia_flow to None, run_after=None
[2024-06-22T07:47:00.834+0000] {processor.py:183} INFO - Processing /opt/airflow/dags/wikipedia_flow.py took 1.411 seconds
[2024-06-22T07:47:31.096+0000] {processor.py:161} INFO - Started process (PID=37425) to work on /opt/airflow/dags/wikipedia_flow.py
[2024-06-22T07:47:31.098+0000] {processor.py:830} INFO - Processing file /opt/airflow/dags/wikipedia_flow.py for tasks to queue
[2024-06-22T07:47:31.099+0000] {logging_mixin.py:188} INFO - [2024-06-22T07:47:31.099+0000] {dagbag.py:545} INFO - Filling up the DagBag from /opt/airflow/dags/wikipedia_flow.py
[2024-06-22T07:47:31.108+0000] {logging_mixin.py:188} INFO - /opt/airflow
[2024-06-22T07:47:32.240+0000] {processor.py:840} INFO - DAG(s) 'wikipedia_flow' retrieved from /opt/airflow/dags/wikipedia_flow.py
[2024-06-22T07:47:32.296+0000] {logging_mixin.py:188} INFO - [2024-06-22T07:47:32.295+0000] {dag.py:3096} INFO - Sync 1 DAGs
[2024-06-22T07:47:32.326+0000] {logging_mixin.py:188} INFO - [2024-06-22T07:47:32.325+0000] {dag.py:3954} INFO - Setting next_dagrun for wikipedia_flow to None, run_after=None
[2024-06-22T07:47:32.395+0000] {processor.py:183} INFO - Processing /opt/airflow/dags/wikipedia_flow.py took 1.323 seconds
[2024-06-22T07:48:02.590+0000] {processor.py:161} INFO - Started process (PID=37442) to work on /opt/airflow/dags/wikipedia_flow.py
[2024-06-22T07:48:02.633+0000] {processor.py:830} INFO - Processing file /opt/airflow/dags/wikipedia_flow.py for tasks to queue
[2024-06-22T07:48:02.635+0000] {logging_mixin.py:188} INFO - [2024-06-22T07:48:02.634+0000] {dagbag.py:545} INFO - Filling up the DagBag from /opt/airflow/dags/wikipedia_flow.py
[2024-06-22T07:48:02.638+0000] {logging_mixin.py:188} INFO - /opt/airflow
[2024-06-22T07:48:03.902+0000] {processor.py:840} INFO - DAG(s) 'wikipedia_flow' retrieved from /opt/airflow/dags/wikipedia_flow.py
[2024-06-22T07:48:03.967+0000] {logging_mixin.py:188} INFO - [2024-06-22T07:48:03.966+0000] {dag.py:3096} INFO - Sync 1 DAGs
[2024-06-22T07:48:04.013+0000] {logging_mixin.py:188} INFO - [2024-06-22T07:48:04.012+0000] {dag.py:3954} INFO - Setting next_dagrun for wikipedia_flow to None, run_after=None
[2024-06-22T07:48:04.457+0000] {processor.py:183} INFO - Processing /opt/airflow/dags/wikipedia_flow.py took 1.892 seconds
[2024-06-22T07:48:34.992+0000] {processor.py:161} INFO - Started process (PID=37459) to work on /opt/airflow/dags/wikipedia_flow.py
[2024-06-22T07:48:34.994+0000] {processor.py:830} INFO - Processing file /opt/airflow/dags/wikipedia_flow.py for tasks to queue
[2024-06-22T07:48:34.997+0000] {logging_mixin.py:188} INFO - [2024-06-22T07:48:34.996+0000] {dagbag.py:545} INFO - Filling up the DagBag from /opt/airflow/dags/wikipedia_flow.py
[2024-06-22T07:48:35.002+0000] {logging_mixin.py:188} INFO - /opt/airflow
[2024-06-22T07:48:35.750+0000] {processor.py:840} INFO - DAG(s) 'wikipedia_flow' retrieved from /opt/airflow/dags/wikipedia_flow.py
[2024-06-22T07:48:35.842+0000] {logging_mixin.py:188} INFO - [2024-06-22T07:48:35.841+0000] {dag.py:3096} INFO - Sync 1 DAGs
[2024-06-22T07:48:35.935+0000] {logging_mixin.py:188} INFO - [2024-06-22T07:48:35.935+0000] {dag.py:3954} INFO - Setting next_dagrun for wikipedia_flow to None, run_after=None
[2024-06-22T07:48:36.115+0000] {processor.py:183} INFO - Processing /opt/airflow/dags/wikipedia_flow.py took 1.156 seconds
[2024-06-22T07:49:06.482+0000] {processor.py:161} INFO - Started process (PID=37476) to work on /opt/airflow/dags/wikipedia_flow.py
[2024-06-22T07:49:06.529+0000] {processor.py:830} INFO - Processing file /opt/airflow/dags/wikipedia_flow.py for tasks to queue
[2024-06-22T07:49:06.531+0000] {logging_mixin.py:188} INFO - [2024-06-22T07:49:06.530+0000] {dagbag.py:545} INFO - Filling up the DagBag from /opt/airflow/dags/wikipedia_flow.py
[2024-06-22T07:49:06.542+0000] {logging_mixin.py:188} INFO - /opt/airflow
[2024-06-22T07:49:07.987+0000] {processor.py:840} INFO - DAG(s) 'wikipedia_flow' retrieved from /opt/airflow/dags/wikipedia_flow.py
[2024-06-22T07:49:08.055+0000] {logging_mixin.py:188} INFO - [2024-06-22T07:49:08.054+0000] {dag.py:3096} INFO - Sync 1 DAGs
[2024-06-22T07:49:08.086+0000] {logging_mixin.py:188} INFO - [2024-06-22T07:49:08.085+0000] {dag.py:3954} INFO - Setting next_dagrun for wikipedia_flow to None, run_after=None
[2024-06-22T07:49:08.710+0000] {processor.py:183} INFO - Processing /opt/airflow/dags/wikipedia_flow.py took 2.302 seconds
[2024-06-22T07:49:39.038+0000] {processor.py:161} INFO - Started process (PID=37493) to work on /opt/airflow/dags/wikipedia_flow.py
[2024-06-22T07:49:39.040+0000] {processor.py:830} INFO - Processing file /opt/airflow/dags/wikipedia_flow.py for tasks to queue
[2024-06-22T07:49:39.043+0000] {logging_mixin.py:188} INFO - [2024-06-22T07:49:39.042+0000] {dagbag.py:545} INFO - Filling up the DagBag from /opt/airflow/dags/wikipedia_flow.py
[2024-06-22T07:49:39.049+0000] {logging_mixin.py:188} INFO - /opt/airflow
[2024-06-22T07:49:40.304+0000] {processor.py:840} INFO - DAG(s) 'wikipedia_flow' retrieved from /opt/airflow/dags/wikipedia_flow.py
[2024-06-22T07:49:40.433+0000] {logging_mixin.py:188} INFO - [2024-06-22T07:49:40.431+0000] {dag.py:3096} INFO - Sync 1 DAGs
[2024-06-22T07:49:40.525+0000] {logging_mixin.py:188} INFO - [2024-06-22T07:49:40.524+0000] {dag.py:3954} INFO - Setting next_dagrun for wikipedia_flow to None, run_after=None
[2024-06-22T07:49:40.800+0000] {processor.py:183} INFO - Processing /opt/airflow/dags/wikipedia_flow.py took 1.821 seconds
[2024-06-22T07:50:11.209+0000] {processor.py:161} INFO - Started process (PID=37517) to work on /opt/airflow/dags/wikipedia_flow.py
[2024-06-22T07:50:11.235+0000] {processor.py:830} INFO - Processing file /opt/airflow/dags/wikipedia_flow.py for tasks to queue
[2024-06-22T07:50:11.237+0000] {logging_mixin.py:188} INFO - [2024-06-22T07:50:11.236+0000] {dagbag.py:545} INFO - Filling up the DagBag from /opt/airflow/dags/wikipedia_flow.py
[2024-06-22T07:50:11.241+0000] {logging_mixin.py:188} INFO - /opt/airflow
[2024-06-22T07:50:12.295+0000] {processor.py:840} INFO - DAG(s) 'wikipedia_flow' retrieved from /opt/airflow/dags/wikipedia_flow.py
[2024-06-22T07:50:12.358+0000] {logging_mixin.py:188} INFO - [2024-06-22T07:50:12.356+0000] {dag.py:3096} INFO - Sync 1 DAGs
[2024-06-22T07:50:12.395+0000] {logging_mixin.py:188} INFO - [2024-06-22T07:50:12.394+0000] {dag.py:3954} INFO - Setting next_dagrun for wikipedia_flow to None, run_after=None
[2024-06-22T07:50:12.889+0000] {processor.py:183} INFO - Processing /opt/airflow/dags/wikipedia_flow.py took 1.711 seconds
[2024-06-22T07:50:43.078+0000] {processor.py:161} INFO - Started process (PID=37534) to work on /opt/airflow/dags/wikipedia_flow.py
[2024-06-22T07:50:43.080+0000] {processor.py:830} INFO - Processing file /opt/airflow/dags/wikipedia_flow.py for tasks to queue
[2024-06-22T07:50:43.090+0000] {logging_mixin.py:188} INFO - [2024-06-22T07:50:43.087+0000] {dagbag.py:545} INFO - Filling up the DagBag from /opt/airflow/dags/wikipedia_flow.py
[2024-06-22T07:50:43.097+0000] {logging_mixin.py:188} INFO - /opt/airflow
[2024-06-22T07:50:44.447+0000] {processor.py:840} INFO - DAG(s) 'wikipedia_flow' retrieved from /opt/airflow/dags/wikipedia_flow.py
[2024-06-22T07:50:44.537+0000] {logging_mixin.py:188} INFO - [2024-06-22T07:50:44.531+0000] {dag.py:3096} INFO - Sync 1 DAGs
[2024-06-22T07:50:44.601+0000] {logging_mixin.py:188} INFO - [2024-06-22T07:50:44.600+0000] {dag.py:3954} INFO - Setting next_dagrun for wikipedia_flow to None, run_after=None
[2024-06-22T07:50:44.734+0000] {processor.py:183} INFO - Processing /opt/airflow/dags/wikipedia_flow.py took 1.688 seconds
[2024-06-22T07:51:15.114+0000] {processor.py:161} INFO - Started process (PID=37551) to work on /opt/airflow/dags/wikipedia_flow.py
[2024-06-22T07:51:15.135+0000] {processor.py:830} INFO - Processing file /opt/airflow/dags/wikipedia_flow.py for tasks to queue
[2024-06-22T07:51:15.138+0000] {logging_mixin.py:188} INFO - [2024-06-22T07:51:15.137+0000] {dagbag.py:545} INFO - Filling up the DagBag from /opt/airflow/dags/wikipedia_flow.py
[2024-06-22T07:51:15.153+0000] {logging_mixin.py:188} INFO - /opt/airflow
[2024-06-22T07:51:16.858+0000] {processor.py:840} INFO - DAG(s) 'wikipedia_flow' retrieved from /opt/airflow/dags/wikipedia_flow.py
[2024-06-22T07:51:16.927+0000] {logging_mixin.py:188} INFO - [2024-06-22T07:51:16.926+0000] {dag.py:3096} INFO - Sync 1 DAGs
[2024-06-22T07:51:16.954+0000] {logging_mixin.py:188} INFO - [2024-06-22T07:51:16.954+0000] {dag.py:3954} INFO - Setting next_dagrun for wikipedia_flow to None, run_after=None
[2024-06-22T07:51:17.028+0000] {processor.py:183} INFO - Processing /opt/airflow/dags/wikipedia_flow.py took 1.995 seconds
[2024-06-22T07:51:47.401+0000] {processor.py:161} INFO - Started process (PID=37568) to work on /opt/airflow/dags/wikipedia_flow.py
[2024-06-22T07:51:47.402+0000] {processor.py:830} INFO - Processing file /opt/airflow/dags/wikipedia_flow.py for tasks to queue
[2024-06-22T07:51:47.405+0000] {logging_mixin.py:188} INFO - [2024-06-22T07:51:47.404+0000] {dagbag.py:545} INFO - Filling up the DagBag from /opt/airflow/dags/wikipedia_flow.py
[2024-06-22T07:51:47.411+0000] {logging_mixin.py:188} INFO - /opt/airflow
[2024-06-22T07:51:48.173+0000] {processor.py:840} INFO - DAG(s) 'wikipedia_flow' retrieved from /opt/airflow/dags/wikipedia_flow.py
[2024-06-22T07:51:48.219+0000] {logging_mixin.py:188} INFO - [2024-06-22T07:51:48.218+0000] {dag.py:3096} INFO - Sync 1 DAGs
[2024-06-22T07:51:48.249+0000] {logging_mixin.py:188} INFO - [2024-06-22T07:51:48.248+0000] {dag.py:3954} INFO - Setting next_dagrun for wikipedia_flow to None, run_after=None
[2024-06-22T07:51:48.324+0000] {processor.py:183} INFO - Processing /opt/airflow/dags/wikipedia_flow.py took 0.953 seconds
[2024-06-22T07:52:19.025+0000] {processor.py:161} INFO - Started process (PID=37585) to work on /opt/airflow/dags/wikipedia_flow.py
[2024-06-22T07:52:19.070+0000] {processor.py:830} INFO - Processing file /opt/airflow/dags/wikipedia_flow.py for tasks to queue
[2024-06-22T07:52:19.074+0000] {logging_mixin.py:188} INFO - [2024-06-22T07:52:19.072+0000] {dagbag.py:545} INFO - Filling up the DagBag from /opt/airflow/dags/wikipedia_flow.py
[2024-06-22T07:52:19.084+0000] {logging_mixin.py:188} INFO - /opt/airflow
[2024-06-22T07:52:19.812+0000] {processor.py:840} INFO - DAG(s) 'wikipedia_flow' retrieved from /opt/airflow/dags/wikipedia_flow.py
[2024-06-22T07:52:19.859+0000] {logging_mixin.py:188} INFO - [2024-06-22T07:52:19.858+0000] {dag.py:3096} INFO - Sync 1 DAGs
[2024-06-22T07:52:19.886+0000] {logging_mixin.py:188} INFO - [2024-06-22T07:52:19.885+0000] {dag.py:3954} INFO - Setting next_dagrun for wikipedia_flow to None, run_after=None
[2024-06-22T07:52:19.974+0000] {processor.py:183} INFO - Processing /opt/airflow/dags/wikipedia_flow.py took 0.975 seconds
[2024-06-22T07:52:50.348+0000] {processor.py:161} INFO - Started process (PID=37602) to work on /opt/airflow/dags/wikipedia_flow.py
[2024-06-22T07:52:50.362+0000] {processor.py:830} INFO - Processing file /opt/airflow/dags/wikipedia_flow.py for tasks to queue
[2024-06-22T07:52:50.366+0000] {logging_mixin.py:188} INFO - [2024-06-22T07:52:50.364+0000] {dagbag.py:545} INFO - Filling up the DagBag from /opt/airflow/dags/wikipedia_flow.py
[2024-06-22T07:52:50.383+0000] {logging_mixin.py:188} INFO - /opt/airflow
[2024-06-22T07:52:52.996+0000] {processor.py:840} INFO - DAG(s) 'wikipedia_flow' retrieved from /opt/airflow/dags/wikipedia_flow.py
[2024-06-22T07:52:53.167+0000] {logging_mixin.py:188} INFO - [2024-06-22T07:52:53.165+0000] {dag.py:3096} INFO - Sync 1 DAGs
[2024-06-22T07:52:53.274+0000] {logging_mixin.py:188} INFO - [2024-06-22T07:52:53.274+0000] {dag.py:3954} INFO - Setting next_dagrun for wikipedia_flow to None, run_after=None
[2024-06-22T07:52:54.245+0000] {processor.py:183} INFO - Processing /opt/airflow/dags/wikipedia_flow.py took 3.989 seconds
[2024-06-22T07:53:24.603+0000] {processor.py:161} INFO - Started process (PID=37619) to work on /opt/airflow/dags/wikipedia_flow.py
[2024-06-22T07:53:24.634+0000] {processor.py:830} INFO - Processing file /opt/airflow/dags/wikipedia_flow.py for tasks to queue
[2024-06-22T07:53:24.636+0000] {logging_mixin.py:188} INFO - [2024-06-22T07:53:24.635+0000] {dagbag.py:545} INFO - Filling up the DagBag from /opt/airflow/dags/wikipedia_flow.py
[2024-06-22T07:53:24.640+0000] {logging_mixin.py:188} INFO - /opt/airflow
[2024-06-22T07:53:25.405+0000] {processor.py:840} INFO - DAG(s) 'wikipedia_flow' retrieved from /opt/airflow/dags/wikipedia_flow.py
[2024-06-22T07:53:25.452+0000] {logging_mixin.py:188} INFO - [2024-06-22T07:53:25.451+0000] {dag.py:3096} INFO - Sync 1 DAGs
[2024-06-22T07:53:25.475+0000] {logging_mixin.py:188} INFO - [2024-06-22T07:53:25.475+0000] {dag.py:3954} INFO - Setting next_dagrun for wikipedia_flow to None, run_after=None
[2024-06-22T07:53:25.749+0000] {processor.py:183} INFO - Processing /opt/airflow/dags/wikipedia_flow.py took 1.168 seconds
[2024-06-22T07:53:56.008+0000] {processor.py:161} INFO - Started process (PID=37636) to work on /opt/airflow/dags/wikipedia_flow.py
[2024-06-22T07:53:56.010+0000] {processor.py:830} INFO - Processing file /opt/airflow/dags/wikipedia_flow.py for tasks to queue
[2024-06-22T07:53:56.011+0000] {logging_mixin.py:188} INFO - [2024-06-22T07:53:56.011+0000] {dagbag.py:545} INFO - Filling up the DagBag from /opt/airflow/dags/wikipedia_flow.py
[2024-06-22T07:53:56.015+0000] {logging_mixin.py:188} INFO - /opt/airflow
[2024-06-22T07:53:56.847+0000] {processor.py:840} INFO - DAG(s) 'wikipedia_flow' retrieved from /opt/airflow/dags/wikipedia_flow.py
[2024-06-22T07:53:56.906+0000] {logging_mixin.py:188} INFO - [2024-06-22T07:53:56.903+0000] {dag.py:3096} INFO - Sync 1 DAGs
[2024-06-22T07:53:56.932+0000] {logging_mixin.py:188} INFO - [2024-06-22T07:53:56.931+0000] {dag.py:3954} INFO - Setting next_dagrun for wikipedia_flow to None, run_after=None
[2024-06-22T07:53:57.064+0000] {processor.py:183} INFO - Processing /opt/airflow/dags/wikipedia_flow.py took 1.076 seconds
[2024-06-22T07:54:27.350+0000] {processor.py:161} INFO - Started process (PID=37652) to work on /opt/airflow/dags/wikipedia_flow.py
[2024-06-22T07:54:27.447+0000] {processor.py:830} INFO - Processing file /opt/airflow/dags/wikipedia_flow.py for tasks to queue
[2024-06-22T07:54:27.449+0000] {logging_mixin.py:188} INFO - [2024-06-22T07:54:27.448+0000] {dagbag.py:545} INFO - Filling up the DagBag from /opt/airflow/dags/wikipedia_flow.py
[2024-06-22T07:54:27.453+0000] {logging_mixin.py:188} INFO - /opt/airflow
[2024-06-22T07:54:28.370+0000] {processor.py:840} INFO - DAG(s) 'wikipedia_flow' retrieved from /opt/airflow/dags/wikipedia_flow.py
[2024-06-22T07:54:28.426+0000] {logging_mixin.py:188} INFO - [2024-06-22T07:54:28.425+0000] {dag.py:3096} INFO - Sync 1 DAGs
[2024-06-22T07:54:28.460+0000] {logging_mixin.py:188} INFO - [2024-06-22T07:54:28.460+0000] {dag.py:3954} INFO - Setting next_dagrun for wikipedia_flow to None, run_after=None
[2024-06-22T07:54:28.530+0000] {processor.py:183} INFO - Processing /opt/airflow/dags/wikipedia_flow.py took 1.205 seconds
[2024-06-22T07:54:59.568+0000] {processor.py:161} INFO - Started process (PID=37670) to work on /opt/airflow/dags/wikipedia_flow.py
[2024-06-22T07:54:59.570+0000] {processor.py:830} INFO - Processing file /opt/airflow/dags/wikipedia_flow.py for tasks to queue
[2024-06-22T07:54:59.572+0000] {logging_mixin.py:188} INFO - [2024-06-22T07:54:59.571+0000] {dagbag.py:545} INFO - Filling up the DagBag from /opt/airflow/dags/wikipedia_flow.py
[2024-06-22T07:54:59.576+0000] {logging_mixin.py:188} INFO - /opt/airflow
[2024-06-22T07:55:00.208+0000] {processor.py:840} INFO - DAG(s) 'wikipedia_flow' retrieved from /opt/airflow/dags/wikipedia_flow.py
[2024-06-22T07:55:00.252+0000] {logging_mixin.py:188} INFO - [2024-06-22T07:55:00.251+0000] {dag.py:3096} INFO - Sync 1 DAGs
[2024-06-22T07:55:00.299+0000] {logging_mixin.py:188} INFO - [2024-06-22T07:55:00.299+0000] {dag.py:3954} INFO - Setting next_dagrun for wikipedia_flow to None, run_after=None
[2024-06-22T07:55:00.456+0000] {processor.py:183} INFO - Processing /opt/airflow/dags/wikipedia_flow.py took 0.908 seconds
[2024-06-22T07:55:30.897+0000] {processor.py:161} INFO - Started process (PID=37687) to work on /opt/airflow/dags/wikipedia_flow.py
[2024-06-22T07:55:30.974+0000] {processor.py:830} INFO - Processing file /opt/airflow/dags/wikipedia_flow.py for tasks to queue
[2024-06-22T07:55:30.977+0000] {logging_mixin.py:188} INFO - [2024-06-22T07:55:30.976+0000] {dagbag.py:545} INFO - Filling up the DagBag from /opt/airflow/dags/wikipedia_flow.py
[2024-06-22T07:55:30.991+0000] {logging_mixin.py:188} INFO - /opt/airflow
[2024-06-22T07:55:32.096+0000] {processor.py:840} INFO - DAG(s) 'wikipedia_flow' retrieved from /opt/airflow/dags/wikipedia_flow.py
[2024-06-22T07:55:32.153+0000] {logging_mixin.py:188} INFO - [2024-06-22T07:55:32.152+0000] {dag.py:3096} INFO - Sync 1 DAGs
[2024-06-22T07:55:32.181+0000] {logging_mixin.py:188} INFO - [2024-06-22T07:55:32.181+0000] {dag.py:3954} INFO - Setting next_dagrun for wikipedia_flow to None, run_after=None
[2024-06-22T07:55:32.401+0000] {processor.py:183} INFO - Processing /opt/airflow/dags/wikipedia_flow.py took 1.600 seconds
[2024-06-22T07:56:02.731+0000] {processor.py:161} INFO - Started process (PID=37705) to work on /opt/airflow/dags/wikipedia_flow.py
[2024-06-22T07:56:02.760+0000] {processor.py:830} INFO - Processing file /opt/airflow/dags/wikipedia_flow.py for tasks to queue
[2024-06-22T07:56:02.762+0000] {logging_mixin.py:188} INFO - [2024-06-22T07:56:02.761+0000] {dagbag.py:545} INFO - Filling up the DagBag from /opt/airflow/dags/wikipedia_flow.py
[2024-06-22T07:56:02.765+0000] {logging_mixin.py:188} INFO - /opt/airflow
[2024-06-22T07:56:03.448+0000] {processor.py:840} INFO - DAG(s) 'wikipedia_flow' retrieved from /opt/airflow/dags/wikipedia_flow.py
[2024-06-22T07:56:03.516+0000] {logging_mixin.py:188} INFO - [2024-06-22T07:56:03.515+0000] {dag.py:3096} INFO - Sync 1 DAGs
[2024-06-22T07:56:03.541+0000] {logging_mixin.py:188} INFO - [2024-06-22T07:56:03.540+0000] {dag.py:3954} INFO - Setting next_dagrun for wikipedia_flow to None, run_after=None
[2024-06-22T07:56:03.633+0000] {processor.py:183} INFO - Processing /opt/airflow/dags/wikipedia_flow.py took 0.927 seconds
[2024-06-22T07:56:34.030+0000] {processor.py:161} INFO - Started process (PID=37722) to work on /opt/airflow/dags/wikipedia_flow.py
[2024-06-22T07:56:34.032+0000] {processor.py:830} INFO - Processing file /opt/airflow/dags/wikipedia_flow.py for tasks to queue
[2024-06-22T07:56:34.034+0000] {logging_mixin.py:188} INFO - [2024-06-22T07:56:34.033+0000] {dagbag.py:545} INFO - Filling up the DagBag from /opt/airflow/dags/wikipedia_flow.py
[2024-06-22T07:56:34.038+0000] {logging_mixin.py:188} INFO - /opt/airflow
[2024-06-22T07:56:34.792+0000] {processor.py:840} INFO - DAG(s) 'wikipedia_flow' retrieved from /opt/airflow/dags/wikipedia_flow.py
[2024-06-22T07:56:34.867+0000] {logging_mixin.py:188} INFO - [2024-06-22T07:56:34.866+0000] {dag.py:3096} INFO - Sync 1 DAGs
[2024-06-22T07:56:34.908+0000] {logging_mixin.py:188} INFO - [2024-06-22T07:56:34.907+0000] {dag.py:3954} INFO - Setting next_dagrun for wikipedia_flow to None, run_after=None
[2024-06-22T07:56:35.272+0000] {processor.py:183} INFO - Processing /opt/airflow/dags/wikipedia_flow.py took 1.269 seconds
[2024-06-22T07:57:05.658+0000] {processor.py:161} INFO - Started process (PID=37739) to work on /opt/airflow/dags/wikipedia_flow.py
[2024-06-22T07:57:05.680+0000] {processor.py:830} INFO - Processing file /opt/airflow/dags/wikipedia_flow.py for tasks to queue
[2024-06-22T07:57:05.681+0000] {logging_mixin.py:188} INFO - [2024-06-22T07:57:05.681+0000] {dagbag.py:545} INFO - Filling up the DagBag from /opt/airflow/dags/wikipedia_flow.py
[2024-06-22T07:57:05.685+0000] {logging_mixin.py:188} INFO - /opt/airflow
[2024-06-22T07:57:06.666+0000] {processor.py:840} INFO - DAG(s) 'wikipedia_flow' retrieved from /opt/airflow/dags/wikipedia_flow.py
[2024-06-22T07:57:06.732+0000] {logging_mixin.py:188} INFO - [2024-06-22T07:57:06.731+0000] {dag.py:3096} INFO - Sync 1 DAGs
[2024-06-22T07:57:06.757+0000] {logging_mixin.py:188} INFO - [2024-06-22T07:57:06.757+0000] {dag.py:3954} INFO - Setting next_dagrun for wikipedia_flow to None, run_after=None
[2024-06-22T07:57:06.870+0000] {processor.py:183} INFO - Processing /opt/airflow/dags/wikipedia_flow.py took 1.236 seconds
[2024-06-22T07:57:37.145+0000] {processor.py:161} INFO - Started process (PID=37756) to work on /opt/airflow/dags/wikipedia_flow.py
[2024-06-22T07:57:37.146+0000] {processor.py:830} INFO - Processing file /opt/airflow/dags/wikipedia_flow.py for tasks to queue
[2024-06-22T07:57:37.148+0000] {logging_mixin.py:188} INFO - [2024-06-22T07:57:37.147+0000] {dagbag.py:545} INFO - Filling up the DagBag from /opt/airflow/dags/wikipedia_flow.py
[2024-06-22T07:57:37.152+0000] {logging_mixin.py:188} INFO - /opt/airflow
[2024-06-22T07:57:38.125+0000] {processor.py:840} INFO - DAG(s) 'wikipedia_flow' retrieved from /opt/airflow/dags/wikipedia_flow.py
[2024-06-22T07:57:38.193+0000] {logging_mixin.py:188} INFO - [2024-06-22T07:57:38.192+0000] {dag.py:3096} INFO - Sync 1 DAGs
[2024-06-22T07:57:38.228+0000] {logging_mixin.py:188} INFO - [2024-06-22T07:57:38.227+0000] {dag.py:3954} INFO - Setting next_dagrun for wikipedia_flow to None, run_after=None
[2024-06-22T07:57:38.349+0000] {processor.py:183} INFO - Processing /opt/airflow/dags/wikipedia_flow.py took 1.240 seconds
[2024-06-22T07:58:08.667+0000] {processor.py:161} INFO - Started process (PID=37778) to work on /opt/airflow/dags/wikipedia_flow.py
[2024-06-22T07:58:08.737+0000] {processor.py:830} INFO - Processing file /opt/airflow/dags/wikipedia_flow.py for tasks to queue
[2024-06-22T07:58:08.739+0000] {logging_mixin.py:188} INFO - [2024-06-22T07:58:08.738+0000] {dagbag.py:545} INFO - Filling up the DagBag from /opt/airflow/dags/wikipedia_flow.py
[2024-06-22T07:58:08.743+0000] {logging_mixin.py:188} INFO - /opt/airflow
[2024-06-22T07:58:09.487+0000] {processor.py:840} INFO - DAG(s) 'wikipedia_flow' retrieved from /opt/airflow/dags/wikipedia_flow.py
[2024-06-22T07:58:09.558+0000] {logging_mixin.py:188} INFO - [2024-06-22T07:58:09.557+0000] {dag.py:3096} INFO - Sync 1 DAGs
[2024-06-22T07:58:09.585+0000] {logging_mixin.py:188} INFO - [2024-06-22T07:58:09.584+0000] {dag.py:3954} INFO - Setting next_dagrun for wikipedia_flow to None, run_after=None
[2024-06-22T07:58:09.801+0000] {processor.py:183} INFO - Processing /opt/airflow/dags/wikipedia_flow.py took 1.162 seconds
[2024-06-22T07:58:40.092+0000] {processor.py:161} INFO - Started process (PID=37795) to work on /opt/airflow/dags/wikipedia_flow.py
[2024-06-22T07:58:40.093+0000] {processor.py:830} INFO - Processing file /opt/airflow/dags/wikipedia_flow.py for tasks to queue
[2024-06-22T07:58:40.095+0000] {logging_mixin.py:188} INFO - [2024-06-22T07:58:40.094+0000] {dagbag.py:545} INFO - Filling up the DagBag from /opt/airflow/dags/wikipedia_flow.py
[2024-06-22T07:58:40.098+0000] {logging_mixin.py:188} INFO - /opt/airflow
[2024-06-22T07:58:40.734+0000] {processor.py:840} INFO - DAG(s) 'wikipedia_flow' retrieved from /opt/airflow/dags/wikipedia_flow.py
[2024-06-22T07:58:40.795+0000] {logging_mixin.py:188} INFO - [2024-06-22T07:58:40.794+0000] {dag.py:3096} INFO - Sync 1 DAGs
[2024-06-22T07:58:40.825+0000] {logging_mixin.py:188} INFO - [2024-06-22T07:58:40.825+0000] {dag.py:3954} INFO - Setting next_dagrun for wikipedia_flow to None, run_after=None
[2024-06-22T07:58:40.963+0000] {processor.py:183} INFO - Processing /opt/airflow/dags/wikipedia_flow.py took 0.892 seconds
[2024-06-22T07:59:11.870+0000] {processor.py:161} INFO - Started process (PID=37812) to work on /opt/airflow/dags/wikipedia_flow.py
[2024-06-22T07:59:12.159+0000] {processor.py:830} INFO - Processing file /opt/airflow/dags/wikipedia_flow.py for tasks to queue
[2024-06-22T07:59:12.161+0000] {logging_mixin.py:188} INFO - [2024-06-22T07:59:12.160+0000] {dagbag.py:545} INFO - Filling up the DagBag from /opt/airflow/dags/wikipedia_flow.py
[2024-06-22T07:59:12.164+0000] {logging_mixin.py:188} INFO - /opt/airflow
[2024-06-22T07:59:13.234+0000] {processor.py:840} INFO - DAG(s) 'wikipedia_flow' retrieved from /opt/airflow/dags/wikipedia_flow.py
[2024-06-22T07:59:13.292+0000] {logging_mixin.py:188} INFO - [2024-06-22T07:59:13.291+0000] {dag.py:3096} INFO - Sync 1 DAGs
[2024-06-22T07:59:13.317+0000] {logging_mixin.py:188} INFO - [2024-06-22T07:59:13.316+0000] {dag.py:3954} INFO - Setting next_dagrun for wikipedia_flow to None, run_after=None
[2024-06-22T07:59:13.753+0000] {processor.py:183} INFO - Processing /opt/airflow/dags/wikipedia_flow.py took 1.916 seconds
[2024-06-22T07:59:44.074+0000] {processor.py:161} INFO - Started process (PID=37835) to work on /opt/airflow/dags/wikipedia_flow.py
[2024-06-22T07:59:44.076+0000] {processor.py:830} INFO - Processing file /opt/airflow/dags/wikipedia_flow.py for tasks to queue
[2024-06-22T07:59:44.078+0000] {logging_mixin.py:188} INFO - [2024-06-22T07:59:44.077+0000] {dagbag.py:545} INFO - Filling up the DagBag from /opt/airflow/dags/wikipedia_flow.py
[2024-06-22T07:59:44.083+0000] {logging_mixin.py:188} INFO - /opt/airflow
[2024-06-22T07:59:45.621+0000] {processor.py:840} INFO - DAG(s) 'wikipedia_flow' retrieved from /opt/airflow/dags/wikipedia_flow.py
[2024-06-22T07:59:45.798+0000] {logging_mixin.py:188} INFO - [2024-06-22T07:59:45.788+0000] {dag.py:3096} INFO - Sync 1 DAGs
[2024-06-22T07:59:46.696+0000] {logging_mixin.py:188} INFO - [2024-06-22T07:59:46.696+0000] {dag.py:3954} INFO - Setting next_dagrun for wikipedia_flow to None, run_after=None
[2024-06-22T07:59:46.987+0000] {processor.py:183} INFO - Processing /opt/airflow/dags/wikipedia_flow.py took 2.934 seconds
[2024-06-22T08:00:17.463+0000] {processor.py:161} INFO - Started process (PID=37852) to work on /opt/airflow/dags/wikipedia_flow.py
[2024-06-22T08:00:17.776+0000] {processor.py:830} INFO - Processing file /opt/airflow/dags/wikipedia_flow.py for tasks to queue
[2024-06-22T08:00:17.778+0000] {logging_mixin.py:188} INFO - [2024-06-22T08:00:17.777+0000] {dagbag.py:545} INFO - Filling up the DagBag from /opt/airflow/dags/wikipedia_flow.py
[2024-06-22T08:00:17.783+0000] {logging_mixin.py:188} INFO - /opt/airflow
[2024-06-22T08:00:20.641+0000] {processor.py:840} INFO - DAG(s) 'wikipedia_flow' retrieved from /opt/airflow/dags/wikipedia_flow.py
[2024-06-22T08:00:20.834+0000] {logging_mixin.py:188} INFO - [2024-06-22T08:00:20.821+0000] {dag.py:3096} INFO - Sync 1 DAGs
[2024-06-22T08:00:20.961+0000] {logging_mixin.py:188} INFO - [2024-06-22T08:00:20.961+0000] {dag.py:3954} INFO - Setting next_dagrun for wikipedia_flow to None, run_after=None
[2024-06-22T08:00:21.171+0000] {processor.py:183} INFO - Processing /opt/airflow/dags/wikipedia_flow.py took 3.803 seconds
[2024-06-22T08:00:51.560+0000] {processor.py:161} INFO - Started process (PID=37869) to work on /opt/airflow/dags/wikipedia_flow.py
[2024-06-22T08:00:51.562+0000] {processor.py:830} INFO - Processing file /opt/airflow/dags/wikipedia_flow.py for tasks to queue
[2024-06-22T08:00:51.564+0000] {logging_mixin.py:188} INFO - [2024-06-22T08:00:51.563+0000] {dagbag.py:545} INFO - Filling up the DagBag from /opt/airflow/dags/wikipedia_flow.py
[2024-06-22T08:00:51.579+0000] {logging_mixin.py:188} INFO - /opt/airflow
[2024-06-22T08:00:53.971+0000] {processor.py:840} INFO - DAG(s) 'wikipedia_flow' retrieved from /opt/airflow/dags/wikipedia_flow.py
[2024-06-22T08:00:54.114+0000] {logging_mixin.py:188} INFO - [2024-06-22T08:00:54.113+0000] {dag.py:3096} INFO - Sync 1 DAGs
[2024-06-22T08:00:54.184+0000] {logging_mixin.py:188} INFO - [2024-06-22T08:00:54.184+0000] {dag.py:3954} INFO - Setting next_dagrun for wikipedia_flow to None, run_after=None
[2024-06-22T08:00:54.328+0000] {processor.py:183} INFO - Processing /opt/airflow/dags/wikipedia_flow.py took 2.848 seconds
[2024-06-22T08:01:24.639+0000] {processor.py:161} INFO - Started process (PID=37887) to work on /opt/airflow/dags/wikipedia_flow.py
[2024-06-22T08:01:24.659+0000] {processor.py:830} INFO - Processing file /opt/airflow/dags/wikipedia_flow.py for tasks to queue
[2024-06-22T08:01:24.661+0000] {logging_mixin.py:188} INFO - [2024-06-22T08:01:24.660+0000] {dagbag.py:545} INFO - Filling up the DagBag from /opt/airflow/dags/wikipedia_flow.py
[2024-06-22T08:01:24.666+0000] {logging_mixin.py:188} INFO - /opt/airflow
[2024-06-22T08:01:25.354+0000] {processor.py:840} INFO - DAG(s) 'wikipedia_flow' retrieved from /opt/airflow/dags/wikipedia_flow.py
[2024-06-22T08:01:25.413+0000] {logging_mixin.py:188} INFO - [2024-06-22T08:01:25.412+0000] {dag.py:3096} INFO - Sync 1 DAGs
[2024-06-22T08:01:25.441+0000] {logging_mixin.py:188} INFO - [2024-06-22T08:01:25.441+0000] {dag.py:3954} INFO - Setting next_dagrun for wikipedia_flow to None, run_after=None
[2024-06-22T08:01:25.509+0000] {processor.py:183} INFO - Processing /opt/airflow/dags/wikipedia_flow.py took 0.899 seconds
[2024-06-22T08:01:55.914+0000] {processor.py:161} INFO - Started process (PID=37904) to work on /opt/airflow/dags/wikipedia_flow.py
[2024-06-22T08:01:55.916+0000] {processor.py:830} INFO - Processing file /opt/airflow/dags/wikipedia_flow.py for tasks to queue
[2024-06-22T08:01:55.918+0000] {logging_mixin.py:188} INFO - [2024-06-22T08:01:55.917+0000] {dagbag.py:545} INFO - Filling up the DagBag from /opt/airflow/dags/wikipedia_flow.py
[2024-06-22T08:01:55.933+0000] {logging_mixin.py:188} INFO - /opt/airflow
[2024-06-22T08:01:57.385+0000] {processor.py:840} INFO - DAG(s) 'wikipedia_flow' retrieved from /opt/airflow/dags/wikipedia_flow.py
[2024-06-22T08:01:57.434+0000] {logging_mixin.py:188} INFO - [2024-06-22T08:01:57.433+0000] {dag.py:3096} INFO - Sync 1 DAGs
[2024-06-22T08:01:57.457+0000] {logging_mixin.py:188} INFO - [2024-06-22T08:01:57.456+0000] {dag.py:3954} INFO - Setting next_dagrun for wikipedia_flow to None, run_after=None
[2024-06-22T08:01:57.532+0000] {processor.py:183} INFO - Processing /opt/airflow/dags/wikipedia_flow.py took 1.713 seconds
[2024-06-22T08:02:27.836+0000] {processor.py:161} INFO - Started process (PID=37921) to work on /opt/airflow/dags/wikipedia_flow.py
[2024-06-22T08:02:27.895+0000] {processor.py:830} INFO - Processing file /opt/airflow/dags/wikipedia_flow.py for tasks to queue
[2024-06-22T08:02:27.898+0000] {logging_mixin.py:188} INFO - [2024-06-22T08:02:27.897+0000] {dagbag.py:545} INFO - Filling up the DagBag from /opt/airflow/dags/wikipedia_flow.py
[2024-06-22T08:02:27.903+0000] {logging_mixin.py:188} INFO - /opt/airflow
[2024-06-22T08:02:28.981+0000] {processor.py:840} INFO - DAG(s) 'wikipedia_flow' retrieved from /opt/airflow/dags/wikipedia_flow.py
[2024-06-22T08:02:29.057+0000] {logging_mixin.py:188} INFO - [2024-06-22T08:02:29.056+0000] {dag.py:3096} INFO - Sync 1 DAGs
[2024-06-22T08:02:29.088+0000] {logging_mixin.py:188} INFO - [2024-06-22T08:02:29.087+0000] {dag.py:3954} INFO - Setting next_dagrun for wikipedia_flow to None, run_after=None
[2024-06-22T08:02:29.410+0000] {processor.py:183} INFO - Processing /opt/airflow/dags/wikipedia_flow.py took 1.595 seconds
[2024-06-22T08:03:00.100+0000] {processor.py:161} INFO - Started process (PID=37938) to work on /opt/airflow/dags/wikipedia_flow.py
[2024-06-22T08:03:00.102+0000] {processor.py:830} INFO - Processing file /opt/airflow/dags/wikipedia_flow.py for tasks to queue
[2024-06-22T08:03:00.103+0000] {logging_mixin.py:188} INFO - [2024-06-22T08:03:00.103+0000] {dagbag.py:545} INFO - Filling up the DagBag from /opt/airflow/dags/wikipedia_flow.py
[2024-06-22T08:03:00.107+0000] {logging_mixin.py:188} INFO - /opt/airflow
[2024-06-22T08:03:01.043+0000] {processor.py:840} INFO - DAG(s) 'wikipedia_flow' retrieved from /opt/airflow/dags/wikipedia_flow.py
[2024-06-22T08:03:01.089+0000] {logging_mixin.py:188} INFO - [2024-06-22T08:03:01.087+0000] {dag.py:3096} INFO - Sync 1 DAGs
[2024-06-22T08:03:01.112+0000] {logging_mixin.py:188} INFO - [2024-06-22T08:03:01.112+0000] {dag.py:3954} INFO - Setting next_dagrun for wikipedia_flow to None, run_after=None
[2024-06-22T08:03:01.250+0000] {processor.py:183} INFO - Processing /opt/airflow/dags/wikipedia_flow.py took 1.170 seconds
[2024-06-22T08:03:31.565+0000] {processor.py:161} INFO - Started process (PID=37955) to work on /opt/airflow/dags/wikipedia_flow.py
[2024-06-22T08:03:31.590+0000] {processor.py:830} INFO - Processing file /opt/airflow/dags/wikipedia_flow.py for tasks to queue
[2024-06-22T08:03:31.592+0000] {logging_mixin.py:188} INFO - [2024-06-22T08:03:31.591+0000] {dagbag.py:545} INFO - Filling up the DagBag from /opt/airflow/dags/wikipedia_flow.py
[2024-06-22T08:03:31.598+0000] {logging_mixin.py:188} INFO - /opt/airflow
[2024-06-22T08:03:33.241+0000] {processor.py:840} INFO - DAG(s) 'wikipedia_flow' retrieved from /opt/airflow/dags/wikipedia_flow.py
[2024-06-22T08:03:33.338+0000] {logging_mixin.py:188} INFO - [2024-06-22T08:03:33.336+0000] {dag.py:3096} INFO - Sync 1 DAGs
[2024-06-22T08:03:33.376+0000] {logging_mixin.py:188} INFO - [2024-06-22T08:03:33.374+0000] {dag.py:3954} INFO - Setting next_dagrun for wikipedia_flow to None, run_after=None
[2024-06-22T08:03:33.538+0000] {processor.py:183} INFO - Processing /opt/airflow/dags/wikipedia_flow.py took 2.009 seconds
[2024-06-22T08:04:03.845+0000] {processor.py:161} INFO - Started process (PID=37972) to work on /opt/airflow/dags/wikipedia_flow.py
[2024-06-22T08:04:03.847+0000] {processor.py:830} INFO - Processing file /opt/airflow/dags/wikipedia_flow.py for tasks to queue
[2024-06-22T08:04:03.850+0000] {logging_mixin.py:188} INFO - [2024-06-22T08:04:03.849+0000] {dagbag.py:545} INFO - Filling up the DagBag from /opt/airflow/dags/wikipedia_flow.py
[2024-06-22T08:04:03.854+0000] {logging_mixin.py:188} INFO - /opt/airflow
[2024-06-22T08:04:04.608+0000] {processor.py:840} INFO - DAG(s) 'wikipedia_flow' retrieved from /opt/airflow/dags/wikipedia_flow.py
[2024-06-22T08:04:04.665+0000] {logging_mixin.py:188} INFO - [2024-06-22T08:04:04.664+0000] {dag.py:3096} INFO - Sync 1 DAGs
[2024-06-22T08:04:04.692+0000] {logging_mixin.py:188} INFO - [2024-06-22T08:04:04.692+0000] {dag.py:3954} INFO - Setting next_dagrun for wikipedia_flow to None, run_after=None
[2024-06-22T08:04:04.762+0000] {processor.py:183} INFO - Processing /opt/airflow/dags/wikipedia_flow.py took 0.943 seconds
[2024-06-22T08:04:35.447+0000] {processor.py:161} INFO - Started process (PID=37989) to work on /opt/airflow/dags/wikipedia_flow.py
[2024-06-22T08:04:35.480+0000] {processor.py:830} INFO - Processing file /opt/airflow/dags/wikipedia_flow.py for tasks to queue
[2024-06-22T08:04:35.483+0000] {logging_mixin.py:188} INFO - [2024-06-22T08:04:35.482+0000] {dagbag.py:545} INFO - Filling up the DagBag from /opt/airflow/dags/wikipedia_flow.py
[2024-06-22T08:04:35.488+0000] {logging_mixin.py:188} INFO - /opt/airflow
[2024-06-22T08:04:36.545+0000] {processor.py:840} INFO - DAG(s) 'wikipedia_flow' retrieved from /opt/airflow/dags/wikipedia_flow.py
[2024-06-22T08:04:36.620+0000] {logging_mixin.py:188} INFO - [2024-06-22T08:04:36.619+0000] {dag.py:3096} INFO - Sync 1 DAGs
[2024-06-22T08:04:36.680+0000] {logging_mixin.py:188} INFO - [2024-06-22T08:04:36.680+0000] {dag.py:3954} INFO - Setting next_dagrun for wikipedia_flow to None, run_after=None
[2024-06-22T08:04:36.922+0000] {processor.py:183} INFO - Processing /opt/airflow/dags/wikipedia_flow.py took 1.505 seconds
[2024-06-22T08:05:07.391+0000] {processor.py:161} INFO - Started process (PID=38006) to work on /opt/airflow/dags/wikipedia_flow.py
[2024-06-22T08:05:07.397+0000] {processor.py:830} INFO - Processing file /opt/airflow/dags/wikipedia_flow.py for tasks to queue
[2024-06-22T08:05:07.400+0000] {logging_mixin.py:188} INFO - [2024-06-22T08:05:07.399+0000] {dagbag.py:545} INFO - Filling up the DagBag from /opt/airflow/dags/wikipedia_flow.py
[2024-06-22T08:05:07.415+0000] {logging_mixin.py:188} INFO - /opt/airflow
[2024-06-22T08:05:08.633+0000] {processor.py:840} INFO - DAG(s) 'wikipedia_flow' retrieved from /opt/airflow/dags/wikipedia_flow.py
[2024-06-22T08:05:08.762+0000] {logging_mixin.py:188} INFO - [2024-06-22T08:05:08.750+0000] {dag.py:3096} INFO - Sync 1 DAGs
[2024-06-22T08:05:08.811+0000] {logging_mixin.py:188} INFO - [2024-06-22T08:05:08.810+0000] {dag.py:3954} INFO - Setting next_dagrun for wikipedia_flow to None, run_after=None
[2024-06-22T08:05:09.006+0000] {processor.py:183} INFO - Processing /opt/airflow/dags/wikipedia_flow.py took 1.700 seconds
[2024-06-22T08:05:39.396+0000] {processor.py:161} INFO - Started process (PID=38023) to work on /opt/airflow/dags/wikipedia_flow.py
[2024-06-22T08:05:39.418+0000] {processor.py:830} INFO - Processing file /opt/airflow/dags/wikipedia_flow.py for tasks to queue
[2024-06-22T08:05:39.421+0000] {logging_mixin.py:188} INFO - [2024-06-22T08:05:39.419+0000] {dagbag.py:545} INFO - Filling up the DagBag from /opt/airflow/dags/wikipedia_flow.py
[2024-06-22T08:05:39.437+0000] {logging_mixin.py:188} INFO - /opt/airflow
[2024-06-22T08:05:41.585+0000] {processor.py:840} INFO - DAG(s) 'wikipedia_flow' retrieved from /opt/airflow/dags/wikipedia_flow.py
[2024-06-22T08:05:41.644+0000] {logging_mixin.py:188} INFO - [2024-06-22T08:05:41.643+0000] {dag.py:3096} INFO - Sync 1 DAGs
[2024-06-22T08:05:41.711+0000] {logging_mixin.py:188} INFO - [2024-06-22T08:05:41.711+0000] {dag.py:3954} INFO - Setting next_dagrun for wikipedia_flow to None, run_after=None
[2024-06-22T08:05:42.080+0000] {processor.py:183} INFO - Processing /opt/airflow/dags/wikipedia_flow.py took 2.751 seconds
[2024-06-22T08:06:12.383+0000] {processor.py:161} INFO - Started process (PID=38040) to work on /opt/airflow/dags/wikipedia_flow.py
[2024-06-22T08:06:12.394+0000] {processor.py:830} INFO - Processing file /opt/airflow/dags/wikipedia_flow.py for tasks to queue
[2024-06-22T08:06:12.396+0000] {logging_mixin.py:188} INFO - [2024-06-22T08:06:12.395+0000] {dagbag.py:545} INFO - Filling up the DagBag from /opt/airflow/dags/wikipedia_flow.py
[2024-06-22T08:06:12.401+0000] {logging_mixin.py:188} INFO - /opt/airflow
[2024-06-22T08:06:13.200+0000] {processor.py:840} INFO - DAG(s) 'wikipedia_flow' retrieved from /opt/airflow/dags/wikipedia_flow.py
[2024-06-22T08:06:13.281+0000] {logging_mixin.py:188} INFO - [2024-06-22T08:06:13.277+0000] {dag.py:3096} INFO - Sync 1 DAGs
[2024-06-22T08:06:13.327+0000] {logging_mixin.py:188} INFO - [2024-06-22T08:06:13.326+0000] {dag.py:3954} INFO - Setting next_dagrun for wikipedia_flow to None, run_after=None
[2024-06-22T08:06:13.473+0000] {processor.py:183} INFO - Processing /opt/airflow/dags/wikipedia_flow.py took 1.121 seconds
[2024-06-22T08:06:43.886+0000] {processor.py:161} INFO - Started process (PID=38063) to work on /opt/airflow/dags/wikipedia_flow.py
[2024-06-22T08:06:43.888+0000] {processor.py:830} INFO - Processing file /opt/airflow/dags/wikipedia_flow.py for tasks to queue
[2024-06-22T08:06:43.890+0000] {logging_mixin.py:188} INFO - [2024-06-22T08:06:43.889+0000] {dagbag.py:545} INFO - Filling up the DagBag from /opt/airflow/dags/wikipedia_flow.py
[2024-06-22T08:06:43.895+0000] {logging_mixin.py:188} INFO - /opt/airflow
[2024-06-22T08:06:44.790+0000] {processor.py:840} INFO - DAG(s) 'wikipedia_flow' retrieved from /opt/airflow/dags/wikipedia_flow.py
[2024-06-22T08:06:44.867+0000] {logging_mixin.py:188} INFO - [2024-06-22T08:06:44.866+0000] {dag.py:3096} INFO - Sync 1 DAGs
[2024-06-22T08:06:44.904+0000] {logging_mixin.py:188} INFO - [2024-06-22T08:06:44.903+0000] {dag.py:3954} INFO - Setting next_dagrun for wikipedia_flow to None, run_after=None
[2024-06-22T08:06:44.995+0000] {processor.py:183} INFO - Processing /opt/airflow/dags/wikipedia_flow.py took 1.136 seconds
[2024-06-22T08:07:15.357+0000] {processor.py:161} INFO - Started process (PID=38080) to work on /opt/airflow/dags/wikipedia_flow.py
[2024-06-22T08:07:15.372+0000] {processor.py:830} INFO - Processing file /opt/airflow/dags/wikipedia_flow.py for tasks to queue
[2024-06-22T08:07:15.374+0000] {logging_mixin.py:188} INFO - [2024-06-22T08:07:15.373+0000] {dagbag.py:545} INFO - Filling up the DagBag from /opt/airflow/dags/wikipedia_flow.py
[2024-06-22T08:07:15.378+0000] {logging_mixin.py:188} INFO - /opt/airflow
[2024-06-22T08:07:16.128+0000] {processor.py:840} INFO - DAG(s) 'wikipedia_flow' retrieved from /opt/airflow/dags/wikipedia_flow.py
[2024-06-22T08:07:16.238+0000] {logging_mixin.py:188} INFO - [2024-06-22T08:07:16.237+0000] {dag.py:3096} INFO - Sync 1 DAGs
[2024-06-22T08:07:16.284+0000] {logging_mixin.py:188} INFO - [2024-06-22T08:07:16.284+0000] {dag.py:3954} INFO - Setting next_dagrun for wikipedia_flow to None, run_after=None
[2024-06-22T08:07:16.356+0000] {processor.py:183} INFO - Processing /opt/airflow/dags/wikipedia_flow.py took 1.029 seconds
[2024-06-22T08:07:46.633+0000] {processor.py:161} INFO - Started process (PID=38097) to work on /opt/airflow/dags/wikipedia_flow.py
[2024-06-22T08:07:46.635+0000] {processor.py:830} INFO - Processing file /opt/airflow/dags/wikipedia_flow.py for tasks to queue
[2024-06-22T08:07:46.636+0000] {logging_mixin.py:188} INFO - [2024-06-22T08:07:46.636+0000] {dagbag.py:545} INFO - Filling up the DagBag from /opt/airflow/dags/wikipedia_flow.py
[2024-06-22T08:07:46.640+0000] {logging_mixin.py:188} INFO - /opt/airflow
[2024-06-22T08:07:47.643+0000] {processor.py:840} INFO - DAG(s) 'wikipedia_flow' retrieved from /opt/airflow/dags/wikipedia_flow.py
[2024-06-22T08:07:47.693+0000] {logging_mixin.py:188} INFO - [2024-06-22T08:07:47.692+0000] {dag.py:3096} INFO - Sync 1 DAGs
[2024-06-22T08:07:47.719+0000] {logging_mixin.py:188} INFO - [2024-06-22T08:07:47.718+0000] {dag.py:3954} INFO - Setting next_dagrun for wikipedia_flow to None, run_after=None
[2024-06-22T08:07:47.878+0000] {processor.py:183} INFO - Processing /opt/airflow/dags/wikipedia_flow.py took 1.266 seconds
[2024-06-22T08:08:18.007+0000] {processor.py:161} INFO - Started process (PID=38114) to work on /opt/airflow/dags/wikipedia_flow.py
[2024-06-22T08:08:18.025+0000] {processor.py:830} INFO - Processing file /opt/airflow/dags/wikipedia_flow.py for tasks to queue
[2024-06-22T08:08:18.028+0000] {logging_mixin.py:188} INFO - [2024-06-22T08:08:18.027+0000] {dagbag.py:545} INFO - Filling up the DagBag from /opt/airflow/dags/wikipedia_flow.py
[2024-06-22T08:08:18.033+0000] {logging_mixin.py:188} INFO - /opt/airflow
[2024-06-22T08:08:19.517+0000] {processor.py:840} INFO - DAG(s) 'wikipedia_flow' retrieved from /opt/airflow/dags/wikipedia_flow.py
[2024-06-22T08:08:19.644+0000] {logging_mixin.py:188} INFO - [2024-06-22T08:08:19.643+0000] {dag.py:3096} INFO - Sync 1 DAGs
[2024-06-22T08:08:19.674+0000] {logging_mixin.py:188} INFO - [2024-06-22T08:08:19.673+0000] {dag.py:3954} INFO - Setting next_dagrun for wikipedia_flow to None, run_after=None
[2024-06-22T08:08:20.272+0000] {processor.py:183} INFO - Processing /opt/airflow/dags/wikipedia_flow.py took 2.333 seconds
