[2024-06-11T07:02:03.036+0000] {local_task_job_runner.py:120} INFO - ::group::Pre task execution logs
[2024-06-11T07:02:03.349+0000] {taskinstance.py:2076} INFO - Dependencies all met for dep_context=non-requeueable deps ti=<TaskInstance: example_bash_operator.also_run_this manual__2024-06-11T07:01:44+00:00 [queued]>
[2024-06-11T07:02:03.439+0000] {taskinstance.py:2076} INFO - Dependencies all met for dep_context=requeueable deps ti=<TaskInstance: example_bash_operator.also_run_this manual__2024-06-11T07:01:44+00:00 [queued]>
[2024-06-11T07:02:03.446+0000] {taskinstance.py:2306} INFO - Starting attempt 1 of 1
[2024-06-11T07:02:03.723+0000] {taskinstance.py:2330} INFO - Executing <Task(BashOperator): also_run_this> on 2024-06-11 07:01:44+00:00
[2024-06-11T07:02:03.810+0000] {standard_task_runner.py:90} INFO - Running: ['***', 'tasks', 'run', 'example_bash_operator', 'also_run_this', 'manual__2024-06-11T07:01:44+00:00', '--job-id', '10', '--raw', '--subdir', '/home/***/.local/lib/python3.12/site-packages/***/example_dags/example_bash_operator.py', '--cfg-path', '/tmp/tmpq1sudwu0']
[2024-06-11T07:02:03.821+0000] {standard_task_runner.py:91} INFO - Job 10: Subtask also_run_this
[2024-06-11T07:02:03.889+0000] {logging_mixin.py:188} WARNING - /home/***/.local/lib/python3.12/site-packages/***/task/task_runner/standard_task_runner.py:61 DeprecationWarning: This process (pid=32825) is multi-threaded, use of fork() may lead to deadlocks in the child.
[2024-06-11T07:02:03.894+0000] {standard_task_runner.py:63} INFO - Started process 32912 to run task
[2024-06-11T07:02:04.335+0000] {task_command.py:426} INFO - Running <TaskInstance: example_bash_operator.also_run_this manual__2024-06-11T07:01:44+00:00 [running]> on host 18fd71a5c6db
[2024-06-11T07:02:05.691+0000] {taskinstance.py:2648} INFO - Exporting env vars: AIRFLOW_CTX_DAG_OWNER='***' AIRFLOW_CTX_DAG_ID='example_bash_operator' AIRFLOW_CTX_TASK_ID='also_run_this' AIRFLOW_CTX_EXECUTION_DATE='2024-06-11T07:01:44+00:00' AIRFLOW_CTX_TRY_NUMBER='1' AIRFLOW_CTX_DAG_RUN_ID='manual__2024-06-11T07:01:44+00:00'
[2024-06-11T07:02:05.713+0000] {taskinstance.py:430} INFO - ::endgroup::
[2024-06-11T07:02:05.732+0000] {subprocess.py:63} INFO - Tmp dir root location: /tmp
[2024-06-11T07:02:05.745+0000] {subprocess.py:75} INFO - Running command: ['/usr/bin/bash', '-c', 'echo "ti_key=example_bash_operator__also_run_this__20240611"']
[2024-06-11T07:02:05.804+0000] {subprocess.py:86} INFO - Output:
[2024-06-11T07:02:06.100+0000] {subprocess.py:93} INFO - ti_key=example_bash_operator__also_run_this__20240611
[2024-06-11T07:02:06.101+0000] {subprocess.py:97} INFO - Command exited with return code 0
[2024-06-11T07:02:06.103+0000] {taskinstance.py:441} INFO - ::group::Post task execution logs
[2024-06-11T07:02:06.383+0000] {taskinstance.py:1206} INFO - Marking task as SUCCESS. dag_id=example_bash_operator, task_id=also_run_this, run_id=manual__2024-06-11T07:01:44+00:00, execution_date=20240611T070144, start_date=20240611T070203, end_date=20240611T070206
[2024-06-11T07:02:06.718+0000] {local_task_job_runner.py:240} INFO - Task exited with return code 0
[2024-06-11T07:02:06.840+0000] {taskinstance.py:3498} INFO - 0 downstream tasks scheduled from follow-on schedule check
[2024-06-11T07:02:07.110+0000] {local_task_job_runner.py:222} INFO - ::endgroup::
