[2024-06-16T13:54:08.364+0000] {processor.py:161} INFO - Started process (PID=356) to work on /opt/airflow/dags/wikipedia_flow.py
[2024-06-16T13:54:08.381+0000] {processor.py:830} INFO - Processing file /opt/airflow/dags/wikipedia_flow.py for tasks to queue
[2024-06-16T13:54:08.401+0000] {logging_mixin.py:188} INFO - [2024-06-16T13:54:08.400+0000] {dagbag.py:545} INFO - Filling up the DagBag from /opt/airflow/dags/wikipedia_flow.py
[2024-06-16T13:54:09.116+0000] {processor.py:840} INFO - DAG(s) 'wikipedia_flow' retrieved from /opt/airflow/dags/wikipedia_flow.py
[2024-06-16T13:54:11.282+0000] {logging_mixin.py:188} INFO - [2024-06-16T13:54:11.280+0000] {override.py:1829} INFO - Created Permission View: can edit on DAG:wikipedia_flow
[2024-06-16T13:54:11.347+0000] {logging_mixin.py:188} INFO - [2024-06-16T13:54:11.347+0000] {override.py:1829} INFO - Created Permission View: can read on DAG:wikipedia_flow
[2024-06-16T13:54:11.388+0000] {logging_mixin.py:188} INFO - [2024-06-16T13:54:11.387+0000] {override.py:1829} INFO - Created Permission View: can delete on DAG:wikipedia_flow
[2024-06-16T13:54:11.390+0000] {logging_mixin.py:188} INFO - [2024-06-16T13:54:11.389+0000] {dag.py:3096} INFO - Sync 1 DAGs
[2024-06-16T13:54:11.419+0000] {logging_mixin.py:188} INFO - [2024-06-16T13:54:11.418+0000] {dag.py:3118} INFO - Creating ORM DAG for wikipedia_flow
[2024-06-16T13:54:11.421+0000] {logging_mixin.py:188} INFO - [2024-06-16T13:54:11.420+0000] {dag.py:3954} INFO - Setting next_dagrun for wikipedia_flow to None, run_after=None
[2024-06-16T13:54:11.511+0000] {processor.py:183} INFO - Processing /opt/airflow/dags/wikipedia_flow.py took 3.171 seconds
[2024-06-16T13:54:42.118+0000] {processor.py:161} INFO - Started process (PID=368) to work on /opt/airflow/dags/wikipedia_flow.py
[2024-06-16T13:54:42.120+0000] {processor.py:830} INFO - Processing file /opt/airflow/dags/wikipedia_flow.py for tasks to queue
[2024-06-16T13:54:42.124+0000] {logging_mixin.py:188} INFO - [2024-06-16T13:54:42.123+0000] {dagbag.py:545} INFO - Filling up the DagBag from /opt/airflow/dags/wikipedia_flow.py
[2024-06-16T13:54:42.178+0000] {processor.py:840} INFO - DAG(s) 'wikipedia_flow' retrieved from /opt/airflow/dags/wikipedia_flow.py
[2024-06-16T13:54:42.217+0000] {logging_mixin.py:188} INFO - [2024-06-16T13:54:42.216+0000] {dag.py:3096} INFO - Sync 1 DAGs
[2024-06-16T13:54:42.256+0000] {logging_mixin.py:188} INFO - [2024-06-16T13:54:42.255+0000] {dag.py:3954} INFO - Setting next_dagrun for wikipedia_flow to None, run_after=None
[2024-06-16T13:54:42.330+0000] {processor.py:183} INFO - Processing /opt/airflow/dags/wikipedia_flow.py took 0.227 seconds
[2024-06-16T13:55:12.655+0000] {processor.py:161} INFO - Started process (PID=379) to work on /opt/airflow/dags/wikipedia_flow.py
[2024-06-16T13:55:12.658+0000] {processor.py:830} INFO - Processing file /opt/airflow/dags/wikipedia_flow.py for tasks to queue
[2024-06-16T13:55:12.661+0000] {logging_mixin.py:188} INFO - [2024-06-16T13:55:12.661+0000] {dagbag.py:545} INFO - Filling up the DagBag from /opt/airflow/dags/wikipedia_flow.py
[2024-06-16T13:55:12.695+0000] {processor.py:840} INFO - DAG(s) 'wikipedia_flow' retrieved from /opt/airflow/dags/wikipedia_flow.py
[2024-06-16T13:55:12.728+0000] {logging_mixin.py:188} INFO - [2024-06-16T13:55:12.728+0000] {dag.py:3096} INFO - Sync 1 DAGs
[2024-06-16T13:55:12.754+0000] {logging_mixin.py:188} INFO - [2024-06-16T13:55:12.753+0000] {dag.py:3954} INFO - Setting next_dagrun for wikipedia_flow to None, run_after=None
[2024-06-16T13:55:12.808+0000] {processor.py:183} INFO - Processing /opt/airflow/dags/wikipedia_flow.py took 0.168 seconds
[2024-06-16T13:55:43.151+0000] {processor.py:161} INFO - Started process (PID=390) to work on /opt/airflow/dags/wikipedia_flow.py
[2024-06-16T13:55:43.159+0000] {processor.py:830} INFO - Processing file /opt/airflow/dags/wikipedia_flow.py for tasks to queue
[2024-06-16T13:55:43.168+0000] {logging_mixin.py:188} INFO - [2024-06-16T13:55:43.167+0000] {dagbag.py:545} INFO - Filling up the DagBag from /opt/airflow/dags/wikipedia_flow.py
[2024-06-16T13:55:43.226+0000] {processor.py:840} INFO - DAG(s) 'wikipedia_flow' retrieved from /opt/airflow/dags/wikipedia_flow.py
[2024-06-16T13:55:43.298+0000] {logging_mixin.py:188} INFO - [2024-06-16T13:55:43.297+0000] {dag.py:3096} INFO - Sync 1 DAGs
[2024-06-16T13:55:43.375+0000] {logging_mixin.py:188} INFO - [2024-06-16T13:55:43.374+0000] {dag.py:3954} INFO - Setting next_dagrun for wikipedia_flow to None, run_after=None
[2024-06-16T13:55:43.583+0000] {processor.py:183} INFO - Processing /opt/airflow/dags/wikipedia_flow.py took 0.448 seconds
[2024-06-16T13:56:14.283+0000] {processor.py:161} INFO - Started process (PID=401) to work on /opt/airflow/dags/wikipedia_flow.py
[2024-06-16T13:56:14.285+0000] {processor.py:830} INFO - Processing file /opt/airflow/dags/wikipedia_flow.py for tasks to queue
[2024-06-16T13:56:14.288+0000] {logging_mixin.py:188} INFO - [2024-06-16T13:56:14.288+0000] {dagbag.py:545} INFO - Filling up the DagBag from /opt/airflow/dags/wikipedia_flow.py
[2024-06-16T13:56:14.336+0000] {processor.py:840} INFO - DAG(s) 'wikipedia_flow' retrieved from /opt/airflow/dags/wikipedia_flow.py
[2024-06-16T13:56:14.384+0000] {logging_mixin.py:188} INFO - [2024-06-16T13:56:14.383+0000] {dag.py:3096} INFO - Sync 1 DAGs
[2024-06-16T13:56:14.429+0000] {logging_mixin.py:188} INFO - [2024-06-16T13:56:14.428+0000] {dag.py:3954} INFO - Setting next_dagrun for wikipedia_flow to None, run_after=None
[2024-06-16T13:56:14.515+0000] {processor.py:183} INFO - Processing /opt/airflow/dags/wikipedia_flow.py took 0.248 seconds
[2024-06-16T13:56:44.706+0000] {processor.py:161} INFO - Started process (PID=412) to work on /opt/airflow/dags/wikipedia_flow.py
[2024-06-16T13:56:44.708+0000] {processor.py:830} INFO - Processing file /opt/airflow/dags/wikipedia_flow.py for tasks to queue
[2024-06-16T13:56:44.711+0000] {logging_mixin.py:188} INFO - [2024-06-16T13:56:44.711+0000] {dagbag.py:545} INFO - Filling up the DagBag from /opt/airflow/dags/wikipedia_flow.py
[2024-06-16T13:56:44.741+0000] {processor.py:840} INFO - DAG(s) 'wikipedia_flow' retrieved from /opt/airflow/dags/wikipedia_flow.py
[2024-06-16T13:56:44.772+0000] {logging_mixin.py:188} INFO - [2024-06-16T13:56:44.772+0000] {dag.py:3096} INFO - Sync 1 DAGs
[2024-06-16T13:56:44.798+0000] {logging_mixin.py:188} INFO - [2024-06-16T13:56:44.797+0000] {dag.py:3954} INFO - Setting next_dagrun for wikipedia_flow to None, run_after=None
[2024-06-16T13:56:44.861+0000] {processor.py:183} INFO - Processing /opt/airflow/dags/wikipedia_flow.py took 0.168 seconds
[2024-06-16T13:57:15.424+0000] {processor.py:161} INFO - Started process (PID=423) to work on /opt/airflow/dags/wikipedia_flow.py
[2024-06-16T13:57:15.426+0000] {processor.py:830} INFO - Processing file /opt/airflow/dags/wikipedia_flow.py for tasks to queue
[2024-06-16T13:57:15.430+0000] {logging_mixin.py:188} INFO - [2024-06-16T13:57:15.429+0000] {dagbag.py:545} INFO - Filling up the DagBag from /opt/airflow/dags/wikipedia_flow.py
[2024-06-16T13:57:15.471+0000] {processor.py:840} INFO - DAG(s) 'wikipedia_flow' retrieved from /opt/airflow/dags/wikipedia_flow.py
[2024-06-16T13:57:15.522+0000] {logging_mixin.py:188} INFO - [2024-06-16T13:57:15.521+0000] {dag.py:3096} INFO - Sync 1 DAGs
[2024-06-16T13:57:15.562+0000] {logging_mixin.py:188} INFO - [2024-06-16T13:57:15.562+0000] {dag.py:3954} INFO - Setting next_dagrun for wikipedia_flow to None, run_after=None
[2024-06-16T13:57:15.651+0000] {processor.py:183} INFO - Processing /opt/airflow/dags/wikipedia_flow.py took 0.242 seconds
[2024-06-16T13:57:45.866+0000] {processor.py:161} INFO - Started process (PID=435) to work on /opt/airflow/dags/wikipedia_flow.py
[2024-06-16T13:57:45.869+0000] {processor.py:830} INFO - Processing file /opt/airflow/dags/wikipedia_flow.py for tasks to queue
[2024-06-16T13:57:45.873+0000] {logging_mixin.py:188} INFO - [2024-06-16T13:57:45.872+0000] {dagbag.py:545} INFO - Filling up the DagBag from /opt/airflow/dags/wikipedia_flow.py
[2024-06-16T13:57:45.904+0000] {processor.py:840} INFO - DAG(s) 'wikipedia_flow' retrieved from /opt/airflow/dags/wikipedia_flow.py
[2024-06-16T13:57:45.935+0000] {logging_mixin.py:188} INFO - [2024-06-16T13:57:45.935+0000] {dag.py:3096} INFO - Sync 1 DAGs
[2024-06-16T13:57:45.961+0000] {logging_mixin.py:188} INFO - [2024-06-16T13:57:45.960+0000] {dag.py:3954} INFO - Setting next_dagrun for wikipedia_flow to None, run_after=None
[2024-06-16T13:57:46.071+0000] {processor.py:183} INFO - Processing /opt/airflow/dags/wikipedia_flow.py took 0.219 seconds
[2024-06-16T13:58:16.809+0000] {processor.py:161} INFO - Started process (PID=446) to work on /opt/airflow/dags/wikipedia_flow.py
[2024-06-16T13:58:16.822+0000] {processor.py:830} INFO - Processing file /opt/airflow/dags/wikipedia_flow.py for tasks to queue
[2024-06-16T13:58:16.827+0000] {logging_mixin.py:188} INFO - [2024-06-16T13:58:16.826+0000] {dagbag.py:545} INFO - Filling up the DagBag from /opt/airflow/dags/wikipedia_flow.py
[2024-06-16T13:58:16.871+0000] {processor.py:840} INFO - DAG(s) 'wikipedia_flow' retrieved from /opt/airflow/dags/wikipedia_flow.py
[2024-06-16T13:58:16.947+0000] {logging_mixin.py:188} INFO - [2024-06-16T13:58:16.946+0000] {dag.py:3096} INFO - Sync 1 DAGs
[2024-06-16T13:58:17.021+0000] {logging_mixin.py:188} INFO - [2024-06-16T13:58:17.020+0000] {dag.py:3954} INFO - Setting next_dagrun for wikipedia_flow to None, run_after=None
[2024-06-16T13:58:17.147+0000] {processor.py:183} INFO - Processing /opt/airflow/dags/wikipedia_flow.py took 0.388 seconds
[2024-06-16T13:58:47.407+0000] {processor.py:161} INFO - Started process (PID=458) to work on /opt/airflow/dags/wikipedia_flow.py
[2024-06-16T13:58:47.409+0000] {processor.py:830} INFO - Processing file /opt/airflow/dags/wikipedia_flow.py for tasks to queue
[2024-06-16T13:58:47.415+0000] {logging_mixin.py:188} INFO - [2024-06-16T13:58:47.414+0000] {dagbag.py:545} INFO - Filling up the DagBag from /opt/airflow/dags/wikipedia_flow.py
[2024-06-16T13:58:47.494+0000] {processor.py:840} INFO - DAG(s) 'wikipedia_flow' retrieved from /opt/airflow/dags/wikipedia_flow.py
[2024-06-16T13:58:47.546+0000] {logging_mixin.py:188} INFO - [2024-06-16T13:58:47.545+0000] {dag.py:3096} INFO - Sync 1 DAGs
[2024-06-16T13:58:47.602+0000] {logging_mixin.py:188} INFO - [2024-06-16T13:58:47.602+0000] {dag.py:3954} INFO - Setting next_dagrun for wikipedia_flow to None, run_after=None
[2024-06-16T13:58:47.741+0000] {processor.py:183} INFO - Processing /opt/airflow/dags/wikipedia_flow.py took 0.353 seconds
[2024-06-16T13:59:18.001+0000] {processor.py:161} INFO - Started process (PID=469) to work on /opt/airflow/dags/wikipedia_flow.py
[2024-06-16T13:59:18.003+0000] {processor.py:830} INFO - Processing file /opt/airflow/dags/wikipedia_flow.py for tasks to queue
[2024-06-16T13:59:18.008+0000] {logging_mixin.py:188} INFO - [2024-06-16T13:59:18.006+0000] {dagbag.py:545} INFO - Filling up the DagBag from /opt/airflow/dags/wikipedia_flow.py
[2024-06-16T13:59:18.043+0000] {processor.py:840} INFO - DAG(s) 'wikipedia_flow' retrieved from /opt/airflow/dags/wikipedia_flow.py
[2024-06-16T13:59:18.108+0000] {logging_mixin.py:188} INFO - [2024-06-16T13:59:18.102+0000] {dag.py:3096} INFO - Sync 1 DAGs
[2024-06-16T13:59:18.169+0000] {logging_mixin.py:188} INFO - [2024-06-16T13:59:18.169+0000] {dag.py:3954} INFO - Setting next_dagrun for wikipedia_flow to None, run_after=None
[2024-06-16T13:59:18.394+0000] {processor.py:183} INFO - Processing /opt/airflow/dags/wikipedia_flow.py took 0.407 seconds
[2024-06-16T13:59:48.715+0000] {processor.py:161} INFO - Started process (PID=480) to work on /opt/airflow/dags/wikipedia_flow.py
[2024-06-16T13:59:48.729+0000] {processor.py:830} INFO - Processing file /opt/airflow/dags/wikipedia_flow.py for tasks to queue
[2024-06-16T13:59:48.735+0000] {logging_mixin.py:188} INFO - [2024-06-16T13:59:48.734+0000] {dagbag.py:545} INFO - Filling up the DagBag from /opt/airflow/dags/wikipedia_flow.py
[2024-06-16T13:59:48.981+0000] {processor.py:840} INFO - DAG(s) 'wikipedia_flow' retrieved from /opt/airflow/dags/wikipedia_flow.py
[2024-06-16T13:59:49.129+0000] {logging_mixin.py:188} INFO - [2024-06-16T13:59:49.128+0000] {dag.py:3096} INFO - Sync 1 DAGs
[2024-06-16T13:59:49.275+0000] {logging_mixin.py:188} INFO - [2024-06-16T13:59:49.258+0000] {dag.py:3954} INFO - Setting next_dagrun for wikipedia_flow to None, run_after=None
[2024-06-16T13:59:49.667+0000] {processor.py:183} INFO - Processing /opt/airflow/dags/wikipedia_flow.py took 0.980 seconds
[2024-06-16T14:00:20.201+0000] {processor.py:161} INFO - Started process (PID=496) to work on /opt/airflow/dags/wikipedia_flow.py
[2024-06-16T14:00:20.203+0000] {processor.py:830} INFO - Processing file /opt/airflow/dags/wikipedia_flow.py for tasks to queue
[2024-06-16T14:00:20.209+0000] {logging_mixin.py:188} INFO - [2024-06-16T14:00:20.208+0000] {dagbag.py:545} INFO - Filling up the DagBag from /opt/airflow/dags/wikipedia_flow.py
[2024-06-16T14:00:20.241+0000] {processor.py:840} INFO - DAG(s) 'wikipedia_flow' retrieved from /opt/airflow/dags/wikipedia_flow.py
[2024-06-16T14:00:20.272+0000] {logging_mixin.py:188} INFO - [2024-06-16T14:00:20.271+0000] {dag.py:3096} INFO - Sync 1 DAGs
[2024-06-16T14:00:20.302+0000] {logging_mixin.py:188} INFO - [2024-06-16T14:00:20.301+0000] {dag.py:3954} INFO - Setting next_dagrun for wikipedia_flow to None, run_after=None
[2024-06-16T14:00:20.435+0000] {processor.py:183} INFO - Processing /opt/airflow/dags/wikipedia_flow.py took 0.245 seconds
[2024-06-16T14:00:50.659+0000] {processor.py:161} INFO - Started process (PID=506) to work on /opt/airflow/dags/wikipedia_flow.py
[2024-06-16T14:00:50.660+0000] {processor.py:830} INFO - Processing file /opt/airflow/dags/wikipedia_flow.py for tasks to queue
[2024-06-16T14:00:50.665+0000] {logging_mixin.py:188} INFO - [2024-06-16T14:00:50.664+0000] {dagbag.py:545} INFO - Filling up the DagBag from /opt/airflow/dags/wikipedia_flow.py
[2024-06-16T14:00:50.700+0000] {processor.py:840} INFO - DAG(s) 'wikipedia_flow' retrieved from /opt/airflow/dags/wikipedia_flow.py
[2024-06-16T14:00:50.739+0000] {logging_mixin.py:188} INFO - [2024-06-16T14:00:50.738+0000] {dag.py:3096} INFO - Sync 1 DAGs
[2024-06-16T14:00:50.772+0000] {logging_mixin.py:188} INFO - [2024-06-16T14:00:50.771+0000] {dag.py:3954} INFO - Setting next_dagrun for wikipedia_flow to None, run_after=None
[2024-06-16T14:00:50.903+0000] {processor.py:183} INFO - Processing /opt/airflow/dags/wikipedia_flow.py took 0.259 seconds
[2024-06-16T14:01:00.145+0000] {processor.py:161} INFO - Started process (PID=511) to work on /opt/airflow/dags/wikipedia_flow.py
[2024-06-16T14:01:00.147+0000] {processor.py:830} INFO - Processing file /opt/airflow/dags/wikipedia_flow.py for tasks to queue
[2024-06-16T14:01:00.151+0000] {logging_mixin.py:188} INFO - [2024-06-16T14:01:00.151+0000] {dagbag.py:545} INFO - Filling up the DagBag from /opt/airflow/dags/wikipedia_flow.py
[2024-06-16T14:01:00.241+0000] {logging_mixin.py:188} INFO - [2024-06-16T14:01:00.233+0000] {dagbag.py:355} ERROR - Failed to import: /opt/airflow/dags/wikipedia_flow.py
Traceback (most recent call last):
  File "/home/airflow/.local/lib/python3.12/site-packages/airflow/models/dagbag.py", line 351, in parse
    loader.exec_module(new_module)
  File "<frozen importlib._bootstrap_external>", line 995, in exec_module
  File "<frozen importlib._bootstrap>", line 488, in _call_with_frames_removed
  File "/opt/airflow/dags/wikipedia_flow.py", line 3, in <module>
    from pipelines import get_wikipedia_page
ModuleNotFoundError: No module named 'pipelines'
[2024-06-16T14:01:00.244+0000] {processor.py:842} WARNING - No viable dags retrieved from /opt/airflow/dags/wikipedia_flow.py
[2024-06-16T14:01:00.365+0000] {processor.py:183} INFO - Processing /opt/airflow/dags/wikipedia_flow.py took 0.242 seconds
[2024-06-16T14:01:30.753+0000] {processor.py:161} INFO - Started process (PID=522) to work on /opt/airflow/dags/wikipedia_flow.py
[2024-06-16T14:01:30.755+0000] {processor.py:830} INFO - Processing file /opt/airflow/dags/wikipedia_flow.py for tasks to queue
[2024-06-16T14:01:30.760+0000] {logging_mixin.py:188} INFO - [2024-06-16T14:01:30.760+0000] {dagbag.py:545} INFO - Filling up the DagBag from /opt/airflow/dags/wikipedia_flow.py
[2024-06-16T14:01:30.794+0000] {logging_mixin.py:188} INFO - [2024-06-16T14:01:30.786+0000] {dagbag.py:355} ERROR - Failed to import: /opt/airflow/dags/wikipedia_flow.py
Traceback (most recent call last):
  File "/home/airflow/.local/lib/python3.12/site-packages/airflow/models/dagbag.py", line 351, in parse
    loader.exec_module(new_module)
  File "<frozen importlib._bootstrap_external>", line 995, in exec_module
  File "<frozen importlib._bootstrap>", line 488, in _call_with_frames_removed
  File "/opt/airflow/dags/wikipedia_flow.py", line 3, in <module>
    from pipelines import get_wikipedia_page
ModuleNotFoundError: No module named 'pipelines'
[2024-06-16T14:01:30.797+0000] {processor.py:842} WARNING - No viable dags retrieved from /opt/airflow/dags/wikipedia_flow.py
[2024-06-16T14:01:30.863+0000] {processor.py:183} INFO - Processing /opt/airflow/dags/wikipedia_flow.py took 0.123 seconds
[2024-06-16T14:02:01.152+0000] {processor.py:161} INFO - Started process (PID=532) to work on /opt/airflow/dags/wikipedia_flow.py
[2024-06-16T14:02:01.155+0000] {processor.py:830} INFO - Processing file /opt/airflow/dags/wikipedia_flow.py for tasks to queue
[2024-06-16T14:02:01.160+0000] {logging_mixin.py:188} INFO - [2024-06-16T14:02:01.159+0000] {dagbag.py:545} INFO - Filling up the DagBag from /opt/airflow/dags/wikipedia_flow.py
[2024-06-16T14:02:01.193+0000] {logging_mixin.py:188} INFO - [2024-06-16T14:02:01.185+0000] {dagbag.py:355} ERROR - Failed to import: /opt/airflow/dags/wikipedia_flow.py
Traceback (most recent call last):
  File "/home/airflow/.local/lib/python3.12/site-packages/airflow/models/dagbag.py", line 351, in parse
    loader.exec_module(new_module)
  File "<frozen importlib._bootstrap_external>", line 995, in exec_module
  File "<frozen importlib._bootstrap>", line 488, in _call_with_frames_removed
  File "/opt/airflow/dags/wikipedia_flow.py", line 3, in <module>
    from pipelines import get_wikipedia_page
ModuleNotFoundError: No module named 'pipelines'
[2024-06-16T14:02:01.197+0000] {processor.py:842} WARNING - No viable dags retrieved from /opt/airflow/dags/wikipedia_flow.py
[2024-06-16T14:02:01.297+0000] {processor.py:183} INFO - Processing /opt/airflow/dags/wikipedia_flow.py took 0.158 seconds
[2024-06-16T14:02:31.534+0000] {processor.py:161} INFO - Started process (PID=543) to work on /opt/airflow/dags/wikipedia_flow.py
[2024-06-16T14:02:31.538+0000] {processor.py:830} INFO - Processing file /opt/airflow/dags/wikipedia_flow.py for tasks to queue
[2024-06-16T14:02:31.541+0000] {logging_mixin.py:188} INFO - [2024-06-16T14:02:31.540+0000] {dagbag.py:545} INFO - Filling up the DagBag from /opt/airflow/dags/wikipedia_flow.py
[2024-06-16T14:02:31.574+0000] {logging_mixin.py:188} INFO - [2024-06-16T14:02:31.567+0000] {dagbag.py:355} ERROR - Failed to import: /opt/airflow/dags/wikipedia_flow.py
Traceback (most recent call last):
  File "/home/airflow/.local/lib/python3.12/site-packages/airflow/models/dagbag.py", line 351, in parse
    loader.exec_module(new_module)
  File "<frozen importlib._bootstrap_external>", line 995, in exec_module
  File "<frozen importlib._bootstrap>", line 488, in _call_with_frames_removed
  File "/opt/airflow/dags/wikipedia_flow.py", line 3, in <module>
    from pipelines import get_wikipedia_page
ModuleNotFoundError: No module named 'pipelines'
[2024-06-16T14:02:31.577+0000] {processor.py:842} WARNING - No viable dags retrieved from /opt/airflow/dags/wikipedia_flow.py
[2024-06-16T14:02:31.636+0000] {processor.py:183} INFO - Processing /opt/airflow/dags/wikipedia_flow.py took 0.120 seconds
[2024-06-16T14:03:02.394+0000] {processor.py:161} INFO - Started process (PID=553) to work on /opt/airflow/dags/wikipedia_flow.py
[2024-06-16T14:03:02.398+0000] {processor.py:830} INFO - Processing file /opt/airflow/dags/wikipedia_flow.py for tasks to queue
[2024-06-16T14:03:02.401+0000] {logging_mixin.py:188} INFO - [2024-06-16T14:03:02.400+0000] {dagbag.py:545} INFO - Filling up the DagBag from /opt/airflow/dags/wikipedia_flow.py
[2024-06-16T14:03:02.436+0000] {logging_mixin.py:188} INFO - [2024-06-16T14:03:02.429+0000] {dagbag.py:355} ERROR - Failed to import: /opt/airflow/dags/wikipedia_flow.py
Traceback (most recent call last):
  File "/home/airflow/.local/lib/python3.12/site-packages/airflow/models/dagbag.py", line 351, in parse
    loader.exec_module(new_module)
  File "<frozen importlib._bootstrap_external>", line 995, in exec_module
  File "<frozen importlib._bootstrap>", line 488, in _call_with_frames_removed
  File "/opt/airflow/dags/wikipedia_flow.py", line 3, in <module>
    from pipelines import get_wikipedia_page
ModuleNotFoundError: No module named 'pipelines'
[2024-06-16T14:03:02.439+0000] {processor.py:842} WARNING - No viable dags retrieved from /opt/airflow/dags/wikipedia_flow.py
[2024-06-16T14:03:02.510+0000] {processor.py:183} INFO - Processing /opt/airflow/dags/wikipedia_flow.py took 0.130 seconds
[2024-06-16T14:03:32.933+0000] {processor.py:161} INFO - Started process (PID=564) to work on /opt/airflow/dags/wikipedia_flow.py
[2024-06-16T14:03:32.935+0000] {processor.py:830} INFO - Processing file /opt/airflow/dags/wikipedia_flow.py for tasks to queue
[2024-06-16T14:03:32.937+0000] {logging_mixin.py:188} INFO - [2024-06-16T14:03:32.936+0000] {dagbag.py:545} INFO - Filling up the DagBag from /opt/airflow/dags/wikipedia_flow.py
[2024-06-16T14:03:32.969+0000] {logging_mixin.py:188} INFO - [2024-06-16T14:03:32.961+0000] {dagbag.py:355} ERROR - Failed to import: /opt/airflow/dags/wikipedia_flow.py
Traceback (most recent call last):
  File "/home/airflow/.local/lib/python3.12/site-packages/airflow/models/dagbag.py", line 351, in parse
    loader.exec_module(new_module)
  File "<frozen importlib._bootstrap_external>", line 995, in exec_module
  File "<frozen importlib._bootstrap>", line 488, in _call_with_frames_removed
  File "/opt/airflow/dags/wikipedia_flow.py", line 3, in <module>
    from pipelines import get_wikipedia_page
ModuleNotFoundError: No module named 'pipelines'
[2024-06-16T14:03:32.972+0000] {processor.py:842} WARNING - No viable dags retrieved from /opt/airflow/dags/wikipedia_flow.py
[2024-06-16T14:03:33.031+0000] {processor.py:183} INFO - Processing /opt/airflow/dags/wikipedia_flow.py took 0.109 seconds
[2024-06-16T14:04:03.584+0000] {processor.py:161} INFO - Started process (PID=575) to work on /opt/airflow/dags/wikipedia_flow.py
[2024-06-16T14:04:03.587+0000] {processor.py:830} INFO - Processing file /opt/airflow/dags/wikipedia_flow.py for tasks to queue
[2024-06-16T14:04:03.594+0000] {logging_mixin.py:188} INFO - [2024-06-16T14:04:03.591+0000] {dagbag.py:545} INFO - Filling up the DagBag from /opt/airflow/dags/wikipedia_flow.py
[2024-06-16T14:04:03.685+0000] {logging_mixin.py:188} INFO - [2024-06-16T14:04:03.670+0000] {dagbag.py:355} ERROR - Failed to import: /opt/airflow/dags/wikipedia_flow.py
Traceback (most recent call last):
  File "/home/airflow/.local/lib/python3.12/site-packages/airflow/models/dagbag.py", line 351, in parse
    loader.exec_module(new_module)
  File "<frozen importlib._bootstrap_external>", line 995, in exec_module
  File "<frozen importlib._bootstrap>", line 488, in _call_with_frames_removed
  File "/opt/airflow/dags/wikipedia_flow.py", line 3, in <module>
    from pipelines import get_wikipedia_page
ModuleNotFoundError: No module named 'pipelines'
[2024-06-16T14:04:03.696+0000] {processor.py:842} WARNING - No viable dags retrieved from /opt/airflow/dags/wikipedia_flow.py
[2024-06-16T14:04:03.895+0000] {processor.py:183} INFO - Processing /opt/airflow/dags/wikipedia_flow.py took 0.381 seconds
[2024-06-16T14:04:34.939+0000] {processor.py:161} INFO - Started process (PID=586) to work on /opt/airflow/dags/wikipedia_flow.py
[2024-06-16T14:04:34.942+0000] {processor.py:830} INFO - Processing file /opt/airflow/dags/wikipedia_flow.py for tasks to queue
[2024-06-16T14:04:34.944+0000] {logging_mixin.py:188} INFO - [2024-06-16T14:04:34.943+0000] {dagbag.py:545} INFO - Filling up the DagBag from /opt/airflow/dags/wikipedia_flow.py
[2024-06-16T14:04:34.983+0000] {logging_mixin.py:188} INFO - [2024-06-16T14:04:34.973+0000] {dagbag.py:355} ERROR - Failed to import: /opt/airflow/dags/wikipedia_flow.py
Traceback (most recent call last):
  File "/home/airflow/.local/lib/python3.12/site-packages/airflow/models/dagbag.py", line 351, in parse
    loader.exec_module(new_module)
  File "<frozen importlib._bootstrap_external>", line 995, in exec_module
  File "<frozen importlib._bootstrap>", line 488, in _call_with_frames_removed
  File "/opt/airflow/dags/wikipedia_flow.py", line 3, in <module>
    from pipelines import get_wikipedia_page
ModuleNotFoundError: No module named 'pipelines'
[2024-06-16T14:04:34.986+0000] {processor.py:842} WARNING - No viable dags retrieved from /opt/airflow/dags/wikipedia_flow.py
[2024-06-16T14:04:35.080+0000] {processor.py:183} INFO - Processing /opt/airflow/dags/wikipedia_flow.py took 0.157 seconds
[2024-06-16T14:05:05.342+0000] {processor.py:161} INFO - Started process (PID=598) to work on /opt/airflow/dags/wikipedia_flow.py
[2024-06-16T14:05:05.343+0000] {processor.py:830} INFO - Processing file /opt/airflow/dags/wikipedia_flow.py for tasks to queue
[2024-06-16T14:05:05.345+0000] {logging_mixin.py:188} INFO - [2024-06-16T14:05:05.345+0000] {dagbag.py:545} INFO - Filling up the DagBag from /opt/airflow/dags/wikipedia_flow.py
[2024-06-16T14:05:05.380+0000] {logging_mixin.py:188} INFO - [2024-06-16T14:05:05.370+0000] {dagbag.py:355} ERROR - Failed to import: /opt/airflow/dags/wikipedia_flow.py
Traceback (most recent call last):
  File "/home/airflow/.local/lib/python3.12/site-packages/airflow/models/dagbag.py", line 351, in parse
    loader.exec_module(new_module)
  File "<frozen importlib._bootstrap_external>", line 995, in exec_module
  File "<frozen importlib._bootstrap>", line 488, in _call_with_frames_removed
  File "/opt/airflow/dags/wikipedia_flow.py", line 3, in <module>
    from pipelines import get_wikipedia_page
ModuleNotFoundError: No module named 'pipelines'
[2024-06-16T14:05:05.383+0000] {processor.py:842} WARNING - No viable dags retrieved from /opt/airflow/dags/wikipedia_flow.py
[2024-06-16T14:05:05.473+0000] {processor.py:183} INFO - Processing /opt/airflow/dags/wikipedia_flow.py took 0.146 seconds
[2024-06-16T14:05:36.355+0000] {processor.py:161} INFO - Started process (PID=609) to work on /opt/airflow/dags/wikipedia_flow.py
[2024-06-16T14:05:36.358+0000] {processor.py:830} INFO - Processing file /opt/airflow/dags/wikipedia_flow.py for tasks to queue
[2024-06-16T14:05:36.361+0000] {logging_mixin.py:188} INFO - [2024-06-16T14:05:36.360+0000] {dagbag.py:545} INFO - Filling up the DagBag from /opt/airflow/dags/wikipedia_flow.py
[2024-06-16T14:05:36.421+0000] {logging_mixin.py:188} INFO - [2024-06-16T14:05:36.412+0000] {dagbag.py:355} ERROR - Failed to import: /opt/airflow/dags/wikipedia_flow.py
Traceback (most recent call last):
  File "/home/airflow/.local/lib/python3.12/site-packages/airflow/models/dagbag.py", line 351, in parse
    loader.exec_module(new_module)
  File "<frozen importlib._bootstrap_external>", line 995, in exec_module
  File "<frozen importlib._bootstrap>", line 488, in _call_with_frames_removed
  File "/opt/airflow/dags/wikipedia_flow.py", line 3, in <module>
    from pipelines import get_wikipedia_page
ModuleNotFoundError: No module named 'pipelines'
[2024-06-16T14:05:36.430+0000] {processor.py:842} WARNING - No viable dags retrieved from /opt/airflow/dags/wikipedia_flow.py
[2024-06-16T14:05:36.639+0000] {processor.py:183} INFO - Processing /opt/airflow/dags/wikipedia_flow.py took 0.338 seconds
[2024-06-16T14:06:07.159+0000] {processor.py:161} INFO - Started process (PID=620) to work on /opt/airflow/dags/wikipedia_flow.py
[2024-06-16T14:06:07.161+0000] {processor.py:830} INFO - Processing file /opt/airflow/dags/wikipedia_flow.py for tasks to queue
[2024-06-16T14:06:07.165+0000] {logging_mixin.py:188} INFO - [2024-06-16T14:06:07.163+0000] {dagbag.py:545} INFO - Filling up the DagBag from /opt/airflow/dags/wikipedia_flow.py
[2024-06-16T14:06:07.283+0000] {logging_mixin.py:188} INFO - [2024-06-16T14:06:07.267+0000] {dagbag.py:355} ERROR - Failed to import: /opt/airflow/dags/wikipedia_flow.py
Traceback (most recent call last):
  File "/home/airflow/.local/lib/python3.12/site-packages/airflow/models/dagbag.py", line 351, in parse
    loader.exec_module(new_module)
  File "<frozen importlib._bootstrap_external>", line 995, in exec_module
  File "<frozen importlib._bootstrap>", line 488, in _call_with_frames_removed
  File "/opt/airflow/dags/wikipedia_flow.py", line 3, in <module>
    from pipelines import get_wikipedia_page
ModuleNotFoundError: No module named 'pipelines'
[2024-06-16T14:06:07.287+0000] {processor.py:842} WARNING - No viable dags retrieved from /opt/airflow/dags/wikipedia_flow.py
[2024-06-16T14:06:07.570+0000] {processor.py:183} INFO - Processing /opt/airflow/dags/wikipedia_flow.py took 0.485 seconds
[2024-06-16T14:06:38.194+0000] {processor.py:161} INFO - Started process (PID=631) to work on /opt/airflow/dags/wikipedia_flow.py
[2024-06-16T14:06:38.196+0000] {processor.py:830} INFO - Processing file /opt/airflow/dags/wikipedia_flow.py for tasks to queue
[2024-06-16T14:06:38.198+0000] {logging_mixin.py:188} INFO - [2024-06-16T14:06:38.197+0000] {dagbag.py:545} INFO - Filling up the DagBag from /opt/airflow/dags/wikipedia_flow.py
[2024-06-16T14:06:38.228+0000] {logging_mixin.py:188} INFO - [2024-06-16T14:06:38.222+0000] {dagbag.py:355} ERROR - Failed to import: /opt/airflow/dags/wikipedia_flow.py
Traceback (most recent call last):
  File "/home/airflow/.local/lib/python3.12/site-packages/airflow/models/dagbag.py", line 351, in parse
    loader.exec_module(new_module)
  File "<frozen importlib._bootstrap_external>", line 995, in exec_module
  File "<frozen importlib._bootstrap>", line 488, in _call_with_frames_removed
  File "/opt/airflow/dags/wikipedia_flow.py", line 3, in <module>
    from pipelines import get_wikipedia_page
ModuleNotFoundError: No module named 'pipelines'
[2024-06-16T14:06:38.230+0000] {processor.py:842} WARNING - No viable dags retrieved from /opt/airflow/dags/wikipedia_flow.py
[2024-06-16T14:06:38.384+0000] {processor.py:183} INFO - Processing /opt/airflow/dags/wikipedia_flow.py took 0.202 seconds
[2024-06-16T14:07:08.532+0000] {processor.py:161} INFO - Started process (PID=642) to work on /opt/airflow/dags/wikipedia_flow.py
[2024-06-16T14:07:08.535+0000] {processor.py:830} INFO - Processing file /opt/airflow/dags/wikipedia_flow.py for tasks to queue
[2024-06-16T14:07:08.537+0000] {logging_mixin.py:188} INFO - [2024-06-16T14:07:08.536+0000] {dagbag.py:545} INFO - Filling up the DagBag from /opt/airflow/dags/wikipedia_flow.py
[2024-06-16T14:07:08.570+0000] {logging_mixin.py:188} INFO - [2024-06-16T14:07:08.563+0000] {dagbag.py:355} ERROR - Failed to import: /opt/airflow/dags/wikipedia_flow.py
Traceback (most recent call last):
  File "/home/airflow/.local/lib/python3.12/site-packages/airflow/models/dagbag.py", line 351, in parse
    loader.exec_module(new_module)
  File "<frozen importlib._bootstrap_external>", line 995, in exec_module
  File "<frozen importlib._bootstrap>", line 488, in _call_with_frames_removed
  File "/opt/airflow/dags/wikipedia_flow.py", line 3, in <module>
    from pipelines import get_wikipedia_page
ModuleNotFoundError: No module named 'pipelines'
[2024-06-16T14:07:08.573+0000] {processor.py:842} WARNING - No viable dags retrieved from /opt/airflow/dags/wikipedia_flow.py
[2024-06-16T14:07:08.636+0000] {processor.py:183} INFO - Processing /opt/airflow/dags/wikipedia_flow.py took 0.120 seconds
[2024-06-16T14:07:38.828+0000] {processor.py:161} INFO - Started process (PID=653) to work on /opt/airflow/dags/wikipedia_flow.py
[2024-06-16T14:07:38.830+0000] {processor.py:830} INFO - Processing file /opt/airflow/dags/wikipedia_flow.py for tasks to queue
[2024-06-16T14:07:38.833+0000] {logging_mixin.py:188} INFO - [2024-06-16T14:07:38.832+0000] {dagbag.py:545} INFO - Filling up the DagBag from /opt/airflow/dags/wikipedia_flow.py
[2024-06-16T14:07:38.864+0000] {logging_mixin.py:188} INFO - [2024-06-16T14:07:38.857+0000] {dagbag.py:355} ERROR - Failed to import: /opt/airflow/dags/wikipedia_flow.py
Traceback (most recent call last):
  File "/home/airflow/.local/lib/python3.12/site-packages/airflow/models/dagbag.py", line 351, in parse
    loader.exec_module(new_module)
  File "<frozen importlib._bootstrap_external>", line 995, in exec_module
  File "<frozen importlib._bootstrap>", line 488, in _call_with_frames_removed
  File "/opt/airflow/dags/wikipedia_flow.py", line 3, in <module>
    from pipelines import get_wikipedia_page
ModuleNotFoundError: No module named 'pipelines'
[2024-06-16T14:07:38.867+0000] {processor.py:842} WARNING - No viable dags retrieved from /opt/airflow/dags/wikipedia_flow.py
[2024-06-16T14:07:38.945+0000] {processor.py:183} INFO - Processing /opt/airflow/dags/wikipedia_flow.py took 0.133 seconds
[2024-06-16T14:18:02.788+0000] {processor.py:161} INFO - Started process (PID=187) to work on /opt/airflow/dags/wikipedia_flow.py
[2024-06-16T14:18:02.792+0000] {processor.py:830} INFO - Processing file /opt/airflow/dags/wikipedia_flow.py for tasks to queue
[2024-06-16T14:18:02.796+0000] {logging_mixin.py:188} INFO - [2024-06-16T14:18:02.795+0000] {dagbag.py:545} INFO - Filling up the DagBag from /opt/airflow/dags/wikipedia_flow.py
[2024-06-16T14:18:02.852+0000] {logging_mixin.py:188} INFO - [2024-06-16T14:18:02.844+0000] {dagbag.py:355} ERROR - Failed to import: /opt/airflow/dags/wikipedia_flow.py
Traceback (most recent call last):
  File "/home/airflow/.local/lib/python3.12/site-packages/airflow/models/dagbag.py", line 351, in parse
    loader.exec_module(new_module)
  File "<frozen importlib._bootstrap_external>", line 995, in exec_module
  File "<frozen importlib._bootstrap>", line 488, in _call_with_frames_removed
  File "/opt/airflow/dags/wikipedia_flow.py", line 3, in <module>
    from pipelines import get_wikipedia_page
ModuleNotFoundError: No module named 'pipelines'
[2024-06-16T14:18:02.867+0000] {processor.py:842} WARNING - No viable dags retrieved from /opt/airflow/dags/wikipedia_flow.py
[2024-06-16T14:18:03.032+0000] {processor.py:183} INFO - Processing /opt/airflow/dags/wikipedia_flow.py took 0.349 seconds
[2024-06-16T14:18:33.262+0000] {processor.py:161} INFO - Started process (PID=197) to work on /opt/airflow/dags/wikipedia_flow.py
[2024-06-16T14:18:33.264+0000] {processor.py:830} INFO - Processing file /opt/airflow/dags/wikipedia_flow.py for tasks to queue
[2024-06-16T14:18:33.268+0000] {logging_mixin.py:188} INFO - [2024-06-16T14:18:33.267+0000] {dagbag.py:545} INFO - Filling up the DagBag from /opt/airflow/dags/wikipedia_flow.py
[2024-06-16T14:18:33.297+0000] {logging_mixin.py:188} INFO - [2024-06-16T14:18:33.290+0000] {dagbag.py:355} ERROR - Failed to import: /opt/airflow/dags/wikipedia_flow.py
Traceback (most recent call last):
  File "/home/airflow/.local/lib/python3.12/site-packages/airflow/models/dagbag.py", line 351, in parse
    loader.exec_module(new_module)
  File "<frozen importlib._bootstrap_external>", line 995, in exec_module
  File "<frozen importlib._bootstrap>", line 488, in _call_with_frames_removed
  File "/opt/airflow/dags/wikipedia_flow.py", line 3, in <module>
    from pipelines import get_wikipedia_page
ModuleNotFoundError: No module named 'pipelines'
[2024-06-16T14:18:33.300+0000] {processor.py:842} WARNING - No viable dags retrieved from /opt/airflow/dags/wikipedia_flow.py
[2024-06-16T14:18:44.038+0000] {processor.py:183} INFO - Processing /opt/airflow/dags/wikipedia_flow.py took 10.787 seconds
[2024-06-16T14:19:14.382+0000] {processor.py:161} INFO - Started process (PID=215) to work on /opt/airflow/dags/wikipedia_flow.py
[2024-06-16T14:19:14.391+0000] {processor.py:830} INFO - Processing file /opt/airflow/dags/wikipedia_flow.py for tasks to queue
[2024-06-16T14:19:14.401+0000] {logging_mixin.py:188} INFO - [2024-06-16T14:19:14.400+0000] {dagbag.py:545} INFO - Filling up the DagBag from /opt/airflow/dags/wikipedia_flow.py
[2024-06-16T14:19:14.522+0000] {logging_mixin.py:188} INFO - [2024-06-16T14:19:14.511+0000] {dagbag.py:355} ERROR - Failed to import: /opt/airflow/dags/wikipedia_flow.py
Traceback (most recent call last):
  File "/home/airflow/.local/lib/python3.12/site-packages/airflow/models/dagbag.py", line 351, in parse
    loader.exec_module(new_module)
  File "<frozen importlib._bootstrap_external>", line 995, in exec_module
  File "<frozen importlib._bootstrap>", line 488, in _call_with_frames_removed
  File "/opt/airflow/dags/wikipedia_flow.py", line 3, in <module>
    from pipelines import get_wikipedia_page
ModuleNotFoundError: No module named 'pipelines'
[2024-06-16T14:19:14.526+0000] {processor.py:842} WARNING - No viable dags retrieved from /opt/airflow/dags/wikipedia_flow.py
[2024-06-16T14:19:14.642+0000] {processor.py:183} INFO - Processing /opt/airflow/dags/wikipedia_flow.py took 0.297 seconds
[2024-06-16T14:19:45.423+0000] {processor.py:161} INFO - Started process (PID=227) to work on /opt/airflow/dags/wikipedia_flow.py
[2024-06-16T14:19:45.425+0000] {processor.py:830} INFO - Processing file /opt/airflow/dags/wikipedia_flow.py for tasks to queue
[2024-06-16T14:19:45.434+0000] {logging_mixin.py:188} INFO - [2024-06-16T14:19:45.432+0000] {dagbag.py:545} INFO - Filling up the DagBag from /opt/airflow/dags/wikipedia_flow.py
[2024-06-16T14:19:45.471+0000] {logging_mixin.py:188} INFO - [2024-06-16T14:19:45.463+0000] {dagbag.py:355} ERROR - Failed to import: /opt/airflow/dags/wikipedia_flow.py
Traceback (most recent call last):
  File "/home/airflow/.local/lib/python3.12/site-packages/airflow/models/dagbag.py", line 351, in parse
    loader.exec_module(new_module)
  File "<frozen importlib._bootstrap_external>", line 995, in exec_module
  File "<frozen importlib._bootstrap>", line 488, in _call_with_frames_removed
  File "/opt/airflow/dags/wikipedia_flow.py", line 3, in <module>
    from pipelines import get_wikipedia_page
ModuleNotFoundError: No module named 'pipelines'
[2024-06-16T14:19:45.474+0000] {processor.py:842} WARNING - No viable dags retrieved from /opt/airflow/dags/wikipedia_flow.py
[2024-06-16T14:19:45.638+0000] {processor.py:183} INFO - Processing /opt/airflow/dags/wikipedia_flow.py took 0.232 seconds
