[2024-06-21T06:49:01.211+0000] {local_task_job_runner.py:120} INFO - ::group::Pre task execution logs
[2024-06-21T06:49:01.278+0000] {taskinstance.py:2076} INFO - Dependencies all met for dep_context=non-requeueable deps ti=<TaskInstance: wikipedia_flow.write_wikipedia_data manual__2024-06-21T06:43:14.712131+00:00 [queued]>
[2024-06-21T06:49:01.300+0000] {taskinstance.py:2076} INFO - Dependencies all met for dep_context=requeueable deps ti=<TaskInstance: wikipedia_flow.write_wikipedia_data manual__2024-06-21T06:43:14.712131+00:00 [queued]>
[2024-06-21T06:49:01.300+0000] {taskinstance.py:2306} INFO - Starting attempt 1 of 1
[2024-06-21T06:49:01.407+0000] {taskinstance.py:2330} INFO - Executing <Task(PythonOperator): write_wikipedia_data> on 2024-06-21 06:43:14.712131+00:00
[2024-06-21T06:49:01.428+0000] {logging_mixin.py:188} WARNING - /home/***/.local/lib/python3.12/site-packages/***/task/task_runner/standard_task_runner.py:61 DeprecationWarning: This process (pid=23580) is multi-threaded, use of fork() may lead to deadlocks in the child.
[2024-06-21T06:49:01.440+0000] {standard_task_runner.py:63} INFO - Started process 23588 to run task
[2024-06-21T06:49:01.429+0000] {standard_task_runner.py:90} INFO - Running: ['***', 'tasks', 'run', 'wikipedia_flow', 'write_wikipedia_data', 'manual__2024-06-21T06:43:14.712131+00:00', '--job-id', '35', '--raw', '--subdir', 'DAGS_FOLDER/wikipedia_flow.py', '--cfg-path', '/tmp/tmpndknj9e8']
[2024-06-21T06:49:01.443+0000] {standard_task_runner.py:91} INFO - Job 35: Subtask write_wikipedia_data
[2024-06-21T06:49:01.707+0000] {task_command.py:426} INFO - Running <TaskInstance: wikipedia_flow.write_wikipedia_data manual__2024-06-21T06:43:14.712131+00:00 [running]> on host dd278de8866b
[2024-06-21T06:49:02.265+0000] {taskinstance.py:2648} INFO - Exporting env vars: AIRFLOW_CTX_DAG_OWNER='Ayush Goswami' AIRFLOW_CTX_DAG_ID='wikipedia_flow' AIRFLOW_CTX_TASK_ID='write_wikipedia_data' AIRFLOW_CTX_EXECUTION_DATE='2024-06-21T06:43:14.712131+00:00' AIRFLOW_CTX_TRY_NUMBER='1' AIRFLOW_CTX_DAG_RUN_ID='manual__2024-06-21T06:43:14.712131+00:00'
[2024-06-21T06:49:02.267+0000] {taskinstance.py:430} INFO - ::endgroup::
[2024-06-21T06:49:03.316+0000] {logging_mixin.py:188} INFO - CUrr File PATH: /opt/***/dags/pipeline/wikipedia_pipeline.py
[2024-06-21T06:49:03.317+0000] {logging_mixin.py:188} INFO - Path TO THE op:  /opt/***/dags
[2024-06-21T06:49:04.082+0000] {_universal.py:514} INFO - Request URL: 'https://fballdeng.blob.core.windows.net/footballdataeng/data/stadium_cleaned_2024-06-21_06_49_03.316173.csv'
Request method: 'DELETE'
Request headers:
    'x-ms-version': 'REDACTED'
    'Accept': 'application/xml'
    'x-ms-date': 'REDACTED'
    'x-ms-client-request-id': '59430422-2f9a-11ef-af1b-0242ac150004'
    'User-Agent': 'azsdk-python-storage-blob/12.19.1 Python/3.12.3 (Linux-5.15.153.1-microsoft-standard-WSL2-x86_64-with-glibc2.36)'
    'Authorization': 'REDACTED'
No body was attached to the request
[2024-06-21T06:49:04.404+0000] {_universal.py:550} INFO - Response status: 404
Response headers:
    'Content-Length': '215'
    'Content-Type': 'application/xml'
    'Server': 'Windows-Azure-Blob/1.0 Microsoft-HTTPAPI/2.0'
    'x-ms-request-id': '54c8e1c0-101e-0004-55a7-c3c3af000000'
    'x-ms-client-request-id': '59430422-2f9a-11ef-af1b-0242ac150004'
    'x-ms-version': 'REDACTED'
    'x-ms-error-code': 'BlobNotFound'
    'Date': 'Fri, 21 Jun 2024 06:49:02 GMT'
[2024-06-21T06:49:04.416+0000] {_universal.py:511} INFO - Request URL: 'https://fballdeng.blob.core.windows.net/footballdataeng/data/stadium_cleaned_2024-06-21_06_49_03.316173.csv?comp=REDACTED&blockid=REDACTED'
Request method: 'PUT'
Request headers:
    'Content-Length': '99626'
    'x-ms-version': 'REDACTED'
    'Content-Type': 'application/octet-stream'
    'Accept': 'application/xml'
    'x-ms-date': 'REDACTED'
    'x-ms-client-request-id': '5975ebda-2f9a-11ef-af1b-0242ac150004'
    'User-Agent': 'azsdk-python-storage-blob/12.19.1 Python/3.12.3 (Linux-5.15.153.1-microsoft-standard-WSL2-x86_64-with-glibc2.36)'
    'Authorization': 'REDACTED'
A body is sent with the request
[2024-06-21T06:49:04.476+0000] {_universal.py:550} INFO - Response status: 201
Response headers:
    'Content-Length': '0'
    'Server': 'Windows-Azure-Blob/1.0 Microsoft-HTTPAPI/2.0'
    'x-ms-request-id': '54c8e1e0-101e-0004-71a7-c3c3af000000'
    'x-ms-client-request-id': '5975ebda-2f9a-11ef-af1b-0242ac150004'
    'x-ms-version': 'REDACTED'
    'x-ms-content-crc64': 'REDACTED'
    'x-ms-request-server-encrypted': 'REDACTED'
    'Date': 'Fri, 21 Jun 2024 06:49:02 GMT'
[2024-06-21T06:49:04.480+0000] {_universal.py:511} INFO - Request URL: 'https://fballdeng.blob.core.windows.net/footballdataeng/data/stadium_cleaned_2024-06-21_06_49_03.316173.csv?comp=REDACTED'
Request method: 'PUT'
Request headers:
    'Content-Length': '91'
    'x-ms-meta-is_directory': 'REDACTED'
    'x-ms-version': 'REDACTED'
    'Content-Type': 'application/xml'
    'Accept': 'application/xml'
    'x-ms-date': 'REDACTED'
    'x-ms-client-request-id': '597ff210-2f9a-11ef-af1b-0242ac150004'
    'User-Agent': 'azsdk-python-storage-blob/12.19.1 Python/3.12.3 (Linux-5.15.153.1-microsoft-standard-WSL2-x86_64-with-glibc2.36)'
    'Authorization': 'REDACTED'
A body is sent with the request
[2024-06-21T06:49:04.518+0000] {_universal.py:550} INFO - Response status: 201
Response headers:
    'Content-Length': '0'
    'Last-Modified': 'Fri, 21 Jun 2024 06:49:02 GMT'
    'Etag': '"0x8DC91BE3CA8AC62"'
    'Server': 'Windows-Azure-Blob/1.0 Microsoft-HTTPAPI/2.0'
    'x-ms-request-id': '54c8e209-101e-0004-15a7-c3c3af000000'
    'x-ms-client-request-id': '597ff210-2f9a-11ef-af1b-0242ac150004'
    'x-ms-version': 'REDACTED'
    'x-ms-content-crc64': 'REDACTED'
    'x-ms-request-server-encrypted': 'REDACTED'
    'Date': 'Fri, 21 Jun 2024 06:49:02 GMT'
[2024-06-21T06:49:04.520+0000] {python.py:237} INFO - Done. Returned value was: None
[2024-06-21T06:49:04.521+0000] {taskinstance.py:441} INFO - ::group::Post task execution logs
[2024-06-21T06:49:04.543+0000] {taskinstance.py:1206} INFO - Marking task as SUCCESS. dag_id=wikipedia_flow, task_id=write_wikipedia_data, run_id=manual__2024-06-21T06:43:14.712131+00:00, execution_date=20240621T064314, start_date=20240621T064901, end_date=20240621T064904
[2024-06-21T06:49:04.668+0000] {local_task_job_runner.py:240} INFO - Task exited with return code 0
[2024-06-21T06:49:04.711+0000] {taskinstance.py:3498} INFO - 0 downstream tasks scheduled from follow-on schedule check
[2024-06-21T06:49:04.767+0000] {local_task_job_runner.py:222} INFO - ::endgroup::
