[2024-07-14T08:33:48.794+0000] {local_task_job_runner.py:120} INFO - ::group::Pre task execution logs
[2024-07-14T08:33:49.103+0000] {taskinstance.py:2076} INFO - Dependencies all met for dep_context=non-requeueable deps ti=<TaskInstance: wikipedia_flow.write_wikipedia_data manual__2024-07-14T08:27:37.603897+00:00 [queued]>
[2024-07-14T08:33:49.166+0000] {taskinstance.py:2076} INFO - Dependencies all met for dep_context=requeueable deps ti=<TaskInstance: wikipedia_flow.write_wikipedia_data manual__2024-07-14T08:27:37.603897+00:00 [queued]>
[2024-07-14T08:33:49.168+0000] {taskinstance.py:2306} INFO - Starting attempt 1 of 1
[2024-07-14T08:33:49.284+0000] {taskinstance.py:2330} INFO - Executing <Task(PythonOperator): write_wikipedia_data> on 2024-07-14 08:27:37.603897+00:00
[2024-07-14T08:33:49.349+0000] {standard_task_runner.py:90} INFO - Running: ['***', 'tasks', 'run', 'wikipedia_flow', 'write_wikipedia_data', 'manual__2024-07-14T08:27:37.603897+00:00', '--job-id', '22', '--raw', '--subdir', 'DAGS_FOLDER/wikipedia_flow.py', '--cfg-path', '/tmp/tmpm6450nx0']
[2024-07-14T08:33:49.376+0000] {standard_task_runner.py:91} INFO - Job 22: Subtask write_wikipedia_data
[2024-07-14T08:33:49.425+0000] {logging_mixin.py:188} WARNING - /home/***/.local/lib/python3.12/site-packages/***/task/task_runner/standard_task_runner.py:61 DeprecationWarning: This process (pid=993) is multi-threaded, use of fork() may lead to deadlocks in the child.
[2024-07-14T08:33:49.427+0000] {standard_task_runner.py:63} INFO - Started process 999 to run task
[2024-07-14T08:33:49.637+0000] {task_command.py:426} INFO - Running <TaskInstance: wikipedia_flow.write_wikipedia_data manual__2024-07-14T08:27:37.603897+00:00 [running]> on host f3d678a6ff94
[2024-07-14T08:33:50.224+0000] {taskinstance.py:2648} INFO - Exporting env vars: AIRFLOW_CTX_DAG_OWNER='Ayush Goswami' AIRFLOW_CTX_DAG_ID='wikipedia_flow' AIRFLOW_CTX_TASK_ID='write_wikipedia_data' AIRFLOW_CTX_EXECUTION_DATE='2024-07-14T08:27:37.603897+00:00' AIRFLOW_CTX_TRY_NUMBER='1' AIRFLOW_CTX_DAG_RUN_ID='manual__2024-07-14T08:27:37.603897+00:00'
[2024-07-14T08:33:50.227+0000] {taskinstance.py:430} INFO - ::endgroup::
[2024-07-14T08:33:50.918+0000] {logging_mixin.py:188} INFO - CUrr File PATH: /opt/***/dags/pipeline/wikipedia_pipeline.py
[2024-07-14T08:33:50.919+0000] {logging_mixin.py:188} INFO - Path TO THE op:  /opt/***/dags
[2024-07-14T08:33:50.944+0000] {python.py:237} INFO - Done. Returned value was: None
[2024-07-14T08:33:50.944+0000] {taskinstance.py:441} INFO - ::group::Post task execution logs
[2024-07-14T08:33:50.988+0000] {taskinstance.py:1206} INFO - Marking task as SUCCESS. dag_id=wikipedia_flow, task_id=write_wikipedia_data, run_id=manual__2024-07-14T08:27:37.603897+00:00, execution_date=20240714T082737, start_date=20240714T083349, end_date=20240714T083350
[2024-07-14T08:33:51.096+0000] {local_task_job_runner.py:240} INFO - Task exited with return code 0
[2024-07-14T08:33:51.152+0000] {taskinstance.py:3498} INFO - 0 downstream tasks scheduled from follow-on schedule check
[2024-07-14T08:33:51.192+0000] {local_task_job_runner.py:222} INFO - ::endgroup::
