[2024-06-18T10:29:04.300+0000] {local_task_job_runner.py:120} INFO - ::group::Pre task execution logs
[2024-06-18T10:29:04.390+0000] {taskinstance.py:2076} INFO - Dependencies all met for dep_context=non-requeueable deps ti=<TaskInstance: orefirst_dag.first_task manual__2024-06-18T10:29:02.563251+00:00 [queued]>
[2024-06-18T10:29:04.416+0000] {taskinstance.py:2076} INFO - Dependencies all met for dep_context=requeueable deps ti=<TaskInstance: orefirst_dag.first_task manual__2024-06-18T10:29:02.563251+00:00 [queued]>
[2024-06-18T10:29:04.417+0000] {taskinstance.py:2306} INFO - Starting attempt 1 of 6
[2024-06-18T10:29:04.488+0000] {taskinstance.py:2330} INFO - Executing <Task(BashOperator): first_task> on 2024-06-18 10:29:02.563251+00:00
[2024-06-18T10:29:04.524+0000] {standard_task_runner.py:90} INFO - Running: ['***', 'tasks', 'run', 'orefirst_dag', 'first_task', 'manual__2024-06-18T10:29:02.563251+00:00', '--job-id', '4', '--raw', '--subdir', 'DAGS_FOLDER/ourfirst_dag.py', '--cfg-path', '/tmp/tmpisa6ynns']
[2024-06-18T10:29:04.538+0000] {standard_task_runner.py:91} INFO - Job 4: Subtask first_task
[2024-06-18T10:29:04.558+0000] {logging_mixin.py:188} WARNING - /home/***/.local/lib/python3.12/site-packages/***/task/task_runner/standard_task_runner.py:61 DeprecationWarning: This process (pid=812) is multi-threaded, use of fork() may lead to deadlocks in the child.
[2024-06-18T10:29:04.560+0000] {standard_task_runner.py:63} INFO - Started process 813 to run task
[2024-06-18T10:29:04.687+0000] {task_command.py:426} INFO - Running <TaskInstance: orefirst_dag.first_task manual__2024-06-18T10:29:02.563251+00:00 [running]> on host 94e1e91ab96d
[2024-06-18T10:29:04.983+0000] {taskinstance.py:2648} INFO - Exporting env vars: AIRFLOW_CTX_DAG_OWNER='ayush' AIRFLOW_CTX_DAG_ID='orefirst_dag' AIRFLOW_CTX_TASK_ID='first_task' AIRFLOW_CTX_EXECUTION_DATE='2024-06-18T10:29:02.563251+00:00' AIRFLOW_CTX_TRY_NUMBER='1' AIRFLOW_CTX_DAG_RUN_ID='manual__2024-06-18T10:29:02.563251+00:00'
[2024-06-18T10:29:04.984+0000] {taskinstance.py:430} INFO - ::endgroup::
[2024-06-18T10:29:05.063+0000] {subprocess.py:63} INFO - Tmp dir root location: /tmp
[2024-06-18T10:29:05.071+0000] {subprocess.py:75} INFO - Running command: ['/usr/bin/bash', '-c', "echo 'hello world, this is the first task!'"]
[2024-06-18T10:29:05.135+0000] {subprocess.py:86} INFO - Output:
[2024-06-18T10:29:05.138+0000] {subprocess.py:93} INFO - hello world, this is the first task!
[2024-06-18T10:29:05.139+0000] {subprocess.py:97} INFO - Command exited with return code 0
[2024-06-18T10:29:05.141+0000] {taskinstance.py:441} INFO - ::group::Post task execution logs
[2024-06-18T10:29:05.315+0000] {taskinstance.py:1206} INFO - Marking task as SUCCESS. dag_id=orefirst_dag, task_id=first_task, run_id=manual__2024-06-18T10:29:02.563251+00:00, execution_date=20240618T102902, start_date=20240618T102904, end_date=20240618T102905
[2024-06-18T10:29:05.523+0000] {local_task_job_runner.py:240} INFO - Task exited with return code 0
[2024-06-18T10:29:05.625+0000] {taskinstance.py:3498} INFO - 0 downstream tasks scheduled from follow-on schedule check
[2024-06-18T10:29:05.666+0000] {local_task_job_runner.py:222} INFO - ::endgroup::
