[2024-06-21T06:43:22.714+0000] {local_task_job_runner.py:120} INFO - ::group::Pre task execution logs
[2024-06-21T06:43:22.951+0000] {taskinstance.py:2076} INFO - Dependencies all met for dep_context=non-requeueable deps ti=<TaskInstance: wikipedia_flow.extract_data_from_wikipedia manual__2024-06-21T06:43:14.712131+00:00 [queued]>
[2024-06-21T06:43:23.007+0000] {taskinstance.py:2076} INFO - Dependencies all met for dep_context=requeueable deps ti=<TaskInstance: wikipedia_flow.extract_data_from_wikipedia manual__2024-06-21T06:43:14.712131+00:00 [queued]>
[2024-06-21T06:43:23.008+0000] {taskinstance.py:2306} INFO - Starting attempt 1 of 1
[2024-06-21T06:43:23.241+0000] {taskinstance.py:2330} INFO - Executing <Task(PythonOperator): extract_data_from_wikipedia> on 2024-06-21 06:43:14.712131+00:00
[2024-06-21T06:43:23.341+0000] {standard_task_runner.py:90} INFO - Running: ['***', 'tasks', 'run', 'wikipedia_flow', 'extract_data_from_wikipedia', 'manual__2024-06-21T06:43:14.712131+00:00', '--job-id', '33', '--raw', '--subdir', 'DAGS_FOLDER/wikipedia_flow.py', '--cfg-path', '/tmp/tmpk4n2jkoz']
[2024-06-21T06:43:23.361+0000] {standard_task_runner.py:91} INFO - Job 33: Subtask extract_data_from_wikipedia
[2024-06-21T06:43:23.405+0000] {logging_mixin.py:188} WARNING - /home/***/.local/lib/python3.12/site-packages/***/task/task_runner/standard_task_runner.py:61 DeprecationWarning: This process (pid=23392) is multi-threaded, use of fork() may lead to deadlocks in the child.
[2024-06-21T06:43:23.438+0000] {standard_task_runner.py:63} INFO - Started process 23394 to run task
[2024-06-21T06:43:23.868+0000] {task_command.py:426} INFO - Running <TaskInstance: wikipedia_flow.extract_data_from_wikipedia manual__2024-06-21T06:43:14.712131+00:00 [running]> on host dd278de8866b
[2024-06-21T06:43:24.657+0000] {taskinstance.py:2648} INFO - Exporting env vars: AIRFLOW_CTX_DAG_OWNER='Ayush Goswami' AIRFLOW_CTX_DAG_ID='wikipedia_flow' AIRFLOW_CTX_TASK_ID='extract_data_from_wikipedia' AIRFLOW_CTX_EXECUTION_DATE='2024-06-21T06:43:14.712131+00:00' AIRFLOW_CTX_TRY_NUMBER='1' AIRFLOW_CTX_DAG_RUN_ID='manual__2024-06-21T06:43:14.712131+00:00'
[2024-06-21T06:43:24.659+0000] {taskinstance.py:430} INFO - ::endgroup::
[2024-06-21T06:43:25.426+0000] {logging_mixin.py:188} INFO - Getting wiki page https://en.wikipedia.org/wiki/List_of_association_football_stadiums_by_capacity
[2024-06-21T06:43:29.814+0000] {logging_mixin.py:188} INFO - CUrr File PATH: /opt/***/dags/pipeline/wikipedia_pipeline.py
[2024-06-21T06:43:29.815+0000] {logging_mixin.py:188} INFO - Path TO THE op:  /opt/***/dags
[2024-06-21T06:43:30.029+0000] {python.py:237} INFO - Done. Returned value was: ok
[2024-06-21T06:43:30.030+0000] {taskinstance.py:441} INFO - ::group::Post task execution logs
[2024-06-21T06:43:30.252+0000] {taskinstance.py:1206} INFO - Marking task as SUCCESS. dag_id=wikipedia_flow, task_id=extract_data_from_wikipedia, run_id=manual__2024-06-21T06:43:14.712131+00:00, execution_date=20240621T064314, start_date=20240621T064322, end_date=20240621T064330
[2024-06-21T06:43:30.517+0000] {local_task_job_runner.py:240} INFO - Task exited with return code 0
[2024-06-21T06:43:30.564+0000] {local_task_job_runner.py:222} INFO - ::endgroup::
