[2024-07-14T08:19:12.520+0000] {local_task_job_runner.py:120} INFO - ::group::Pre task execution logs
[2024-07-14T08:19:12.645+0000] {taskinstance.py:2076} INFO - Dependencies all met for dep_context=non-requeueable deps ti=<TaskInstance: wikipedia_flow.extract_data_from_wikipedia manual__2024-07-14T08:19:06.327593+00:00 [queued]>
[2024-07-14T08:19:12.675+0000] {taskinstance.py:2076} INFO - Dependencies all met for dep_context=requeueable deps ti=<TaskInstance: wikipedia_flow.extract_data_from_wikipedia manual__2024-07-14T08:19:06.327593+00:00 [queued]>
[2024-07-14T08:19:12.675+0000] {taskinstance.py:2306} INFO - Starting attempt 1 of 1
[2024-07-14T08:19:12.820+0000] {taskinstance.py:2330} INFO - Executing <Task(PythonOperator): extract_data_from_wikipedia> on 2024-07-14 08:19:06.327593+00:00
[2024-07-14T08:19:12.845+0000] {standard_task_runner.py:90} INFO - Running: ['***', 'tasks', 'run', 'wikipedia_flow', 'extract_data_from_wikipedia', 'manual__2024-07-14T08:19:06.327593+00:00', '--job-id', '18', '--raw', '--subdir', 'DAGS_FOLDER/wikipedia_flow.py', '--cfg-path', '/tmp/tmpmmshvtik']
[2024-07-14T08:19:12.853+0000] {standard_task_runner.py:91} INFO - Job 18: Subtask extract_data_from_wikipedia
[2024-07-14T08:19:12.883+0000] {logging_mixin.py:188} WARNING - /home/***/.local/lib/python3.12/site-packages/***/task/task_runner/standard_task_runner.py:61 DeprecationWarning: This process (pid=466) is multi-threaded, use of fork() may lead to deadlocks in the child.
[2024-07-14T08:19:12.885+0000] {standard_task_runner.py:63} INFO - Started process 468 to run task
[2024-07-14T08:19:13.129+0000] {task_command.py:426} INFO - Running <TaskInstance: wikipedia_flow.extract_data_from_wikipedia manual__2024-07-14T08:19:06.327593+00:00 [running]> on host f3d678a6ff94
[2024-07-14T08:19:13.604+0000] {taskinstance.py:2648} INFO - Exporting env vars: AIRFLOW_CTX_DAG_OWNER='Ayush Goswami' AIRFLOW_CTX_DAG_ID='wikipedia_flow' AIRFLOW_CTX_TASK_ID='extract_data_from_wikipedia' AIRFLOW_CTX_EXECUTION_DATE='2024-07-14T08:19:06.327593+00:00' AIRFLOW_CTX_TRY_NUMBER='1' AIRFLOW_CTX_DAG_RUN_ID='manual__2024-07-14T08:19:06.327593+00:00'
[2024-07-14T08:19:13.607+0000] {taskinstance.py:430} INFO - ::endgroup::
[2024-07-14T08:19:13.818+0000] {logging_mixin.py:188} INFO - Getting wiki page https://en.wikipedia.org/wiki/List_of_association_football_stadiums_by_capacity
[2024-07-14T08:19:20.133+0000] {logging_mixin.py:188} INFO - CUrr File PATH: /opt/***/dags/pipeline/wikipedia_pipeline.py
[2024-07-14T08:19:20.134+0000] {logging_mixin.py:188} INFO - Path TO THE op:  /opt/***/dags
[2024-07-14T08:19:20.513+0000] {python.py:237} INFO - Done. Returned value was: ok
[2024-07-14T08:19:20.514+0000] {taskinstance.py:441} INFO - ::group::Post task execution logs
[2024-07-14T08:19:20.691+0000] {taskinstance.py:1206} INFO - Marking task as SUCCESS. dag_id=wikipedia_flow, task_id=extract_data_from_wikipedia, run_id=manual__2024-07-14T08:19:06.327593+00:00, execution_date=20240714T081906, start_date=20240714T081912, end_date=20240714T081920
[2024-07-14T08:19:20.979+0000] {local_task_job_runner.py:240} INFO - Task exited with return code 0
[2024-07-14T08:19:21.204+0000] {taskinstance.py:3498} INFO - 1 downstream tasks scheduled from follow-on schedule check
[2024-07-14T08:19:21.277+0000] {local_task_job_runner.py:222} INFO - ::endgroup::
