[2024-06-20T05:57:45.389+0000] {local_task_job_runner.py:120} INFO - ::group::Pre task execution logs
[2024-06-20T05:57:45.539+0000] {taskinstance.py:2076} INFO - Dependencies all met for dep_context=non-requeueable deps ti=<TaskInstance: wikipedia_flow.write_wikipedia_data manual__2024-06-20T05:52:21.662066+00:00 [queued]>
[2024-06-20T05:57:45.607+0000] {taskinstance.py:2076} INFO - Dependencies all met for dep_context=requeueable deps ti=<TaskInstance: wikipedia_flow.write_wikipedia_data manual__2024-06-20T05:52:21.662066+00:00 [queued]>
[2024-06-20T05:57:45.608+0000] {taskinstance.py:2306} INFO - Starting attempt 1 of 1
[2024-06-20T05:57:45.777+0000] {taskinstance.py:2330} INFO - Executing <Task(PythonOperator): write_wikipedia_data> on 2024-06-20 05:52:21.662066+00:00
[2024-06-20T05:57:45.805+0000] {standard_task_runner.py:90} INFO - Running: ['***', 'tasks', 'run', 'wikipedia_flow', 'write_wikipedia_data', 'manual__2024-06-20T05:52:21.662066+00:00', '--job-id', '32', '--raw', '--subdir', 'DAGS_FOLDER/wikipedia_flow.py', '--cfg-path', '/tmp/tmpaxzk0bu3']
[2024-06-20T05:57:45.823+0000] {standard_task_runner.py:91} INFO - Job 32: Subtask write_wikipedia_data
[2024-06-20T05:57:45.837+0000] {logging_mixin.py:188} WARNING - /home/***/.local/lib/python3.12/site-packages/***/task/task_runner/standard_task_runner.py:61 DeprecationWarning: This process (pid=11183) is multi-threaded, use of fork() may lead to deadlocks in the child.
[2024-06-20T05:57:45.850+0000] {standard_task_runner.py:63} INFO - Started process 11185 to run task
[2024-06-20T05:57:46.150+0000] {task_command.py:426} INFO - Running <TaskInstance: wikipedia_flow.write_wikipedia_data manual__2024-06-20T05:52:21.662066+00:00 [running]> on host dd278de8866b
[2024-06-20T05:57:46.733+0000] {taskinstance.py:2648} INFO - Exporting env vars: AIRFLOW_CTX_DAG_OWNER='Ayush Goswami' AIRFLOW_CTX_DAG_ID='wikipedia_flow' AIRFLOW_CTX_TASK_ID='write_wikipedia_data' AIRFLOW_CTX_EXECUTION_DATE='2024-06-20T05:52:21.662066+00:00' AIRFLOW_CTX_TRY_NUMBER='1' AIRFLOW_CTX_DAG_RUN_ID='manual__2024-06-20T05:52:21.662066+00:00'
[2024-06-20T05:57:46.735+0000] {taskinstance.py:430} INFO - ::endgroup::
[2024-06-20T05:57:47.203+0000] {logging_mixin.py:188} INFO - CUrr File PATH: /opt/***/dags/pipeline/wikipedia_pipeline.py
[2024-06-20T05:57:47.203+0000] {logging_mixin.py:188} INFO - Path TO THE op:  /opt/***/dags
[2024-06-20T05:57:53.167+0000] {_universal.py:514} INFO - Request URL: 'https://fballdeng.blob.core.windows.net/footballdataeng/data/stadium_cleaned_2024-06-20_05_57_47.202790.csv'
Request method: 'DELETE'
Request headers:
    'x-ms-version': 'REDACTED'
    'Accept': 'application/xml'
    'x-ms-date': 'REDACTED'
    'x-ms-client-request-id': '086f0616-2eca-11ef-ac53-0242ac150004'
    'User-Agent': 'azsdk-python-storage-blob/12.19.1 Python/3.12.3 (Linux-5.15.153.1-microsoft-standard-WSL2-x86_64-with-glibc2.36)'
    'Authorization': 'REDACTED'
No body was attached to the request
[2024-06-20T05:57:53.906+0000] {_universal.py:550} INFO - Response status: 404
Response headers:
    'Content-Length': '215'
    'Content-Type': 'application/xml'
    'Server': 'Windows-Azure-Blob/1.0 Microsoft-HTTPAPI/2.0'
    'x-ms-request-id': '7658a153-501e-003a-7ed6-c254d0000000'
    'x-ms-client-request-id': '086f0616-2eca-11ef-ac53-0242ac150004'
    'x-ms-version': 'REDACTED'
    'x-ms-error-code': 'BlobNotFound'
    'Date': 'Thu, 20 Jun 2024 05:57:46 GMT'
[2024-06-20T05:57:54.369+0000] {_universal.py:511} INFO - Request URL: 'https://fballdeng.blob.core.windows.net/footballdataeng/data/stadium_cleaned_2024-06-20_05_57_47.202790.csv?comp=REDACTED&blockid=REDACTED'
Request method: 'PUT'
Request headers:
    'Content-Length': '99626'
    'x-ms-version': 'REDACTED'
    'Content-Type': 'application/octet-stream'
    'Accept': 'application/xml'
    'x-ms-date': 'REDACTED'
    'x-ms-client-request-id': '091139c2-2eca-11ef-ac53-0242ac150004'
    'User-Agent': 'azsdk-python-storage-blob/12.19.1 Python/3.12.3 (Linux-5.15.153.1-microsoft-standard-WSL2-x86_64-with-glibc2.36)'
    'Authorization': 'REDACTED'
A body is sent with the request
[2024-06-20T05:57:54.452+0000] {_universal.py:550} INFO - Response status: 201
Response headers:
    'Content-Length': '0'
    'Server': 'Windows-Azure-Blob/1.0 Microsoft-HTTPAPI/2.0'
    'x-ms-request-id': '7658a245-501e-003a-51d6-c254d0000000'
    'x-ms-client-request-id': '091139c2-2eca-11ef-ac53-0242ac150004'
    'x-ms-version': 'REDACTED'
    'x-ms-content-crc64': 'REDACTED'
    'x-ms-request-server-encrypted': 'REDACTED'
    'Date': 'Thu, 20 Jun 2024 05:57:47 GMT'
[2024-06-20T05:57:54.457+0000] {_universal.py:511} INFO - Request URL: 'https://fballdeng.blob.core.windows.net/footballdataeng/data/stadium_cleaned_2024-06-20_05_57_47.202790.csv?comp=REDACTED'
Request method: 'PUT'
Request headers:
    'Content-Length': '91'
    'x-ms-meta-is_directory': 'REDACTED'
    'x-ms-version': 'REDACTED'
    'Content-Type': 'application/xml'
    'Accept': 'application/xml'
    'x-ms-date': 'REDACTED'
    'x-ms-client-request-id': '0935d61a-2eca-11ef-ac53-0242ac150004'
    'User-Agent': 'azsdk-python-storage-blob/12.19.1 Python/3.12.3 (Linux-5.15.153.1-microsoft-standard-WSL2-x86_64-with-glibc2.36)'
    'Authorization': 'REDACTED'
A body is sent with the request
[2024-06-20T05:57:54.499+0000] {_universal.py:550} INFO - Response status: 201
Response headers:
    'Content-Length': '0'
    'Last-Modified': 'Thu, 20 Jun 2024 05:57:47 GMT'
    'Etag': '"0x8DC90EDE95D811E"'
    'Server': 'Windows-Azure-Blob/1.0 Microsoft-HTTPAPI/2.0'
    'x-ms-request-id': '7658a273-501e-003a-78d6-c254d0000000'
    'x-ms-client-request-id': '0935d61a-2eca-11ef-ac53-0242ac150004'
    'x-ms-version': 'REDACTED'
    'x-ms-content-crc64': 'REDACTED'
    'x-ms-request-server-encrypted': 'REDACTED'
    'Date': 'Thu, 20 Jun 2024 05:57:47 GMT'
[2024-06-20T05:57:54.501+0000] {python.py:237} INFO - Done. Returned value was: None
[2024-06-20T05:57:54.502+0000] {taskinstance.py:441} INFO - ::group::Post task execution logs
[2024-06-20T05:57:54.522+0000] {taskinstance.py:1206} INFO - Marking task as SUCCESS. dag_id=wikipedia_flow, task_id=write_wikipedia_data, run_id=manual__2024-06-20T05:52:21.662066+00:00, execution_date=20240620T055221, start_date=20240620T055745, end_date=20240620T055754
[2024-06-20T05:57:55.315+0000] {local_task_job_runner.py:240} INFO - Task exited with return code 0
[2024-06-20T05:57:55.385+0000] {taskinstance.py:3498} INFO - 0 downstream tasks scheduled from follow-on schedule check
[2024-06-20T05:57:55.519+0000] {local_task_job_runner.py:222} INFO - ::endgroup::
